sims_1712873849_L1.rds 
        R/alignCorpus.R R/asSTMCorpus.R R/checkBeta.R R/cloud.R
value   ?               ?               ?             ?        
visible FALSE           FALSE           FALSE         FALSE    
        R/convertCorpus.R R/estimateEffect.R R/estimateMixedEffect.R
value   ?                 ?                  ?                      
visible FALSE             FALSE              FALSE                  
        R/exclusivity.R R/findThoughts.R R/findTopic.R R/fitNewDocuments.R
value   ?               ?                ?             ?                  
visible FALSE           FALSE            FALSE         FALSE              
        R/heldout.R R/jeffreyskappa.R R/labelTopics.R R/makeDesignMatrix.R
value   ?           ?                 ?               ?                   
visible FALSE       FALSE             FALSE           FALSE               
        R/manyTopics.R R/multiSTM.R R/permute.R R/plot.estimateEffect.R
value   ?              ?            ?           ?                      
visible FALSE          FALSE        FALSE       FALSE                  
        R/plot.fixedEffect.R R/plot.searchK.R R/plot.STM.R R/plotModels.R
value   ?                    ?                ?            ?             
visible FALSE                FALSE            FALSE        FALSE         
        R/plotQuote.R R/plotRemoved.R R/plottingutilfns.R R/plotTopicLoess.R
value   ?             ?               ?                   ?                 
visible FALSE         FALSE           FALSE               FALSE             
        R/prepDocuments.R R/prepsce.R R/produce_cmatrix.R R/RcppExports.R
value   ?                 ?           ?                   ?              
visible FALSE             FALSE       FALSE               FALSE          
        R/readCorpus.R R/residuals.R R/s.R R/sageLabels.R R/scSTM.R R/searchK.R
value   ?              ?             ?     ?              ?         ?          
visible FALSE          FALSE         FALSE FALSE          FALSE     FALSE      
        R/selectModel.R R/semanticCoherence.R R/simBetas.R R/spectral.R
value   ?               ?                     ?            ?           
visible FALSE           FALSE                 FALSE        FALSE       
        R/stm-package.R R/stm.control.R R/STMbound.R R/STMconvergence.R
value   NULL            ?               ?            ?                 
visible TRUE            FALSE           FALSE        FALSE             
        R/STMestep.R R/STMfunctions.R R/STMinit.R R/STMinitLikelihood.R
value   ?            ?                ?           ?                    
visible FALSE        FALSE            FALSE       FALSE                
        R/STMlncpp.R R/STMmnreg.R R/STMmu.R R/STMoptbeta.R R/STMreport.R
value   ?            ?            ?         ?              ?            
visible FALSE        FALSE        FALSE     FALSE          FALSE        
        R/STMsigma.R R/STMsigs.R R/STMsubset.R R/summary.STM.R R/tau.R
value   ?            ?           ?             ?               ?      
visible FALSE        FALSE       FALSE         FALSE           FALSE  
        R/textProcessor.R R/thetaPosterior.R R/toLDAvis.R R/topicCorr.R
value   ?                 ?                  ?            ?            
visible FALSE             FALSE              FALSE        FALSE        
        R/topicLasso.R R/topicQuality.R R/writeLdac.R R/zzz.R
value   ?              ?                ?             ?      
visible FALSE          FALSE            FALSE         FALSE  
Casting net 
1 models in net 
Initialization with topicScore. 
Initializing factors using Topic SCORE algorithm.
Initializing loadings by running 10 SCD updates.
convergence.check is 4.27471e-05 
2 models in net 
Initialization with topicScore. 
Initializing factors using Topic SCORE algorithm.
Initializing loadings by running 10 SCD updates.
convergence.check is 3.598616e-05 
3 models in net 
Initialization with topicScore. 
Initializing factors using Topic SCORE algorithm.
Initializing loadings by running 10 SCD updates.
convergence.check is 3.409097e-05 
4 models in net 
Initialization with topicScore. 
Initializing factors using Topic SCORE algorithm.
Initializing loadings by running 10 SCD updates.
convergence.check is 4.190442e-05 
5 models in net 
Initialization with topicScore. 
Initializing factors using Topic SCORE algorithm.
Initializing loadings by running 10 SCD updates.
convergence.check is 4.172926e-05 
6 models in net 
Initialization with topicScore. 
Initializing factors using Topic SCORE algorithm.
Initializing loadings by running 10 SCD updates.
convergence.check is 4.413261e-05 
7 models in net 
Initialization with topicScore. 
Initializing factors using Topic SCORE algorithm.
Initializing loadings by running 10 SCD updates.
convergence.check is 4.172926e-05 
8 models in net 
Initialization with topicScore. 
Initializing factors using Topic SCORE algorithm.
Initializing loadings by running 10 SCD updates.
convergence.check is 3.562719e-05 
9 models in net 
Initialization with topicScore. 
Initializing factors using Topic SCORE algorithm.
Initializing loadings by running 10 SCD updates.
convergence.check is 4.272013e-05 
10 models in net 
Initialization with topicScore. 
Initializing factors using Topic SCORE algorithm.
Initializing loadings by running 10 SCD updates.
convergence.check is 4.215633e-05 
11 models in net 
Initialization with topicScore. 
Initializing factors using Topic SCORE algorithm.
Initializing loadings by running 10 SCD updates.
convergence.check is 4.190099e-05 
12 models in net 
Initialization with topicScore. 
Initializing factors using Topic SCORE algorithm.
Initializing loadings by running 10 SCD updates.
convergence.check is 3.598616e-05 
13 models in net 
Initialization with topicScore. 
Initializing factors using Topic SCORE algorithm.
Initializing loadings by running 10 SCD updates.
convergence.check is 4.190099e-05 
14 models in net 
Initialization with topicScore. 
Initializing factors using Topic SCORE algorithm.
Initializing loadings by running 10 SCD updates.
convergence.check is 4.498359e-05 
15 models in net 
Initialization with topicScore. 
Initializing factors using Topic SCORE algorithm.
Initializing loadings by running 10 SCD updates.
convergence.check is 4.079562e-05 
16 models in net 
Initialization with topicScore. 
Initializing factors using Topic SCORE algorithm.
Initializing loadings by running 10 SCD updates.
convergence.check is 4.272013e-05 
17 models in net 
Initialization with topicScore. 
Initializing factors using Topic SCORE algorithm.
Initializing loadings by running 10 SCD updates.
convergence.check is 4.172926e-05 
18 models in net 
Initialization with topicScore. 
Initializing factors using Topic SCORE algorithm.
Initializing loadings by running 10 SCD updates.
convergence.check is 4.27563e-05 
19 models in net 
Initialization with topicScore. 
Initializing factors using Topic SCORE algorithm.
Initializing loadings by running 10 SCD updates.
convergence.check is 4.172926e-05 
20 models in net 
Initialization with topicScore. 
Initializing factors using Topic SCORE algorithm.
Initializing loadings by running 10 SCD updates.
convergence.check is 4.172926e-05 
21 models in net 
convergence.check is 7.161674e-05 
22 models in net 
Initialization with Poisson NMF 
convergence.check is 0.09673407 
23 models in net 
Initialization with Poisson NMF 
convergence.check is 0.09902242 
24 models in net 
Initialization with Poisson NMF 
convergence.check is 0.09645147 
25 models in net 
Initialization with Poisson NMF 
convergence.check is 0.09944202 
26 models in net 
Initialization with Poisson NMF 
convergence.check is 0.09997883 
27 models in net 
Initialization with Poisson NMF 
convergence.check is 0.09890787 
28 models in net 
Initialization with Poisson NMF 
convergence.check is 0.09698038 
29 models in net 
Initialization with Poisson NMF 
convergence.check is 0.09868738 
30 models in net 
Initialization with Poisson NMF 
convergence.check is 0.0993654 
31 models in net 
Initialization with Poisson NMF 
convergence.check is 0.09614121 
32 models in net 
Initialization with Poisson NMF 
convergence.check is 0.1004659 
33 models in net 
Initialization with Poisson NMF 
convergence.check is 0.1034687 
34 models in net 
Initialization with Poisson NMF 
convergence.check is 0.09925514 
35 models in net 
Initialization with Poisson NMF 
convergence.check is 0.09944573 
36 models in net 
Initialization with Poisson NMF 
convergence.check is 0.09893167 
37 models in net 
Initialization with Poisson NMF 
convergence.check is 0.09571037 
38 models in net 
Initialization with Poisson NMF 
convergence.check is 0.09977496 
39 models in net 
Initialization with Poisson NMF 
convergence.check is 0.1011884 
40 models in net 
Initialization with Poisson NMF 
convergence.check is 0.09869521 
41 models in net 
Initialization with Poisson NMF 
convergence.check is 0.09709682 
Running select models 
1 select model run 
Beginning Spectral Initialization 
	 Calculating the gram matrix...
	 Finding anchor words...
 	...
	 Recovering initialization...
 	..........
Initialization complete.
........................................................................................................
Completed E-Step (20 seconds). 
Completed M-Step (0 seconds). 
Completing Iteration 1 (approx. per word bound = -100.126) 
........................................................................................................
Completed E-Step (7 seconds). 
Completed M-Step (0 seconds). 
convergence.check is 7.161674e-05 
Completing Iteration 2 (approx. per word bound = -100.119, relative change = 7.162e-05) 
........................................................................................................
Completed E-Step (7 seconds). 
Completed M-Step (0 seconds). 
convergence.check is 1.570265e-05 
Completing Iteration 3 (approx. per word bound = -100.118, relative change = 1.570e-05) 
........................................................................................................
Completed E-Step (6 seconds). 
Completed M-Step (0 seconds). 
convergence.check is 7.359371e-06 
Model Converged 
2 select model run 
Initialization with topicScore. 
Initializing factors using Topic SCORE algorithm.
Initializing loadings by running 10 SCD updates.
........................................................................................................
Completed E-Step (10 seconds). 
Completed M-Step (0 seconds). 
Completing Iteration 1 (approx. per word bound = -100.191) 
........................................................................................................
Completed E-Step (9 seconds). 
Completed M-Step (0 seconds). 
convergence.check is 3.409097e-05 
Completing Iteration 2 (approx. per word bound = -100.188, relative change = 3.409e-05) 
........................................................................................................
Completed E-Step (9 seconds). 
Completed M-Step (0 seconds). 
convergence.check is 3.062403e-05 
Completing Iteration 3 (approx. per word bound = -100.185, relative change = 3.062e-05) 
........................................................................................................
Completed E-Step (9 seconds). 
Completed M-Step (0 seconds). 
convergence.check is 2.584089e-05 
Completing Iteration 4 (approx. per word bound = -100.182, relative change = 2.584e-05) 
........................................................................................................
Completed E-Step (8 seconds). 
Completed M-Step (0 seconds). 
convergence.check is 2.205973e-05 
Completing Iteration 5 (approx. per word bound = -100.180, relative change = 2.206e-05) 
Topic 1: Gene794, Gene476, Gene1956, Gene738, Gene1532 
 Topic 2: Gene794, Gene1841, Gene179, Gene1665, Gene283 
 Topic 3: Gene168, Gene1010, Gene1765, Gene1275, Gene121 
........................................................................................................
Completed E-Step (8 seconds). 
Completed M-Step (0 seconds). 
convergence.check is 1.901927e-05 
Completing Iteration 6 (approx. per word bound = -100.178, relative change = 1.902e-05) 
........................................................................................................
Completed E-Step (8 seconds). 
Completed M-Step (0 seconds). 
convergence.check is 1.653959e-05 
Completing Iteration 7 (approx. per word bound = -100.176, relative change = 1.654e-05) 
........................................................................................................
Completed E-Step (8 seconds). 
Completed M-Step (0 seconds). 
convergence.check is 1.448835e-05 
Completing Iteration 8 (approx. per word bound = -100.175, relative change = 1.449e-05) 
........................................................................................................
Completed E-Step (8 seconds). 
Completed M-Step (0 seconds). 
convergence.check is 1.276485e-05 
Completing Iteration 9 (approx. per word bound = -100.174, relative change = 1.276e-05) 
........................................................................................................
Completed E-Step (8 seconds). 
Completed M-Step (0 seconds). 
convergence.check is 1.131073e-05 
Completing Iteration 10 (approx. per word bound = -100.172, relative change = 1.131e-05) 
Topic 1: Gene794, Gene476, Gene1956, Gene738, Gene1532 
 Topic 2: Gene794, Gene1841, Gene179, Gene1665, Gene283 
 Topic 3: Gene1010, Gene168, Gene1765, Gene1275, Gene121 
........................................................................................................
Completed E-Step (8 seconds). 
Completed M-Step (0 seconds). 
convergence.check is 1.006683e-05 
Completing Iteration 11 (approx. per word bound = -100.171, relative change = 1.007e-05) 
........................................................................................................
Completed E-Step (8 seconds). 
Completed M-Step (0 seconds). 
convergence.check is 9.000966e-06 
Model Converged 
3 select model run 
Initialization with topicScore. 
Initializing factors using Topic SCORE algorithm.
Initializing loadings by running 10 SCD updates.
........................................................................................................
Completed E-Step (11 seconds). 
Completed M-Step (0 seconds). 
Completing Iteration 1 (approx. per word bound = -100.195) 
........................................................................................................
Completed E-Step (9 seconds). 
Completed M-Step (0 seconds). 
convergence.check is 3.562719e-05 
Completing Iteration 2 (approx. per word bound = -100.191, relative change = 3.563e-05) 
........................................................................................................
Completed E-Step (9 seconds). 
Completed M-Step (0 seconds). 
convergence.check is 3.1885e-05 
Completing Iteration 3 (approx. per word bound = -100.188, relative change = 3.189e-05) 
........................................................................................................
Completed E-Step (8 seconds). 
Completed M-Step (0 seconds). 
convergence.check is 2.69083e-05 
Completing Iteration 4 (approx. per word bound = -100.186, relative change = 2.691e-05) 
........................................................................................................
Completed E-Step (8 seconds). 
Completed M-Step (0 seconds). 
convergence.check is 2.293672e-05 
Completing Iteration 5 (approx. per word bound = -100.183, relative change = 2.294e-05) 
Topic 1: Gene794, Gene1841, Gene179, Gene1665, Gene283 
 Topic 2: Gene794, Gene476, Gene1956, Gene738, Gene1532 
 Topic 3: Gene168, Gene1010, Gene1765, Gene1275, Gene121 
........................................................................................................
Completed E-Step (8 seconds). 
Completed M-Step (0 seconds). 
convergence.check is 1.972259e-05 
Completing Iteration 6 (approx. per word bound = -100.181, relative change = 1.972e-05) 
........................................................................................................
Completed E-Step (8 seconds). 
Completed M-Step (0 seconds). 
convergence.check is 1.708696e-05 
Completing Iteration 7 (approx. per word bound = -100.180, relative change = 1.709e-05) 
........................................................................................................
Completed E-Step (8 seconds). 
Completed M-Step (0 seconds). 
convergence.check is 1.488969e-05 
Completing Iteration 8 (approx. per word bound = -100.178, relative change = 1.489e-05) 
........................................................................................................
Completed E-Step (8 seconds). 
Completed M-Step (0 seconds). 
convergence.check is 1.303873e-05 
Completing Iteration 9 (approx. per word bound = -100.177, relative change = 1.304e-05) 
........................................................................................................
Completed E-Step (8 seconds). 
Completed M-Step (0 seconds). 
convergence.check is 1.146494e-05 
Completing Iteration 10 (approx. per word bound = -100.176, relative change = 1.146e-05) 
Topic 1: Gene794, Gene1841, Gene179, Gene1665, Gene283 
 Topic 2: Gene794, Gene476, Gene1956, Gene738, Gene1532 
 Topic 3: Gene1010, Gene168, Gene1765, Gene1275, Gene121 
........................................................................................................
Completed E-Step (8 seconds). 
Completed M-Step (0 seconds). 
convergence.check is 1.011596e-05 
Completing Iteration 11 (approx. per word bound = -100.175, relative change = 1.012e-05) 
........................................................................................................
Completed E-Step (7 seconds). 
Completed M-Step (0 seconds). 
convergence.check is 8.947154e-06 
Model Converged 
4 select model run 
Initialization with topicScore. 
Initializing factors using Topic SCORE algorithm.
Initializing loadings by running 10 SCD updates.
........................................................................................................
Completed E-Step (11 seconds). 
Completed M-Step (0 seconds). 
Completing Iteration 1 (approx. per word bound = -100.196) 
........................................................................................................
Completed E-Step (9 seconds). 
Completed M-Step (0 seconds). 
convergence.check is 3.598616e-05 
Completing Iteration 2 (approx. per word bound = -100.192, relative change = 3.599e-05) 
........................................................................................................
Completed E-Step (8 seconds). 
Completed M-Step (0 seconds). 
convergence.check is 3.224225e-05 
Completing Iteration 3 (approx. per word bound = -100.189, relative change = 3.224e-05) 
........................................................................................................
Completed E-Step (8 seconds). 
Completed M-Step (0 seconds). 
convergence.check is 2.725189e-05 
Completing Iteration 4 (approx. per word bound = -100.186, relative change = 2.725e-05) 
........................................................................................................
Completed E-Step (8 seconds). 
Completed M-Step (0 seconds). 
convergence.check is 2.325934e-05 
Completing Iteration 5 (approx. per word bound = -100.184, relative change = 2.326e-05) 
Topic 1: Gene794, Gene476, Gene1956, Gene738, Gene1532 
 Topic 2: Gene794, Gene1841, Gene179, Gene1665, Gene283 
 Topic 3: Gene168, Gene1010, Gene1765, Gene1275, Gene121 
........................................................................................................
Completed E-Step (8 seconds). 
Completed M-Step (0 seconds). 
convergence.check is 2.002952e-05 
Completing Iteration 6 (approx. per word bound = -100.182, relative change = 2.003e-05) 
........................................................................................................
Completed E-Step (8 seconds). 
Completed M-Step (0 seconds). 
convergence.check is 1.737844e-05 
Completing Iteration 7 (approx. per word bound = -100.180, relative change = 1.738e-05) 
........................................................................................................
Completed E-Step (8 seconds). 
Completed M-Step (0 seconds). 
convergence.check is 1.517367e-05 
Completing Iteration 8 (approx. per word bound = -100.179, relative change = 1.517e-05) 
........................................................................................................
Completed E-Step (8 seconds). 
Completed M-Step (0 seconds). 
convergence.check is 1.332417e-05 
Completing Iteration 9 (approx. per word bound = -100.177, relative change = 1.332e-05) 
........................................................................................................
Completed E-Step (8 seconds). 
Completed M-Step (0 seconds). 
convergence.check is 1.175162e-05 
Completing Iteration 10 (approx. per word bound = -100.176, relative change = 1.175e-05) 
Topic 1: Gene794, Gene476, Gene1956, Gene738, Gene1532 
 Topic 2: Gene794, Gene1841, Gene179, Gene1665, Gene283 
 Topic 3: Gene168, Gene1010, Gene1765, Gene1275, Gene121 
........................................................................................................
Completed E-Step (8 seconds). 
Completed M-Step (0 seconds). 
convergence.check is 1.040778e-05 
Completing Iteration 11 (approx. per word bound = -100.175, relative change = 1.041e-05) 
........................................................................................................
Completed E-Step (8 seconds). 
Completed M-Step (0 seconds). 
convergence.check is 9.244033e-06 
Model Converged 
5 select model run 
Initialization with topicScore. 
Initializing factors using Topic SCORE algorithm.
Initializing loadings by running 10 SCD updates.
........................................................................................................
Completed E-Step (12 seconds). 
Completed M-Step (0 seconds). 
Completing Iteration 1 (approx. per word bound = -100.196) 
........................................................................................................
Completed E-Step (9 seconds). 
Completed M-Step (0 seconds). 
convergence.check is 3.598616e-05 
Completing Iteration 2 (approx. per word bound = -100.192, relative change = 3.599e-05) 
........................................................................................................
Completed E-Step (8 seconds). 
Completed M-Step (0 seconds). 
convergence.check is 3.224225e-05 
Completing Iteration 3 (approx. per word bound = -100.189, relative change = 3.224e-05) 
........................................................................................................
Completed E-Step (8 seconds). 
Completed M-Step (0 seconds). 
convergence.check is 2.725189e-05 
Completing Iteration 4 (approx. per word bound = -100.186, relative change = 2.725e-05) 
........................................................................................................
Completed E-Step (9 seconds). 
Completed M-Step (0 seconds). 
convergence.check is 2.325934e-05 
Completing Iteration 5 (approx. per word bound = -100.184, relative change = 2.326e-05) 
Topic 1: Gene794, Gene476, Gene1956, Gene738, Gene1532 
 Topic 2: Gene794, Gene1841, Gene179, Gene1665, Gene283 
 Topic 3: Gene168, Gene1010, Gene1765, Gene1275, Gene121 
........................................................................................................
Completed E-Step (8 seconds). 
Completed M-Step (0 seconds). 
convergence.check is 2.002952e-05 
Completing Iteration 6 (approx. per word bound = -100.182, relative change = 2.003e-05) 
........................................................................................................
Completed E-Step (8 seconds). 
Completed M-Step (0 seconds). 
convergence.check is 1.737844e-05 
Completing Iteration 7 (approx. per word bound = -100.180, relative change = 1.738e-05) 
........................................................................................................
Completed E-Step (8 seconds). 
Completed M-Step (0 seconds). 
convergence.check is 1.517367e-05 
Completing Iteration 8 (approx. per word bound = -100.179, relative change = 1.517e-05) 
........................................................................................................
Completed E-Step (8 seconds). 
Completed M-Step (0 seconds). 
convergence.check is 1.332417e-05 
Completing Iteration 9 (approx. per word bound = -100.177, relative change = 1.332e-05) 
........................................................................................................
Completed E-Step (8 seconds). 
Completed M-Step (0 seconds). 
convergence.check is 1.17516e-05 
Completing Iteration 10 (approx. per word bound = -100.176, relative change = 1.175e-05) 
Topic 1: Gene794, Gene476, Gene1956, Gene738, Gene1532 
 Topic 2: Gene794, Gene1841, Gene179, Gene1665, Gene283 
 Topic 3: Gene168, Gene1010, Gene1765, Gene1275, Gene121 
........................................................................................................
Completed E-Step (8 seconds). 
Completed M-Step (0 seconds). 
convergence.check is 1.040776e-05 
Completing Iteration 11 (approx. per word bound = -100.175, relative change = 1.041e-05) 
........................................................................................................
Completed E-Step (8 seconds). 
Completed M-Step (0 seconds). 
convergence.check is 9.243985e-06 
Model Converged 
