sims_1712873832_L7.rds 
Found 6 batches
Using null model in ComBat-seq.
Adjusting for 0 covariate(s) or covariate level(s)
Estimating dispersions
Fitting the GLM model
Shrinkage off - using GLM estimates for parameters
Adjusting the data
Batch Effect Removed 
        R/alignCorpus.R R/asSTMCorpus.R R/checkBeta.R R/cloud.R
value   ?               ?               ?             ?        
visible FALSE           FALSE           FALSE         FALSE    
        R/convertCorpus.R R/estimateEffect.R R/estimateMixedEffect.R
value   ?                 ?                  ?                      
visible FALSE             FALSE              FALSE                  
        R/exclusivity.R R/findThoughts.R R/findTopic.R R/fitNewDocuments.R
value   ?               ?                ?             ?                  
visible FALSE           FALSE            FALSE         FALSE              
        R/heldout.R R/jeffreyskappa.R R/labelTopics.R R/makeDesignMatrix.R
value   ?           ?                 ?               ?                   
visible FALSE       FALSE             FALSE           FALSE               
        R/manyTopics.R R/multiSTM.R R/permute.R R/plot.estimateEffect.R
value   ?              ?            ?           ?                      
visible FALSE          FALSE        FALSE       FALSE                  
        R/plot.fixedEffect.R R/plot.searchK.R R/plot.STM.R R/plotModels.R
value   ?                    ?                ?            ?             
visible FALSE                FALSE            FALSE        FALSE         
        R/plotQuote.R R/plotRemoved.R R/plottingutilfns.R R/plotTopicLoess.R
value   ?             ?               ?                   ?                 
visible FALSE         FALSE           FALSE               FALSE             
        R/prepDocuments.R R/prepsce.R R/produce_cmatrix.R R/RcppExports.R
value   ?                 ?           ?                   ?              
visible FALSE             FALSE       FALSE               FALSE          
        R/readCorpus.R R/residuals.R R/s.R R/sageLabels.R R/scSTM.R R/searchK.R
value   ?              ?             ?     ?              ?         ?          
visible FALSE          FALSE         FALSE FALSE          FALSE     FALSE      
        R/selectModel.R R/semanticCoherence.R R/simBetas.R R/spectral.R
value   ?               ?                     ?            ?           
visible FALSE           FALSE                 FALSE        FALSE       
        R/stm-package.R R/stm.control.R R/STMbound.R R/STMconvergence.R
value   NULL            ?               ?            ?                 
visible TRUE            FALSE           FALSE        FALSE             
        R/STMestep.R R/STMfunctions.R R/STMinit.R R/STMinitLikelihood.R
value   ?            ?                ?           ?                    
visible FALSE        FALSE            FALSE       FALSE                
        R/STMlncpp.R R/STMmnreg.R R/STMmu.R R/STMoptbeta.R R/STMreport.R
value   ?            ?            ?         ?              ?            
visible FALSE        FALSE        FALSE     FALSE          FALSE        
        R/STMsigma.R R/STMsigs.R R/STMsubset.R R/summary.STM.R R/tau.R
value   ?            ?           ?             ?               ?      
visible FALSE        FALSE       FALSE         FALSE           FALSE  
        R/textProcessor.R R/thetaPosterior.R R/toLDAvis.R R/topicCorr.R
value   ?                 ?                  ?            ?            
visible FALSE             FALSE              FALSE        FALSE        
        R/topicLasso.R R/topicQuality.R R/writeLdac.R R/zzz.R
value   ?              ?                ?             ?      
visible FALSE          FALSE            FALSE         FALSE  
Casting net 
1 models in net 
Initialization with topicScore. 
Initializing factors using Topic SCORE algorithm.
Initializing loadings by running 10 SCD updates.
convergence.check is 1.567505e-05 
convergence.check is 1.096236e-05 
2 models in net 
Initialization with topicScore. 
Initializing factors using Topic SCORE algorithm.
Initializing loadings by running 10 SCD updates.
convergence.check is 1.622987e-05 
convergence.check is 1.112147e-05 
3 models in net 
Initialization with topicScore. 
Initializing factors using Topic SCORE algorithm.
Initializing loadings by running 10 SCD updates.
convergence.check is 1.576987e-05 
convergence.check is 1.102795e-05 
4 models in net 
Initialization with topicScore. 
Initializing factors using Topic SCORE algorithm.
Initializing loadings by running 10 SCD updates.
convergence.check is 1.658141e-05 
convergence.check is 1.163833e-05 
5 models in net 
Initialization with topicScore. 
Initializing factors using Topic SCORE algorithm.
Initializing loadings by running 10 SCD updates.
convergence.check is 1.586298e-05 
convergence.check is 1.107899e-05 
6 models in net 
Initialization with topicScore. 
Initializing factors using Topic SCORE algorithm.
Initializing loadings by running 10 SCD updates.
convergence.check is 1.712962e-05 
convergence.check is 1.210995e-05 
7 models in net 
Initialization with topicScore. 
Initializing factors using Topic SCORE algorithm.
Initializing loadings by running 10 SCD updates.
convergence.check is 1.571446e-05 
convergence.check is 1.100931e-05 
8 models in net 
Initialization with topicScore. 
Initializing factors using Topic SCORE algorithm.
Initializing loadings by running 10 SCD updates.
convergence.check is 1.576987e-05 
convergence.check is 1.102795e-05 
9 models in net 
Initialization with topicScore. 
Initializing factors using Topic SCORE algorithm.
Initializing loadings by running 10 SCD updates.
convergence.check is 1.567505e-05 
convergence.check is 1.096236e-05 
10 models in net 
Initialization with topicScore. 
Initializing factors using Topic SCORE algorithm.
Initializing loadings by running 10 SCD updates.
convergence.check is 1.635922e-05 
convergence.check is 1.154724e-05 
11 models in net 
Initialization with topicScore. 
Initializing factors using Topic SCORE algorithm.
Initializing loadings by running 10 SCD updates.
convergence.check is 1.567505e-05 
convergence.check is 1.096236e-05 
12 models in net 
Initialization with topicScore. 
Initializing factors using Topic SCORE algorithm.
Initializing loadings by running 10 SCD updates.
convergence.check is 1.575169e-05 
convergence.check is 1.103559e-05 
13 models in net 
Initialization with topicScore. 
Initializing factors using Topic SCORE algorithm.
Initializing loadings by running 10 SCD updates.
convergence.check is 1.575169e-05 
convergence.check is 1.103559e-05 
14 models in net 
Initialization with topicScore. 
Initializing factors using Topic SCORE algorithm.
Initializing loadings by running 10 SCD updates.
convergence.check is 1.575169e-05 
convergence.check is 1.103559e-05 
15 models in net 
Initialization with topicScore. 
Initializing factors using Topic SCORE algorithm.
Initializing loadings by running 10 SCD updates.
convergence.check is 1.56245e-05 
convergence.check is 1.064486e-05 
16 models in net 
Initialization with topicScore. 
Initializing factors using Topic SCORE algorithm.
Initializing loadings by running 10 SCD updates.
convergence.check is 1.669968e-05 
convergence.check is 1.183401e-05 
17 models in net 
Initialization with topicScore. 
Initializing factors using Topic SCORE algorithm.
Initializing loadings by running 10 SCD updates.
convergence.check is 1.575759e-05 
convergence.check is 1.103029e-05 
18 models in net 
Initialization with topicScore. 
Initializing factors using Topic SCORE algorithm.
Initializing loadings by running 10 SCD updates.
convergence.check is 1.632082e-05 
convergence.check is 1.180584e-05 
19 models in net 
Initialization with topicScore. 
Initializing factors using Topic SCORE algorithm.
Initializing loadings by running 10 SCD updates.
convergence.check is 1.575169e-05 
convergence.check is 1.103559e-05 
20 models in net 
Initialization with topicScore. 
Initializing factors using Topic SCORE algorithm.
Initializing loadings by running 10 SCD updates.
convergence.check is 1.586998e-05 
convergence.check is 1.107802e-05 
21 models in net 
convergence.check is 0.002964122 
convergence.check is 0.0006255222 
22 models in net 
Initialization with Poisson NMF 
convergence.check is 0.1877114 
convergence.check is 2.920876e-05 
23 models in net 
Initialization with Poisson NMF 
convergence.check is 0.1873345 
convergence.check is 9.678972e-05 
24 models in net 
Initialization with Poisson NMF 
convergence.check is 0.1874189 
convergence.check is 8.053925e-05 
25 models in net 
Initialization with Poisson NMF 
convergence.check is 0.1862353 
convergence.check is 3.719451e-05 
26 models in net 
Initialization with Poisson NMF 
convergence.check is 0.1880438 
convergence.check is 5.858863e-05 
27 models in net 
Initialization with Poisson NMF 
convergence.check is 0.189386 
convergence.check is 0.0002217464 
28 models in net 
Initialization with Poisson NMF 
convergence.check is 0.1854798 
convergence.check is 7.261641e-05 
29 models in net 
Initialization with Poisson NMF 
convergence.check is 0.1828568 
convergence.check is 0.0002028649 
30 models in net 
Initialization with Poisson NMF 
convergence.check is 0.1897736 
convergence.check is 2.226614e-05 
31 models in net 
Initialization with Poisson NMF 
convergence.check is 0.1919759 
convergence.check is 2.207683e-05 
32 models in net 
Initialization with Poisson NMF 
convergence.check is 0.1882485 
convergence.check is 0.0001650213 
33 models in net 
Initialization with Poisson NMF 
convergence.check is 0.1880375 
convergence.check is 7.276227e-05 
34 models in net 
Initialization with Poisson NMF 
convergence.check is 0.1828163 
convergence.check is 7.514081e-05 
35 models in net 
Initialization with Poisson NMF 
convergence.check is 0.1841655 
convergence.check is 0.0001038064 
36 models in net 
Initialization with Poisson NMF 
convergence.check is 0.1925153 
convergence.check is 7.67584e-05 
37 models in net 
Initialization with Poisson NMF 
convergence.check is 0.1926684 
convergence.check is 4.481419e-05 
38 models in net 
Initialization with Poisson NMF 
convergence.check is 0.1966612 
convergence.check is 4.683979e-05 
39 models in net 
Initialization with Poisson NMF 
convergence.check is 0.1898071 
convergence.check is 3.722851e-05 
40 models in net 
Initialization with Poisson NMF 
convergence.check is 0.1847945 
convergence.check is 0.0001467555 
41 models in net 
Initialization with Poisson NMF 
convergence.check is 0.188289 
convergence.check is 2.872387e-05 
Running select models 
1 select model run 
Beginning Spectral Initialization 
	 Calculating the gram matrix...
	 Finding anchor words...
 	.....
	 Recovering initialization...
 	..........
Initialization complete.
......................................................................................................
Completed E-Step (18 seconds). 
Completed M-Step (0 seconds). 
Completing Iteration 1 (approx. per word bound = -17.843) 
......................................................................................................
Completed E-Step (15 seconds). 
Completed M-Step (0 seconds). 
convergence.check is 0.002964122 
Completing Iteration 2 (approx. per word bound = -17.790, relative change = 2.964e-03) 
......................................................................................................
Completed E-Step (12 seconds). 
Completed M-Step (0 seconds). 
convergence.check is 0.0006255222 
Completing Iteration 3 (approx. per word bound = -17.779, relative change = 6.255e-04) 
......................................................................................................
Completed E-Step (11 seconds). 
Completed M-Step (0 seconds). 
convergence.check is 3.952667e-05 
Completing Iteration 4 (approx. per word bound = -17.778, relative change = 3.953e-05) 
......................................................................................................
Completed E-Step (11 seconds). 
Completed M-Step (0 seconds). 
convergence.check is 1.947696e-05 
Completing Iteration 5 (approx. per word bound = -17.778, relative change = 1.948e-05) 
Topic 1: Gene1761, Gene2657, Gene1700, Gene1877, Gene304 
 Topic 2: Gene2210, Gene1761, Gene2657, Gene1973, Gene1220 
 Topic 3: Gene1761, Gene2657, Gene1187, Gene1834, Gene878 
 Topic 4: Gene2008, Gene1761, Gene2657, Gene304, Gene1834 
 Topic 5: Gene1761, Gene1700, Gene1417, Gene304, Gene1834 
......................................................................................................
Completed E-Step (11 seconds). 
Completed M-Step (0 seconds). 
convergence.check is 9.944122e-06 
Completing Iteration 6 (approx. per word bound = -17.778, relative change = 9.944e-06) 
......................................................................................................
Completed E-Step (10 seconds). 
Completed M-Step (0 seconds). 
convergence.check is 6.403434e-06 
Completing Iteration 7 (approx. per word bound = -17.778, relative change = 6.403e-06) 
......................................................................................................
Completed E-Step (11 seconds). 
Completed M-Step (0 seconds). 
convergence.check is 4.459747e-06 
Completing Iteration 8 (approx. per word bound = -17.778, relative change = 4.460e-06) 
......................................................................................................
Completed E-Step (11 seconds). 
Completed M-Step (0 seconds). 
convergence.check is 3.716715e-06 
Completing Iteration 9 (approx. per word bound = -17.777, relative change = 3.717e-06) 
......................................................................................................
Completed E-Step (9 seconds). 
Completed M-Step (0 seconds). 
convergence.check is 2.861255e-06 
Completing Iteration 10 (approx. per word bound = -17.777, relative change = 2.861e-06) 
Topic 1: Gene1761, Gene2657, Gene1700, Gene1877, Gene304 
 Topic 2: Gene2210, Gene1761, Gene1973, Gene2657, Gene1220 
 Topic 3: Gene1761, Gene2657, Gene1187, Gene1834, Gene878 
 Topic 4: Gene2008, Gene1761, Gene2657, Gene304, Gene1834 
 Topic 5: Gene1761, Gene1700, Gene1417, Gene304, Gene1834 
......................................................................................................
Completed E-Step (9 seconds). 
Completed M-Step (0 seconds). 
convergence.check is 2.260459e-06 
Completing Iteration 11 (approx. per word bound = -17.777, relative change = 2.260e-06) 
......................................................................................................
Completed E-Step (9 seconds). 
Completed M-Step (0 seconds). 
convergence.check is 2.096795e-06 
Completing Iteration 12 (approx. per word bound = -17.777, relative change = 2.097e-06) 
......................................................................................................
Completed E-Step (9 seconds). 
Completed M-Step (0 seconds). 
convergence.check is 1.39866e-06 
Completing Iteration 13 (approx. per word bound = -17.777, relative change = 1.399e-06) 
......................................................................................................
Completed E-Step (9 seconds). 
Completed M-Step (0 seconds). 
convergence.check is 1.201763e-06 
Completing Iteration 14 (approx. per word bound = -17.777, relative change = 1.202e-06) 
......................................................................................................
Completed E-Step (9 seconds). 
Completed M-Step (0 seconds). 
convergence.check is 1.099814e-06 
Completing Iteration 15 (approx. per word bound = -17.777, relative change = 1.100e-06) 
Topic 1: Gene1761, Gene2657, Gene1700, Gene1877, Gene304 
 Topic 2: Gene2210, Gene1761, Gene1973, Gene2657, Gene1220 
 Topic 3: Gene1761, Gene2657, Gene1187, Gene1834, Gene878 
 Topic 4: Gene2008, Gene1761, Gene2657, Gene304, Gene1834 
 Topic 5: Gene1761, Gene1700, Gene1417, Gene304, Gene1834 
......................................................................................................
Completed E-Step (9 seconds). 
Completed M-Step (0 seconds). 
convergence.check is 9.567354e-07 
Model Converged 
2 select model run 
Initialization with topicScore. 
Initializing factors using Topic SCORE algorithm.
Initializing loadings by running 10 SCD updates.
......................................................................................................
Completed E-Step (7 seconds). 
Completed M-Step (0 seconds). 
Completing Iteration 1 (approx. per word bound = -17.786) 
......................................................................................................
Completed E-Step (16 seconds). 
Completed M-Step (0 seconds). 
convergence.check is 1.622987e-05 
Completing Iteration 2 (approx. per word bound = -17.785, relative change = 1.623e-05) 
......................................................................................................
Completed E-Step (16 seconds). 
Completed M-Step (0 seconds). 
convergence.check is 1.112147e-05 
Completing Iteration 3 (approx. per word bound = -17.785, relative change = 1.112e-05) 
......................................................................................................
Completed E-Step (16 seconds). 
Completed M-Step (0 seconds). 
convergence.check is 1.054818e-05 
Completing Iteration 4 (approx. per word bound = -17.785, relative change = 1.055e-05) 
......................................................................................................
Completed E-Step (16 seconds). 
Completed M-Step (0 seconds). 
convergence.check is 9.55412e-06 
Completing Iteration 5 (approx. per word bound = -17.785, relative change = 9.554e-06) 
Topic 1: Gene1187, Gene878, Gene2657, Gene1761, Gene1834 
 Topic 2: Gene1761, Gene1877, Gene1700, Gene2657, Gene2972 
 Topic 3: Gene2008, Gene1470, Gene2657, Gene304, Gene1737 
 Topic 4: Gene1700, Gene1417, Gene1187, Gene1753, Gene304 
 Topic 5: Gene2210, Gene1973, Gene1220, Gene2657, Gene304 
......................................................................................................
Completed E-Step (15 seconds). 
Completed M-Step (0 seconds). 
convergence.check is 8.962096e-06 
Completing Iteration 6 (approx. per word bound = -17.785, relative change = 8.962e-06) 
......................................................................................................
Completed E-Step (15 seconds). 
Completed M-Step (0 seconds). 
convergence.check is 8.278822e-06 
Completing Iteration 7 (approx. per word bound = -17.784, relative change = 8.279e-06) 
......................................................................................................
Completed E-Step (15 seconds). 
Completed M-Step (0 seconds). 
convergence.check is 7.804749e-06 
Completing Iteration 8 (approx. per word bound = -17.784, relative change = 7.805e-06) 
......................................................................................................
Completed E-Step (16 seconds). 
Completed M-Step (0 seconds). 
convergence.check is 7.350873e-06 
Completing Iteration 9 (approx. per word bound = -17.784, relative change = 7.351e-06) 
......................................................................................................
Completed E-Step (14 seconds). 
Completed M-Step (0 seconds). 
convergence.check is 6.919046e-06 
Completing Iteration 10 (approx. per word bound = -17.784, relative change = 6.919e-06) 
Topic 1: Gene1187, Gene878, Gene2657, Gene1761, Gene1737 
 Topic 2: Gene1761, Gene1877, Gene1700, Gene2657, Gene2972 
 Topic 3: Gene2008, Gene1470, Gene2657, Gene304, Gene1737 
 Topic 4: Gene1700, Gene1417, Gene1187, Gene1753, Gene304 
 Topic 5: Gene2210, Gene1973, Gene1220, Gene2657, Gene304 
......................................................................................................
Completed E-Step (14 seconds). 
Completed M-Step (0 seconds). 
convergence.check is 6.553428e-06 
Completing Iteration 11 (approx. per word bound = -17.784, relative change = 6.553e-06) 
......................................................................................................
Completed E-Step (14 seconds). 
Completed M-Step (0 seconds). 
convergence.check is 6.247342e-06 
Completing Iteration 12 (approx. per word bound = -17.784, relative change = 6.247e-06) 
......................................................................................................
Completed E-Step (14 seconds). 
Completed M-Step (0 seconds). 
convergence.check is 5.871563e-06 
Completing Iteration 13 (approx. per word bound = -17.784, relative change = 5.872e-06) 
......................................................................................................
Completed E-Step (13 seconds). 
Completed M-Step (0 seconds). 
convergence.check is 5.664199e-06 
Completing Iteration 14 (approx. per word bound = -17.784, relative change = 5.664e-06) 
......................................................................................................
Completed E-Step (13 seconds). 
Completed M-Step (0 seconds). 
convergence.check is 5.40868e-06 
Completing Iteration 15 (approx. per word bound = -17.783, relative change = 5.409e-06) 
Topic 1: Gene1187, Gene2657, Gene878, Gene1761, Gene1737 
 Topic 2: Gene1761, Gene1877, Gene1700, Gene2657, Gene2972 
 Topic 3: Gene2008, Gene1470, Gene2657, Gene304, Gene1737 
 Topic 4: Gene1700, Gene1417, Gene1187, Gene1753, Gene1737 
 Topic 5: Gene2210, Gene1973, Gene1220, Gene2657, Gene304 
......................................................................................................
Completed E-Step (13 seconds). 
Completed M-Step (0 seconds). 
convergence.check is 5.177534e-06 
Completing Iteration 16 (approx. per word bound = -17.783, relative change = 5.178e-06) 
......................................................................................................
Completed E-Step (13 seconds). 
Completed M-Step (0 seconds). 
convergence.check is 4.905129e-06 
Completing Iteration 17 (approx. per word bound = -17.783, relative change = 4.905e-06) 
......................................................................................................
Completed E-Step (12 seconds). 
Completed M-Step (0 seconds). 
convergence.check is 4.731246e-06 
Completing Iteration 18 (approx. per word bound = -17.783, relative change = 4.731e-06) 
......................................................................................................
Completed E-Step (12 seconds). 
Completed M-Step (0 seconds). 
convergence.check is 4.520374e-06 
Completing Iteration 19 (approx. per word bound = -17.783, relative change = 4.520e-06) 
......................................................................................................
Completed E-Step (12 seconds). 
Completed M-Step (0 seconds). 
convergence.check is 4.244954e-06 
Completing Iteration 20 (approx. per word bound = -17.783, relative change = 4.245e-06) 
Topic 1: Gene1187, Gene2657, Gene878, Gene1761, Gene1737 
 Topic 2: Gene1761, Gene1877, Gene1700, Gene2657, Gene2972 
 Topic 3: Gene2008, Gene1470, Gene2657, Gene304, Gene1737 
 Topic 4: Gene1700, Gene1417, Gene1187, Gene1753, Gene1737 
 Topic 5: Gene2210, Gene1973, Gene1220, Gene2657, Gene304 
......................................................................................................
Completed E-Step (12 seconds). 
Completed M-Step (0 seconds). 
convergence.check is 4.136608e-06 
Completing Iteration 21 (approx. per word bound = -17.783, relative change = 4.137e-06) 
......................................................................................................
Completed E-Step (12 seconds). 
Completed M-Step (0 seconds). 
convergence.check is 3.95136e-06 
Completing Iteration 22 (approx. per word bound = -17.783, relative change = 3.951e-06) 
......................................................................................................
Completed E-Step (12 seconds). 
Completed M-Step (0 seconds). 
convergence.check is 3.779305e-06 
Completing Iteration 23 (approx. per word bound = -17.783, relative change = 3.779e-06) 
......................................................................................................
Completed E-Step (12 seconds). 
Completed M-Step (0 seconds). 
convergence.check is 3.508815e-06 
Completing Iteration 24 (approx. per word bound = -17.783, relative change = 3.509e-06) 
......................................................................................................
Completed E-Step (12 seconds). 
Completed M-Step (0 seconds). 
convergence.check is 3.404479e-06 
Completing Iteration 25 (approx. per word bound = -17.783, relative change = 3.404e-06) 
Topic 1: Gene1187, Gene2657, Gene878, Gene1761, Gene1737 
 Topic 2: Gene1761, Gene1877, Gene1700, Gene2657, Gene2972 
 Topic 3: Gene2008, Gene1470, Gene2657, Gene304, Gene1737 
 Topic 4: Gene1700, Gene1417, Gene1187, Gene1737, Gene1753 
 Topic 5: Gene2210, Gene1973, Gene1220, Gene2657, Gene304 
......................................................................................................
Completed E-Step (12 seconds). 
Completed M-Step (0 seconds). 
convergence.check is 3.217855e-06 
Completing Iteration 26 (approx. per word bound = -17.783, relative change = 3.218e-06) 
......................................................................................................
Completed E-Step (12 seconds). 
Completed M-Step (0 seconds). 
convergence.check is 3.027273e-06 
Completing Iteration 27 (approx. per word bound = -17.783, relative change = 3.027e-06) 
......................................................................................................
Completed E-Step (12 seconds). 
Completed M-Step (0 seconds). 
convergence.check is 2.854351e-06 
Completing Iteration 28 (approx. per word bound = -17.783, relative change = 2.854e-06) 
......................................................................................................
Completed E-Step (11 seconds). 
Completed M-Step (0 seconds). 
convergence.check is 2.718541e-06 
Completing Iteration 29 (approx. per word bound = -17.782, relative change = 2.719e-06) 
......................................................................................................
Completed E-Step (12 seconds). 
Completed M-Step (0 seconds). 
convergence.check is 2.492449e-06 
Completing Iteration 30 (approx. per word bound = -17.782, relative change = 2.492e-06) 
Topic 1: Gene1187, Gene2657, Gene1761, Gene878, Gene1737 
 Topic 2: Gene1761, Gene1877, Gene1700, Gene2657, Gene2972 
 Topic 3: Gene2008, Gene1470, Gene2657, Gene304, Gene1737 
 Topic 4: Gene1700, Gene1417, Gene1187, Gene1737, Gene1753 
 Topic 5: Gene2210, Gene1973, Gene1220, Gene2657, Gene304 
......................................................................................................
Completed E-Step (10 seconds). 
Completed M-Step (0 seconds). 
convergence.check is 2.344331e-06 
Completing Iteration 31 (approx. per word bound = -17.782, relative change = 2.344e-06) 
......................................................................................................
Completed E-Step (11 seconds). 
Completed M-Step (0 seconds). 
convergence.check is 2.248605e-06 
Completing Iteration 32 (approx. per word bound = -17.782, relative change = 2.249e-06) 
......................................................................................................
Completed E-Step (11 seconds). 
Completed M-Step (0 seconds). 
convergence.check is 2.042358e-06 
Completing Iteration 33 (approx. per word bound = -17.782, relative change = 2.042e-06) 
......................................................................................................
Completed E-Step (11 seconds). 
Completed M-Step (0 seconds). 
convergence.check is 1.937134e-06 
Completing Iteration 34 (approx. per word bound = -17.782, relative change = 1.937e-06) 
......................................................................................................
Completed E-Step (11 seconds). 
Completed M-Step (0 seconds). 
convergence.check is 1.835578e-06 
Completing Iteration 35 (approx. per word bound = -17.782, relative change = 1.836e-06) 
Topic 1: Gene1187, Gene2657, Gene1761, Gene878, Gene1737 
 Topic 2: Gene1761, Gene1877, Gene1700, Gene2657, Gene2972 
 Topic 3: Gene2008, Gene2657, Gene1470, Gene304, Gene1737 
 Topic 4: Gene1700, Gene1417, Gene1187, Gene1737, Gene1753 
 Topic 5: Gene2210, Gene1973, Gene1220, Gene2657, Gene1761 
......................................................................................................
Completed E-Step (11 seconds). 
Completed M-Step (0 seconds). 
convergence.check is 1.622474e-06 
Completing Iteration 36 (approx. per word bound = -17.782, relative change = 1.622e-06) 
......................................................................................................
Completed E-Step (10 seconds). 
Completed M-Step (0 seconds). 
convergence.check is 1.532564e-06 
Completing Iteration 37 (approx. per word bound = -17.782, relative change = 1.533e-06) 
......................................................................................................
Completed E-Step (10 seconds). 
Completed M-Step (0 seconds). 
convergence.check is 1.470379e-06 
Completing Iteration 38 (approx. per word bound = -17.782, relative change = 1.470e-06) 
......................................................................................................
Completed E-Step (10 seconds). 
Completed M-Step (0 seconds). 
convergence.check is 1.298052e-06 
Completing Iteration 39 (approx. per word bound = -17.782, relative change = 1.298e-06) 
......................................................................................................
Completed E-Step (10 seconds). 
Completed M-Step (0 seconds). 
convergence.check is 1.205921e-06 
Completing Iteration 40 (approx. per word bound = -17.782, relative change = 1.206e-06) 
Topic 1: Gene1187, Gene2657, Gene1761, Gene878, Gene1737 
 Topic 2: Gene1761, Gene1877, Gene1700, Gene2657, Gene2972 
 Topic 3: Gene2008, Gene2657, Gene1470, Gene304, Gene1737 
 Topic 4: Gene1700, Gene1417, Gene1187, Gene1737, Gene1753 
 Topic 5: Gene2210, Gene1973, Gene1220, Gene2657, Gene1761 
......................................................................................................
Completed E-Step (10 seconds). 
Completed M-Step (0 seconds). 
convergence.check is 1.131054e-06 
Completing Iteration 41 (approx. per word bound = -17.782, relative change = 1.131e-06) 
......................................................................................................
Completed E-Step (11 seconds). 
Completed M-Step (0 seconds). 
convergence.check is 1.049145e-06 
Completing Iteration 42 (approx. per word bound = -17.782, relative change = 1.049e-06) 
......................................................................................................
Completed E-Step (10 seconds). 
Completed M-Step (0 seconds). 
convergence.check is 9.703297e-07 
Model Converged 
3 select model run 
Initialization with topicScore. 
Initializing factors using Topic SCORE algorithm.
Initializing loadings by running 10 SCD updates.
......................................................................................................
Completed E-Step (8 seconds). 
Completed M-Step (0 seconds). 
Completing Iteration 1 (approx. per word bound = -17.786) 
......................................................................................................
Completed E-Step (16 seconds). 
Completed M-Step (0 seconds). 
convergence.check is 1.56245e-05 
Completing Iteration 2 (approx. per word bound = -17.785, relative change = 1.562e-05) 
......................................................................................................
Completed E-Step (16 seconds). 
Completed M-Step (0 seconds). 
convergence.check is 1.064486e-05 
Completing Iteration 3 (approx. per word bound = -17.785, relative change = 1.064e-05) 
......................................................................................................
Completed E-Step (16 seconds). 
Completed M-Step (0 seconds). 
convergence.check is 1.006798e-05 
Completing Iteration 4 (approx. per word bound = -17.785, relative change = 1.007e-05) 
......................................................................................................
Completed E-Step (16 seconds). 
Completed M-Step (0 seconds). 
convergence.check is 9.154918e-06 
Completing Iteration 5 (approx. per word bound = -17.785, relative change = 9.155e-06) 
Topic 1: Gene1761, Gene1877, Gene1700, Gene2657, Gene2972 
 Topic 2: Gene1187, Gene878, Gene2657, Gene1761, Gene1737 
 Topic 3: Gene2008, Gene1470, Gene2657, Gene304, Gene1737 
 Topic 4: Gene1700, Gene1417, Gene1187, Gene1753, Gene304 
 Topic 5: Gene2210, Gene1973, Gene1220, Gene2657, Gene304 
......................................................................................................
Completed E-Step (15 seconds). 
Completed M-Step (0 seconds). 
convergence.check is 8.484834e-06 
Completing Iteration 6 (approx. per word bound = -17.785, relative change = 8.485e-06) 
......................................................................................................
Completed E-Step (15 seconds). 
Completed M-Step (0 seconds). 
convergence.check is 8.091326e-06 
Completing Iteration 7 (approx. per word bound = -17.785, relative change = 8.091e-06) 
......................................................................................................
Completed E-Step (18 seconds). 
Completed M-Step (0 seconds). 
convergence.check is 7.367645e-06 
Completing Iteration 8 (approx. per word bound = -17.784, relative change = 7.368e-06) 
......................................................................................................
Completed E-Step (14 seconds). 
Completed M-Step (0 seconds). 
convergence.check is 7.026985e-06 
Completing Iteration 9 (approx. per word bound = -17.784, relative change = 7.027e-06) 
......................................................................................................
Completed E-Step (15 seconds). 
Completed M-Step (0 seconds). 
convergence.check is 6.535861e-06 
Completing Iteration 10 (approx. per word bound = -17.784, relative change = 6.536e-06) 
Topic 1: Gene1761, Gene1877, Gene1700, Gene2657, Gene2972 
 Topic 2: Gene1187, Gene878, Gene2657, Gene1761, Gene1737 
 Topic 3: Gene2008, Gene1470, Gene2657, Gene304, Gene1737 
 Topic 4: Gene1700, Gene1417, Gene1187, Gene1753, Gene1737 
 Topic 5: Gene2210, Gene1973, Gene1220, Gene2657, Gene304 
......................................................................................................
Completed E-Step (14 seconds). 
Completed M-Step (0 seconds). 
convergence.check is 6.271774e-06 
Completing Iteration 11 (approx. per word bound = -17.784, relative change = 6.272e-06) 
......................................................................................................
Completed E-Step (14 seconds). 
Completed M-Step (0 seconds). 
convergence.check is 5.838441e-06 
Completing Iteration 12 (approx. per word bound = -17.784, relative change = 5.838e-06) 
......................................................................................................
Completed E-Step (14 seconds). 
Completed M-Step (0 seconds). 
convergence.check is 5.618371e-06 
Completing Iteration 13 (approx. per word bound = -17.784, relative change = 5.618e-06) 
......................................................................................................
Completed E-Step (14 seconds). 
Completed M-Step (0 seconds). 
convergence.check is 5.370082e-06 
Completing Iteration 14 (approx. per word bound = -17.784, relative change = 5.370e-06) 
......................................................................................................
Completed E-Step (14 seconds). 
Completed M-Step (0 seconds). 
convergence.check is 5.056484e-06 
Completing Iteration 15 (approx. per word bound = -17.784, relative change = 5.056e-06) 
Topic 1: Gene1761, Gene1877, Gene1700, Gene2657, Gene2972 
 Topic 2: Gene1187, Gene2657, Gene878, Gene1761, Gene1737 
 Topic 3: Gene2008, Gene1470, Gene2657, Gene304, Gene1737 
 Topic 4: Gene1700, Gene1417, Gene1187, Gene1753, Gene1737 
 Topic 5: Gene2210, Gene1973, Gene1220, Gene2657, Gene304 
......................................................................................................
Completed E-Step (14 seconds). 
Completed M-Step (0 seconds). 
convergence.check is 4.847862e-06 
Completing Iteration 16 (approx. per word bound = -17.784, relative change = 4.848e-06) 
......................................................................................................
Completed E-Step (12 seconds). 
Completed M-Step (0 seconds). 
convergence.check is 4.655621e-06 
Completing Iteration 17 (approx. per word bound = -17.783, relative change = 4.656e-06) 
......................................................................................................
Completed E-Step (13 seconds). 
Completed M-Step (0 seconds). 
convergence.check is 4.497741e-06 
Completing Iteration 18 (approx. per word bound = -17.783, relative change = 4.498e-06) 
......................................................................................................
Completed E-Step (13 seconds). 
Completed M-Step (0 seconds). 
convergence.check is 4.331606e-06 
Completing Iteration 19 (approx. per word bound = -17.783, relative change = 4.332e-06) 
......................................................................................................
Completed E-Step (13 seconds). 
Completed M-Step (0 seconds). 
convergence.check is 4.105826e-06 
Completing Iteration 20 (approx. per word bound = -17.783, relative change = 4.106e-06) 
Topic 1: Gene1761, Gene1877, Gene1700, Gene2657, Gene2972 
 Topic 2: Gene1187, Gene2657, Gene878, Gene1761, Gene1737 
 Topic 3: Gene2008, Gene1470, Gene2657, Gene304, Gene1737 
 Topic 4: Gene1700, Gene1417, Gene1187, Gene1753, Gene1737 
 Topic 5: Gene2210, Gene1973, Gene1220, Gene2657, Gene304 
......................................................................................................
Completed E-Step (13 seconds). 
Completed M-Step (0 seconds). 
convergence.check is 3.965978e-06 
Completing Iteration 21 (approx. per word bound = -17.783, relative change = 3.966e-06) 
......................................................................................................
Completed E-Step (13 seconds). 
Completed M-Step (0 seconds). 
convergence.check is 3.813811e-06 
Completing Iteration 22 (approx. per word bound = -17.783, relative change = 3.814e-06) 
......................................................................................................
Completed E-Step (12 seconds). 
Completed M-Step (0 seconds). 
convergence.check is 3.654648e-06 
Completing Iteration 23 (approx. per word bound = -17.783, relative change = 3.655e-06) 
......................................................................................................
Completed E-Step (12 seconds). 
Completed M-Step (0 seconds). 
convergence.check is 3.474097e-06 
Completing Iteration 24 (approx. per word bound = -17.783, relative change = 3.474e-06) 
......................................................................................................
Completed E-Step (12 seconds). 
Completed M-Step (0 seconds). 
convergence.check is 3.340141e-06 
Completing Iteration 25 (approx. per word bound = -17.783, relative change = 3.340e-06) 
Topic 1: Gene1761, Gene1877, Gene1700, Gene2657, Gene2972 
 Topic 2: Gene1187, Gene2657, Gene878, Gene1761, Gene1737 
 Topic 3: Gene2008, Gene1470, Gene2657, Gene304, Gene1737 
 Topic 4: Gene1700, Gene1417, Gene1187, Gene1737, Gene1753 
 Topic 5: Gene2210, Gene1973, Gene1220, Gene2657, Gene304 
......................................................................................................
Completed E-Step (13 seconds). 
Completed M-Step (0 seconds). 
convergence.check is 3.228433e-06 
Completing Iteration 26 (approx. per word bound = -17.783, relative change = 3.228e-06) 
......................................................................................................
Completed E-Step (13 seconds). 
Completed M-Step (0 seconds). 
convergence.check is 3.055547e-06 
Completing Iteration 27 (approx. per word bound = -17.783, relative change = 3.056e-06) 
......................................................................................................
Completed E-Step (12 seconds). 
Completed M-Step (0 seconds). 
convergence.check is 2.882964e-06 
Completing Iteration 28 (approx. per word bound = -17.783, relative change = 2.883e-06) 
......................................................................................................
Completed E-Step (12 seconds). 
Completed M-Step (0 seconds). 
convergence.check is 2.719744e-06 
Completing Iteration 29 (approx. per word bound = -17.783, relative change = 2.720e-06) 
......................................................................................................
Completed E-Step (12 seconds). 
Completed M-Step (0 seconds). 
convergence.check is 2.611197e-06 
Completing Iteration 30 (approx. per word bound = -17.783, relative change = 2.611e-06) 
Topic 1: Gene1761, Gene1877, Gene1700, Gene2657, Gene2972 
 Topic 2: Gene1187, Gene2657, Gene1761, Gene878, Gene1737 
 Topic 3: Gene2008, Gene1470, Gene2657, Gene304, Gene1737 
 Topic 4: Gene1700, Gene1417, Gene1187, Gene1737, Gene1753 
 Topic 5: Gene2210, Gene1973, Gene1220, Gene2657, Gene304 
......................................................................................................
Completed E-Step (12 seconds). 
Completed M-Step (0 seconds). 
convergence.check is 2.475465e-06 
Completing Iteration 31 (approx. per word bound = -17.783, relative change = 2.475e-06) 
......................................................................................................
Completed E-Step (12 seconds). 
Completed M-Step (0 seconds). 
convergence.check is 2.294525e-06 
Completing Iteration 32 (approx. per word bound = -17.783, relative change = 2.295e-06) 
......................................................................................................
Completed E-Step (12 seconds). 
Completed M-Step (0 seconds). 
convergence.check is 2.22484e-06 
Completing Iteration 33 (approx. per word bound = -17.783, relative change = 2.225e-06) 
......................................................................................................
Completed E-Step (11 seconds). 
Completed M-Step (0 seconds). 
convergence.check is 2.053501e-06 
Completing Iteration 34 (approx. per word bound = -17.782, relative change = 2.054e-06) 
......................................................................................................
Completed E-Step (11 seconds). 
Completed M-Step (0 seconds). 
convergence.check is 1.969734e-06 
Completing Iteration 35 (approx. per word bound = -17.782, relative change = 1.970e-06) 
Topic 1: Gene1761, Gene1877, Gene1700, Gene2657, Gene2972 
 Topic 2: Gene1187, Gene2657, Gene1761, Gene878, Gene1737 
 Topic 3: Gene2008, Gene2657, Gene1470, Gene304, Gene1737 
 Topic 4: Gene1700, Gene1417, Gene1187, Gene1737, Gene1753 
 Topic 5: Gene2210, Gene1973, Gene1220, Gene2657, Gene304 
......................................................................................................
Completed E-Step (11 seconds). 
Completed M-Step (0 seconds). 
convergence.check is 1.744495e-06 
Completing Iteration 36 (approx. per word bound = -17.782, relative change = 1.744e-06) 
......................................................................................................
Completed E-Step (11 seconds). 
Completed M-Step (0 seconds). 
convergence.check is 1.672136e-06 
Completing Iteration 37 (approx. per word bound = -17.782, relative change = 1.672e-06) 
......................................................................................................
Completed E-Step (11 seconds). 
Completed M-Step (0 seconds). 
convergence.check is 1.605691e-06 
Completing Iteration 38 (approx. per word bound = -17.782, relative change = 1.606e-06) 
......................................................................................................
Completed E-Step (10 seconds). 
Completed M-Step (0 seconds). 
convergence.check is 1.387108e-06 
Completing Iteration 39 (approx. per word bound = -17.782, relative change = 1.387e-06) 
......................................................................................................
Completed E-Step (10 seconds). 
Completed M-Step (0 seconds). 
convergence.check is 1.389128e-06 
Completing Iteration 40 (approx. per word bound = -17.782, relative change = 1.389e-06) 
Topic 1: Gene1761, Gene1877, Gene1700, Gene2657, Gene2972 
 Topic 2: Gene1187, Gene2657, Gene1761, Gene878, Gene1737 
 Topic 3: Gene2008, Gene2657, Gene1470, Gene304, Gene1737 
 Topic 4: Gene1700, Gene1417, Gene1187, Gene1737, Gene1753 
 Topic 5: Gene2210, Gene1973, Gene1220, Gene2657, Gene1761 
......................................................................................................
Completed E-Step (10 seconds). 
Completed M-Step (0 seconds). 
convergence.check is 1.188225e-06 
Completing Iteration 41 (approx. per word bound = -17.782, relative change = 1.188e-06) 
......................................................................................................
Completed E-Step (10 seconds). 
Completed M-Step (0 seconds). 
convergence.check is 1.226354e-06 
Completing Iteration 42 (approx. per word bound = -17.782, relative change = 1.226e-06) 
......................................................................................................
Completed E-Step (10 seconds). 
Completed M-Step (0 seconds). 
convergence.check is 1.09553e-06 
Completing Iteration 43 (approx. per word bound = -17.782, relative change = 1.096e-06) 
......................................................................................................
Completed E-Step (10 seconds). 
Completed M-Step (0 seconds). 
convergence.check is 9.400962e-07 
Model Converged 
4 select model run 
Initialization with topicScore. 
Initializing factors using Topic SCORE algorithm.
Initializing loadings by running 10 SCD updates.
......................................................................................................
Completed E-Step (9 seconds). 
Completed M-Step (0 seconds). 
Completing Iteration 1 (approx. per word bound = -17.786) 
......................................................................................................
Completed E-Step (14 seconds). 
Completed M-Step (0 seconds). 
convergence.check is 1.575759e-05 
Completing Iteration 2 (approx. per word bound = -17.785, relative change = 1.576e-05) 
......................................................................................................
Completed E-Step (14 seconds). 
Completed M-Step (0 seconds). 
convergence.check is 1.103029e-05 
Completing Iteration 3 (approx. per word bound = -17.785, relative change = 1.103e-05) 
......................................................................................................
Completed E-Step (14 seconds). 
Completed M-Step (0 seconds). 
convergence.check is 1.029528e-05 
Completing Iteration 4 (approx. per word bound = -17.785, relative change = 1.030e-05) 
......................................................................................................
Completed E-Step (14 seconds). 
Completed M-Step (0 seconds). 
convergence.check is 9.410686e-06 
Completing Iteration 5 (approx. per word bound = -17.785, relative change = 9.411e-06) 
Topic 1: Gene1700, Gene1417, Gene1187, Gene1753, Gene304 
 Topic 2: Gene1761, Gene1877, Gene1700, Gene2657, Gene2972 
 Topic 3: Gene2008, Gene1470, Gene2657, Gene304, Gene1737 
 Topic 4: Gene1187, Gene878, Gene2657, Gene1761, Gene1737 
 Topic 5: Gene2210, Gene1973, Gene1220, Gene2657, Gene304 
......................................................................................................
Completed E-Step (16 seconds). 
Completed M-Step (0 seconds). 
convergence.check is 8.803529e-06 
Completing Iteration 6 (approx. per word bound = -17.785, relative change = 8.804e-06) 
......................................................................................................
Completed E-Step (16 seconds). 
Completed M-Step (0 seconds). 
convergence.check is 8.197668e-06 
Completing Iteration 7 (approx. per word bound = -17.785, relative change = 8.198e-06) 
......................................................................................................
Completed E-Step (15 seconds). 
Completed M-Step (0 seconds). 
convergence.check is 7.757865e-06 
Completing Iteration 8 (approx. per word bound = -17.784, relative change = 7.758e-06) 
......................................................................................................
Completed E-Step (13 seconds). 
Completed M-Step (0 seconds). 
convergence.check is 7.143593e-06 
Completing Iteration 9 (approx. per word bound = -17.784, relative change = 7.144e-06) 
......................................................................................................
Completed E-Step (13 seconds). 
Completed M-Step (0 seconds). 
convergence.check is 6.711779e-06 
Completing Iteration 10 (approx. per word bound = -17.784, relative change = 6.712e-06) 
Topic 1: Gene1700, Gene1417, Gene1187, Gene1753, Gene1737 
 Topic 2: Gene1761, Gene1877, Gene1700, Gene2657, Gene2972 
 Topic 3: Gene2008, Gene1470, Gene2657, Gene304, Gene1737 
 Topic 4: Gene1187, Gene878, Gene2657, Gene1761, Gene1737 
 Topic 5: Gene2210, Gene1973, Gene1220, Gene2657, Gene304 
......................................................................................................
Completed E-Step (15 seconds). 
Completed M-Step (0 seconds). 
convergence.check is 6.406854e-06 
Completing Iteration 11 (approx. per word bound = -17.784, relative change = 6.407e-06) 
......................................................................................................
Completed E-Step (13 seconds). 
Completed M-Step (0 seconds). 
convergence.check is 6.119676e-06 
Completing Iteration 12 (approx. per word bound = -17.784, relative change = 6.120e-06) 
......................................................................................................
Completed E-Step (14 seconds). 
Completed M-Step (0 seconds). 
convergence.check is 5.700152e-06 
Completing Iteration 13 (approx. per word bound = -17.784, relative change = 5.700e-06) 
......................................................................................................
Completed E-Step (14 seconds). 
Completed M-Step (0 seconds). 
convergence.check is 5.531838e-06 
Completing Iteration 14 (approx. per word bound = -17.784, relative change = 5.532e-06) 
......................................................................................................
Completed E-Step (13 seconds). 
Completed M-Step (0 seconds). 
convergence.check is 5.218347e-06 
Completing Iteration 15 (approx. per word bound = -17.784, relative change = 5.218e-06) 
Topic 1: Gene1700, Gene1417, Gene1187, Gene1753, Gene1737 
 Topic 2: Gene1761, Gene1877, Gene1700, Gene2657, Gene2972 
 Topic 3: Gene2008, Gene1470, Gene2657, Gene304, Gene1737 
 Topic 4: Gene1187, Gene878, Gene2657, Gene1761, Gene1737 
 Topic 5: Gene2210, Gene1973, Gene1220, Gene2657, Gene304 
......................................................................................................
Completed E-Step (12 seconds). 
Completed M-Step (0 seconds). 
convergence.check is 5.022441e-06 
Completing Iteration 16 (approx. per word bound = -17.784, relative change = 5.022e-06) 
......................................................................................................
Completed E-Step (13 seconds). 
Completed M-Step (0 seconds). 
convergence.check is 4.825562e-06 
Completing Iteration 17 (approx. per word bound = -17.783, relative change = 4.826e-06) 
......................................................................................................
Completed E-Step (12 seconds). 
Completed M-Step (0 seconds). 
convergence.check is 4.590344e-06 
Completing Iteration 18 (approx. per word bound = -17.783, relative change = 4.590e-06) 
......................................................................................................
Completed E-Step (12 seconds). 
Completed M-Step (0 seconds). 
convergence.check is 4.457979e-06 
Completing Iteration 19 (approx. per word bound = -17.783, relative change = 4.458e-06) 
......................................................................................................
Completed E-Step (12 seconds). 
Completed M-Step (0 seconds). 
convergence.check is 4.222247e-06 
Completing Iteration 20 (approx. per word bound = -17.783, relative change = 4.222e-06) 
Topic 1: Gene1700, Gene1417, Gene1187, Gene1737, Gene1753 
 Topic 2: Gene1761, Gene1877, Gene1700, Gene2657, Gene2972 
 Topic 3: Gene2008, Gene1470, Gene2657, Gene304, Gene1737 
 Topic 4: Gene1187, Gene2657, Gene878, Gene1761, Gene1737 
 Topic 5: Gene2210, Gene1973, Gene1220, Gene2657, Gene304 
......................................................................................................
Completed E-Step (11 seconds). 
Completed M-Step (0 seconds). 
convergence.check is 4.063891e-06 
Completing Iteration 21 (approx. per word bound = -17.783, relative change = 4.064e-06) 
......................................................................................................
Completed E-Step (11 seconds). 
Completed M-Step (0 seconds). 
convergence.check is 3.963887e-06 
Completing Iteration 22 (approx. per word bound = -17.783, relative change = 3.964e-06) 
......................................................................................................
Completed E-Step (11 seconds). 
Completed M-Step (0 seconds). 
convergence.check is 3.756066e-06 
Completing Iteration 23 (approx. per word bound = -17.783, relative change = 3.756e-06) 
......................................................................................................
Completed E-Step (11 seconds). 
Completed M-Step (0 seconds). 
convergence.check is 3.599822e-06 
Completing Iteration 24 (approx. per word bound = -17.783, relative change = 3.600e-06) 
......................................................................................................
Completed E-Step (11 seconds). 
Completed M-Step (0 seconds). 
convergence.check is 3.449282e-06 
Completing Iteration 25 (approx. per word bound = -17.783, relative change = 3.449e-06) 
Topic 1: Gene1700, Gene1417, Gene1187, Gene1737, Gene1753 
 Topic 2: Gene1761, Gene1877, Gene1700, Gene2657, Gene2972 
 Topic 3: Gene2008, Gene1470, Gene2657, Gene304, Gene1737 
 Topic 4: Gene1187, Gene2657, Gene878, Gene1761, Gene1737 
 Topic 5: Gene2210, Gene1973, Gene1220, Gene2657, Gene304 
......................................................................................................
Completed E-Step (11 seconds). 
Completed M-Step (0 seconds). 
convergence.check is 3.344892e-06 
Completing Iteration 26 (approx. per word bound = -17.783, relative change = 3.345e-06) 
......................................................................................................
Completed E-Step (11 seconds). 
Completed M-Step (0 seconds). 
convergence.check is 3.142571e-06 
Completing Iteration 27 (approx. per word bound = -17.783, relative change = 3.143e-06) 
......................................................................................................
Completed E-Step (10 seconds). 
Completed M-Step (0 seconds). 
convergence.check is 3.00898e-06 
Completing Iteration 28 (approx. per word bound = -17.783, relative change = 3.009e-06) 
......................................................................................................
Completed E-Step (11 seconds). 
Completed M-Step (0 seconds). 
convergence.check is 2.839267e-06 
Completing Iteration 29 (approx. per word bound = -17.783, relative change = 2.839e-06) 
......................................................................................................
Completed E-Step (11 seconds). 
Completed M-Step (0 seconds). 
convergence.check is 2.719154e-06 
Completing Iteration 30 (approx. per word bound = -17.783, relative change = 2.719e-06) 
Topic 1: Gene1700, Gene1417, Gene1187, Gene1737, Gene1753 
 Topic 2: Gene1761, Gene1877, Gene1700, Gene2657, Gene2972 
 Topic 3: Gene2008, Gene1470, Gene2657, Gene304, Gene1737 
 Topic 4: Gene1187, Gene2657, Gene878, Gene1761, Gene1737 
 Topic 5: Gene2210, Gene1973, Gene1220, Gene2657, Gene304 
......................................................................................................
Completed E-Step (11 seconds). 
Completed M-Step (0 seconds). 
convergence.check is 2.56101e-06 
Completing Iteration 31 (approx. per word bound = -17.783, relative change = 2.561e-06) 
......................................................................................................
Completed E-Step (11 seconds). 
Completed M-Step (0 seconds). 
convergence.check is 2.415336e-06 
Completing Iteration 32 (approx. per word bound = -17.782, relative change = 2.415e-06) 
......................................................................................................
Completed E-Step (10 seconds). 
Completed M-Step (0 seconds). 
convergence.check is 2.272306e-06 
Completing Iteration 33 (approx. per word bound = -17.782, relative change = 2.272e-06) 
......................................................................................................
Completed E-Step (10 seconds). 
Completed M-Step (0 seconds). 
convergence.check is 2.191666e-06 
Completing Iteration 34 (approx. per word bound = -17.782, relative change = 2.192e-06) 
......................................................................................................
Completed E-Step (10 seconds). 
Completed M-Step (0 seconds). 
convergence.check is 2.033133e-06 
Completing Iteration 35 (approx. per word bound = -17.782, relative change = 2.033e-06) 
Topic 1: Gene1700, Gene1417, Gene1187, Gene1737, Gene1753 
 Topic 2: Gene1761, Gene1877, Gene1700, Gene2657, Gene2972 
 Topic 3: Gene2008, Gene1470, Gene2657, Gene304, Gene1737 
 Topic 4: Gene1187, Gene2657, Gene1761, Gene878, Gene1737 
 Topic 5: Gene2210, Gene1973, Gene1220, Gene2657, Gene304 
......................................................................................................
Completed E-Step (10 seconds). 
Completed M-Step (0 seconds). 
convergence.check is 1.920584e-06 
Completing Iteration 36 (approx. per word bound = -17.782, relative change = 1.921e-06) 
......................................................................................................
Completed E-Step (10 seconds). 
Completed M-Step (0 seconds). 
convergence.check is 1.826301e-06 
Completing Iteration 37 (approx. per word bound = -17.782, relative change = 1.826e-06) 
......................................................................................................
Completed E-Step (10 seconds). 
Completed M-Step (0 seconds). 
convergence.check is 1.598148e-06 
Completing Iteration 38 (approx. per word bound = -17.782, relative change = 1.598e-06) 
......................................................................................................
Completed E-Step (9 seconds). 
Completed M-Step (0 seconds). 
convergence.check is 1.634075e-06 
Completing Iteration 39 (approx. per word bound = -17.782, relative change = 1.634e-06) 
......................................................................................................
Completed E-Step (9 seconds). 
Completed M-Step (0 seconds). 
convergence.check is 1.534592e-06 
Completing Iteration 40 (approx. per word bound = -17.782, relative change = 1.535e-06) 
Topic 1: Gene1700, Gene1417, Gene1187, Gene1737, Gene1753 
 Topic 2: Gene1761, Gene1877, Gene1700, Gene2657, Gene2972 
 Topic 3: Gene2008, Gene2657, Gene1470, Gene304, Gene1737 
 Topic 4: Gene1187, Gene2657, Gene1761, Gene878, Gene1737 
 Topic 5: Gene2210, Gene1973, Gene1220, Gene2657, Gene1761 
......................................................................................................
Completed E-Step (9 seconds). 
Completed M-Step (0 seconds). 
convergence.check is 1.38316e-06 
Completing Iteration 41 (approx. per word bound = -17.782, relative change = 1.383e-06) 
......................................................................................................
Completed E-Step (9 seconds). 
Completed M-Step (0 seconds). 
convergence.check is 1.32205e-06 
Completing Iteration 42 (approx. per word bound = -17.782, relative change = 1.322e-06) 
......................................................................................................
Completed E-Step (9 seconds). 
Completed M-Step (0 seconds). 
convergence.check is 1.173416e-06 
Completing Iteration 43 (approx. per word bound = -17.782, relative change = 1.173e-06) 
......................................................................................................
Completed E-Step (8 seconds). 
Completed M-Step (0 seconds). 
convergence.check is 1.123512e-06 
Completing Iteration 44 (approx. per word bound = -17.782, relative change = 1.124e-06) 
......................................................................................................
Completed E-Step (8 seconds). 
Completed M-Step (0 seconds). 
convergence.check is 1.073265e-06 
Completing Iteration 45 (approx. per word bound = -17.782, relative change = 1.073e-06) 
Topic 1: Gene1700, Gene1417, Gene1187, Gene1737, Gene1753 
 Topic 2: Gene1761, Gene1877, Gene1700, Gene2657, Gene2972 
 Topic 3: Gene2008, Gene2657, Gene1470, Gene304, Gene1737 
 Topic 4: Gene1187, Gene2657, Gene1761, Gene878, Gene1737 
 Topic 5: Gene2210, Gene1973, Gene1220, Gene2657, Gene1761 
......................................................................................................
Completed E-Step (8 seconds). 
Completed M-Step (0 seconds). 
convergence.check is 1.000449e-06 
Completing Iteration 46 (approx. per word bound = -17.782, relative change = 1.000e-06) 
......................................................................................................
Completed E-Step (8 seconds). 
Completed M-Step (0 seconds). 
convergence.check is 9.776334e-07 
Model Converged 
5 select model run 
Initialization with topicScore. 
Initializing factors using Topic SCORE algorithm.
Initializing loadings by running 10 SCD updates.
......................................................................................................
Completed E-Step (7 seconds). 
Completed M-Step (0 seconds). 
Completing Iteration 1 (approx. per word bound = -17.786) 
......................................................................................................
Completed E-Step (14 seconds). 
Completed M-Step (0 seconds). 
convergence.check is 1.576987e-05 
Completing Iteration 2 (approx. per word bound = -17.785, relative change = 1.577e-05) 
......................................................................................................
Completed E-Step (14 seconds). 
Completed M-Step (0 seconds). 
convergence.check is 1.102795e-05 
Completing Iteration 3 (approx. per word bound = -17.785, relative change = 1.103e-05) 
......................................................................................................
Completed E-Step (14 seconds). 
Completed M-Step (0 seconds). 
convergence.check is 1.021389e-05 
Completing Iteration 4 (approx. per word bound = -17.785, relative change = 1.021e-05) 
......................................................................................................
Completed E-Step (15 seconds). 
Completed M-Step (0 seconds). 
convergence.check is 9.603049e-06 
Completing Iteration 5 (approx. per word bound = -17.785, relative change = 9.603e-06) 
Topic 1: Gene1187, Gene878, Gene2657, Gene1761, Gene1737 
 Topic 2: Gene1761, Gene1877, Gene1700, Gene2657, Gene2972 
 Topic 3: Gene1700, Gene1417, Gene1187, Gene1753, Gene304 
 Topic 4: Gene2008, Gene1470, Gene2657, Gene304, Gene1737 
 Topic 5: Gene2210, Gene1973, Gene1220, Gene2657, Gene304 
......................................................................................................
Completed E-Step (14 seconds). 
Completed M-Step (0 seconds). 
convergence.check is 8.650716e-06 
Completing Iteration 6 (approx. per word bound = -17.785, relative change = 8.651e-06) 
......................................................................................................
Completed E-Step (14 seconds). 
Completed M-Step (0 seconds). 
convergence.check is 8.181631e-06 
Completing Iteration 7 (approx. per word bound = -17.785, relative change = 8.182e-06) 
......................................................................................................
Completed E-Step (14 seconds). 
Completed M-Step (0 seconds). 
convergence.check is 7.692227e-06 
Completing Iteration 8 (approx. per word bound = -17.784, relative change = 7.692e-06) 
......................................................................................................
Completed E-Step (14 seconds). 
Completed M-Step (0 seconds). 
convergence.check is 7.114445e-06 
Completing Iteration 9 (approx. per word bound = -17.784, relative change = 7.114e-06) 
......................................................................................................
Completed E-Step (13 seconds). 
Completed M-Step (0 seconds). 
convergence.check is 6.790313e-06 
Completing Iteration 10 (approx. per word bound = -17.784, relative change = 6.790e-06) 
Topic 1: Gene1187, Gene878, Gene2657, Gene1761, Gene1737 
 Topic 2: Gene1761, Gene1877, Gene1700, Gene2657, Gene2972 
 Topic 3: Gene1700, Gene1417, Gene1187, Gene1753, Gene304 
 Topic 4: Gene2008, Gene1470, Gene2657, Gene304, Gene1737 
 Topic 5: Gene2210, Gene1973, Gene1220, Gene2657, Gene304 
......................................................................................................
Completed E-Step (13 seconds). 
Completed M-Step (0 seconds). 
convergence.check is 6.290933e-06 
Completing Iteration 11 (approx. per word bound = -17.784, relative change = 6.291e-06) 
......................................................................................................
Completed E-Step (13 seconds). 
Completed M-Step (0 seconds). 
convergence.check is 6.067381e-06 
Completing Iteration 12 (approx. per word bound = -17.784, relative change = 6.067e-06) 
......................................................................................................
Completed E-Step (13 seconds). 
Completed M-Step (0 seconds). 
convergence.check is 5.767325e-06 
Completing Iteration 13 (approx. per word bound = -17.784, relative change = 5.767e-06) 
......................................................................................................
Completed E-Step (12 seconds). 
Completed M-Step (0 seconds). 
convergence.check is 5.481188e-06 
Completing Iteration 14 (approx. per word bound = -17.784, relative change = 5.481e-06) 
......................................................................................................
Completed E-Step (12 seconds). 
Completed M-Step (0 seconds). 
convergence.check is 5.175924e-06 
Completing Iteration 15 (approx. per word bound = -17.784, relative change = 5.176e-06) 
Topic 1: Gene1187, Gene878, Gene2657, Gene1761, Gene1737 
 Topic 2: Gene1761, Gene1877, Gene1700, Gene2657, Gene2972 
 Topic 3: Gene1700, Gene1417, Gene1187, Gene1753, Gene1737 
 Topic 4: Gene2008, Gene1470, Gene2657, Gene304, Gene1737 
 Topic 5: Gene2210, Gene1973, Gene1220, Gene2657, Gene304 
......................................................................................................
Completed E-Step (12 seconds). 
Completed M-Step (0 seconds). 
convergence.check is 4.98866e-06 
Completing Iteration 16 (approx. per word bound = -17.784, relative change = 4.989e-06) 
......................................................................................................
Completed E-Step (12 seconds). 
Completed M-Step (0 seconds). 
convergence.check is 4.843668e-06 
Completing Iteration 17 (approx. per word bound = -17.783, relative change = 4.844e-06) 
......................................................................................................
Completed E-Step (12 seconds). 
Completed M-Step (0 seconds). 
convergence.check is 4.570743e-06 
Completing Iteration 18 (approx. per word bound = -17.783, relative change = 4.571e-06) 
......................................................................................................
Completed E-Step (11 seconds). 
Completed M-Step (0 seconds). 
convergence.check is 4.450386e-06 
Completing Iteration 19 (approx. per word bound = -17.783, relative change = 4.450e-06) 
......................................................................................................
Completed E-Step (12 seconds). 
Completed M-Step (0 seconds). 
convergence.check is 4.280536e-06 
Completing Iteration 20 (approx. per word bound = -17.783, relative change = 4.281e-06) 
Topic 1: Gene1187, Gene2657, Gene878, Gene1761, Gene1737 
 Topic 2: Gene1761, Gene1877, Gene1700, Gene2657, Gene2972 
 Topic 3: Gene1700, Gene1417, Gene1187, Gene1737, Gene1753 
 Topic 4: Gene2008, Gene1470, Gene2657, Gene304, Gene1737 
 Topic 5: Gene2210, Gene1973, Gene1220, Gene2657, Gene304 
......................................................................................................
Completed E-Step (12 seconds). 
Completed M-Step (0 seconds). 
convergence.check is 4.050661e-06 
Completing Iteration 21 (approx. per word bound = -17.783, relative change = 4.051e-06) 
......................................................................................................
Completed E-Step (12 seconds). 
Completed M-Step (0 seconds). 
convergence.check is 3.997078e-06 
Completing Iteration 22 (approx. per word bound = -17.783, relative change = 3.997e-06) 
......................................................................................................
Completed E-Step (12 seconds). 
Completed M-Step (0 seconds). 
convergence.check is 3.74577e-06 
Completing Iteration 23 (approx. per word bound = -17.783, relative change = 3.746e-06) 
......................................................................................................
Completed E-Step (12 seconds). 
Completed M-Step (0 seconds). 
convergence.check is 3.569413e-06 
Completing Iteration 24 (approx. per word bound = -17.783, relative change = 3.569e-06) 
......................................................................................................
Completed E-Step (11 seconds). 
Completed M-Step (0 seconds). 
convergence.check is 3.460272e-06 
Completing Iteration 25 (approx. per word bound = -17.783, relative change = 3.460e-06) 
Topic 1: Gene1187, Gene2657, Gene878, Gene1761, Gene1737 
 Topic 2: Gene1761, Gene1877, Gene1700, Gene2657, Gene2972 
 Topic 3: Gene1700, Gene1417, Gene1187, Gene1737, Gene1753 
 Topic 4: Gene2008, Gene1470, Gene2657, Gene304, Gene1737 
 Topic 5: Gene2210, Gene1973, Gene1220, Gene2657, Gene304 
......................................................................................................
Completed E-Step (12 seconds). 
Completed M-Step (0 seconds). 
convergence.check is 3.363608e-06 
Completing Iteration 26 (approx. per word bound = -17.783, relative change = 3.364e-06) 
......................................................................................................
Completed E-Step (13 seconds). 
Completed M-Step (0 seconds). 
convergence.check is 3.160172e-06 
Completing Iteration 27 (approx. per word bound = -17.783, relative change = 3.160e-06) 
......................................................................................................
Completed E-Step (11 seconds). 
Completed M-Step (0 seconds). 
convergence.check is 3.024858e-06 
Completing Iteration 28 (approx. per word bound = -17.783, relative change = 3.025e-06) 
......................................................................................................
Completed E-Step (11 seconds). 
Completed M-Step (0 seconds). 
convergence.check is 2.847503e-06 
Completing Iteration 29 (approx. per word bound = -17.783, relative change = 2.848e-06) 
......................................................................................................
Completed E-Step (11 seconds). 
Completed M-Step (0 seconds). 
convergence.check is 2.732493e-06 
Completing Iteration 30 (approx. per word bound = -17.783, relative change = 2.732e-06) 
Topic 1: Gene1187, Gene2657, Gene878, Gene1761, Gene1737 
 Topic 2: Gene1761, Gene1877, Gene1700, Gene2657, Gene2972 
 Topic 3: Gene1700, Gene1417, Gene1187, Gene1737, Gene1753 
 Topic 4: Gene2008, Gene1470, Gene2657, Gene304, Gene1737 
 Topic 5: Gene2210, Gene1973, Gene1220, Gene2657, Gene304 
......................................................................................................
Completed E-Step (10 seconds). 
Completed M-Step (0 seconds). 
convergence.check is 2.568086e-06 
Completing Iteration 31 (approx. per word bound = -17.783, relative change = 2.568e-06) 
......................................................................................................
Completed E-Step (10 seconds). 
Completed M-Step (0 seconds). 
convergence.check is 2.425546e-06 
Completing Iteration 32 (approx. per word bound = -17.783, relative change = 2.426e-06) 
......................................................................................................
Completed E-Step (10 seconds). 
Completed M-Step (0 seconds). 
convergence.check is 2.290383e-06 
Completing Iteration 33 (approx. per word bound = -17.783, relative change = 2.290e-06) 
......................................................................................................
Completed E-Step (10 seconds). 
Completed M-Step (0 seconds). 
convergence.check is 2.138146e-06 
Completing Iteration 34 (approx. per word bound = -17.782, relative change = 2.138e-06) 
......................................................................................................
Completed E-Step (10 seconds). 
Completed M-Step (0 seconds). 
convergence.check is 2.04915e-06 
Completing Iteration 35 (approx. per word bound = -17.782, relative change = 2.049e-06) 
Topic 1: Gene1187, Gene2657, Gene1761, Gene878, Gene1737 
 Topic 2: Gene1761, Gene1877, Gene1700, Gene2657, Gene2972 
 Topic 3: Gene1700, Gene1417, Gene1187, Gene1737, Gene1753 
 Topic 4: Gene2008, Gene1470, Gene2657, Gene304, Gene1737 
 Topic 5: Gene2210, Gene1973, Gene1220, Gene2657, Gene304 
......................................................................................................
Completed E-Step (10 seconds). 
Completed M-Step (0 seconds). 
convergence.check is 1.981384e-06 
Completing Iteration 36 (approx. per word bound = -17.782, relative change = 1.981e-06) 
......................................................................................................
Completed E-Step (9 seconds). 
Completed M-Step (0 seconds). 
convergence.check is 1.823981e-06 
Completing Iteration 37 (approx. per word bound = -17.782, relative change = 1.824e-06) 
......................................................................................................
Completed E-Step (9 seconds). 
Completed M-Step (0 seconds). 
convergence.check is 1.66694e-06 
Completing Iteration 38 (approx. per word bound = -17.782, relative change = 1.667e-06) 
......................................................................................................
Completed E-Step (9 seconds). 
Completed M-Step (0 seconds). 
convergence.check is 1.614652e-06 
Completing Iteration 39 (approx. per word bound = -17.782, relative change = 1.615e-06) 
......................................................................................................
Completed E-Step (9 seconds). 
Completed M-Step (0 seconds). 
convergence.check is 1.447959e-06 
Completing Iteration 40 (approx. per word bound = -17.782, relative change = 1.448e-06) 
Topic 1: Gene1187, Gene2657, Gene1761, Gene878, Gene1737 
 Topic 2: Gene1761, Gene1877, Gene1700, Gene2657, Gene2972 
 Topic 3: Gene1700, Gene1417, Gene1187, Gene1737, Gene1753 
 Topic 4: Gene2008, Gene2657, Gene1470, Gene304, Gene1737 
 Topic 5: Gene2210, Gene1973, Gene1220, Gene2657, Gene1761 
......................................................................................................
Completed E-Step (9 seconds). 
Completed M-Step (0 seconds). 
convergence.check is 1.361338e-06 
Completing Iteration 41 (approx. per word bound = -17.782, relative change = 1.361e-06) 
......................................................................................................
Completed E-Step (8 seconds). 
Completed M-Step (0 seconds). 
convergence.check is 1.307967e-06 
Completing Iteration 42 (approx. per word bound = -17.782, relative change = 1.308e-06) 
......................................................................................................
Completed E-Step (8 seconds). 
Completed M-Step (0 seconds). 
convergence.check is 1.236359e-06 
Completing Iteration 43 (approx. per word bound = -17.782, relative change = 1.236e-06) 
......................................................................................................
Completed E-Step (8 seconds). 
Completed M-Step (0 seconds). 
convergence.check is 1.10723e-06 
Completing Iteration 44 (approx. per word bound = -17.782, relative change = 1.107e-06) 
......................................................................................................
Completed E-Step (8 seconds). 
Completed M-Step (0 seconds). 
convergence.check is 1.259725e-06 
Completing Iteration 45 (approx. per word bound = -17.782, relative change = 1.260e-06) 
Topic 1: Gene1187, Gene2657, Gene1761, Gene878, Gene1737 
 Topic 2: Gene1761, Gene1877, Gene1700, Gene2657, Gene2972 
 Topic 3: Gene1700, Gene1417, Gene1187, Gene1737, Gene1753 
 Topic 4: Gene2008, Gene2657, Gene1470, Gene304, Gene1737 
 Topic 5: Gene2210, Gene1973, Gene1220, Gene2657, Gene1761 
......................................................................................................
Completed E-Step (8 seconds). 
Completed M-Step (0 seconds). 
convergence.check is 7.077378e-07 
Model Converged 
