sims_1712873833_L7.rds 
        R/alignCorpus.R R/asSTMCorpus.R R/checkBeta.R R/cloud.R
value   ?               ?               ?             ?        
visible FALSE           FALSE           FALSE         FALSE    
        R/convertCorpus.R R/estimateEffect.R R/estimateMixedEffect.R
value   ?                 ?                  ?                      
visible FALSE             FALSE              FALSE                  
        R/exclusivity.R R/findThoughts.R R/findTopic.R R/fitNewDocuments.R
value   ?               ?                ?             ?                  
visible FALSE           FALSE            FALSE         FALSE              
        R/heldout.R R/jeffreyskappa.R R/labelTopics.R R/makeDesignMatrix.R
value   ?           ?                 ?               ?                   
visible FALSE       FALSE             FALSE           FALSE               
        R/manyTopics.R R/multiSTM.R R/permute.R R/plot.estimateEffect.R
value   ?              ?            ?           ?                      
visible FALSE          FALSE        FALSE       FALSE                  
        R/plot.fixedEffect.R R/plot.searchK.R R/plot.STM.R R/plotModels.R
value   ?                    ?                ?            ?             
visible FALSE                FALSE            FALSE        FALSE         
        R/plotQuote.R R/plotRemoved.R R/plottingutilfns.R R/plotTopicLoess.R
value   ?             ?               ?                   ?                 
visible FALSE         FALSE           FALSE               FALSE             
        R/prepDocuments.R R/prepsce.R R/produce_cmatrix.R R/RcppExports.R
value   ?                 ?           ?                   ?              
visible FALSE             FALSE       FALSE               FALSE          
        R/readCorpus.R R/residuals.R R/s.R R/sageLabels.R R/scSTM.R R/searchK.R
value   ?              ?             ?     ?              ?         ?          
visible FALSE          FALSE         FALSE FALSE          FALSE     FALSE      
        R/selectModel.R R/semanticCoherence.R R/simBetas.R R/spectral.R
value   ?               ?                     ?            ?           
visible FALSE           FALSE                 FALSE        FALSE       
        R/stm-package.R R/stm.control.R R/STMbound.R R/STMconvergence.R
value   NULL            ?               ?            ?                 
visible TRUE            FALSE           FALSE        FALSE             
        R/STMestep.R R/STMfunctions.R R/STMinit.R R/STMinitLikelihood.R
value   ?            ?                ?           ?                    
visible FALSE        FALSE            FALSE       FALSE                
        R/STMlncpp.R R/STMmnreg.R R/STMmu.R R/STMoptbeta.R R/STMreport.R
value   ?            ?            ?         ?              ?            
visible FALSE        FALSE        FALSE     FALSE          FALSE        
        R/STMsigma.R R/STMsigs.R R/STMsubset.R R/summary.STM.R R/tau.R
value   ?            ?           ?             ?               ?      
visible FALSE        FALSE       FALSE         FALSE           FALSE  
        R/textProcessor.R R/thetaPosterior.R R/toLDAvis.R R/topicCorr.R
value   ?                 ?                  ?            ?            
visible FALSE             FALSE              FALSE        FALSE        
        R/topicLasso.R R/topicQuality.R R/writeLdac.R R/zzz.R
value   ?              ?                ?             ?      
visible FALSE          FALSE            FALSE         FALSE  
Casting net 
1 models in net 
Initialization with topicScore. 
Initializing factors using Topic SCORE algorithm.
Initializing loadings by running 10 SCD updates.
convergence.check is 9.599205e-05 
2 models in net 
Initialization with topicScore. 
Initializing factors using Topic SCORE algorithm.
Initializing loadings by running 10 SCD updates.
convergence.check is 0.0002091574 
3 models in net 
Initialization with topicScore. 
Initializing factors using Topic SCORE algorithm.
Initializing loadings by running 10 SCD updates.
convergence.check is 0.0004669242 
4 models in net 
Initialization with topicScore. 
Initializing factors using Topic SCORE algorithm.
Initializing loadings by running 10 SCD updates.
convergence.check is 9.523579e-05 
5 models in net 
Initialization with topicScore. 
Initializing factors using Topic SCORE algorithm.
Initializing loadings by running 10 SCD updates.
convergence.check is 0.0001309727 
6 models in net 
Initialization with topicScore. 
Initializing factors using Topic SCORE algorithm.
Initializing loadings by running 10 SCD updates.
convergence.check is 0.0001896429 
7 models in net 
Initialization with topicScore. 
Initializing factors using Topic SCORE algorithm.
Initializing loadings by running 10 SCD updates.
convergence.check is 0.0001165609 
8 models in net 
Initialization with topicScore. 
Initializing factors using Topic SCORE algorithm.
Initializing loadings by running 10 SCD updates.
convergence.check is 0.0001593761 
9 models in net 
Initialization with topicScore. 
Initializing factors using Topic SCORE algorithm.
Initializing loadings by running 10 SCD updates.
convergence.check is 0.0001832992 
10 models in net 
Initialization with topicScore. 
Initializing factors using Topic SCORE algorithm.
Initializing loadings by running 10 SCD updates.
convergence.check is 0.0001496806 
11 models in net 
Initialization with topicScore. 
Initializing factors using Topic SCORE algorithm.
Initializing loadings by running 10 SCD updates.
convergence.check is 0.0001727636 
12 models in net 
Initialization with topicScore. 
Initializing factors using Topic SCORE algorithm.
Initializing loadings by running 10 SCD updates.
convergence.check is 9.275174e-05 
13 models in net 
Initialization with topicScore. 
Initializing factors using Topic SCORE algorithm.
Initializing loadings by running 10 SCD updates.
convergence.check is 0.0004192988 
14 models in net 
Initialization with topicScore. 
Initializing factors using Topic SCORE algorithm.
Initializing loadings by running 10 SCD updates.
convergence.check is 0.002729661 
15 models in net 
Initialization with topicScore. 
Initializing factors using Topic SCORE algorithm.
Initializing loadings by running 10 SCD updates.
convergence.check is 0.0001793323 
16 models in net 
Initialization with topicScore. 
Initializing factors using Topic SCORE algorithm.
Initializing loadings by running 10 SCD updates.
convergence.check is 0.0001664713 
17 models in net 
Initialization with topicScore. 
Initializing factors using Topic SCORE algorithm.
Initializing loadings by running 10 SCD updates.
convergence.check is 0.0001675063 
18 models in net 
Initialization with topicScore. 
Initializing factors using Topic SCORE algorithm.
Initializing loadings by running 10 SCD updates.
convergence.check is 8.947042e-05 
19 models in net 
Initialization with topicScore. 
Initializing factors using Topic SCORE algorithm.
Initializing loadings by running 10 SCD updates.
convergence.check is 0.0001359502 
20 models in net 
Initialization with topicScore. 
Initializing factors using Topic SCORE algorithm.
Initializing loadings by running 10 SCD updates.
convergence.check is 8.904127e-05 
21 models in net 
convergence.check is 0.0005664807 
22 models in net 
Initialization with Poisson NMF 
convergence.check is 0.2109533 
23 models in net 
Initialization with Poisson NMF 
convergence.check is 0.2178135 
24 models in net 
Initialization with Poisson NMF 
convergence.check is 0.2154202 
25 models in net 
Initialization with Poisson NMF 
convergence.check is 0.2143211 
26 models in net 
Initialization with Poisson NMF 
convergence.check is 0.2190433 
27 models in net 
Initialization with Poisson NMF 
convergence.check is 0.2182991 
28 models in net 
Initialization with Poisson NMF 
convergence.check is 0.2169813 
29 models in net 
Initialization with Poisson NMF 
convergence.check is 0.2148284 
30 models in net 
Initialization with Poisson NMF 
convergence.check is 0.2134414 
31 models in net 
Initialization with Poisson NMF 
convergence.check is 0.2151251 
32 models in net 
Initialization with Poisson NMF 
convergence.check is 0.2173524 
33 models in net 
Initialization with Poisson NMF 
convergence.check is 0.2114933 
34 models in net 
Initialization with Poisson NMF 
convergence.check is 0.2124506 
35 models in net 
Initialization with Poisson NMF 
convergence.check is 0.2230101 
36 models in net 
Initialization with Poisson NMF 
convergence.check is 0.2134881 
37 models in net 
Initialization with Poisson NMF 
convergence.check is 0.2149545 
38 models in net 
Initialization with Poisson NMF 
convergence.check is 0.2130643 
39 models in net 
Initialization with Poisson NMF 
convergence.check is 0.2130369 
40 models in net 
Initialization with Poisson NMF 
convergence.check is 0.213574 
41 models in net 
Initialization with Poisson NMF 
convergence.check is 0.2145426 
Running select models 
1 select model run 
Beginning Spectral Initialization 
	 Calculating the gram matrix...
	 Finding anchor words...
 	.....
	 Recovering initialization...
 	..........
Initialization complete.
.......................................................................................................
Completed E-Step (38 seconds). 
Completed M-Step (0 seconds). 
Completing Iteration 1 (approx. per word bound = -19.321) 
.......................................................................................................
Completed E-Step (22 seconds). 
Completed M-Step (0 seconds). 
convergence.check is 0.0005664807 
Completing Iteration 2 (approx. per word bound = -19.310, relative change = 5.665e-04) 
.......................................................................................................
Completed E-Step (20 seconds). 
Completed M-Step (0 seconds). 
convergence.check is 0.0003034856 
Completing Iteration 3 (approx. per word bound = -19.304, relative change = 3.035e-04) 
.......................................................................................................
Completed E-Step (20 seconds). 
Completed M-Step (0 seconds). 
convergence.check is 0.0001726819 
Completing Iteration 4 (approx. per word bound = -19.301, relative change = 1.727e-04) 
.......................................................................................................
Completed E-Step (19 seconds). 
Completed M-Step (0 seconds). 
convergence.check is 0.0001046308 
Completing Iteration 5 (approx. per word bound = -19.299, relative change = 1.046e-04) 
Topic 1: Gene2441, Gene1708, Gene1584, Gene554, Gene2484 
 Topic 2: Gene554, Gene1597, Gene1584, Gene635, Gene998 
 Topic 3: Gene1472, Gene2270, Gene466, Gene2882, Gene2296 
 Topic 4: Gene995, Gene1567, Gene998, Gene1517, Gene992 
 Topic 5: Gene2270, Gene1738, Gene554, Gene2409, Gene2090 
.......................................................................................................
Completed E-Step (23 seconds). 
Completed M-Step (0 seconds). 
convergence.check is 6.914345e-05 
Completing Iteration 6 (approx. per word bound = -19.298, relative change = 6.914e-05) 
.......................................................................................................
Completed E-Step (18 seconds). 
Completed M-Step (0 seconds). 
convergence.check is 4.825038e-05 
Completing Iteration 7 (approx. per word bound = -19.297, relative change = 4.825e-05) 
.......................................................................................................
Completed E-Step (18 seconds). 
Completed M-Step (0 seconds). 
convergence.check is 3.547885e-05 
Completing Iteration 8 (approx. per word bound = -19.296, relative change = 3.548e-05) 
.......................................................................................................
Completed E-Step (18 seconds). 
Completed M-Step (0 seconds). 
convergence.check is 2.68708e-05 
Completing Iteration 9 (approx. per word bound = -19.296, relative change = 2.687e-05) 
.......................................................................................................
Completed E-Step (19 seconds). 
Completed M-Step (0 seconds). 
convergence.check is 2.114092e-05 
Completing Iteration 10 (approx. per word bound = -19.295, relative change = 2.114e-05) 
Topic 1: Gene2441, Gene1708, Gene1584, Gene554, Gene2484 
 Topic 2: Gene554, Gene1597, Gene1584, Gene635, Gene998 
 Topic 3: Gene2270, Gene1472, Gene466, Gene2296, Gene2882 
 Topic 4: Gene995, Gene998, Gene1567, Gene1517, Gene992 
 Topic 5: Gene2270, Gene1738, Gene554, Gene2409, Gene2090 
.......................................................................................................
Completed E-Step (18 seconds). 
Completed M-Step (0 seconds). 
convergence.check is 1.707095e-05 
Completing Iteration 11 (approx. per word bound = -19.295, relative change = 1.707e-05) 
.......................................................................................................
Completed E-Step (18 seconds). 
Completed M-Step (0 seconds). 
convergence.check is 1.485601e-05 
Completing Iteration 12 (approx. per word bound = -19.294, relative change = 1.486e-05) 
.......................................................................................................
Completed E-Step (18 seconds). 
Completed M-Step (0 seconds). 
convergence.check is 1.167309e-05 
Completing Iteration 13 (approx. per word bound = -19.294, relative change = 1.167e-05) 
.......................................................................................................
Completed E-Step (18 seconds). 
Completed M-Step (0 seconds). 
convergence.check is 9.742111e-06 
Model Converged 
2 select model run 
Initialization with topicScore. 
Initializing factors using Topic SCORE algorithm.
Initializing loadings by running 10 SCD updates.
.......................................................................................................
Completed E-Step (24 seconds). 
Completed M-Step (0 seconds). 
Completing Iteration 1 (approx. per word bound = -19.316) 
.......................................................................................................
Completed E-Step (24 seconds). 
Completed M-Step (0 seconds). 
convergence.check is 9.275174e-05 
Completing Iteration 2 (approx. per word bound = -19.314, relative change = 9.275e-05) 
.......................................................................................................
Completed E-Step (24 seconds). 
Completed M-Step (0 seconds). 
convergence.check is 7.258023e-05 
Completing Iteration 3 (approx. per word bound = -19.312, relative change = 7.258e-05) 
.......................................................................................................
Completed E-Step (23 seconds). 
Completed M-Step (0 seconds). 
convergence.check is 6.173215e-05 
Completing Iteration 4 (approx. per word bound = -19.311, relative change = 6.173e-05) 
.......................................................................................................
Completed E-Step (23 seconds). 
Completed M-Step (0 seconds). 
convergence.check is 5.261152e-05 
Completing Iteration 5 (approx. per word bound = -19.310, relative change = 5.261e-05) 
Topic 1: Gene673, Gene1567, Gene995, Gene1472, Gene1517 
 Topic 2: Gene995, Gene1517, Gene998, Gene1731, Gene267 
 Topic 3: Gene2270, Gene1472, Gene2296, Gene466, Gene1738 
 Topic 4: Gene554, Gene1597, Gene1584, Gene635, Gene2751 
 Topic 5: Gene2441, Gene1708, Gene1584, Gene554, Gene1654 
.......................................................................................................
Completed E-Step (22 seconds). 
Completed M-Step (0 seconds). 
convergence.check is 4.496722e-05 
Completing Iteration 6 (approx. per word bound = -19.309, relative change = 4.497e-05) 
.......................................................................................................
Completed E-Step (22 seconds). 
Completed M-Step (0 seconds). 
convergence.check is 3.866079e-05 
Completing Iteration 7 (approx. per word bound = -19.309, relative change = 3.866e-05) 
.......................................................................................................
Completed E-Step (21 seconds). 
Completed M-Step (0 seconds). 
convergence.check is 3.345346e-05 
Completing Iteration 8 (approx. per word bound = -19.308, relative change = 3.345e-05) 
.......................................................................................................
Completed E-Step (22 seconds). 
Completed M-Step (0 seconds). 
convergence.check is 2.915404e-05 
Completing Iteration 9 (approx. per word bound = -19.307, relative change = 2.915e-05) 
.......................................................................................................
Completed E-Step (21 seconds). 
Completed M-Step (0 seconds). 
convergence.check is 2.559427e-05 
Completing Iteration 10 (approx. per word bound = -19.307, relative change = 2.559e-05) 
Topic 1: Gene673, Gene1567, Gene995, Gene1517, Gene1472 
 Topic 2: Gene995, Gene1517, Gene998, Gene1731, Gene267 
 Topic 3: Gene2270, Gene1472, Gene2296, Gene466, Gene1738 
 Topic 4: Gene554, Gene1597, Gene1584, Gene635, Gene2751 
 Topic 5: Gene2441, Gene1708, Gene1584, Gene554, Gene1654 
.......................................................................................................
Completed E-Step (21 seconds). 
Completed M-Step (0 seconds). 
convergence.check is 2.267787e-05 
Completing Iteration 11 (approx. per word bound = -19.306, relative change = 2.268e-05) 
.......................................................................................................
Completed E-Step (19 seconds). 
Completed M-Step (0 seconds). 
convergence.check is 2.017231e-05 
Completing Iteration 12 (approx. per word bound = -19.306, relative change = 2.017e-05) 
.......................................................................................................
Completed E-Step (19 seconds). 
Completed M-Step (0 seconds). 
convergence.check is 1.812506e-05 
Completing Iteration 13 (approx. per word bound = -19.306, relative change = 1.813e-05) 
.......................................................................................................
Completed E-Step (19 seconds). 
Completed M-Step (0 seconds). 
convergence.check is 1.629973e-05 
Completing Iteration 14 (approx. per word bound = -19.305, relative change = 1.630e-05) 
.......................................................................................................
Completed E-Step (19 seconds). 
Completed M-Step (0 seconds). 
convergence.check is 1.475088e-05 
Completing Iteration 15 (approx. per word bound = -19.305, relative change = 1.475e-05) 
Topic 1: Gene673, Gene1567, Gene995, Gene1472, Gene1517 
 Topic 2: Gene995, Gene1517, Gene998, Gene1731, Gene267 
 Topic 3: Gene2270, Gene1472, Gene2296, Gene466, Gene1738 
 Topic 4: Gene554, Gene1597, Gene1584, Gene635, Gene2751 
 Topic 5: Gene2441, Gene1708, Gene1584, Gene554, Gene1654 
.......................................................................................................
Completed E-Step (18 seconds). 
Completed M-Step (0 seconds). 
convergence.check is 1.333522e-05 
Completing Iteration 16 (approx. per word bound = -19.305, relative change = 1.334e-05) 
.......................................................................................................
Completed E-Step (19 seconds). 
Completed M-Step (0 seconds). 
convergence.check is 1.204548e-05 
Completing Iteration 17 (approx. per word bound = -19.305, relative change = 1.205e-05) 
.......................................................................................................
Completed E-Step (18 seconds). 
Completed M-Step (0 seconds). 
convergence.check is 1.086386e-05 
Completing Iteration 18 (approx. per word bound = -19.304, relative change = 1.086e-05) 
.......................................................................................................
Completed E-Step (18 seconds). 
Completed M-Step (0 seconds). 
convergence.check is 9.786262e-06 
Model Converged 
3 select model run 
Initialization with topicScore. 
Initializing factors using Topic SCORE algorithm.
Initializing loadings by running 10 SCD updates.
.......................................................................................................
Completed E-Step (28 seconds). 
Completed M-Step (0 seconds). 
Completing Iteration 1 (approx. per word bound = -19.316) 
.......................................................................................................
Completed E-Step (26 seconds). 
Completed M-Step (0 seconds). 
convergence.check is 8.904127e-05 
Completing Iteration 2 (approx. per word bound = -19.314, relative change = 8.904e-05) 
.......................................................................................................
Completed E-Step (24 seconds). 
Completed M-Step (0 seconds). 
convergence.check is 7.137438e-05 
Completing Iteration 3 (approx. per word bound = -19.313, relative change = 7.137e-05) 
.......................................................................................................
Completed E-Step (26 seconds). 
Completed M-Step (0 seconds). 
convergence.check is 6.251593e-05 
Completing Iteration 4 (approx. per word bound = -19.312, relative change = 6.252e-05) 
.......................................................................................................
Completed E-Step (25 seconds). 
Completed M-Step (0 seconds). 
convergence.check is 5.464313e-05 
Completing Iteration 5 (approx. per word bound = -19.311, relative change = 5.464e-05) 
Topic 1: Gene673, Gene1567, Gene995, Gene998, Gene1472 
 Topic 2: Gene995, Gene1517, Gene998, Gene1731, Gene267 
 Topic 3: Gene554, Gene1597, Gene1584, Gene635, Gene2751 
 Topic 4: Gene2270, Gene1472, Gene2296, Gene466, Gene1738 
 Topic 5: Gene2441, Gene1708, Gene1584, Gene1654, Gene2484 
.......................................................................................................
Completed E-Step (23 seconds). 
Completed M-Step (0 seconds). 
convergence.check is 4.76983e-05 
Completing Iteration 6 (approx. per word bound = -19.310, relative change = 4.770e-05) 
.......................................................................................................
Completed E-Step (24 seconds). 
Completed M-Step (0 seconds). 
convergence.check is 4.151286e-05 
Completing Iteration 7 (approx. per word bound = -19.309, relative change = 4.151e-05) 
.......................................................................................................
Completed E-Step (23 seconds). 
Completed M-Step (0 seconds). 
convergence.check is 3.60875e-05 
Completing Iteration 8 (approx. per word bound = -19.308, relative change = 3.609e-05) 
.......................................................................................................
Completed E-Step (23 seconds). 
Completed M-Step (0 seconds). 
convergence.check is 3.128964e-05 
Completing Iteration 9 (approx. per word bound = -19.308, relative change = 3.129e-05) 
.......................................................................................................
Completed E-Step (22 seconds). 
Completed M-Step (0 seconds). 
convergence.check is 2.704161e-05 
Completing Iteration 10 (approx. per word bound = -19.307, relative change = 2.704e-05) 
Topic 1: Gene673, Gene1567, Gene995, Gene1517, Gene998 
 Topic 2: Gene995, Gene1517, Gene998, Gene1731, Gene267 
 Topic 3: Gene554, Gene1597, Gene1584, Gene635, Gene2751 
 Topic 4: Gene2270, Gene1472, Gene2296, Gene466, Gene1738 
 Topic 5: Gene2441, Gene1708, Gene1584, Gene1654, Gene2270 
.......................................................................................................
Completed E-Step (21 seconds). 
Completed M-Step (0 seconds). 
convergence.check is 2.336008e-05 
Completing Iteration 11 (approx. per word bound = -19.307, relative change = 2.336e-05) 
.......................................................................................................
Completed E-Step (21 seconds). 
Completed M-Step (0 seconds). 
convergence.check is 2.013694e-05 
Completing Iteration 12 (approx. per word bound = -19.306, relative change = 2.014e-05) 
.......................................................................................................
Completed E-Step (21 seconds). 
Completed M-Step (0 seconds). 
convergence.check is 1.737728e-05 
Completing Iteration 13 (approx. per word bound = -19.306, relative change = 1.738e-05) 
.......................................................................................................
Completed E-Step (20 seconds). 
Completed M-Step (0 seconds). 
convergence.check is 1.49809e-05 
Completing Iteration 14 (approx. per word bound = -19.306, relative change = 1.498e-05) 
.......................................................................................................
Completed E-Step (19 seconds). 
Completed M-Step (0 seconds). 
convergence.check is 1.297959e-05 
Completing Iteration 15 (approx. per word bound = -19.305, relative change = 1.298e-05) 
Topic 1: Gene673, Gene1567, Gene995, Gene1517, Gene998 
 Topic 2: Gene995, Gene1517, Gene998, Gene1731, Gene1567 
 Topic 3: Gene554, Gene1597, Gene1584, Gene635, Gene2751 
 Topic 4: Gene2270, Gene1472, Gene466, Gene2296, Gene1738 
 Topic 5: Gene2441, Gene1708, Gene1584, Gene2270, Gene1654 
.......................................................................................................
Completed E-Step (18 seconds). 
Completed M-Step (0 seconds). 
convergence.check is 1.129788e-05 
Completing Iteration 16 (approx. per word bound = -19.305, relative change = 1.130e-05) 
.......................................................................................................
Completed E-Step (19 seconds). 
Completed M-Step (0 seconds). 
convergence.check is 9.86496e-06 
Model Converged 
4 select model run 
Initialization with topicScore. 
Initializing factors using Topic SCORE algorithm.
Initializing loadings by running 10 SCD updates.
.......................................................................................................
Completed E-Step (29 seconds). 
Completed M-Step (0 seconds). 
Completing Iteration 1 (approx. per word bound = -19.317) 
.......................................................................................................
Completed E-Step (24 seconds). 
Completed M-Step (0 seconds). 
convergence.check is 9.523579e-05 
Completing Iteration 2 (approx. per word bound = -19.315, relative change = 9.524e-05) 
.......................................................................................................
Completed E-Step (24 seconds). 
Completed M-Step (0 seconds). 
convergence.check is 7.176965e-05 
Completing Iteration 3 (approx. per word bound = -19.313, relative change = 7.177e-05) 
.......................................................................................................
Completed E-Step (24 seconds). 
Completed M-Step (0 seconds). 
convergence.check is 6.088602e-05 
Completing Iteration 4 (approx. per word bound = -19.312, relative change = 6.089e-05) 
.......................................................................................................
Completed E-Step (24 seconds). 
Completed M-Step (0 seconds). 
convergence.check is 5.181119e-05 
Completing Iteration 5 (approx. per word bound = -19.311, relative change = 5.181e-05) 
Topic 1: Gene995, Gene1517, Gene998, Gene1731, Gene267 
 Topic 2: Gene673, Gene1567, Gene995, Gene1472, Gene1517 
 Topic 3: Gene2270, Gene1472, Gene2296, Gene466, Gene1738 
 Topic 4: Gene554, Gene1597, Gene1584, Gene635, Gene2751 
 Topic 5: Gene2441, Gene1708, Gene1584, Gene554, Gene1654 
.......................................................................................................
Completed E-Step (21 seconds). 
Completed M-Step (0 seconds). 
convergence.check is 4.427489e-05 
Completing Iteration 6 (approx. per word bound = -19.310, relative change = 4.427e-05) 
.......................................................................................................
Completed E-Step (21 seconds). 
Completed M-Step (0 seconds). 
convergence.check is 3.811141e-05 
Completing Iteration 7 (approx. per word bound = -19.310, relative change = 3.811e-05) 
.......................................................................................................
Completed E-Step (20 seconds). 
Completed M-Step (0 seconds). 
convergence.check is 3.301857e-05 
Completing Iteration 8 (approx. per word bound = -19.309, relative change = 3.302e-05) 
.......................................................................................................
Completed E-Step (21 seconds). 
Completed M-Step (0 seconds). 
convergence.check is 2.876506e-05 
Completing Iteration 9 (approx. per word bound = -19.308, relative change = 2.877e-05) 
.......................................................................................................
Completed E-Step (20 seconds). 
Completed M-Step (0 seconds). 
convergence.check is 2.528524e-05 
Completing Iteration 10 (approx. per word bound = -19.308, relative change = 2.529e-05) 
Topic 1: Gene995, Gene1517, Gene998, Gene1731, Gene267 
 Topic 2: Gene673, Gene1567, Gene995, Gene1472, Gene1517 
 Topic 3: Gene2270, Gene1472, Gene466, Gene2296, Gene1738 
 Topic 4: Gene554, Gene1597, Gene1584, Gene635, Gene2751 
 Topic 5: Gene2441, Gene1708, Gene1584, Gene554, Gene1654 
.......................................................................................................
Completed E-Step (19 seconds). 
Completed M-Step (0 seconds). 
convergence.check is 2.23228e-05 
Completing Iteration 11 (approx. per word bound = -19.307, relative change = 2.232e-05) 
.......................................................................................................
Completed E-Step (23 seconds). 
Completed M-Step (0 seconds). 
convergence.check is 1.980155e-05 
Completing Iteration 12 (approx. per word bound = -19.307, relative change = 1.980e-05) 
.......................................................................................................
Completed E-Step (14 seconds). 
Completed M-Step (0 seconds). 
convergence.check is 1.774401e-05 
Completing Iteration 13 (approx. per word bound = -19.307, relative change = 1.774e-05) 
.......................................................................................................
Completed E-Step (11 seconds). 
Completed M-Step (0 seconds). 
convergence.check is 1.585121e-05 
Completing Iteration 14 (approx. per word bound = -19.306, relative change = 1.585e-05) 
.......................................................................................................
Completed E-Step (11 seconds). 
Completed M-Step (0 seconds). 
convergence.check is 1.428573e-05 
Completing Iteration 15 (approx. per word bound = -19.306, relative change = 1.429e-05) 
Topic 1: Gene995, Gene1517, Gene998, Gene1731, Gene1567 
 Topic 2: Gene673, Gene1567, Gene995, Gene1472, Gene1517 
 Topic 3: Gene2270, Gene1472, Gene466, Gene2296, Gene1738 
 Topic 4: Gene554, Gene1597, Gene1584, Gene635, Gene2751 
 Topic 5: Gene2441, Gene1708, Gene1584, Gene554, Gene1654 
.......................................................................................................
Completed E-Step (11 seconds). 
Completed M-Step (0 seconds). 
convergence.check is 1.283616e-05 
Completing Iteration 16 (approx. per word bound = -19.306, relative change = 1.284e-05) 
.......................................................................................................
Completed E-Step (10 seconds). 
Completed M-Step (0 seconds). 
convergence.check is 1.147003e-05 
Completing Iteration 17 (approx. per word bound = -19.306, relative change = 1.147e-05) 
.......................................................................................................
Completed E-Step (13 seconds). 
Completed M-Step (0 seconds). 
convergence.check is 1.027921e-05 
Completing Iteration 18 (approx. per word bound = -19.306, relative change = 1.028e-05) 
.......................................................................................................
Completed E-Step (16 seconds). 
Completed M-Step (0 seconds). 
convergence.check is 9.177903e-06 
Model Converged 
5 select model run 
Initialization with topicScore. 
Initializing factors using Topic SCORE algorithm.
Initializing loadings by running 10 SCD updates.
.......................................................................................................
Completed E-Step (22 seconds). 
Completed M-Step (0 seconds). 
Completing Iteration 1 (approx. per word bound = -19.317) 
.......................................................................................................
Completed E-Step (15 seconds). 
Completed M-Step (0 seconds). 
convergence.check is 8.947042e-05 
Completing Iteration 2 (approx. per word bound = -19.315, relative change = 8.947e-05) 
.......................................................................................................
Completed E-Step (15 seconds). 
Completed M-Step (0 seconds). 
convergence.check is 6.943089e-05 
Completing Iteration 3 (approx. per word bound = -19.314, relative change = 6.943e-05) 
.......................................................................................................
Completed E-Step (13 seconds). 
Completed M-Step (0 seconds). 
convergence.check is 5.988227e-05 
Completing Iteration 4 (approx. per word bound = -19.312, relative change = 5.988e-05) 
.......................................................................................................
Completed E-Step (14 seconds). 
Completed M-Step (0 seconds). 
convergence.check is 5.224534e-05 
Completing Iteration 5 (approx. per word bound = -19.311, relative change = 5.225e-05) 
Topic 1: Gene995, Gene1517, Gene998, Gene1731, Gene267 
 Topic 2: Gene673, Gene1567, Gene995, Gene1472, Gene1517 
 Topic 3: Gene2270, Gene1472, Gene2296, Gene466, Gene1738 
 Topic 4: Gene554, Gene1597, Gene1584, Gene635, Gene2751 
 Topic 5: Gene2441, Gene1708, Gene1584, Gene2484, Gene1654 
.......................................................................................................
Completed E-Step (14 seconds). 
Completed M-Step (0 seconds). 
convergence.check is 4.609535e-05 
Completing Iteration 6 (approx. per word bound = -19.310, relative change = 4.610e-05) 
.......................................................................................................
Completed E-Step (17 seconds). 
Completed M-Step (0 seconds). 
convergence.check is 4.10287e-05 
Completing Iteration 7 (approx. per word bound = -19.310, relative change = 4.103e-05) 
.......................................................................................................
Completed E-Step (13 seconds). 
Completed M-Step (0 seconds). 
convergence.check is 3.675401e-05 
Completing Iteration 8 (approx. per word bound = -19.309, relative change = 3.675e-05) 
.......................................................................................................
Completed E-Step (13 seconds). 
Completed M-Step (0 seconds). 
convergence.check is 3.306816e-05 
Completing Iteration 9 (approx. per word bound = -19.308, relative change = 3.307e-05) 
.......................................................................................................
Completed E-Step (16 seconds). 
Completed M-Step (0 seconds). 
convergence.check is 2.982466e-05 
Completing Iteration 10 (approx. per word bound = -19.308, relative change = 2.982e-05) 
Topic 1: Gene995, Gene1517, Gene998, Gene1731, Gene267 
 Topic 2: Gene673, Gene1567, Gene995, Gene1472, Gene1517 
 Topic 3: Gene2270, Gene1472, Gene466, Gene2296, Gene1738 
 Topic 4: Gene554, Gene1597, Gene1584, Gene635, Gene2751 
 Topic 5: Gene2441, Gene1708, Gene1584, Gene2484, Gene2270 
.......................................................................................................
Completed E-Step (15 seconds). 
Completed M-Step (0 seconds). 
convergence.check is 2.689314e-05 
Completing Iteration 11 (approx. per word bound = -19.307, relative change = 2.689e-05) 
.......................................................................................................
Completed E-Step (17 seconds). 
Completed M-Step (0 seconds). 
convergence.check is 2.43065e-05 
Completing Iteration 12 (approx. per word bound = -19.307, relative change = 2.431e-05) 
.......................................................................................................
Completed E-Step (20 seconds). 
Completed M-Step (0 seconds). 
convergence.check is 2.189301e-05 
Completing Iteration 13 (approx. per word bound = -19.306, relative change = 2.189e-05) 
.......................................................................................................
Completed E-Step (11 seconds). 
Completed M-Step (0 seconds). 
convergence.check is 1.977616e-05 
Completing Iteration 14 (approx. per word bound = -19.306, relative change = 1.978e-05) 
.......................................................................................................
Completed E-Step (11 seconds). 
Completed M-Step (0 seconds). 
convergence.check is 1.78099e-05 
Completing Iteration 15 (approx. per word bound = -19.306, relative change = 1.781e-05) 
Topic 1: Gene995, Gene1517, Gene998, Gene1731, Gene2484 
 Topic 2: Gene673, Gene1567, Gene995, Gene1472, Gene1517 
 Topic 3: Gene2270, Gene1472, Gene466, Gene2296, Gene1738 
 Topic 4: Gene554, Gene1597, Gene1584, Gene635, Gene2751 
 Topic 5: Gene2441, Gene1708, Gene1584, Gene2270, Gene2484 
.......................................................................................................
Completed E-Step (10 seconds). 
Completed M-Step (0 seconds). 
convergence.check is 1.605712e-05 
Completing Iteration 16 (approx. per word bound = -19.305, relative change = 1.606e-05) 
.......................................................................................................
Completed E-Step (11 seconds). 
Completed M-Step (0 seconds). 
convergence.check is 1.447892e-05 
Completing Iteration 17 (approx. per word bound = -19.305, relative change = 1.448e-05) 
.......................................................................................................
Completed E-Step (11 seconds). 
Completed M-Step (0 seconds). 
convergence.check is 1.31091e-05 
Completing Iteration 18 (approx. per word bound = -19.305, relative change = 1.311e-05) 
.......................................................................................................
Completed E-Step (10 seconds). 
Completed M-Step (0 seconds). 
convergence.check is 1.1738e-05 
Completing Iteration 19 (approx. per word bound = -19.305, relative change = 1.174e-05) 
.......................................................................................................
Completed E-Step (10 seconds). 
Completed M-Step (0 seconds). 
convergence.check is 1.068516e-05 
Completing Iteration 20 (approx. per word bound = -19.304, relative change = 1.069e-05) 
Topic 1: Gene995, Gene1517, Gene998, Gene1731, Gene2484 
 Topic 2: Gene673, Gene1567, Gene995, Gene1472, Gene998 
 Topic 3: Gene2270, Gene1472, Gene466, Gene2296, Gene1738 
 Topic 4: Gene554, Gene1597, Gene1584, Gene635, Gene2751 
 Topic 5: Gene2441, Gene1708, Gene1584, Gene2270, Gene2484 
.......................................................................................................
Completed E-Step (10 seconds). 
Completed M-Step (0 seconds). 
convergence.check is 9.537912e-06 
Model Converged 
