sims_1712873808_L1.rds 
        R/alignCorpus.R R/asSTMCorpus.R R/checkBeta.R R/cloud.R
value   ?               ?               ?             ?        
visible FALSE           FALSE           FALSE         FALSE    
        R/convertCorpus.R R/estimateEffect.R R/estimateMixedEffect.R
value   ?                 ?                  ?                      
visible FALSE             FALSE              FALSE                  
        R/exclusivity.R R/findThoughts.R R/findTopic.R R/fitNewDocuments.R
value   ?               ?                ?             ?                  
visible FALSE           FALSE            FALSE         FALSE              
        R/heldout.R R/jeffreyskappa.R R/labelTopics.R R/makeDesignMatrix.R
value   ?           ?                 ?               ?                   
visible FALSE       FALSE             FALSE           FALSE               
        R/manyTopics.R R/multiSTM.R R/permute.R R/plot.estimateEffect.R
value   ?              ?            ?           ?                      
visible FALSE          FALSE        FALSE       FALSE                  
        R/plot.fixedEffect.R R/plot.searchK.R R/plot.STM.R R/plotModels.R
value   ?                    ?                ?            ?             
visible FALSE                FALSE            FALSE        FALSE         
        R/plotQuote.R R/plotRemoved.R R/plottingutilfns.R R/plotTopicLoess.R
value   ?             ?               ?                   ?                 
visible FALSE         FALSE           FALSE               FALSE             
        R/prepDocuments.R R/prepsce.R R/produce_cmatrix.R R/RcppExports.R
value   ?                 ?           ?                   ?              
visible FALSE             FALSE       FALSE               FALSE          
        R/readCorpus.R R/residuals.R R/s.R R/sageLabels.R R/scSTM.R R/searchK.R
value   ?              ?             ?     ?              ?         ?          
visible FALSE          FALSE         FALSE FALSE          FALSE     FALSE      
        R/selectModel.R R/semanticCoherence.R R/simBetas.R R/spectral.R
value   ?               ?                     ?            ?           
visible FALSE           FALSE                 FALSE        FALSE       
        R/stm-package.R R/stm.control.R R/STMbound.R R/STMconvergence.R
value   NULL            ?               ?            ?                 
visible TRUE            FALSE           FALSE        FALSE             
        R/STMestep.R R/STMfunctions.R R/STMinit.R R/STMinitLikelihood.R
value   ?            ?                ?           ?                    
visible FALSE        FALSE            FALSE       FALSE                
        R/STMlncpp.R R/STMmnreg.R R/STMmu.R R/STMoptbeta.R R/STMreport.R
value   ?            ?            ?         ?              ?            
visible FALSE        FALSE        FALSE     FALSE          FALSE        
        R/STMsigma.R R/STMsigs.R R/STMsubset.R R/summary.STM.R R/tau.R
value   ?            ?           ?             ?               ?      
visible FALSE        FALSE       FALSE         FALSE           FALSE  
        R/textProcessor.R R/thetaPosterior.R R/toLDAvis.R R/topicCorr.R
value   ?                 ?                  ?            ?            
visible FALSE             FALSE              FALSE        FALSE        
        R/topicLasso.R R/topicQuality.R R/writeLdac.R R/zzz.R
value   ?              ?                ?             ?      
visible FALSE          FALSE            FALSE         FALSE  
Removing 1 of 979 genes (1 of 1653530 tokens) due to frequency 
Your Dataset now has 1987 cells, 978 genes and 1653529 tokens. 
Casting net 
1 models in net 
Initialization with topicScore. 
Initializing factors using Topic SCORE algorithm.
Initializing loadings by running 10 SCD updates.
convergence.check is 4.03994e-05 
2 models in net 
Initialization with topicScore. 
Initializing factors using Topic SCORE algorithm.
Initializing loadings by running 10 SCD updates.
convergence.check is 2.958067e-05 
3 models in net 
Initialization with topicScore. 
Initializing factors using Topic SCORE algorithm.
Initializing loadings by running 10 SCD updates.
convergence.check is 2.958066e-05 
4 models in net 
Initialization with topicScore. 
Initializing factors using Topic SCORE algorithm.
Initializing loadings by running 10 SCD updates.
convergence.check is 2.958067e-05 
5 models in net 
Initialization with topicScore. 
Initializing factors using Topic SCORE algorithm.
Initializing loadings by running 10 SCD updates.
convergence.check is 3.86801e-05 
6 models in net 
Initialization with topicScore. 
Initializing factors using Topic SCORE algorithm.
Initializing loadings by running 10 SCD updates.
convergence.check is 4.045576e-05 
7 models in net 
Initialization with topicScore. 
Initializing factors using Topic SCORE algorithm.
Initializing loadings by running 10 SCD updates.
convergence.check is 2.958067e-05 
8 models in net 
Initialization with topicScore. 
Initializing factors using Topic SCORE algorithm.
Initializing loadings by running 10 SCD updates.
convergence.check is 4.013697e-05 
9 models in net 
Initialization with topicScore. 
Initializing factors using Topic SCORE algorithm.
Initializing loadings by running 10 SCD updates.
convergence.check is 2.958067e-05 
10 models in net 
Initialization with topicScore. 
Initializing factors using Topic SCORE algorithm.
Initializing loadings by running 10 SCD updates.
convergence.check is 2.958067e-05 
11 models in net 
Initialization with topicScore. 
Initializing factors using Topic SCORE algorithm.
Initializing loadings by running 10 SCD updates.
convergence.check is 3.714818e-05 
12 models in net 
Initialization with topicScore. 
Initializing factors using Topic SCORE algorithm.
Initializing loadings by running 10 SCD updates.
convergence.check is 3.642731e-05 
13 models in net 
Initialization with topicScore. 
Initializing factors using Topic SCORE algorithm.
Initializing loadings by running 10 SCD updates.
convergence.check is 3.022239e-05 
14 models in net 
Initialization with topicScore. 
Initializing factors using Topic SCORE algorithm.
Initializing loadings by running 10 SCD updates.
convergence.check is 3.772874e-05 
15 models in net 
Initialization with topicScore. 
Initializing factors using Topic SCORE algorithm.
Initializing loadings by running 10 SCD updates.
convergence.check is 2.958067e-05 
16 models in net 
Initialization with topicScore. 
Initializing factors using Topic SCORE algorithm.
Initializing loadings by running 10 SCD updates.
convergence.check is 2.958066e-05 
17 models in net 
Initialization with topicScore. 
Initializing factors using Topic SCORE algorithm.
Initializing loadings by running 10 SCD updates.
convergence.check is 2.958067e-05 
18 models in net 
Initialization with topicScore. 
Initializing factors using Topic SCORE algorithm.
Initializing loadings by running 10 SCD updates.
convergence.check is 2.958066e-05 
19 models in net 
Initialization with topicScore. 
Initializing factors using Topic SCORE algorithm.
Initializing loadings by running 10 SCD updates.
convergence.check is 4.057837e-05 
20 models in net 
Initialization with topicScore. 
Initializing factors using Topic SCORE algorithm.
Initializing loadings by running 10 SCD updates.
convergence.check is 5.455278e-05 
21 models in net 
convergence.check is 0.0001161783 
22 models in net 
Initialization with Poisson NMF 
convergence.check is 0.1060442 
23 models in net 
Initialization with Poisson NMF 
convergence.check is 0.1021479 
24 models in net 
Initialization with Poisson NMF 
convergence.check is 0.1061378 
25 models in net 
Initialization with Poisson NMF 
convergence.check is 0.1057225 
26 models in net 
Initialization with Poisson NMF 
convergence.check is 0.1050026 
27 models in net 
Initialization with Poisson NMF 
convergence.check is 0.1029718 
28 models in net 
Initialization with Poisson NMF 
convergence.check is 0.1066279 
29 models in net 
Initialization with Poisson NMF 
convergence.check is 0.1047437 
30 models in net 
Initialization with Poisson NMF 
convergence.check is 0.09962969 
31 models in net 
Initialization with Poisson NMF 
convergence.check is 0.1030001 
32 models in net 
Initialization with Poisson NMF 
convergence.check is 0.1068065 
33 models in net 
Initialization with Poisson NMF 
convergence.check is 0.1041526 
34 models in net 
Initialization with Poisson NMF 
convergence.check is 0.1061144 
35 models in net 
Initialization with Poisson NMF 
convergence.check is 0.1100908 
36 models in net 
Initialization with Poisson NMF 
convergence.check is 0.1067765 
37 models in net 
Initialization with Poisson NMF 
convergence.check is 0.1078777 
38 models in net 
Initialization with Poisson NMF 
convergence.check is 0.1013265 
39 models in net 
Initialization with Poisson NMF 
convergence.check is 0.09927631 
40 models in net 
Initialization with Poisson NMF 
convergence.check is 0.1051866 
41 models in net 
Initialization with Poisson NMF 
convergence.check is 0.1070847 
Running select models 
1 select model run 
Beginning Spectral Initialization 
	 Calculating the gram matrix...
	 Finding anchor words...
 	...
	 Recovering initialization...
 	.........
Initialization complete.
........................................................................................................
Completed E-Step (11 seconds). 
Completed M-Step (0 seconds). 
Completing Iteration 1 (approx. per word bound = -103.128) 
........................................................................................................
Completed E-Step (4 seconds). 
Completed M-Step (0 seconds). 
convergence.check is 0.0001161783 
Completing Iteration 2 (approx. per word bound = -103.116, relative change = 1.162e-04) 
........................................................................................................
Completed E-Step (4 seconds). 
Completed M-Step (0 seconds). 
convergence.check is 8.5615e-06 
Model Converged 
2 select model run 
Initialization with topicScore. 
Initializing factors using Topic SCORE algorithm.
Initializing loadings by running 10 SCD updates.
........................................................................................................
Completed E-Step (6 seconds). 
Completed M-Step (0 seconds). 
Completing Iteration 1 (approx. per word bound = -103.182) 
........................................................................................................
Completed E-Step (5 seconds). 
Completed M-Step (0 seconds). 
convergence.check is 2.958067e-05 
Completing Iteration 2 (approx. per word bound = -103.179, relative change = 2.958e-05) 
........................................................................................................
Completed E-Step (5 seconds). 
Completed M-Step (0 seconds). 
convergence.check is 2.868469e-05 
Completing Iteration 3 (approx. per word bound = -103.176, relative change = 2.868e-05) 
........................................................................................................
Completed E-Step (5 seconds). 
Completed M-Step (0 seconds). 
convergence.check is 2.494264e-05 
Completing Iteration 4 (approx. per word bound = -103.173, relative change = 2.494e-05) 
........................................................................................................
Completed E-Step (5 seconds). 
Completed M-Step (0 seconds). 
convergence.check is 2.189027e-05 
Completing Iteration 5 (approx. per word bound = -103.171, relative change = 2.189e-05) 
Topic 1: Gene666, Gene689, Gene546, Gene625, Gene262 
 Topic 2: Gene656, Gene507, Gene262, Gene1275, Gene281 
 Topic 3: Gene1276, Gene1977, Gene1483, Gene815, Gene702 
........................................................................................................
Completed E-Step (5 seconds). 
Completed M-Step (0 seconds). 
convergence.check is 1.934397e-05 
Completing Iteration 6 (approx. per word bound = -103.169, relative change = 1.934e-05) 
........................................................................................................
Completed E-Step (5 seconds). 
Completed M-Step (0 seconds). 
convergence.check is 1.715965e-05 
Completing Iteration 7 (approx. per word bound = -103.167, relative change = 1.716e-05) 
........................................................................................................
Completed E-Step (5 seconds). 
Completed M-Step (0 seconds). 
convergence.check is 1.52482e-05 
Completing Iteration 8 (approx. per word bound = -103.166, relative change = 1.525e-05) 
........................................................................................................
Completed E-Step (5 seconds). 
Completed M-Step (0 seconds). 
convergence.check is 1.35454e-05 
Completing Iteration 9 (approx. per word bound = -103.164, relative change = 1.355e-05) 
........................................................................................................
Completed E-Step (5 seconds). 
Completed M-Step (0 seconds). 
convergence.check is 1.201799e-05 
Completing Iteration 10 (approx. per word bound = -103.163, relative change = 1.202e-05) 
Topic 1: Gene666, Gene689, Gene546, Gene625, Gene262 
 Topic 2: Gene656, Gene507, Gene1275, Gene262, Gene1407 
 Topic 3: Gene1276, Gene1977, Gene1483, Gene815, Gene702 
........................................................................................................
Completed E-Step (5 seconds). 
Completed M-Step (0 seconds). 
convergence.check is 1.063476e-05 
Completing Iteration 11 (approx. per word bound = -103.162, relative change = 1.063e-05) 
........................................................................................................
Completed E-Step (5 seconds). 
Completed M-Step (0 seconds). 
convergence.check is 9.385539e-06 
Model Converged 
3 select model run 
Initialization with topicScore. 
Initializing factors using Topic SCORE algorithm.
Initializing loadings by running 10 SCD updates.
........................................................................................................
Completed E-Step (7 seconds). 
Completed M-Step (0 seconds). 
Completing Iteration 1 (approx. per word bound = -103.182) 
........................................................................................................
Completed E-Step (5 seconds). 
Completed M-Step (0 seconds). 
convergence.check is 2.958067e-05 
Completing Iteration 2 (approx. per word bound = -103.179, relative change = 2.958e-05) 
........................................................................................................
Completed E-Step (5 seconds). 
Completed M-Step (0 seconds). 
convergence.check is 2.868469e-05 
Completing Iteration 3 (approx. per word bound = -103.176, relative change = 2.868e-05) 
........................................................................................................
Completed E-Step (5 seconds). 
Completed M-Step (0 seconds). 
convergence.check is 2.494264e-05 
Completing Iteration 4 (approx. per word bound = -103.173, relative change = 2.494e-05) 
........................................................................................................
Completed E-Step (5 seconds). 
Completed M-Step (0 seconds). 
convergence.check is 2.189027e-05 
Completing Iteration 5 (approx. per word bound = -103.171, relative change = 2.189e-05) 
Topic 1: Gene656, Gene507, Gene262, Gene1275, Gene281 
 Topic 2: Gene666, Gene689, Gene546, Gene625, Gene262 
 Topic 3: Gene1276, Gene1977, Gene1483, Gene815, Gene702 
........................................................................................................
Completed E-Step (5 seconds). 
Completed M-Step (0 seconds). 
convergence.check is 1.934397e-05 
Completing Iteration 6 (approx. per word bound = -103.169, relative change = 1.934e-05) 
........................................................................................................
Completed E-Step (5 seconds). 
Completed M-Step (0 seconds). 
convergence.check is 1.715965e-05 
Completing Iteration 7 (approx. per word bound = -103.167, relative change = 1.716e-05) 
........................................................................................................
Completed E-Step (5 seconds). 
Completed M-Step (0 seconds). 
convergence.check is 1.52482e-05 
Completing Iteration 8 (approx. per word bound = -103.166, relative change = 1.525e-05) 
........................................................................................................
Completed E-Step (5 seconds). 
Completed M-Step (0 seconds). 
convergence.check is 1.35454e-05 
Completing Iteration 9 (approx. per word bound = -103.164, relative change = 1.355e-05) 
........................................................................................................
Completed E-Step (5 seconds). 
Completed M-Step (0 seconds). 
convergence.check is 1.201799e-05 
Completing Iteration 10 (approx. per word bound = -103.163, relative change = 1.202e-05) 
Topic 1: Gene656, Gene507, Gene1275, Gene262, Gene1407 
 Topic 2: Gene666, Gene689, Gene546, Gene625, Gene262 
 Topic 3: Gene1276, Gene1977, Gene1483, Gene815, Gene702 
........................................................................................................
Completed E-Step (5 seconds). 
Completed M-Step (0 seconds). 
convergence.check is 1.063476e-05 
Completing Iteration 11 (approx. per word bound = -103.162, relative change = 1.063e-05) 
........................................................................................................
Completed E-Step (5 seconds). 
Completed M-Step (0 seconds). 
convergence.check is 9.385539e-06 
Model Converged 
4 select model run 
Initialization with topicScore. 
Initializing factors using Topic SCORE algorithm.
Initializing loadings by running 10 SCD updates.
........................................................................................................
Completed E-Step (6 seconds). 
Completed M-Step (0 seconds). 
Completing Iteration 1 (approx. per word bound = -103.182) 
........................................................................................................
Completed E-Step (5 seconds). 
Completed M-Step (0 seconds). 
convergence.check is 2.958067e-05 
Completing Iteration 2 (approx. per word bound = -103.179, relative change = 2.958e-05) 
........................................................................................................
Completed E-Step (5 seconds). 
Completed M-Step (0 seconds). 
convergence.check is 2.868469e-05 
Completing Iteration 3 (approx. per word bound = -103.176, relative change = 2.868e-05) 
........................................................................................................
Completed E-Step (5 seconds). 
Completed M-Step (0 seconds). 
convergence.check is 2.494264e-05 
Completing Iteration 4 (approx. per word bound = -103.173, relative change = 2.494e-05) 
........................................................................................................
Completed E-Step (5 seconds). 
Completed M-Step (0 seconds). 
convergence.check is 2.189027e-05 
Completing Iteration 5 (approx. per word bound = -103.171, relative change = 2.189e-05) 
Topic 1: Gene656, Gene507, Gene262, Gene1275, Gene281 
 Topic 2: Gene666, Gene689, Gene546, Gene625, Gene262 
 Topic 3: Gene1276, Gene1977, Gene1483, Gene815, Gene702 
........................................................................................................
Completed E-Step (5 seconds). 
Completed M-Step (0 seconds). 
convergence.check is 1.934397e-05 
Completing Iteration 6 (approx. per word bound = -103.169, relative change = 1.934e-05) 
........................................................................................................
Completed E-Step (5 seconds). 
Completed M-Step (0 seconds). 
convergence.check is 1.715965e-05 
Completing Iteration 7 (approx. per word bound = -103.167, relative change = 1.716e-05) 
........................................................................................................
Completed E-Step (5 seconds). 
Completed M-Step (0 seconds). 
convergence.check is 1.52482e-05 
Completing Iteration 8 (approx. per word bound = -103.166, relative change = 1.525e-05) 
........................................................................................................
Completed E-Step (5 seconds). 
Completed M-Step (0 seconds). 
convergence.check is 1.35454e-05 
Completing Iteration 9 (approx. per word bound = -103.164, relative change = 1.355e-05) 
........................................................................................................
Completed E-Step (6 seconds). 
Completed M-Step (0 seconds). 
convergence.check is 1.201799e-05 
Completing Iteration 10 (approx. per word bound = -103.163, relative change = 1.202e-05) 
Topic 1: Gene656, Gene507, Gene1275, Gene262, Gene1407 
 Topic 2: Gene666, Gene689, Gene546, Gene625, Gene262 
 Topic 3: Gene1276, Gene1977, Gene1483, Gene815, Gene702 
........................................................................................................
Completed E-Step (5 seconds). 
Completed M-Step (0 seconds). 
convergence.check is 1.063476e-05 
Completing Iteration 11 (approx. per word bound = -103.162, relative change = 1.063e-05) 
........................................................................................................
Completed E-Step (5 seconds). 
Completed M-Step (0 seconds). 
convergence.check is 9.385538e-06 
Model Converged 
5 select model run 
Initialization with topicScore. 
Initializing factors using Topic SCORE algorithm.
Initializing loadings by running 10 SCD updates.
........................................................................................................
Completed E-Step (8 seconds). 
Completed M-Step (0 seconds). 
Completing Iteration 1 (approx. per word bound = -103.182) 
........................................................................................................
Completed E-Step (6 seconds). 
Completed M-Step (0 seconds). 
convergence.check is 2.958067e-05 
Completing Iteration 2 (approx. per word bound = -103.179, relative change = 2.958e-05) 
........................................................................................................
Completed E-Step (5 seconds). 
Completed M-Step (0 seconds). 
convergence.check is 2.868469e-05 
Completing Iteration 3 (approx. per word bound = -103.176, relative change = 2.868e-05) 
........................................................................................................
Completed E-Step (5 seconds). 
Completed M-Step (0 seconds). 
convergence.check is 2.494264e-05 
Completing Iteration 4 (approx. per word bound = -103.173, relative change = 2.494e-05) 
........................................................................................................
Completed E-Step (5 seconds). 
Completed M-Step (0 seconds). 
convergence.check is 2.189027e-05 
Completing Iteration 5 (approx. per word bound = -103.171, relative change = 2.189e-05) 
Topic 1: Gene666, Gene689, Gene546, Gene625, Gene262 
 Topic 2: Gene656, Gene507, Gene262, Gene1275, Gene281 
 Topic 3: Gene1276, Gene1977, Gene1483, Gene815, Gene702 
........................................................................................................
Completed E-Step (5 seconds). 
Completed M-Step (0 seconds). 
convergence.check is 1.934397e-05 
Completing Iteration 6 (approx. per word bound = -103.169, relative change = 1.934e-05) 
........................................................................................................
Completed E-Step (5 seconds). 
Completed M-Step (0 seconds). 
convergence.check is 1.715965e-05 
Completing Iteration 7 (approx. per word bound = -103.167, relative change = 1.716e-05) 
........................................................................................................
Completed E-Step (5 seconds). 
Completed M-Step (0 seconds). 
convergence.check is 1.52482e-05 
Completing Iteration 8 (approx. per word bound = -103.166, relative change = 1.525e-05) 
........................................................................................................
Completed E-Step (5 seconds). 
Completed M-Step (0 seconds). 
convergence.check is 1.35454e-05 
Completing Iteration 9 (approx. per word bound = -103.164, relative change = 1.355e-05) 
........................................................................................................
Completed E-Step (5 seconds). 
Completed M-Step (0 seconds). 
convergence.check is 1.201799e-05 
Completing Iteration 10 (approx. per word bound = -103.163, relative change = 1.202e-05) 
Topic 1: Gene666, Gene689, Gene546, Gene625, Gene262 
 Topic 2: Gene656, Gene507, Gene1275, Gene262, Gene1407 
 Topic 3: Gene1276, Gene1977, Gene1483, Gene815, Gene702 
........................................................................................................
Completed E-Step (6 seconds). 
Completed M-Step (0 seconds). 
convergence.check is 1.063476e-05 
Completing Iteration 11 (approx. per word bound = -103.162, relative change = 1.063e-05) 
........................................................................................................
Completed E-Step (5 seconds). 
Completed M-Step (0 seconds). 
convergence.check is 9.385538e-06 
Model Converged 
