sims_1712873792_L9.rds 
        R/alignCorpus.R R/asSTMCorpus.R R/checkBeta.R R/cloud.R
value   ?               ?               ?             ?        
visible FALSE           FALSE           FALSE         FALSE    
        R/convertCorpus.R R/estimateEffect.R R/estimateMixedEffect.R
value   ?                 ?                  ?                      
visible FALSE             FALSE              FALSE                  
        R/exclusivity.R R/findThoughts.R R/findTopic.R R/fitNewDocuments.R
value   ?               ?                ?             ?                  
visible FALSE           FALSE            FALSE         FALSE              
        R/heldout.R R/jeffreyskappa.R R/labelTopics.R R/makeDesignMatrix.R
value   ?           ?                 ?               ?                   
visible FALSE       FALSE             FALSE           FALSE               
        R/manyTopics.R R/multiSTM.R R/permute.R R/plot.estimateEffect.R
value   ?              ?            ?           ?                      
visible FALSE          FALSE        FALSE       FALSE                  
        R/plot.fixedEffect.R R/plot.searchK.R R/plot.STM.R R/plotModels.R
value   ?                    ?                ?            ?             
visible FALSE                FALSE            FALSE        FALSE         
        R/plotQuote.R R/plotRemoved.R R/plottingutilfns.R R/plotTopicLoess.R
value   ?             ?               ?                   ?                 
visible FALSE         FALSE           FALSE               FALSE             
        R/prepDocuments.R R/prepsce.R R/produce_cmatrix.R R/RcppExports.R
value   ?                 ?           ?                   ?              
visible FALSE             FALSE       FALSE               FALSE          
        R/readCorpus.R R/residuals.R R/s.R R/sageLabels.R R/scSTM.R R/searchK.R
value   ?              ?             ?     ?              ?         ?          
visible FALSE          FALSE         FALSE FALSE          FALSE     FALSE      
        R/selectModel.R R/semanticCoherence.R R/simBetas.R R/spectral.R
value   ?               ?                     ?            ?           
visible FALSE           FALSE                 FALSE        FALSE       
        R/stm-package.R R/stm.control.R R/STMbound.R R/STMconvergence.R
value   NULL            ?               ?            ?                 
visible TRUE            FALSE           FALSE        FALSE             
        R/STMestep.R R/STMfunctions.R R/STMinit.R R/STMinitLikelihood.R
value   ?            ?                ?           ?                    
visible FALSE        FALSE            FALSE       FALSE                
        R/STMlncpp.R R/STMmnreg.R R/STMmu.R R/STMoptbeta.R R/STMreport.R
value   ?            ?            ?         ?              ?            
visible FALSE        FALSE        FALSE     FALSE          FALSE        
        R/STMsigma.R R/STMsigs.R R/STMsubset.R R/summary.STM.R R/tau.R
value   ?            ?           ?             ?               ?      
visible FALSE        FALSE       FALSE         FALSE           FALSE  
        R/textProcessor.R R/thetaPosterior.R R/toLDAvis.R R/topicCorr.R
value   ?                 ?                  ?            ?            
visible FALSE             FALSE              FALSE        FALSE        
        R/topicLasso.R R/topicQuality.R R/writeLdac.R R/zzz.R
value   ?              ?                ?             ?      
visible FALSE          FALSE            FALSE         FALSE  
Casting net 
1 models in net 
Initialization with topicScore. 
Initializing factors using Topic SCORE algorithm.
Initializing loadings by running 10 SCD updates.
convergence.check is 0.0001947372 
2 models in net 
Initialization with topicScore. 
Initializing factors using Topic SCORE algorithm.
Initializing loadings by running 10 SCD updates.
convergence.check is 0.000768651 
3 models in net 
Initialization with topicScore. 
Initializing factors using Topic SCORE algorithm.
Initializing loadings by running 10 SCD updates.
convergence.check is 0.0004186696 
4 models in net 
Initialization with topicScore. 
Initializing factors using Topic SCORE algorithm.
Initializing loadings by running 10 SCD updates.
convergence.check is 0.0001378725 
5 models in net 
Initialization with topicScore. 
Initializing factors using Topic SCORE algorithm.
Initializing loadings by running 10 SCD updates.
convergence.check is 0.0001617231 
6 models in net 
Initialization with topicScore. 
Initializing factors using Topic SCORE algorithm.
Initializing loadings by running 10 SCD updates.
convergence.check is 0.001527558 
7 models in net 
Initialization with topicScore. 
Initializing factors using Topic SCORE algorithm.
Initializing loadings by running 10 SCD updates.
convergence.check is 0.0003734459 
8 models in net 
Initialization with topicScore. 
Initializing factors using Topic SCORE algorithm.
Initializing loadings by running 10 SCD updates.
convergence.check is 0.0006789298 
9 models in net 
Initialization with topicScore. 
Initializing factors using Topic SCORE algorithm.
Initializing loadings by running 10 SCD updates.
convergence.check is 0.0001615863 
10 models in net 
Initialization with topicScore. 
Initializing factors using Topic SCORE algorithm.
Initializing loadings by running 10 SCD updates.
convergence.check is 0.0001383209 
11 models in net 
Initialization with topicScore. 
Initializing factors using Topic SCORE algorithm.
Initializing loadings by running 10 SCD updates.
convergence.check is 0.0002288041 
12 models in net 
Initialization with topicScore. 
Initializing factors using Topic SCORE algorithm.
Initializing loadings by running 10 SCD updates.
convergence.check is 0.0007363511 
13 models in net 
Initialization with topicScore. 
Initializing factors using Topic SCORE algorithm.
Initializing loadings by running 10 SCD updates.
convergence.check is 0.0004060559 
14 models in net 
Initialization with topicScore. 
Initializing factors using Topic SCORE algorithm.
Initializing loadings by running 10 SCD updates.
convergence.check is 0.0001051765 
15 models in net 
Initialization with topicScore. 
Initializing factors using Topic SCORE algorithm.
Initializing loadings by running 10 SCD updates.
convergence.check is 0.0001415673 
16 models in net 
Initialization with topicScore. 
Initializing factors using Topic SCORE algorithm.
Initializing loadings by running 10 SCD updates.
convergence.check is 0.0001059091 
17 models in net 
Initialization with topicScore. 
Initializing factors using Topic SCORE algorithm.
Initializing loadings by running 10 SCD updates.
convergence.check is 9.822804e-05 
18 models in net 
Initialization with topicScore. 
Initializing factors using Topic SCORE algorithm.
Initializing loadings by running 10 SCD updates.
convergence.check is 0.0006438202 
19 models in net 
Initialization with topicScore. 
Initializing factors using Topic SCORE algorithm.
Initializing loadings by running 10 SCD updates.
convergence.check is 0.0006275402 
20 models in net 
Initialization with topicScore. 
Initializing factors using Topic SCORE algorithm.
Initializing loadings by running 10 SCD updates.
convergence.check is 0.0001091373 
21 models in net 
convergence.check is 0.002517071 
22 models in net 
Initialization with Poisson NMF 
convergence.check is 0.1907803 
23 models in net 
Initialization with Poisson NMF 
convergence.check is 0.1912612 
24 models in net 
Initialization with Poisson NMF 
convergence.check is 0.1922435 
25 models in net 
Initialization with Poisson NMF 
convergence.check is 0.1923529 
26 models in net 
Initialization with Poisson NMF 
convergence.check is 0.1848413 
27 models in net 
Initialization with Poisson NMF 
convergence.check is 0.1933886 
28 models in net 
Initialization with Poisson NMF 
convergence.check is 0.1893768 
29 models in net 
Initialization with Poisson NMF 
convergence.check is 0.1907744 
30 models in net 
Initialization with Poisson NMF 
convergence.check is 0.1909666 
31 models in net 
Initialization with Poisson NMF 
convergence.check is 0.189813 
32 models in net 
Initialization with Poisson NMF 
convergence.check is 0.1923106 
33 models in net 
Initialization with Poisson NMF 
convergence.check is 0.1956831 
34 models in net 
Initialization with Poisson NMF 
convergence.check is 0.1931802 
35 models in net 
Initialization with Poisson NMF 
convergence.check is 0.1993088 
36 models in net 
Initialization with Poisson NMF 
convergence.check is 0.1909391 
37 models in net 
Initialization with Poisson NMF 
convergence.check is 0.1908195 
38 models in net 
Initialization with Poisson NMF 
convergence.check is 0.2530509 
39 models in net 
Initialization with Poisson NMF 
convergence.check is 0.1978718 
40 models in net 
Initialization with Poisson NMF 
convergence.check is 0.1898778 
41 models in net 
Initialization with Poisson NMF 
convergence.check is 0.1900953 
Running select models 
1 select model run 
Initialization with topicScore. 
Initializing factors using Topic SCORE algorithm.
Initializing loadings by running 10 SCD updates.
.....................................................................................................
Completed E-Step (131 seconds). 
Completed M-Step (0 seconds). 
Completing Iteration 1 (approx. per word bound = -22.533) 
.....................................................................................................
Completed E-Step (94 seconds). 
Completed M-Step (0 seconds). 
convergence.check is 9.822804e-05 
Completing Iteration 2 (approx. per word bound = -22.531, relative change = 9.823e-05) 
.....................................................................................................
Completed E-Step (87 seconds). 
Completed M-Step (0 seconds). 
convergence.check is 7.615167e-05 
Completing Iteration 3 (approx. per word bound = -22.529, relative change = 7.615e-05) 
.....................................................................................................
Completed E-Step (88 seconds). 
Completed M-Step (0 seconds). 
convergence.check is 6.610995e-05 
Completing Iteration 4 (approx. per word bound = -22.527, relative change = 6.611e-05) 
.....................................................................................................
Completed E-Step (84 seconds). 
Completed M-Step (0 seconds). 
convergence.check is 5.760012e-05 
Completing Iteration 5 (approx. per word bound = -22.526, relative change = 5.760e-05) 
Topic 1: Gene845, Gene772, Gene2628, Gene2350, Gene134 
 Topic 2: Gene1935, Gene2706, Gene814, Gene2740, Gene2350 
 Topic 3: Gene1935, Gene1037, Gene2183, Gene285, Gene2628 
 Topic 4: Gene904, Gene2006, Gene708, Gene1744, Gene2589 
 Topic 5: Gene423, Gene814, Gene1673, Gene1108, Gene1822 
 Topic 6: Gene904, Gene1108, Gene1426, Gene990, Gene548 
 Topic 7: Gene528, Gene904, Gene1548, Gene2871, Gene2475 
 Topic 8: Gene1673, Gene1108, Gene814, Gene2818, Gene423 
.....................................................................................................
Completed E-Step (82 seconds). 
Completed M-Step (0 seconds). 
convergence.check is 5.038395e-05 
Completing Iteration 6 (approx. per word bound = -22.525, relative change = 5.038e-05) 
.....................................................................................................
Completed E-Step (78 seconds). 
Completed M-Step (0 seconds). 
convergence.check is 4.430056e-05 
Completing Iteration 7 (approx. per word bound = -22.524, relative change = 4.430e-05) 
.....................................................................................................
Completed E-Step (77 seconds). 
Completed M-Step (0 seconds). 
convergence.check is 3.913512e-05 
Completing Iteration 8 (approx. per word bound = -22.523, relative change = 3.914e-05) 
.....................................................................................................
Completed E-Step (73 seconds). 
Completed M-Step (0 seconds). 
convergence.check is 3.467264e-05 
Completing Iteration 9 (approx. per word bound = -22.522, relative change = 3.467e-05) 
.....................................................................................................
Completed E-Step (72 seconds). 
Completed M-Step (0 seconds). 
convergence.check is 3.088647e-05 
Completing Iteration 10 (approx. per word bound = -22.522, relative change = 3.089e-05) 
Topic 1: Gene772, Gene845, Gene2628, Gene134, Gene2350 
 Topic 2: Gene1935, Gene814, Gene2706, Gene2740, Gene2350 
 Topic 3: Gene1935, Gene1037, Gene2183, Gene285, Gene2628 
 Topic 4: Gene904, Gene2006, Gene708, Gene1744, Gene2589 
 Topic 5: Gene423, Gene814, Gene1673, Gene1108, Gene2935 
 Topic 6: Gene904, Gene1108, Gene548, Gene1426, Gene990 
 Topic 7: Gene528, Gene904, Gene1548, Gene2871, Gene1309 
 Topic 8: Gene1673, Gene1108, Gene814, Gene2818, Gene423 
.....................................................................................................
Completed E-Step (65 seconds). 
Completed M-Step (0 seconds). 
convergence.check is 2.763291e-05 
Completing Iteration 11 (approx. per word bound = -22.521, relative change = 2.763e-05) 
.....................................................................................................
Completed E-Step (71 seconds). 
Completed M-Step (0 seconds). 
convergence.check is 2.481447e-05 
Completing Iteration 12 (approx. per word bound = -22.520, relative change = 2.481e-05) 
.....................................................................................................
Completed E-Step (72 seconds). 
Completed M-Step (0 seconds). 
convergence.check is 2.237139e-05 
Completing Iteration 13 (approx. per word bound = -22.520, relative change = 2.237e-05) 
.....................................................................................................
Completed E-Step (61 seconds). 
Completed M-Step (0 seconds). 
convergence.check is 2.023019e-05 
Completing Iteration 14 (approx. per word bound = -22.519, relative change = 2.023e-05) 
.....................................................................................................
Completed E-Step (63 seconds). 
Completed M-Step (0 seconds). 
convergence.check is 1.836636e-05 
Completing Iteration 15 (approx. per word bound = -22.519, relative change = 1.837e-05) 
Topic 1: Gene772, Gene845, Gene2628, Gene134, Gene2350 
 Topic 2: Gene1935, Gene814, Gene2706, Gene2350, Gene2740 
 Topic 3: Gene1935, Gene1037, Gene2183, Gene285, Gene2350 
 Topic 4: Gene904, Gene2006, Gene708, Gene1744, Gene2589 
 Topic 5: Gene423, Gene814, Gene1673, Gene2935, Gene1108 
 Topic 6: Gene904, Gene1108, Gene548, Gene1426, Gene990 
 Topic 7: Gene528, Gene904, Gene1548, Gene2871, Gene1309 
 Topic 8: Gene1673, Gene1108, Gene814, Gene2818, Gene115 
.....................................................................................................
Completed E-Step (61 seconds). 
Completed M-Step (0 seconds). 
convergence.check is 1.675655e-05 
Completing Iteration 16 (approx. per word bound = -22.519, relative change = 1.676e-05) 
.....................................................................................................
Completed E-Step (59 seconds). 
Completed M-Step (0 seconds). 
convergence.check is 1.534368e-05 
Completing Iteration 17 (approx. per word bound = -22.518, relative change = 1.534e-05) 
.....................................................................................................
Completed E-Step (58 seconds). 
Completed M-Step (0 seconds). 
convergence.check is 1.409556e-05 
Completing Iteration 18 (approx. per word bound = -22.518, relative change = 1.410e-05) 
.....................................................................................................
Completed E-Step (60 seconds). 
Completed M-Step (0 seconds). 
convergence.check is 1.291472e-05 
Completing Iteration 19 (approx. per word bound = -22.518, relative change = 1.291e-05) 
.....................................................................................................
Completed E-Step (56 seconds). 
Completed M-Step (0 seconds). 
convergence.check is 1.197017e-05 
Completing Iteration 20 (approx. per word bound = -22.517, relative change = 1.197e-05) 
Topic 1: Gene772, Gene845, Gene2628, Gene134, Gene1309 
 Topic 2: Gene1935, Gene814, Gene2706, Gene2350, Gene2740 
 Topic 3: Gene1935, Gene1037, Gene2183, Gene2350, Gene285 
 Topic 4: Gene904, Gene2006, Gene708, Gene1744, Gene2589 
 Topic 5: Gene423, Gene814, Gene1673, Gene2935, Gene1108 
 Topic 6: Gene904, Gene548, Gene1108, Gene1426, Gene990 
 Topic 7: Gene528, Gene904, Gene1548, Gene2871, Gene1309 
 Topic 8: Gene1673, Gene1108, Gene814, Gene2818, Gene115 
.....................................................................................................
Completed E-Step (59 seconds). 
Completed M-Step (0 seconds). 
convergence.check is 1.097616e-05 
Completing Iteration 21 (approx. per word bound = -22.517, relative change = 1.098e-05) 
.....................................................................................................
Completed E-Step (51 seconds). 
Completed M-Step (0 seconds). 
convergence.check is 1.026388e-05 
Completing Iteration 22 (approx. per word bound = -22.517, relative change = 1.026e-05) 
.....................................................................................................
Completed E-Step (49 seconds). 
Completed M-Step (0 seconds). 
convergence.check is 9.491839e-06 
Model Converged 
2 select model run 
Initialization with topicScore. 
Initializing factors using Topic SCORE algorithm.
Initializing loadings by running 10 SCD updates.
.....................................................................................................
Completed E-Step (114 seconds). 
Completed M-Step (0 seconds). 
Completing Iteration 1 (approx. per word bound = -22.534) 
.....................................................................................................
Completed E-Step (87 seconds). 
Completed M-Step (0 seconds). 
convergence.check is 0.0001051765 
Completing Iteration 2 (approx. per word bound = -22.531, relative change = 1.052e-04) 
.....................................................................................................
Completed E-Step (85 seconds). 
Completed M-Step (0 seconds). 
convergence.check is 8.05416e-05 
Completing Iteration 3 (approx. per word bound = -22.530, relative change = 8.054e-05) 
.....................................................................................................
Completed E-Step (87 seconds). 
Completed M-Step (0 seconds). 
convergence.check is 7.130454e-05 
Completing Iteration 4 (approx. per word bound = -22.528, relative change = 7.130e-05) 
.....................................................................................................
Completed E-Step (85 seconds). 
Completed M-Step (0 seconds). 
convergence.check is 6.330139e-05 
Completing Iteration 5 (approx. per word bound = -22.527, relative change = 6.330e-05) 
Topic 1: Gene772, Gene845, Gene2628, Gene2350, Gene1309 
 Topic 2: Gene1935, Gene1037, Gene2183, Gene2350, Gene285 
 Topic 3: Gene1935, Gene814, Gene2706, Gene2428, Gene2740 
 Topic 4: Gene904, Gene2006, Gene134, Gene708, Gene2518 
 Topic 5: Gene1108, Gene814, Gene423, Gene1673, Gene2935 
 Topic 6: Gene1108, Gene1673, Gene2818, Gene708, Gene814 
 Topic 7: Gene904, Gene990, Gene548, Gene134, Gene304 
 Topic 8: Gene528, Gene904, Gene1935, Gene2871, Gene1548 
.....................................................................................................
Completed E-Step (84 seconds). 
Completed M-Step (0 seconds). 
convergence.check is 5.635495e-05 
Completing Iteration 6 (approx. per word bound = -22.525, relative change = 5.635e-05) 
.....................................................................................................
Completed E-Step (83 seconds). 
Completed M-Step (0 seconds). 
convergence.check is 5.028777e-05 
Completing Iteration 7 (approx. per word bound = -22.524, relative change = 5.029e-05) 
.....................................................................................................
Completed E-Step (83 seconds). 
Completed M-Step (0 seconds). 
convergence.check is 4.493495e-05 
Completing Iteration 8 (approx. per word bound = -22.523, relative change = 4.493e-05) 
.....................................................................................................
Completed E-Step (81 seconds). 
Completed M-Step (0 seconds). 
convergence.check is 4.030856e-05 
Completing Iteration 9 (approx. per word bound = -22.522, relative change = 4.031e-05) 
.....................................................................................................
Completed E-Step (68 seconds). 
Completed M-Step (0 seconds). 
convergence.check is 3.608247e-05 
Completing Iteration 10 (approx. per word bound = -22.521, relative change = 3.608e-05) 
Topic 1: Gene772, Gene845, Gene2628, Gene2350, Gene1309 
 Topic 2: Gene1935, Gene1037, Gene2183, Gene2350, Gene285 
 Topic 3: Gene1935, Gene814, Gene2706, Gene2428, Gene2350 
 Topic 4: Gene904, Gene2006, Gene708, Gene134, Gene285 
 Topic 5: Gene1108, Gene814, Gene423, Gene2935, Gene1701 
 Topic 6: Gene1108, Gene1673, Gene2818, Gene708, Gene115 
 Topic 7: Gene904, Gene548, Gene990, Gene134, Gene304 
 Topic 8: Gene528, Gene904, Gene1935, Gene2871, Gene1548 
.....................................................................................................
Completed E-Step (80 seconds). 
Completed M-Step (0 seconds). 
convergence.check is 3.248327e-05 
Completing Iteration 11 (approx. per word bound = -22.521, relative change = 3.248e-05) 
.....................................................................................................
Completed E-Step (81 seconds). 
Completed M-Step (0 seconds). 
convergence.check is 2.900143e-05 
Completing Iteration 12 (approx. per word bound = -22.520, relative change = 2.900e-05) 
.....................................................................................................
Completed E-Step (78 seconds). 
Completed M-Step (0 seconds). 
convergence.check is 2.613226e-05 
Completing Iteration 13 (approx. per word bound = -22.519, relative change = 2.613e-05) 
.....................................................................................................
Completed E-Step (80 seconds). 
Completed M-Step (0 seconds). 
convergence.check is 2.359814e-05 
Completing Iteration 14 (approx. per word bound = -22.519, relative change = 2.360e-05) 
.....................................................................................................
Completed E-Step (77 seconds). 
Completed M-Step (0 seconds). 
convergence.check is 2.122627e-05 
Completing Iteration 15 (approx. per word bound = -22.518, relative change = 2.123e-05) 
Topic 1: Gene772, Gene845, Gene2628, Gene2350, Gene1309 
 Topic 2: Gene1935, Gene1037, Gene2183, Gene2350, Gene285 
 Topic 3: Gene1935, Gene814, Gene2706, Gene2428, Gene2350 
 Topic 4: Gene904, Gene2006, Gene708, Gene134, Gene285 
 Topic 5: Gene814, Gene423, Gene1108, Gene2935, Gene1701 
 Topic 6: Gene1108, Gene1673, Gene708, Gene2818, Gene814 
 Topic 7: Gene904, Gene548, Gene990, Gene1426, Gene1744 
 Topic 8: Gene528, Gene904, Gene1935, Gene2871, Gene1309 
.....................................................................................................
Completed E-Step (78 seconds). 
Completed M-Step (0 seconds). 
convergence.check is 1.913697e-05 
Completing Iteration 16 (approx. per word bound = -22.518, relative change = 1.914e-05) 
.....................................................................................................
Completed E-Step (73 seconds). 
Completed M-Step (0 seconds). 
convergence.check is 1.737565e-05 
Completing Iteration 17 (approx. per word bound = -22.518, relative change = 1.738e-05) 
.....................................................................................................
Completed E-Step (75 seconds). 
Completed M-Step (0 seconds). 
convergence.check is 1.576661e-05 
Completing Iteration 18 (approx. per word bound = -22.517, relative change = 1.577e-05) 
.....................................................................................................
Completed E-Step (71 seconds). 
Completed M-Step (0 seconds). 
convergence.check is 1.430016e-05 
Completing Iteration 19 (approx. per word bound = -22.517, relative change = 1.430e-05) 
.....................................................................................................
Completed E-Step (70 seconds). 
Completed M-Step (0 seconds). 
convergence.check is 1.312728e-05 
Completing Iteration 20 (approx. per word bound = -22.517, relative change = 1.313e-05) 
Topic 1: Gene772, Gene845, Gene2628, Gene2350, Gene1309 
 Topic 2: Gene1935, Gene1037, Gene2183, Gene2350, Gene285 
 Topic 3: Gene1935, Gene814, Gene2706, Gene2428, Gene2350 
 Topic 4: Gene904, Gene2006, Gene708, Gene134, Gene2518 
 Topic 5: Gene814, Gene423, Gene1108, Gene2935, Gene1701 
 Topic 6: Gene1108, Gene1673, Gene708, Gene2818, Gene814 
 Topic 7: Gene904, Gene548, Gene990, Gene1426, Gene1744 
 Topic 8: Gene904, Gene528, Gene1935, Gene2871, Gene2006 
.....................................................................................................
Completed E-Step (70 seconds). 
Completed M-Step (0 seconds). 
convergence.check is 1.193641e-05 
Completing Iteration 21 (approx. per word bound = -22.516, relative change = 1.194e-05) 
.....................................................................................................
Completed E-Step (75 seconds). 
Completed M-Step (0 seconds). 
convergence.check is 1.102215e-05 
Completing Iteration 22 (approx. per word bound = -22.516, relative change = 1.102e-05) 
.....................................................................................................
Completed E-Step (61 seconds). 
Completed M-Step (0 seconds). 
convergence.check is 1.013634e-05 
Completing Iteration 23 (approx. per word bound = -22.516, relative change = 1.014e-05) 
.....................................................................................................
Completed E-Step (57 seconds). 
Completed M-Step (0 seconds). 
convergence.check is 9.371525e-06 
Model Converged 
3 select model run 
Initialization with topicScore. 
Initializing factors using Topic SCORE algorithm.
Initializing loadings by running 10 SCD updates.
.....................................................................................................
Completed E-Step (110 seconds). 
Completed M-Step (0 seconds). 
Completing Iteration 1 (approx. per word bound = -22.537) 
.....................................................................................................
Completed E-Step (72 seconds). 
Completed M-Step (0 seconds). 
convergence.check is 0.0001059091 
Completing Iteration 2 (approx. per word bound = -22.535, relative change = 1.059e-04) 
.....................................................................................................
Completed E-Step (71 seconds). 
Completed M-Step (0 seconds). 
convergence.check is 8.132736e-05 
Completing Iteration 3 (approx. per word bound = -22.533, relative change = 8.133e-05) 
.....................................................................................................
Completed E-Step (75 seconds). 
Completed M-Step (0 seconds). 
convergence.check is 7.078743e-05 
Completing Iteration 4 (approx. per word bound = -22.531, relative change = 7.079e-05) 
.....................................................................................................
Completed E-Step (76 seconds). 
Completed M-Step (0 seconds). 
convergence.check is 6.254541e-05 
Completing Iteration 5 (approx. per word bound = -22.530, relative change = 6.255e-05) 
Topic 1: Gene1935, Gene1673, Gene1037, Gene780, Gene423 
 Topic 2: Gene1935, Gene814, Gene2706, Gene1673, Gene2428 
 Topic 3: Gene772, Gene845, Gene2628, Gene2350, Gene2740 
 Topic 4: Gene904, Gene2006, Gene708, Gene134, Gene2589 
 Topic 5: Gene1108, Gene1673, Gene708, Gene115, Gene814 
 Topic 6: Gene904, Gene528, Gene548, Gene134, Gene304 
 Topic 7: Gene528, Gene1935, Gene904, Gene780, Gene2475 
 Topic 8: Gene1108, Gene2935, Gene423, Gene814, Gene1673 
.....................................................................................................
Completed E-Step (70 seconds). 
Completed M-Step (0 seconds). 
convergence.check is 5.587653e-05 
Completing Iteration 6 (approx. per word bound = -22.529, relative change = 5.588e-05) 
.....................................................................................................
Completed E-Step (76 seconds). 
Completed M-Step (0 seconds). 
convergence.check is 5.044409e-05 
Completing Iteration 7 (approx. per word bound = -22.528, relative change = 5.044e-05) 
.....................................................................................................
Completed E-Step (71 seconds). 
Completed M-Step (0 seconds). 
convergence.check is 4.584436e-05 
Completing Iteration 8 (approx. per word bound = -22.527, relative change = 4.584e-05) 
.....................................................................................................
Completed E-Step (72 seconds). 
Completed M-Step (0 seconds). 
convergence.check is 4.168022e-05 
Completing Iteration 9 (approx. per word bound = -22.526, relative change = 4.168e-05) 
.....................................................................................................
Completed E-Step (71 seconds). 
Completed M-Step (0 seconds). 
convergence.check is 3.811784e-05 
Completing Iteration 10 (approx. per word bound = -22.525, relative change = 3.812e-05) 
Topic 1: Gene1935, Gene1673, Gene1037, Gene115, Gene285 
 Topic 2: Gene1935, Gene814, Gene2706, Gene1673, Gene2428 
 Topic 3: Gene772, Gene845, Gene2628, Gene2350, Gene1673 
 Topic 4: Gene904, Gene2006, Gene708, Gene134, Gene2589 
 Topic 5: Gene1108, Gene1673, Gene708, Gene814, Gene115 
 Topic 6: Gene904, Gene548, Gene528, Gene304, Gene134 
 Topic 7: Gene528, Gene904, Gene1935, Gene780, Gene2475 
 Topic 8: Gene1108, Gene2935, Gene423, Gene814, Gene1673 
.....................................................................................................
Completed E-Step (73 seconds). 
Completed M-Step (0 seconds). 
convergence.check is 3.496456e-05 
Completing Iteration 11 (approx. per word bound = -22.524, relative change = 3.496e-05) 
.....................................................................................................
Completed E-Step (77 seconds). 
Completed M-Step (0 seconds). 
convergence.check is 3.210946e-05 
Completing Iteration 12 (approx. per word bound = -22.523, relative change = 3.211e-05) 
.....................................................................................................
Completed E-Step (71 seconds). 
Completed M-Step (0 seconds). 
convergence.check is 2.93451e-05 
Completing Iteration 13 (approx. per word bound = -22.523, relative change = 2.935e-05) 
.....................................................................................................
Completed E-Step (70 seconds). 
Completed M-Step (0 seconds). 
convergence.check is 2.692907e-05 
Completing Iteration 14 (approx. per word bound = -22.522, relative change = 2.693e-05) 
.....................................................................................................
Completed E-Step (73 seconds). 
Completed M-Step (0 seconds). 
convergence.check is 2.473827e-05 
Completing Iteration 15 (approx. per word bound = -22.521, relative change = 2.474e-05) 
Topic 1: Gene1935, Gene1673, Gene1037, Gene115, Gene285 
 Topic 2: Gene1935, Gene814, Gene2706, Gene2428, Gene1673 
 Topic 3: Gene772, Gene845, Gene2628, Gene1673, Gene1309 
 Topic 4: Gene904, Gene2006, Gene708, Gene134, Gene2518 
 Topic 5: Gene1108, Gene1673, Gene814, Gene708, Gene115 
 Topic 6: Gene904, Gene548, Gene528, Gene304, Gene2350 
 Topic 7: Gene528, Gene904, Gene1935, Gene780, Gene2938 
 Topic 8: Gene423, Gene2935, Gene1108, Gene814, Gene1673 
.....................................................................................................
Completed E-Step (69 seconds). 
Completed M-Step (0 seconds). 
convergence.check is 2.262858e-05 
Completing Iteration 16 (approx. per word bound = -22.521, relative change = 2.263e-05) 
.....................................................................................................
Completed E-Step (71 seconds). 
Completed M-Step (0 seconds). 
convergence.check is 2.071619e-05 
Completing Iteration 17 (approx. per word bound = -22.520, relative change = 2.072e-05) 
.....................................................................................................
Completed E-Step (67 seconds). 
Completed M-Step (0 seconds). 
convergence.check is 1.881263e-05 
Completing Iteration 18 (approx. per word bound = -22.520, relative change = 1.881e-05) 
.....................................................................................................
Completed E-Step (67 seconds). 
Completed M-Step (0 seconds). 
convergence.check is 1.723023e-05 
Completing Iteration 19 (approx. per word bound = -22.520, relative change = 1.723e-05) 
.....................................................................................................
Completed E-Step (62 seconds). 
Completed M-Step (0 seconds). 
convergence.check is 1.579874e-05 
Completing Iteration 20 (approx. per word bound = -22.519, relative change = 1.580e-05) 
Topic 1: Gene1935, Gene1673, Gene1037, Gene285, Gene115 
 Topic 2: Gene1935, Gene814, Gene2706, Gene2428, Gene1822 
 Topic 3: Gene772, Gene845, Gene2628, Gene1673, Gene1309 
 Topic 4: Gene904, Gene2006, Gene708, Gene2518, Gene134 
 Topic 5: Gene1108, Gene1673, Gene814, Gene708, Gene115 
 Topic 6: Gene904, Gene548, Gene304, Gene528, Gene2350 
 Topic 7: Gene528, Gene904, Gene780, Gene1935, Gene2938 
 Topic 8: Gene423, Gene2935, Gene1108, Gene814, Gene2706 
.....................................................................................................
Completed E-Step (60 seconds). 
Completed M-Step (0 seconds). 
convergence.check is 1.437378e-05 
Completing Iteration 21 (approx. per word bound = -22.519, relative change = 1.437e-05) 
.....................................................................................................
Completed E-Step (67 seconds). 
Completed M-Step (0 seconds). 
convergence.check is 1.315408e-05 
Completing Iteration 22 (approx. per word bound = -22.519, relative change = 1.315e-05) 
.....................................................................................................
Completed E-Step (58 seconds). 
Completed M-Step (0 seconds). 
convergence.check is 1.191664e-05 
Completing Iteration 23 (approx. per word bound = -22.518, relative change = 1.192e-05) 
.....................................................................................................
Completed E-Step (61 seconds). 
Completed M-Step (0 seconds). 
convergence.check is 1.092332e-05 
Completing Iteration 24 (approx. per word bound = -22.518, relative change = 1.092e-05) 
.....................................................................................................
Completed E-Step (59 seconds). 
Completed M-Step (0 seconds). 
convergence.check is 1.003323e-05 
Completing Iteration 25 (approx. per word bound = -22.518, relative change = 1.003e-05) 
Topic 1: Gene1935, Gene1673, Gene1037, Gene285, Gene115 
 Topic 2: Gene1935, Gene814, Gene2706, Gene2428, Gene1822 
 Topic 3: Gene772, Gene845, Gene2628, Gene1673, Gene1309 
 Topic 4: Gene904, Gene2006, Gene708, Gene2518, Gene134 
 Topic 5: Gene1108, Gene1673, Gene814, Gene708, Gene115 
 Topic 6: Gene904, Gene548, Gene304, Gene528, Gene2350 
 Topic 7: Gene528, Gene904, Gene780, Gene1935, Gene2938 
 Topic 8: Gene423, Gene2935, Gene1108, Gene814, Gene2706 
.....................................................................................................
Completed E-Step (60 seconds). 
Completed M-Step (0 seconds). 
convergence.check is 9.167153e-06 
Model Converged 
4 select model run 
Initialization with topicScore. 
Initializing factors using Topic SCORE algorithm.
Initializing loadings by running 10 SCD updates.
.....................................................................................................
Completed E-Step (111 seconds). 
Completed M-Step (0 seconds). 
Completing Iteration 1 (approx. per word bound = -22.539) 
.....................................................................................................
Completed E-Step (85 seconds). 
Completed M-Step (0 seconds). 
convergence.check is 0.0001378725 
Completing Iteration 2 (approx. per word bound = -22.535, relative change = 1.379e-04) 
.....................................................................................................
Completed E-Step (87 seconds). 
Completed M-Step (0 seconds). 
convergence.check is 0.0001050043 
Completing Iteration 3 (approx. per word bound = -22.533, relative change = 1.050e-04) 
.....................................................................................................
Completed E-Step (82 seconds). 
Completed M-Step (0 seconds). 
convergence.check is 8.772143e-05 
Completing Iteration 4 (approx. per word bound = -22.531, relative change = 8.772e-05) 
.....................................................................................................
Completed E-Step (83 seconds). 
Completed M-Step (0 seconds). 
convergence.check is 7.471697e-05 
Completing Iteration 5 (approx. per word bound = -22.529, relative change = 7.472e-05) 
Topic 1: Gene1935, Gene1037, Gene2183, Gene2350, Gene528 
 Topic 2: Gene772, Gene845, Gene1426, Gene2628, Gene2935 
 Topic 3: Gene904, Gene1108, Gene708, Gene1426, Gene990 
 Topic 4: Gene904, Gene2006, Gene708, Gene285, Gene2818 
 Topic 5: Gene904, Gene528, Gene1548, Gene2871, Gene1309 
 Topic 6: Gene1935, Gene2475, Gene814, Gene1822, Gene2428 
 Topic 7: Gene1673, Gene1108, Gene814, Gene2818, Gene423 
 Topic 8: Gene814, Gene423, Gene1673, Gene1108, Gene1822 
.....................................................................................................
Completed E-Step (81 seconds). 
Completed M-Step (0 seconds). 
convergence.check is 6.416856e-05 
Completing Iteration 6 (approx. per word bound = -22.528, relative change = 6.417e-05) 
.....................................................................................................
Completed E-Step (83 seconds). 
Completed M-Step (0 seconds). 
convergence.check is 5.59351e-05 
Completing Iteration 7 (approx. per word bound = -22.527, relative change = 5.594e-05) 
.....................................................................................................
Completed E-Step (74 seconds). 
Completed M-Step (0 seconds). 
convergence.check is 4.92063e-05 
Completing Iteration 8 (approx. per word bound = -22.526, relative change = 4.921e-05) 
.....................................................................................................
Completed E-Step (73 seconds). 
Completed M-Step (0 seconds). 
convergence.check is 4.354192e-05 
Completing Iteration 9 (approx. per word bound = -22.525, relative change = 4.354e-05) 
.....................................................................................................
Completed E-Step (72 seconds). 
Completed M-Step (0 seconds). 
convergence.check is 3.891181e-05 
Completing Iteration 10 (approx. per word bound = -22.524, relative change = 3.891e-05) 
Topic 1: Gene1935, Gene1037, Gene2183, Gene780, Gene528 
 Topic 2: Gene772, Gene845, Gene1426, Gene2628, Gene134 
 Topic 3: Gene904, Gene1108, Gene708, Gene548, Gene1426 
 Topic 4: Gene904, Gene2006, Gene708, Gene285, Gene2818 
 Topic 5: Gene904, Gene528, Gene1548, Gene1309, Gene2871 
 Topic 6: Gene1935, Gene814, Gene2475, Gene1822, Gene2706 
 Topic 7: Gene1673, Gene1108, Gene814, Gene2818, Gene115 
 Topic 8: Gene423, Gene814, Gene1108, Gene1673, Gene1822 
.....................................................................................................
Completed E-Step (69 seconds). 
Completed M-Step (0 seconds). 
convergence.check is 3.475674e-05 
Completing Iteration 11 (approx. per word bound = -22.523, relative change = 3.476e-05) 
.....................................................................................................
Completed E-Step (70 seconds). 
Completed M-Step (0 seconds). 
convergence.check is 3.130187e-05 
Completing Iteration 12 (approx. per word bound = -22.522, relative change = 3.130e-05) 
.....................................................................................................
Completed E-Step (70 seconds). 
Completed M-Step (0 seconds). 
convergence.check is 2.813781e-05 
Completing Iteration 13 (approx. per word bound = -22.522, relative change = 2.814e-05) 
.....................................................................................................
Completed E-Step (65 seconds). 
Completed M-Step (0 seconds). 
convergence.check is 2.532904e-05 
Completing Iteration 14 (approx. per word bound = -22.521, relative change = 2.533e-05) 
.....................................................................................................
Completed E-Step (69 seconds). 
Completed M-Step (0 seconds). 
convergence.check is 2.293608e-05 
Completing Iteration 15 (approx. per word bound = -22.521, relative change = 2.294e-05) 
Topic 1: Gene1935, Gene1037, Gene2183, Gene904, Gene528 
 Topic 2: Gene772, Gene845, Gene1426, Gene134, Gene2628 
 Topic 3: Gene904, Gene1108, Gene548, Gene708, Gene1426 
 Topic 4: Gene904, Gene2006, Gene708, Gene285, Gene2818 
 Topic 5: Gene904, Gene528, Gene1548, Gene1309, Gene2871 
 Topic 6: Gene1935, Gene814, Gene2475, Gene2706, Gene1822 
 Topic 7: Gene1673, Gene1108, Gene2818, Gene814, Gene115 
 Topic 8: Gene423, Gene814, Gene1108, Gene1822, Gene1673 
.....................................................................................................
Completed E-Step (69 seconds). 
Completed M-Step (0 seconds). 
convergence.check is 2.055674e-05 
Completing Iteration 16 (approx. per word bound = -22.520, relative change = 2.056e-05) 
.....................................................................................................
Completed E-Step (67 seconds). 
Completed M-Step (0 seconds). 
convergence.check is 1.864199e-05 
Completing Iteration 17 (approx. per word bound = -22.520, relative change = 1.864e-05) 
.....................................................................................................
Completed E-Step (63 seconds). 
Completed M-Step (0 seconds). 
convergence.check is 1.685781e-05 
Completing Iteration 18 (approx. per word bound = -22.519, relative change = 1.686e-05) 
.....................................................................................................
Completed E-Step (64 seconds). 
Completed M-Step (0 seconds). 
convergence.check is 1.525046e-05 
Completing Iteration 19 (approx. per word bound = -22.519, relative change = 1.525e-05) 
.....................................................................................................
Completed E-Step (61 seconds). 
Completed M-Step (0 seconds). 
convergence.check is 1.378609e-05 
Completing Iteration 20 (approx. per word bound = -22.519, relative change = 1.379e-05) 
Topic 1: Gene1935, Gene1037, Gene2183, Gene904, Gene528 
 Topic 2: Gene772, Gene845, Gene1426, Gene134, Gene2628 
 Topic 3: Gene904, Gene1108, Gene548, Gene708, Gene1426 
 Topic 4: Gene904, Gene2006, Gene708, Gene285, Gene2818 
 Topic 5: Gene904, Gene528, Gene1548, Gene1309, Gene2871 
 Topic 6: Gene1935, Gene814, Gene2706, Gene2475, Gene1822 
 Topic 7: Gene1673, Gene1108, Gene2818, Gene814, Gene115 
 Topic 8: Gene423, Gene814, Gene1108, Gene1822, Gene1673 
.....................................................................................................
Completed E-Step (59 seconds). 
Completed M-Step (0 seconds). 
convergence.check is 1.25105e-05 
Completing Iteration 21 (approx. per word bound = -22.518, relative change = 1.251e-05) 
.....................................................................................................
Completed E-Step (58 seconds). 
Completed M-Step (0 seconds). 
convergence.check is 1.135241e-05 
Completing Iteration 22 (approx. per word bound = -22.518, relative change = 1.135e-05) 
.....................................................................................................
Completed E-Step (60 seconds). 
Completed M-Step (0 seconds). 
convergence.check is 1.030521e-05 
Completing Iteration 23 (approx. per word bound = -22.518, relative change = 1.031e-05) 
.....................................................................................................
Completed E-Step (60 seconds). 
Completed M-Step (0 seconds). 
convergence.check is 9.325858e-06 
Model Converged 
5 select model run 
Initialization with topicScore. 
Initializing factors using Topic SCORE algorithm.
Initializing loadings by running 10 SCD updates.
.....................................................................................................
Completed E-Step (131 seconds). 
Completed M-Step (0 seconds). 
Completing Iteration 1 (approx. per word bound = -22.540) 
.....................................................................................................
Completed E-Step (65 seconds). 
Completed M-Step (0 seconds). 
convergence.check is 0.0001617231 
Completing Iteration 2 (approx. per word bound = -22.537, relative change = 1.617e-04) 
.....................................................................................................
Completed E-Step (70 seconds). 
Completed M-Step (0 seconds). 
convergence.check is 0.0001130768 
Completing Iteration 3 (approx. per word bound = -22.534, relative change = 1.131e-04) 
.....................................................................................................
Completed E-Step (72 seconds). 
Completed M-Step (0 seconds). 
convergence.check is 9.289704e-05 
Completing Iteration 4 (approx. per word bound = -22.532, relative change = 9.290e-05) 
.....................................................................................................
Completed E-Step (70 seconds). 
Completed M-Step (0 seconds). 
convergence.check is 7.754868e-05 
Completing Iteration 5 (approx. per word bound = -22.530, relative change = 7.755e-05) 
Topic 1: Gene772, Gene845, Gene423, Gene2628, Gene1426 
 Topic 2: Gene1935, Gene528, Gene2183, Gene1037, Gene285 
 Topic 3: Gene1935, Gene814, Gene1673, Gene2475, Gene2706 
 Topic 4: Gene528, Gene904, Gene2871, Gene1548, Gene2037 
 Topic 5: Gene904, Gene2006, Gene708, Gene134, Gene2818 
 Topic 6: Gene904, Gene1108, Gene1426, Gene990, Gene708 
 Topic 7: Gene1673, Gene1108, Gene814, Gene2818, Gene423 
 Topic 8: Gene423, Gene1701, Gene814, Gene1108, Gene2935 
.....................................................................................................
Completed E-Step (72 seconds). 
Completed M-Step (0 seconds). 
convergence.check is 6.587257e-05 
Completing Iteration 6 (approx. per word bound = -22.529, relative change = 6.587e-05) 
.....................................................................................................
Completed E-Step (80 seconds). 
Completed M-Step (0 seconds). 
convergence.check is 5.661748e-05 
Completing Iteration 7 (approx. per word bound = -22.527, relative change = 5.662e-05) 
.....................................................................................................
Completed E-Step (78 seconds). 
Completed M-Step (0 seconds). 
convergence.check is 4.936734e-05 
Completing Iteration 8 (approx. per word bound = -22.526, relative change = 4.937e-05) 
.....................................................................................................
Completed E-Step (81 seconds). 
Completed M-Step (0 seconds). 
convergence.check is 4.337443e-05 
Completing Iteration 9 (approx. per word bound = -22.525, relative change = 4.337e-05) 
.....................................................................................................
Completed E-Step (79 seconds). 
Completed M-Step (0 seconds). 
convergence.check is 3.811258e-05 
Completing Iteration 10 (approx. per word bound = -22.525, relative change = 3.811e-05) 
Topic 1: Gene772, Gene845, Gene2628, Gene423, Gene1673 
 Topic 2: Gene1935, Gene528, Gene2183, Gene1037, Gene285 
 Topic 3: Gene1935, Gene814, Gene2706, Gene2475, Gene2740 
 Topic 4: Gene528, Gene904, Gene2871, Gene1548, Gene2037 
 Topic 5: Gene904, Gene2006, Gene708, Gene2818, Gene1744 
 Topic 6: Gene904, Gene1108, Gene1426, Gene548, Gene990 
 Topic 7: Gene1673, Gene1108, Gene814, Gene2818, Gene115 
 Topic 8: Gene423, Gene1701, Gene814, Gene1108, Gene2935 
.....................................................................................................
Completed E-Step (75 seconds). 
Completed M-Step (0 seconds). 
convergence.check is 3.398564e-05 
Completing Iteration 11 (approx. per word bound = -22.524, relative change = 3.399e-05) 
.....................................................................................................
Completed E-Step (74 seconds). 
Completed M-Step (0 seconds). 
convergence.check is 3.023063e-05 
Completing Iteration 12 (approx. per word bound = -22.523, relative change = 3.023e-05) 
.....................................................................................................
Completed E-Step (76 seconds). 
Completed M-Step (0 seconds). 
convergence.check is 2.689753e-05 
Completing Iteration 13 (approx. per word bound = -22.522, relative change = 2.690e-05) 
.....................................................................................................
Completed E-Step (75 seconds). 
Completed M-Step (0 seconds). 
convergence.check is 2.404242e-05 
Completing Iteration 14 (approx. per word bound = -22.522, relative change = 2.404e-05) 
.....................................................................................................
Completed E-Step (75 seconds). 
Completed M-Step (0 seconds). 
convergence.check is 2.159398e-05 
Completing Iteration 15 (approx. per word bound = -22.521, relative change = 2.159e-05) 
Topic 1: Gene772, Gene845, Gene2628, Gene423, Gene1673 
 Topic 2: Gene1935, Gene528, Gene2183, Gene1037, Gene285 
 Topic 3: Gene1935, Gene814, Gene2706, Gene2475, Gene2740 
 Topic 4: Gene528, Gene904, Gene2871, Gene1548, Gene2037 
 Topic 5: Gene904, Gene2006, Gene708, Gene1744, Gene2818 
 Topic 6: Gene904, Gene1108, Gene1426, Gene548, Gene990 
 Topic 7: Gene1673, Gene1108, Gene814, Gene2818, Gene115 
 Topic 8: Gene423, Gene1701, Gene814, Gene2935, Gene1108 
.....................................................................................................
Completed E-Step (73 seconds). 
Completed M-Step (0 seconds). 
convergence.check is 1.937882e-05 
Completing Iteration 16 (approx. per word bound = -22.521, relative change = 1.938e-05) 
.....................................................................................................
Completed E-Step (67 seconds). 
Completed M-Step (0 seconds). 
convergence.check is 1.737465e-05 
Completing Iteration 17 (approx. per word bound = -22.521, relative change = 1.737e-05) 
.....................................................................................................
Completed E-Step (71 seconds). 
Completed M-Step (0 seconds). 
convergence.check is 1.574414e-05 
Completing Iteration 18 (approx. per word bound = -22.520, relative change = 1.574e-05) 
.....................................................................................................
Completed E-Step (67 seconds). 
Completed M-Step (0 seconds). 
convergence.check is 1.4133e-05 
Completing Iteration 19 (approx. per word bound = -22.520, relative change = 1.413e-05) 
.....................................................................................................
Completed E-Step (70 seconds). 
Completed M-Step (0 seconds). 
convergence.check is 1.29488e-05 
Completing Iteration 20 (approx. per word bound = -22.520, relative change = 1.295e-05) 
Topic 1: Gene772, Gene845, Gene2628, Gene423, Gene1673 
 Topic 2: Gene1935, Gene528, Gene2183, Gene1037, Gene285 
 Topic 3: Gene1935, Gene814, Gene2706, Gene2475, Gene2740 
 Topic 4: Gene528, Gene904, Gene2871, Gene1548, Gene2037 
 Topic 5: Gene904, Gene708, Gene2006, Gene1744, Gene2818 
 Topic 6: Gene904, Gene1108, Gene548, Gene1426, Gene990 
 Topic 7: Gene1673, Gene1108, Gene814, Gene2818, Gene115 
 Topic 8: Gene423, Gene814, Gene1701, Gene2935, Gene1108 
.....................................................................................................
Completed E-Step (69 seconds). 
Completed M-Step (0 seconds). 
convergence.check is 1.155507e-05 
Completing Iteration 21 (approx. per word bound = -22.519, relative change = 1.156e-05) 
.....................................................................................................
Completed E-Step (67 seconds). 
Completed M-Step (0 seconds). 
convergence.check is 1.056882e-05 
Completing Iteration 22 (approx. per word bound = -22.519, relative change = 1.057e-05) 
.....................................................................................................
Completed E-Step (63 seconds). 
Completed M-Step (0 seconds). 
convergence.check is 9.695011e-06 
Model Converged 
