sims_1712873799_L4.rds 
        R/alignCorpus.R R/asSTMCorpus.R R/checkBeta.R R/cloud.R
value   ?               ?               ?             ?        
visible FALSE           FALSE           FALSE         FALSE    
        R/convertCorpus.R R/estimateEffect.R R/estimateMixedEffect.R
value   ?                 ?                  ?                      
visible FALSE             FALSE              FALSE                  
        R/exclusivity.R R/findThoughts.R R/findTopic.R R/fitNewDocuments.R
value   ?               ?                ?             ?                  
visible FALSE           FALSE            FALSE         FALSE              
        R/heldout.R R/jeffreyskappa.R R/labelTopics.R R/makeDesignMatrix.R
value   ?           ?                 ?               ?                   
visible FALSE       FALSE             FALSE           FALSE               
        R/manyTopics.R R/multiSTM.R R/permute.R R/plot.estimateEffect.R
value   ?              ?            ?           ?                      
visible FALSE          FALSE        FALSE       FALSE                  
        R/plot.fixedEffect.R R/plot.searchK.R R/plot.STM.R R/plotModels.R
value   ?                    ?                ?            ?             
visible FALSE                FALSE            FALSE        FALSE         
        R/plotQuote.R R/plotRemoved.R R/plottingutilfns.R R/plotTopicLoess.R
value   ?             ?               ?                   ?                 
visible FALSE         FALSE           FALSE               FALSE             
        R/prepDocuments.R R/prepsce.R R/produce_cmatrix.R R/RcppExports.R
value   ?                 ?           ?                   ?              
visible FALSE             FALSE       FALSE               FALSE          
        R/readCorpus.R R/residuals.R R/s.R R/sageLabels.R R/scSTM.R R/searchK.R
value   ?              ?             ?     ?              ?         ?          
visible FALSE          FALSE         FALSE FALSE          FALSE     FALSE      
        R/selectModel.R R/semanticCoherence.R R/simBetas.R R/spectral.R
value   ?               ?                     ?            ?           
visible FALSE           FALSE                 FALSE        FALSE       
        R/stm-package.R R/stm.control.R R/STMbound.R R/STMconvergence.R
value   NULL            ?               ?            ?                 
visible TRUE            FALSE           FALSE        FALSE             
        R/STMestep.R R/STMfunctions.R R/STMinit.R R/STMinitLikelihood.R
value   ?            ?                ?           ?                    
visible FALSE        FALSE            FALSE       FALSE                
        R/STMlncpp.R R/STMmnreg.R R/STMmu.R R/STMoptbeta.R R/STMreport.R
value   ?            ?            ?         ?              ?            
visible FALSE        FALSE        FALSE     FALSE          FALSE        
        R/STMsigma.R R/STMsigs.R R/STMsubset.R R/summary.STM.R R/tau.R
value   ?            ?           ?             ?               ?      
visible FALSE        FALSE       FALSE         FALSE           FALSE  
        R/textProcessor.R R/thetaPosterior.R R/toLDAvis.R R/topicCorr.R
value   ?                 ?                  ?            ?            
visible FALSE             FALSE              FALSE        FALSE        
        R/topicLasso.R R/topicQuality.R R/writeLdac.R R/zzz.R
value   ?              ?                ?             ?      
visible FALSE          FALSE            FALSE         FALSE  
Removing 2 of 1302 genes (2 of 2748388 tokens) due to frequency 
Your Dataset now has 3574 cells, 1300 genes and 2748386 tokens. 
Casting net 
1 models in net 
Initialization with topicScore. 
Initializing factors using Topic SCORE algorithm.
Initializing loadings by running 10 SCD updates.
convergence.check is 0.003994684 
2 models in net 
Initialization with topicScore. 
Initializing factors using Topic SCORE algorithm.
Initializing loadings by running 10 SCD updates.
convergence.check is 0.003992182 
3 models in net 
Initialization with topicScore. 
Initializing factors using Topic SCORE algorithm.
Initializing loadings by running 10 SCD updates.
convergence.check is 0.003993735 
4 models in net 
Initialization with topicScore. 
Initializing factors using Topic SCORE algorithm.
Initializing loadings by running 10 SCD updates.
convergence.check is 0.003993923 
5 models in net 
Initialization with topicScore. 
Initializing factors using Topic SCORE algorithm.
Initializing loadings by running 10 SCD updates.
convergence.check is 0.003993666 
6 models in net 
Initialization with topicScore. 
Initializing factors using Topic SCORE algorithm.
Initializing loadings by running 10 SCD updates.
convergence.check is 0.003990914 
7 models in net 
Initialization with topicScore. 
Initializing factors using Topic SCORE algorithm.
Initializing loadings by running 10 SCD updates.
convergence.check is 0.003995429 
8 models in net 
Initialization with topicScore. 
Initializing factors using Topic SCORE algorithm.
Initializing loadings by running 10 SCD updates.
convergence.check is 0.003995654 
9 models in net 
Initialization with topicScore. 
Initializing factors using Topic SCORE algorithm.
Initializing loadings by running 10 SCD updates.
convergence.check is 0.003996952 
10 models in net 
Initialization with topicScore. 
Initializing factors using Topic SCORE algorithm.
Initializing loadings by running 10 SCD updates.
convergence.check is 0.003990861 
11 models in net 
Initialization with topicScore. 
Initializing factors using Topic SCORE algorithm.
Initializing loadings by running 10 SCD updates.
convergence.check is 0.00399397 
12 models in net 
Initialization with topicScore. 
Initializing factors using Topic SCORE algorithm.
Initializing loadings by running 10 SCD updates.
convergence.check is 0.003992254 
13 models in net 
Initialization with topicScore. 
Initializing factors using Topic SCORE algorithm.
Initializing loadings by running 10 SCD updates.
convergence.check is 0.003990489 
14 models in net 
Initialization with topicScore. 
Initializing factors using Topic SCORE algorithm.
Initializing loadings by running 10 SCD updates.
convergence.check is 0.003993754 
15 models in net 
Initialization with topicScore. 
Initializing factors using Topic SCORE algorithm.
Initializing loadings by running 10 SCD updates.
convergence.check is 0.004052435 
16 models in net 
Initialization with topicScore. 
Initializing factors using Topic SCORE algorithm.
Initializing loadings by running 10 SCD updates.
convergence.check is 0.003992931 
17 models in net 
Initialization with topicScore. 
Initializing factors using Topic SCORE algorithm.
Initializing loadings by running 10 SCD updates.
convergence.check is 0.003991339 
18 models in net 
Initialization with topicScore. 
Initializing factors using Topic SCORE algorithm.
Initializing loadings by running 10 SCD updates.
convergence.check is 0.003986103 
19 models in net 
Initialization with topicScore. 
Initializing factors using Topic SCORE algorithm.
Initializing loadings by running 10 SCD updates.
convergence.check is 0.003995075 
20 models in net 
Initialization with topicScore. 
Initializing factors using Topic SCORE algorithm.
Initializing loadings by running 10 SCD updates.
convergence.check is 0.00399199 
21 models in net 
convergence.check is -0.3764814 
22 models in net 
Initialization with Poisson NMF 
convergence.check is 0.2302496 
23 models in net 
Initialization with Poisson NMF 
convergence.check is 0.2280156 
24 models in net 
Initialization with Poisson NMF 
convergence.check is 0.2245942 
25 models in net 
Initialization with Poisson NMF 
convergence.check is 0.2265998 
26 models in net 
Initialization with Poisson NMF 
convergence.check is 0.2281051 
27 models in net 
Initialization with Poisson NMF 
convergence.check is 0.2257406 
28 models in net 
Initialization with Poisson NMF 
convergence.check is 0.2307729 
29 models in net 
Initialization with Poisson NMF 
convergence.check is 0.2305388 
30 models in net 
Initialization with Poisson NMF 
convergence.check is 0.2299622 
31 models in net 
Initialization with Poisson NMF 
convergence.check is 0.2281583 
32 models in net 
Initialization with Poisson NMF 
convergence.check is 0.2312197 
33 models in net 
Initialization with Poisson NMF 
convergence.check is 0.2309672 
34 models in net 
Initialization with Poisson NMF 
convergence.check is 0.229901 
35 models in net 
Initialization with Poisson NMF 
convergence.check is 0.2272508 
36 models in net 
Initialization with Poisson NMF 
convergence.check is 0.2317893 
37 models in net 
Initialization with Poisson NMF 
convergence.check is 0.227639 
38 models in net 
Initialization with Poisson NMF 
convergence.check is 0.2298305 
39 models in net 
Initialization with Poisson NMF 
convergence.check is 0.23442 
40 models in net 
Initialization with Poisson NMF 
convergence.check is 0.226541 
41 models in net 
Initialization with Poisson NMF 
convergence.check is 0.2290724 
Running select models 
1 select model run 
Initialization with topicScore. 
Initializing factors using Topic SCORE algorithm.
Initializing loadings by running 10 SCD updates.
......................................................................................................
Completed E-Step (36 seconds). 
....................................................................................................
Completed M-Step (142 seconds). 
Completing Iteration 1 (approx. per word bound = -21.252) 
......................................................................................................
Completed E-Step (23 seconds). 
....................................................................................................
Completed M-Step (134 seconds). 
convergence.check is 0.004052435 
Completing Iteration 2 (approx. per word bound = -21.165, relative change = 4.052e-03) 
......................................................................................................
Completed E-Step (22 seconds). 
....................................................................................................
Completed M-Step (132 seconds). 
convergence.check is 0.0001154873 
Completing Iteration 3 (approx. per word bound = -21.163, relative change = 1.155e-04) 
......................................................................................................
Completed E-Step (20 seconds). 
....................................................................................................
Completed M-Step (124 seconds). 
convergence.check is 8.994066e-05 
Completing Iteration 4 (approx. per word bound = -21.161, relative change = 8.994e-05) 
......................................................................................................
Completed E-Step (21 seconds). 
....................................................................................................
Completed M-Step (123 seconds). 
convergence.check is 7.839331e-05 
Completing Iteration 5 (approx. per word bound = -21.159, relative change = 7.839e-05) 
Topic 1: Gene2347, Gene576, Gene2543, Gene1534, Gene1451 
 Topic 2: Gene2895, Gene29, Gene2002, Gene2261, Gene2639 
 Topic 3: Gene2895, Gene2251, Gene1331, Gene1701, Gene55 
 Topic 4: Gene2347, Gene1273, Gene837, Gene1305, Gene1839 
 Topic 5: Gene2895, Gene173, Gene1280, Gene133, Gene1323 
Aspect 1: Gene2347, Gene2159, Gene1386, Gene2437, Gene1250 
 Aspect 2: Gene1211, Gene581, Gene2895, Gene2347, Gene189 
 Aspect 3: Gene122, Gene791, Gene1455, Gene71, Gene2445 
 Aspect 4: Gene71, Gene2674, Gene502, Gene2359, Gene228 
 Aspect 5: Gene1445, Gene2748, Gene107, Gene570, Gene1965 
 Aspect 6: Gene1889, Gene1386, Gene2174, Gene1869, Gene1337 
......................................................................................................
Completed E-Step (22 seconds). 
....................................................................................................
Completed M-Step (121 seconds). 
convergence.check is 7.347733e-05 
Completing Iteration 6 (approx. per word bound = -21.158, relative change = 7.348e-05) 
......................................................................................................
Completed E-Step (21 seconds). 
....................................................................................................
Completed M-Step (121 seconds). 
convergence.check is 7.251488e-05 
Completing Iteration 7 (approx. per word bound = -21.156, relative change = 7.251e-05) 
......................................................................................................
Completed E-Step (21 seconds). 
....................................................................................................
Completed M-Step (121 seconds). 
convergence.check is 7.420023e-05 
Completing Iteration 8 (approx. per word bound = -21.155, relative change = 7.420e-05) 
......................................................................................................
Completed E-Step (20 seconds). 
....................................................................................................
Completed M-Step (120 seconds). 
convergence.check is 7.714828e-05 
Completing Iteration 9 (approx. per word bound = -21.153, relative change = 7.715e-05) 
......................................................................................................
Completed E-Step (21 seconds). 
....................................................................................................
Completed M-Step (119 seconds). 
convergence.check is 7.999439e-05 
Completing Iteration 10 (approx. per word bound = -21.151, relative change = 7.999e-05) 
Topic 1: Gene2347, Gene576, Gene2543, Gene1534, Gene1015 
 Topic 2: Gene2895, Gene29, Gene2261, Gene2002, Gene2639 
 Topic 3: Gene2895, Gene2251, Gene1331, Gene55, Gene1701 
 Topic 4: Gene2347, Gene1305, Gene1273, Gene2160, Gene2514 
 Topic 5: Gene2895, Gene173, Gene1280, Gene837, Gene1323 
Aspect 1: Gene2347, Gene2159, Gene2437, Gene1386, Gene1250 
 Aspect 2: Gene1211, Gene2895, Gene581, Gene2347, Gene844 
 Aspect 3: Gene837, Gene889, Gene122, Gene791, Gene1455 
 Aspect 4: Gene71, Gene2674, Gene502, Gene2359, Gene570 
 Aspect 5: Gene1445, Gene107, Gene2748, Gene570, Gene1965 
 Aspect 6: Gene1889, Gene2174, Gene1386, Gene1869, Gene837 
......................................................................................................
Completed E-Step (20 seconds). 
....................................................................................................
Completed M-Step (113 seconds). 
convergence.check is 8.185601e-05 
Completing Iteration 11 (approx. per word bound = -21.150, relative change = 8.186e-05) 
......................................................................................................
Completed E-Step (19 seconds). 
....................................................................................................
Completed M-Step (118 seconds). 
convergence.check is 8.136481e-05 
Completing Iteration 12 (approx. per word bound = -21.148, relative change = 8.136e-05) 
......................................................................................................
Completed E-Step (20 seconds). 
....................................................................................................
Completed M-Step (122 seconds). 
convergence.check is 7.865625e-05 
Completing Iteration 13 (approx. per word bound = -21.146, relative change = 7.866e-05) 
......................................................................................................
Completed E-Step (21 seconds). 
....................................................................................................
Completed M-Step (123 seconds). 
convergence.check is 7.356406e-05 
Completing Iteration 14 (approx. per word bound = -21.145, relative change = 7.356e-05) 
......................................................................................................
Completed E-Step (22 seconds). 
....................................................................................................
Completed M-Step (120 seconds). 
convergence.check is 6.597507e-05 
Completing Iteration 15 (approx. per word bound = -21.143, relative change = 6.598e-05) 
Topic 1: Gene2347, Gene576, Gene1015, Gene2543, Gene1534 
 Topic 2: Gene2895, Gene29, Gene2261, Gene2002, Gene2639 
 Topic 3: Gene2895, Gene1331, Gene2251, Gene55, Gene757 
 Topic 4: Gene2347, Gene1305, Gene2514, Gene1273, Gene2160 
 Topic 5: Gene2895, Gene173, Gene837, Gene1280, Gene1879 
Aspect 1: Gene2347, Gene2437, Gene2159, Gene1250, Gene2480 
 Aspect 2: Gene1211, Gene2895, Gene581, Gene1862, Gene2347 
 Aspect 3: Gene889, Gene837, Gene122, Gene1455, Gene2445 
 Aspect 4: Gene71, Gene2674, Gene2686, Gene502, Gene2359 
 Aspect 5: Gene1445, Gene107, Gene570, Gene2510, Gene1965 
 Aspect 6: Gene2174, Gene1889, Gene1869, Gene1337, Gene1788 
......................................................................................................
Completed E-Step (20 seconds). 
....................................................................................................
Completed M-Step (119 seconds). 
convergence.check is 5.725527e-05 
Completing Iteration 16 (approx. per word bound = -21.142, relative change = 5.726e-05) 
......................................................................................................
Completed E-Step (20 seconds). 
....................................................................................................
Completed M-Step (122 seconds). 
convergence.check is 4.816969e-05 
Completing Iteration 17 (approx. per word bound = -21.141, relative change = 4.817e-05) 
......................................................................................................
Completed E-Step (21 seconds). 
....................................................................................................
Completed M-Step (120 seconds). 
convergence.check is 3.942386e-05 
Completing Iteration 18 (approx. per word bound = -21.140, relative change = 3.942e-05) 
......................................................................................................
Completed E-Step (19 seconds). 
....................................................................................................
Completed M-Step (121 seconds). 
convergence.check is 3.156292e-05 
Completing Iteration 19 (approx. per word bound = -21.140, relative change = 3.156e-05) 
......................................................................................................
Completed E-Step (18 seconds). 
....................................................................................................
Completed M-Step (118 seconds). 
convergence.check is 2.522496e-05 
Completing Iteration 20 (approx. per word bound = -21.139, relative change = 2.522e-05) 
Topic 1: Gene2347, Gene576, Gene1015, Gene2543, Gene1534 
 Topic 2: Gene2895, Gene29, Gene2261, Gene2002, Gene2114 
 Topic 3: Gene2895, Gene1331, Gene2251, Gene55, Gene2839 
 Topic 4: Gene2347, Gene1305, Gene1273, Gene2514, Gene2160 
 Topic 5: Gene2895, Gene173, Gene837, Gene2084, Gene86 
Aspect 1: Gene2347, Gene2437, Gene1250, Gene2159, Gene2480 
 Aspect 2: Gene1211, Gene2895, Gene581, Gene1862, Gene2347 
 Aspect 3: Gene837, Gene889, Gene122, Gene791, Gene2445 
 Aspect 4: Gene71, Gene2674, Gene502, Gene2359, Gene570 
 Aspect 5: Gene107, Gene2510, Gene570, Gene1965, Gene1445 
 Aspect 6: Gene1889, Gene2174, Gene1869, Gene375, Gene1337 
......................................................................................................
Completed E-Step (18 seconds). 
....................................................................................................
Completed M-Step (118 seconds). 
convergence.check is 1.997356e-05 
Completing Iteration 21 (approx. per word bound = -21.139, relative change = 1.997e-05) 
......................................................................................................
Completed E-Step (17 seconds). 
....................................................................................................
Completed M-Step (120 seconds). 
convergence.check is 1.631976e-05 
Completing Iteration 22 (approx. per word bound = -21.138, relative change = 1.632e-05) 
......................................................................................................
Completed E-Step (19 seconds). 
....................................................................................................
Completed M-Step (118 seconds). 
convergence.check is 1.35327e-05 
Completing Iteration 23 (approx. per word bound = -21.138, relative change = 1.353e-05) 
......................................................................................................
Completed E-Step (18 seconds). 
....................................................................................................
Completed M-Step (119 seconds). 
convergence.check is 1.12189e-05 
Completing Iteration 24 (approx. per word bound = -21.138, relative change = 1.122e-05) 
......................................................................................................
Completed E-Step (17 seconds). 
....................................................................................................
Completed M-Step (119 seconds). 
convergence.check is 9.338154e-06 
Model Converged 
2 select model run 
Initialization with topicScore. 
Initializing factors using Topic SCORE algorithm.
Initializing loadings by running 10 SCD updates.
......................................................................................................
Completed E-Step (30 seconds). 
....................................................................................................
Completed M-Step (139 seconds). 
Completing Iteration 1 (approx. per word bound = -21.252) 
......................................................................................................
Completed E-Step (20 seconds). 
....................................................................................................
Completed M-Step (116 seconds). 
convergence.check is 0.003993666 
Completing Iteration 2 (approx. per word bound = -21.167, relative change = 3.994e-03) 
......................................................................................................
Completed E-Step (22 seconds). 
....................................................................................................
Completed M-Step (124 seconds). 
convergence.check is 0.0001093944 
Completing Iteration 3 (approx. per word bound = -21.165, relative change = 1.094e-04) 
......................................................................................................
Completed E-Step (23 seconds). 
....................................................................................................
Completed M-Step (126 seconds). 
convergence.check is 8.963728e-05 
Completing Iteration 4 (approx. per word bound = -21.163, relative change = 8.964e-05) 
......................................................................................................
Completed E-Step (23 seconds). 
....................................................................................................
Completed M-Step (124 seconds). 
convergence.check is 8.036739e-05 
Completing Iteration 5 (approx. per word bound = -21.161, relative change = 8.037e-05) 
Topic 1: Gene2895, Gene2347, Gene1305, Gene1273, Gene2514 
 Topic 2: Gene2895, Gene2347, Gene29, Gene2002, Gene2261 
 Topic 3: Gene2895, Gene1331, Gene2251, Gene1701, Gene55 
 Topic 4: Gene576, Gene2543, Gene1451, Gene1015, Gene1534 
 Topic 5: Gene173, Gene1280, Gene1323, Gene133, Gene1915 
Aspect 1: Gene2347, Gene2159, Gene1386, Gene2437, Gene2480 
 Aspect 2: Gene2895, Gene1211, Gene581, Gene2347, Gene837 
 Aspect 3: Gene837, Gene889, Gene2895, Gene122, Gene791 
 Aspect 4: Gene2895, Gene71, Gene2674, Gene502, Gene2359 
 Aspect 5: Gene1445, Gene2748, Gene107, Gene570, Gene1965 
 Aspect 6: Gene1889, Gene2174, Gene1337, Gene837, Gene1869 
......................................................................................................
Completed E-Step (21 seconds). 
....................................................................................................
Completed M-Step (119 seconds). 
convergence.check is 7.648871e-05 
Completing Iteration 6 (approx. per word bound = -21.160, relative change = 7.649e-05) 
......................................................................................................
Completed E-Step (20 seconds). 
....................................................................................................
Completed M-Step (118 seconds). 
convergence.check is 7.607198e-05 
Completing Iteration 7 (approx. per word bound = -21.158, relative change = 7.607e-05) 
......................................................................................................
Completed E-Step (21 seconds). 
....................................................................................................
Completed M-Step (120 seconds). 
convergence.check is 7.798674e-05 
Completing Iteration 8 (approx. per word bound = -21.157, relative change = 7.799e-05) 
......................................................................................................
Completed E-Step (21 seconds). 
....................................................................................................
Completed M-Step (118 seconds). 
convergence.check is 8.137212e-05 
Completing Iteration 9 (approx. per word bound = -21.155, relative change = 8.137e-05) 
......................................................................................................
Completed E-Step (21 seconds). 
....................................................................................................
Completed M-Step (118 seconds). 
convergence.check is 8.498189e-05 
Completing Iteration 10 (approx. per word bound = -21.153, relative change = 8.498e-05) 
Topic 1: Gene2895, Gene2347, Gene1305, Gene1273, Gene2514 
 Topic 2: Gene2895, Gene29, Gene2002, Gene2261, Gene2114 
 Topic 3: Gene2895, Gene2251, Gene1331, Gene55, Gene1701 
 Topic 4: Gene2347, Gene576, Gene2543, Gene1015, Gene1451 
 Topic 5: Gene173, Gene2895, Gene837, Gene1280, Gene1323 
Aspect 1: Gene2347, Gene2159, Gene1386, Gene2437, Gene2480 
 Aspect 2: Gene1211, Gene581, Gene2347, Gene2895, Gene1862 
 Aspect 3: Gene889, Gene2895, Gene837, Gene122, Gene2445 
 Aspect 4: Gene71, Gene2674, Gene502, Gene2359, Gene570 
 Aspect 5: Gene1445, Gene107, Gene2748, Gene570, Gene1965 
 Aspect 6: Gene1889, Gene2174, Gene1337, Gene1869, Gene185 
......................................................................................................
Completed E-Step (19 seconds). 
....................................................................................................
Completed M-Step (118 seconds). 
convergence.check is 8.793161e-05 
Completing Iteration 11 (approx. per word bound = -21.151, relative change = 8.793e-05) 
......................................................................................................
Completed E-Step (20 seconds). 
....................................................................................................
Completed M-Step (115 seconds). 
convergence.check is 8.915285e-05 
Completing Iteration 12 (approx. per word bound = -21.149, relative change = 8.915e-05) 
......................................................................................................
Completed E-Step (20 seconds). 
....................................................................................................
Completed M-Step (118 seconds). 
convergence.check is 8.760497e-05 
Completing Iteration 13 (approx. per word bound = -21.147, relative change = 8.760e-05) 
......................................................................................................
Completed E-Step (19 seconds). 
....................................................................................................
Completed M-Step (118 seconds). 
convergence.check is 8.295694e-05 
Completing Iteration 14 (approx. per word bound = -21.146, relative change = 8.296e-05) 
......................................................................................................
Completed E-Step (20 seconds). 
....................................................................................................
Completed M-Step (116 seconds). 
convergence.check is 7.526045e-05 
Completing Iteration 15 (approx. per word bound = -21.144, relative change = 7.526e-05) 
Topic 1: Gene2895, Gene2347, Gene1305, Gene2514, Gene1273 
 Topic 2: Gene2895, Gene29, Gene2002, Gene2261, Gene2114 
 Topic 3: Gene2895, Gene1331, Gene2251, Gene55, Gene757 
 Topic 4: Gene2347, Gene576, Gene2543, Gene1015, Gene1534 
 Topic 5: Gene2895, Gene173, Gene837, Gene1280, Gene1323 
Aspect 1: Gene2347, Gene2437, Gene1250, Gene2480, Gene2159 
 Aspect 2: Gene1211, Gene581, Gene1862, Gene2347, Gene1865 
 Aspect 3: Gene889, Gene2895, Gene837, Gene2347, Gene122 
 Aspect 4: Gene71, Gene2674, Gene2686, Gene2359, Gene502 
 Aspect 5: Gene1445, Gene2510, Gene107, Gene570, Gene1965 
 Aspect 6: Gene1889, Gene2174, Gene1869, Gene1337, Gene185 
......................................................................................................
Completed E-Step (20 seconds). 
....................................................................................................
Completed M-Step (117 seconds). 
convergence.check is 6.532473e-05 
Completing Iteration 16 (approx. per word bound = -21.143, relative change = 6.532e-05) 
......................................................................................................
Completed E-Step (21 seconds). 
....................................................................................................
Completed M-Step (118 seconds). 
convergence.check is 5.457057e-05 
Completing Iteration 17 (approx. per word bound = -21.142, relative change = 5.457e-05) 
......................................................................................................
Completed E-Step (21 seconds). 
....................................................................................................
Completed M-Step (117 seconds). 
convergence.check is 4.407372e-05 
Completing Iteration 18 (approx. per word bound = -21.141, relative change = 4.407e-05) 
......................................................................................................
Completed E-Step (19 seconds). 
....................................................................................................
Completed M-Step (120 seconds). 
convergence.check is 3.486687e-05 
Completing Iteration 19 (approx. per word bound = -21.140, relative change = 3.487e-05) 
......................................................................................................
Completed E-Step (19 seconds). 
....................................................................................................
Completed M-Step (121 seconds). 
convergence.check is 2.734044e-05 
Completing Iteration 20 (approx. per word bound = -21.139, relative change = 2.734e-05) 
Topic 1: Gene2895, Gene2347, Gene1273, Gene2514, Gene1305 
 Topic 2: Gene2895, Gene29, Gene2261, Gene2002, Gene2114 
 Topic 3: Gene2895, Gene1331, Gene2251, Gene55, Gene1410 
 Topic 4: Gene2347, Gene576, Gene2543, Gene1015, Gene1534 
 Topic 5: Gene2895, Gene173, Gene837, Gene2084, Gene86 
Aspect 1: Gene2347, Gene2437, Gene1850, Gene1250, Gene2480 
 Aspect 2: Gene1211, Gene581, Gene1862, Gene2347, Gene1865 
 Aspect 3: Gene2347, Gene889, Gene837, Gene2895, Gene122 
 Aspect 4: Gene71, Gene2674, Gene2359, Gene502, Gene570 
 Aspect 5: Gene2510, Gene107, Gene570, Gene1965, Gene1445 
 Aspect 6: Gene2174, Gene1889, Gene1869, Gene1337, Gene185 
......................................................................................................
Completed E-Step (19 seconds). 
....................................................................................................
Completed M-Step (121 seconds). 
convergence.check is 2.186929e-05 
Completing Iteration 21 (approx. per word bound = -21.139, relative change = 2.187e-05) 
......................................................................................................
Completed E-Step (19 seconds). 
....................................................................................................
Completed M-Step (122 seconds). 
convergence.check is 1.76877e-05 
Completing Iteration 22 (approx. per word bound = -21.139, relative change = 1.769e-05) 
......................................................................................................
Completed E-Step (20 seconds). 
....................................................................................................
Completed M-Step (109 seconds). 
convergence.check is 1.433877e-05 
Completing Iteration 23 (approx. per word bound = -21.138, relative change = 1.434e-05) 
......................................................................................................
Completed E-Step (18 seconds). 
....................................................................................................
Completed M-Step (120 seconds). 
convergence.check is 1.173678e-05 
Completing Iteration 24 (approx. per word bound = -21.138, relative change = 1.174e-05) 
......................................................................................................
Completed E-Step (18 seconds). 
....................................................................................................
Completed M-Step (125 seconds). 
convergence.check is 9.765595e-06 
Model Converged 
3 select model run 
Initialization with topicScore. 
Initializing factors using Topic SCORE algorithm.
Initializing loadings by running 10 SCD updates.
......................................................................................................
Completed E-Step (31 seconds). 
....................................................................................................
Completed M-Step (143 seconds). 
Completing Iteration 1 (approx. per word bound = -21.252) 
......................................................................................................
Completed E-Step (25 seconds). 
....................................................................................................
Completed M-Step (136 seconds). 
convergence.check is 0.003986103 
Completing Iteration 2 (approx. per word bound = -21.168, relative change = 3.986e-03) 
......................................................................................................
Completed E-Step (26 seconds). 
....................................................................................................
Completed M-Step (130 seconds). 
convergence.check is 0.0001029876 
Completing Iteration 3 (approx. per word bound = -21.166, relative change = 1.030e-04) 
......................................................................................................
Completed E-Step (25 seconds). 
....................................................................................................
Completed M-Step (127 seconds). 
convergence.check is 8.571073e-05 
Completing Iteration 4 (approx. per word bound = -21.164, relative change = 8.571e-05) 
......................................................................................................
Completed E-Step (24 seconds). 
....................................................................................................
Completed M-Step (127 seconds). 
convergence.check is 7.819116e-05 
Completing Iteration 5 (approx. per word bound = -21.162, relative change = 7.819e-05) 
Topic 1: Gene576, Gene2543, Gene1015, Gene1451, Gene1534 
 Topic 2: Gene2895, Gene2347, Gene29, Gene2002, Gene2114 
 Topic 3: Gene2895, Gene2347, Gene1273, Gene1305, Gene2514 
 Topic 4: Gene2895, Gene1331, Gene2251, Gene1701, Gene1410 
 Topic 5: Gene173, Gene1280, Gene1879, Gene1323, Gene1915 
Aspect 1: Gene2347, Gene2159, Gene1386, Gene2437, Gene2480 
 Aspect 2: Gene1211, Gene2895, Gene581, Gene2347, Gene837 
 Aspect 3: Gene837, Gene889, Gene122, Gene791, Gene71 
 Aspect 4: Gene71, Gene2674, Gene502, Gene2359, Gene570 
 Aspect 5: Gene1445, Gene2748, Gene107, Gene570, Gene1965 
 Aspect 6: Gene1889, Gene2174, Gene1337, Gene1869, Gene185 
......................................................................................................
Completed E-Step (23 seconds). 
....................................................................................................
Completed M-Step (126 seconds). 
convergence.check is 7.553659e-05 
Completing Iteration 6 (approx. per word bound = -21.161, relative change = 7.554e-05) 
......................................................................................................
Completed E-Step (24 seconds). 
....................................................................................................
Completed M-Step (122 seconds). 
convergence.check is 7.587692e-05 
Completing Iteration 7 (approx. per word bound = -21.159, relative change = 7.588e-05) 
......................................................................................................
Completed E-Step (23 seconds). 
....................................................................................................
Completed M-Step (125 seconds). 
convergence.check is 7.807477e-05 
Completing Iteration 8 (approx. per word bound = -21.157, relative change = 7.807e-05) 
......................................................................................................
Completed E-Step (24 seconds). 
....................................................................................................
Completed M-Step (118 seconds). 
convergence.check is 8.115352e-05 
Completing Iteration 9 (approx. per word bound = -21.156, relative change = 8.115e-05) 
......................................................................................................
Completed E-Step (24 seconds). 
....................................................................................................
Completed M-Step (121 seconds). 
convergence.check is 8.425397e-05 
Completing Iteration 10 (approx. per word bound = -21.154, relative change = 8.425e-05) 
Topic 1: Gene2347, Gene576, Gene1015, Gene2543, Gene1451 
 Topic 2: Gene2895, Gene29, Gene2002, Gene2114, Gene2261 
 Topic 3: Gene2895, Gene2347, Gene1305, Gene1273, Gene2514 
 Topic 4: Gene2895, Gene1331, Gene2251, Gene55, Gene1410 
 Topic 5: Gene173, Gene2895, Gene837, Gene1280, Gene1879 
Aspect 1: Gene2347, Gene2159, Gene2437, Gene1386, Gene2480 
 Aspect 2: Gene1211, Gene581, Gene2347, Gene2895, Gene1865 
 Aspect 3: Gene889, Gene2895, Gene837, Gene122, Gene791 
 Aspect 4: Gene71, Gene2674, Gene502, Gene2359, Gene570 
 Aspect 5: Gene1445, Gene107, Gene2748, Gene570, Gene2895 
 Aspect 6: Gene1889, Gene2174, Gene1337, Gene1869, Gene38 
......................................................................................................
Completed E-Step (23 seconds). 
....................................................................................................
Completed M-Step (120 seconds). 
convergence.check is 8.668516e-05 
Completing Iteration 11 (approx. per word bound = -21.152, relative change = 8.669e-05) 
......................................................................................................
Completed E-Step (22 seconds). 
....................................................................................................
Completed M-Step (120 seconds). 
convergence.check is 8.745718e-05 
Completing Iteration 12 (approx. per word bound = -21.150, relative change = 8.746e-05) 
......................................................................................................
Completed E-Step (21 seconds). 
....................................................................................................
Completed M-Step (120 seconds). 
convergence.check is 8.631505e-05 
Completing Iteration 13 (approx. per word bound = -21.148, relative change = 8.632e-05) 
......................................................................................................
Completed E-Step (20 seconds). 
....................................................................................................
Completed M-Step (118 seconds). 
convergence.check is 8.264171e-05 
Completing Iteration 14 (approx. per word bound = -21.146, relative change = 8.264e-05) 
......................................................................................................
Completed E-Step (21 seconds). 
....................................................................................................
Completed M-Step (117 seconds). 
convergence.check is 7.645189e-05 
Completing Iteration 15 (approx. per word bound = -21.145, relative change = 7.645e-05) 
Topic 1: Gene2347, Gene576, Gene1015, Gene2543, Gene1534 
 Topic 2: Gene2895, Gene29, Gene2002, Gene2114, Gene2261 
 Topic 3: Gene2895, Gene2347, Gene1305, Gene2514, Gene1273 
 Topic 4: Gene2895, Gene2251, Gene1331, Gene55, Gene1410 
 Topic 5: Gene2895, Gene173, Gene837, Gene1280, Gene1879 
Aspect 1: Gene2347, Gene2437, Gene2159, Gene1250, Gene2480 
 Aspect 2: Gene1211, Gene581, Gene2347, Gene1862, Gene1865 
 Aspect 3: Gene2895, Gene889, Gene837, Gene122, Gene2445 
 Aspect 4: Gene71, Gene2674, Gene2359, Gene502, Gene570 
 Aspect 5: Gene107, Gene1445, Gene570, Gene2895, Gene1965 
 Aspect 6: Gene1889, Gene2174, Gene1869, Gene1337, Gene1788 
......................................................................................................
Completed E-Step (20 seconds). 
....................................................................................................
Completed M-Step (118 seconds). 
convergence.check is 6.81155e-05 
Completing Iteration 16 (approx. per word bound = -21.143, relative change = 6.812e-05) 
......................................................................................................
Completed E-Step (20 seconds). 
....................................................................................................
Completed M-Step (118 seconds). 
convergence.check is 5.863593e-05 
Completing Iteration 17 (approx. per word bound = -21.142, relative change = 5.864e-05) 
......................................................................................................
Completed E-Step (20 seconds). 
....................................................................................................
Completed M-Step (108 seconds). 
convergence.check is 4.877219e-05 
Completing Iteration 18 (approx. per word bound = -21.141, relative change = 4.877e-05) 
......................................................................................................
Completed E-Step (19 seconds). 
....................................................................................................
Completed M-Step (118 seconds). 
convergence.check is 3.954301e-05 
Completing Iteration 19 (approx. per word bound = -21.140, relative change = 3.954e-05) 
......................................................................................................
Completed E-Step (20 seconds). 
....................................................................................................
Completed M-Step (124 seconds). 
convergence.check is 3.164054e-05 
Completing Iteration 20 (approx. per word bound = -21.140, relative change = 3.164e-05) 
Topic 1: Gene2347, Gene576, Gene2543, Gene1015, Gene1534 
 Topic 2: Gene2895, Gene29, Gene2261, Gene2114, Gene2002 
 Topic 3: Gene2895, Gene2347, Gene1305, Gene1273, Gene2514 
 Topic 4: Gene2895, Gene1331, Gene2251, Gene55, Gene1410 
 Topic 5: Gene2895, Gene173, Gene837, Gene1879, Gene1280 
Aspect 1: Gene2347, Gene2437, Gene1850, Gene1250, Gene2480 
 Aspect 2: Gene1211, Gene581, Gene2347, Gene1862, Gene375 
 Aspect 3: Gene2347, Gene889, Gene2895, Gene837, Gene122 
 Aspect 4: Gene71, Gene2674, Gene2359, Gene502, Gene570 
 Aspect 5: Gene2510, Gene107, Gene570, Gene1965, Gene1445 
 Aspect 6: Gene375, Gene1889, Gene2174, Gene1869, Gene1337 
......................................................................................................
Completed E-Step (19 seconds). 
....................................................................................................
Completed M-Step (124 seconds). 
convergence.check is 2.526933e-05 
Completing Iteration 21 (approx. per word bound = -21.139, relative change = 2.527e-05) 
......................................................................................................
Completed E-Step (19 seconds). 
....................................................................................................
Completed M-Step (121 seconds). 
convergence.check is 2.006292e-05 
Completing Iteration 22 (approx. per word bound = -21.139, relative change = 2.006e-05) 
......................................................................................................
Completed E-Step (18 seconds). 
....................................................................................................
Completed M-Step (123 seconds). 
convergence.check is 1.605582e-05 
Completing Iteration 23 (approx. per word bound = -21.138, relative change = 1.606e-05) 
......................................................................................................
Completed E-Step (19 seconds). 
....................................................................................................
Completed M-Step (120 seconds). 
convergence.check is 1.312724e-05 
Completing Iteration 24 (approx. per word bound = -21.138, relative change = 1.313e-05) 
......................................................................................................
Completed E-Step (18 seconds). 
....................................................................................................
Completed M-Step (121 seconds). 
convergence.check is 1.057039e-05 
Completing Iteration 25 (approx. per word bound = -21.138, relative change = 1.057e-05) 
Topic 1: Gene2347, Gene576, Gene2543, Gene1015, Gene1534 
 Topic 2: Gene2895, Gene29, Gene2261, Gene2114, Gene2002 
 Topic 3: Gene2895, Gene2347, Gene1305, Gene2514, Gene2160 
 Topic 4: Gene2895, Gene1331, Gene55, Gene2251, Gene1410 
 Topic 5: Gene2895, Gene173, Gene837, Gene2084, Gene86 
Aspect 1: Gene2347, Gene2437, Gene1250, Gene1255, Gene2480 
 Aspect 2: Gene1211, Gene581, Gene2347, Gene1862, Gene375 
 Aspect 3: Gene2347, Gene837, Gene889, Gene2895, Gene791 
 Aspect 4: Gene71, Gene2674, Gene2359, Gene502, Gene570 
 Aspect 5: Gene2510, Gene107, Gene1965, Gene570, Gene2895 
 Aspect 6: Gene375, Gene1889, Gene2174, Gene1869, Gene1337 
......................................................................................................
Completed E-Step (17 seconds). 
....................................................................................................
Completed M-Step (123 seconds). 
convergence.check is 8.746917e-06 
Model Converged 
4 select model run 
Initialization with topicScore. 
Initializing factors using Topic SCORE algorithm.
Initializing loadings by running 10 SCD updates.
......................................................................................................
Completed E-Step (27 seconds). 
....................................................................................................
Completed M-Step (143 seconds). 
Completing Iteration 1 (approx. per word bound = -21.255) 
......................................................................................................
Completed E-Step (24 seconds). 
....................................................................................................
Completed M-Step (133 seconds). 
convergence.check is 0.003990489 
Completing Iteration 2 (approx. per word bound = -21.170, relative change = 3.990e-03) 
......................................................................................................
Completed E-Step (28 seconds). 
....................................................................................................
Completed M-Step (124 seconds). 
convergence.check is 0.0001128648 
Completing Iteration 3 (approx. per word bound = -21.167, relative change = 1.129e-04) 
......................................................................................................
Completed E-Step (26 seconds). 
....................................................................................................
Completed M-Step (120 seconds). 
convergence.check is 9.588172e-05 
Completing Iteration 4 (approx. per word bound = -21.165, relative change = 9.588e-05) 
......................................................................................................
Completed E-Step (23 seconds). 
....................................................................................................
Completed M-Step (122 seconds). 
convergence.check is 8.676385e-05 
Completing Iteration 5 (approx. per word bound = -21.163, relative change = 8.676e-05) 
Topic 1: Gene1331, Gene2251, Gene1701, Gene55, Gene2839 
 Topic 2: Gene2347, Gene1305, Gene1273, Gene2514, Gene1839 
 Topic 3: Gene2895, Gene2347, Gene29, Gene2002, Gene2261 
 Topic 4: Gene2347, Gene576, Gene2543, Gene1451, Gene1015 
 Topic 5: Gene173, Gene1280, Gene1323, Gene1879, Gene1915 
Aspect 1: Gene2347, Gene2159, Gene2437, Gene1386, Gene2480 
 Aspect 2: Gene1211, Gene2895, Gene581, Gene2860, Gene837 
 Aspect 3: Gene837, Gene889, Gene122, Gene791, Gene1455 
 Aspect 4: Gene71, Gene2674, Gene502, Gene2359, Gene2840 
 Aspect 5: Gene1445, Gene2748, Gene107, Gene570, Gene1965 
 Aspect 6: Gene1889, Gene2174, Gene1337, Gene1869, Gene38 
......................................................................................................
Completed E-Step (21 seconds). 
....................................................................................................
Completed M-Step (118 seconds). 
convergence.check is 8.27619e-05 
Completing Iteration 6 (approx. per word bound = -21.162, relative change = 8.276e-05) 
......................................................................................................
Completed E-Step (22 seconds). 
....................................................................................................
Completed M-Step (117 seconds). 
convergence.check is 8.22569e-05 
Completing Iteration 7 (approx. per word bound = -21.160, relative change = 8.226e-05) 
......................................................................................................
Completed E-Step (21 seconds). 
....................................................................................................
Completed M-Step (116 seconds). 
convergence.check is 8.421643e-05 
Completing Iteration 8 (approx. per word bound = -21.158, relative change = 8.422e-05) 
......................................................................................................
Completed E-Step (22 seconds). 
....................................................................................................
Completed M-Step (115 seconds). 
convergence.check is 8.7472e-05 
Completing Iteration 9 (approx. per word bound = -21.156, relative change = 8.747e-05) 
......................................................................................................
Completed E-Step (21 seconds). 
....................................................................................................
Completed M-Step (108 seconds). 
convergence.check is 9.098148e-05 
Completing Iteration 10 (approx. per word bound = -21.154, relative change = 9.098e-05) 
Topic 1: Gene2895, Gene2251, Gene1331, Gene55, Gene1701 
 Topic 2: Gene2895, Gene2347, Gene1305, Gene1273, Gene2514 
 Topic 3: Gene2895, Gene29, Gene2002, Gene2261, Gene2114 
 Topic 4: Gene2347, Gene576, Gene2543, Gene1015, Gene1451 
 Topic 5: Gene173, Gene837, Gene1280, Gene1879, Gene1323 
Aspect 1: Gene2347, Gene2159, Gene1386, Gene2437, Gene1250 
 Aspect 2: Gene1211, Gene581, Gene2895, Gene1862, Gene2347 
 Aspect 3: Gene889, Gene837, Gene122, Gene791, Gene1455 
 Aspect 4: Gene71, Gene2674, Gene2359, Gene502, Gene570 
 Aspect 5: Gene1445, Gene2748, Gene107, Gene570, Gene1965 
 Aspect 6: Gene1889, Gene2174, Gene1869, Gene1337, Gene38 
......................................................................................................
Completed E-Step (21 seconds). 
....................................................................................................
Completed M-Step (113 seconds). 
convergence.check is 9.388332e-05 
Completing Iteration 11 (approx. per word bound = -21.152, relative change = 9.388e-05) 
......................................................................................................
Completed E-Step (22 seconds). 
....................................................................................................
Completed M-Step (120 seconds). 
convergence.check is 9.490282e-05 
Completing Iteration 12 (approx. per word bound = -21.150, relative change = 9.490e-05) 
......................................................................................................
Completed E-Step (22 seconds). 
....................................................................................................
Completed M-Step (118 seconds). 
convergence.check is 9.318478e-05 
Completing Iteration 13 (approx. per word bound = -21.148, relative change = 9.318e-05) 
......................................................................................................
Completed E-Step (21 seconds). 
....................................................................................................
Completed M-Step (119 seconds). 
convergence.check is 8.794411e-05 
Completing Iteration 14 (approx. per word bound = -21.147, relative change = 8.794e-05) 
......................................................................................................
Completed E-Step (20 seconds). 
....................................................................................................
Completed M-Step (120 seconds). 
convergence.check is 8.061945e-05 
Completing Iteration 15 (approx. per word bound = -21.145, relative change = 8.062e-05) 
Topic 1: Gene2895, Gene1331, Gene2251, Gene55, Gene1410 
 Topic 2: Gene2895, Gene2347, Gene1305, Gene1273, Gene2514 
 Topic 3: Gene2895, Gene29, Gene2261, Gene2002, Gene2114 
 Topic 4: Gene2347, Gene576, Gene2543, Gene1015, Gene1534 
 Topic 5: Gene173, Gene837, Gene1280, Gene1879, Gene1323 
Aspect 1: Gene2347, Gene2437, Gene1386, Gene1250, Gene2480 
 Aspect 2: Gene1211, Gene581, Gene1862, Gene2347, Gene1560 
 Aspect 3: Gene889, Gene837, Gene2347, Gene122, Gene791 
 Aspect 4: Gene71, Gene2674, Gene2359, Gene2686, Gene502 
 Aspect 5: Gene1445, Gene107, Gene570, Gene2510, Gene1965 
 Aspect 6: Gene1889, Gene2174, Gene1869, Gene1337, Gene185 
......................................................................................................
Completed E-Step (22 seconds). 
....................................................................................................
Completed M-Step (118 seconds). 
convergence.check is 7.044942e-05 
Completing Iteration 16 (approx. per word bound = -21.143, relative change = 7.045e-05) 
......................................................................................................
Completed E-Step (20 seconds). 
....................................................................................................
Completed M-Step (120 seconds). 
convergence.check is 5.944531e-05 
Completing Iteration 17 (approx. per word bound = -21.142, relative change = 5.945e-05) 
......................................................................................................
Completed E-Step (20 seconds). 
....................................................................................................
Completed M-Step (122 seconds). 
convergence.check is 4.878744e-05 
Completing Iteration 18 (approx. per word bound = -21.141, relative change = 4.879e-05) 
......................................................................................................
Completed E-Step (21 seconds). 
....................................................................................................
Completed M-Step (118 seconds). 
convergence.check is 3.911159e-05 
Completing Iteration 19 (approx. per word bound = -21.140, relative change = 3.911e-05) 
......................................................................................................
Completed E-Step (19 seconds). 
....................................................................................................
Completed M-Step (120 seconds). 
convergence.check is 3.088394e-05 
Completing Iteration 20 (approx. per word bound = -21.140, relative change = 3.088e-05) 
Topic 1: Gene2895, Gene1331, Gene2251, Gene55, Gene1410 
 Topic 2: Gene2895, Gene2347, Gene1273, Gene1305, Gene2514 
 Topic 3: Gene2895, Gene29, Gene2261, Gene2114, Gene2002 
 Topic 4: Gene2347, Gene576, Gene2543, Gene1015, Gene1534 
 Topic 5: Gene173, Gene837, Gene1280, Gene1879, Gene2084 
Aspect 1: Gene2347, Gene2437, Gene1850, Gene1250, Gene2480 
 Aspect 2: Gene1211, Gene581, Gene1862, Gene2347, Gene375 
 Aspect 3: Gene889, Gene2347, Gene837, Gene122, Gene791 
 Aspect 4: Gene71, Gene2674, Gene2359, Gene502, Gene570 
 Aspect 5: Gene2510, Gene107, Gene2895, Gene1445, Gene570 
 Aspect 6: Gene375, Gene1889, Gene2174, Gene1869, Gene1337 
......................................................................................................
Completed E-Step (18 seconds). 
....................................................................................................
Completed M-Step (117 seconds). 
convergence.check is 2.446461e-05 
Completing Iteration 21 (approx. per word bound = -21.139, relative change = 2.446e-05) 
......................................................................................................
Completed E-Step (19 seconds). 
....................................................................................................
Completed M-Step (118 seconds). 
convergence.check is 1.921208e-05 
Completing Iteration 22 (approx. per word bound = -21.139, relative change = 1.921e-05) 
......................................................................................................
Completed E-Step (18 seconds). 
....................................................................................................
Completed M-Step (118 seconds). 
convergence.check is 1.54059e-05 
Completing Iteration 23 (approx. per word bound = -21.138, relative change = 1.541e-05) 
......................................................................................................
Completed E-Step (17 seconds). 
....................................................................................................
Completed M-Step (117 seconds). 
convergence.check is 1.245111e-05 
Completing Iteration 24 (approx. per word bound = -21.138, relative change = 1.245e-05) 
......................................................................................................
Completed E-Step (17 seconds). 
....................................................................................................
Completed M-Step (119 seconds). 
convergence.check is 1.022754e-05 
Completing Iteration 25 (approx. per word bound = -21.138, relative change = 1.023e-05) 
Topic 1: Gene2895, Gene55, Gene1331, Gene2251, Gene2347 
 Topic 2: Gene2895, Gene2347, Gene1305, Gene2514, Gene2160 
 Topic 3: Gene2895, Gene29, Gene2261, Gene2114, Gene2002 
 Topic 4: Gene2347, Gene576, Gene2895, Gene2543, Gene1015 
 Topic 5: Gene173, Gene837, Gene2084, Gene86, Gene1879 
Aspect 1: Gene2347, Gene2437, Gene1250, Gene2480, Gene1255 
 Aspect 2: Gene1211, Gene581, Gene2347, Gene1862, Gene375 
 Aspect 3: Gene2347, Gene837, Gene889, Gene791, Gene122 
 Aspect 4: Gene71, Gene2674, Gene2359, Gene502, Gene570 
 Aspect 5: Gene2895, Gene2510, Gene107, Gene570, Gene1965 
 Aspect 6: Gene375, Gene1889, Gene2174, Gene1869, Gene1337 
......................................................................................................
Completed E-Step (17 seconds). 
....................................................................................................
Completed M-Step (119 seconds). 
convergence.check is 8.415259e-06 
Model Converged 
5 select model run 
Initialization with topicScore. 
Initializing factors using Topic SCORE algorithm.
Initializing loadings by running 10 SCD updates.
......................................................................................................
Completed E-Step (27 seconds). 
....................................................................................................
Completed M-Step (136 seconds). 
Completing Iteration 1 (approx. per word bound = -21.255) 
......................................................................................................
Completed E-Step (24 seconds). 
....................................................................................................
Completed M-Step (111 seconds). 
convergence.check is 0.003992182 
Completing Iteration 2 (approx. per word bound = -21.170, relative change = 3.992e-03) 
......................................................................................................
Completed E-Step (23 seconds). 
....................................................................................................
Completed M-Step (122 seconds). 
convergence.check is 0.0001137385 
Completing Iteration 3 (approx. per word bound = -21.167, relative change = 1.137e-04) 
......................................................................................................
Completed E-Step (24 seconds). 
....................................................................................................
Completed M-Step (126 seconds). 
convergence.check is 9.608996e-05 
Completing Iteration 4 (approx. per word bound = -21.165, relative change = 9.609e-05) 
......................................................................................................
Completed E-Step (24 seconds). 
....................................................................................................
Completed M-Step (122 seconds). 
convergence.check is 8.669394e-05 
Completing Iteration 5 (approx. per word bound = -21.164, relative change = 8.669e-05) 
Topic 1: Gene2347, Gene1305, Gene1273, Gene2514, Gene2160 
 Topic 2: Gene1331, Gene2251, Gene1701, Gene55, Gene2839 
 Topic 3: Gene2895, Gene2347, Gene29, Gene2002, Gene2261 
 Topic 4: Gene576, Gene2347, Gene2543, Gene1451, Gene1015 
 Topic 5: Gene173, Gene1280, Gene1323, Gene1879, Gene133 
Aspect 1: Gene2347, Gene2159, Gene1386, Gene2437, Gene2480 
 Aspect 2: Gene1211, Gene2347, Gene581, Gene2895, Gene837 
 Aspect 3: Gene837, Gene889, Gene122, Gene791, Gene1455 
 Aspect 4: Gene71, Gene2674, Gene502, Gene2359, Gene2840 
 Aspect 5: Gene1445, Gene2748, Gene107, Gene570, Gene1965 
 Aspect 6: Gene1889, Gene2174, Gene1337, Gene1869, Gene837 
......................................................................................................
Completed E-Step (23 seconds). 
....................................................................................................
Completed M-Step (119 seconds). 
convergence.check is 8.275994e-05 
Completing Iteration 6 (approx. per word bound = -21.162, relative change = 8.276e-05) 
......................................................................................................
Completed E-Step (23 seconds). 
....................................................................................................
Completed M-Step (122 seconds). 
convergence.check is 8.225284e-05 
Completing Iteration 7 (approx. per word bound = -21.160, relative change = 8.225e-05) 
......................................................................................................
Completed E-Step (21 seconds). 
....................................................................................................
Completed M-Step (120 seconds). 
convergence.check is 8.451296e-05 
Completing Iteration 8 (approx. per word bound = -21.158, relative change = 8.451e-05) 
......................................................................................................
Completed E-Step (23 seconds). 
....................................................................................................
Completed M-Step (118 seconds). 
convergence.check is 8.780667e-05 
Completing Iteration 9 (approx. per word bound = -21.156, relative change = 8.781e-05) 
......................................................................................................
Completed E-Step (22 seconds). 
....................................................................................................
Completed M-Step (120 seconds). 
convergence.check is 9.178502e-05 
Completing Iteration 10 (approx. per word bound = -21.154, relative change = 9.179e-05) 
Topic 1: Gene2895, Gene2347, Gene1305, Gene1273, Gene2514 
 Topic 2: Gene2895, Gene2251, Gene1331, Gene55, Gene1701 
 Topic 3: Gene2895, Gene29, Gene2002, Gene2261, Gene2114 
 Topic 4: Gene2347, Gene576, Gene2543, Gene1015, Gene1451 
 Topic 5: Gene173, Gene837, Gene1280, Gene1879, Gene1323 
Aspect 1: Gene2347, Gene2159, Gene1386, Gene2437, Gene1250 
 Aspect 2: Gene1211, Gene581, Gene2895, Gene2347, Gene1862 
 Aspect 3: Gene889, Gene837, Gene122, Gene2347, Gene791 
 Aspect 4: Gene71, Gene2674, Gene2359, Gene502, Gene570 
 Aspect 5: Gene1445, Gene2748, Gene107, Gene570, Gene1965 
 Aspect 6: Gene1889, Gene2174, Gene1869, Gene1337, Gene38 
......................................................................................................
Completed E-Step (22 seconds). 
....................................................................................................
Completed M-Step (116 seconds). 
convergence.check is 9.474646e-05 
Completing Iteration 11 (approx. per word bound = -21.152, relative change = 9.475e-05) 
......................................................................................................
Completed E-Step (22 seconds). 
....................................................................................................
Completed M-Step (116 seconds). 
convergence.check is 9.576064e-05 
Completing Iteration 12 (approx. per word bound = -21.150, relative change = 9.576e-05) 
......................................................................................................
Completed E-Step (21 seconds). 
....................................................................................................
Completed M-Step (119 seconds). 
convergence.check is 9.368237e-05 
Completing Iteration 13 (approx. per word bound = -21.148, relative change = 9.368e-05) 
......................................................................................................
Completed E-Step (21 seconds). 
....................................................................................................
Completed M-Step (116 seconds). 
convergence.check is 8.847437e-05 
Completing Iteration 14 (approx. per word bound = -21.147, relative change = 8.847e-05) 
......................................................................................................
Completed E-Step (21 seconds). 
....................................................................................................
Completed M-Step (117 seconds). 
convergence.check is 8.045935e-05 
Completing Iteration 15 (approx. per word bound = -21.145, relative change = 8.046e-05) 
Topic 1: Gene2895, Gene2347, Gene1273, Gene1305, Gene2514 
 Topic 2: Gene2895, Gene1331, Gene2251, Gene55, Gene1410 
 Topic 3: Gene2895, Gene29, Gene2002, Gene2261, Gene2114 
 Topic 4: Gene2347, Gene576, Gene2543, Gene1015, Gene1534 
 Topic 5: Gene173, Gene837, Gene1280, Gene1879, Gene1323 
Aspect 1: Gene2347, Gene2437, Gene1386, Gene1250, Gene2480 
 Aspect 2: Gene1211, Gene1862, Gene581, Gene2347, Gene2895 
 Aspect 3: Gene889, Gene837, Gene2347, Gene2895, Gene122 
 Aspect 4: Gene71, Gene2674, Gene2359, Gene2686, Gene502 
 Aspect 5: Gene1445, Gene107, Gene2510, Gene570, Gene2895 
 Aspect 6: Gene1889, Gene2174, Gene1869, Gene1337, Gene1788 
......................................................................................................
Completed E-Step (20 seconds). 
....................................................................................................
Completed M-Step (115 seconds). 
convergence.check is 7.047256e-05 
Completing Iteration 16 (approx. per word bound = -21.143, relative change = 7.047e-05) 
......................................................................................................
Completed E-Step (19 seconds). 
....................................................................................................
Completed M-Step (116 seconds). 
convergence.check is 5.93985e-05 
Completing Iteration 17 (approx. per word bound = -21.142, relative change = 5.940e-05) 
......................................................................................................
Completed E-Step (21 seconds). 
....................................................................................................
Completed M-Step (115 seconds). 
convergence.check is 4.89203e-05 
Completing Iteration 18 (approx. per word bound = -21.141, relative change = 4.892e-05) 
......................................................................................................
Completed E-Step (19 seconds). 
....................................................................................................
Completed M-Step (118 seconds). 
convergence.check is 3.934936e-05 
Completing Iteration 19 (approx. per word bound = -21.140, relative change = 3.935e-05) 
......................................................................................................
Completed E-Step (19 seconds). 
....................................................................................................
Completed M-Step (118 seconds). 
convergence.check is 3.097498e-05 
Completing Iteration 20 (approx. per word bound = -21.140, relative change = 3.097e-05) 
Topic 1: Gene2895, Gene2347, Gene1273, Gene1305, Gene2514 
 Topic 2: Gene2895, Gene1331, Gene2251, Gene55, Gene1410 
 Topic 3: Gene2895, Gene29, Gene2261, Gene2114, Gene2002 
 Topic 4: Gene2347, Gene576, Gene2543, Gene1015, Gene1534 
 Topic 5: Gene173, Gene837, Gene2084, Gene1879, Gene1280 
Aspect 1: Gene2347, Gene2437, Gene1850, Gene1250, Gene2480 
 Aspect 2: Gene1211, Gene581, Gene1862, Gene2347, Gene375 
 Aspect 3: Gene2347, Gene889, Gene837, Gene2895, Gene122 
 Aspect 4: Gene71, Gene2674, Gene2359, Gene570, Gene502 
 Aspect 5: Gene2510, Gene2895, Gene107, Gene1445, Gene570 
 Aspect 6: Gene1889, Gene2174, Gene375, Gene1869, Gene1337 
......................................................................................................
Completed E-Step (19 seconds). 
....................................................................................................
Completed M-Step (118 seconds). 
convergence.check is 2.444919e-05 
Completing Iteration 21 (approx. per word bound = -21.139, relative change = 2.445e-05) 
......................................................................................................
Completed E-Step (19 seconds). 
....................................................................................................
Completed M-Step (118 seconds). 
convergence.check is 1.950307e-05 
Completing Iteration 22 (approx. per word bound = -21.139, relative change = 1.950e-05) 
......................................................................................................
Completed E-Step (18 seconds). 
....................................................................................................
Completed M-Step (107 seconds). 
convergence.check is 1.533905e-05 
Completing Iteration 23 (approx. per word bound = -21.138, relative change = 1.534e-05) 
......................................................................................................
Completed E-Step (17 seconds). 
....................................................................................................
Completed M-Step (116 seconds). 
convergence.check is 1.236736e-05 
Completing Iteration 24 (approx. per word bound = -21.138, relative change = 1.237e-05) 
......................................................................................................
Completed E-Step (18 seconds). 
....................................................................................................
Completed M-Step (121 seconds). 
convergence.check is 1.014859e-05 
Completing Iteration 25 (approx. per word bound = -21.138, relative change = 1.015e-05) 
Topic 1: Gene2895, Gene2347, Gene1305, Gene2514, Gene2160 
 Topic 2: Gene2895, Gene55, Gene1331, Gene2251, Gene2347 
 Topic 3: Gene2895, Gene29, Gene2261, Gene2114, Gene2002 
 Topic 4: Gene2347, Gene576, Gene2543, Gene2895, Gene1015 
 Topic 5: Gene173, Gene837, Gene2084, Gene86, Gene1879 
Aspect 1: Gene2347, Gene2437, Gene1250, Gene1850, Gene1255 
 Aspect 2: Gene1211, Gene581, Gene2347, Gene1862, Gene375 
 Aspect 3: Gene2347, Gene837, Gene889, Gene791, Gene122 
 Aspect 4: Gene71, Gene2674, Gene2359, Gene502, Gene570 
 Aspect 5: Gene2895, Gene2510, Gene107, Gene570, Gene1965 
 Aspect 6: Gene375, Gene1889, Gene2174, Gene1869, Gene1788 
......................................................................................................
Completed E-Step (18 seconds). 
....................................................................................................
Completed M-Step (120 seconds). 
convergence.check is 8.262387e-06 
Model Converged 
