sims_1712873781_L2.rds 
        R/alignCorpus.R R/asSTMCorpus.R R/checkBeta.R R/cloud.R
value   ?               ?               ?             ?        
visible FALSE           FALSE           FALSE         FALSE    
        R/convertCorpus.R R/estimateEffect.R R/estimateMixedEffect.R
value   ?                 ?                  ?                      
visible FALSE             FALSE              FALSE                  
        R/exclusivity.R R/findThoughts.R R/findTopic.R R/fitNewDocuments.R
value   ?               ?                ?             ?                  
visible FALSE           FALSE            FALSE         FALSE              
        R/heldout.R R/jeffreyskappa.R R/labelTopics.R R/makeDesignMatrix.R
value   ?           ?                 ?               ?                   
visible FALSE       FALSE             FALSE           FALSE               
        R/manyTopics.R R/multiSTM.R R/permute.R R/plot.estimateEffect.R
value   ?              ?            ?           ?                      
visible FALSE          FALSE        FALSE       FALSE                  
        R/plot.fixedEffect.R R/plot.searchK.R R/plot.STM.R R/plotModels.R
value   ?                    ?                ?            ?             
visible FALSE                FALSE            FALSE        FALSE         
        R/plotQuote.R R/plotRemoved.R R/plottingutilfns.R R/plotTopicLoess.R
value   ?             ?               ?                   ?                 
visible FALSE         FALSE           FALSE               FALSE             
        R/prepDocuments.R R/prepsce.R R/produce_cmatrix.R R/RcppExports.R
value   ?                 ?           ?                   ?              
visible FALSE             FALSE       FALSE               FALSE          
        R/readCorpus.R R/residuals.R R/s.R R/sageLabels.R R/scSTM.R R/searchK.R
value   ?              ?             ?     ?              ?         ?          
visible FALSE          FALSE         FALSE FALSE          FALSE     FALSE      
        R/selectModel.R R/semanticCoherence.R R/simBetas.R R/spectral.R
value   ?               ?                     ?            ?           
visible FALSE           FALSE                 FALSE        FALSE       
        R/stm-package.R R/stm.control.R R/STMbound.R R/STMconvergence.R
value   NULL            ?               ?            ?                 
visible TRUE            FALSE           FALSE        FALSE             
        R/STMestep.R R/STMfunctions.R R/STMinit.R R/STMinitLikelihood.R
value   ?            ?                ?           ?                    
visible FALSE        FALSE            FALSE       FALSE                
        R/STMlncpp.R R/STMmnreg.R R/STMmu.R R/STMoptbeta.R R/STMreport.R
value   ?            ?            ?         ?              ?            
visible FALSE        FALSE        FALSE     FALSE          FALSE        
        R/STMsigma.R R/STMsigs.R R/STMsubset.R R/summary.STM.R R/tau.R
value   ?            ?           ?             ?               ?      
visible FALSE        FALSE       FALSE         FALSE           FALSE  
        R/textProcessor.R R/thetaPosterior.R R/toLDAvis.R R/topicCorr.R
value   ?                 ?                  ?            ?            
visible FALSE             FALSE              FALSE        FALSE        
        R/topicLasso.R R/topicQuality.R R/writeLdac.R R/zzz.R
value   ?              ?                ?             ?      
visible FALSE          FALSE            FALSE         FALSE  
Removing 3 of 1990 genes (3 of 2629027 tokens) due to frequency 
Your Dataset now has 1993 cells, 1987 genes and 2629024 tokens. 
Casting net 
1 models in net 
Initialization with topicScore. 
Initializing factors using Topic SCORE algorithm.
Initializing loadings by running 10 SCD updates.
convergence.check is 0.3481036 
2 models in net 
Initialization with topicScore. 
Initializing factors using Topic SCORE algorithm.
Initializing loadings by running 10 SCD updates.
convergence.check is 0.3480907 
3 models in net 
Initialization with topicScore. 
Initializing factors using Topic SCORE algorithm.
Initializing loadings by running 10 SCD updates.
convergence.check is 0.3480996 
4 models in net 
Initialization with topicScore. 
Initializing factors using Topic SCORE algorithm.
Initializing loadings by running 10 SCD updates.
convergence.check is 0.3480996 
5 models in net 
Initialization with topicScore. 
Initializing factors using Topic SCORE algorithm.
Initializing loadings by running 10 SCD updates.
convergence.check is 0.3480999 
6 models in net 
Initialization with topicScore. 
Initializing factors using Topic SCORE algorithm.
Initializing loadings by running 10 SCD updates.
convergence.check is 0.3481036 
7 models in net 
Initialization with topicScore. 
Initializing factors using Topic SCORE algorithm.
Initializing loadings by running 10 SCD updates.
convergence.check is 0.3480996 
8 models in net 
Initialization with topicScore. 
Initializing factors using Topic SCORE algorithm.
Initializing loadings by running 10 SCD updates.
convergence.check is 0.3480943 
9 models in net 
Initialization with topicScore. 
Initializing factors using Topic SCORE algorithm.
Initializing loadings by running 10 SCD updates.
convergence.check is 0.348095 
10 models in net 
Initialization with topicScore. 
Initializing factors using Topic SCORE algorithm.
Initializing loadings by running 10 SCD updates.
convergence.check is 0.348095 
11 models in net 
Initialization with topicScore. 
Initializing factors using Topic SCORE algorithm.
Initializing loadings by running 10 SCD updates.
convergence.check is 0.3480996 
12 models in net 
Initialization with topicScore. 
Initializing factors using Topic SCORE algorithm.
Initializing loadings by running 10 SCD updates.
convergence.check is 0.3481021 
13 models in net 
Initialization with topicScore. 
Initializing factors using Topic SCORE algorithm.
Initializing loadings by running 10 SCD updates.
convergence.check is 0.3480996 
14 models in net 
Initialization with topicScore. 
Initializing factors using Topic SCORE algorithm.
Initializing loadings by running 10 SCD updates.
convergence.check is 0.3481249 
15 models in net 
Initialization with topicScore. 
Initializing factors using Topic SCORE algorithm.
Initializing loadings by running 10 SCD updates.
convergence.check is 0.3480918 
16 models in net 
Initialization with topicScore. 
Initializing factors using Topic SCORE algorithm.
Initializing loadings by running 10 SCD updates.
convergence.check is 0.348095 
17 models in net 
Initialization with topicScore. 
Initializing factors using Topic SCORE algorithm.
Initializing loadings by running 10 SCD updates.
convergence.check is 0.3480996 
18 models in net 
Initialization with topicScore. 
Initializing factors using Topic SCORE algorithm.
Initializing loadings by running 10 SCD updates.
convergence.check is 0.3481249 
19 models in net 
Initialization with topicScore. 
Initializing factors using Topic SCORE algorithm.
Initializing loadings by running 10 SCD updates.
convergence.check is 0.3480918 
20 models in net 
Initialization with topicScore. 
Initializing factors using Topic SCORE algorithm.
Initializing loadings by running 10 SCD updates.
convergence.check is 0.348092 
21 models in net 
convergence.check is 0.0001027927 
22 models in net 
Initialization with Poisson NMF 
convergence.check is 0.2220966 
23 models in net 
Initialization with Poisson NMF 
convergence.check is 0.2220395 
24 models in net 
Initialization with Poisson NMF 
convergence.check is 0.2178009 
25 models in net 
Initialization with Poisson NMF 
convergence.check is 0.2146772 
26 models in net 
Initialization with Poisson NMF 
convergence.check is 0.2199579 
27 models in net 
Initialization with Poisson NMF 
convergence.check is 0.2184251 
28 models in net 
Initialization with Poisson NMF 
convergence.check is 0.216259 
29 models in net 
Initialization with Poisson NMF 
convergence.check is 0.2175608 
30 models in net 
Initialization with Poisson NMF 
convergence.check is 0.2190186 
31 models in net 
Initialization with Poisson NMF 
convergence.check is 0.21599 
32 models in net 
Initialization with Poisson NMF 
convergence.check is 0.2143856 
33 models in net 
Initialization with Poisson NMF 
convergence.check is 0.2164868 
34 models in net 
Initialization with Poisson NMF 
convergence.check is 0.217927 
35 models in net 
Initialization with Poisson NMF 
convergence.check is 0.2159599 
36 models in net 
Initialization with Poisson NMF 
convergence.check is 0.2231313 
37 models in net 
Initialization with Poisson NMF 
convergence.check is 0.2189483 
38 models in net 
Initialization with Poisson NMF 
convergence.check is 0.2186668 
39 models in net 
Initialization with Poisson NMF 
convergence.check is 0.2110685 
40 models in net 
Initialization with Poisson NMF 
convergence.check is 0.218489 
41 models in net 
Initialization with Poisson NMF 
convergence.check is 0.2164068 
Running select models 
1 select model run 
Beginning Spectral Initialization 
	 Calculating the gram matrix...
	 Finding anchor words...
 	...
	 Recovering initialization...
 	...................
Initialization complete.
........................................................................................................
Completed E-Step (16 seconds). 
Completed M-Step (0 seconds). 
Completing Iteration 1 (approx. per word bound = -34.604) 
........................................................................................................
Completed E-Step (8 seconds). 
Completed M-Step (0 seconds). 
convergence.check is 0.0001027927 
Completing Iteration 2 (approx. per word bound = -34.601, relative change = 1.028e-04) 
........................................................................................................
Completed E-Step (5 seconds). 
Completed M-Step (0 seconds). 
convergence.check is 6.442467e-06 
Model Converged 
2 select model run 
Beginning Random Initialization 
Initialization with Poisson NMF 
........................................................................................................
Completed E-Step (8 seconds). 
Completed M-Step (0 seconds). 
Completing Iteration 1 (approx. per word bound = -44.571) 
........................................................................................................
Completed E-Step (8 seconds). 
Completed M-Step (0 seconds). 
convergence.check is 0.2143856 
Completing Iteration 2 (approx. per word bound = -35.015, relative change = 2.144e-01) 
........................................................................................................
Completed E-Step (10 seconds). 
Completed M-Step (0 seconds). 
convergence.check is 0.0009418976 
Completing Iteration 3 (approx. per word bound = -34.982, relative change = 9.419e-04) 
........................................................................................................
Completed E-Step (9 seconds). 
Completed M-Step (0 seconds). 
convergence.check is 0.001433969 
Completing Iteration 4 (approx. per word bound = -34.932, relative change = 1.434e-03) 
........................................................................................................
Completed E-Step (9 seconds). 
Completed M-Step (0 seconds). 
convergence.check is 0.001479347 
Completing Iteration 5 (approx. per word bound = -34.881, relative change = 1.479e-03) 
Topic 1: Gene937, Gene1700, Gene672, Gene381, Gene1543 
 Topic 2: Gene711, Gene1141, Gene1931, Gene67, Gene1250 
 Topic 3: Gene945, Gene1228, Gene1983, Gene394, Gene711 
........................................................................................................
Completed E-Step (8 seconds). 
Completed M-Step (0 seconds). 
convergence.check is 0.0011096 
Completing Iteration 6 (approx. per word bound = -34.842, relative change = 1.110e-03) 
........................................................................................................
Completed E-Step (8 seconds). 
Completed M-Step (0 seconds). 
convergence.check is 0.0008774376 
Completing Iteration 7 (approx. per word bound = -34.811, relative change = 8.774e-04) 
........................................................................................................
Completed E-Step (8 seconds). 
Completed M-Step (0 seconds). 
convergence.check is 0.0007829166 
Completing Iteration 8 (approx. per word bound = -34.784, relative change = 7.829e-04) 
........................................................................................................
Completed E-Step (7 seconds). 
Completed M-Step (0 seconds). 
convergence.check is 0.0007179876 
Completing Iteration 9 (approx. per word bound = -34.759, relative change = 7.180e-04) 
........................................................................................................
Completed E-Step (7 seconds). 
Completed M-Step (0 seconds). 
convergence.check is 0.0006319897 
Completing Iteration 10 (approx. per word bound = -34.737, relative change = 6.320e-04) 
Topic 1: Gene937, Gene1700, Gene672, Gene1543, Gene1144 
 Topic 2: Gene67, Gene672, Gene1931, Gene711, Gene1141 
 Topic 3: Gene945, Gene711, Gene1228, Gene394, Gene1983 
........................................................................................................
Completed E-Step (7 seconds). 
Completed M-Step (0 seconds). 
convergence.check is 0.0005755398 
Completing Iteration 11 (approx. per word bound = -34.717, relative change = 5.755e-04) 
........................................................................................................
Completed E-Step (7 seconds). 
Completed M-Step (0 seconds). 
convergence.check is 0.000495024 
Completing Iteration 12 (approx. per word bound = -34.700, relative change = 4.950e-04) 
........................................................................................................
Completed E-Step (7 seconds). 
Completed M-Step (0 seconds). 
convergence.check is 0.0003663037 
Completing Iteration 13 (approx. per word bound = -34.687, relative change = 3.663e-04) 
........................................................................................................
Completed E-Step (6 seconds). 
Completed M-Step (0 seconds). 
convergence.check is 0.0002719867 
Completing Iteration 14 (approx. per word bound = -34.678, relative change = 2.720e-04) 
........................................................................................................
Completed E-Step (6 seconds). 
Completed M-Step (0 seconds). 
convergence.check is 0.0002166044 
Completing Iteration 15 (approx. per word bound = -34.670, relative change = 2.166e-04) 
Topic 1: Gene1144, Gene937, Gene1700, Gene1141, Gene672 
 Topic 2: Gene67, Gene672, Gene711, Gene1931, Gene1543 
 Topic 3: Gene945, Gene711, Gene394, Gene1228, Gene1983 
........................................................................................................
Completed E-Step (7 seconds). 
Completed M-Step (0 seconds). 
convergence.check is 0.0001796717 
Completing Iteration 16 (approx. per word bound = -34.664, relative change = 1.797e-04) 
........................................................................................................
Completed E-Step (7 seconds). 
Completed M-Step (0 seconds). 
convergence.check is 0.0001552624 
Completing Iteration 17 (approx. per word bound = -34.659, relative change = 1.553e-04) 
........................................................................................................
Completed E-Step (7 seconds). 
Completed M-Step (0 seconds). 
convergence.check is 0.0001400644 
Completing Iteration 18 (approx. per word bound = -34.654, relative change = 1.401e-04) 
........................................................................................................
Completed E-Step (7 seconds). 
Completed M-Step (0 seconds). 
convergence.check is 0.0001313211 
Completing Iteration 19 (approx. per word bound = -34.649, relative change = 1.313e-04) 
........................................................................................................
Completed E-Step (7 seconds). 
Completed M-Step (0 seconds). 
convergence.check is 0.0001264377 
Completing Iteration 20 (approx. per word bound = -34.645, relative change = 1.264e-04) 
Topic 1: Gene1144, Gene945, Gene1700, Gene1983, Gene135 
 Topic 2: Gene672, Gene67, Gene1931, Gene1543, Gene1141 
 Topic 3: Gene945, Gene711, Gene394, Gene1228, Gene1067 
........................................................................................................
Completed E-Step (7 seconds). 
Completed M-Step (0 seconds). 
convergence.check is 0.0001232268 
Completing Iteration 21 (approx. per word bound = -34.641, relative change = 1.232e-04) 
........................................................................................................
Completed E-Step (7 seconds). 
Completed M-Step (0 seconds). 
convergence.check is 0.0001200881 
Completing Iteration 22 (approx. per word bound = -34.637, relative change = 1.201e-04) 
........................................................................................................
Completed E-Step (7 seconds). 
Completed M-Step (0 seconds). 
convergence.check is 0.0001158221 
Completing Iteration 23 (approx. per word bound = -34.633, relative change = 1.158e-04) 
........................................................................................................
Completed E-Step (7 seconds). 
Completed M-Step (0 seconds). 
convergence.check is 0.0001096323 
Completing Iteration 24 (approx. per word bound = -34.629, relative change = 1.096e-04) 
........................................................................................................
Completed E-Step (8 seconds). 
Completed M-Step (0 seconds). 
convergence.check is 0.0001010901 
Completing Iteration 25 (approx. per word bound = -34.625, relative change = 1.011e-04) 
Topic 1: Gene945, Gene1983, Gene1144, Gene1700, Gene135 
 Topic 2: Gene672, Gene1931, Gene1141, Gene1543, Gene67 
 Topic 3: Gene711, Gene394, Gene1228, Gene945, Gene1067 
........................................................................................................
Completed E-Step (7 seconds). 
Completed M-Step (0 seconds). 
convergence.check is 9.039845e-05 
Completing Iteration 26 (approx. per word bound = -34.622, relative change = 9.040e-05) 
........................................................................................................
Completed E-Step (7 seconds). 
Completed M-Step (0 seconds). 
convergence.check is 7.85709e-05 
Completing Iteration 27 (approx. per word bound = -34.619, relative change = 7.857e-05) 
........................................................................................................
Completed E-Step (7 seconds). 
Completed M-Step (0 seconds). 
convergence.check is 6.671781e-05 
Completing Iteration 28 (approx. per word bound = -34.617, relative change = 6.672e-05) 
........................................................................................................
Completed E-Step (7 seconds). 
Completed M-Step (0 seconds). 
convergence.check is 5.557285e-05 
Completing Iteration 29 (approx. per word bound = -34.615, relative change = 5.557e-05) 
........................................................................................................
Completed E-Step (8 seconds). 
Completed M-Step (0 seconds). 
convergence.check is 4.567001e-05 
Completing Iteration 30 (approx. per word bound = -34.614, relative change = 4.567e-05) 
Topic 1: Gene945, Gene1983, Gene1144, Gene135, Gene1700 
 Topic 2: Gene672, Gene1931, Gene1141, Gene1543, Gene1396 
 Topic 3: Gene711, Gene394, Gene1228, Gene945, Gene1067 
........................................................................................................
Completed E-Step (7 seconds). 
Completed M-Step (0 seconds). 
convergence.check is 3.718991e-05 
Completing Iteration 31 (approx. per word bound = -34.612, relative change = 3.719e-05) 
........................................................................................................
Completed E-Step (7 seconds). 
Completed M-Step (0 seconds). 
convergence.check is 3.021748e-05 
Completing Iteration 32 (approx. per word bound = -34.611, relative change = 3.022e-05) 
........................................................................................................
Completed E-Step (7 seconds). 
Completed M-Step (0 seconds). 
convergence.check is 2.47331e-05 
Completing Iteration 33 (approx. per word bound = -34.610, relative change = 2.473e-05) 
........................................................................................................
Completed E-Step (7 seconds). 
Completed M-Step (0 seconds). 
convergence.check is 2.051442e-05 
Completing Iteration 34 (approx. per word bound = -34.610, relative change = 2.051e-05) 
........................................................................................................
Completed E-Step (7 seconds). 
Completed M-Step (0 seconds). 
convergence.check is 1.730739e-05 
Completing Iteration 35 (approx. per word bound = -34.609, relative change = 1.731e-05) 
Topic 1: Gene945, Gene1983, Gene1144, Gene135, Gene1250 
 Topic 2: Gene672, Gene1931, Gene1141, Gene1543, Gene1396 
 Topic 3: Gene394, Gene711, Gene1228, Gene945, Gene1067 
........................................................................................................
Completed E-Step (7 seconds). 
Completed M-Step (0 seconds). 
convergence.check is 1.483124e-05 
Completing Iteration 36 (approx. per word bound = -34.609, relative change = 1.483e-05) 
........................................................................................................
Completed E-Step (8 seconds). 
Completed M-Step (0 seconds). 
convergence.check is 1.291704e-05 
Completing Iteration 37 (approx. per word bound = -34.608, relative change = 1.292e-05) 
........................................................................................................
Completed E-Step (7 seconds). 
Completed M-Step (0 seconds). 
convergence.check is 1.135493e-05 
Completing Iteration 38 (approx. per word bound = -34.608, relative change = 1.135e-05) 
........................................................................................................
Completed E-Step (7 seconds). 
Completed M-Step (0 seconds). 
convergence.check is 1.006887e-05 
Completing Iteration 39 (approx. per word bound = -34.607, relative change = 1.007e-05) 
........................................................................................................
Completed E-Step (7 seconds). 
Completed M-Step (0 seconds). 
convergence.check is 9.079565e-06 
Model Converged 
3 select model run 
Beginning Random Initialization 
Initialization with Poisson NMF 
........................................................................................................
Completed E-Step (8 seconds). 
Completed M-Step (0 seconds). 
Completing Iteration 1 (approx. per word bound = -44.817) 
........................................................................................................
Completed E-Step (8 seconds). 
Completed M-Step (0 seconds). 
convergence.check is 0.2184251 
Completing Iteration 2 (approx. per word bound = -35.028, relative change = 2.184e-01) 
........................................................................................................
Completed E-Step (9 seconds). 
Completed M-Step (0 seconds). 
convergence.check is 0.0004635999 
Completing Iteration 3 (approx. per word bound = -35.012, relative change = 4.636e-04) 
........................................................................................................
Completed E-Step (8 seconds). 
Completed M-Step (0 seconds). 
convergence.check is 0.0007967317 
Completing Iteration 4 (approx. per word bound = -34.984, relative change = 7.967e-04) 
........................................................................................................
Completed E-Step (8 seconds). 
Completed M-Step (0 seconds). 
convergence.check is 0.001175402 
Completing Iteration 5 (approx. per word bound = -34.943, relative change = 1.175e-03) 
Topic 1: Gene1931, Gene672, Gene1543, Gene1250, Gene1141 
 Topic 2: Gene945, Gene394, Gene711, Gene1250, Gene1983 
 Topic 3: Gene937, Gene1228, Gene523, Gene67, Gene711 
........................................................................................................
Completed E-Step (8 seconds). 
Completed M-Step (0 seconds). 
convergence.check is 0.001411274 
Completing Iteration 6 (approx. per word bound = -34.893, relative change = 1.411e-03) 
........................................................................................................
Completed E-Step (8 seconds). 
Completed M-Step (0 seconds). 
convergence.check is 0.001294108 
Completing Iteration 7 (approx. per word bound = -34.848, relative change = 1.294e-03) 
........................................................................................................
Completed E-Step (8 seconds). 
Completed M-Step (0 seconds). 
convergence.check is 0.0009331195 
Completing Iteration 8 (approx. per word bound = -34.816, relative change = 9.331e-04) 
........................................................................................................
Completed E-Step (8 seconds). 
Completed M-Step (0 seconds). 
convergence.check is 0.0006558263 
Completing Iteration 9 (approx. per word bound = -34.793, relative change = 6.558e-04) 
........................................................................................................
Completed E-Step (8 seconds). 
Completed M-Step (0 seconds). 
convergence.check is 0.0005424466 
Completing Iteration 10 (approx. per word bound = -34.774, relative change = 5.424e-04) 
Topic 1: Gene1931, Gene672, Gene1141, Gene1543, Gene1250 
 Topic 2: Gene945, Gene1983, Gene711, Gene1250, Gene394 
 Topic 3: Gene67, Gene1228, Gene937, Gene711, Gene523 
........................................................................................................
Completed E-Step (8 seconds). 
Completed M-Step (0 seconds). 
convergence.check is 0.0005439578 
Completing Iteration 11 (approx. per word bound = -34.755, relative change = 5.440e-04) 
........................................................................................................
Completed E-Step (7 seconds). 
Completed M-Step (0 seconds). 
convergence.check is 0.0005992365 
Completing Iteration 12 (approx. per word bound = -34.734, relative change = 5.992e-04) 
........................................................................................................
Completed E-Step (8 seconds). 
Completed M-Step (0 seconds). 
convergence.check is 0.0006482888 
Completing Iteration 13 (approx. per word bound = -34.712, relative change = 6.483e-04) 
........................................................................................................
Completed E-Step (10 seconds). 
Completed M-Step (0 seconds). 
convergence.check is 0.0006407683 
Completing Iteration 14 (approx. per word bound = -34.690, relative change = 6.408e-04) 
........................................................................................................
Completed E-Step (7 seconds). 
Completed M-Step (0 seconds). 
convergence.check is 0.0005689436 
Completing Iteration 15 (approx. per word bound = -34.670, relative change = 5.689e-04) 
Topic 1: Gene672, Gene1931, Gene1141, Gene1543, Gene1396 
 Topic 2: Gene945, Gene1983, Gene711, Gene1250, Gene135 
 Topic 3: Gene1228, Gene394, Gene711, Gene67, Gene252 
........................................................................................................
Completed E-Step (7 seconds). 
Completed M-Step (0 seconds). 
convergence.check is 0.0004618256 
Completing Iteration 16 (approx. per word bound = -34.654, relative change = 4.618e-04) 
........................................................................................................
Completed E-Step (7 seconds). 
Completed M-Step (0 seconds). 
convergence.check is 0.0003534589 
Completing Iteration 17 (approx. per word bound = -34.642, relative change = 3.535e-04) 
........................................................................................................
Completed E-Step (7 seconds). 
Completed M-Step (0 seconds). 
convergence.check is 0.000266092 
Completing Iteration 18 (approx. per word bound = -34.632, relative change = 2.661e-04) 
........................................................................................................
Completed E-Step (7 seconds). 
Completed M-Step (0 seconds). 
convergence.check is 0.0002062937 
Completing Iteration 19 (approx. per word bound = -34.625, relative change = 2.063e-04) 
........................................................................................................
Completed E-Step (7 seconds). 
Completed M-Step (0 seconds). 
convergence.check is 0.0001626328 
Completing Iteration 20 (approx. per word bound = -34.620, relative change = 1.626e-04) 
Topic 1: Gene672, Gene1931, Gene1141, Gene1543, Gene1396 
 Topic 2: Gene945, Gene1983, Gene711, Gene1250, Gene1144 
 Topic 3: Gene1228, Gene394, Gene711, Gene67, Gene1940 
........................................................................................................
Completed E-Step (7 seconds). 
Completed M-Step (0 seconds). 
convergence.check is 0.0001237887 
Completing Iteration 21 (approx. per word bound = -34.615, relative change = 1.238e-04) 
........................................................................................................
Completed E-Step (7 seconds). 
Completed M-Step (0 seconds). 
convergence.check is 8.9161e-05 
Completing Iteration 22 (approx. per word bound = -34.612, relative change = 8.916e-05) 
........................................................................................................
Completed E-Step (7 seconds). 
Completed M-Step (0 seconds). 
convergence.check is 6.273927e-05 
Completing Iteration 23 (approx. per word bound = -34.610, relative change = 6.274e-05) 
........................................................................................................
Completed E-Step (6 seconds). 
Completed M-Step (0 seconds). 
convergence.check is 4.373971e-05 
Completing Iteration 24 (approx. per word bound = -34.609, relative change = 4.374e-05) 
........................................................................................................
Completed E-Step (7 seconds). 
Completed M-Step (0 seconds). 
convergence.check is 3.001376e-05 
Completing Iteration 25 (approx. per word bound = -34.608, relative change = 3.001e-05) 
Topic 1: Gene672, Gene1931, Gene1141, Gene1543, Gene1396 
 Topic 2: Gene945, Gene1983, Gene711, Gene1144, Gene1250 
 Topic 3: Gene1228, Gene394, Gene711, Gene67, Gene252 
........................................................................................................
Completed E-Step (7 seconds). 
Completed M-Step (0 seconds). 
convergence.check is 2.065093e-05 
Completing Iteration 26 (approx. per word bound = -34.607, relative change = 2.065e-05) 
........................................................................................................
Completed E-Step (7 seconds). 
Completed M-Step (0 seconds). 
convergence.check is 1.508586e-05 
Completing Iteration 27 (approx. per word bound = -34.606, relative change = 1.509e-05) 
........................................................................................................
Completed E-Step (7 seconds). 
Completed M-Step (0 seconds). 
convergence.check is 1.165598e-05 
Completing Iteration 28 (approx. per word bound = -34.606, relative change = 1.166e-05) 
........................................................................................................
Completed E-Step (7 seconds). 
Completed M-Step (0 seconds). 
convergence.check is 9.800999e-06 
Model Converged 
4 select model run 
Beginning Random Initialization 
Initialization with Poisson NMF 
........................................................................................................
Completed E-Step (14 seconds). 
Completed M-Step (0 seconds). 
Completing Iteration 1 (approx. per word bound = -44.848) 
........................................................................................................
Completed E-Step (8 seconds). 
Completed M-Step (0 seconds). 
convergence.check is 0.2189483 
Completing Iteration 2 (approx. per word bound = -35.029, relative change = 2.189e-01) 
........................................................................................................
Completed E-Step (8 seconds). 
Completed M-Step (0 seconds). 
convergence.check is 0.0004593217 
Completing Iteration 3 (approx. per word bound = -35.013, relative change = 4.593e-04) 
........................................................................................................
Completed E-Step (8 seconds). 
Completed M-Step (0 seconds). 
convergence.check is 0.00100603 
Completing Iteration 4 (approx. per word bound = -34.978, relative change = 1.006e-03) 
........................................................................................................
Completed E-Step (8 seconds). 
Completed M-Step (0 seconds). 
convergence.check is 0.001414061 
Completing Iteration 5 (approx. per word bound = -34.928, relative change = 1.414e-03) 
Topic 1: Gene672, Gene1543, Gene1141, Gene711, Gene937 
 Topic 2: Gene711, Gene394, Gene1228, Gene252, Gene1067 
 Topic 3: Gene945, Gene1250, Gene67, Gene1983, Gene1931 
........................................................................................................
Completed E-Step (8 seconds). 
Completed M-Step (0 seconds). 
convergence.check is 0.00130758 
Completing Iteration 6 (approx. per word bound = -34.882, relative change = 1.308e-03) 
........................................................................................................
Completed E-Step (8 seconds). 
Completed M-Step (0 seconds). 
convergence.check is 0.0009916274 
Completing Iteration 7 (approx. per word bound = -34.848, relative change = 9.916e-04) 
........................................................................................................
Completed E-Step (8 seconds). 
Completed M-Step (0 seconds). 
convergence.check is 0.0007447389 
Completing Iteration 8 (approx. per word bound = -34.822, relative change = 7.447e-04) 
........................................................................................................
Completed E-Step (8 seconds). 
Completed M-Step (0 seconds). 
convergence.check is 0.0006231349 
Completing Iteration 9 (approx. per word bound = -34.800, relative change = 6.231e-04) 
........................................................................................................
Completed E-Step (8 seconds). 
Completed M-Step (0 seconds). 
convergence.check is 0.0005957639 
Completing Iteration 10 (approx. per word bound = -34.779, relative change = 5.958e-04) 
Topic 1: Gene672, Gene1931, Gene1141, Gene1543, Gene1396 
 Topic 2: Gene711, Gene1228, Gene394, Gene1067, Gene252 
 Topic 3: Gene945, Gene1250, Gene1983, Gene67, Gene456 
........................................................................................................
Completed E-Step (8 seconds). 
Completed M-Step (0 seconds). 
convergence.check is 0.0006366301 
Completing Iteration 11 (approx. per word bound = -34.757, relative change = 6.366e-04) 
........................................................................................................
Completed E-Step (8 seconds). 
Completed M-Step (0 seconds). 
convergence.check is 0.0006888106 
Completing Iteration 12 (approx. per word bound = -34.733, relative change = 6.888e-04) 
........................................................................................................
Completed E-Step (8 seconds). 
Completed M-Step (0 seconds). 
convergence.check is 0.0007093508 
Completing Iteration 13 (approx. per word bound = -34.709, relative change = 7.094e-04) 
........................................................................................................
Completed E-Step (8 seconds). 
Completed M-Step (0 seconds). 
convergence.check is 0.0006709494 
Completing Iteration 14 (approx. per word bound = -34.685, relative change = 6.709e-04) 
........................................................................................................
Completed E-Step (8 seconds). 
Completed M-Step (0 seconds). 
convergence.check is 0.0005767888 
Completing Iteration 15 (approx. per word bound = -34.665, relative change = 5.768e-04) 
Topic 1: Gene672, Gene1931, Gene1141, Gene1543, Gene1396 
 Topic 2: Gene711, Gene1228, Gene394, Gene1067, Gene252 
 Topic 3: Gene945, Gene1983, Gene1250, Gene1144, Gene135 
........................................................................................................
Completed E-Step (8 seconds). 
Completed M-Step (0 seconds). 
convergence.check is 0.0004579393 
Completing Iteration 16 (approx. per word bound = -34.650, relative change = 4.579e-04) 
........................................................................................................
Completed E-Step (8 seconds). 
Completed M-Step (0 seconds). 
convergence.check is 0.0003486789 
Completing Iteration 17 (approx. per word bound = -34.637, relative change = 3.487e-04) 
........................................................................................................
Completed E-Step (8 seconds). 
Completed M-Step (0 seconds). 
convergence.check is 0.0002672752 
Completing Iteration 18 (approx. per word bound = -34.628, relative change = 2.673e-04) 
........................................................................................................
Completed E-Step (7 seconds). 
Completed M-Step (0 seconds). 
convergence.check is 0.0002085 
Completing Iteration 19 (approx. per word bound = -34.621, relative change = 2.085e-04) 
........................................................................................................
Completed E-Step (7 seconds). 
Completed M-Step (0 seconds). 
convergence.check is 0.0001546385 
Completing Iteration 20 (approx. per word bound = -34.616, relative change = 1.546e-04) 
Topic 1: Gene672, Gene1931, Gene1141, Gene1543, Gene1396 
 Topic 2: Gene711, Gene1228, Gene394, Gene1067, Gene945 
 Topic 3: Gene945, Gene1983, Gene1144, Gene135, Gene1250 
........................................................................................................
Completed E-Step (7 seconds). 
Completed M-Step (0 seconds). 
convergence.check is 0.0001020195 
Completing Iteration 21 (approx. per word bound = -34.612, relative change = 1.020e-04) 
........................................................................................................
Completed E-Step (7 seconds). 
Completed M-Step (0 seconds). 
convergence.check is 6.145171e-05 
Completing Iteration 22 (approx. per word bound = -34.610, relative change = 6.145e-05) 
........................................................................................................
Completed E-Step (8 seconds). 
Completed M-Step (0 seconds). 
convergence.check is 3.708576e-05 
Completing Iteration 23 (approx. per word bound = -34.609, relative change = 3.709e-05) 
........................................................................................................
Completed E-Step (8 seconds). 
Completed M-Step (0 seconds). 
convergence.check is 2.467166e-05 
Completing Iteration 24 (approx. per word bound = -34.608, relative change = 2.467e-05) 
........................................................................................................
Completed E-Step (8 seconds). 
Completed M-Step (0 seconds). 
convergence.check is 1.920224e-05 
Completing Iteration 25 (approx. per word bound = -34.607, relative change = 1.920e-05) 
Topic 1: Gene672, Gene1931, Gene1141, Gene1543, Gene1396 
 Topic 2: Gene711, Gene1228, Gene394, Gene1067, Gene945 
 Topic 3: Gene945, Gene1983, Gene1144, Gene135, Gene1250 
........................................................................................................
Completed E-Step (7 seconds). 
Completed M-Step (0 seconds). 
convergence.check is 1.751309e-05 
Completing Iteration 26 (approx. per word bound = -34.607, relative change = 1.751e-05) 
........................................................................................................
Completed E-Step (8 seconds). 
Completed M-Step (0 seconds). 
convergence.check is 1.778105e-05 
Completing Iteration 27 (approx. per word bound = -34.606, relative change = 1.778e-05) 
........................................................................................................
Completed E-Step (8 seconds). 
Completed M-Step (0 seconds). 
convergence.check is 1.882645e-05 
Completing Iteration 28 (approx. per word bound = -34.605, relative change = 1.883e-05) 
........................................................................................................
Completed E-Step (8 seconds). 
Completed M-Step (0 seconds). 
convergence.check is 1.970982e-05 
Completing Iteration 29 (approx. per word bound = -34.605, relative change = 1.971e-05) 
........................................................................................................
Completed E-Step (7 seconds). 
Completed M-Step (0 seconds). 
convergence.check is 1.967867e-05 
Completing Iteration 30 (approx. per word bound = -34.604, relative change = 1.968e-05) 
Topic 1: Gene672, Gene1931, Gene1141, Gene1543, Gene1396 
 Topic 2: Gene711, Gene1228, Gene394, Gene1067, Gene945 
 Topic 3: Gene945, Gene1983, Gene1144, Gene135, Gene1250 
........................................................................................................
Completed E-Step (7 seconds). 
Completed M-Step (0 seconds). 
convergence.check is 1.832887e-05 
Completing Iteration 31 (approx. per word bound = -34.603, relative change = 1.833e-05) 
........................................................................................................
Completed E-Step (7 seconds). 
Completed M-Step (0 seconds). 
convergence.check is 1.58451e-05 
Completing Iteration 32 (approx. per word bound = -34.603, relative change = 1.585e-05) 
........................................................................................................
Completed E-Step (7 seconds). 
Completed M-Step (0 seconds). 
convergence.check is 1.249647e-05 
Completing Iteration 33 (approx. per word bound = -34.602, relative change = 1.250e-05) 
........................................................................................................
Completed E-Step (7 seconds). 
Completed M-Step (0 seconds). 
convergence.check is 9.80891e-06 
Model Converged 
5 select model run 
Beginning Random Initialization 
Initialization with Poisson NMF 
........................................................................................................
Completed E-Step (10 seconds). 
Completed M-Step (0 seconds). 
Completing Iteration 1 (approx. per word bound = -45.027) 
........................................................................................................
Completed E-Step (9 seconds). 
Completed M-Step (0 seconds). 
convergence.check is 0.2220395 
Completing Iteration 2 (approx. per word bound = -35.030, relative change = 2.220e-01) 
........................................................................................................
Completed E-Step (8 seconds). 
Completed M-Step (0 seconds). 
convergence.check is 0.0003883913 
Completing Iteration 3 (approx. per word bound = -35.016, relative change = 3.884e-04) 
........................................................................................................
Completed E-Step (13 seconds). 
Completed M-Step (0 seconds). 
convergence.check is 0.0006777664 
Completing Iteration 4 (approx. per word bound = -34.992, relative change = 6.778e-04) 
........................................................................................................
Completed E-Step (7 seconds). 
Completed M-Step (0 seconds). 
convergence.check is 0.001052031 
Completing Iteration 5 (approx. per word bound = -34.955, relative change = 1.052e-03) 
Topic 1: Gene672, Gene1250, Gene67, Gene1931, Gene711 
 Topic 2: Gene945, Gene711, Gene394, Gene1228, Gene1983 
 Topic 3: Gene1396, Gene1144, Gene1543, Gene1931, Gene1141 
........................................................................................................
Completed E-Step (7 seconds). 
Completed M-Step (0 seconds). 
convergence.check is 0.001398911 
Completing Iteration 6 (approx. per word bound = -34.907, relative change = 1.399e-03) 
........................................................................................................
Completed E-Step (7 seconds). 
Completed M-Step (0 seconds). 
convergence.check is 0.001577308 
Completing Iteration 7 (approx. per word bound = -34.851, relative change = 1.577e-03) 
........................................................................................................
Completed E-Step (7 seconds). 
Completed M-Step (0 seconds). 
convergence.check is 0.001504791 
Completing Iteration 8 (approx. per word bound = -34.799, relative change = 1.505e-03) 
........................................................................................................
Completed E-Step (7 seconds). 
Completed M-Step (0 seconds). 
convergence.check is 0.00120567 
Completing Iteration 9 (approx. per word bound = -34.757, relative change = 1.206e-03) 
........................................................................................................
Completed E-Step (8 seconds). 
Completed M-Step (0 seconds). 
convergence.check is 0.0009275622 
Completing Iteration 10 (approx. per word bound = -34.725, relative change = 9.276e-04) 
Topic 1: Gene672, Gene67, Gene1931, Gene1141, Gene711 
 Topic 2: Gene945, Gene711, Gene394, Gene1228, Gene1983 
 Topic 3: Gene1144, Gene456, Gene135, Gene1250, Gene1141 
........................................................................................................
Completed E-Step (7 seconds). 
Completed M-Step (0 seconds). 
convergence.check is 0.0007231336 
Completing Iteration 11 (approx. per word bound = -34.700, relative change = 7.231e-04) 
........................................................................................................
Completed E-Step (7 seconds). 
Completed M-Step (0 seconds). 
convergence.check is 0.0005597161 
Completing Iteration 12 (approx. per word bound = -34.680, relative change = 5.597e-04) 
........................................................................................................
Completed E-Step (6 seconds). 
Completed M-Step (0 seconds). 
convergence.check is 0.0004420122 
Completing Iteration 13 (approx. per word bound = -34.665, relative change = 4.420e-04) 
........................................................................................................
Completed E-Step (7 seconds). 
Completed M-Step (0 seconds). 
convergence.check is 0.0003697989 
Completing Iteration 14 (approx. per word bound = -34.652, relative change = 3.698e-04) 
........................................................................................................
Completed E-Step (7 seconds). 
Completed M-Step (0 seconds). 
convergence.check is 0.0003157834 
Completing Iteration 15 (approx. per word bound = -34.641, relative change = 3.158e-04) 
Topic 1: Gene672, Gene1931, Gene1141, Gene1543, Gene67 
 Topic 2: Gene711, Gene945, Gene394, Gene1228, Gene1067 
 Topic 3: Gene1144, Gene945, Gene1983, Gene135, Gene456 
........................................................................................................
Completed E-Step (7 seconds). 
Completed M-Step (0 seconds). 
convergence.check is 0.0002618879 
Completing Iteration 16 (approx. per word bound = -34.632, relative change = 2.619e-04) 
........................................................................................................
Completed E-Step (7 seconds). 
Completed M-Step (0 seconds). 
convergence.check is 0.0002060123 
Completing Iteration 17 (approx. per word bound = -34.625, relative change = 2.060e-04) 
........................................................................................................
Completed E-Step (7 seconds). 
Completed M-Step (0 seconds). 
convergence.check is 0.0001558131 
Completing Iteration 18 (approx. per word bound = -34.620, relative change = 1.558e-04) 
........................................................................................................
Completed E-Step (7 seconds). 
Completed M-Step (0 seconds). 
convergence.check is 0.0001155292 
Completing Iteration 19 (approx. per word bound = -34.616, relative change = 1.155e-04) 
........................................................................................................
Completed E-Step (7 seconds). 
Completed M-Step (0 seconds). 
convergence.check is 8.416424e-05 
Completing Iteration 20 (approx. per word bound = -34.613, relative change = 8.416e-05) 
Topic 1: Gene672, Gene1931, Gene1141, Gene1543, Gene1396 
 Topic 2: Gene711, Gene394, Gene1228, Gene945, Gene1067 
 Topic 3: Gene945, Gene1983, Gene1144, Gene135, Gene1250 
........................................................................................................
Completed E-Step (7 seconds). 
Completed M-Step (0 seconds). 
convergence.check is 6.030724e-05 
Completing Iteration 21 (approx. per word bound = -34.611, relative change = 6.031e-05) 
........................................................................................................
Completed E-Step (7 seconds). 
Completed M-Step (0 seconds). 
convergence.check is 4.31242e-05 
Completing Iteration 22 (approx. per word bound = -34.609, relative change = 4.312e-05) 
........................................................................................................
Completed E-Step (6 seconds). 
Completed M-Step (0 seconds). 
convergence.check is 3.177894e-05 
Completing Iteration 23 (approx. per word bound = -34.608, relative change = 3.178e-05) 
........................................................................................................
Completed E-Step (6 seconds). 
Completed M-Step (0 seconds). 
convergence.check is 2.433545e-05 
Completing Iteration 24 (approx. per word bound = -34.607, relative change = 2.434e-05) 
........................................................................................................
Completed E-Step (7 seconds). 
Completed M-Step (0 seconds). 
convergence.check is 1.948354e-05 
Completing Iteration 25 (approx. per word bound = -34.606, relative change = 1.948e-05) 
Topic 1: Gene672, Gene1931, Gene1141, Gene1543, Gene1396 
 Topic 2: Gene394, Gene1228, Gene711, Gene945, Gene1067 
 Topic 3: Gene945, Gene1983, Gene1144, Gene135, Gene1250 
........................................................................................................
Completed E-Step (7 seconds). 
Completed M-Step (0 seconds). 
convergence.check is 1.594742e-05 
Completing Iteration 26 (approx. per word bound = -34.606, relative change = 1.595e-05) 
........................................................................................................
Completed E-Step (7 seconds). 
Completed M-Step (0 seconds). 
convergence.check is 1.333684e-05 
Completing Iteration 27 (approx. per word bound = -34.605, relative change = 1.334e-05) 
........................................................................................................
Completed E-Step (7 seconds). 
Completed M-Step (0 seconds). 
convergence.check is 1.133408e-05 
Completing Iteration 28 (approx. per word bound = -34.605, relative change = 1.133e-05) 
........................................................................................................
Completed E-Step (7 seconds). 
Completed M-Step (0 seconds). 
convergence.check is 9.566076e-06 
Model Converged 
