Loading required package: SingleCellExperiment
Loading required package: SummarizedExperiment
Loading required package: methods
Loading required package: MatrixGenerics
Loading required package: matrixStats

Attaching package: ‘MatrixGenerics’

The following objects are masked from ‘package:matrixStats’:

    colAlls, colAnyNAs, colAnys, colAvgsPerRowSet, colCollapse,
    colCounts, colCummaxs, colCummins, colCumprods, colCumsums,
    colDiffs, colIQRDiffs, colIQRs, colLogSumExps, colMadDiffs,
    colMads, colMaxs, colMeans2, colMedians, colMins, colOrderStats,
    colProds, colQuantiles, colRanges, colRanks, colSdDiffs, colSds,
    colSums2, colTabulates, colVarDiffs, colVars, colWeightedMads,
    colWeightedMeans, colWeightedMedians, colWeightedSds,
    colWeightedVars, rowAlls, rowAnyNAs, rowAnys, rowAvgsPerColSet,
    rowCollapse, rowCounts, rowCummaxs, rowCummins, rowCumprods,
    rowCumsums, rowDiffs, rowIQRDiffs, rowIQRs, rowLogSumExps,
    rowMadDiffs, rowMads, rowMaxs, rowMeans2, rowMedians, rowMins,
    rowOrderStats, rowProds, rowQuantiles, rowRanges, rowRanks,
    rowSdDiffs, rowSds, rowSums2, rowTabulates, rowVarDiffs, rowVars,
    rowWeightedMads, rowWeightedMeans, rowWeightedMedians,
    rowWeightedSds, rowWeightedVars

Loading required package: GenomicRanges
Loading required package: stats4
Loading required package: BiocGenerics
Loading required package: utils
Loading required package: graphics

Attaching package: ‘graphics’

The following object is masked from ‘package:stats4’:

    plot

Loading required package: stats

Attaching package: ‘stats’

The following objects are masked from ‘package:stats4’:

    AIC, BIC, coef, confint, logLik, nobs, profile, update, vcov


Attaching package: ‘BiocGenerics’

The following objects are masked from ‘package:stats’:

    IQR, mad, sd, var, xtabs

The following objects are masked from ‘package:base’:

    anyDuplicated, aperm, append, as.data.frame, basename, cbind,
    colnames, dirname, do.call, duplicated, eval, evalq, Filter, Find,
    get, grep, grepl, intersect, is.unsorted, lapply, Map, mapply,
    match, mget, order, paste, pmax, pmax.int, pmin, pmin.int,
    Position, rank, rbind, Reduce, rownames, sapply, setdiff, sort,
    table, tapply, union, unique, unsplit, which.max, which.min

Loading required package: S4Vectors

Attaching package: ‘S4Vectors’

The following object is masked from ‘package:utils’:

    findMatches

The following objects are masked from ‘package:base’:

    expand.grid, I, unname

Loading required package: IRanges
Loading required package: GenomeInfoDb
Loading required package: Biobase
Welcome to Bioconductor

    Vignettes contain introductory material; view with
    'browseVignettes()'. To cite Bioconductor, see
    'citation("Biobase")', and for packages 'citation("pkgname")'.


Attaching package: ‘Biobase’

The following object is masked from ‘package:MatrixGenerics’:

    rowMedians

The following objects are masked from ‘package:matrixStats’:

    anyMissing, rowMedians

Loading required package: scuttle

Attaching package: ‘Matrix’

The following object is masked from ‘package:S4Vectors’:

    expand


Attaching package: ‘dplyr’

The following object is masked from ‘package:Biobase’:

    combine

The following objects are masked from ‘package:GenomicRanges’:

    intersect, setdiff, union

The following object is masked from ‘package:GenomeInfoDb’:

    intersect

The following objects are masked from ‘package:IRanges’:

    collapse, desc, intersect, setdiff, slice, union

The following objects are masked from ‘package:S4Vectors’:

    first, intersect, rename, setdiff, setequal, union

The following objects are masked from ‘package:BiocGenerics’:

    combine, intersect, setdiff, union

The following objects are masked from ‘package:stats’:

    filter, lag

The following object is masked from ‘package:matrixStats’:

    count

The following objects are masked from ‘package:base’:

    intersect, setdiff, setequal, union

Package 'mclust' version 6.0.1
Type 'citation("mclust")' for citing this R package in publications.
Loading required package: SeuratObject
Loading required package: sp

Attaching package: ‘sp’

The following object is masked from ‘package:IRanges’:

    %over%

‘SeuratObject’ was built with package ‘Matrix’ 1.6.3 but the current
version is 1.6.5; it is recomended that you reinstall ‘SeuratObject’ as
the ABI for ‘Matrix’ may have changed

Attaching package: ‘SeuratObject’

The following object is masked from ‘package:SummarizedExperiment’:

    Assays

The following object is masked from ‘package:GenomicRanges’:

    intersect

The following object is masked from ‘package:GenomeInfoDb’:

    intersect

The following object is masked from ‘package:IRanges’:

    intersect

The following object is masked from ‘package:S4Vectors’:

    intersect

The following object is masked from ‘package:BiocGenerics’:

    intersect

The following object is masked from ‘package:base’:

    intersect


Attaching package: ‘Seurat’

The following object is masked from ‘package:SummarizedExperiment’:

    Assays

Warning: Data is of class matrix. Coercing to dgCMatrix.
Normalizing layer: counts
Performing log-normalization
0%   10   20   30   40   50   60   70   80   90   100%
[----|----|----|----|----|----|----|----|----|----|
**************************************************|
Finding variable features for layer counts
Calculating gene variances
0%   10   20   30   40   50   60   70   80   90   100%
[----|----|----|----|----|----|----|----|----|----|
**************************************************|
Calculating feature variances of standardized and clipped values
0%   10   20   30   40   50   60   70   80   90   100%
[----|----|----|----|----|----|----|----|----|----|
**************************************************|
Centering and scaling data matrix
  |                                                                              |                                                                      |   0%  |                                                                              |=======================                                               |  33%  |                                                                              |===============================================                       |  67%  |                                                                              |======================================================================| 100%
PC_ 1 
Positive:  Gene2400, Gene2218, Gene2331, Gene1208, Gene1617, Gene2410, Gene2908, Gene453, Gene327, Gene473 
	   Gene274, Gene268, Gene2763, Gene2303, Gene1623, Gene1374, Gene2517, Gene619, Gene326, Gene2516 
	   Gene2075, Gene24, Gene1391, Gene961, Gene27, Gene2702, Gene1189, Gene157, Gene743, Gene2042 
Negative:  Gene1897, Gene731, Gene2696, Gene2449, Gene2903, Gene566, Gene1878, Gene2244, Gene2948, Gene290 
	   Gene2228, Gene423, Gene219, Gene952, Gene2445, Gene807, Gene750, Gene1525, Gene398, Gene2498 
	   Gene1465, Gene1632, Gene1696, Gene839, Gene2864, Gene1873, Gene1210, Gene101, Gene501, Gene1153 
PC_ 2 
Positive:  Gene474, Gene1855, Gene93, Gene2715, Gene2245, Gene2459, Gene2800, Gene1468, Gene2146, Gene2014 
	   Gene2402, Gene2432, Gene1097, Gene2335, Gene1563, Gene2493, Gene634, Gene636, Gene617, Gene871 
	   Gene2499, Gene69, Gene1746, Gene1438, Gene415, Gene48, Gene1022, Gene786, Gene167, Gene552 
Negative:  Gene2247, Gene1175, Gene2528, Gene1047, Gene1155, Gene2973, Gene934, Gene990, Gene1566, Gene1061 
	   Gene2391, Gene1198, Gene224, Gene1068, Gene2750, Gene2727, Gene338, Gene1703, Gene202, Gene956 
	   Gene454, Gene1820, Gene241, Gene1802, Gene2561, Gene378, Gene747, Gene900, Gene483, Gene2556 
PC_ 3 
Positive:  Gene15, Gene2308, Gene726, Gene1324, Gene1786, Gene1107, Gene1992, Gene2307, Gene721, Gene1928 
	   Gene1163, Gene1945, Gene147, Gene1368, Gene1260, Gene2767, Gene1978, Gene1474, Gene486, Gene2190 
	   Gene1062, Gene2114, Gene1919, Gene536, Gene2115, Gene1315, Gene2964, Gene2249, Gene2271, Gene1881 
Negative:  Gene1550, Gene245, Gene1929, Gene2680, Gene264, Gene2647, Gene1027, Gene320, Gene2391, Gene197 
	   Gene1975, Gene2664, Gene797, Gene715, Gene268, Gene2698, Gene215, Gene2337, Gene997, Gene1064 
	   Gene2401, Gene2436, Gene1788, Gene835, Gene150, Gene2935, Gene744, Gene1329, Gene551, Gene341 
PC_ 4 
Positive:  Gene2649, Gene797, Gene2177, Gene848, Gene2713, Gene423, Gene1759, Gene2934, Gene1605, Gene2463 
	   Gene1986, Gene1307, Gene1438, Gene2564, Gene766, Gene1502, Gene1022, Gene342, Gene2727, Gene2695 
	   Gene2593, Gene325, Gene769, Gene2831, Gene2337, Gene941, Gene512, Gene416, Gene434, Gene907 
Negative:  Gene1365, Gene34, Gene2382, Gene2605, Gene1522, Gene617, Gene1087, Gene44, Gene2996, Gene2182 
	   Gene2787, Gene1806, Gene2243, Gene1521, Gene2893, Gene2886, Gene1849, Gene1440, Gene914, Gene2725 
	   Gene794, Gene454, Gene415, Gene2343, Gene1111, Gene2195, Gene2126, Gene2192, Gene1508, Gene2069 
PC_ 5 
Positive:  Gene1433, Gene1722, Gene2037, Gene1896, Gene1451, Gene2035, Gene1424, Gene311, Gene679, Gene2484 
	   Gene1375, Gene1317, Gene1169, Gene2647, Gene2320, Gene2500, Gene1761, Gene2604, Gene2367, Gene2823 
	   Gene2943, Gene849, Gene1278, Gene932, Gene2244, Gene2911, Gene1728, Gene751, Gene312, Gene133 
Negative:  Gene1714, Gene137, Gene1306, Gene1016, Gene639, Gene762, Gene1751, Gene966, Gene2934, Gene1362 
	   Gene2698, Gene1923, Gene1950, Gene647, Gene1610, Gene1346, Gene907, Gene893, Gene2514, Gene2797 
	   Gene1525, Gene1986, Gene2527, Gene1947, Gene2273, Gene2088, Gene2120, Gene506, Gene945, Gene1749 
Computing nearest neighbor graph
Computing SNN
0%   10   20   30   40   50   60   70   80   90   100%
[----|----|----|----|----|----|----|----|----|----|
**************************************************|
0%   10   20   30   40   50   60   70   80   90   100%
[----|----|----|----|----|----|----|----|----|----|
**************************************************|
0%   10   20   30   40   50   60   70   80   90   100%
[----|----|----|----|----|----|----|----|----|----|
**************************************************|
0%   10   20   30   40   50   60   70   80   90   100%
[----|----|----|----|----|----|----|----|----|----|
**************************************************|
