sims_1712873849_L9.rds 
Modularity Optimizer version 1.3.0 by Ludo Waltman and Nees Jan van Eck

Number of nodes: 5000
Number of edges: 191812

Running Louvain algorithm...
Maximum modularity in 10 random starts: 0.9721
Number of communities: 33
Elapsed time: 5 seconds
Modularity Optimizer version 1.3.0 by Ludo Waltman and Nees Jan van Eck

Number of nodes: 5000
Number of edges: 191812

Running Louvain algorithm...
Maximum modularity in 10 random starts: 0.9492
Number of communities: 38
Elapsed time: 7 seconds
Modularity Optimizer version 1.3.0 by Ludo Waltman and Nees Jan van Eck

Number of nodes: 5000
Number of edges: 191812

Running Louvain algorithm...
Maximum modularity in 10 random starts: 0.9314
Number of communities: 42
Elapsed time: 8 seconds
Modularity Optimizer version 1.3.0 by Ludo Waltman and Nees Jan van Eck

Number of nodes: 5000
Number of edges: 191812

Running Louvain algorithm...
Maximum modularity in 10 random starts: 0.9146
Number of communities: 44
Elapsed time: 7 seconds
