sims_1712873799_L8.rds 
Modularity Optimizer version 1.3.0 by Ludo Waltman and Nees Jan van Eck

Number of nodes: 3000
Number of edges: 108569

Running Louvain algorithm...
Maximum modularity in 10 random starts: 0.9455
Number of communities: 13
Elapsed time: 3 seconds
Modularity Optimizer version 1.3.0 by Ludo Waltman and Nees Jan van Eck

Number of nodes: 3000
Number of edges: 108569

Running Louvain algorithm...
Maximum modularity in 10 random starts: 0.9069
Number of communities: 19
Elapsed time: 3 seconds
Modularity Optimizer version 1.3.0 by Ludo Waltman and Nees Jan van Eck

Number of nodes: 3000
Number of edges: 108569

Running Louvain algorithm...
Maximum modularity in 10 random starts: 0.8801
Number of communities: 24
Elapsed time: 4 seconds
Modularity Optimizer version 1.3.0 by Ludo Waltman and Nees Jan van Eck

Number of nodes: 3000
Number of edges: 108569

Running Louvain algorithm...
Maximum modularity in 10 random starts: 0.8574
Number of communities: 25
Elapsed time: 4 seconds
