sims_1712873834_L8.rds 
Modularity Optimizer version 1.3.0 by Ludo Waltman and Nees Jan van Eck

Number of nodes: 3000
Number of edges: 106139

Running Louvain algorithm...
Maximum modularity in 10 random starts: 0.9751
Number of communities: 24
Elapsed time: 2 seconds
Modularity Optimizer version 1.3.0 by Ludo Waltman and Nees Jan van Eck

Number of nodes: 3000
Number of edges: 106139

Running Louvain algorithm...
Maximum modularity in 10 random starts: 0.9524
Number of communities: 24
Elapsed time: 2 seconds
Modularity Optimizer version 1.3.0 by Ludo Waltman and Nees Jan van Eck

Number of nodes: 3000
Number of edges: 106139

Running Louvain algorithm...
Maximum modularity in 10 random starts: 0.9303
Number of communities: 26
Elapsed time: 3 seconds
Modularity Optimizer version 1.3.0 by Ludo Waltman and Nees Jan van Eck

Number of nodes: 3000
Number of edges: 106139

Running Louvain algorithm...
Maximum modularity in 10 random starts: 0.9107
Number of communities: 28
Elapsed time: 4 seconds
