Loading required package: SingleCellExperiment
Loading required package: SummarizedExperiment
Loading required package: methods
Loading required package: MatrixGenerics
Loading required package: matrixStats

Attaching package: ‘MatrixGenerics’

The following objects are masked from ‘package:matrixStats’:

    colAlls, colAnyNAs, colAnys, colAvgsPerRowSet, colCollapse,
    colCounts, colCummaxs, colCummins, colCumprods, colCumsums,
    colDiffs, colIQRDiffs, colIQRs, colLogSumExps, colMadDiffs,
    colMads, colMaxs, colMeans2, colMedians, colMins, colOrderStats,
    colProds, colQuantiles, colRanges, colRanks, colSdDiffs, colSds,
    colSums2, colTabulates, colVarDiffs, colVars, colWeightedMads,
    colWeightedMeans, colWeightedMedians, colWeightedSds,
    colWeightedVars, rowAlls, rowAnyNAs, rowAnys, rowAvgsPerColSet,
    rowCollapse, rowCounts, rowCummaxs, rowCummins, rowCumprods,
    rowCumsums, rowDiffs, rowIQRDiffs, rowIQRs, rowLogSumExps,
    rowMadDiffs, rowMads, rowMaxs, rowMeans2, rowMedians, rowMins,
    rowOrderStats, rowProds, rowQuantiles, rowRanges, rowRanks,
    rowSdDiffs, rowSds, rowSums2, rowTabulates, rowVarDiffs, rowVars,
    rowWeightedMads, rowWeightedMeans, rowWeightedMedians,
    rowWeightedSds, rowWeightedVars

Loading required package: GenomicRanges
Loading required package: stats4
Loading required package: BiocGenerics
Loading required package: utils
Loading required package: graphics

Attaching package: ‘graphics’

The following object is masked from ‘package:stats4’:

    plot

Loading required package: stats

Attaching package: ‘stats’

The following objects are masked from ‘package:stats4’:

    AIC, BIC, coef, confint, logLik, nobs, profile, update, vcov


Attaching package: ‘BiocGenerics’

The following objects are masked from ‘package:stats’:

    IQR, mad, sd, var, xtabs

The following objects are masked from ‘package:base’:

    anyDuplicated, aperm, append, as.data.frame, basename, cbind,
    colnames, dirname, do.call, duplicated, eval, evalq, Filter, Find,
    get, grep, grepl, intersect, is.unsorted, lapply, Map, mapply,
    match, mget, order, paste, pmax, pmax.int, pmin, pmin.int,
    Position, rank, rbind, Reduce, rownames, sapply, setdiff, sort,
    table, tapply, union, unique, unsplit, which.max, which.min

Loading required package: S4Vectors

Attaching package: ‘S4Vectors’

The following object is masked from ‘package:utils’:

    findMatches

The following objects are masked from ‘package:base’:

    expand.grid, I, unname

Loading required package: IRanges
Loading required package: GenomeInfoDb
Loading required package: Biobase
Welcome to Bioconductor

    Vignettes contain introductory material; view with
    'browseVignettes()'. To cite Bioconductor, see
    'citation("Biobase")', and for packages 'citation("pkgname")'.


Attaching package: ‘Biobase’

The following object is masked from ‘package:MatrixGenerics’:

    rowMedians

The following objects are masked from ‘package:matrixStats’:

    anyMissing, rowMedians

Loading required package: scuttle

Attaching package: ‘Matrix’

The following object is masked from ‘package:S4Vectors’:

    expand


Attaching package: ‘dplyr’

The following object is masked from ‘package:Biobase’:

    combine

The following objects are masked from ‘package:GenomicRanges’:

    intersect, setdiff, union

The following object is masked from ‘package:GenomeInfoDb’:

    intersect

The following objects are masked from ‘package:IRanges’:

    collapse, desc, intersect, setdiff, slice, union

The following objects are masked from ‘package:S4Vectors’:

    first, intersect, rename, setdiff, setequal, union

The following objects are masked from ‘package:BiocGenerics’:

    combine, intersect, setdiff, union

The following objects are masked from ‘package:stats’:

    filter, lag

The following object is masked from ‘package:matrixStats’:

    count

The following objects are masked from ‘package:base’:

    intersect, setdiff, setequal, union

Package 'mclust' version 6.0.1
Type 'citation("mclust")' for citing this R package in publications.
Loading required package: SeuratObject
Loading required package: sp

Attaching package: ‘sp’

The following object is masked from ‘package:IRanges’:

    %over%

‘SeuratObject’ was built with package ‘Matrix’ 1.6.3 but the current
version is 1.6.5; it is recomended that you reinstall ‘SeuratObject’ as
the ABI for ‘Matrix’ may have changed

Attaching package: ‘SeuratObject’

The following object is masked from ‘package:SummarizedExperiment’:

    Assays

The following object is masked from ‘package:GenomicRanges’:

    intersect

The following object is masked from ‘package:GenomeInfoDb’:

    intersect

The following object is masked from ‘package:IRanges’:

    intersect

The following object is masked from ‘package:S4Vectors’:

    intersect

The following object is masked from ‘package:BiocGenerics’:

    intersect

The following object is masked from ‘package:base’:

    intersect


Attaching package: ‘Seurat’

The following object is masked from ‘package:SummarizedExperiment’:

    Assays

Warning: Data is of class matrix. Coercing to dgCMatrix.
Normalizing layer: counts
Performing log-normalization
0%   10   20   30   40   50   60   70   80   90   100%
[----|----|----|----|----|----|----|----|----|----|
**************************************************|
Finding variable features for layer counts
Calculating gene variances
0%   10   20   30   40   50   60   70   80   90   100%
[----|----|----|----|----|----|----|----|----|----|
**************************************************|
Calculating feature variances of standardized and clipped values
0%   10   20   30   40   50   60   70   80   90   100%
[----|----|----|----|----|----|----|----|----|----|
**************************************************|
Centering and scaling data matrix
  |                                                                              |                                                                      |   0%  |                                                                              |=======================                                               |  33%  |                                                                              |===============================================                       |  67%  |                                                                              |======================================================================| 100%
PC_ 1 
Positive:  Gene639, Gene1620, Gene1966, Gene1046, Gene1174, Gene2588, Gene1603, Gene427, Gene1001, Gene1834 
	   Gene2171, Gene2293, Gene876, Gene575, Gene2730, Gene2444, Gene61, Gene1190, Gene46, Gene2528 
	   Gene2517, Gene1921, Gene2174, Gene2104, Gene2371, Gene1906, Gene1621, Gene914, Gene565, Gene2456 
Negative:  Gene1279, Gene1811, Gene2583, Gene1327, Gene2924, Gene769, Gene149, Gene101, Gene1067, Gene1125 
	   Gene205, Gene2955, Gene168, Gene839, Gene1622, Gene1986, Gene2188, Gene2654, Gene861, Gene1648 
	   Gene511, Gene2186, Gene1529, Gene1278, Gene367, Gene803, Gene800, Gene219, Gene398, Gene746 
PC_ 2 
Positive:  Gene1081, Gene635, Gene1046, Gene1687, Gene1073, Gene205, Gene982, Gene441, Gene2973, Gene496 
	   Gene2349, Gene685, Gene2501, Gene707, Gene32, Gene1621, Gene1657, Gene2532, Gene180, Gene2734 
	   Gene746, Gene2588, Gene1372, Gene2612, Gene181, Gene1631, Gene2135, Gene2476, Gene1281, Gene863 
Negative:  Gene1928, Gene1862, Gene955, Gene466, Gene462, Gene2586, Gene2968, Gene2611, Gene400, Gene2756 
	   Gene357, Gene1338, Gene568, Gene1043, Gene1018, Gene1452, Gene1809, Gene830, Gene992, Gene1894 
	   Gene891, Gene478, Gene972, Gene799, Gene1699, Gene1131, Gene2541, Gene2903, Gene823, Gene271 
PC_ 3 
Positive:  Gene2084, Gene1603, Gene2171, Gene1684, Gene131, Gene1809, Gene94, Gene2371, Gene548, Gene1493 
	   Gene432, Gene1986, Gene639, Gene2134, Gene2188, Gene1834, Gene2120, Gene2340, Gene771, Gene2293 
	   Gene1540, Gene1424, Gene17, Gene2006, Gene2924, Gene2125, Gene2501, Gene2985, Gene2116, Gene2663 
Negative:  Gene1942, Gene685, Gene2532, Gene744, Gene1974, Gene325, Gene2749, Gene218, Gene510, Gene1921 
	   Gene927, Gene1844, Gene777, Gene795, Gene1594, Gene2449, Gene2496, Gene2256, Gene2756, Gene1977 
	   Gene1085, Gene1754, Gene2011, Gene2130, Gene2185, Gene1061, Gene423, Gene1420, Gene1040, Gene1998 
PC_ 4 
Positive:  Gene1685, Gene2586, Gene733, Gene2135, Gene2955, Gene648, Gene73, Gene1763, Gene80, Gene432 
	   Gene2084, Gene861, Gene2517, Gene1066, Gene2532, Gene1940, Gene1911, Gene462, Gene1118, Gene427 
	   Gene17, Gene2273, Gene1523, Gene32, Gene1161, Gene467, Gene1485, Gene2557, Gene2846, Gene243 
Negative:  Gene2735, Gene1165, Gene1896, Gene1966, Gene1464, Gene2972, Gene2583, Gene204, Gene2963, Gene181 
	   Gene1431, Gene1018, Gene1817, Gene2428, Gene1631, Gene1612, Gene987, Gene1333, Gene971, Gene638 
	   Gene1452, Gene1229, Gene2011, Gene1974, Gene377, Gene2174, Gene325, Gene2973, Gene770, Gene915 
PC_ 5 
Positive:  Gene2782, Gene144, Gene432, Gene411, Gene2273, Gene2604, Gene733, Gene466, Gene2527, Gene2501 
	   Gene1958, Gene685, Gene2200, Gene1621, Gene1895, Gene1758, Gene1949, Gene81, Gene2348, Gene353 
	   Gene520, Gene2303, Gene2877, Gene1084, Gene1307, Gene453, Gene1763, Gene1198, Gene2789, Gene1603 
Negative:  Gene1111, Gene2084, Gene55, Gene2885, Gene161, Gene300, Gene2371, Gene17, Gene1966, Gene729 
	   Gene94, Gene168, Gene1043, Gene1177, Gene635, Gene2256, Gene301, Gene206, Gene899, Gene1500 
	   Gene91, Gene618, Gene944, Gene1543, Gene1682, Gene1236, Gene143, Gene2164, Gene423, Gene1229 
Computing nearest neighbor graph
Computing SNN
0%   10   20   30   40   50   60   70   80   90   100%
[----|----|----|----|----|----|----|----|----|----|
**************************************************|
0%   10   20   30   40   50   60   70   80   90   100%
[----|----|----|----|----|----|----|----|----|----|
**************************************************|
0%   10   20   30   40   50   60   70   80   90   100%
[----|----|----|----|----|----|----|----|----|----|
**************************************************|
0%   10   20   30   40   50   60   70   80   90   100%
[----|----|----|----|----|----|----|----|----|----|
**************************************************|
