Loading required package: SingleCellExperiment
Loading required package: SummarizedExperiment
Loading required package: methods
Loading required package: MatrixGenerics
Loading required package: matrixStats

Attaching package: ‘MatrixGenerics’

The following objects are masked from ‘package:matrixStats’:

    colAlls, colAnyNAs, colAnys, colAvgsPerRowSet, colCollapse,
    colCounts, colCummaxs, colCummins, colCumprods, colCumsums,
    colDiffs, colIQRDiffs, colIQRs, colLogSumExps, colMadDiffs,
    colMads, colMaxs, colMeans2, colMedians, colMins, colOrderStats,
    colProds, colQuantiles, colRanges, colRanks, colSdDiffs, colSds,
    colSums2, colTabulates, colVarDiffs, colVars, colWeightedMads,
    colWeightedMeans, colWeightedMedians, colWeightedSds,
    colWeightedVars, rowAlls, rowAnyNAs, rowAnys, rowAvgsPerColSet,
    rowCollapse, rowCounts, rowCummaxs, rowCummins, rowCumprods,
    rowCumsums, rowDiffs, rowIQRDiffs, rowIQRs, rowLogSumExps,
    rowMadDiffs, rowMads, rowMaxs, rowMeans2, rowMedians, rowMins,
    rowOrderStats, rowProds, rowQuantiles, rowRanges, rowRanks,
    rowSdDiffs, rowSds, rowSums2, rowTabulates, rowVarDiffs, rowVars,
    rowWeightedMads, rowWeightedMeans, rowWeightedMedians,
    rowWeightedSds, rowWeightedVars

Loading required package: GenomicRanges
Loading required package: stats4
Loading required package: BiocGenerics
Loading required package: utils
Loading required package: graphics

Attaching package: ‘graphics’

The following object is masked from ‘package:stats4’:

    plot

Loading required package: stats

Attaching package: ‘stats’

The following objects are masked from ‘package:stats4’:

    AIC, BIC, coef, confint, logLik, nobs, profile, update, vcov


Attaching package: ‘BiocGenerics’

The following objects are masked from ‘package:stats’:

    IQR, mad, sd, var, xtabs

The following objects are masked from ‘package:base’:

    anyDuplicated, aperm, append, as.data.frame, basename, cbind,
    colnames, dirname, do.call, duplicated, eval, evalq, Filter, Find,
    get, grep, grepl, intersect, is.unsorted, lapply, Map, mapply,
    match, mget, order, paste, pmax, pmax.int, pmin, pmin.int,
    Position, rank, rbind, Reduce, rownames, sapply, setdiff, sort,
    table, tapply, union, unique, unsplit, which.max, which.min

Loading required package: S4Vectors

Attaching package: ‘S4Vectors’

The following object is masked from ‘package:utils’:

    findMatches

The following objects are masked from ‘package:base’:

    expand.grid, I, unname

Loading required package: IRanges
Loading required package: GenomeInfoDb
Loading required package: Biobase
Welcome to Bioconductor

    Vignettes contain introductory material; view with
    'browseVignettes()'. To cite Bioconductor, see
    'citation("Biobase")', and for packages 'citation("pkgname")'.


Attaching package: ‘Biobase’

The following object is masked from ‘package:MatrixGenerics’:

    rowMedians

The following objects are masked from ‘package:matrixStats’:

    anyMissing, rowMedians

Loading required package: scuttle

Attaching package: ‘Matrix’

The following object is masked from ‘package:S4Vectors’:

    expand


Attaching package: ‘dplyr’

The following object is masked from ‘package:Biobase’:

    combine

The following objects are masked from ‘package:GenomicRanges’:

    intersect, setdiff, union

The following object is masked from ‘package:GenomeInfoDb’:

    intersect

The following objects are masked from ‘package:IRanges’:

    collapse, desc, intersect, setdiff, slice, union

The following objects are masked from ‘package:S4Vectors’:

    first, intersect, rename, setdiff, setequal, union

The following objects are masked from ‘package:BiocGenerics’:

    combine, intersect, setdiff, union

The following objects are masked from ‘package:stats’:

    filter, lag

The following object is masked from ‘package:matrixStats’:

    count

The following objects are masked from ‘package:base’:

    intersect, setdiff, setequal, union

Package 'mclust' version 6.0.1
Type 'citation("mclust")' for citing this R package in publications.
Loading required package: SeuratObject
Loading required package: sp

Attaching package: ‘sp’

The following object is masked from ‘package:IRanges’:

    %over%

‘SeuratObject’ was built with package ‘Matrix’ 1.6.3 but the current
version is 1.6.5; it is recomended that you reinstall ‘SeuratObject’ as
the ABI for ‘Matrix’ may have changed

Attaching package: ‘SeuratObject’

The following object is masked from ‘package:SummarizedExperiment’:

    Assays

The following object is masked from ‘package:GenomicRanges’:

    intersect

The following object is masked from ‘package:GenomeInfoDb’:

    intersect

The following object is masked from ‘package:IRanges’:

    intersect

The following object is masked from ‘package:S4Vectors’:

    intersect

The following object is masked from ‘package:BiocGenerics’:

    intersect

The following object is masked from ‘package:base’:

    intersect


Attaching package: ‘Seurat’

The following object is masked from ‘package:SummarizedExperiment’:

    Assays

Warning: Data is of class matrix. Coercing to dgCMatrix.
Normalizing layer: counts
Performing log-normalization
0%   10   20   30   40   50   60   70   80   90   100%
[----|----|----|----|----|----|----|----|----|----|
**************************************************|
Finding variable features for layer counts
Calculating gene variances
0%   10   20   30   40   50   60   70   80   90   100%
[----|----|----|----|----|----|----|----|----|----|
**************************************************|
Calculating feature variances of standardized and clipped values
0%   10   20   30   40   50   60   70   80   90   100%
[----|----|----|----|----|----|----|----|----|----|
**************************************************|
Centering and scaling data matrix
  |                                                                              |                                                                      |   0%  |                                                                              |===================================                                   |  50%  |                                                                              |======================================================================| 100%
Warning: The following 7 features requested have zero variance; running reduction without them: Gene1175, Gene1831, Gene1101, Gene1671, Gene1749, Gene1835, Gene876
PC_ 1 
Positive:  Gene1940, Gene1740, Gene828, Gene1579, Gene67, Gene820, Gene1228, Gene943, Gene659, Gene729 
	   Gene661, Gene394, Gene1021, Gene703, Gene1570, Gene728, Gene1679, Gene458, Gene64, Gene225 
	   Gene276, Gene1739, Gene547, Gene1080, Gene550, Gene616, Gene429, Gene1969, Gene472, Gene1381 
Negative:  Gene844, Gene426, Gene162, Gene322, Gene135, Gene693, Gene1335, Gene385, Gene1754, Gene1344 
	   Gene281, Gene1170, Gene1908, Gene197, Gene1188, Gene1728, Gene1840, Gene272, Gene1277, Gene1531 
	   Gene1965, Gene1205, Gene450, Gene1882, Gene854, Gene45, Gene862, Gene1528, Gene629, Gene268 
PC_ 2 
Positive:  Gene1937, Gene1129, Gene784, Gene1276, Gene68, Gene1845, Gene965, Gene1006, Gene1510, Gene1249 
	   Gene156, Gene1214, Gene148, Gene391, Gene1774, Gene386, Gene8, Gene83, Gene1226, Gene1653 
	   Gene907, Gene298, Gene543, Gene581, Gene1648, Gene945, Gene939, Gene1036, Gene142, Gene1564 
Negative:  Gene1396, Gene1599, Gene316, Gene1874, Gene632, Gene1307, Gene523, Gene1183, Gene19, Gene174 
	   Gene1543, Gene561, Gene1931, Gene964, Gene1779, Gene1364, Gene257, Gene357, Gene1041, Gene846 
	   Gene1975, Gene418, Gene1061, Gene459, Gene937, Gene451, Gene1603, Gene974, Gene1708, Gene853 
PC_ 3 
Positive:  Gene1141, Gene1261, Gene1894, Gene672, Gene318, Gene114, Gene1931, Gene1207, Gene1591, Gene1073 
	   Gene870, Gene1531, Gene258, Gene197, Gene234, Gene1457, Gene213, Gene519, Gene344, Gene237 
	   Gene1836, Gene917, Gene673, Gene1398, Gene1256, Gene1214, Gene1603, Gene739, Gene418, Gene1966 
Negative:  Gene1067, Gene1983, Gene1453, Gene1800, Gene1177, Gene600, Gene1441, Gene1786, Gene900, Gene1404 
	   Gene1744, Gene1919, Gene252, Gene881, Gene394, Gene1733, Gene1205, Gene1505, Gene1098, Gene926 
	   Gene471, Gene1960, Gene616, Gene674, Gene526, Gene386, Gene854, Gene767, Gene446, Gene42 
PC_ 4 
Positive:  Gene711, Gene1078, Gene1497, Gene922, Gene1171, Gene1137, Gene704, Gene579, Gene126, Gene864 
	   Gene1608, Gene1533, Gene1095, Gene217, Gene70, Gene1124, Gene1636, Gene918, Gene1948, Gene250 
	   Gene106, Gene927, Gene310, Gene395, Gene1259, Gene1051, Gene56, Gene1683, Gene1908, Gene654 
Negative:  Gene1413, Gene456, Gene747, Gene1856, Gene111, Gene1198, Gene1700, Gene937, Gene945, Gene1886 
	   Gene238, Gene2000, Gene1158, Gene1112, Gene1865, Gene1146, Gene1611, Gene775, Gene1335, Gene532 
	   Gene1442, Gene513, Gene1919, Gene433, Gene1126, Gene346, Gene881, Gene700, Gene146, Gene1584 
PC_ 5 
Positive:  Gene1752, Gene193, Gene1941, Gene1120, Gene460, Gene1678, Gene457, Gene1925, Gene1294, Gene688 
	   Gene1434, Gene1388, Gene1581, Gene1382, Gene1330, Gene1362, Gene1163, Gene569, Gene420, Gene87 
	   Gene1650, Gene852, Gene1797, Gene1291, Gene1959, Gene1093, Gene895, Gene650, Gene882, Gene1022 
Negative:  Gene602, Gene1495, Gene1589, Gene1715, Gene219, Gene1364, Gene230, Gene634, Gene1423, Gene1085 
	   Gene394, Gene523, Gene61, Gene38, Gene1935, Gene1144, Gene1891, Gene1284, Gene185, Gene1001 
	   Gene412, Gene117, Gene574, Gene883, Gene310, Gene252, Gene1035, Gene620, Gene1914, Gene1643 
Computing nearest neighbor graph
Computing SNN
0%   10   20   30   40   50   60   70   80   90   100%
[----|----|----|----|----|----|----|----|----|----|
**************************************************|
0%   10   20   30   40   50   60   70   80   90   100%
[----|----|----|----|----|----|----|----|----|----|
**************************************************|
0%   10   20   30   40   50   60   70   80   90   100%
[----|----|----|----|----|----|----|----|----|----|
**************************************************|
0%   10   20   30   40   50   60   70   80   90   100%
[----|----|----|----|----|----|----|----|----|----|
**************************************************|
