Loading required package: SingleCellExperiment
Loading required package: SummarizedExperiment
Loading required package: MatrixGenerics
Loading required package: matrixStats

Attaching package: ‘MatrixGenerics’

The following objects are masked from ‘package:matrixStats’:

    colAlls, colAnyNAs, colAnys, colAvgsPerRowSet, colCollapse,
    colCounts, colCummaxs, colCummins, colCumprods, colCumsums,
    colDiffs, colIQRDiffs, colIQRs, colLogSumExps, colMadDiffs,
    colMads, colMaxs, colMeans2, colMedians, colMins, colOrderStats,
    colProds, colQuantiles, colRanges, colRanks, colSdDiffs, colSds,
    colSums2, colTabulates, colVarDiffs, colVars, colWeightedMads,
    colWeightedMeans, colWeightedMedians, colWeightedSds,
    colWeightedVars, rowAlls, rowAnyNAs, rowAnys, rowAvgsPerColSet,
    rowCollapse, rowCounts, rowCummaxs, rowCummins, rowCumprods,
    rowCumsums, rowDiffs, rowIQRDiffs, rowIQRs, rowLogSumExps,
    rowMadDiffs, rowMads, rowMaxs, rowMeans2, rowMedians, rowMins,
    rowOrderStats, rowProds, rowQuantiles, rowRanges, rowRanks,
    rowSdDiffs, rowSds, rowSums2, rowTabulates, rowVarDiffs, rowVars,
    rowWeightedMads, rowWeightedMeans, rowWeightedMedians,
    rowWeightedSds, rowWeightedVars

Loading required package: GenomicRanges
Loading required package: stats4
Loading required package: BiocGenerics

Attaching package: ‘BiocGenerics’

The following objects are masked from ‘package:stats’:

    IQR, mad, sd, var, xtabs

The following objects are masked from ‘package:base’:

    anyDuplicated, aperm, append, as.data.frame, basename, cbind,
    colnames, dirname, do.call, duplicated, eval, evalq, Filter, Find,
    get, grep, grepl, intersect, is.unsorted, lapply, Map, mapply,
    match, mget, order, paste, pmax, pmax.int, pmin, pmin.int,
    Position, rank, rbind, Reduce, rownames, sapply, setdiff, sort,
    table, tapply, union, unique, unsplit, which.max, which.min

Loading required package: S4Vectors

Attaching package: ‘S4Vectors’

The following objects are masked from ‘package:Matrix’:

    expand, unname

The following object is masked from ‘package:utils’:

    findMatches

The following objects are masked from ‘package:base’:

    expand.grid, I, unname

Loading required package: IRanges
Loading required package: GenomeInfoDb
Loading required package: Biobase
Welcome to Bioconductor

    Vignettes contain introductory material; view with
    'browseVignettes()'. To cite Bioconductor, see
    'citation("Biobase")', and for packages 'citation("pkgname")'.


Attaching package: ‘Biobase’

The following object is masked from ‘package:MatrixGenerics’:

    rowMedians

The following objects are masked from ‘package:matrixStats’:

    anyMissing, rowMedians

Loading required package: scuttle

Attaching package: ‘dplyr’

The following object is masked from ‘package:Biobase’:

    combine

The following objects are masked from ‘package:GenomicRanges’:

    intersect, setdiff, union

The following object is masked from ‘package:GenomeInfoDb’:

    intersect

The following objects are masked from ‘package:IRanges’:

    collapse, desc, intersect, setdiff, slice, union

The following objects are masked from ‘package:S4Vectors’:

    first, intersect, rename, setdiff, setequal, union

The following objects are masked from ‘package:BiocGenerics’:

    combine, intersect, setdiff, union

The following object is masked from ‘package:matrixStats’:

    count

The following objects are masked from ‘package:stats’:

    filter, lag

The following objects are masked from ‘package:base’:

    intersect, setdiff, setequal, union

stm v1.3.7 successfully loaded. See ?stm for help. 
 Papers, resources, and other materials at structuraltopicmodel.com
Loading required package: foreach
Loading required package: iterators
Loading required package: parallel

Attaching package: ‘MASS’

The following object is masked from ‘package:dplyr’:

    select

rm: cannot remove '/work/appscr/r/euphyw/RtmpsV9YZF/sourceCpp-x86_64-pc-linux-gnu-1.0.13/sourcecpp_2ea5549e1f8ad'rm: cannot remove '/work/appscr/r/euphyw/Rtmpkwdl60/sourceCpp-x86_64-pc-linux-gnu-1.0.13/sourcecpp_2ea595aa40b7d'rm: cannot remove '/work/appscr/r/euphyw/Rtmp3lR8t9/sourceCpp-x86_64-pc-linux-gnu-1.0.13/sourcecpp_2ea5a32493918': Directory not empty
: Directory not empty
: Directory not empty
rm: cannot remove '/work/appscr/r/euphyw/RtmpDvgVGR/sourceCpp-x86_64-pc-linux-gnu-1.0.13/sourcecpp_2ea563ddb6b1f': Directory not empty
rm: cannot remove '/work/appscr/r/euphyw/Rtmp9v8fJF/sourceCpp-x86_64-pc-linux-gnu-1.0.13/sourcecpp_2ea5c365fbe97': Directory not empty
rm: cannot remove '/work/appscr/r/euphyw/RtmpokgrxB/sourceCpp-x86_64-pc-linux-gnu-1.0.13/sourcecpp_2ea5462a89ee0': Directory not empty
rm: cannot remove '/work/appscr/r/euphyw/RtmpzRZgor/sourceCpp-x86_64-pc-linux-gnu-1.0.13/sourcecpp_2ea53302a08a': Directory not empty
rm: cannot remove '/work/appscr/r/euphyw/RtmpqOw1g9/sourceCpp-x86_64-pc-linux-gnu-1.0.13/sourcecpp_2ea584f790e25'rm: cannot remove '/work/appscr/r/euphyw/Rtmpq48ynX/sourceCpp-x86_64-pc-linux-gnu-1.0.13/sourcecpp_2ea5772b53556': Directory not empty
: Directory not empty
rm: cannot remove '/work/appscr/r/euphyw/RtmpawqMaB/sourceCpp-x86_64-pc-linux-gnu-1.0.13/sourcecpp_2ea5b4f568e74': Directory not empty
rm: cannot remove '/work/appscr/r/euphyw/RtmpVgi7jV/sourceCpp-x86_64-pc-linux-gnu-1.0.13/sourcecpp_2ea1574920cfd': Directory not empty
