Loading required package: SingleCellExperiment
Loading required package: SummarizedExperiment
Loading required package: MatrixGenerics
Loading required package: matrixStats

Attaching package: ‘MatrixGenerics’

The following objects are masked from ‘package:matrixStats’:

    colAlls, colAnyNAs, colAnys, colAvgsPerRowSet, colCollapse,
    colCounts, colCummaxs, colCummins, colCumprods, colCumsums,
    colDiffs, colIQRDiffs, colIQRs, colLogSumExps, colMadDiffs,
    colMads, colMaxs, colMeans2, colMedians, colMins, colOrderStats,
    colProds, colQuantiles, colRanges, colRanks, colSdDiffs, colSds,
    colSums2, colTabulates, colVarDiffs, colVars, colWeightedMads,
    colWeightedMeans, colWeightedMedians, colWeightedSds,
    colWeightedVars, rowAlls, rowAnyNAs, rowAnys, rowAvgsPerColSet,
    rowCollapse, rowCounts, rowCummaxs, rowCummins, rowCumprods,
    rowCumsums, rowDiffs, rowIQRDiffs, rowIQRs, rowLogSumExps,
    rowMadDiffs, rowMads, rowMaxs, rowMeans2, rowMedians, rowMins,
    rowOrderStats, rowProds, rowQuantiles, rowRanges, rowRanks,
    rowSdDiffs, rowSds, rowSums2, rowTabulates, rowVarDiffs, rowVars,
    rowWeightedMads, rowWeightedMeans, rowWeightedMedians,
    rowWeightedSds, rowWeightedVars

Loading required package: GenomicRanges
Loading required package: stats4
Loading required package: BiocGenerics

Attaching package: ‘BiocGenerics’

The following objects are masked from ‘package:stats’:

    IQR, mad, sd, var, xtabs

The following objects are masked from ‘package:base’:

    anyDuplicated, aperm, append, as.data.frame, basename, cbind,
    colnames, dirname, do.call, duplicated, eval, evalq, Filter, Find,
    get, grep, grepl, intersect, is.unsorted, lapply, Map, mapply,
    match, mget, order, paste, pmax, pmax.int, pmin, pmin.int,
    Position, rank, rbind, Reduce, rownames, sapply, setdiff, sort,
    table, tapply, union, unique, unsplit, which.max, which.min

Loading required package: S4Vectors

Attaching package: ‘S4Vectors’

The following objects are masked from ‘package:Matrix’:

    expand, unname

The following object is masked from ‘package:utils’:

    findMatches

The following objects are masked from ‘package:base’:

    expand.grid, I, unname

Loading required package: IRanges
Loading required package: GenomeInfoDb
Loading required package: Biobase
Welcome to Bioconductor

    Vignettes contain introductory material; view with
    'browseVignettes()'. To cite Bioconductor, see
    'citation("Biobase")', and for packages 'citation("pkgname")'.


Attaching package: ‘Biobase’

The following object is masked from ‘package:MatrixGenerics’:

    rowMedians

The following objects are masked from ‘package:matrixStats’:

    anyMissing, rowMedians

Loading required package: scuttle

Attaching package: ‘dplyr’

The following object is masked from ‘package:Biobase’:

    combine

The following objects are masked from ‘package:GenomicRanges’:

    intersect, setdiff, union

The following object is masked from ‘package:GenomeInfoDb’:

    intersect

The following objects are masked from ‘package:IRanges’:

    collapse, desc, intersect, setdiff, slice, union

The following objects are masked from ‘package:S4Vectors’:

    first, intersect, rename, setdiff, setequal, union

The following objects are masked from ‘package:BiocGenerics’:

    combine, intersect, setdiff, union

The following object is masked from ‘package:matrixStats’:

    count

The following objects are masked from ‘package:stats’:

    filter, lag

The following objects are masked from ‘package:base’:

    intersect, setdiff, setequal, union

stm v1.3.7 successfully loaded. See ?stm for help. 
 Papers, resources, and other materials at structuraltopicmodel.com
Loading required package: foreach
Loading required package: iterators
Loading required package: parallel

Attaching package: ‘MASS’

The following object is masked from ‘package:dplyr’:

    select

rm: cannot remove '/work/appscr/r/euphyw/RtmpmQjnsZ/sourceCpp-x86_64-pc-linux-gnu-1.0.13/sourcecpp_3520a91f5e6b30'rm: cannot remove '/work/appscr/r/euphyw/RtmpxOegdb/sourceCpp-x86_64-pc-linux-gnu-1.0.13/sourcecpp_3520ac70474b13': Directory not empty
: Directory not empty
rm: cannot remove '/work/appscr/r/euphyw/RtmpnJDxyy/sourceCpp-x86_64-pc-linux-gnu-1.0.13/sourcecpp_3520a63ba82ea8': Directory not empty
rm: cannot remove '/work/appscr/r/euphyw/RtmpmXPycI/sourceCpp-x86_64-pc-linux-gnu-1.0.13/sourcecpp_351fb572077ee0': Directory not empty
rm: cannot remove '/work/appscr/r/euphyw/Rtmp3Kgwl4/sourceCpp-x86_64-pc-linux-gnu-1.0.13/sourcecpp_3520ad5f22341f': Directory not empty
rm: cannot remove '/work/appscr/r/euphyw/Rtmppg7rPM/sourceCpp-x86_64-pc-linux-gnu-1.0.13/sourcecpp_3520a8ec9148c': Directory not empty
rm: cannot remove '/work/appscr/r/euphyw/RtmpL4vBCv/sourceCpp-x86_64-pc-linux-gnu-1.0.13/sourcecpp_3520af6cabd738': Directory not empty
rm: cannot remove '/work/appscr/r/euphyw/RtmpCBy5MM/sourceCpp-x86_64-pc-linux-gnu-1.0.13/sourcecpp_3520a74487cfdb': Directory not empty
rm: cannot remove '/work/appscr/r/euphyw/Rtmp3WXnuO/sourceCpp-x86_64-pc-linux-gnu-1.0.13/sourcecpp_3520aa341c808a': Directory not empty
rm: cannot remove '/work/appscr/r/euphyw/RtmpUl9CB3/sourceCpp-x86_64-pc-linux-gnu-1.0.13/sourcecpp_3520ab4da8b70': Directory not empty
rm: cannot remove '/work/appscr/r/euphyw/RtmpHUyt83/sourceCpp-x86_64-pc-linux-gnu-1.0.13/sourcecpp_3520ae18200ab2': Directory not empty
