sims_1715991151_pos_L1_c5.rds 
Found 6 batches
Using null model in ComBat-seq.
Adjusting for 0 covariate(s) or covariate level(s)
Estimating dispersions
Fitting the GLM model
Shrinkage off - using GLM estimates for parameters
Adjusting the data
Batch Effect Removed 
        R/alignCorpus.R R/asSTMCorpus.R R/checkBeta.R R/cloud.R
value   ?               ?               ?             ?        
visible FALSE           FALSE           FALSE         FALSE    
        R/CompositionChange.R R/convertCorpus.R R/estimateEffect.R
value   ?                     ?                 ?                 
visible FALSE                 FALSE             FALSE             
        R/estimateMixedEffect.R R/exclusivity.R R/findThoughts.R R/findTopic.R
value   ?                       ?               ?                ?            
visible FALSE                   FALSE           FALSE            FALSE        
        R/fitNewDocuments.R R/heldout.R R/jeffreyskappa.R R/labelTopics.R
value   ?                   ?           ?                 ?              
visible FALSE               FALSE       FALSE             FALSE          
        R/makeDesignMatrix.R R/manyTopics.R R/multiSTM.R R/optimalK.R
value   ?                    ?              ?            ?           
visible FALSE                FALSE          FALSE        FALSE       
        R/permute.R R/plot.estimateEffect.R R/plot.fixedEffect.R
value   ?           ?                       ?                   
visible FALSE       FALSE                   FALSE               
        R/plot.searchK.R R/plot.STM.R R/plotModels.R R/plotQuote.R
value   ?                ?            ?              ?            
visible FALSE            FALSE        FALSE          FALSE        
        R/plotRemoved.R R/plottingutilfns.R R/plotTopicLoess.R
value   ?               ?                   ?                 
visible FALSE           FALSE               FALSE             
        R/prepDocuments.R R/prepsce.R R/produce_cmatrix.R R/RcppExports.R
value   ?                 ?           ?                   ?              
visible FALSE             FALSE       FALSE               FALSE          
        R/readCorpus.R R/residuals.R R/s.R R/sageLabels.R R/scSTM.R
value   ?              ?             ?     ?              ?        
visible FALSE          FALSE         FALSE FALSE          FALSE    
        R/selectModel.R R/semanticCoherence.R R/simBetas.R R/spectral.R
value   ?               ?                     ?            ?           
visible FALSE           FALSE                 FALSE        FALSE       
        R/stm-package.R R/stm.control.R R/STMbound.R R/STMconvergence.R
value   NULL            ?               ?            ?                 
visible TRUE            FALSE           FALSE        FALSE             
        R/STMestep.R R/STMfunctions.R R/STMinit.R R/STMinitLikelihood.R
value   ?            ?                ?           ?                    
visible FALSE        FALSE            FALSE       FALSE                
        R/STMlncpp.R R/STMmnreg.R R/STMmu.R R/STMoptbeta.R R/STMreport.R
value   ?            ?            ?         ?              ?            
visible FALSE        FALSE        FALSE     FALSE          FALSE        
        R/STMsigma.R R/STMsigs.R R/STMsubset.R R/summary.STM.R R/tau.R
value   ?            ?           ?             ?               ?      
visible FALSE        FALSE       FALSE         FALSE           FALSE  
        R/textProcessor.R R/thetaPosterior.R R/toLDAvis.R R/topicCorr.R
value   ?                 ?                  ?            ?            
visible FALSE             FALSE              FALSE        FALSE        
        R/topicLasso.R R/topicQuality.R R/writeLdac.R R/zzz.R
value   ?              ?                ?             ?      
visible FALSE          FALSE            FALSE         FALSE  
Casting net 
1 models in net 
Initialization with topicScore. 
Initializing factors using Topic SCORE algorithm.
Initializing loadings by running 10 SCD updates.
......................................................................................................
Completed E-Step (12 seconds). 
Completed M-Step (0 seconds). 
calculate log likelihood 
Completing Iteration 1 (approx. per word bound = -41.760) 
......................................................................................................
Completed E-Step (16 seconds). 
Completed M-Step (0 seconds). 
calculate log likelihood 
convergence.check is 9.434506e-05 
Completing Iteration 2 (approx. per word bound = -41.756, relative change = 9.435e-05) 
......................................................................................................
Completed E-Step (15 seconds). 
Completed M-Step (0 seconds). 
calculate log likelihood 
convergence.check is 4.355547e-05 
Model Terminated Before Convergence Reached 
2 models in net 
Initialization with topicScore. 
Initializing factors using Topic SCORE algorithm.
Initializing loadings by running 10 SCD updates.
......................................................................................................
Completed E-Step (13 seconds). 
Completed M-Step (0 seconds). 
calculate log likelihood 
Completing Iteration 1 (approx. per word bound = -41.761) 
......................................................................................................
Completed E-Step (15 seconds). 
Completed M-Step (0 seconds). 
calculate log likelihood 
convergence.check is 8.978477e-05 
Completing Iteration 2 (approx. per word bound = -41.757, relative change = 8.978e-05) 
......................................................................................................
Completed E-Step (14 seconds). 
Completed M-Step (0 seconds). 
calculate log likelihood 
convergence.check is 4.248646e-05 
Model Terminated Before Convergence Reached 
3 models in net 
Initialization with topicScore. 
Initializing factors using Topic SCORE algorithm.
Initializing loadings by running 10 SCD updates.
......................................................................................................
Completed E-Step (15 seconds). 
Completed M-Step (0 seconds). 
calculate log likelihood 
Completing Iteration 1 (approx. per word bound = -41.760) 
......................................................................................................
Completed E-Step (16 seconds). 
Completed M-Step (0 seconds). 
calculate log likelihood 
convergence.check is 9.312687e-05 
Completing Iteration 2 (approx. per word bound = -41.756, relative change = 9.313e-05) 
......................................................................................................
Completed E-Step (15 seconds). 
Completed M-Step (0 seconds). 
calculate log likelihood 
convergence.check is 4.192389e-05 
Model Terminated Before Convergence Reached 
4 models in net 
Initialization with topicScore. 
Initializing factors using Topic SCORE algorithm.
Initializing loadings by running 10 SCD updates.
......................................................................................................
Completed E-Step (13 seconds). 
Completed M-Step (0 seconds). 
calculate log likelihood 
Completing Iteration 1 (approx. per word bound = -41.761) 
......................................................................................................
Completed E-Step (16 seconds). 
Completed M-Step (0 seconds). 
calculate log likelihood 
convergence.check is 9.201879e-05 
Completing Iteration 2 (approx. per word bound = -41.757, relative change = 9.202e-05) 
......................................................................................................
Completed E-Step (14 seconds). 
Completed M-Step (0 seconds). 
calculate log likelihood 
convergence.check is 4.39428e-05 
Model Terminated Before Convergence Reached 
5 models in net 
Initialization with topicScore. 
Initializing factors using Topic SCORE algorithm.
Initializing loadings by running 10 SCD updates.
......................................................................................................
Completed E-Step (14 seconds). 
Completed M-Step (0 seconds). 
calculate log likelihood 
Completing Iteration 1 (approx. per word bound = -41.759) 
......................................................................................................
Completed E-Step (15 seconds). 
Completed M-Step (0 seconds). 
calculate log likelihood 
convergence.check is 0.0001141893 
Completing Iteration 2 (approx. per word bound = -41.754, relative change = 1.142e-04) 
......................................................................................................
Completed E-Step (14 seconds). 
Completed M-Step (0 seconds). 
calculate log likelihood 
convergence.check is 4.50075e-05 
Model Terminated Before Convergence Reached 
6 models in net 
Initialization with topicScore. 
Initializing factors using Topic SCORE algorithm.
Initializing loadings by running 10 SCD updates.
......................................................................................................
Completed E-Step (15 seconds). 
Completed M-Step (0 seconds). 
calculate log likelihood 
Completing Iteration 1 (approx. per word bound = -41.761) 
......................................................................................................
Completed E-Step (15 seconds). 
Completed M-Step (0 seconds). 
calculate log likelihood 
convergence.check is 9.71188e-05 
Completing Iteration 2 (approx. per word bound = -41.757, relative change = 9.712e-05) 
......................................................................................................
Completed E-Step (14 seconds). 
Completed M-Step (0 seconds). 
calculate log likelihood 
convergence.check is 4.574997e-05 
Model Terminated Before Convergence Reached 
7 models in net 
Initialization with topicScore. 
Initializing factors using Topic SCORE algorithm.
Initializing loadings by running 10 SCD updates.
......................................................................................................
Completed E-Step (13 seconds). 
Completed M-Step (0 seconds). 
calculate log likelihood 
Completing Iteration 1 (approx. per word bound = -41.782) 
......................................................................................................
Completed E-Step (17 seconds). 
Completed M-Step (0 seconds). 
calculate log likelihood 
convergence.check is 7.446891e-05 
Completing Iteration 2 (approx. per word bound = -41.779, relative change = 7.447e-05) 
......................................................................................................
Completed E-Step (17 seconds). 
Completed M-Step (0 seconds). 
calculate log likelihood 
convergence.check is 6.133524e-05 
Model Terminated Before Convergence Reached 
8 models in net 
Initialization with topicScore. 
Initializing factors using Topic SCORE algorithm.
Initializing loadings by running 10 SCD updates.
......................................................................................................
Completed E-Step (13 seconds). 
Completed M-Step (0 seconds). 
calculate log likelihood 
Completing Iteration 1 (approx. per word bound = -41.782) 
......................................................................................................
Completed E-Step (16 seconds). 
Completed M-Step (0 seconds). 
calculate log likelihood 
convergence.check is 8.373787e-05 
Completing Iteration 2 (approx. per word bound = -41.778, relative change = 8.374e-05) 
......................................................................................................
Completed E-Step (16 seconds). 
Completed M-Step (0 seconds). 
calculate log likelihood 
convergence.check is 6.521338e-05 
Model Terminated Before Convergence Reached 
9 models in net 
Initialization with topicScore. 
Initializing factors using Topic SCORE algorithm.
Initializing loadings by running 10 SCD updates.
......................................................................................................
Completed E-Step (16 seconds). 
Completed M-Step (0 seconds). 
calculate log likelihood 
Completing Iteration 1 (approx. per word bound = -41.823) 
......................................................................................................
Completed E-Step (16 seconds). 
Completed M-Step (0 seconds). 
calculate log likelihood 
convergence.check is 0.0001475185 
Completing Iteration 2 (approx. per word bound = -41.817, relative change = 1.475e-04) 
......................................................................................................
Completed E-Step (15 seconds). 
Completed M-Step (0 seconds). 
calculate log likelihood 
convergence.check is 0.0001075377 
Model Terminated Before Convergence Reached 
10 models in net 
Initialization with topicScore. 
Initializing factors using Topic SCORE algorithm.
Initializing loadings by running 10 SCD updates.
......................................................................................................
Completed E-Step (11 seconds). 
Completed M-Step (0 seconds). 
calculate log likelihood 
Completing Iteration 1 (approx. per word bound = -41.759) 
......................................................................................................
Completed E-Step (16 seconds). 
Completed M-Step (0 seconds). 
calculate log likelihood 
convergence.check is 8.510229e-05 
Completing Iteration 2 (approx. per word bound = -41.756, relative change = 8.510e-05) 
......................................................................................................
Completed E-Step (15 seconds). 
Completed M-Step (0 seconds). 
calculate log likelihood 
convergence.check is 4.177323e-05 
Model Terminated Before Convergence Reached 
11 models in net 
Beginning Spectral Initialization 
	 Calculating the gram matrix...
	 Finding anchor words...
 	.....
	 Recovering initialization...
 	.......
Initialization complete.
......................................................................................................
Completed E-Step (26 seconds). 
Completed M-Step (0 seconds). 
calculate log likelihood 
Completing Iteration 1 (approx. per word bound = -41.791) 
......................................................................................................
Completed E-Step (14 seconds). 
Completed M-Step (0 seconds). 
calculate log likelihood 
convergence.check is 0.0005238281 
Completing Iteration 2 (approx. per word bound = -41.769, relative change = 5.238e-04) 
......................................................................................................
Completed E-Step (13 seconds). 
Completed M-Step (0 seconds). 
calculate log likelihood 
convergence.check is 0.000203566 
Model Terminated Before Convergence Reached 
12 models in net 
Beginning Random Initialization 
Initialization with Poisson NMF 
......................................................................................................
Completed E-Step (24 seconds). 
Completed M-Step (0 seconds). 
calculate log likelihood 
Completing Iteration 1 (approx. per word bound = -54.122) 
......................................................................................................
Completed E-Step (15 seconds). 
Completed M-Step (0 seconds). 
calculate log likelihood 
convergence.check is 0.2254799 
Completing Iteration 2 (approx. per word bound = -41.919, relative change = 2.255e-01) 
......................................................................................................
Completed E-Step (15 seconds). 
Completed M-Step (0 seconds). 
calculate log likelihood 
convergence.check is 0.0001554622 
Model Terminated Before Convergence Reached 
13 models in net 
Beginning Random Initialization 
Initialization with Poisson NMF 
......................................................................................................
Completed E-Step (22 seconds). 
Completed M-Step (0 seconds). 
calculate log likelihood 
Completing Iteration 1 (approx. per word bound = -54.484) 
......................................................................................................
Completed E-Step (15 seconds). 
Completed M-Step (0 seconds). 
calculate log likelihood 
convergence.check is 0.2306791 
Completing Iteration 2 (approx. per word bound = -41.916, relative change = 2.307e-01) 
......................................................................................................
Completed E-Step (16 seconds). 
Completed M-Step (0 seconds). 
calculate log likelihood 
convergence.check is 0.0002121641 
Model Terminated Before Convergence Reached 
14 models in net 
Beginning Random Initialization 
Initialization with Poisson NMF 
......................................................................................................
Completed E-Step (25 seconds). 
Completed M-Step (0 seconds). 
calculate log likelihood 
Completing Iteration 1 (approx. per word bound = -54.054) 
......................................................................................................
Completed E-Step (17 seconds). 
Completed M-Step (0 seconds). 
calculate log likelihood 
convergence.check is 0.2244694 
Completing Iteration 2 (approx. per word bound = -41.921, relative change = 2.245e-01) 
......................................................................................................
Completed E-Step (15 seconds). 
Completed M-Step (0 seconds). 
calculate log likelihood 
convergence.check is 0.0002459126 
Model Terminated Before Convergence Reached 
15 models in net 
Beginning Random Initialization 
Initialization with Poisson NMF 
......................................................................................................
Completed E-Step (25 seconds). 
Completed M-Step (0 seconds). 
calculate log likelihood 
Completing Iteration 1 (approx. per word bound = -54.237) 
......................................................................................................
Completed E-Step (17 seconds). 
Completed M-Step (0 seconds). 
calculate log likelihood 
convergence.check is 0.2270486 
Completing Iteration 2 (approx. per word bound = -41.923, relative change = 2.270e-01) 
......................................................................................................
Completed E-Step (15 seconds). 
Completed M-Step (0 seconds). 
calculate log likelihood 
convergence.check is 0.0002394795 
Model Terminated Before Convergence Reached 
16 models in net 
Beginning Random Initialization 
Initialization with Poisson NMF 
......................................................................................................
Completed E-Step (24 seconds). 
Completed M-Step (0 seconds). 
calculate log likelihood 
Completing Iteration 1 (approx. per word bound = -54.455) 
......................................................................................................
Completed E-Step (15 seconds). 
Completed M-Step (0 seconds). 
calculate log likelihood 
convergence.check is 0.2302319 
Completing Iteration 2 (approx. per word bound = -41.918, relative change = 2.302e-01) 
......................................................................................................
Completed E-Step (15 seconds). 
Completed M-Step (0 seconds). 
calculate log likelihood 
convergence.check is 0.0001956328 
Model Terminated Before Convergence Reached 
17 models in net 
Beginning Random Initialization 
Initialization with Poisson NMF 
......................................................................................................
Completed E-Step (26 seconds). 
Completed M-Step (0 seconds). 
calculate log likelihood 
Completing Iteration 1 (approx. per word bound = -54.506) 
......................................................................................................
Completed E-Step (18 seconds). 
Completed M-Step (0 seconds). 
calculate log likelihood 
convergence.check is 0.2310146 
Completing Iteration 2 (approx. per word bound = -41.914, relative change = 2.310e-01) 
......................................................................................................
Completed E-Step (15 seconds). 
Completed M-Step (0 seconds). 
calculate log likelihood 
convergence.check is 0.0003434957 
Model Terminated Before Convergence Reached 
18 models in net 
Beginning Random Initialization 
Initialization with Poisson NMF 
......................................................................................................
Completed E-Step (26 seconds). 
Completed M-Step (0 seconds). 
calculate log likelihood 
Completing Iteration 1 (approx. per word bound = -54.224) 
......................................................................................................
Completed E-Step (16 seconds). 
Completed M-Step (0 seconds). 
calculate log likelihood 
convergence.check is 0.2268997 
Completing Iteration 2 (approx. per word bound = -41.920, relative change = 2.269e-01) 
......................................................................................................
Completed E-Step (16 seconds). 
Completed M-Step (0 seconds). 
calculate log likelihood 
convergence.check is 0.0002536793 
Model Terminated Before Convergence Reached 
19 models in net 
Beginning Random Initialization 
Initialization with Poisson NMF 
......................................................................................................
Completed E-Step (26 seconds). 
Completed M-Step (0 seconds). 
calculate log likelihood 
Completing Iteration 1 (approx. per word bound = -54.183) 
......................................................................................................
Completed E-Step (16 seconds). 
Completed M-Step (0 seconds). 
calculate log likelihood 
convergence.check is 0.2263583 
Completing Iteration 2 (approx. per word bound = -41.918, relative change = 2.264e-01) 
......................................................................................................
Completed E-Step (16 seconds). 
Completed M-Step (0 seconds). 
calculate log likelihood 
convergence.check is 0.0001489026 
Model Terminated Before Convergence Reached 
20 models in net 
Beginning Random Initialization 
Initialization with Poisson NMF 
......................................................................................................
Completed E-Step (24 seconds). 
Completed M-Step (0 seconds). 
calculate log likelihood 
Completing Iteration 1 (approx. per word bound = -54.101) 
......................................................................................................
Completed E-Step (14 seconds). 
Completed M-Step (0 seconds). 
calculate log likelihood 
convergence.check is 0.2252443 
Completing Iteration 2 (approx. per word bound = -41.915, relative change = 2.252e-01) 
......................................................................................................
Completed E-Step (15 seconds). 
Completed M-Step (0 seconds). 
calculate log likelihood 
convergence.check is 0.0001623799 
Model Terminated Before Convergence Reached 
21 models in net 
Beginning Random Initialization 
Initialization with Poisson NMF 
......................................................................................................
Completed E-Step (25 seconds). 
Completed M-Step (0 seconds). 
calculate log likelihood 
Completing Iteration 1 (approx. per word bound = -54.919) 
......................................................................................................
Completed E-Step (17 seconds). 
Completed M-Step (0 seconds). 
calculate log likelihood 
convergence.check is 0.2367709 
Completing Iteration 2 (approx. per word bound = -41.916, relative change = 2.368e-01) 
......................................................................................................
Completed E-Step (15 seconds). 
Completed M-Step (0 seconds). 
calculate log likelihood 
convergence.check is 0.000329133 
Model Terminated Before Convergence Reached 
Running select models 
1 select model run 
Initialization with topicScore. 
Initializing factors using Topic SCORE algorithm.
Initializing loadings by running 10 SCD updates.
......................................................................................................
Completed E-Step (12 seconds). 
Completed M-Step (0 seconds). 
calculate log likelihood 
Completing Iteration 1 (approx. per word bound = -41.759) 
......................................................................................................
Completed E-Step (16 seconds). 
Completed M-Step (0 seconds). 
calculate log likelihood 
convergence.check is 0.0001141893 
Completing Iteration 2 (approx. per word bound = -41.754, relative change = 1.142e-04) 
......................................................................................................
Completed E-Step (14 seconds). 
Completed M-Step (0 seconds). 
calculate log likelihood 
convergence.check is 4.50075e-05 
Completing Iteration 3 (approx. per word bound = -41.752, relative change = 4.501e-05) 
......................................................................................................
Completed E-Step (14 seconds). 
Completed M-Step (0 seconds). 
calculate log likelihood 
convergence.check is 3.075906e-05 
Completing Iteration 4 (approx. per word bound = -41.751, relative change = 3.076e-05) 
......................................................................................................
Completed E-Step (13 seconds). 
Completed M-Step (0 seconds). 
calculate log likelihood 
convergence.check is 2.434111e-05 
Completing Iteration 5 (approx. per word bound = -41.750, relative change = 2.434e-05) 
Topic 1: Gene521, Gene312, Gene872, Gene537, Gene1370 
 Topic 2: Gene1123, Gene576, Gene1141, Gene667, Gene1124 
 Topic 3: Gene872, Gene824, Gene1396, Gene1123, Gene125 
 Topic 4: Gene125, Gene576, Gene1370, Gene1417, Gene1315 
 Topic 5: Gene576, Gene452, Gene1370, Gene1259, Gene1417 
......................................................................................................
Completed E-Step (13 seconds). 
Completed M-Step (0 seconds). 
calculate log likelihood 
convergence.check is 2.04185e-05 
Completing Iteration 6 (approx. per word bound = -41.749, relative change = 2.042e-05) 
......................................................................................................
Completed E-Step (13 seconds). 
Completed M-Step (0 seconds). 
calculate log likelihood 
convergence.check is 1.778728e-05 
Completing Iteration 7 (approx. per word bound = -41.748, relative change = 1.779e-05) 
......................................................................................................
Completed E-Step (12 seconds). 
Completed M-Step (0 seconds). 
calculate log likelihood 
convergence.check is 1.587761e-05 
Completing Iteration 8 (approx. per word bound = -41.747, relative change = 1.588e-05) 
......................................................................................................
Completed E-Step (12 seconds). 
Completed M-Step (0 seconds). 
calculate log likelihood 
convergence.check is 1.433308e-05 
Completing Iteration 9 (approx. per word bound = -41.747, relative change = 1.433e-05) 
......................................................................................................
Completed E-Step (11 seconds). 
Completed M-Step (0 seconds). 
calculate log likelihood 
convergence.check is 1.296243e-05 
Completing Iteration 10 (approx. per word bound = -41.746, relative change = 1.296e-05) 
Topic 1: Gene521, Gene312, Gene872, Gene537, Gene1370 
 Topic 2: Gene1123, Gene576, Gene1141, Gene667, Gene1124 
 Topic 3: Gene872, Gene824, Gene1396, Gene1123, Gene125 
 Topic 4: Gene125, Gene576, Gene1370, Gene1417, Gene1444 
 Topic 5: Gene576, Gene452, Gene1370, Gene1259, Gene1417 
......................................................................................................
Completed E-Step (11 seconds). 
Completed M-Step (0 seconds). 
calculate log likelihood 
convergence.check is 1.187044e-05 
Completing Iteration 11 (approx. per word bound = -41.746, relative change = 1.187e-05) 
......................................................................................................
Completed E-Step (11 seconds). 
Completed M-Step (0 seconds). 
calculate log likelihood 
convergence.check is 1.08538e-05 
Completing Iteration 12 (approx. per word bound = -41.745, relative change = 1.085e-05) 
......................................................................................................
Completed E-Step (11 seconds). 
Completed M-Step (0 seconds). 
calculate log likelihood 
convergence.check is 9.968422e-06 
Completing Iteration 13 (approx. per word bound = -41.745, relative change = 9.968e-06) 
......................................................................................................
Completed E-Step (11 seconds). 
Completed M-Step (0 seconds). 
calculate log likelihood 
convergence.check is 9.070149e-06 
Completing Iteration 14 (approx. per word bound = -41.745, relative change = 9.070e-06) 
......................................................................................................
Completed E-Step (10 seconds). 
Completed M-Step (0 seconds). 
calculate log likelihood 
convergence.check is 5.174981e-06 
Completing Iteration 15 (approx. per word bound = -41.744, relative change = 5.175e-06) 
Topic 1: Gene521, Gene312, Gene872, Gene537, Gene1370 
 Topic 2: Gene1123, Gene576, Gene1141, Gene667, Gene1124 
 Topic 3: Gene872, Gene824, Gene1396, Gene1123, Gene1315 
 Topic 4: Gene125, Gene1370, Gene576, Gene1417, Gene1444 
 Topic 5: Gene576, Gene452, Gene1370, Gene1259, Gene1417 
......................................................................................................
Completed E-Step (10 seconds). 
Completed M-Step (0 seconds). 
calculate log likelihood 
convergence.check is 7.037305e-06 
Completing Iteration 16 (approx. per word bound = -41.744, relative change = 7.037e-06) 
......................................................................................................
Completed E-Step (10 seconds). 
Completed M-Step (0 seconds). 
calculate log likelihood 
convergence.check is 6.573611e-06 
Completing Iteration 17 (approx. per word bound = -41.744, relative change = 6.574e-06) 
......................................................................................................
Completed E-Step (10 seconds). 
Completed M-Step (0 seconds). 
calculate log likelihood 
convergence.check is 6.039939e-06 
Completing Iteration 18 (approx. per word bound = -41.744, relative change = 6.040e-06) 
......................................................................................................
Completed E-Step (10 seconds). 
Completed M-Step (0 seconds). 
calculate log likelihood 
convergence.check is 5.353425e-06 
Completing Iteration 19 (approx. per word bound = -41.743, relative change = 5.353e-06) 
......................................................................................................
Completed E-Step (10 seconds). 
Completed M-Step (0 seconds). 
calculate log likelihood 
convergence.check is 5.089516e-06 
Completing Iteration 20 (approx. per word bound = -41.743, relative change = 5.090e-06) 
Topic 1: Gene521, Gene312, Gene872, Gene537, Gene1370 
 Topic 2: Gene1123, Gene576, Gene1141, Gene667, Gene1124 
 Topic 3: Gene872, Gene824, Gene1396, Gene1123, Gene1315 
 Topic 4: Gene125, Gene1370, Gene576, Gene1417, Gene1444 
 Topic 5: Gene576, Gene452, Gene1370, Gene1259, Gene1055 
......................................................................................................
Completed E-Step (9 seconds). 
Completed M-Step (0 seconds). 
calculate log likelihood 
convergence.check is 5.062367e-06 
Completing Iteration 21 (approx. per word bound = -41.743, relative change = 5.062e-06) 
......................................................................................................
Completed E-Step (9 seconds). 
Completed M-Step (0 seconds). 
calculate log likelihood 
convergence.check is 4.007056e-06 
Completing Iteration 22 (approx. per word bound = -41.743, relative change = 4.007e-06) 
......................................................................................................
Completed E-Step (9 seconds). 
Completed M-Step (0 seconds). 
calculate log likelihood 
convergence.check is 4.524019e-06 
Completing Iteration 23 (approx. per word bound = -41.743, relative change = 4.524e-06) 
......................................................................................................
Completed E-Step (9 seconds). 
Completed M-Step (0 seconds). 
calculate log likelihood 
convergence.check is 3.334425e-06 
Completing Iteration 24 (approx. per word bound = -41.742, relative change = 3.334e-06) 
......................................................................................................
Completed E-Step (9 seconds). 
Completed M-Step (0 seconds). 
calculate log likelihood 
convergence.check is 3.661591e-06 
Completing Iteration 25 (approx. per word bound = -41.742, relative change = 3.662e-06) 
Topic 1: Gene521, Gene312, Gene872, Gene537, Gene1370 
 Topic 2: Gene1123, Gene576, Gene1141, Gene667, Gene1124 
 Topic 3: Gene872, Gene824, Gene1396, Gene1123, Gene1315 
 Topic 4: Gene125, Gene1370, Gene576, Gene1417, Gene1444 
 Topic 5: Gene576, Gene452, Gene1370, Gene1259, Gene1055 
......................................................................................................
Completed E-Step (9 seconds). 
Completed M-Step (0 seconds). 
calculate log likelihood 
convergence.check is 3.346732e-06 
Completing Iteration 26 (approx. per word bound = -41.742, relative change = 3.347e-06) 
......................................................................................................
Completed E-Step (8 seconds). 
Completed M-Step (0 seconds). 
calculate log likelihood 
convergence.check is 2.958725e-06 
Completing Iteration 27 (approx. per word bound = -41.742, relative change = 2.959e-06) 
......................................................................................................
Completed E-Step (8 seconds). 
Completed M-Step (0 seconds). 
calculate log likelihood 
convergence.check is 3.216715e-06 
Completing Iteration 28 (approx. per word bound = -41.742, relative change = 3.217e-06) 
......................................................................................................
Completed E-Step (9 seconds). 
Completed M-Step (0 seconds). 
calculate log likelihood 
convergence.check is 2.373348e-06 
Completing Iteration 29 (approx. per word bound = -41.742, relative change = 2.373e-06) 
......................................................................................................
Completed E-Step (8 seconds). 
Completed M-Step (0 seconds). 
calculate log likelihood 
convergence.check is 2.677458e-06 
Completing Iteration 30 (approx. per word bound = -41.742, relative change = 2.677e-06) 
Topic 1: Gene521, Gene312, Gene872, Gene537, Gene1370 
 Topic 2: Gene1123, Gene576, Gene1141, Gene667, Gene1124 
 Topic 3: Gene872, Gene824, Gene1396, Gene1123, Gene1315 
 Topic 4: Gene125, Gene1370, Gene576, Gene1417, Gene1444 
 Topic 5: Gene576, Gene452, Gene1370, Gene1259, Gene1055 
......................................................................................................
Completed E-Step (8 seconds). 
Completed M-Step (0 seconds). 
calculate log likelihood 
convergence.check is 2.395708e-06 
Completing Iteration 31 (approx. per word bound = -41.742, relative change = 2.396e-06) 
......................................................................................................
Completed E-Step (8 seconds). 
Completed M-Step (0 seconds). 
calculate log likelihood 
convergence.check is 2.364704e-06 
Completing Iteration 32 (approx. per word bound = -41.741, relative change = 2.365e-06) 
......................................................................................................
Completed E-Step (8 seconds). 
Completed M-Step (0 seconds). 
calculate log likelihood 
convergence.check is 2.288021e-06 
Completing Iteration 33 (approx. per word bound = -41.741, relative change = 2.288e-06) 
......................................................................................................
Completed E-Step (7 seconds). 
Completed M-Step (0 seconds). 
calculate log likelihood 
convergence.check is 2.064057e-06 
Completing Iteration 34 (approx. per word bound = -41.741, relative change = 2.064e-06) 
......................................................................................................
Completed E-Step (7 seconds). 
Completed M-Step (0 seconds). 
calculate log likelihood 
convergence.check is 1.643106e-06 
Completing Iteration 35 (approx. per word bound = -41.741, relative change = 1.643e-06) 
Topic 1: Gene521, Gene312, Gene872, Gene537, Gene1370 
 Topic 2: Gene1123, Gene576, Gene1141, Gene667, Gene1124 
 Topic 3: Gene872, Gene824, Gene1396, Gene1315, Gene1123 
 Topic 4: Gene125, Gene1370, Gene576, Gene1417, Gene1444 
 Topic 5: Gene576, Gene452, Gene1370, Gene1259, Gene1055 
......................................................................................................
Completed E-Step (7 seconds). 
Completed M-Step (0 seconds). 
calculate log likelihood 
convergence.check is 2.019621e-06 
Completing Iteration 36 (approx. per word bound = -41.741, relative change = 2.020e-06) 
......................................................................................................
Completed E-Step (7 seconds). 
Completed M-Step (0 seconds). 
calculate log likelihood 
convergence.check is 1.796534e-06 
Completing Iteration 37 (approx. per word bound = -41.741, relative change = 1.797e-06) 
......................................................................................................
Completed E-Step (7 seconds). 
Completed M-Step (0 seconds). 
calculate log likelihood 
convergence.check is 1.790405e-06 
Completing Iteration 38 (approx. per word bound = -41.741, relative change = 1.790e-06) 
......................................................................................................
Completed E-Step (7 seconds). 
Completed M-Step (0 seconds). 
calculate log likelihood 
convergence.check is 1.73721e-06 
Completing Iteration 39 (approx. per word bound = -41.741, relative change = 1.737e-06) 
......................................................................................................
Completed E-Step (7 seconds). 
Completed M-Step (0 seconds). 
calculate log likelihood 
convergence.check is 1.511916e-06 
Completing Iteration 40 (approx. per word bound = -41.741, relative change = 1.512e-06) 
Topic 1: Gene521, Gene312, Gene872, Gene537, Gene1370 
 Topic 2: Gene1123, Gene576, Gene1141, Gene667, Gene1124 
 Topic 3: Gene872, Gene824, Gene1396, Gene1315, Gene1123 
 Topic 4: Gene125, Gene1370, Gene576, Gene1417, Gene1444 
 Topic 5: Gene576, Gene452, Gene1370, Gene1259, Gene1055 
......................................................................................................
Completed E-Step (7 seconds). 
Completed M-Step (0 seconds). 
calculate log likelihood 
convergence.check is 1.539671e-06 
Completing Iteration 41 (approx. per word bound = -41.741, relative change = 1.540e-06) 
......................................................................................................
Completed E-Step (7 seconds). 
Completed M-Step (0 seconds). 
calculate log likelihood 
convergence.check is 1.540589e-06 
Completing Iteration 42 (approx. per word bound = -41.741, relative change = 1.541e-06) 
......................................................................................................
Completed E-Step (7 seconds). 
Completed M-Step (0 seconds). 
calculate log likelihood 
convergence.check is 1.32821e-06 
Completing Iteration 43 (approx. per word bound = -41.741, relative change = 1.328e-06) 
......................................................................................................
Completed E-Step (7 seconds). 
Completed M-Step (0 seconds). 
calculate log likelihood 
convergence.check is 1.199912e-06 
Completing Iteration 44 (approx. per word bound = -41.741, relative change = 1.200e-06) 
......................................................................................................
Completed E-Step (7 seconds). 
Completed M-Step (0 seconds). 
calculate log likelihood 
convergence.check is 1.525006e-06 
Completing Iteration 45 (approx. per word bound = -41.741, relative change = 1.525e-06) 
Topic 1: Gene521, Gene312, Gene872, Gene537, Gene1370 
 Topic 2: Gene1123, Gene576, Gene667, Gene1141, Gene1124 
 Topic 3: Gene872, Gene824, Gene1396, Gene1315, Gene1123 
 Topic 4: Gene125, Gene1370, Gene576, Gene1417, Gene1444 
 Topic 5: Gene576, Gene452, Gene1370, Gene1259, Gene1055 
......................................................................................................
Completed E-Step (7 seconds). 
Completed M-Step (0 seconds). 
calculate log likelihood 
convergence.check is 1.59012e-06 
Completing Iteration 46 (approx. per word bound = -41.740, relative change = 1.590e-06) 
......................................................................................................
Completed E-Step (7 seconds). 
Completed M-Step (0 seconds). 
calculate log likelihood 
convergence.check is 1.229196e-06 
Completing Iteration 47 (approx. per word bound = -41.740, relative change = 1.229e-06) 
......................................................................................................
Completed E-Step (7 seconds). 
Completed M-Step (0 seconds). 
calculate log likelihood 
convergence.check is 1.50987e-06 
Completing Iteration 48 (approx. per word bound = -41.740, relative change = 1.510e-06) 
......................................................................................................
Completed E-Step (7 seconds). 
Completed M-Step (0 seconds). 
calculate log likelihood 
convergence.check is 1.324819e-06 
Completing Iteration 49 (approx. per word bound = -41.740, relative change = 1.325e-06) 
......................................................................................................
Completed E-Step (7 seconds). 
Completed M-Step (0 seconds). 
calculate log likelihood 
convergence.check is 1.956697e-06 
Completing Iteration 50 (approx. per word bound = -41.740, relative change = 1.957e-06) 
Topic 1: Gene521, Gene312, Gene872, Gene537, Gene1370 
 Topic 2: Gene1123, Gene576, Gene667, Gene1141, Gene1124 
 Topic 3: Gene872, Gene824, Gene1396, Gene1315, Gene1123 
 Topic 4: Gene125, Gene1370, Gene576, Gene1444, Gene1417 
 Topic 5: Gene576, Gene1370, Gene452, Gene1259, Gene1055 
......................................................................................................
Completed E-Step (7 seconds). 
Completed M-Step (0 seconds). 
calculate log likelihood 
convergence.check is 1.174874e-06 
Completing Iteration 51 (approx. per word bound = -41.740, relative change = 1.175e-06) 
......................................................................................................
Completed E-Step (7 seconds). 
Completed M-Step (0 seconds). 
calculate log likelihood 
convergence.check is 1.119203e-06 
Completing Iteration 52 (approx. per word bound = -41.740, relative change = 1.119e-06) 
......................................................................................................
Completed E-Step (7 seconds). 
Completed M-Step (0 seconds). 
calculate log likelihood 
convergence.check is 1.367677e-06 
Completing Iteration 53 (approx. per word bound = -41.740, relative change = 1.368e-06) 
......................................................................................................
Completed E-Step (7 seconds). 
Completed M-Step (0 seconds). 
calculate log likelihood 
convergence.check is 1.029472e-06 
Completing Iteration 54 (approx. per word bound = -41.740, relative change = 1.029e-06) 
......................................................................................................
Completed E-Step (7 seconds). 
Completed M-Step (0 seconds). 
calculate log likelihood 
convergence.check is 1.014351e-06 
Completing Iteration 55 (approx. per word bound = -41.740, relative change = 1.014e-06) 
Topic 1: Gene521, Gene312, Gene872, Gene537, Gene1370 
 Topic 2: Gene1123, Gene576, Gene667, Gene1141, Gene1124 
 Topic 3: Gene872, Gene824, Gene1396, Gene1315, Gene1123 
 Topic 4: Gene125, Gene1370, Gene576, Gene1444, Gene1417 
 Topic 5: Gene576, Gene1370, Gene452, Gene1259, Gene1055 
......................................................................................................
Completed E-Step (7 seconds). 
Completed M-Step (0 seconds). 
calculate log likelihood 
convergence.check is 1.331781e-06 
Completing Iteration 56 (approx. per word bound = -41.740, relative change = 1.332e-06) 
......................................................................................................
Completed E-Step (7 seconds). 
Completed M-Step (0 seconds). 
calculate log likelihood 
convergence.check is 7.122557e-07 
Model Converged 
2 select model run 
Initialization with topicScore. 
Initializing factors using Topic SCORE algorithm.
Initializing loadings by running 10 SCD updates.
......................................................................................................
Completed E-Step (11 seconds). 
Completed M-Step (0 seconds). 
calculate log likelihood 
Completing Iteration 1 (approx. per word bound = -41.759) 
......................................................................................................
Completed E-Step (16 seconds). 
Completed M-Step (0 seconds). 
calculate log likelihood 
convergence.check is 8.510229e-05 
Completing Iteration 2 (approx. per word bound = -41.756, relative change = 8.510e-05) 
......................................................................................................
Completed E-Step (15 seconds). 
Completed M-Step (0 seconds). 
calculate log likelihood 
convergence.check is 4.177323e-05 
Completing Iteration 3 (approx. per word bound = -41.754, relative change = 4.177e-05) 
......................................................................................................
Completed E-Step (14 seconds). 
Completed M-Step (0 seconds). 
calculate log likelihood 
convergence.check is 2.882089e-05 
Completing Iteration 4 (approx. per word bound = -41.753, relative change = 2.882e-05) 
......................................................................................................
Completed E-Step (13 seconds). 
Completed M-Step (0 seconds). 
calculate log likelihood 
convergence.check is 2.285072e-05 
Completing Iteration 5 (approx. per word bound = -41.752, relative change = 2.285e-05) 
Topic 1: Gene521, Gene312, Gene537, Gene872, Gene1370 
 Topic 2: Gene1123, Gene1141, Gene576, Gene1124, Gene667 
 Topic 3: Gene125, Gene576, Gene1370, Gene1417, Gene1315 
 Topic 4: Gene576, Gene452, Gene1370, Gene1259, Gene1417 
 Topic 5: Gene872, Gene824, Gene1396, Gene1123, Gene125 
......................................................................................................
Completed E-Step (13 seconds). 
Completed M-Step (0 seconds). 
calculate log likelihood 
convergence.check is 1.931104e-05 
Completing Iteration 6 (approx. per word bound = -41.751, relative change = 1.931e-05) 
......................................................................................................
Completed E-Step (12 seconds). 
Completed M-Step (0 seconds). 
calculate log likelihood 
convergence.check is 1.691258e-05 
Completing Iteration 7 (approx. per word bound = -41.750, relative change = 1.691e-05) 
......................................................................................................
Completed E-Step (12 seconds). 
Completed M-Step (0 seconds). 
calculate log likelihood 
convergence.check is 1.500353e-05 
Completing Iteration 8 (approx. per word bound = -41.750, relative change = 1.500e-05) 
......................................................................................................
Completed E-Step (12 seconds). 
Completed M-Step (0 seconds). 
calculate log likelihood 
convergence.check is 1.34935e-05 
Completing Iteration 9 (approx. per word bound = -41.749, relative change = 1.349e-05) 
......................................................................................................
Completed E-Step (12 seconds). 
Completed M-Step (0 seconds). 
calculate log likelihood 
convergence.check is 1.214959e-05 
Completing Iteration 10 (approx. per word bound = -41.749, relative change = 1.215e-05) 
Topic 1: Gene521, Gene312, Gene537, Gene872, Gene1370 
 Topic 2: Gene1123, Gene1141, Gene576, Gene1124, Gene667 
 Topic 3: Gene125, Gene576, Gene1370, Gene1417, Gene1315 
 Topic 4: Gene576, Gene452, Gene1370, Gene1259, Gene1055 
 Topic 5: Gene872, Gene824, Gene1396, Gene1123, Gene125 
......................................................................................................
Completed E-Step (11 seconds). 
Completed M-Step (0 seconds). 
calculate log likelihood 
convergence.check is 1.107345e-05 
Completing Iteration 11 (approx. per word bound = -41.748, relative change = 1.107e-05) 
......................................................................................................
Completed E-Step (11 seconds). 
Completed M-Step (0 seconds). 
calculate log likelihood 
convergence.check is 1.013297e-05 
Completing Iteration 12 (approx. per word bound = -41.748, relative change = 1.013e-05) 
......................................................................................................
Completed E-Step (11 seconds). 
Completed M-Step (0 seconds). 
calculate log likelihood 
convergence.check is 9.417066e-06 
Completing Iteration 13 (approx. per word bound = -41.747, relative change = 9.417e-06) 
......................................................................................................
Completed E-Step (11 seconds). 
Completed M-Step (0 seconds). 
calculate log likelihood 
convergence.check is 8.428672e-06 
Completing Iteration 14 (approx. per word bound = -41.747, relative change = 8.429e-06) 
......................................................................................................
Completed E-Step (11 seconds). 
Completed M-Step (0 seconds). 
calculate log likelihood 
convergence.check is 7.741381e-06 
Completing Iteration 15 (approx. per word bound = -41.747, relative change = 7.741e-06) 
Topic 1: Gene521, Gene312, Gene537, Gene872, Gene1370 
 Topic 2: Gene1123, Gene576, Gene1141, Gene1124, Gene667 
 Topic 3: Gene125, Gene1370, Gene576, Gene1417, Gene1315 
 Topic 4: Gene576, Gene452, Gene1370, Gene1259, Gene1055 
 Topic 5: Gene872, Gene824, Gene1396, Gene1123, Gene125 
......................................................................................................
Completed E-Step (10 seconds). 
Completed M-Step (0 seconds). 
calculate log likelihood 
convergence.check is 7.15692e-06 
Completing Iteration 16 (approx. per word bound = -41.746, relative change = 7.157e-06) 
......................................................................................................
Completed E-Step (10 seconds). 
Completed M-Step (0 seconds). 
calculate log likelihood 
convergence.check is 6.590318e-06 
Completing Iteration 17 (approx. per word bound = -41.746, relative change = 6.590e-06) 
......................................................................................................
Completed E-Step (10 seconds). 
Completed M-Step (0 seconds). 
calculate log likelihood 
convergence.check is 6.100471e-06 
Completing Iteration 18 (approx. per word bound = -41.746, relative change = 6.100e-06) 
......................................................................................................
Completed E-Step (10 seconds). 
Completed M-Step (0 seconds). 
calculate log likelihood 
convergence.check is 5.697049e-06 
Completing Iteration 19 (approx. per word bound = -41.746, relative change = 5.697e-06) 
......................................................................................................
Completed E-Step (10 seconds). 
Completed M-Step (0 seconds). 
calculate log likelihood 
convergence.check is 5.276475e-06 
Completing Iteration 20 (approx. per word bound = -41.745, relative change = 5.276e-06) 
Topic 1: Gene521, Gene312, Gene537, Gene872, Gene1370 
 Topic 2: Gene1123, Gene576, Gene1141, Gene1124, Gene667 
 Topic 3: Gene125, Gene1370, Gene576, Gene1417, Gene1315 
 Topic 4: Gene576, Gene452, Gene1370, Gene1259, Gene1055 
 Topic 5: Gene872, Gene824, Gene1396, Gene1123, Gene125 
......................................................................................................
Completed E-Step (10 seconds). 
Completed M-Step (0 seconds). 
calculate log likelihood 
convergence.check is 4.903537e-06 
Completing Iteration 21 (approx. per word bound = -41.745, relative change = 4.904e-06) 
......................................................................................................
Completed E-Step (10 seconds). 
Completed M-Step (0 seconds). 
calculate log likelihood 
convergence.check is 4.558777e-06 
Completing Iteration 22 (approx. per word bound = -41.745, relative change = 4.559e-06) 
......................................................................................................
Completed E-Step (10 seconds). 
Completed M-Step (0 seconds). 
calculate log likelihood 
convergence.check is 4.220114e-06 
Completing Iteration 23 (approx. per word bound = -41.745, relative change = 4.220e-06) 
......................................................................................................
Completed E-Step (10 seconds). 
Completed M-Step (0 seconds). 
calculate log likelihood 
convergence.check is 3.98467e-06 
Completing Iteration 24 (approx. per word bound = -41.745, relative change = 3.985e-06) 
......................................................................................................
Completed E-Step (10 seconds). 
Completed M-Step (0 seconds). 
calculate log likelihood 
convergence.check is 3.752469e-06 
Completing Iteration 25 (approx. per word bound = -41.745, relative change = 3.752e-06) 
Topic 1: Gene521, Gene312, Gene537, Gene872, Gene1370 
 Topic 2: Gene1123, Gene576, Gene1141, Gene1124, Gene667 
 Topic 3: Gene125, Gene1370, Gene576, Gene1417, Gene1315 
 Topic 4: Gene576, Gene452, Gene1370, Gene1259, Gene1055 
 Topic 5: Gene872, Gene824, Gene1396, Gene1123, Gene125 
......................................................................................................
Completed E-Step (10 seconds). 
Completed M-Step (0 seconds). 
calculate log likelihood 
convergence.check is 3.520171e-06 
Completing Iteration 26 (approx. per word bound = -41.744, relative change = 3.520e-06) 
......................................................................................................
Completed E-Step (10 seconds). 
Completed M-Step (0 seconds). 
calculate log likelihood 
convergence.check is 3.285603e-06 
Completing Iteration 27 (approx. per word bound = -41.744, relative change = 3.286e-06) 
......................................................................................................
Completed E-Step (10 seconds). 
Completed M-Step (0 seconds). 
calculate log likelihood 
convergence.check is 3.156945e-06 
Completing Iteration 28 (approx. per word bound = -41.744, relative change = 3.157e-06) 
......................................................................................................
Completed E-Step (9 seconds). 
Completed M-Step (0 seconds). 
calculate log likelihood 
convergence.check is 2.9945e-06 
Completing Iteration 29 (approx. per word bound = -41.744, relative change = 2.995e-06) 
......................................................................................................
Completed E-Step (9 seconds). 
Completed M-Step (0 seconds). 
calculate log likelihood 
convergence.check is 2.824692e-06 
Completing Iteration 30 (approx. per word bound = -41.744, relative change = 2.825e-06) 
Topic 1: Gene521, Gene312, Gene537, Gene872, Gene1370 
 Topic 2: Gene1123, Gene576, Gene1141, Gene1124, Gene667 
 Topic 3: Gene125, Gene1370, Gene576, Gene1417, Gene1315 
 Topic 4: Gene576, Gene452, Gene1370, Gene1259, Gene1055 
 Topic 5: Gene872, Gene824, Gene1396, Gene1123, Gene1315 
......................................................................................................
Completed E-Step (9 seconds). 
Completed M-Step (0 seconds). 
calculate log likelihood 
convergence.check is 2.682118e-06 
Completing Iteration 31 (approx. per word bound = -41.744, relative change = 2.682e-06) 
......................................................................................................
Completed E-Step (9 seconds). 
Completed M-Step (0 seconds). 
calculate log likelihood 
convergence.check is 2.556352e-06 
Completing Iteration 32 (approx. per word bound = -41.744, relative change = 2.556e-06) 
......................................................................................................
Completed E-Step (9 seconds). 
Completed M-Step (0 seconds). 
calculate log likelihood 
convergence.check is 2.47552e-06 
Completing Iteration 33 (approx. per word bound = -41.744, relative change = 2.476e-06) 
......................................................................................................
Completed E-Step (9 seconds). 
Completed M-Step (0 seconds). 
calculate log likelihood 
convergence.check is 2.310292e-06 
Completing Iteration 34 (approx. per word bound = -41.743, relative change = 2.310e-06) 
......................................................................................................
Completed E-Step (9 seconds). 
Completed M-Step (0 seconds). 
calculate log likelihood 
convergence.check is 2.211764e-06 
Completing Iteration 35 (approx. per word bound = -41.743, relative change = 2.212e-06) 
Topic 1: Gene521, Gene312, Gene537, Gene872, Gene1370 
 Topic 2: Gene1123, Gene576, Gene1141, Gene1124, Gene667 
 Topic 3: Gene125, Gene1370, Gene576, Gene1417, Gene1315 
 Topic 4: Gene576, Gene452, Gene1370, Gene1259, Gene1055 
 Topic 5: Gene872, Gene824, Gene1396, Gene1123, Gene1315 
......................................................................................................
Completed E-Step (11 seconds). 
Completed M-Step (0 seconds). 
calculate log likelihood 
convergence.check is 2.148273e-06 
Completing Iteration 36 (approx. per word bound = -41.743, relative change = 2.148e-06) 
......................................................................................................
Completed E-Step (9 seconds). 
Completed M-Step (0 seconds). 
calculate log likelihood 
convergence.check is 2.048461e-06 
Completing Iteration 37 (approx. per word bound = -41.743, relative change = 2.048e-06) 
......................................................................................................
Completed E-Step (8 seconds). 
Completed M-Step (0 seconds). 
calculate log likelihood 
convergence.check is 1.960353e-06 
Completing Iteration 38 (approx. per word bound = -41.743, relative change = 1.960e-06) 
......................................................................................................
Completed E-Step (8 seconds). 
Completed M-Step (0 seconds). 
calculate log likelihood 
convergence.check is 1.853639e-06 
Completing Iteration 39 (approx. per word bound = -41.743, relative change = 1.854e-06) 
......................................................................................................
Completed E-Step (8 seconds). 
Completed M-Step (0 seconds). 
calculate log likelihood 
convergence.check is 1.816134e-06 
Completing Iteration 40 (approx. per word bound = -41.743, relative change = 1.816e-06) 
Topic 1: Gene521, Gene312, Gene537, Gene872, Gene1370 
 Topic 2: Gene1123, Gene576, Gene1141, Gene1124, Gene667 
 Topic 3: Gene125, Gene1370, Gene576, Gene1417, Gene1315 
 Topic 4: Gene576, Gene452, Gene1370, Gene1259, Gene1055 
 Topic 5: Gene872, Gene824, Gene1396, Gene1123, Gene1315 
......................................................................................................
Completed E-Step (8 seconds). 
Completed M-Step (0 seconds). 
calculate log likelihood 
convergence.check is 1.767013e-06 
Completing Iteration 41 (approx. per word bound = -41.743, relative change = 1.767e-06) 
......................................................................................................
Completed E-Step (8 seconds). 
Completed M-Step (0 seconds). 
calculate log likelihood 
convergence.check is 1.663894e-06 
Completing Iteration 42 (approx. per word bound = -41.743, relative change = 1.664e-06) 
......................................................................................................
Completed E-Step (8 seconds). 
Completed M-Step (0 seconds). 
calculate log likelihood 
convergence.check is 1.622285e-06 
Completing Iteration 43 (approx. per word bound = -41.743, relative change = 1.622e-06) 
......................................................................................................
Completed E-Step (8 seconds). 
Completed M-Step (0 seconds). 
calculate log likelihood 
convergence.check is 1.586272e-06 
Completing Iteration 44 (approx. per word bound = -41.743, relative change = 1.586e-06) 
......................................................................................................
Completed E-Step (8 seconds). 
Completed M-Step (0 seconds). 
calculate log likelihood 
convergence.check is 1.59428e-06 
Completing Iteration 45 (approx. per word bound = -41.743, relative change = 1.594e-06) 
Topic 1: Gene521, Gene312, Gene537, Gene872, Gene1370 
 Topic 2: Gene1123, Gene576, Gene1141, Gene1124, Gene667 
 Topic 3: Gene125, Gene1370, Gene576, Gene1417, Gene1315 
 Topic 4: Gene576, Gene452, Gene1370, Gene1259, Gene1055 
 Topic 5: Gene872, Gene824, Gene1396, Gene1123, Gene1315 
......................................................................................................
Completed E-Step (8 seconds). 
Completed M-Step (0 seconds). 
calculate log likelihood 
convergence.check is 1.479163e-06 
Completing Iteration 46 (approx. per word bound = -41.743, relative change = 1.479e-06) 
......................................................................................................
Completed E-Step (8 seconds). 
Completed M-Step (0 seconds). 
calculate log likelihood 
convergence.check is 1.44732e-06 
Completing Iteration 47 (approx. per word bound = -41.742, relative change = 1.447e-06) 
......................................................................................................
Completed E-Step (8 seconds). 
Completed M-Step (0 seconds). 
calculate log likelihood 
convergence.check is 1.421825e-06 
Completing Iteration 48 (approx. per word bound = -41.742, relative change = 1.422e-06) 
......................................................................................................
Completed E-Step (8 seconds). 
Completed M-Step (0 seconds). 
calculate log likelihood 
convergence.check is 1.380558e-06 
Completing Iteration 49 (approx. per word bound = -41.742, relative change = 1.381e-06) 
......................................................................................................
Completed E-Step (8 seconds). 
Completed M-Step (0 seconds). 
calculate log likelihood 
convergence.check is 1.343604e-06 
Completing Iteration 50 (approx. per word bound = -41.742, relative change = 1.344e-06) 
Topic 1: Gene521, Gene312, Gene537, Gene872, Gene1370 
 Topic 2: Gene1123, Gene576, Gene1124, Gene1141, Gene667 
 Topic 3: Gene125, Gene1370, Gene576, Gene1315, Gene1417 
 Topic 4: Gene576, Gene452, Gene1370, Gene1259, Gene1055 
 Topic 5: Gene872, Gene824, Gene1396, Gene1123, Gene1315 
......................................................................................................
Completed E-Step (7 seconds). 
Completed M-Step (0 seconds). 
calculate log likelihood 
convergence.check is 1.31425e-06 
Completing Iteration 51 (approx. per word bound = -41.742, relative change = 1.314e-06) 
......................................................................................................
Completed E-Step (7 seconds). 
Completed M-Step (0 seconds). 
calculate log likelihood 
convergence.check is 1.318137e-06 
Completing Iteration 52 (approx. per word bound = -41.742, relative change = 1.318e-06) 
......................................................................................................
Completed E-Step (7 seconds). 
Completed M-Step (0 seconds). 
calculate log likelihood 
convergence.check is 1.280694e-06 
Completing Iteration 53 (approx. per word bound = -41.742, relative change = 1.281e-06) 
......................................................................................................
Completed E-Step (7 seconds). 
Completed M-Step (0 seconds). 
calculate log likelihood 
convergence.check is 1.298156e-06 
Completing Iteration 54 (approx. per word bound = -41.742, relative change = 1.298e-06) 
......................................................................................................
Completed E-Step (8 seconds). 
Completed M-Step (0 seconds). 
calculate log likelihood 
convergence.check is 1.296447e-06 
Completing Iteration 55 (approx. per word bound = -41.742, relative change = 1.296e-06) 
Topic 1: Gene521, Gene312, Gene537, Gene872, Gene1370 
 Topic 2: Gene1123, Gene576, Gene1124, Gene1141, Gene667 
 Topic 3: Gene125, Gene1370, Gene576, Gene1315, Gene1417 
 Topic 4: Gene576, Gene452, Gene1370, Gene1259, Gene1055 
 Topic 5: Gene872, Gene824, Gene1396, Gene1123, Gene1315 
......................................................................................................
Completed E-Step (8 seconds). 
Completed M-Step (0 seconds). 
calculate log likelihood 
convergence.check is 1.285508e-06 
Completing Iteration 56 (approx. per word bound = -41.742, relative change = 1.286e-06) 
......................................................................................................
Completed E-Step (8 seconds). 
Completed M-Step (0 seconds). 
calculate log likelihood 
convergence.check is 1.263375e-06 
Completing Iteration 57 (approx. per word bound = -41.742, relative change = 1.263e-06) 
......................................................................................................
Completed E-Step (8 seconds). 
Completed M-Step (0 seconds). 
calculate log likelihood 
convergence.check is 1.271251e-06 
Completing Iteration 58 (approx. per word bound = -41.742, relative change = 1.271e-06) 
......................................................................................................
Completed E-Step (8 seconds). 
Completed M-Step (0 seconds). 
calculate log likelihood 
convergence.check is 1.248697e-06 
Completing Iteration 59 (approx. per word bound = -41.742, relative change = 1.249e-06) 
......................................................................................................
Completed E-Step (8 seconds). 
Completed M-Step (0 seconds). 
calculate log likelihood 
convergence.check is 1.260562e-06 
Completing Iteration 60 (approx. per word bound = -41.742, relative change = 1.261e-06) 
Topic 1: Gene521, Gene312, Gene537, Gene872, Gene1370 
 Topic 2: Gene1123, Gene576, Gene1124, Gene1141, Gene667 
 Topic 3: Gene125, Gene1370, Gene576, Gene1315, Gene1417 
 Topic 4: Gene576, Gene1370, Gene452, Gene1259, Gene1055 
 Topic 5: Gene872, Gene824, Gene1396, Gene1123, Gene1315 
......................................................................................................
Completed E-Step (8 seconds). 
Completed M-Step (0 seconds). 
calculate log likelihood 
convergence.check is 1.252703e-06 
Completing Iteration 61 (approx. per word bound = -41.742, relative change = 1.253e-06) 
......................................................................................................
Completed E-Step (8 seconds). 
Completed M-Step (0 seconds). 
calculate log likelihood 
convergence.check is 1.174824e-06 
Completing Iteration 62 (approx. per word bound = -41.742, relative change = 1.175e-06) 
......................................................................................................
Completed E-Step (8 seconds). 
Completed M-Step (0 seconds). 
calculate log likelihood 
convergence.check is 1.162303e-06 
Completing Iteration 63 (approx. per word bound = -41.742, relative change = 1.162e-06) 
......................................................................................................
Completed E-Step (8 seconds). 
Completed M-Step (0 seconds). 
calculate log likelihood 
convergence.check is 1.16267e-06 
Completing Iteration 64 (approx. per word bound = -41.742, relative change = 1.163e-06) 
......................................................................................................
Completed E-Step (8 seconds). 
Completed M-Step (0 seconds). 
calculate log likelihood 
convergence.check is 1.01542e-06 
Completing Iteration 65 (approx. per word bound = -41.742, relative change = 1.015e-06) 
Topic 1: Gene521, Gene312, Gene537, Gene872, Gene1370 
 Topic 2: Gene1123, Gene576, Gene1124, Gene1141, Gene667 
 Topic 3: Gene125, Gene1370, Gene576, Gene1315, Gene1417 
 Topic 4: Gene576, Gene1370, Gene452, Gene1259, Gene1055 
 Topic 5: Gene872, Gene824, Gene1396, Gene1123, Gene1315 
......................................................................................................
Completed E-Step (8 seconds). 
Completed M-Step (0 seconds). 
calculate log likelihood 
convergence.check is 9.471141e-07 
Model Converged 
3 select model run 
Initialization with topicScore. 
Initializing factors using Topic SCORE algorithm.
Initializing loadings by running 10 SCD updates.
......................................................................................................
Completed E-Step (16 seconds). 
Completed M-Step (0 seconds). 
calculate log likelihood 
Completing Iteration 1 (approx. per word bound = -41.760) 
......................................................................................................
Completed E-Step (17 seconds). 
Completed M-Step (0 seconds). 
calculate log likelihood 
convergence.check is 9.312687e-05 
Completing Iteration 2 (approx. per word bound = -41.756, relative change = 9.313e-05) 
......................................................................................................
Completed E-Step (16 seconds). 
Completed M-Step (0 seconds). 
calculate log likelihood 
convergence.check is 4.192389e-05 
Completing Iteration 3 (approx. per word bound = -41.754, relative change = 4.192e-05) 
......................................................................................................
Completed E-Step (15 seconds). 
Completed M-Step (0 seconds). 
calculate log likelihood 
convergence.check is 2.806852e-05 
Completing Iteration 4 (approx. per word bound = -41.753, relative change = 2.807e-05) 
......................................................................................................
Completed E-Step (14 seconds). 
Completed M-Step (0 seconds). 
calculate log likelihood 
convergence.check is 2.179789e-05 
Completing Iteration 5 (approx. per word bound = -41.752, relative change = 2.180e-05) 
Topic 1: Gene1123, Gene1141, Gene576, Gene1124, Gene667 
 Topic 2: Gene521, Gene312, Gene537, Gene872, Gene1370 
 Topic 3: Gene125, Gene576, Gene1370, Gene1417, Gene1315 
 Topic 4: Gene576, Gene452, Gene1370, Gene1259, Gene1417 
 Topic 5: Gene824, Gene872, Gene1396, Gene1123, Gene125 
......................................................................................................
Completed E-Step (14 seconds). 
Completed M-Step (0 seconds). 
calculate log likelihood 
convergence.check is 1.826802e-05 
Completing Iteration 6 (approx. per word bound = -41.751, relative change = 1.827e-05) 
......................................................................................................
Completed E-Step (13 seconds). 
Completed M-Step (0 seconds). 
calculate log likelihood 
convergence.check is 1.59165e-05 
Completing Iteration 7 (approx. per word bound = -41.751, relative change = 1.592e-05) 
......................................................................................................
Completed E-Step (13 seconds). 
Completed M-Step (0 seconds). 
calculate log likelihood 
convergence.check is 1.411939e-05 
Completing Iteration 8 (approx. per word bound = -41.750, relative change = 1.412e-05) 
......................................................................................................
Completed E-Step (12 seconds). 
Completed M-Step (0 seconds). 
calculate log likelihood 
convergence.check is 1.271207e-05 
Completing Iteration 9 (approx. per word bound = -41.749, relative change = 1.271e-05) 
......................................................................................................
Completed E-Step (12 seconds). 
Completed M-Step (0 seconds). 
calculate log likelihood 
convergence.check is 1.151663e-05 
Completing Iteration 10 (approx. per word bound = -41.749, relative change = 1.152e-05) 
Topic 1: Gene1123, Gene576, Gene1141, Gene1124, Gene667 
 Topic 2: Gene521, Gene312, Gene537, Gene872, Gene1370 
 Topic 3: Gene125, Gene576, Gene1370, Gene1417, Gene1315 
 Topic 4: Gene576, Gene452, Gene1370, Gene1259, Gene1417 
 Topic 5: Gene872, Gene824, Gene1396, Gene1123, Gene125 
......................................................................................................
Completed E-Step (12 seconds). 
Completed M-Step (0 seconds). 
calculate log likelihood 
convergence.check is 1.050786e-05 
Completing Iteration 11 (approx. per word bound = -41.748, relative change = 1.051e-05) 
......................................................................................................
Completed E-Step (12 seconds). 
Completed M-Step (0 seconds). 
calculate log likelihood 
convergence.check is 9.674205e-06 
Completing Iteration 12 (approx. per word bound = -41.748, relative change = 9.674e-06) 
......................................................................................................
Completed E-Step (11 seconds). 
Completed M-Step (0 seconds). 
calculate log likelihood 
convergence.check is 8.893745e-06 
Completing Iteration 13 (approx. per word bound = -41.748, relative change = 8.894e-06) 
......................................................................................................
Completed E-Step (11 seconds). 
Completed M-Step (0 seconds). 
calculate log likelihood 
convergence.check is 8.274502e-06 
Completing Iteration 14 (approx. per word bound = -41.747, relative change = 8.275e-06) 
......................................................................................................
Completed E-Step (11 seconds). 
Completed M-Step (0 seconds). 
calculate log likelihood 
convergence.check is 7.60918e-06 
Completing Iteration 15 (approx. per word bound = -41.747, relative change = 7.609e-06) 
Topic 1: Gene1123, Gene576, Gene1141, Gene1124, Gene667 
 Topic 2: Gene521, Gene312, Gene537, Gene872, Gene1370 
 Topic 3: Gene125, Gene1370, Gene576, Gene1417, Gene1315 
 Topic 4: Gene576, Gene452, Gene1370, Gene1259, Gene1055 
 Topic 5: Gene872, Gene824, Gene1396, Gene1123, Gene125 
......................................................................................................
Completed E-Step (11 seconds). 
Completed M-Step (0 seconds). 
calculate log likelihood 
convergence.check is 7.096224e-06 
Completing Iteration 16 (approx. per word bound = -41.747, relative change = 7.096e-06) 
......................................................................................................
Completed E-Step (11 seconds). 
Completed M-Step (0 seconds). 
calculate log likelihood 
convergence.check is 6.576835e-06 
Completing Iteration 17 (approx. per word bound = -41.746, relative change = 6.577e-06) 
......................................................................................................
Completed E-Step (11 seconds). 
Completed M-Step (0 seconds). 
calculate log likelihood 
convergence.check is 6.15301e-06 
Completing Iteration 18 (approx. per word bound = -41.746, relative change = 6.153e-06) 
......................................................................................................
Completed E-Step (11 seconds). 
Completed M-Step (0 seconds). 
calculate log likelihood 
convergence.check is 5.759796e-06 
Completing Iteration 19 (approx. per word bound = -41.746, relative change = 5.760e-06) 
......................................................................................................
Completed E-Step (11 seconds). 
Completed M-Step (0 seconds). 
calculate log likelihood 
convergence.check is 5.349184e-06 
Completing Iteration 20 (approx. per word bound = -41.746, relative change = 5.349e-06) 
Topic 1: Gene1123, Gene576, Gene1141, Gene1124, Gene667 
 Topic 2: Gene521, Gene312, Gene537, Gene872, Gene1370 
 Topic 3: Gene125, Gene1370, Gene576, Gene1417, Gene1315 
 Topic 4: Gene576, Gene452, Gene1370, Gene1259, Gene1055 
 Topic 5: Gene872, Gene824, Gene1396, Gene1123, Gene125 
......................................................................................................
Completed E-Step (10 seconds). 
Completed M-Step (0 seconds). 
calculate log likelihood 
convergence.check is 5.033863e-06 
Completing Iteration 21 (approx. per word bound = -41.746, relative change = 5.034e-06) 
......................................................................................................
Completed E-Step (10 seconds). 
Completed M-Step (0 seconds). 
calculate log likelihood 
convergence.check is 4.724332e-06 
Completing Iteration 22 (approx. per word bound = -41.745, relative change = 4.724e-06) 
......................................................................................................
Completed E-Step (10 seconds). 
Completed M-Step (0 seconds). 
calculate log likelihood 
convergence.check is 4.448078e-06 
Completing Iteration 23 (approx. per word bound = -41.745, relative change = 4.448e-06) 
......................................................................................................
Completed E-Step (10 seconds). 
Completed M-Step (0 seconds). 
calculate log likelihood 
convergence.check is 4.19375e-06 
Completing Iteration 24 (approx. per word bound = -41.745, relative change = 4.194e-06) 
......................................................................................................
Completed E-Step (10 seconds). 
Completed M-Step (0 seconds). 
calculate log likelihood 
convergence.check is 3.921853e-06 
Completing Iteration 25 (approx. per word bound = -41.745, relative change = 3.922e-06) 
Topic 1: Gene1123, Gene576, Gene1141, Gene1124, Gene667 
 Topic 2: Gene521, Gene312, Gene537, Gene872, Gene1370 
 Topic 3: Gene125, Gene1370, Gene576, Gene1417, Gene1315 
 Topic 4: Gene576, Gene452, Gene1370, Gene1259, Gene1055 
 Topic 5: Gene872, Gene824, Gene1396, Gene1123, Gene1315 
......................................................................................................
Completed E-Step (10 seconds). 
Completed M-Step (0 seconds). 
calculate log likelihood 
convergence.check is 3.678437e-06 
Completing Iteration 26 (approx. per word bound = -41.745, relative change = 3.678e-06) 
......................................................................................................
Completed E-Step (10 seconds). 
Completed M-Step (0 seconds). 
calculate log likelihood 
convergence.check is 3.509133e-06 
Completing Iteration 27 (approx. per word bound = -41.745, relative change = 3.509e-06) 
......................................................................................................
Completed E-Step (10 seconds). 
Completed M-Step (0 seconds). 
calculate log likelihood 
convergence.check is 3.260488e-06 
Completing Iteration 28 (approx. per word bound = -41.744, relative change = 3.260e-06) 
......................................................................................................
Completed E-Step (10 seconds). 
Completed M-Step (0 seconds). 
calculate log likelihood 
convergence.check is 3.157252e-06 
Completing Iteration 29 (approx. per word bound = -41.744, relative change = 3.157e-06) 
......................................................................................................
Completed E-Step (10 seconds). 
Completed M-Step (0 seconds). 
calculate log likelihood 
convergence.check is 2.91605e-06 
Completing Iteration 30 (approx. per word bound = -41.744, relative change = 2.916e-06) 
Topic 1: Gene1123, Gene576, Gene1141, Gene1124, Gene667 
 Topic 2: Gene521, Gene312, Gene537, Gene872, Gene1370 
 Topic 3: Gene125, Gene1370, Gene576, Gene1417, Gene1315 
 Topic 4: Gene576, Gene452, Gene1370, Gene1259, Gene1055 
 Topic 5: Gene872, Gene824, Gene1396, Gene1123, Gene1315 
......................................................................................................
Completed E-Step (9 seconds). 
Completed M-Step (0 seconds). 
calculate log likelihood 
convergence.check is 2.746593e-06 
Completing Iteration 31 (approx. per word bound = -41.744, relative change = 2.747e-06) 
......................................................................................................
Completed E-Step (9 seconds). 
Completed M-Step (0 seconds). 
calculate log likelihood 
convergence.check is 2.622191e-06 
Completing Iteration 32 (approx. per word bound = -41.744, relative change = 2.622e-06) 
......................................................................................................
Completed E-Step (9 seconds). 
Completed M-Step (0 seconds). 
calculate log likelihood 
convergence.check is 2.480953e-06 
Completing Iteration 33 (approx. per word bound = -41.744, relative change = 2.481e-06) 
......................................................................................................
Completed E-Step (9 seconds). 
Completed M-Step (0 seconds). 
calculate log likelihood 
convergence.check is 2.336301e-06 
Completing Iteration 34 (approx. per word bound = -41.744, relative change = 2.336e-06) 
......................................................................................................
Completed E-Step (9 seconds). 
Completed M-Step (0 seconds). 
calculate log likelihood 
convergence.check is 2.224529e-06 
Completing Iteration 35 (approx. per word bound = -41.744, relative change = 2.225e-06) 
Topic 1: Gene1123, Gene576, Gene1141, Gene1124, Gene667 
 Topic 2: Gene521, Gene312, Gene537, Gene872, Gene1370 
 Topic 3: Gene125, Gene1370, Gene576, Gene1417, Gene1315 
 Topic 4: Gene576, Gene452, Gene1370, Gene1259, Gene1055 
 Topic 5: Gene872, Gene824, Gene1396, Gene1123, Gene1315 
......................................................................................................
Completed E-Step (9 seconds). 
Completed M-Step (0 seconds). 
calculate log likelihood 
convergence.check is 2.139854e-06 
Completing Iteration 36 (approx. per word bound = -41.744, relative change = 2.140e-06) 
......................................................................................................
Completed E-Step (8 seconds). 
Completed M-Step (0 seconds). 
calculate log likelihood 
convergence.check is 2.03397e-06 
Completing Iteration 37 (approx. per word bound = -41.743, relative change = 2.034e-06) 
......................................................................................................
Completed E-Step (9 seconds). 
Completed M-Step (0 seconds). 
calculate log likelihood 
convergence.check is 1.90317e-06 
Completing Iteration 38 (approx. per word bound = -41.743, relative change = 1.903e-06) 
......................................................................................................
Completed E-Step (8 seconds). 
Completed M-Step (0 seconds). 
calculate log likelihood 
convergence.check is 1.820792e-06 
Completing Iteration 39 (approx. per word bound = -41.743, relative change = 1.821e-06) 
......................................................................................................
Completed E-Step (9 seconds). 
Completed M-Step (0 seconds). 
calculate log likelihood 
convergence.check is 1.749637e-06 
Completing Iteration 40 (approx. per word bound = -41.743, relative change = 1.750e-06) 
Topic 1: Gene1123, Gene576, Gene1141, Gene1124, Gene667 
 Topic 2: Gene521, Gene312, Gene872, Gene537, Gene1370 
 Topic 3: Gene125, Gene1370, Gene576, Gene1417, Gene1315 
 Topic 4: Gene576, Gene452, Gene1370, Gene1259, Gene1055 
 Topic 5: Gene872, Gene824, Gene1396, Gene1123, Gene1315 
......................................................................................................
Completed E-Step (8 seconds). 
Completed M-Step (0 seconds). 
calculate log likelihood 
convergence.check is 1.66369e-06 
Completing Iteration 41 (approx. per word bound = -41.743, relative change = 1.664e-06) 
......................................................................................................
Completed E-Step (8 seconds). 
Completed M-Step (0 seconds). 
calculate log likelihood 
convergence.check is 1.594123e-06 
Completing Iteration 42 (approx. per word bound = -41.743, relative change = 1.594e-06) 
......................................................................................................
Completed E-Step (9 seconds). 
Completed M-Step (0 seconds). 
calculate log likelihood 
convergence.check is 1.533424e-06 
Completing Iteration 43 (approx. per word bound = -41.743, relative change = 1.533e-06) 
......................................................................................................
Completed E-Step (8 seconds). 
Completed M-Step (0 seconds). 
calculate log likelihood 
convergence.check is 1.498448e-06 
Completing Iteration 44 (approx. per word bound = -41.743, relative change = 1.498e-06) 
......................................................................................................
Completed E-Step (7 seconds). 
Completed M-Step (0 seconds). 
calculate log likelihood 
convergence.check is 1.415101e-06 
Completing Iteration 45 (approx. per word bound = -41.743, relative change = 1.415e-06) 
Topic 1: Gene1123, Gene576, Gene1141, Gene1124, Gene667 
 Topic 2: Gene521, Gene312, Gene872, Gene537, Gene1370 
 Topic 3: Gene125, Gene1370, Gene576, Gene1417, Gene1315 
 Topic 4: Gene576, Gene452, Gene1370, Gene1259, Gene1055 
 Topic 5: Gene872, Gene824, Gene1396, Gene1123, Gene1315 
......................................................................................................
Completed E-Step (7 seconds). 
Completed M-Step (0 seconds). 
calculate log likelihood 
convergence.check is 1.375217e-06 
Completing Iteration 46 (approx. per word bound = -41.743, relative change = 1.375e-06) 
......................................................................................................
Completed E-Step (7 seconds). 
Completed M-Step (0 seconds). 
calculate log likelihood 
convergence.check is 1.322459e-06 
Completing Iteration 47 (approx. per word bound = -41.743, relative change = 1.322e-06) 
......................................................................................................
Completed E-Step (7 seconds). 
Completed M-Step (0 seconds). 
calculate log likelihood 
convergence.check is 1.298817e-06 
Completing Iteration 48 (approx. per word bound = -41.743, relative change = 1.299e-06) 
......................................................................................................
Completed E-Step (7 seconds). 
Completed M-Step (0 seconds). 
calculate log likelihood 
convergence.check is 1.264824e-06 
Completing Iteration 49 (approx. per word bound = -41.743, relative change = 1.265e-06) 
......................................................................................................
Completed E-Step (7 seconds). 
Completed M-Step (0 seconds). 
calculate log likelihood 
convergence.check is 1.224409e-06 
Completing Iteration 50 (approx. per word bound = -41.743, relative change = 1.224e-06) 
Topic 1: Gene1123, Gene576, Gene1124, Gene1141, Gene667 
 Topic 2: Gene521, Gene312, Gene872, Gene537, Gene1370 
 Topic 3: Gene125, Gene1370, Gene576, Gene1417, Gene1315 
 Topic 4: Gene576, Gene1370, Gene452, Gene1259, Gene1055 
 Topic 5: Gene872, Gene824, Gene1396, Gene1123, Gene1315 
......................................................................................................
Completed E-Step (7 seconds). 
Completed M-Step (0 seconds). 
calculate log likelihood 
convergence.check is 1.200222e-06 
Completing Iteration 51 (approx. per word bound = -41.743, relative change = 1.200e-06) 
......................................................................................................
Completed E-Step (7 seconds). 
Completed M-Step (0 seconds). 
calculate log likelihood 
convergence.check is 1.193725e-06 
Completing Iteration 52 (approx. per word bound = -41.743, relative change = 1.194e-06) 
......................................................................................................
Completed E-Step (7 seconds). 
Completed M-Step (0 seconds). 
calculate log likelihood 
convergence.check is 1.214984e-06 
Completing Iteration 53 (approx. per word bound = -41.742, relative change = 1.215e-06) 
......................................................................................................
Completed E-Step (7 seconds). 
Completed M-Step (0 seconds). 
calculate log likelihood 
convergence.check is 1.195421e-06 
Completing Iteration 54 (approx. per word bound = -41.742, relative change = 1.195e-06) 
......................................................................................................
Completed E-Step (7 seconds). 
Completed M-Step (0 seconds). 
calculate log likelihood 
convergence.check is 1.205955e-06 
Completing Iteration 55 (approx. per word bound = -41.742, relative change = 1.206e-06) 
Topic 1: Gene1123, Gene576, Gene1124, Gene1141, Gene667 
 Topic 2: Gene521, Gene312, Gene872, Gene537, Gene1370 
 Topic 3: Gene125, Gene1370, Gene576, Gene1315, Gene1417 
 Topic 4: Gene576, Gene1370, Gene452, Gene1259, Gene1055 
 Topic 5: Gene872, Gene824, Gene1396, Gene1123, Gene1315 
......................................................................................................
Completed E-Step (7 seconds). 
Completed M-Step (0 seconds). 
calculate log likelihood 
convergence.check is 1.212759e-06 
Completing Iteration 56 (approx. per word bound = -41.742, relative change = 1.213e-06) 
......................................................................................................
Completed E-Step (7 seconds). 
Completed M-Step (0 seconds). 
calculate log likelihood 
convergence.check is 1.237189e-06 
Completing Iteration 57 (approx. per word bound = -41.742, relative change = 1.237e-06) 
......................................................................................................
Completed E-Step (7 seconds). 
Completed M-Step (0 seconds). 
calculate log likelihood 
convergence.check is 1.243431e-06 
Completing Iteration 58 (approx. per word bound = -41.742, relative change = 1.243e-06) 
......................................................................................................
Completed E-Step (7 seconds). 
Completed M-Step (0 seconds). 
calculate log likelihood 
convergence.check is 1.263583e-06 
Completing Iteration 59 (approx. per word bound = -41.742, relative change = 1.264e-06) 
......................................................................................................
Completed E-Step (7 seconds). 
Completed M-Step (0 seconds). 
calculate log likelihood 
convergence.check is 1.221553e-06 
Completing Iteration 60 (approx. per word bound = -41.742, relative change = 1.222e-06) 
Topic 1: Gene1123, Gene576, Gene1124, Gene1141, Gene667 
 Topic 2: Gene521, Gene312, Gene872, Gene537, Gene1370 
 Topic 3: Gene125, Gene1370, Gene576, Gene1315, Gene1417 
 Topic 4: Gene576, Gene1370, Gene452, Gene1259, Gene1055 
 Topic 5: Gene872, Gene824, Gene1396, Gene1315, Gene1123 
......................................................................................................
Completed E-Step (7 seconds). 
Completed M-Step (0 seconds). 
calculate log likelihood 
convergence.check is 1.143701e-06 
Completing Iteration 61 (approx. per word bound = -41.742, relative change = 1.144e-06) 
......................................................................................................
Completed E-Step (7 seconds). 
Completed M-Step (0 seconds). 
calculate log likelihood 
convergence.check is 1.09327e-06 
Completing Iteration 62 (approx. per word bound = -41.742, relative change = 1.093e-06) 
......................................................................................................
Completed E-Step (7 seconds). 
Completed M-Step (0 seconds). 
calculate log likelihood 
convergence.check is 1.023288e-06 
Completing Iteration 63 (approx. per word bound = -41.742, relative change = 1.023e-06) 
......................................................................................................
Completed E-Step (7 seconds). 
Completed M-Step (0 seconds). 
calculate log likelihood 
convergence.check is 9.418937e-07 
Model Converged 
