sims_1715928554_pos_L4_c5.rds 
Found 6 batches
Using null model in ComBat-seq.
Adjusting for 0 covariate(s) or covariate level(s)
Estimating dispersions
Fitting the GLM model
Shrinkage off - using GLM estimates for parameters
Adjusting the data
Batch Effect Removed 
        R/alignCorpus.R R/asSTMCorpus.R R/checkBeta.R R/cloud.R
value   ?               ?               ?             ?        
visible FALSE           FALSE           FALSE         FALSE    
        R/CompositionChange.R R/convertCorpus.R R/estimateEffect.R
value   ?                     ?                 ?                 
visible FALSE                 FALSE             FALSE             
        R/estimateMixedEffect.R R/exclusivity.R R/findThoughts.R R/findTopic.R
value   ?                       ?               ?                ?            
visible FALSE                   FALSE           FALSE            FALSE        
        R/fitNewDocuments.R R/heldout.R R/jeffreyskappa.R R/labelTopics.R
value   ?                   ?           ?                 ?              
visible FALSE               FALSE       FALSE             FALSE          
        R/makeDesignMatrix.R R/manyTopics.R R/multiSTM.R R/optimalK.R
value   ?                    ?              ?            ?           
visible FALSE                FALSE          FALSE        FALSE       
        R/permute.R R/plot.estimateEffect.R R/plot.fixedEffect.R
value   ?           ?                       ?                   
visible FALSE       FALSE                   FALSE               
        R/plot.searchK.R R/plot.STM.R R/plotModels.R R/plotQuote.R
value   ?                ?            ?              ?            
visible FALSE            FALSE        FALSE          FALSE        
        R/plotRemoved.R R/plottingutilfns.R R/plotTopicLoess.R
value   ?               ?                   ?                 
visible FALSE           FALSE               FALSE             
        R/prepDocuments.R R/prepsce.R R/produce_cmatrix.R R/RcppExports.R
value   ?                 ?           ?                   ?              
visible FALSE             FALSE       FALSE               FALSE          
        R/readCorpus.R R/residuals.R R/s.R R/sageLabels.R R/scSTM.R
value   ?              ?             ?     ?              ?        
visible FALSE          FALSE         FALSE FALSE          FALSE    
        R/selectModel.R R/semanticCoherence.R R/simBetas.R R/spectral.R
value   ?               ?                     ?            ?           
visible FALSE           FALSE                 FALSE        FALSE       
        R/stm-package.R R/stm.control.R R/STMbound.R R/STMconvergence.R
value   NULL            ?               ?            ?                 
visible TRUE            FALSE           FALSE        FALSE             
        R/STMestep.R R/STMfunctions.R R/STMinit.R R/STMinitLikelihood.R
value   ?            ?                ?           ?                    
visible FALSE        FALSE            FALSE       FALSE                
        R/STMlncpp.R R/STMmnreg.R R/STMmu.R R/STMoptbeta.R R/STMreport.R
value   ?            ?            ?         ?              ?            
visible FALSE        FALSE        FALSE     FALSE          FALSE        
        R/STMsigma.R R/STMsigs.R R/STMsubset.R R/summary.STM.R R/tau.R
value   ?            ?           ?             ?               ?      
visible FALSE        FALSE       FALSE         FALSE           FALSE  
        R/textProcessor.R R/thetaPosterior.R R/toLDAvis.R R/topicCorr.R
value   ?                 ?                  ?            ?            
visible FALSE             FALSE              FALSE        FALSE        
        R/topicLasso.R R/topicQuality.R R/writeLdac.R R/zzz.R
value   ?              ?                ?             ?      
visible FALSE          FALSE            FALSE         FALSE  
Removing 2 of 701 genes (2 of 1854665 tokens) due to frequency 
Your Dataset now has 3583 cells, 699 genes and 1854663 tokens. 
Casting net 
1 models in net 
Initialization with topicScore. 
Initializing factors using Topic SCORE algorithm.
Initializing loadings by running 10 SCD updates.
......................................................................................................
Completed E-Step (21 seconds). 
Completed M-Step (0 seconds). 
calculate log likelihood 
Completing Iteration 1 (approx. per word bound = -44.047) 
......................................................................................................
Completed E-Step (14 seconds). 
Completed M-Step (0 seconds). 
calculate log likelihood 
convergence.check is 0.00084193 
Completing Iteration 2 (approx. per word bound = -44.010, relative change = 8.419e-04) 
......................................................................................................
Completed E-Step (13 seconds). 
Completed M-Step (0 seconds). 
calculate log likelihood 
convergence.check is 0.0001452223 
Model Terminated Before Convergence Reached 
2 models in net 
Initialization with topicScore. 
Initializing factors using Topic SCORE algorithm.
Initializing loadings by running 10 SCD updates.
......................................................................................................
Completed E-Step (16 seconds). 
Completed M-Step (0 seconds). 
calculate log likelihood 
Completing Iteration 1 (approx. per word bound = -43.984) 
......................................................................................................
Completed E-Step (15 seconds). 
Completed M-Step (0 seconds). 
calculate log likelihood 
convergence.check is 0.0001856452 
Completing Iteration 2 (approx. per word bound = -43.976, relative change = 1.856e-04) 
......................................................................................................
Completed E-Step (15 seconds). 
Completed M-Step (0 seconds). 
calculate log likelihood 
convergence.check is 5.418399e-05 
Model Terminated Before Convergence Reached 
3 models in net 
Initialization with topicScore. 
Initializing factors using Topic SCORE algorithm.
Initializing loadings by running 10 SCD updates.
......................................................................................................
Completed E-Step (17 seconds). 
Completed M-Step (0 seconds). 
calculate log likelihood 
Completing Iteration 1 (approx. per word bound = -43.969) 
......................................................................................................
Completed E-Step (15 seconds). 
Completed M-Step (0 seconds). 
calculate log likelihood 
convergence.check is 0.0001169507 
Completing Iteration 2 (approx. per word bound = -43.964, relative change = 1.170e-04) 
......................................................................................................
Completed E-Step (14 seconds). 
Completed M-Step (0 seconds). 
calculate log likelihood 
convergence.check is 3.982625e-05 
Model Terminated Before Convergence Reached 
4 models in net 
Initialization with topicScore. 
Initializing factors using Topic SCORE algorithm.
Initializing loadings by running 10 SCD updates.
......................................................................................................
Completed E-Step (22 seconds). 
Completed M-Step (0 seconds). 
calculate log likelihood 
Completing Iteration 1 (approx. per word bound = -44.048) 
......................................................................................................
Completed E-Step (14 seconds). 
Completed M-Step (0 seconds). 
calculate log likelihood 
convergence.check is 0.0008240611 
Completing Iteration 2 (approx. per word bound = -44.012, relative change = 8.241e-04) 
......................................................................................................
Completed E-Step (13 seconds). 
Completed M-Step (0 seconds). 
calculate log likelihood 
convergence.check is 0.000151802 
Model Terminated Before Convergence Reached 
5 models in net 
Initialization with topicScore. 
Initializing factors using Topic SCORE algorithm.
Initializing loadings by running 10 SCD updates.
......................................................................................................
Completed E-Step (17 seconds). 
Completed M-Step (0 seconds). 
calculate log likelihood 
Completing Iteration 1 (approx. per word bound = -43.943) 
......................................................................................................
Completed E-Step (14 seconds). 
Completed M-Step (0 seconds). 
calculate log likelihood 
convergence.check is 4.775225e-05 
Completing Iteration 2 (approx. per word bound = -43.941, relative change = 4.775e-05) 
......................................................................................................
Completed E-Step (14 seconds). 
Completed M-Step (0 seconds). 
calculate log likelihood 
convergence.check is 2.731361e-05 
Model Terminated Before Convergence Reached 
6 models in net 
Initialization with topicScore. 
Initializing factors using Topic SCORE algorithm.
Initializing loadings by running 10 SCD updates.
......................................................................................................
Completed E-Step (18 seconds). 
Completed M-Step (0 seconds). 
calculate log likelihood 
Completing Iteration 1 (approx. per word bound = -43.946) 
......................................................................................................
Completed E-Step (15 seconds). 
Completed M-Step (0 seconds). 
calculate log likelihood 
convergence.check is 6.271264e-05 
Completing Iteration 2 (approx. per word bound = -43.943, relative change = 6.271e-05) 
......................................................................................................
Completed E-Step (14 seconds). 
Completed M-Step (0 seconds). 
calculate log likelihood 
convergence.check is 3.394364e-05 
Model Terminated Before Convergence Reached 
7 models in net 
Initialization with topicScore. 
Initializing factors using Topic SCORE algorithm.
Initializing loadings by running 10 SCD updates.
......................................................................................................
Completed E-Step (17 seconds). 
Completed M-Step (0 seconds). 
calculate log likelihood 
Completing Iteration 1 (approx. per word bound = -43.946) 
......................................................................................................
Completed E-Step (14 seconds). 
Completed M-Step (0 seconds). 
calculate log likelihood 
convergence.check is 7.276467e-05 
Completing Iteration 2 (approx. per word bound = -43.942, relative change = 7.276e-05) 
......................................................................................................
Completed E-Step (13 seconds). 
Completed M-Step (0 seconds). 
calculate log likelihood 
convergence.check is 3.46192e-05 
Model Terminated Before Convergence Reached 
8 models in net 
Initialization with topicScore. 
Initializing factors using Topic SCORE algorithm.
Initializing loadings by running 10 SCD updates.
......................................................................................................
Completed E-Step (17 seconds). 
Completed M-Step (0 seconds). 
calculate log likelihood 
Completing Iteration 1 (approx. per word bound = -43.946) 
......................................................................................................
Completed E-Step (15 seconds). 
Completed M-Step (0 seconds). 
calculate log likelihood 
convergence.check is 6.003205e-05 
Completing Iteration 2 (approx. per word bound = -43.943, relative change = 6.003e-05) 
......................................................................................................
Completed E-Step (15 seconds). 
Completed M-Step (0 seconds). 
calculate log likelihood 
convergence.check is 3.035208e-05 
Model Terminated Before Convergence Reached 
9 models in net 
Initialization with topicScore. 
Initializing factors using Topic SCORE algorithm.
Initializing loadings by running 10 SCD updates.
......................................................................................................
Completed E-Step (17 seconds). 
Completed M-Step (0 seconds). 
calculate log likelihood 
Completing Iteration 1 (approx. per word bound = -43.949) 
......................................................................................................
Completed E-Step (15 seconds). 
Completed M-Step (0 seconds). 
calculate log likelihood 
convergence.check is 8.9809e-05 
Completing Iteration 2 (approx. per word bound = -43.945, relative change = 8.981e-05) 
......................................................................................................
Completed E-Step (14 seconds). 
Completed M-Step (0 seconds). 
calculate log likelihood 
convergence.check is 3.764201e-05 
Model Terminated Before Convergence Reached 
10 models in net 
Initialization with topicScore. 
Initializing factors using Topic SCORE algorithm.
Initializing loadings by running 10 SCD updates.
......................................................................................................
Completed E-Step (17 seconds). 
Completed M-Step (0 seconds). 
calculate log likelihood 
Completing Iteration 1 (approx. per word bound = -43.987) 
......................................................................................................
Completed E-Step (15 seconds). 
Completed M-Step (0 seconds). 
calculate log likelihood 
convergence.check is 0.0001507896 
Completing Iteration 2 (approx. per word bound = -43.980, relative change = 1.508e-04) 
......................................................................................................
Completed E-Step (15 seconds). 
Completed M-Step (0 seconds). 
calculate log likelihood 
convergence.check is 1.831806e-05 
Model Terminated Before Convergence Reached 
11 models in net 
Beginning Spectral Initialization 
	 Calculating the gram matrix...
	 Finding anchor words...
 	.....
	 Recovering initialization...
 	......
Initialization complete.
......................................................................................................
Completed E-Step (17 seconds). 
Completed M-Step (0 seconds). 
calculate log likelihood 
Completing Iteration 1 (approx. per word bound = -44.032) 
......................................................................................................
Completed E-Step (13 seconds). 
Completed M-Step (0 seconds). 
calculate log likelihood 
convergence.check is 0.001182493 
Completing Iteration 2 (approx. per word bound = -43.980, relative change = 1.182e-03) 
......................................................................................................
Completed E-Step (11 seconds). 
Completed M-Step (0 seconds). 
calculate log likelihood 
convergence.check is 0.0003611342 
Model Terminated Before Convergence Reached 
12 models in net 
Beginning Random Initialization 
Initialization with Poisson NMF 
......................................................................................................
Completed E-Step (24 seconds). 
Completed M-Step (0 seconds). 
calculate log likelihood 
Completing Iteration 1 (approx. per word bound = -56.137) 
......................................................................................................
Completed E-Step (14 seconds). 
Completed M-Step (0 seconds). 
calculate log likelihood 
convergence.check is 0.21506 
Completing Iteration 2 (approx. per word bound = -44.064, relative change = 2.151e-01) 
......................................................................................................
Completed E-Step (14 seconds). 
Completed M-Step (0 seconds). 
calculate log likelihood 
convergence.check is 5.17415e-05 
Model Terminated Before Convergence Reached 
13 models in net 
Beginning Random Initialization 
Initialization with Poisson NMF 
......................................................................................................
Completed E-Step (25 seconds). 
Completed M-Step (0 seconds). 
calculate log likelihood 
Completing Iteration 1 (approx. per word bound = -56.352) 
......................................................................................................
Completed E-Step (17 seconds). 
Completed M-Step (0 seconds). 
calculate log likelihood 
convergence.check is 0.2180351 
Completing Iteration 2 (approx. per word bound = -44.065, relative change = 2.180e-01) 
......................................................................................................
Completed E-Step (15 seconds). 
Completed M-Step (0 seconds). 
calculate log likelihood 
convergence.check is 6.300708e-05 
Model Terminated Before Convergence Reached 
14 models in net 
Beginning Random Initialization 
Initialization with Poisson NMF 
......................................................................................................
Completed E-Step (25 seconds). 
Completed M-Step (0 seconds). 
calculate log likelihood 
Completing Iteration 1 (approx. per word bound = -56.341) 
......................................................................................................
Completed E-Step (14 seconds). 
Completed M-Step (0 seconds). 
calculate log likelihood 
convergence.check is 0.2178669 
Completing Iteration 2 (approx. per word bound = -44.066, relative change = 2.179e-01) 
......................................................................................................
Completed E-Step (13 seconds). 
Completed M-Step (0 seconds). 
calculate log likelihood 
convergence.check is 5.713675e-05 
Model Terminated Before Convergence Reached 
15 models in net 
Beginning Random Initialization 
Initialization with Poisson NMF 
......................................................................................................
Completed E-Step (25 seconds). 
Completed M-Step (0 seconds). 
calculate log likelihood 
Completing Iteration 1 (approx. per word bound = -56.326) 
......................................................................................................
Completed E-Step (15 seconds). 
Completed M-Step (0 seconds). 
calculate log likelihood 
convergence.check is 0.2177939 
Completing Iteration 2 (approx. per word bound = -44.059, relative change = 2.178e-01) 
......................................................................................................
Completed E-Step (14 seconds). 
Completed M-Step (0 seconds). 
calculate log likelihood 
convergence.check is 7.791398e-05 
Model Terminated Before Convergence Reached 
16 models in net 
Beginning Random Initialization 
Initialization with Poisson NMF 
......................................................................................................
Completed E-Step (25 seconds). 
Completed M-Step (0 seconds). 
calculate log likelihood 
Completing Iteration 1 (approx. per word bound = -56.114) 
......................................................................................................
Completed E-Step (14 seconds). 
Completed M-Step (0 seconds). 
calculate log likelihood 
convergence.check is 0.2147428 
Completing Iteration 2 (approx. per word bound = -44.064, relative change = 2.147e-01) 
......................................................................................................
Completed E-Step (14 seconds). 
Completed M-Step (0 seconds). 
calculate log likelihood 
convergence.check is 4.254789e-05 
Model Terminated Before Convergence Reached 
17 models in net 
Beginning Random Initialization 
Initialization with Poisson NMF 
......................................................................................................
Completed E-Step (26 seconds). 
Completed M-Step (0 seconds). 
calculate log likelihood 
Completing Iteration 1 (approx. per word bound = -56.384) 
......................................................................................................
Completed E-Step (14 seconds). 
Completed M-Step (0 seconds). 
calculate log likelihood 
convergence.check is 0.218515 
Completing Iteration 2 (approx. per word bound = -44.063, relative change = 2.185e-01) 
......................................................................................................
Completed E-Step (14 seconds). 
Completed M-Step (0 seconds). 
calculate log likelihood 
convergence.check is 8.313826e-05 
Model Terminated Before Convergence Reached 
18 models in net 
Beginning Random Initialization 
Initialization with Poisson NMF 
......................................................................................................
Completed E-Step (27 seconds). 
Completed M-Step (0 seconds). 
calculate log likelihood 
Completing Iteration 1 (approx. per word bound = -55.986) 
......................................................................................................
Completed E-Step (20 seconds). 
Completed M-Step (0 seconds). 
calculate log likelihood 
convergence.check is 0.2129419 
Completing Iteration 2 (approx. per word bound = -44.064, relative change = 2.129e-01) 
......................................................................................................
Completed E-Step (15 seconds). 
Completed M-Step (0 seconds). 
calculate log likelihood 
convergence.check is 7.596313e-05 
Model Terminated Before Convergence Reached 
19 models in net 
Beginning Random Initialization 
Initialization with Poisson NMF 
......................................................................................................
Completed E-Step (26 seconds). 
Completed M-Step (0 seconds). 
calculate log likelihood 
Completing Iteration 1 (approx. per word bound = -56.193) 
......................................................................................................
Completed E-Step (13 seconds). 
Completed M-Step (0 seconds). 
calculate log likelihood 
convergence.check is 0.2157688 
Completing Iteration 2 (approx. per word bound = -44.069, relative change = 2.158e-01) 
......................................................................................................
Completed E-Step (12 seconds). 
Completed M-Step (0 seconds). 
calculate log likelihood 
convergence.check is 4.739547e-05 
Model Terminated Before Convergence Reached 
20 models in net 
Beginning Random Initialization 
Initialization with Poisson NMF 
......................................................................................................
Completed E-Step (25 seconds). 
Completed M-Step (0 seconds). 
calculate log likelihood 
Completing Iteration 1 (approx. per word bound = -55.874) 
......................................................................................................
Completed E-Step (14 seconds). 
Completed M-Step (0 seconds). 
calculate log likelihood 
convergence.check is 0.2113506 
Completing Iteration 2 (approx. per word bound = -44.065, relative change = 2.114e-01) 
......................................................................................................
Completed E-Step (14 seconds). 
Completed M-Step (0 seconds). 
calculate log likelihood 
convergence.check is 6.357482e-05 
Model Terminated Before Convergence Reached 
21 models in net 
Beginning Random Initialization 
Initialization with Poisson NMF 
......................................................................................................
Completed E-Step (25 seconds). 
Completed M-Step (0 seconds). 
calculate log likelihood 
Completing Iteration 1 (approx. per word bound = -56.221) 
......................................................................................................
Completed E-Step (16 seconds). 
Completed M-Step (0 seconds). 
calculate log likelihood 
convergence.check is 0.2162724 
Completing Iteration 2 (approx. per word bound = -44.062, relative change = 2.163e-01) 
......................................................................................................
Completed E-Step (15 seconds). 
Completed M-Step (0 seconds). 
calculate log likelihood 
convergence.check is 7.066178e-05 
Model Terminated Before Convergence Reached 
Running select models 
1 select model run 
Initialization with topicScore. 
Initializing factors using Topic SCORE algorithm.
Initializing loadings by running 10 SCD updates.
......................................................................................................
Completed E-Step (19 seconds). 
Completed M-Step (0 seconds). 
calculate log likelihood 
Completing Iteration 1 (approx. per word bound = -43.943) 
......................................................................................................
Completed E-Step (14 seconds). 
Completed M-Step (0 seconds). 
calculate log likelihood 
convergence.check is 4.775225e-05 
Completing Iteration 2 (approx. per word bound = -43.941, relative change = 4.775e-05) 
......................................................................................................
Completed E-Step (14 seconds). 
Completed M-Step (0 seconds). 
calculate log likelihood 
convergence.check is 2.731361e-05 
Completing Iteration 3 (approx. per word bound = -43.940, relative change = 2.731e-05) 
......................................................................................................
Completed E-Step (14 seconds). 
Completed M-Step (0 seconds). 
calculate log likelihood 
convergence.check is 1.951488e-05 
Completing Iteration 4 (approx. per word bound = -43.939, relative change = 1.951e-05) 
......................................................................................................
Completed E-Step (14 seconds). 
Completed M-Step (0 seconds). 
calculate log likelihood 
convergence.check is 1.513306e-05 
Completing Iteration 5 (approx. per word bound = -43.938, relative change = 1.513e-05) 
Topic 1: Gene1091, Gene909, Gene660, Gene300, Gene1011 
 Topic 2: Gene273, Gene776, Gene909, Gene660, Gene1011 
 Topic 3: Gene909, Gene421, Gene1011, Gene679, Gene660 
 Topic 4: Gene1016, Gene660, Gene909, Gene300, Gene1011 
 Topic 5: Gene679, Gene909, Gene1011, Gene1199, Gene430 
......................................................................................................
Completed E-Step (14 seconds). 
Completed M-Step (0 seconds). 
calculate log likelihood 
convergence.check is 1.183499e-05 
Completing Iteration 6 (approx. per word bound = -43.938, relative change = 1.183e-05) 
......................................................................................................
Completed E-Step (13 seconds). 
Completed M-Step (0 seconds). 
calculate log likelihood 
convergence.check is 9.95305e-06 
Completing Iteration 7 (approx. per word bound = -43.938, relative change = 9.953e-06) 
......................................................................................................
Completed E-Step (13 seconds). 
Completed M-Step (0 seconds). 
calculate log likelihood 
convergence.check is 8.437683e-06 
Completing Iteration 8 (approx. per word bound = -43.937, relative change = 8.438e-06) 
......................................................................................................
Completed E-Step (13 seconds). 
Completed M-Step (0 seconds). 
calculate log likelihood 
convergence.check is 7.375413e-06 
Completing Iteration 9 (approx. per word bound = -43.937, relative change = 7.375e-06) 
......................................................................................................
Completed E-Step (13 seconds). 
Completed M-Step (0 seconds). 
calculate log likelihood 
convergence.check is 6.508571e-06 
Completing Iteration 10 (approx. per word bound = -43.937, relative change = 6.509e-06) 
Topic 1: Gene1091, Gene909, Gene660, Gene1011, Gene300 
 Topic 2: Gene273, Gene776, Gene909, Gene660, Gene1011 
 Topic 3: Gene909, Gene421, Gene1011, Gene679, Gene660 
 Topic 4: Gene1016, Gene660, Gene909, Gene300, Gene1011 
 Topic 5: Gene679, Gene909, Gene1011, Gene1199, Gene1139 
......................................................................................................
Completed E-Step (12 seconds). 
Completed M-Step (0 seconds). 
calculate log likelihood 
convergence.check is 5.864325e-06 
Completing Iteration 11 (approx. per word bound = -43.936, relative change = 5.864e-06) 
......................................................................................................
Completed E-Step (12 seconds). 
Completed M-Step (0 seconds). 
calculate log likelihood 
convergence.check is 5.243513e-06 
Completing Iteration 12 (approx. per word bound = -43.936, relative change = 5.244e-06) 
......................................................................................................
Completed E-Step (12 seconds). 
Completed M-Step (0 seconds). 
calculate log likelihood 
convergence.check is 4.713053e-06 
Completing Iteration 13 (approx. per word bound = -43.936, relative change = 4.713e-06) 
......................................................................................................
Completed E-Step (12 seconds). 
Completed M-Step (0 seconds). 
calculate log likelihood 
convergence.check is 4.300527e-06 
Completing Iteration 14 (approx. per word bound = -43.936, relative change = 4.301e-06) 
......................................................................................................
Completed E-Step (11 seconds). 
Completed M-Step (0 seconds). 
calculate log likelihood 
convergence.check is 3.884494e-06 
Completing Iteration 15 (approx. per word bound = -43.936, relative change = 3.884e-06) 
Topic 1: Gene1091, Gene909, Gene660, Gene1011, Gene679 
 Topic 2: Gene273, Gene776, Gene909, Gene660, Gene1011 
 Topic 3: Gene909, Gene421, Gene1011, Gene679, Gene660 
 Topic 4: Gene1016, Gene660, Gene909, Gene300, Gene1011 
 Topic 5: Gene909, Gene679, Gene1011, Gene1139, Gene430 
......................................................................................................
Completed E-Step (11 seconds). 
Completed M-Step (0 seconds). 
calculate log likelihood 
convergence.check is 3.60907e-06 
Completing Iteration 16 (approx. per word bound = -43.935, relative change = 3.609e-06) 
......................................................................................................
Completed E-Step (11 seconds). 
Completed M-Step (0 seconds). 
calculate log likelihood 
convergence.check is 3.239353e-06 
Completing Iteration 17 (approx. per word bound = -43.935, relative change = 3.239e-06) 
......................................................................................................
Completed E-Step (11 seconds). 
Completed M-Step (0 seconds). 
calculate log likelihood 
convergence.check is 3.073419e-06 
Completing Iteration 18 (approx. per word bound = -43.935, relative change = 3.073e-06) 
......................................................................................................
Completed E-Step (11 seconds). 
Completed M-Step (0 seconds). 
calculate log likelihood 
convergence.check is 2.785225e-06 
Completing Iteration 19 (approx. per word bound = -43.935, relative change = 2.785e-06) 
......................................................................................................
Completed E-Step (10 seconds). 
Completed M-Step (0 seconds). 
calculate log likelihood 
convergence.check is 2.690899e-06 
Completing Iteration 20 (approx. per word bound = -43.935, relative change = 2.691e-06) 
Topic 1: Gene1091, Gene909, Gene660, Gene1011, Gene679 
 Topic 2: Gene273, Gene776, Gene909, Gene660, Gene1011 
 Topic 3: Gene909, Gene421, Gene1011, Gene679, Gene660 
 Topic 4: Gene1016, Gene660, Gene909, Gene300, Gene1011 
 Topic 5: Gene909, Gene679, Gene1011, Gene1139, Gene430 
......................................................................................................
Completed E-Step (10 seconds). 
Completed M-Step (0 seconds). 
calculate log likelihood 
convergence.check is 2.42307e-06 
Completing Iteration 21 (approx. per word bound = -43.935, relative change = 2.423e-06) 
......................................................................................................
Completed E-Step (10 seconds). 
Completed M-Step (0 seconds). 
calculate log likelihood 
convergence.check is 2.357752e-06 
Completing Iteration 22 (approx. per word bound = -43.935, relative change = 2.358e-06) 
......................................................................................................
Completed E-Step (11 seconds). 
Completed M-Step (0 seconds). 
calculate log likelihood 
convergence.check is 2.097005e-06 
Completing Iteration 23 (approx. per word bound = -43.935, relative change = 2.097e-06) 
......................................................................................................
Completed E-Step (10 seconds). 
Completed M-Step (0 seconds). 
calculate log likelihood 
convergence.check is 2.110429e-06 
Completing Iteration 24 (approx. per word bound = -43.934, relative change = 2.110e-06) 
......................................................................................................
Completed E-Step (10 seconds). 
Completed M-Step (0 seconds). 
calculate log likelihood 
convergence.check is 1.83292e-06 
Completing Iteration 25 (approx. per word bound = -43.934, relative change = 1.833e-06) 
Topic 1: Gene1091, Gene909, Gene660, Gene1011, Gene679 
 Topic 2: Gene273, Gene776, Gene909, Gene660, Gene1011 
 Topic 3: Gene909, Gene421, Gene1011, Gene679, Gene660 
 Topic 4: Gene1016, Gene660, Gene300, Gene909, Gene1011 
 Topic 5: Gene909, Gene679, Gene1011, Gene1139, Gene430 
......................................................................................................
Completed E-Step (10 seconds). 
Completed M-Step (0 seconds). 
calculate log likelihood 
convergence.check is 1.855586e-06 
Completing Iteration 26 (approx. per word bound = -43.934, relative change = 1.856e-06) 
......................................................................................................
Completed E-Step (10 seconds). 
Completed M-Step (0 seconds). 
calculate log likelihood 
convergence.check is 1.674192e-06 
Completing Iteration 27 (approx. per word bound = -43.934, relative change = 1.674e-06) 
......................................................................................................
Completed E-Step (9 seconds). 
Completed M-Step (0 seconds). 
calculate log likelihood 
convergence.check is 1.659302e-06 
Completing Iteration 28 (approx. per word bound = -43.934, relative change = 1.659e-06) 
......................................................................................................
Completed E-Step (10 seconds). 
Completed M-Step (0 seconds). 
calculate log likelihood 
convergence.check is 1.461948e-06 
Completing Iteration 29 (approx. per word bound = -43.934, relative change = 1.462e-06) 
......................................................................................................
Completed E-Step (9 seconds). 
Completed M-Step (0 seconds). 
calculate log likelihood 
convergence.check is 1.529847e-06 
Completing Iteration 30 (approx. per word bound = -43.934, relative change = 1.530e-06) 
Topic 1: Gene1091, Gene909, Gene660, Gene1011, Gene679 
 Topic 2: Gene273, Gene776, Gene909, Gene660, Gene1011 
 Topic 3: Gene909, Gene421, Gene1011, Gene679, Gene660 
 Topic 4: Gene1016, Gene660, Gene300, Gene909, Gene1011 
 Topic 5: Gene909, Gene679, Gene1011, Gene1139, Gene430 
......................................................................................................
Completed E-Step (10 seconds). 
Completed M-Step (0 seconds). 
calculate log likelihood 
convergence.check is 1.362831e-06 
Completing Iteration 31 (approx. per word bound = -43.934, relative change = 1.363e-06) 
......................................................................................................
Completed E-Step (9 seconds). 
Completed M-Step (0 seconds). 
calculate log likelihood 
convergence.check is 1.367035e-06 
Completing Iteration 32 (approx. per word bound = -43.934, relative change = 1.367e-06) 
......................................................................................................
Completed E-Step (9 seconds). 
Completed M-Step (0 seconds). 
calculate log likelihood 
convergence.check is 1.214241e-06 
Completing Iteration 33 (approx. per word bound = -43.934, relative change = 1.214e-06) 
......................................................................................................
Completed E-Step (9 seconds). 
Completed M-Step (0 seconds). 
calculate log likelihood 
convergence.check is 1.31456e-06 
Completing Iteration 34 (approx. per word bound = -43.934, relative change = 1.315e-06) 
......................................................................................................
Completed E-Step (9 seconds). 
Completed M-Step (0 seconds). 
calculate log likelihood 
convergence.check is 1.149704e-06 
Completing Iteration 35 (approx. per word bound = -43.934, relative change = 1.150e-06) 
Topic 1: Gene1091, Gene909, Gene660, Gene1011, Gene679 
 Topic 2: Gene273, Gene776, Gene909, Gene660, Gene1011 
 Topic 3: Gene909, Gene421, Gene1011, Gene679, Gene660 
 Topic 4: Gene1016, Gene660, Gene300, Gene909, Gene1011 
 Topic 5: Gene909, Gene679, Gene1011, Gene1139, Gene430 
......................................................................................................
Completed E-Step (9 seconds). 
Completed M-Step (0 seconds). 
calculate log likelihood 
convergence.check is 1.162627e-06 
Completing Iteration 36 (approx. per word bound = -43.934, relative change = 1.163e-06) 
......................................................................................................
Completed E-Step (9 seconds). 
Completed M-Step (0 seconds). 
calculate log likelihood 
convergence.check is 1.122449e-06 
Completing Iteration 37 (approx. per word bound = -43.934, relative change = 1.122e-06) 
......................................................................................................
Completed E-Step (9 seconds). 
Completed M-Step (0 seconds). 
calculate log likelihood 
convergence.check is 9.960317e-07 
Model Converged 
2 select model run 
Initialization with topicScore. 
Initializing factors using Topic SCORE algorithm.
Initializing loadings by running 10 SCD updates.
......................................................................................................
Completed E-Step (17 seconds). 
Completed M-Step (0 seconds). 
calculate log likelihood 
Completing Iteration 1 (approx. per word bound = -43.946) 
......................................................................................................
Completed E-Step (13 seconds). 
Completed M-Step (0 seconds). 
calculate log likelihood 
convergence.check is 7.276467e-05 
Completing Iteration 2 (approx. per word bound = -43.942, relative change = 7.276e-05) 
......................................................................................................
Completed E-Step (14 seconds). 
Completed M-Step (0 seconds). 
calculate log likelihood 
convergence.check is 3.46192e-05 
Completing Iteration 3 (approx. per word bound = -43.941, relative change = 3.462e-05) 
......................................................................................................
Completed E-Step (13 seconds). 
Completed M-Step (0 seconds). 
calculate log likelihood 
convergence.check is 2.425681e-05 
Completing Iteration 4 (approx. per word bound = -43.940, relative change = 2.426e-05) 
......................................................................................................
Completed E-Step (13 seconds). 
Completed M-Step (0 seconds). 
calculate log likelihood 
convergence.check is 1.777085e-05 
Completing Iteration 5 (approx. per word bound = -43.939, relative change = 1.777e-05) 
Topic 1: Gene273, Gene776, Gene909, Gene660, Gene1011 
 Topic 2: Gene909, Gene421, Gene1011, Gene679, Gene660 
 Topic 3: Gene1091, Gene909, Gene660, Gene1011, Gene679 
 Topic 4: Gene679, Gene909, Gene1011, Gene1199, Gene430 
 Topic 5: Gene1016, Gene909, Gene660, Gene1011, Gene679 
......................................................................................................
Completed E-Step (13 seconds). 
Completed M-Step (0 seconds). 
calculate log likelihood 
convergence.check is 1.3597e-05 
Completing Iteration 6 (approx. per word bound = -43.939, relative change = 1.360e-05) 
......................................................................................................
Completed E-Step (13 seconds). 
Completed M-Step (0 seconds). 
calculate log likelihood 
convergence.check is 1.079563e-05 
Completing Iteration 7 (approx. per word bound = -43.938, relative change = 1.080e-05) 
......................................................................................................
Completed E-Step (13 seconds). 
Completed M-Step (0 seconds). 
calculate log likelihood 
convergence.check is 8.989165e-06 
Completing Iteration 8 (approx. per word bound = -43.938, relative change = 8.989e-06) 
......................................................................................................
Completed E-Step (13 seconds). 
Completed M-Step (0 seconds). 
calculate log likelihood 
convergence.check is 7.666089e-06 
Completing Iteration 9 (approx. per word bound = -43.937, relative change = 7.666e-06) 
......................................................................................................
Completed E-Step (13 seconds). 
Completed M-Step (0 seconds). 
calculate log likelihood 
convergence.check is 6.682596e-06 
Completing Iteration 10 (approx. per word bound = -43.937, relative change = 6.683e-06) 
Topic 1: Gene273, Gene776, Gene909, Gene660, Gene1011 
 Topic 2: Gene909, Gene421, Gene1011, Gene679, Gene430 
 Topic 3: Gene1091, Gene909, Gene660, Gene1011, Gene679 
 Topic 4: Gene679, Gene909, Gene1011, Gene1199, Gene430 
 Topic 5: Gene1016, Gene909, Gene660, Gene1011, Gene679 
......................................................................................................
Completed E-Step (13 seconds). 
Completed M-Step (0 seconds). 
calculate log likelihood 
convergence.check is 5.851028e-06 
Completing Iteration 11 (approx. per word bound = -43.937, relative change = 5.851e-06) 
......................................................................................................
Completed E-Step (13 seconds). 
Completed M-Step (0 seconds). 
calculate log likelihood 
convergence.check is 5.14364e-06 
Completing Iteration 12 (approx. per word bound = -43.937, relative change = 5.144e-06) 
......................................................................................................
Completed E-Step (12 seconds). 
Completed M-Step (0 seconds). 
calculate log likelihood 
convergence.check is 4.797533e-06 
Completing Iteration 13 (approx. per word bound = -43.936, relative change = 4.798e-06) 
......................................................................................................
Completed E-Step (12 seconds). 
Completed M-Step (0 seconds). 
calculate log likelihood 
convergence.check is 4.135811e-06 
Completing Iteration 14 (approx. per word bound = -43.936, relative change = 4.136e-06) 
......................................................................................................
Completed E-Step (12 seconds). 
Completed M-Step (0 seconds). 
calculate log likelihood 
convergence.check is 3.947309e-06 
Completing Iteration 15 (approx. per word bound = -43.936, relative change = 3.947e-06) 
Topic 1: Gene273, Gene776, Gene909, Gene660, Gene1011 
 Topic 2: Gene909, Gene421, Gene1011, Gene679, Gene430 
 Topic 3: Gene1091, Gene909, Gene660, Gene1011, Gene679 
 Topic 4: Gene909, Gene679, Gene1011, Gene1199, Gene430 
 Topic 5: Gene1016, Gene909, Gene660, Gene1011, Gene679 
......................................................................................................
Completed E-Step (12 seconds). 
Completed M-Step (0 seconds). 
calculate log likelihood 
convergence.check is 3.55331e-06 
Completing Iteration 16 (approx. per word bound = -43.936, relative change = 3.553e-06) 
......................................................................................................
Completed E-Step (12 seconds). 
Completed M-Step (0 seconds). 
calculate log likelihood 
convergence.check is 3.46658e-06 
Completing Iteration 17 (approx. per word bound = -43.936, relative change = 3.467e-06) 
......................................................................................................
Completed E-Step (12 seconds). 
Completed M-Step (0 seconds). 
calculate log likelihood 
convergence.check is 3.278236e-06 
Completing Iteration 18 (approx. per word bound = -43.936, relative change = 3.278e-06) 
......................................................................................................
Completed E-Step (12 seconds). 
Completed M-Step (0 seconds). 
calculate log likelihood 
convergence.check is 3.300838e-06 
Completing Iteration 19 (approx. per word bound = -43.935, relative change = 3.301e-06) 
......................................................................................................
Completed E-Step (12 seconds). 
Completed M-Step (0 seconds). 
calculate log likelihood 
convergence.check is 2.961037e-06 
Completing Iteration 20 (approx. per word bound = -43.935, relative change = 2.961e-06) 
Topic 1: Gene273, Gene776, Gene909, Gene660, Gene1011 
 Topic 2: Gene909, Gene421, Gene1011, Gene679, Gene430 
 Topic 3: Gene1091, Gene909, Gene660, Gene1011, Gene679 
 Topic 4: Gene909, Gene679, Gene1011, Gene1139, Gene430 
 Topic 5: Gene1016, Gene660, Gene909, Gene1011, Gene679 
......................................................................................................
Completed E-Step (11 seconds). 
Completed M-Step (0 seconds). 
calculate log likelihood 
convergence.check is 2.647807e-06 
Completing Iteration 21 (approx. per word bound = -43.935, relative change = 2.648e-06) 
......................................................................................................
Completed E-Step (11 seconds). 
Completed M-Step (0 seconds). 
calculate log likelihood 
convergence.check is 2.200173e-06 
Completing Iteration 22 (approx. per word bound = -43.935, relative change = 2.200e-06) 
......................................................................................................
Completed E-Step (11 seconds). 
Completed M-Step (0 seconds). 
calculate log likelihood 
convergence.check is 2.020008e-06 
Completing Iteration 23 (approx. per word bound = -43.935, relative change = 2.020e-06) 
......................................................................................................
Completed E-Step (11 seconds). 
Completed M-Step (0 seconds). 
calculate log likelihood 
convergence.check is 1.809917e-06 
Completing Iteration 24 (approx. per word bound = -43.935, relative change = 1.810e-06) 
......................................................................................................
Completed E-Step (11 seconds). 
Completed M-Step (0 seconds). 
calculate log likelihood 
convergence.check is 1.642236e-06 
Completing Iteration 25 (approx. per word bound = -43.935, relative change = 1.642e-06) 
Topic 1: Gene273, Gene776, Gene909, Gene660, Gene1011 
 Topic 2: Gene909, Gene421, Gene1011, Gene679, Gene660 
 Topic 3: Gene1091, Gene909, Gene660, Gene1011, Gene679 
 Topic 4: Gene909, Gene679, Gene1011, Gene1139, Gene430 
 Topic 5: Gene1016, Gene660, Gene909, Gene1011, Gene679 
......................................................................................................
Completed E-Step (10 seconds). 
Completed M-Step (0 seconds). 
calculate log likelihood 
convergence.check is 1.434169e-06 
Completing Iteration 26 (approx. per word bound = -43.935, relative change = 1.434e-06) 
......................................................................................................
Completed E-Step (10 seconds). 
Completed M-Step (0 seconds). 
calculate log likelihood 
convergence.check is 1.368927e-06 
Completing Iteration 27 (approx. per word bound = -43.935, relative change = 1.369e-06) 
......................................................................................................
Completed E-Step (10 seconds). 
Completed M-Step (0 seconds). 
calculate log likelihood 
convergence.check is 1.30882e-06 
Completing Iteration 28 (approx. per word bound = -43.935, relative change = 1.309e-06) 
......................................................................................................
Completed E-Step (12 seconds). 
Completed M-Step (0 seconds). 
calculate log likelihood 
convergence.check is 1.189443e-06 
Completing Iteration 29 (approx. per word bound = -43.935, relative change = 1.189e-06) 
......................................................................................................
Completed E-Step (9 seconds). 
Completed M-Step (0 seconds). 
calculate log likelihood 
convergence.check is 1.128591e-06 
Completing Iteration 30 (approx. per word bound = -43.935, relative change = 1.129e-06) 
Topic 1: Gene273, Gene776, Gene909, Gene660, Gene1011 
 Topic 2: Gene909, Gene421, Gene1011, Gene679, Gene660 
 Topic 3: Gene1091, Gene909, Gene660, Gene1011, Gene679 
 Topic 4: Gene909, Gene679, Gene1011, Gene1139, Gene430 
 Topic 5: Gene1016, Gene660, Gene909, Gene1011, Gene679 
......................................................................................................
Completed E-Step (9 seconds). 
Completed M-Step (0 seconds). 
calculate log likelihood 
convergence.check is 9.660308e-07 
Model Converged 
3 select model run 
Initialization with topicScore. 
Initializing factors using Topic SCORE algorithm.
Initializing loadings by running 10 SCD updates.
......................................................................................................
Completed E-Step (16 seconds). 
Completed M-Step (0 seconds). 
calculate log likelihood 
Completing Iteration 1 (approx. per word bound = -43.946) 
......................................................................................................
Completed E-Step (16 seconds). 
Completed M-Step (0 seconds). 
calculate log likelihood 
convergence.check is 6.003205e-05 
Completing Iteration 2 (approx. per word bound = -43.943, relative change = 6.003e-05) 
......................................................................................................
Completed E-Step (15 seconds). 
Completed M-Step (0 seconds). 
calculate log likelihood 
convergence.check is 3.035208e-05 
Completing Iteration 3 (approx. per word bound = -43.942, relative change = 3.035e-05) 
......................................................................................................
Completed E-Step (15 seconds). 
Completed M-Step (0 seconds). 
calculate log likelihood 
convergence.check is 2.196759e-05 
Completing Iteration 4 (approx. per word bound = -43.941, relative change = 2.197e-05) 
......................................................................................................
Completed E-Step (15 seconds). 
Completed M-Step (0 seconds). 
calculate log likelihood 
convergence.check is 1.719503e-05 
Completing Iteration 5 (approx. per word bound = -43.940, relative change = 1.720e-05) 
Topic 1: Gene1091, Gene909, Gene1413, Gene660, Gene1011 
 Topic 2: Gene909, Gene679, Gene1011, Gene430, Gene1139 
 Topic 3: Gene421, Gene909, Gene1011, Gene679, Gene660 
 Topic 4: Gene273, Gene776, Gene660, Gene909, Gene1193 
 Topic 5: Gene1016, Gene660, Gene909, Gene1178, Gene679 
......................................................................................................
Completed E-Step (15 seconds). 
Completed M-Step (0 seconds). 
calculate log likelihood 
convergence.check is 1.42343e-05 
Completing Iteration 6 (approx. per word bound = -43.939, relative change = 1.423e-05) 
......................................................................................................
Completed E-Step (15 seconds). 
Completed M-Step (0 seconds). 
calculate log likelihood 
convergence.check is 1.202001e-05 
Completing Iteration 7 (approx. per word bound = -43.939, relative change = 1.202e-05) 
......................................................................................................
Completed E-Step (15 seconds). 
Completed M-Step (0 seconds). 
calculate log likelihood 
convergence.check is 1.037391e-05 
Completing Iteration 8 (approx. per word bound = -43.938, relative change = 1.037e-05) 
......................................................................................................
Completed E-Step (14 seconds). 
Completed M-Step (0 seconds). 
calculate log likelihood 
convergence.check is 8.942225e-06 
Completing Iteration 9 (approx. per word bound = -43.938, relative change = 8.942e-06) 
......................................................................................................
Completed E-Step (14 seconds). 
Completed M-Step (0 seconds). 
calculate log likelihood 
convergence.check is 7.753776e-06 
Completing Iteration 10 (approx. per word bound = -43.938, relative change = 7.754e-06) 
Topic 1: Gene1091, Gene909, Gene660, Gene1011, Gene1413 
 Topic 2: Gene909, Gene679, Gene1011, Gene430, Gene1139 
 Topic 3: Gene421, Gene909, Gene1011, Gene679, Gene430 
 Topic 4: Gene273, Gene776, Gene660, Gene909, Gene1193 
 Topic 5: Gene1016, Gene660, Gene909, Gene1178, Gene679 
......................................................................................................
Completed E-Step (14 seconds). 
Completed M-Step (0 seconds). 
calculate log likelihood 
convergence.check is 6.752222e-06 
Completing Iteration 11 (approx. per word bound = -43.937, relative change = 6.752e-06) 
......................................................................................................
Completed E-Step (13 seconds). 
Completed M-Step (0 seconds). 
calculate log likelihood 
convergence.check is 5.832759e-06 
Completing Iteration 12 (approx. per word bound = -43.937, relative change = 5.833e-06) 
......................................................................................................
Completed E-Step (13 seconds). 
Completed M-Step (0 seconds). 
calculate log likelihood 
convergence.check is 5.051698e-06 
Completing Iteration 13 (approx. per word bound = -43.937, relative change = 5.052e-06) 
......................................................................................................
Completed E-Step (12 seconds). 
Completed M-Step (0 seconds). 
calculate log likelihood 
convergence.check is 4.362722e-06 
Completing Iteration 14 (approx. per word bound = -43.937, relative change = 4.363e-06) 
......................................................................................................
Completed E-Step (12 seconds). 
Completed M-Step (0 seconds). 
calculate log likelihood 
convergence.check is 3.739961e-06 
Completing Iteration 15 (approx. per word bound = -43.937, relative change = 3.740e-06) 
Topic 1: Gene1091, Gene909, Gene1011, Gene660, Gene679 
 Topic 2: Gene909, Gene679, Gene1011, Gene430, Gene1139 
 Topic 3: Gene421, Gene909, Gene1011, Gene679, Gene430 
 Topic 4: Gene273, Gene776, Gene660, Gene909, Gene300 
 Topic 5: Gene1016, Gene660, Gene909, Gene1178, Gene679 
......................................................................................................
Completed E-Step (12 seconds). 
Completed M-Step (0 seconds). 
calculate log likelihood 
convergence.check is 3.332557e-06 
Completing Iteration 16 (approx. per word bound = -43.936, relative change = 3.333e-06) 
......................................................................................................
Completed E-Step (12 seconds). 
Completed M-Step (0 seconds). 
calculate log likelihood 
convergence.check is 2.956987e-06 
Completing Iteration 17 (approx. per word bound = -43.936, relative change = 2.957e-06) 
......................................................................................................
Completed E-Step (11 seconds). 
Completed M-Step (0 seconds). 
calculate log likelihood 
convergence.check is 2.642738e-06 
Completing Iteration 18 (approx. per word bound = -43.936, relative change = 2.643e-06) 
......................................................................................................
Completed E-Step (11 seconds). 
Completed M-Step (0 seconds). 
calculate log likelihood 
convergence.check is 2.383399e-06 
Completing Iteration 19 (approx. per word bound = -43.936, relative change = 2.383e-06) 
......................................................................................................
Completed E-Step (11 seconds). 
Completed M-Step (0 seconds). 
calculate log likelihood 
convergence.check is 2.114812e-06 
Completing Iteration 20 (approx. per word bound = -43.936, relative change = 2.115e-06) 
Topic 1: Gene1091, Gene909, Gene1011, Gene679, Gene660 
 Topic 2: Gene909, Gene679, Gene1011, Gene430, Gene1139 
 Topic 3: Gene421, Gene909, Gene1011, Gene679, Gene430 
 Topic 4: Gene273, Gene776, Gene660, Gene909, Gene300 
 Topic 5: Gene1016, Gene660, Gene909, Gene1178, Gene679 
......................................................................................................
Completed E-Step (10 seconds). 
Completed M-Step (0 seconds). 
calculate log likelihood 
convergence.check is 1.882841e-06 
Completing Iteration 21 (approx. per word bound = -43.936, relative change = 1.883e-06) 
......................................................................................................
Completed E-Step (10 seconds). 
Completed M-Step (0 seconds). 
calculate log likelihood 
convergence.check is 1.872488e-06 
Completing Iteration 22 (approx. per word bound = -43.936, relative change = 1.872e-06) 
......................................................................................................
Completed E-Step (10 seconds). 
Completed M-Step (0 seconds). 
calculate log likelihood 
convergence.check is 1.728846e-06 
Completing Iteration 23 (approx. per word bound = -43.936, relative change = 1.729e-06) 
......................................................................................................
Completed E-Step (10 seconds). 
Completed M-Step (0 seconds). 
calculate log likelihood 
convergence.check is 1.799303e-06 
Completing Iteration 24 (approx. per word bound = -43.936, relative change = 1.799e-06) 
......................................................................................................
Completed E-Step (10 seconds). 
Completed M-Step (0 seconds). 
calculate log likelihood 
convergence.check is 1.871166e-06 
Completing Iteration 25 (approx. per word bound = -43.936, relative change = 1.871e-06) 
Topic 1: Gene1091, Gene909, Gene1011, Gene679, Gene660 
 Topic 2: Gene909, Gene679, Gene1011, Gene430, Gene1139 
 Topic 3: Gene421, Gene909, Gene1011, Gene679, Gene430 
 Topic 4: Gene273, Gene776, Gene660, Gene909, Gene300 
 Topic 5: Gene1016, Gene660, Gene909, Gene1178, Gene679 
......................................................................................................
Completed E-Step (10 seconds). 
Completed M-Step (0 seconds). 
calculate log likelihood 
convergence.check is 2.073661e-06 
Completing Iteration 26 (approx. per word bound = -43.935, relative change = 2.074e-06) 
......................................................................................................
Completed E-Step (10 seconds). 
Completed M-Step (0 seconds). 
calculate log likelihood 
convergence.check is 1.858226e-06 
Completing Iteration 27 (approx. per word bound = -43.935, relative change = 1.858e-06) 
......................................................................................................
Completed E-Step (9 seconds). 
Completed M-Step (0 seconds). 
calculate log likelihood 
convergence.check is 1.520585e-06 
Completing Iteration 28 (approx. per word bound = -43.935, relative change = 1.521e-06) 
......................................................................................................
Completed E-Step (9 seconds). 
Completed M-Step (0 seconds). 
calculate log likelihood 
convergence.check is 1.219128e-06 
Completing Iteration 29 (approx. per word bound = -43.935, relative change = 1.219e-06) 
......................................................................................................
Completed E-Step (9 seconds). 
Completed M-Step (0 seconds). 
calculate log likelihood 
convergence.check is 1.199845e-06 
Completing Iteration 30 (approx. per word bound = -43.935, relative change = 1.200e-06) 
Topic 1: Gene1091, Gene909, Gene1011, Gene679, Gene660 
 Topic 2: Gene909, Gene679, Gene1011, Gene430, Gene1139 
 Topic 3: Gene421, Gene909, Gene1011, Gene679, Gene430 
 Topic 4: Gene273, Gene776, Gene660, Gene909, Gene300 
 Topic 5: Gene1016, Gene660, Gene909, Gene1178, Gene679 
......................................................................................................
Completed E-Step (9 seconds). 
Completed M-Step (0 seconds). 
calculate log likelihood 
convergence.check is 1.104304e-06 
Completing Iteration 31 (approx. per word bound = -43.935, relative change = 1.104e-06) 
......................................................................................................
Completed E-Step (8 seconds). 
Completed M-Step (0 seconds). 
calculate log likelihood 
convergence.check is 9.89965e-07 
Model Converged 
