sims_1716001992_neg_L1_c5.rds 
Found 6 batches
Using null model in ComBat-seq.
Adjusting for 0 covariate(s) or covariate level(s)
Estimating dispersions
Fitting the GLM model
Shrinkage off - using GLM estimates for parameters
Adjusting the data
Batch Effect Removed 
        R/alignCorpus.R R/asSTMCorpus.R R/checkBeta.R R/cloud.R
value   ?               ?               ?             ?        
visible FALSE           FALSE           FALSE         FALSE    
        R/CompositionChange.R R/convertCorpus.R R/estimateEffect.R
value   ?                     ?                 ?                 
visible FALSE                 FALSE             FALSE             
        R/estimateMixedEffect.R R/exclusivity.R R/findThoughts.R R/findTopic.R
value   ?                       ?               ?                ?            
visible FALSE                   FALSE           FALSE            FALSE        
        R/fitNewDocuments.R R/heldout.R R/jeffreyskappa.R R/labelTopics.R
value   ?                   ?           ?                 ?              
visible FALSE               FALSE       FALSE             FALSE          
        R/makeDesignMatrix.R R/manyTopics.R R/multiSTM.R R/optimalK.R
value   ?                    ?              ?            ?           
visible FALSE                FALSE          FALSE        FALSE       
        R/permute.R R/plot.estimateEffect.R R/plot.fixedEffect.R
value   ?           ?                       ?                   
visible FALSE       FALSE                   FALSE               
        R/plot.searchK.R R/plot.STM.R R/plotModels.R R/plotQuote.R
value   ?                ?            ?              ?            
visible FALSE            FALSE        FALSE          FALSE        
        R/plotRemoved.R R/plottingutilfns.R R/plotTopicLoess.R
value   ?               ?                   ?                 
visible FALSE           FALSE               FALSE             
        R/prepDocuments.R R/prepsce.R R/produce_cmatrix.R R/RcppExports.R
value   ?                 ?           ?                   ?              
visible FALSE             FALSE       FALSE               FALSE          
        R/readCorpus.R R/residuals.R R/s.R R/sageLabels.R R/scSTM.R
value   ?              ?             ?     ?              ?        
visible FALSE          FALSE         FALSE FALSE          FALSE    
        R/selectModel.R R/semanticCoherence.R R/simBetas.R R/spectral.R
value   ?               ?                     ?            ?           
visible FALSE           FALSE                 FALSE        FALSE       
        R/stm-package.R R/stm.control.R R/STMbound.R R/STMconvergence.R
value   NULL            ?               ?            ?                 
visible TRUE            FALSE           FALSE        FALSE             
        R/STMestep.R R/STMfunctions.R R/STMinit.R R/STMinitLikelihood.R
value   ?            ?                ?           ?                    
visible FALSE        FALSE            FALSE       FALSE                
        R/STMlncpp.R R/STMmnreg.R R/STMmu.R R/STMoptbeta.R R/STMreport.R
value   ?            ?            ?         ?              ?            
visible FALSE        FALSE        FALSE     FALSE          FALSE        
        R/STMsigma.R R/STMsigs.R R/STMsubset.R R/summary.STM.R R/tau.R
value   ?            ?           ?             ?               ?      
visible FALSE        FALSE       FALSE         FALSE           FALSE  
        R/textProcessor.R R/thetaPosterior.R R/toLDAvis.R R/topicCorr.R
value   ?                 ?                  ?            ?            
visible FALSE             FALSE              FALSE        FALSE        
        R/topicLasso.R R/topicQuality.R R/writeLdac.R R/zzz.R
value   ?              ?                ?             ?      
visible FALSE          FALSE            FALSE         FALSE  
Casting net 
1 models in net 
Initialization with topicScore. 
Initializing factors using Topic SCORE algorithm.
Initializing loadings by running 10 SCD updates.
......................................................................................................
Completed E-Step (18 seconds). 
Completed M-Step (0 seconds). 
calculate log likelihood 
Completing Iteration 1 (approx. per word bound = -53.220) 
......................................................................................................
Completed E-Step (16 seconds). 
Completed M-Step (0 seconds). 
calculate log likelihood 
convergence.check is 9.582642e-05 
Completing Iteration 2 (approx. per word bound = -53.215, relative change = 9.583e-05) 
......................................................................................................
Completed E-Step (17 seconds). 
Completed M-Step (0 seconds). 
calculate log likelihood 
convergence.check is 7.08587e-05 
Model Terminated Before Convergence Reached 
2 models in net 
Initialization with topicScore. 
Initializing factors using Topic SCORE algorithm.
Initializing loadings by running 10 SCD updates.
......................................................................................................
Completed E-Step (18 seconds). 
Completed M-Step (0 seconds). 
calculate log likelihood 
Completing Iteration 1 (approx. per word bound = -53.211) 
......................................................................................................
Completed E-Step (16 seconds). 
Completed M-Step (0 seconds). 
calculate log likelihood 
convergence.check is 5.592171e-05 
Completing Iteration 2 (approx. per word bound = -53.208, relative change = 5.592e-05) 
......................................................................................................
Completed E-Step (17 seconds). 
Completed M-Step (0 seconds). 
calculate log likelihood 
convergence.check is 4.846624e-05 
Model Terminated Before Convergence Reached 
3 models in net 
Initialization with topicScore. 
Initializing factors using Topic SCORE algorithm.
Initializing loadings by running 10 SCD updates.
......................................................................................................
Completed E-Step (20 seconds). 
Completed M-Step (0 seconds). 
calculate log likelihood 
Completing Iteration 1 (approx. per word bound = -53.204) 
......................................................................................................
Completed E-Step (16 seconds). 
Completed M-Step (0 seconds). 
calculate log likelihood 
convergence.check is 6.266448e-05 
Completing Iteration 2 (approx. per word bound = -53.201, relative change = 6.266e-05) 
......................................................................................................
Completed E-Step (16 seconds). 
Completed M-Step (0 seconds). 
calculate log likelihood 
convergence.check is 5.205009e-05 
Model Terminated Before Convergence Reached 
4 models in net 
Initialization with topicScore. 
Initializing factors using Topic SCORE algorithm.
Initializing loadings by running 10 SCD updates.
......................................................................................................
Completed E-Step (18 seconds). 
Completed M-Step (0 seconds). 
calculate log likelihood 
Completing Iteration 1 (approx. per word bound = -53.198) 
......................................................................................................
Completed E-Step (17 seconds). 
Completed M-Step (0 seconds). 
calculate log likelihood 
convergence.check is 3.129082e-05 
Completing Iteration 2 (approx. per word bound = -53.197, relative change = 3.129e-05) 
......................................................................................................
Completed E-Step (16 seconds). 
Completed M-Step (0 seconds). 
calculate log likelihood 
convergence.check is 1.700788e-05 
Model Terminated Before Convergence Reached 
5 models in net 
Initialization with topicScore. 
Initializing factors using Topic SCORE algorithm.
Initializing loadings by running 10 SCD updates.
......................................................................................................
Completed E-Step (21 seconds). 
Completed M-Step (0 seconds). 
calculate log likelihood 
Completing Iteration 1 (approx. per word bound = -53.212) 
......................................................................................................
Completed E-Step (16 seconds). 
Completed M-Step (0 seconds). 
calculate log likelihood 
convergence.check is 4.921533e-05 
Completing Iteration 2 (approx. per word bound = -53.209, relative change = 4.922e-05) 
......................................................................................................
Completed E-Step (15 seconds). 
Completed M-Step (0 seconds). 
calculate log likelihood 
convergence.check is 3.338068e-05 
Model Terminated Before Convergence Reached 
6 models in net 
Initialization with topicScore. 
Initializing factors using Topic SCORE algorithm.
Initializing loadings by running 10 SCD updates.
......................................................................................................
Completed E-Step (18 seconds). 
Completed M-Step (0 seconds). 
calculate log likelihood 
Completing Iteration 1 (approx. per word bound = -53.227) 
......................................................................................................
Completed E-Step (16 seconds). 
Completed M-Step (0 seconds). 
calculate log likelihood 
convergence.check is 6.852764e-05 
Completing Iteration 2 (approx. per word bound = -53.224, relative change = 6.853e-05) 
......................................................................................................
Completed E-Step (16 seconds). 
Completed M-Step (0 seconds). 
calculate log likelihood 
convergence.check is 5.430719e-05 
Model Terminated Before Convergence Reached 
7 models in net 
Initialization with topicScore. 
Initializing factors using Topic SCORE algorithm.
Initializing loadings by running 10 SCD updates.
......................................................................................................
Completed E-Step (17 seconds). 
Completed M-Step (0 seconds). 
calculate log likelihood 
Completing Iteration 1 (approx. per word bound = -53.204) 
......................................................................................................
Completed E-Step (17 seconds). 
Completed M-Step (0 seconds). 
calculate log likelihood 
convergence.check is 3.416437e-05 
Completing Iteration 2 (approx. per word bound = -53.202, relative change = 3.416e-05) 
......................................................................................................
Completed E-Step (16 seconds). 
Completed M-Step (0 seconds). 
calculate log likelihood 
convergence.check is 2.246895e-05 
Model Terminated Before Convergence Reached 
8 models in net 
Initialization with topicScore. 
Initializing factors using Topic SCORE algorithm.
Initializing loadings by running 10 SCD updates.
......................................................................................................
Completed E-Step (17 seconds). 
Completed M-Step (0 seconds). 
calculate log likelihood 
Completing Iteration 1 (approx. per word bound = -53.199) 
......................................................................................................
Completed E-Step (17 seconds). 
Completed M-Step (0 seconds). 
calculate log likelihood 
convergence.check is 3.485382e-05 
Completing Iteration 2 (approx. per word bound = -53.197, relative change = 3.485e-05) 
......................................................................................................
Completed E-Step (16 seconds). 
Completed M-Step (0 seconds). 
calculate log likelihood 
convergence.check is 2.121903e-05 
Model Terminated Before Convergence Reached 
9 models in net 
Initialization with topicScore. 
Initializing factors using Topic SCORE algorithm.
Initializing loadings by running 10 SCD updates.
......................................................................................................
Completed E-Step (20 seconds). 
Completed M-Step (0 seconds). 
calculate log likelihood 
Completing Iteration 1 (approx. per word bound = -53.195) 
......................................................................................................
Completed E-Step (16 seconds). 
Completed M-Step (0 seconds). 
calculate log likelihood 
convergence.check is 2.701706e-05 
Completing Iteration 2 (approx. per word bound = -53.194, relative change = 2.702e-05) 
......................................................................................................
Completed E-Step (15 seconds). 
Completed M-Step (0 seconds). 
calculate log likelihood 
convergence.check is 1.57387e-05 
Model Terminated Before Convergence Reached 
10 models in net 
Initialization with topicScore. 
Initializing factors using Topic SCORE algorithm.
Initializing loadings by running 10 SCD updates.
......................................................................................................
Completed E-Step (17 seconds). 
Completed M-Step (0 seconds). 
calculate log likelihood 
Completing Iteration 1 (approx. per word bound = -53.216) 
......................................................................................................
Completed E-Step (17 seconds). 
Completed M-Step (0 seconds). 
calculate log likelihood 
convergence.check is 5.428526e-05 
Completing Iteration 2 (approx. per word bound = -53.213, relative change = 5.429e-05) 
......................................................................................................
Completed E-Step (17 seconds). 
Completed M-Step (0 seconds). 
calculate log likelihood 
convergence.check is 4.103722e-05 
Model Terminated Before Convergence Reached 
11 models in net 
Beginning Spectral Initialization 
	 Calculating the gram matrix...
	 Finding anchor words...
 	.....
	 Recovering initialization...
 	....
Initialization complete.
......................................................................................................
Completed E-Step (24 seconds). 
Completed M-Step (0 seconds). 
calculate log likelihood 
Completing Iteration 1 (approx. per word bound = -53.214) 
......................................................................................................
Completed E-Step (15 seconds). 
Completed M-Step (0 seconds). 
calculate log likelihood 
convergence.check is 0.0001975905 
Completing Iteration 2 (approx. per word bound = -53.203, relative change = 1.976e-04) 
......................................................................................................
Completed E-Step (14 seconds). 
Completed M-Step (0 seconds). 
calculate log likelihood 
convergence.check is 0.0001486851 
Model Terminated Before Convergence Reached 
12 models in net 
Beginning Random Initialization 
Initialization with Poisson NMF 
......................................................................................................
Completed E-Step (28 seconds). 
Completed M-Step (0 seconds). 
calculate log likelihood 
Completing Iteration 1 (approx. per word bound = -70.173) 
......................................................................................................
Completed E-Step (16 seconds). 
Completed M-Step (0 seconds). 
calculate log likelihood 
convergence.check is 0.2397567 
Completing Iteration 2 (approx. per word bound = -53.349, relative change = 2.398e-01) 
......................................................................................................
Completed E-Step (16 seconds). 
Completed M-Step (0 seconds). 
calculate log likelihood 
convergence.check is 0.0002847803 
Model Terminated Before Convergence Reached 
13 models in net 
Beginning Random Initialization 
Initialization with Poisson NMF 
......................................................................................................
Completed E-Step (29 seconds). 
Completed M-Step (0 seconds). 
calculate log likelihood 
Completing Iteration 1 (approx. per word bound = -70.756) 
......................................................................................................
Completed E-Step (17 seconds). 
Completed M-Step (0 seconds). 
calculate log likelihood 
convergence.check is 0.245973 
Completing Iteration 2 (approx. per word bound = -53.352, relative change = 2.460e-01) 
......................................................................................................
Completed E-Step (16 seconds). 
Completed M-Step (0 seconds). 
calculate log likelihood 
convergence.check is 0.0003301815 
Model Terminated Before Convergence Reached 
14 models in net 
Beginning Random Initialization 
Initialization with Poisson NMF 
......................................................................................................
Completed E-Step (25 seconds). 
Completed M-Step (0 seconds). 
calculate log likelihood 
Completing Iteration 1 (approx. per word bound = -71.100) 
......................................................................................................
Completed E-Step (17 seconds). 
Completed M-Step (0 seconds). 
calculate log likelihood 
convergence.check is 0.2496721 
Completing Iteration 2 (approx. per word bound = -53.349, relative change = 2.497e-01) 
......................................................................................................
Completed E-Step (16 seconds). 
Completed M-Step (0 seconds). 
calculate log likelihood 
convergence.check is 0.0001271604 
Model Terminated Before Convergence Reached 
15 models in net 
Beginning Random Initialization 
Initialization with Poisson NMF 
......................................................................................................
Completed E-Step (28 seconds). 
Completed M-Step (0 seconds). 
calculate log likelihood 
Completing Iteration 1 (approx. per word bound = -71.137) 
......................................................................................................
Completed E-Step (15 seconds). 
Completed M-Step (0 seconds). 
calculate log likelihood 
convergence.check is 0.2500636 
Completing Iteration 2 (approx. per word bound = -53.348, relative change = 2.501e-01) 
......................................................................................................
Completed E-Step (16 seconds). 
Completed M-Step (0 seconds). 
calculate log likelihood 
convergence.check is 0.0001148296 
Model Terminated Before Convergence Reached 
16 models in net 
Beginning Random Initialization 
Initialization with Poisson NMF 
......................................................................................................
Completed E-Step (36 seconds). 
Completed M-Step (0 seconds). 
calculate log likelihood 
Completing Iteration 1 (approx. per word bound = -70.939) 
......................................................................................................
Completed E-Step (19 seconds). 
Completed M-Step (0 seconds). 
calculate log likelihood 
convergence.check is 0.2479358 
Completing Iteration 2 (approx. per word bound = -53.351, relative change = 2.479e-01) 
......................................................................................................
Completed E-Step (16 seconds). 
Completed M-Step (0 seconds). 
calculate log likelihood 
convergence.check is 0.0002896736 
Model Terminated Before Convergence Reached 
17 models in net 
Beginning Random Initialization 
Initialization with Poisson NMF 
......................................................................................................
Completed E-Step (29 seconds). 
Completed M-Step (0 seconds). 
calculate log likelihood 
Completing Iteration 1 (approx. per word bound = -70.619) 
......................................................................................................
Completed E-Step (15 seconds). 
Completed M-Step (0 seconds). 
calculate log likelihood 
convergence.check is 0.2446739 
Completing Iteration 2 (approx. per word bound = -53.340, relative change = 2.447e-01) 
......................................................................................................
Completed E-Step (15 seconds). 
Completed M-Step (0 seconds). 
calculate log likelihood 
convergence.check is 0.000295355 
Model Terminated Before Convergence Reached 
18 models in net 
Beginning Random Initialization 
Initialization with Poisson NMF 
......................................................................................................
Completed E-Step (26 seconds). 
Completed M-Step (0 seconds). 
calculate log likelihood 
Completing Iteration 1 (approx. per word bound = -70.730) 
......................................................................................................
Completed E-Step (17 seconds). 
Completed M-Step (0 seconds). 
calculate log likelihood 
convergence.check is 0.2457589 
Completing Iteration 2 (approx. per word bound = -53.348, relative change = 2.458e-01) 
......................................................................................................
Completed E-Step (17 seconds). 
Completed M-Step (0 seconds). 
calculate log likelihood 
convergence.check is 0.0001383805 
Model Terminated Before Convergence Reached 
19 models in net 
Beginning Random Initialization 
Initialization with Poisson NMF 
......................................................................................................
Completed E-Step (30 seconds). 
Completed M-Step (0 seconds). 
calculate log likelihood 
Completing Iteration 1 (approx. per word bound = -70.803) 
......................................................................................................
Completed E-Step (18 seconds). 
Completed M-Step (0 seconds). 
calculate log likelihood 
convergence.check is 0.2464386 
Completing Iteration 2 (approx. per word bound = -53.354, relative change = 2.464e-01) 
......................................................................................................
Completed E-Step (16 seconds). 
Completed M-Step (0 seconds). 
calculate log likelihood 
convergence.check is 0.0001074768 
Model Terminated Before Convergence Reached 
20 models in net 
Beginning Random Initialization 
Initialization with Poisson NMF 
......................................................................................................
Completed E-Step (24 seconds). 
Completed M-Step (0 seconds). 
calculate log likelihood 
Completing Iteration 1 (approx. per word bound = -72.005) 
......................................................................................................
Completed E-Step (16 seconds). 
Completed M-Step (0 seconds). 
calculate log likelihood 
convergence.check is 0.2592754 
Completing Iteration 2 (approx. per word bound = -53.336, relative change = 2.593e-01) 
......................................................................................................
Completed E-Step (16 seconds). 
Completed M-Step (0 seconds). 
calculate log likelihood 
convergence.check is 0.000204011 
Model Terminated Before Convergence Reached 
21 models in net 
Beginning Random Initialization 
Initialization with Poisson NMF 
......................................................................................................
Completed E-Step (30 seconds). 
Completed M-Step (0 seconds). 
calculate log likelihood 
Completing Iteration 1 (approx. per word bound = -70.714) 
......................................................................................................
Completed E-Step (17 seconds). 
Completed M-Step (0 seconds). 
calculate log likelihood 
convergence.check is 0.2456888 
Completing Iteration 2 (approx. per word bound = -53.340, relative change = 2.457e-01) 
......................................................................................................
Completed E-Step (16 seconds). 
Completed M-Step (0 seconds). 
calculate log likelihood 
convergence.check is 0.0003911392 
Model Terminated Before Convergence Reached 
Running select models 
1 select model run 
Initialization with topicScore. 
Initializing factors using Topic SCORE algorithm.
Initializing loadings by running 10 SCD updates.
......................................................................................................
Completed E-Step (17 seconds). 
Completed M-Step (0 seconds). 
calculate log likelihood 
Completing Iteration 1 (approx. per word bound = -53.195) 
......................................................................................................
Completed E-Step (16 seconds). 
Completed M-Step (0 seconds). 
calculate log likelihood 
convergence.check is 2.701706e-05 
Completing Iteration 2 (approx. per word bound = -53.194, relative change = 2.702e-05) 
......................................................................................................
Completed E-Step (16 seconds). 
Completed M-Step (0 seconds). 
calculate log likelihood 
convergence.check is 1.57387e-05 
Completing Iteration 3 (approx. per word bound = -53.193, relative change = 1.574e-05) 
......................................................................................................
Completed E-Step (16 seconds). 
Completed M-Step (0 seconds). 
calculate log likelihood 
convergence.check is 1.476961e-05 
Completing Iteration 4 (approx. per word bound = -53.192, relative change = 1.477e-05) 
......................................................................................................
Completed E-Step (16 seconds). 
Completed M-Step (0 seconds). 
calculate log likelihood 
convergence.check is 1.380591e-05 
Completing Iteration 5 (approx. per word bound = -53.191, relative change = 1.381e-05) 
Topic 1: Gene52, Gene832, Gene36, Gene91, Gene489 
 Topic 2: Gene52, Gene832, Gene882, Gene152, Gene537 
 Topic 3: Gene91, Gene489, Gene832, Gene886, Gene152 
 Topic 4: Gene52, Gene36, Gene952, Gene489, Gene152 
 Topic 5: Gene36, Gene952, Gene912, Gene752, Gene91 
......................................................................................................
Completed E-Step (16 seconds). 
Completed M-Step (0 seconds). 
calculate log likelihood 
convergence.check is 1.307574e-05 
Completing Iteration 6 (approx. per word bound = -53.191, relative change = 1.308e-05) 
......................................................................................................
Completed E-Step (15 seconds). 
Completed M-Step (0 seconds). 
calculate log likelihood 
convergence.check is 1.246694e-05 
Completing Iteration 7 (approx. per word bound = -53.190, relative change = 1.247e-05) 
......................................................................................................
Completed E-Step (16 seconds). 
Completed M-Step (0 seconds). 
calculate log likelihood 
convergence.check is 1.197687e-05 
Completing Iteration 8 (approx. per word bound = -53.189, relative change = 1.198e-05) 
......................................................................................................
Completed E-Step (15 seconds). 
Completed M-Step (0 seconds). 
calculate log likelihood 
convergence.check is 1.160035e-05 
Completing Iteration 9 (approx. per word bound = -53.189, relative change = 1.160e-05) 
......................................................................................................
Completed E-Step (15 seconds). 
Completed M-Step (0 seconds). 
calculate log likelihood 
convergence.check is 1.075088e-05 
Completing Iteration 10 (approx. per word bound = -53.188, relative change = 1.075e-05) 
Topic 1: Gene52, Gene832, Gene36, Gene91, Gene489 
 Topic 2: Gene52, Gene832, Gene882, Gene152, Gene216 
 Topic 3: Gene91, Gene489, Gene832, Gene886, Gene152 
 Topic 4: Gene52, Gene36, Gene952, Gene489, Gene152 
 Topic 5: Gene36, Gene952, Gene912, Gene752, Gene91 
......................................................................................................
Completed E-Step (16 seconds). 
Completed M-Step (0 seconds). 
calculate log likelihood 
convergence.check is 1.081527e-05 
Completing Iteration 11 (approx. per word bound = -53.188, relative change = 1.082e-05) 
......................................................................................................
Completed E-Step (15 seconds). 
Completed M-Step (0 seconds). 
calculate log likelihood 
convergence.check is 1.021599e-05 
Completing Iteration 12 (approx. per word bound = -53.187, relative change = 1.022e-05) 
......................................................................................................
Completed E-Step (15 seconds). 
Completed M-Step (0 seconds). 
calculate log likelihood 
convergence.check is 1.025341e-05 
Completing Iteration 13 (approx. per word bound = -53.186, relative change = 1.025e-05) 
......................................................................................................
Completed E-Step (15 seconds). 
Completed M-Step (0 seconds). 
calculate log likelihood 
convergence.check is 9.677321e-06 
Completing Iteration 14 (approx. per word bound = -53.186, relative change = 9.677e-06) 
......................................................................................................
Completed E-Step (15 seconds). 
Completed M-Step (0 seconds). 
calculate log likelihood 
convergence.check is 9.753343e-06 
Completing Iteration 15 (approx. per word bound = -53.185, relative change = 9.753e-06) 
Topic 1: Gene52, Gene832, Gene36, Gene91, Gene489 
 Topic 2: Gene52, Gene832, Gene882, Gene152, Gene216 
 Topic 3: Gene91, Gene832, Gene489, Gene886, Gene752 
 Topic 4: Gene52, Gene36, Gene952, Gene489, Gene152 
 Topic 5: Gene36, Gene952, Gene912, Gene752, Gene91 
......................................................................................................
Completed E-Step (15 seconds). 
Completed M-Step (0 seconds). 
calculate log likelihood 
convergence.check is 9.263343e-06 
Completing Iteration 16 (approx. per word bound = -53.185, relative change = 9.263e-06) 
......................................................................................................
Completed E-Step (14 seconds). 
Completed M-Step (0 seconds). 
calculate log likelihood 
convergence.check is 9.227106e-06 
Completing Iteration 17 (approx. per word bound = -53.184, relative change = 9.227e-06) 
......................................................................................................
Completed E-Step (15 seconds). 
Completed M-Step (0 seconds). 
calculate log likelihood 
convergence.check is 9.206982e-06 
Completing Iteration 18 (approx. per word bound = -53.184, relative change = 9.207e-06) 
......................................................................................................
Completed E-Step (14 seconds). 
Completed M-Step (0 seconds). 
calculate log likelihood 
convergence.check is 8.965263e-06 
Completing Iteration 19 (approx. per word bound = -53.183, relative change = 8.965e-06) 
......................................................................................................
Completed E-Step (15 seconds). 
Completed M-Step (0 seconds). 
calculate log likelihood 
convergence.check is 8.423044e-06 
Completing Iteration 20 (approx. per word bound = -53.183, relative change = 8.423e-06) 
Topic 1: Gene52, Gene832, Gene36, Gene91, Gene489 
 Topic 2: Gene52, Gene832, Gene882, Gene152, Gene216 
 Topic 3: Gene91, Gene832, Gene489, Gene886, Gene752 
 Topic 4: Gene52, Gene36, Gene952, Gene489, Gene152 
 Topic 5: Gene36, Gene952, Gene912, Gene752, Gene91 
......................................................................................................
Completed E-Step (18 seconds). 
Completed M-Step (0 seconds). 
calculate log likelihood 
convergence.check is 8.66923e-06 
Completing Iteration 21 (approx. per word bound = -53.183, relative change = 8.669e-06) 
......................................................................................................
Completed E-Step (14 seconds). 
Completed M-Step (0 seconds). 
calculate log likelihood 
convergence.check is 8.252767e-06 
Completing Iteration 22 (approx. per word bound = -53.182, relative change = 8.253e-06) 
......................................................................................................
Completed E-Step (14 seconds). 
Completed M-Step (0 seconds). 
calculate log likelihood 
convergence.check is 8.357097e-06 
Completing Iteration 23 (approx. per word bound = -53.182, relative change = 8.357e-06) 
......................................................................................................
Completed E-Step (14 seconds). 
Completed M-Step (0 seconds). 
calculate log likelihood 
convergence.check is 7.871569e-06 
Completing Iteration 24 (approx. per word bound = -53.181, relative change = 7.872e-06) 
......................................................................................................
Completed E-Step (14 seconds). 
Completed M-Step (0 seconds). 
calculate log likelihood 
convergence.check is 7.964936e-06 
Completing Iteration 25 (approx. per word bound = -53.181, relative change = 7.965e-06) 
Topic 1: Gene52, Gene832, Gene36, Gene91, Gene489 
 Topic 2: Gene52, Gene832, Gene882, Gene152, Gene910 
 Topic 3: Gene91, Gene832, Gene489, Gene886, Gene912 
 Topic 4: Gene52, Gene36, Gene952, Gene489, Gene152 
 Topic 5: Gene36, Gene952, Gene912, Gene91, Gene752 
......................................................................................................
Completed E-Step (14 seconds). 
Completed M-Step (0 seconds). 
calculate log likelihood 
convergence.check is 7.755498e-06 
Completing Iteration 26 (approx. per word bound = -53.180, relative change = 7.755e-06) 
......................................................................................................
Completed E-Step (14 seconds). 
Completed M-Step (0 seconds). 
calculate log likelihood 
convergence.check is 7.48788e-06 
Completing Iteration 27 (approx. per word bound = -53.180, relative change = 7.488e-06) 
......................................................................................................
Completed E-Step (14 seconds). 
Completed M-Step (0 seconds). 
calculate log likelihood 
convergence.check is 6.914552e-06 
Completing Iteration 28 (approx. per word bound = -53.180, relative change = 6.915e-06) 
......................................................................................................
Completed E-Step (14 seconds). 
Completed M-Step (0 seconds). 
calculate log likelihood 
convergence.check is 7.048423e-06 
Completing Iteration 29 (approx. per word bound = -53.179, relative change = 7.048e-06) 
......................................................................................................
Completed E-Step (13 seconds). 
Completed M-Step (0 seconds). 
calculate log likelihood 
convergence.check is 6.721114e-06 
Completing Iteration 30 (approx. per word bound = -53.179, relative change = 6.721e-06) 
Topic 1: Gene52, Gene832, Gene36, Gene91, Gene489 
 Topic 2: Gene52, Gene832, Gene882, Gene152, Gene910 
 Topic 3: Gene91, Gene832, Gene489, Gene886, Gene912 
 Topic 4: Gene52, Gene36, Gene952, Gene489, Gene152 
 Topic 5: Gene36, Gene952, Gene912, Gene91, Gene489 
......................................................................................................
Completed E-Step (14 seconds). 
Completed M-Step (0 seconds). 
calculate log likelihood 
convergence.check is 6.497561e-06 
Completing Iteration 31 (approx. per word bound = -53.179, relative change = 6.498e-06) 
......................................................................................................
Completed E-Step (14 seconds). 
Completed M-Step (0 seconds). 
calculate log likelihood 
convergence.check is 6.226718e-06 
Completing Iteration 32 (approx. per word bound = -53.178, relative change = 6.227e-06) 
......................................................................................................
Completed E-Step (14 seconds). 
Completed M-Step (0 seconds). 
calculate log likelihood 
convergence.check is 5.901721e-06 
Completing Iteration 33 (approx. per word bound = -53.178, relative change = 5.902e-06) 
......................................................................................................
Completed E-Step (13 seconds). 
Completed M-Step (0 seconds). 
calculate log likelihood 
convergence.check is 5.650419e-06 
Completing Iteration 34 (approx. per word bound = -53.178, relative change = 5.650e-06) 
......................................................................................................
Completed E-Step (13 seconds). 
Completed M-Step (0 seconds). 
calculate log likelihood 
convergence.check is 5.291834e-06 
Completing Iteration 35 (approx. per word bound = -53.177, relative change = 5.292e-06) 
Topic 1: Gene52, Gene832, Gene36, Gene91, Gene489 
 Topic 2: Gene52, Gene832, Gene882, Gene152, Gene910 
 Topic 3: Gene91, Gene832, Gene489, Gene886, Gene912 
 Topic 4: Gene52, Gene36, Gene952, Gene489, Gene152 
 Topic 5: Gene36, Gene952, Gene91, Gene912, Gene489 
......................................................................................................
Completed E-Step (13 seconds). 
Completed M-Step (0 seconds). 
calculate log likelihood 
convergence.check is 5.090904e-06 
Completing Iteration 36 (approx. per word bound = -53.177, relative change = 5.091e-06) 
......................................................................................................
Completed E-Step (13 seconds). 
Completed M-Step (0 seconds). 
calculate log likelihood 
convergence.check is 4.694085e-06 
Completing Iteration 37 (approx. per word bound = -53.177, relative change = 4.694e-06) 
......................................................................................................
Completed E-Step (13 seconds). 
Completed M-Step (0 seconds). 
calculate log likelihood 
convergence.check is 4.395894e-06 
Completing Iteration 38 (approx. per word bound = -53.177, relative change = 4.396e-06) 
......................................................................................................
Completed E-Step (13 seconds). 
Completed M-Step (0 seconds). 
calculate log likelihood 
convergence.check is 4.167665e-06 
Completing Iteration 39 (approx. per word bound = -53.176, relative change = 4.168e-06) 
......................................................................................................
Completed E-Step (10 seconds). 
Completed M-Step (0 seconds). 
calculate log likelihood 
convergence.check is 3.895135e-06 
Completing Iteration 40 (approx. per word bound = -53.176, relative change = 3.895e-06) 
Topic 1: Gene52, Gene832, Gene36, Gene91, Gene489 
 Topic 2: Gene52, Gene832, Gene882, Gene152, Gene910 
 Topic 3: Gene91, Gene832, Gene489, Gene886, Gene912 
 Topic 4: Gene52, Gene36, Gene952, Gene489, Gene152 
 Topic 5: Gene36, Gene91, Gene952, Gene912, Gene489 
......................................................................................................
Completed E-Step (9 seconds). 
Completed M-Step (0 seconds). 
calculate log likelihood 
convergence.check is 3.659092e-06 
Completing Iteration 41 (approx. per word bound = -53.176, relative change = 3.659e-06) 
......................................................................................................
Completed E-Step (13 seconds). 
Completed M-Step (0 seconds). 
calculate log likelihood 
convergence.check is 3.859125e-06 
Completing Iteration 42 (approx. per word bound = -53.176, relative change = 3.859e-06) 
......................................................................................................
Completed E-Step (13 seconds). 
Completed M-Step (0 seconds). 
calculate log likelihood 
convergence.check is 2.97673e-06 
Completing Iteration 43 (approx. per word bound = -53.176, relative change = 2.977e-06) 
......................................................................................................
Completed E-Step (13 seconds). 
Completed M-Step (0 seconds). 
calculate log likelihood 
convergence.check is 2.80685e-06 
Completing Iteration 44 (approx. per word bound = -53.175, relative change = 2.807e-06) 
......................................................................................................
Completed E-Step (14 seconds). 
Completed M-Step (0 seconds). 
calculate log likelihood 
convergence.check is 2.786743e-06 
Completing Iteration 45 (approx. per word bound = -53.175, relative change = 2.787e-06) 
Topic 1: Gene52, Gene832, Gene36, Gene91, Gene489 
 Topic 2: Gene52, Gene832, Gene882, Gene910, Gene152 
 Topic 3: Gene91, Gene832, Gene886, Gene489, Gene912 
 Topic 4: Gene52, Gene36, Gene952, Gene489, Gene152 
 Topic 5: Gene36, Gene91, Gene952, Gene489, Gene912 
......................................................................................................
Completed E-Step (14 seconds). 
Completed M-Step (0 seconds). 
calculate log likelihood 
convergence.check is 2.505242e-06 
Completing Iteration 46 (approx. per word bound = -53.175, relative change = 2.505e-06) 
......................................................................................................
Completed E-Step (14 seconds). 
Completed M-Step (0 seconds). 
calculate log likelihood 
convergence.check is 2.433954e-06 
Completing Iteration 47 (approx. per word bound = -53.175, relative change = 2.434e-06) 
......................................................................................................
Completed E-Step (14 seconds). 
Completed M-Step (0 seconds). 
calculate log likelihood 
convergence.check is 2.348794e-06 
Completing Iteration 48 (approx. per word bound = -53.175, relative change = 2.349e-06) 
......................................................................................................
Completed E-Step (13 seconds). 
Completed M-Step (0 seconds). 
calculate log likelihood 
convergence.check is 2.131458e-06 
Completing Iteration 49 (approx. per word bound = -53.175, relative change = 2.131e-06) 
......................................................................................................
Completed E-Step (10 seconds). 
Completed M-Step (0 seconds). 
calculate log likelihood 
convergence.check is 1.966376e-06 
Completing Iteration 50 (approx. per word bound = -53.175, relative change = 1.966e-06) 
Topic 1: Gene52, Gene832, Gene91, Gene489, Gene36 
 Topic 2: Gene52, Gene832, Gene882, Gene910, Gene152 
 Topic 3: Gene91, Gene832, Gene886, Gene489, Gene912 
 Topic 4: Gene52, Gene36, Gene952, Gene489, Gene152 
 Topic 5: Gene36, Gene91, Gene952, Gene489, Gene912 
......................................................................................................
Completed E-Step (11 seconds). 
Completed M-Step (0 seconds). 
calculate log likelihood 
convergence.check is 1.79969e-06 
Completing Iteration 51 (approx. per word bound = -53.175, relative change = 1.800e-06) 
......................................................................................................
Completed E-Step (13 seconds). 
Completed M-Step (0 seconds). 
calculate log likelihood 
convergence.check is 1.793122e-06 
Completing Iteration 52 (approx. per word bound = -53.175, relative change = 1.793e-06) 
......................................................................................................
Completed E-Step (14 seconds). 
Completed M-Step (0 seconds). 
calculate log likelihood 
convergence.check is 1.807684e-06 
Completing Iteration 53 (approx. per word bound = -53.174, relative change = 1.808e-06) 
......................................................................................................
Completed E-Step (14 seconds). 
Completed M-Step (0 seconds). 
calculate log likelihood 
convergence.check is 1.471171e-06 
Completing Iteration 54 (approx. per word bound = -53.174, relative change = 1.471e-06) 
......................................................................................................
Completed E-Step (14 seconds). 
Completed M-Step (0 seconds). 
calculate log likelihood 
convergence.check is 1.463994e-06 
Completing Iteration 55 (approx. per word bound = -53.174, relative change = 1.464e-06) 
Topic 1: Gene52, Gene832, Gene91, Gene489, Gene36 
 Topic 2: Gene52, Gene832, Gene882, Gene910, Gene152 
 Topic 3: Gene91, Gene832, Gene886, Gene489, Gene912 
 Topic 4: Gene52, Gene36, Gene952, Gene489, Gene152 
 Topic 5: Gene36, Gene91, Gene489, Gene952, Gene912 
......................................................................................................
Completed E-Step (14 seconds). 
Completed M-Step (0 seconds). 
calculate log likelihood 
convergence.check is 1.442973e-06 
Completing Iteration 56 (approx. per word bound = -53.174, relative change = 1.443e-06) 
......................................................................................................
Completed E-Step (13 seconds). 
Completed M-Step (0 seconds). 
calculate log likelihood 
convergence.check is 1.387022e-06 
Completing Iteration 57 (approx. per word bound = -53.174, relative change = 1.387e-06) 
......................................................................................................
Completed E-Step (12 seconds). 
Completed M-Step (0 seconds). 
calculate log likelihood 
convergence.check is 1.362217e-06 
Completing Iteration 58 (approx. per word bound = -53.174, relative change = 1.362e-06) 
......................................................................................................
Completed E-Step (12 seconds). 
Completed M-Step (0 seconds). 
calculate log likelihood 
convergence.check is 1.30624e-06 
Completing Iteration 59 (approx. per word bound = -53.174, relative change = 1.306e-06) 
......................................................................................................
Completed E-Step (12 seconds). 
Completed M-Step (0 seconds). 
calculate log likelihood 
convergence.check is 1.275121e-06 
Completing Iteration 60 (approx. per word bound = -53.174, relative change = 1.275e-06) 
Topic 1: Gene52, Gene832, Gene91, Gene489, Gene36 
 Topic 2: Gene52, Gene832, Gene882, Gene910, Gene152 
 Topic 3: Gene91, Gene832, Gene886, Gene489, Gene912 
 Topic 4: Gene52, Gene36, Gene952, Gene489, Gene152 
 Topic 5: Gene36, Gene91, Gene489, Gene952, Gene912 
......................................................................................................
Completed E-Step (12 seconds). 
Completed M-Step (0 seconds). 
calculate log likelihood 
convergence.check is 1.246641e-06 
Completing Iteration 61 (approx. per word bound = -53.174, relative change = 1.247e-06) 
......................................................................................................
Completed E-Step (12 seconds). 
Completed M-Step (0 seconds). 
calculate log likelihood 
convergence.check is 1.216665e-06 
Completing Iteration 62 (approx. per word bound = -53.174, relative change = 1.217e-06) 
......................................................................................................
Completed E-Step (12 seconds). 
Completed M-Step (0 seconds). 
calculate log likelihood 
convergence.check is 1.15116e-06 
Completing Iteration 63 (approx. per word bound = -53.174, relative change = 1.151e-06) 
......................................................................................................
Completed E-Step (12 seconds). 
Completed M-Step (0 seconds). 
calculate log likelihood 
convergence.check is 1.204913e-06 
Completing Iteration 64 (approx. per word bound = -53.174, relative change = 1.205e-06) 
......................................................................................................
Completed E-Step (12 seconds). 
Completed M-Step (0 seconds). 
calculate log likelihood 
convergence.check is 1.10306e-06 
Completing Iteration 65 (approx. per word bound = -53.174, relative change = 1.103e-06) 
Topic 1: Gene52, Gene832, Gene91, Gene489, Gene36 
 Topic 2: Gene52, Gene832, Gene882, Gene910, Gene152 
 Topic 3: Gene91, Gene832, Gene886, Gene489, Gene912 
 Topic 4: Gene52, Gene36, Gene952, Gene489, Gene152 
 Topic 5: Gene36, Gene91, Gene489, Gene952, Gene912 
......................................................................................................
Completed E-Step (12 seconds). 
Completed M-Step (0 seconds). 
calculate log likelihood 
convergence.check is 1.131641e-06 
Completing Iteration 66 (approx. per word bound = -53.174, relative change = 1.132e-06) 
......................................................................................................
Completed E-Step (12 seconds). 
Completed M-Step (0 seconds). 
calculate log likelihood 
convergence.check is 1.148832e-06 
Completing Iteration 67 (approx. per word bound = -53.173, relative change = 1.149e-06) 
......................................................................................................
Completed E-Step (12 seconds). 
Completed M-Step (0 seconds). 
calculate log likelihood 
convergence.check is 1.113385e-06 
Completing Iteration 68 (approx. per word bound = -53.173, relative change = 1.113e-06) 
......................................................................................................
Completed E-Step (12 seconds). 
Completed M-Step (0 seconds). 
calculate log likelihood 
convergence.check is 1.104664e-06 
Completing Iteration 69 (approx. per word bound = -53.173, relative change = 1.105e-06) 
......................................................................................................
Completed E-Step (12 seconds). 
Completed M-Step (0 seconds). 
calculate log likelihood 
convergence.check is 1.063331e-06 
Completing Iteration 70 (approx. per word bound = -53.173, relative change = 1.063e-06) 
Topic 1: Gene52, Gene832, Gene91, Gene489, Gene36 
 Topic 2: Gene52, Gene832, Gene882, Gene910, Gene152 
 Topic 3: Gene91, Gene832, Gene886, Gene489, Gene912 
 Topic 4: Gene52, Gene36, Gene952, Gene489, Gene152 
 Topic 5: Gene36, Gene91, Gene489, Gene952, Gene912 
......................................................................................................
Completed E-Step (12 seconds). 
Completed M-Step (0 seconds). 
calculate log likelihood 
convergence.check is 1.040242e-06 
Completing Iteration 71 (approx. per word bound = -53.173, relative change = 1.040e-06) 
......................................................................................................
Completed E-Step (12 seconds). 
Completed M-Step (0 seconds). 
calculate log likelihood 
convergence.check is 1.028556e-06 
Completing Iteration 72 (approx. per word bound = -53.173, relative change = 1.029e-06) 
......................................................................................................
Completed E-Step (12 seconds). 
Completed M-Step (0 seconds). 
calculate log likelihood 
convergence.check is 1.02613e-06 
Completing Iteration 73 (approx. per word bound = -53.173, relative change = 1.026e-06) 
......................................................................................................
Completed E-Step (12 seconds). 
Completed M-Step (0 seconds). 
calculate log likelihood 
convergence.check is 9.755048e-07 
Model Converged 
2 select model run 
Beginning Spectral Initialization 
	 Calculating the gram matrix...
	 Finding anchor words...
 	.....
	 Recovering initialization...
 	....
Initialization complete.
......................................................................................................
Completed E-Step (26 seconds). 
Completed M-Step (0 seconds). 
calculate log likelihood 
Completing Iteration 1 (approx. per word bound = -53.214) 
......................................................................................................
Completed E-Step (16 seconds). 
Completed M-Step (0 seconds). 
calculate log likelihood 
convergence.check is 0.0001975905 
Completing Iteration 2 (approx. per word bound = -53.203, relative change = 1.976e-04) 
......................................................................................................
Completed E-Step (16 seconds). 
Completed M-Step (0 seconds). 
calculate log likelihood 
convergence.check is 0.0001486851 
Completing Iteration 3 (approx. per word bound = -53.195, relative change = 1.487e-04) 
......................................................................................................
Completed E-Step (14 seconds). 
Completed M-Step (0 seconds). 
calculate log likelihood 
convergence.check is 9.545271e-05 
Completing Iteration 4 (approx. per word bound = -53.190, relative change = 9.545e-05) 
......................................................................................................
Completed E-Step (14 seconds). 
Completed M-Step (0 seconds). 
calculate log likelihood 
convergence.check is 7.007784e-05 
Completing Iteration 5 (approx. per word bound = -53.186, relative change = 7.008e-05) 
Topic 1: Gene52, Gene36, Gene832, Gene489, Gene152 
 Topic 2: Gene36, Gene489, Gene952, Gene91, Gene52 
 Topic 3: Gene832, Gene91, Gene52, Gene36, Gene489 
 Topic 4: Gene91, Gene52, Gene36, Gene489, Gene752 
 Topic 5: Gene36, Gene91, Gene52, Gene489, Gene152 
......................................................................................................
Completed E-Step (14 seconds). 
Completed M-Step (0 seconds). 
calculate log likelihood 
convergence.check is 5.911226e-05 
Completing Iteration 6 (approx. per word bound = -53.183, relative change = 5.911e-05) 
......................................................................................................
Completed E-Step (14 seconds). 
Completed M-Step (0 seconds). 
calculate log likelihood 
convergence.check is 5.672226e-05 
Completing Iteration 7 (approx. per word bound = -53.180, relative change = 5.672e-05) 
......................................................................................................
Completed E-Step (14 seconds). 
Completed M-Step (0 seconds). 
calculate log likelihood 
convergence.check is 4.88415e-05 
Completing Iteration 8 (approx. per word bound = -53.178, relative change = 4.884e-05) 
......................................................................................................
Completed E-Step (14 seconds). 
Completed M-Step (0 seconds). 
calculate log likelihood 
convergence.check is 3.564016e-05 
Completing Iteration 9 (approx. per word bound = -53.176, relative change = 3.564e-05) 
......................................................................................................
Completed E-Step (13 seconds). 
Completed M-Step (0 seconds). 
calculate log likelihood 
convergence.check is 2.693419e-05 
Completing Iteration 10 (approx. per word bound = -53.174, relative change = 2.693e-05) 
Topic 1: Gene52, Gene36, Gene832, Gene489, Gene152 
 Topic 2: Gene36, Gene952, Gene489, Gene52, Gene91 
 Topic 3: Gene832, Gene52, Gene36, Gene91, Gene489 
 Topic 4: Gene91, Gene52, Gene36, Gene489, Gene152 
 Topic 5: Gene36, Gene91, Gene52, Gene489, Gene832 
......................................................................................................
Completed E-Step (13 seconds). 
Completed M-Step (0 seconds). 
calculate log likelihood 
convergence.check is 2.264813e-05 
Completing Iteration 11 (approx. per word bound = -53.173, relative change = 2.265e-05) 
......................................................................................................
Completed E-Step (13 seconds). 
Completed M-Step (0 seconds). 
calculate log likelihood 
convergence.check is 1.966785e-05 
Completing Iteration 12 (approx. per word bound = -53.172, relative change = 1.967e-05) 
......................................................................................................
Completed E-Step (14 seconds). 
Completed M-Step (0 seconds). 
calculate log likelihood 
convergence.check is 1.79911e-05 
Completing Iteration 13 (approx. per word bound = -53.171, relative change = 1.799e-05) 
......................................................................................................
Completed E-Step (13 seconds). 
Completed M-Step (0 seconds). 
calculate log likelihood 
convergence.check is 1.629437e-05 
Completing Iteration 14 (approx. per word bound = -53.170, relative change = 1.629e-05) 
......................................................................................................
Completed E-Step (14 seconds). 
Completed M-Step (0 seconds). 
calculate log likelihood 
convergence.check is 1.542715e-05 
Completing Iteration 15 (approx. per word bound = -53.169, relative change = 1.543e-05) 
Topic 1: Gene52, Gene36, Gene832, Gene489, Gene152 
 Topic 2: Gene36, Gene952, Gene52, Gene489, Gene91 
 Topic 3: Gene832, Gene52, Gene36, Gene489, Gene91 
 Topic 4: Gene91, Gene52, Gene36, Gene489, Gene152 
 Topic 5: Gene36, Gene91, Gene52, Gene489, Gene832 
......................................................................................................
Completed E-Step (14 seconds). 
Completed M-Step (0 seconds). 
calculate log likelihood 
convergence.check is 1.427837e-05 
Completing Iteration 16 (approx. per word bound = -53.169, relative change = 1.428e-05) 
......................................................................................................
Completed E-Step (14 seconds). 
Completed M-Step (0 seconds). 
calculate log likelihood 
convergence.check is 1.333509e-05 
Completing Iteration 17 (approx. per word bound = -53.168, relative change = 1.334e-05) 
......................................................................................................
Completed E-Step (13 seconds). 
Completed M-Step (0 seconds). 
calculate log likelihood 
convergence.check is 1.277019e-05 
Completing Iteration 18 (approx. per word bound = -53.167, relative change = 1.277e-05) 
......................................................................................................
Completed E-Step (13 seconds). 
Completed M-Step (0 seconds). 
calculate log likelihood 
convergence.check is 1.14863e-05 
Completing Iteration 19 (approx. per word bound = -53.167, relative change = 1.149e-05) 
......................................................................................................
Completed E-Step (13 seconds). 
Completed M-Step (0 seconds). 
calculate log likelihood 
convergence.check is 1.041626e-05 
Completing Iteration 20 (approx. per word bound = -53.166, relative change = 1.042e-05) 
Topic 1: Gene52, Gene36, Gene832, Gene489, Gene152 
 Topic 2: Gene36, Gene952, Gene52, Gene489, Gene91 
 Topic 3: Gene832, Gene52, Gene36, Gene882, Gene489 
 Topic 4: Gene91, Gene52, Gene36, Gene489, Gene152 
 Topic 5: Gene91, Gene36, Gene52, Gene489, Gene832 
......................................................................................................
Completed E-Step (12 seconds). 
Completed M-Step (0 seconds). 
calculate log likelihood 
convergence.check is 1.019625e-05 
Completing Iteration 21 (approx. per word bound = -53.166, relative change = 1.020e-05) 
......................................................................................................
Completed E-Step (12 seconds). 
Completed M-Step (0 seconds). 
calculate log likelihood 
convergence.check is 9.175035e-06 
Completing Iteration 22 (approx. per word bound = -53.165, relative change = 9.175e-06) 
......................................................................................................
Completed E-Step (12 seconds). 
Completed M-Step (0 seconds). 
calculate log likelihood 
convergence.check is 8.307148e-06 
Completing Iteration 23 (approx. per word bound = -53.165, relative change = 8.307e-06) 
......................................................................................................
Completed E-Step (13 seconds). 
Completed M-Step (0 seconds). 
calculate log likelihood 
convergence.check is 7.516229e-06 
Completing Iteration 24 (approx. per word bound = -53.164, relative change = 7.516e-06) 
......................................................................................................
Completed E-Step (12 seconds). 
Completed M-Step (0 seconds). 
calculate log likelihood 
convergence.check is 7.336866e-06 
Completing Iteration 25 (approx. per word bound = -53.164, relative change = 7.337e-06) 
Topic 1: Gene52, Gene36, Gene832, Gene489, Gene152 
 Topic 2: Gene36, Gene952, Gene52, Gene489, Gene91 
 Topic 3: Gene832, Gene52, Gene36, Gene882, Gene489 
 Topic 4: Gene91, Gene36, Gene52, Gene489, Gene152 
 Topic 5: Gene91, Gene36, Gene52, Gene489, Gene832 
......................................................................................................
Completed E-Step (12 seconds). 
Completed M-Step (0 seconds). 
calculate log likelihood 
convergence.check is 6.357168e-06 
Completing Iteration 26 (approx. per word bound = -53.164, relative change = 6.357e-06) 
......................................................................................................
Completed E-Step (12 seconds). 
Completed M-Step (0 seconds). 
calculate log likelihood 
convergence.check is 6.257188e-06 
Completing Iteration 27 (approx. per word bound = -53.163, relative change = 6.257e-06) 
......................................................................................................
Completed E-Step (12 seconds). 
Completed M-Step (0 seconds). 
calculate log likelihood 
convergence.check is 5.422164e-06 
Completing Iteration 28 (approx. per word bound = -53.163, relative change = 5.422e-06) 
......................................................................................................
Completed E-Step (12 seconds). 
Completed M-Step (0 seconds). 
calculate log likelihood 
convergence.check is 5.200543e-06 
Completing Iteration 29 (approx. per word bound = -53.163, relative change = 5.201e-06) 
......................................................................................................
Completed E-Step (12 seconds). 
Completed M-Step (0 seconds). 
calculate log likelihood 
convergence.check is 4.469268e-06 
Completing Iteration 30 (approx. per word bound = -53.162, relative change = 4.469e-06) 
Topic 1: Gene52, Gene36, Gene832, Gene489, Gene152 
 Topic 2: Gene36, Gene952, Gene52, Gene489, Gene91 
 Topic 3: Gene832, Gene52, Gene36, Gene882, Gene152 
 Topic 4: Gene91, Gene36, Gene52, Gene489, Gene152 
 Topic 5: Gene91, Gene36, Gene52, Gene489, Gene832 
......................................................................................................
Completed E-Step (12 seconds). 
Completed M-Step (0 seconds). 
calculate log likelihood 
convergence.check is 4.114414e-06 
Completing Iteration 31 (approx. per word bound = -53.162, relative change = 4.114e-06) 
......................................................................................................
Completed E-Step (12 seconds). 
Completed M-Step (0 seconds). 
calculate log likelihood 
convergence.check is 3.535987e-06 
Completing Iteration 32 (approx. per word bound = -53.162, relative change = 3.536e-06) 
......................................................................................................
Completed E-Step (12 seconds). 
Completed M-Step (0 seconds). 
calculate log likelihood 
convergence.check is 3.447594e-06 
Completing Iteration 33 (approx. per word bound = -53.162, relative change = 3.448e-06) 
......................................................................................................
Completed E-Step (12 seconds). 
Completed M-Step (0 seconds). 
calculate log likelihood 
convergence.check is 2.947134e-06 
Completing Iteration 34 (approx. per word bound = -53.162, relative change = 2.947e-06) 
......................................................................................................
Completed E-Step (11 seconds). 
Completed M-Step (0 seconds). 
calculate log likelihood 
convergence.check is 2.960644e-06 
Completing Iteration 35 (approx. per word bound = -53.161, relative change = 2.961e-06) 
Topic 1: Gene52, Gene36, Gene832, Gene489, Gene152 
 Topic 2: Gene36, Gene952, Gene52, Gene489, Gene91 
 Topic 3: Gene832, Gene52, Gene36, Gene882, Gene912 
 Topic 4: Gene91, Gene36, Gene52, Gene489, Gene832 
 Topic 5: Gene91, Gene36, Gene52, Gene489, Gene832 
......................................................................................................
Completed E-Step (11 seconds). 
Completed M-Step (0 seconds). 
calculate log likelihood 
convergence.check is 2.390089e-06 
Completing Iteration 36 (approx. per word bound = -53.161, relative change = 2.390e-06) 
......................................................................................................
Completed E-Step (11 seconds). 
Completed M-Step (0 seconds). 
calculate log likelihood 
convergence.check is 2.452798e-06 
Completing Iteration 37 (approx. per word bound = -53.161, relative change = 2.453e-06) 
......................................................................................................
Completed E-Step (11 seconds). 
Completed M-Step (0 seconds). 
calculate log likelihood 
convergence.check is 2.039982e-06 
Completing Iteration 38 (approx. per word bound = -53.161, relative change = 2.040e-06) 
......................................................................................................
Completed E-Step (12 seconds). 
Completed M-Step (0 seconds). 
calculate log likelihood 
convergence.check is 2.089095e-06 
Completing Iteration 39 (approx. per word bound = -53.161, relative change = 2.089e-06) 
......................................................................................................
Completed E-Step (12 seconds). 
Completed M-Step (0 seconds). 
calculate log likelihood 
convergence.check is 1.716981e-06 
Completing Iteration 40 (approx. per word bound = -53.161, relative change = 1.717e-06) 
Topic 1: Gene52, Gene36, Gene832, Gene489, Gene152 
 Topic 2: Gene36, Gene952, Gene52, Gene489, Gene91 
 Topic 3: Gene832, Gene52, Gene36, Gene882, Gene912 
 Topic 4: Gene91, Gene36, Gene489, Gene52, Gene832 
 Topic 5: Gene91, Gene36, Gene52, Gene489, Gene832 
......................................................................................................
Completed E-Step (11 seconds). 
Completed M-Step (0 seconds). 
calculate log likelihood 
convergence.check is 1.565989e-06 
Completing Iteration 41 (approx. per word bound = -53.161, relative change = 1.566e-06) 
......................................................................................................
Completed E-Step (11 seconds). 
Completed M-Step (0 seconds). 
calculate log likelihood 
convergence.check is 1.304974e-06 
Completing Iteration 42 (approx. per word bound = -53.161, relative change = 1.305e-06) 
......................................................................................................
Completed E-Step (12 seconds). 
Completed M-Step (0 seconds). 
calculate log likelihood 
convergence.check is 1.186003e-06 
Completing Iteration 43 (approx. per word bound = -53.161, relative change = 1.186e-06) 
......................................................................................................
Completed E-Step (12 seconds). 
Completed M-Step (0 seconds). 
calculate log likelihood 
convergence.check is 1.315743e-06 
Completing Iteration 44 (approx. per word bound = -53.161, relative change = 1.316e-06) 
......................................................................................................
Completed E-Step (12 seconds). 
Completed M-Step (0 seconds). 
calculate log likelihood 
convergence.check is 1.208949e-06 
Completing Iteration 45 (approx. per word bound = -53.161, relative change = 1.209e-06) 
Topic 1: Gene52, Gene36, Gene832, Gene489, Gene152 
 Topic 2: Gene36, Gene952, Gene52, Gene489, Gene91 
 Topic 3: Gene832, Gene52, Gene36, Gene882, Gene912 
 Topic 4: Gene91, Gene36, Gene489, Gene52, Gene832 
 Topic 5: Gene91, Gene36, Gene52, Gene832, Gene489 
......................................................................................................
Completed E-Step (11 seconds). 
Completed M-Step (0 seconds). 
calculate log likelihood 
convergence.check is 9.064396e-07 
Model Converged 
3 select model run 
Initialization with topicScore. 
Initializing factors using Topic SCORE algorithm.
Initializing loadings by running 10 SCD updates.
......................................................................................................
Completed E-Step (18 seconds). 
Completed M-Step (0 seconds). 
calculate log likelihood 
Completing Iteration 1 (approx. per word bound = -53.198) 
......................................................................................................
Completed E-Step (17 seconds). 
Completed M-Step (0 seconds). 
calculate log likelihood 
convergence.check is 3.129082e-05 
Completing Iteration 2 (approx. per word bound = -53.197, relative change = 3.129e-05) 
......................................................................................................
Completed E-Step (16 seconds). 
Completed M-Step (0 seconds). 
calculate log likelihood 
convergence.check is 1.700788e-05 
Completing Iteration 3 (approx. per word bound = -53.196, relative change = 1.701e-05) 
......................................................................................................
Completed E-Step (16 seconds). 
Completed M-Step (0 seconds). 
calculate log likelihood 
convergence.check is 1.578229e-05 
Completing Iteration 4 (approx. per word bound = -53.195, relative change = 1.578e-05) 
......................................................................................................
Completed E-Step (16 seconds). 
Completed M-Step (0 seconds). 
calculate log likelihood 
convergence.check is 1.480576e-05 
Completing Iteration 5 (approx. per word bound = -53.194, relative change = 1.481e-05) 
Topic 1: Gene832, Gene52, Gene882, Gene537, Gene703 
 Topic 2: Gene832, Gene52, Gene91, Gene36, Gene489 
 Topic 3: Gene91, Gene832, Gene489, Gene886, Gene912 
 Topic 4: Gene36, Gene912, Gene952, Gene752, Gene91 
 Topic 5: Gene52, Gene36, Gene489, Gene952, Gene152 
......................................................................................................
Completed E-Step (17 seconds). 
Completed M-Step (0 seconds). 
calculate log likelihood 
convergence.check is 1.396826e-05 
Completing Iteration 6 (approx. per word bound = -53.193, relative change = 1.397e-05) 
......................................................................................................
Completed E-Step (17 seconds). 
Completed M-Step (0 seconds). 
calculate log likelihood 
convergence.check is 1.334926e-05 
Completing Iteration 7 (approx. per word bound = -53.193, relative change = 1.335e-05) 
......................................................................................................
Completed E-Step (17 seconds). 
Completed M-Step (0 seconds). 
calculate log likelihood 
convergence.check is 1.247477e-05 
Completing Iteration 8 (approx. per word bound = -53.192, relative change = 1.247e-05) 
......................................................................................................
Completed E-Step (18 seconds). 
Completed M-Step (0 seconds). 
calculate log likelihood 
convergence.check is 1.200618e-05 
Completing Iteration 9 (approx. per word bound = -53.191, relative change = 1.201e-05) 
......................................................................................................
Completed E-Step (19 seconds). 
Completed M-Step (0 seconds). 
calculate log likelihood 
convergence.check is 1.168161e-05 
Completing Iteration 10 (approx. per word bound = -53.191, relative change = 1.168e-05) 
Topic 1: Gene832, Gene52, Gene882, Gene537, Gene216 
 Topic 2: Gene832, Gene52, Gene36, Gene91, Gene489 
 Topic 3: Gene91, Gene832, Gene489, Gene886, Gene752 
 Topic 4: Gene36, Gene912, Gene952, Gene752, Gene91 
 Topic 5: Gene52, Gene36, Gene489, Gene952, Gene152 
......................................................................................................
Completed E-Step (18 seconds). 
Completed M-Step (0 seconds). 
calculate log likelihood 
convergence.check is 1.103135e-05 
Completing Iteration 11 (approx. per word bound = -53.190, relative change = 1.103e-05) 
......................................................................................................
Completed E-Step (18 seconds). 
Completed M-Step (0 seconds). 
calculate log likelihood 
convergence.check is 1.083447e-05 
Completing Iteration 12 (approx. per word bound = -53.190, relative change = 1.083e-05) 
......................................................................................................
Completed E-Step (17 seconds). 
Completed M-Step (0 seconds). 
calculate log likelihood 
convergence.check is 1.02798e-05 
Completing Iteration 13 (approx. per word bound = -53.189, relative change = 1.028e-05) 
......................................................................................................
Completed E-Step (17 seconds). 
Completed M-Step (0 seconds). 
calculate log likelihood 
convergence.check is 9.989488e-06 
Completing Iteration 14 (approx. per word bound = -53.188, relative change = 9.989e-06) 
......................................................................................................
Completed E-Step (16 seconds). 
Completed M-Step (0 seconds). 
calculate log likelihood 
convergence.check is 9.597303e-06 
Completing Iteration 15 (approx. per word bound = -53.188, relative change = 9.597e-06) 
Topic 1: Gene52, Gene832, Gene882, Gene537, Gene216 
 Topic 2: Gene832, Gene52, Gene36, Gene91, Gene489 
 Topic 3: Gene91, Gene832, Gene489, Gene886, Gene752 
 Topic 4: Gene36, Gene912, Gene952, Gene752, Gene91 
 Topic 5: Gene52, Gene36, Gene489, Gene952, Gene152 
......................................................................................................
Completed E-Step (17 seconds). 
Completed M-Step (0 seconds). 
calculate log likelihood 
convergence.check is 9.335601e-06 
Completing Iteration 16 (approx. per word bound = -53.187, relative change = 9.336e-06) 
......................................................................................................
Completed E-Step (17 seconds). 
Completed M-Step (0 seconds). 
calculate log likelihood 
convergence.check is 9.03523e-06 
Completing Iteration 17 (approx. per word bound = -53.187, relative change = 9.035e-06) 
......................................................................................................
Completed E-Step (17 seconds). 
Completed M-Step (0 seconds). 
calculate log likelihood 
convergence.check is 8.747319e-06 
Completing Iteration 18 (approx. per word bound = -53.186, relative change = 8.747e-06) 
......................................................................................................
Completed E-Step (16 seconds). 
Completed M-Step (0 seconds). 
calculate log likelihood 
convergence.check is 8.396682e-06 
Completing Iteration 19 (approx. per word bound = -53.186, relative change = 8.397e-06) 
......................................................................................................
Completed E-Step (17 seconds). 
Completed M-Step (0 seconds). 
calculate log likelihood 
convergence.check is 8.162423e-06 
Completing Iteration 20 (approx. per word bound = -53.186, relative change = 8.162e-06) 
Topic 1: Gene52, Gene832, Gene882, Gene216, Gene537 
 Topic 2: Gene832, Gene52, Gene36, Gene91, Gene489 
 Topic 3: Gene91, Gene832, Gene489, Gene886, Gene912 
 Topic 4: Gene36, Gene952, Gene912, Gene752, Gene91 
 Topic 5: Gene52, Gene36, Gene489, Gene952, Gene152 
......................................................................................................
Completed E-Step (17 seconds). 
Completed M-Step (0 seconds). 
calculate log likelihood 
convergence.check is 7.919934e-06 
Completing Iteration 21 (approx. per word bound = -53.185, relative change = 7.920e-06) 
......................................................................................................
Completed E-Step (17 seconds). 
Completed M-Step (0 seconds). 
calculate log likelihood 
convergence.check is 7.713854e-06 
Completing Iteration 22 (approx. per word bound = -53.185, relative change = 7.714e-06) 
......................................................................................................
Completed E-Step (16 seconds). 
Completed M-Step (0 seconds). 
calculate log likelihood 
convergence.check is 7.337034e-06 
Completing Iteration 23 (approx. per word bound = -53.184, relative change = 7.337e-06) 
......................................................................................................
Completed E-Step (17 seconds). 
Completed M-Step (0 seconds). 
calculate log likelihood 
convergence.check is 7.350664e-06 
Completing Iteration 24 (approx. per word bound = -53.184, relative change = 7.351e-06) 
......................................................................................................
Completed E-Step (17 seconds). 
Completed M-Step (0 seconds). 
calculate log likelihood 
convergence.check is 6.816692e-06 
Completing Iteration 25 (approx. per word bound = -53.184, relative change = 6.817e-06) 
Topic 1: Gene52, Gene832, Gene882, Gene216, Gene910 
 Topic 2: Gene832, Gene52, Gene36, Gene91, Gene489 
 Topic 3: Gene91, Gene832, Gene489, Gene886, Gene912 
 Topic 4: Gene36, Gene952, Gene912, Gene91, Gene752 
 Topic 5: Gene52, Gene36, Gene952, Gene489, Gene152 
......................................................................................................
Completed E-Step (17 seconds). 
Completed M-Step (0 seconds). 
calculate log likelihood 
convergence.check is 6.931991e-06 
Completing Iteration 26 (approx. per word bound = -53.183, relative change = 6.932e-06) 
......................................................................................................
Completed E-Step (17 seconds). 
Completed M-Step (0 seconds). 
calculate log likelihood 
convergence.check is 6.491817e-06 
Completing Iteration 27 (approx. per word bound = -53.183, relative change = 6.492e-06) 
......................................................................................................
Completed E-Step (18 seconds). 
Completed M-Step (0 seconds). 
calculate log likelihood 
convergence.check is 6.449178e-06 
Completing Iteration 28 (approx. per word bound = -53.183, relative change = 6.449e-06) 
......................................................................................................
Completed E-Step (17 seconds). 
Completed M-Step (0 seconds). 
calculate log likelihood 
convergence.check is 6.191623e-06 
Completing Iteration 29 (approx. per word bound = -53.182, relative change = 6.192e-06) 
......................................................................................................
Completed E-Step (18 seconds). 
Completed M-Step (0 seconds). 
calculate log likelihood 
convergence.check is 6.173411e-06 
Completing Iteration 30 (approx. per word bound = -53.182, relative change = 6.173e-06) 
Topic 1: Gene52, Gene832, Gene882, Gene910, Gene216 
 Topic 2: Gene832, Gene52, Gene36, Gene91, Gene489 
 Topic 3: Gene91, Gene832, Gene489, Gene886, Gene912 
 Topic 4: Gene36, Gene952, Gene912, Gene91, Gene752 
 Topic 5: Gene52, Gene36, Gene952, Gene489, Gene152 
......................................................................................................
Completed E-Step (18 seconds). 
Completed M-Step (0 seconds). 
calculate log likelihood 
convergence.check is 6.088258e-06 
Completing Iteration 31 (approx. per word bound = -53.182, relative change = 6.088e-06) 
......................................................................................................
Completed E-Step (18 seconds). 
Completed M-Step (0 seconds). 
calculate log likelihood 
convergence.check is 5.98473e-06 
Completing Iteration 32 (approx. per word bound = -53.181, relative change = 5.985e-06) 
......................................................................................................
Completed E-Step (17 seconds). 
Completed M-Step (0 seconds). 
calculate log likelihood 
convergence.check is 5.651143e-06 
Completing Iteration 33 (approx. per word bound = -53.181, relative change = 5.651e-06) 
......................................................................................................
Completed E-Step (19 seconds). 
Completed M-Step (0 seconds). 
calculate log likelihood 
convergence.check is 5.592534e-06 
Completing Iteration 34 (approx. per word bound = -53.181, relative change = 5.593e-06) 
......................................................................................................
Completed E-Step (18 seconds). 
Completed M-Step (0 seconds). 
calculate log likelihood 
convergence.check is 5.376428e-06 
Completing Iteration 35 (approx. per word bound = -53.180, relative change = 5.376e-06) 
Topic 1: Gene52, Gene832, Gene882, Gene910, Gene152 
 Topic 2: Gene832, Gene52, Gene36, Gene91, Gene489 
 Topic 3: Gene91, Gene832, Gene489, Gene886, Gene912 
 Topic 4: Gene36, Gene91, Gene952, Gene912, Gene752 
 Topic 5: Gene52, Gene36, Gene952, Gene489, Gene152 
......................................................................................................
Completed E-Step (17 seconds). 
Completed M-Step (0 seconds). 
calculate log likelihood 
convergence.check is 5.218452e-06 
Completing Iteration 36 (approx. per word bound = -53.180, relative change = 5.218e-06) 
......................................................................................................
Completed E-Step (17 seconds). 
Completed M-Step (0 seconds). 
calculate log likelihood 
convergence.check is 5.132374e-06 
Completing Iteration 37 (approx. per word bound = -53.180, relative change = 5.132e-06) 
......................................................................................................
Completed E-Step (17 seconds). 
Completed M-Step (0 seconds). 
calculate log likelihood 
convergence.check is 4.957169e-06 
Completing Iteration 38 (approx. per word bound = -53.180, relative change = 4.957e-06) 
......................................................................................................
Completed E-Step (16 seconds). 
Completed M-Step (0 seconds). 
calculate log likelihood 
convergence.check is 4.888911e-06 
Completing Iteration 39 (approx. per word bound = -53.179, relative change = 4.889e-06) 
......................................................................................................
Completed E-Step (17 seconds). 
Completed M-Step (0 seconds). 
calculate log likelihood 
convergence.check is 4.661744e-06 
Completing Iteration 40 (approx. per word bound = -53.179, relative change = 4.662e-06) 
Topic 1: Gene52, Gene832, Gene882, Gene910, Gene152 
 Topic 2: Gene52, Gene832, Gene36, Gene91, Gene489 
 Topic 3: Gene91, Gene832, Gene886, Gene489, Gene912 
 Topic 4: Gene36, Gene91, Gene952, Gene912, Gene489 
 Topic 5: Gene52, Gene36, Gene952, Gene489, Gene152 
......................................................................................................
Completed E-Step (17 seconds). 
Completed M-Step (0 seconds). 
calculate log likelihood 
convergence.check is 4.553665e-06 
Completing Iteration 41 (approx. per word bound = -53.179, relative change = 4.554e-06) 
......................................................................................................
Completed E-Step (16 seconds). 
Completed M-Step (0 seconds). 
calculate log likelihood 
convergence.check is 4.331946e-06 
Completing Iteration 42 (approx. per word bound = -53.179, relative change = 4.332e-06) 
......................................................................................................
Completed E-Step (16 seconds). 
Completed M-Step (0 seconds). 
calculate log likelihood 
convergence.check is 4.283807e-06 
Completing Iteration 43 (approx. per word bound = -53.178, relative change = 4.284e-06) 
......................................................................................................
Completed E-Step (16 seconds). 
Completed M-Step (0 seconds). 
calculate log likelihood 
convergence.check is 4.08717e-06 
Completing Iteration 44 (approx. per word bound = -53.178, relative change = 4.087e-06) 
......................................................................................................
Completed E-Step (16 seconds). 
Completed M-Step (0 seconds). 
calculate log likelihood 
convergence.check is 3.929729e-06 
Completing Iteration 45 (approx. per word bound = -53.178, relative change = 3.930e-06) 
Topic 1: Gene52, Gene832, Gene882, Gene910, Gene152 
 Topic 2: Gene52, Gene832, Gene36, Gene91, Gene489 
 Topic 3: Gene91, Gene832, Gene886, Gene489, Gene912 
 Topic 4: Gene36, Gene91, Gene952, Gene489, Gene912 
 Topic 5: Gene52, Gene36, Gene952, Gene489, Gene152 
......................................................................................................
Completed E-Step (16 seconds). 
Completed M-Step (0 seconds). 
calculate log likelihood 
convergence.check is 3.839262e-06 
Completing Iteration 46 (approx. per word bound = -53.178, relative change = 3.839e-06) 
......................................................................................................
Completed E-Step (16 seconds). 
Completed M-Step (0 seconds). 
calculate log likelihood 
convergence.check is 3.874781e-06 
Completing Iteration 47 (approx. per word bound = -53.178, relative change = 3.875e-06) 
......................................................................................................
Completed E-Step (16 seconds). 
Completed M-Step (0 seconds). 
calculate log likelihood 
convergence.check is 3.379437e-06 
Completing Iteration 48 (approx. per word bound = -53.177, relative change = 3.379e-06) 
......................................................................................................
Completed E-Step (16 seconds). 
Completed M-Step (0 seconds). 
calculate log likelihood 
convergence.check is 3.162382e-06 
Completing Iteration 49 (approx. per word bound = -53.177, relative change = 3.162e-06) 
......................................................................................................
Completed E-Step (15 seconds). 
Completed M-Step (0 seconds). 
calculate log likelihood 
convergence.check is 3.061375e-06 
Completing Iteration 50 (approx. per word bound = -53.177, relative change = 3.061e-06) 
Topic 1: Gene52, Gene832, Gene882, Gene910, Gene152 
 Topic 2: Gene52, Gene832, Gene36, Gene91, Gene489 
 Topic 3: Gene91, Gene832, Gene886, Gene489, Gene912 
 Topic 4: Gene36, Gene91, Gene489, Gene952, Gene912 
 Topic 5: Gene52, Gene36, Gene952, Gene489, Gene152 
......................................................................................................
Completed E-Step (15 seconds). 
Completed M-Step (0 seconds). 
calculate log likelihood 
convergence.check is 2.86275e-06 
Completing Iteration 51 (approx. per word bound = -53.177, relative change = 2.863e-06) 
......................................................................................................
Completed E-Step (16 seconds). 
Completed M-Step (0 seconds). 
calculate log likelihood 
convergence.check is 2.753995e-06 
Completing Iteration 52 (approx. per word bound = -53.177, relative change = 2.754e-06) 
......................................................................................................
Completed E-Step (15 seconds). 
Completed M-Step (0 seconds). 
calculate log likelihood 
convergence.check is 2.493256e-06 
Completing Iteration 53 (approx. per word bound = -53.177, relative change = 2.493e-06) 
......................................................................................................
Completed E-Step (15 seconds). 
Completed M-Step (0 seconds). 
calculate log likelihood 
convergence.check is 2.362047e-06 
Completing Iteration 54 (approx. per word bound = -53.176, relative change = 2.362e-06) 
......................................................................................................
Completed E-Step (14 seconds). 
Completed M-Step (0 seconds). 
calculate log likelihood 
convergence.check is 2.243224e-06 
Completing Iteration 55 (approx. per word bound = -53.176, relative change = 2.243e-06) 
Topic 1: Gene52, Gene832, Gene882, Gene910, Gene152 
 Topic 2: Gene52, Gene832, Gene91, Gene36, Gene489 
 Topic 3: Gene91, Gene832, Gene886, Gene489, Gene912 
 Topic 4: Gene36, Gene91, Gene489, Gene952, Gene912 
 Topic 5: Gene52, Gene36, Gene952, Gene489, Gene152 
......................................................................................................
Completed E-Step (14 seconds). 
Completed M-Step (0 seconds). 
calculate log likelihood 
convergence.check is 2.206697e-06 
Completing Iteration 56 (approx. per word bound = -53.176, relative change = 2.207e-06) 
......................................................................................................
Completed E-Step (15 seconds). 
Completed M-Step (0 seconds). 
calculate log likelihood 
convergence.check is 1.86807e-06 
Completing Iteration 57 (approx. per word bound = -53.176, relative change = 1.868e-06) 
......................................................................................................
Completed E-Step (14 seconds). 
Completed M-Step (0 seconds). 
calculate log likelihood 
convergence.check is 1.788239e-06 
Completing Iteration 58 (approx. per word bound = -53.176, relative change = 1.788e-06) 
......................................................................................................
Completed E-Step (14 seconds). 
Completed M-Step (0 seconds). 
calculate log likelihood 
convergence.check is 1.74427e-06 
Completing Iteration 59 (approx. per word bound = -53.176, relative change = 1.744e-06) 
......................................................................................................
Completed E-Step (14 seconds). 
Completed M-Step (0 seconds). 
calculate log likelihood 
convergence.check is 1.765255e-06 
Completing Iteration 60 (approx. per word bound = -53.176, relative change = 1.765e-06) 
Topic 1: Gene52, Gene832, Gene882, Gene910, Gene152 
 Topic 2: Gene52, Gene832, Gene91, Gene36, Gene489 
 Topic 3: Gene91, Gene832, Gene886, Gene912, Gene489 
 Topic 4: Gene36, Gene91, Gene489, Gene952, Gene912 
 Topic 5: Gene52, Gene36, Gene952, Gene489, Gene152 
......................................................................................................
Completed E-Step (15 seconds). 
Completed M-Step (0 seconds). 
calculate log likelihood 
convergence.check is 1.640488e-06 
Completing Iteration 61 (approx. per word bound = -53.176, relative change = 1.640e-06) 
......................................................................................................
Completed E-Step (15 seconds). 
Completed M-Step (0 seconds). 
calculate log likelihood 
convergence.check is 1.367696e-06 
Completing Iteration 62 (approx. per word bound = -53.176, relative change = 1.368e-06) 
......................................................................................................
Completed E-Step (14 seconds). 
Completed M-Step (0 seconds). 
calculate log likelihood 
convergence.check is 1.325651e-06 
Completing Iteration 63 (approx. per word bound = -53.176, relative change = 1.326e-06) 
......................................................................................................
Completed E-Step (13 seconds). 
Completed M-Step (0 seconds). 
calculate log likelihood 
convergence.check is 1.231751e-06 
Completing Iteration 64 (approx. per word bound = -53.176, relative change = 1.232e-06) 
......................................................................................................
Completed E-Step (14 seconds). 
Completed M-Step (0 seconds). 
calculate log likelihood 
convergence.check is 1.178307e-06 
Completing Iteration 65 (approx. per word bound = -53.175, relative change = 1.178e-06) 
Topic 1: Gene52, Gene832, Gene882, Gene910, Gene216 
 Topic 2: Gene52, Gene832, Gene91, Gene489, Gene36 
 Topic 3: Gene91, Gene832, Gene886, Gene912, Gene489 
 Topic 4: Gene36, Gene91, Gene489, Gene952, Gene912 
 Topic 5: Gene52, Gene36, Gene952, Gene489, Gene152 
......................................................................................................
Completed E-Step (14 seconds). 
Completed M-Step (0 seconds). 
calculate log likelihood 
convergence.check is 1.22148e-06 
Completing Iteration 66 (approx. per word bound = -53.175, relative change = 1.221e-06) 
......................................................................................................
Completed E-Step (13 seconds). 
Completed M-Step (0 seconds). 
calculate log likelihood 
convergence.check is 1.026142e-06 
Completing Iteration 67 (approx. per word bound = -53.175, relative change = 1.026e-06) 
......................................................................................................
Completed E-Step (13 seconds). 
Completed M-Step (0 seconds). 
calculate log likelihood 
convergence.check is 1.098635e-06 
Completing Iteration 68 (approx. per word bound = -53.175, relative change = 1.099e-06) 
......................................................................................................
Completed E-Step (13 seconds). 
Completed M-Step (0 seconds). 
calculate log likelihood 
convergence.check is 9.177226e-07 
Model Converged 
