sims_1716159274_neg_L1_c9.rds 
Found 6 batches
Using null model in ComBat-seq.
Adjusting for 0 covariate(s) or covariate level(s)
Estimating dispersions
Fitting the GLM model
Shrinkage off - using GLM estimates for parameters
Adjusting the data
Batch Effect Removed 
        R/alignCorpus.R R/asSTMCorpus.R R/checkBeta.R R/cloud.R
value   ?               ?               ?             ?        
visible FALSE           FALSE           FALSE         FALSE    
        R/CompositionChange.R R/convertCorpus.R R/estimateEffect.R
value   ?                     ?                 ?                 
visible FALSE                 FALSE             FALSE             
        R/estimateMixedEffect.R R/exclusivity.R R/findThoughts.R R/findTopic.R
value   ?                       ?               ?                ?            
visible FALSE                   FALSE           FALSE            FALSE        
        R/fitNewDocuments.R R/heldout.R R/jeffreyskappa.R R/labelTopics.R
value   ?                   ?           ?                 ?              
visible FALSE               FALSE       FALSE             FALSE          
        R/makeDesignMatrix.R R/manyTopics.R R/multiSTM.R R/optimalK.R
value   ?                    ?              ?            ?           
visible FALSE                FALSE          FALSE        FALSE       
        R/permute.R R/plot.estimateEffect.R R/plot.fixedEffect.R
value   ?           ?                       ?                   
visible FALSE       FALSE                   FALSE               
        R/plot.searchK.R R/plot.STM.R R/plotModels.R R/plotQuote.R
value   ?                ?            ?              ?            
visible FALSE            FALSE        FALSE          FALSE        
        R/plotRemoved.R R/plottingutilfns.R R/plotTopicLoess.R
value   ?               ?                   ?                 
visible FALSE           FALSE               FALSE             
        R/prepDocuments.R R/prepsce.R R/produce_cmatrix.R R/RcppExports.R
value   ?                 ?           ?                   ?              
visible FALSE             FALSE       FALSE               FALSE          
        R/readCorpus.R R/residuals.R R/s.R R/sageLabels.R R/scSTM.R
value   ?              ?             ?     ?              ?        
visible FALSE          FALSE         FALSE FALSE          FALSE    
        R/selectModel.R R/semanticCoherence.R R/simBetas.R R/spectral.R
value   ?               ?                     ?            ?           
visible FALSE           FALSE                 FALSE        FALSE       
        R/stm-package.R R/stm.control.R R/STMbound.R R/STMconvergence.R
value   NULL            ?               ?            ?                 
visible TRUE            FALSE           FALSE        FALSE             
        R/STMestep.R R/STMfunctions.R R/STMinit.R R/STMinitLikelihood.R
value   ?            ?                ?           ?                    
visible FALSE        FALSE            FALSE       FALSE                
        R/STMlncpp.R R/STMmnreg.R R/STMmu.R R/STMoptbeta.R R/STMreport.R
value   ?            ?            ?         ?              ?            
visible FALSE        FALSE        FALSE     FALSE          FALSE        
        R/STMsigma.R R/STMsigs.R R/STMsubset.R R/summary.STM.R R/tau.R
value   ?            ?           ?             ?               ?      
visible FALSE        FALSE       FALSE         FALSE           FALSE  
        R/textProcessor.R R/thetaPosterior.R R/toLDAvis.R R/topicCorr.R
value   ?                 ?                  ?            ?            
visible FALSE             FALSE              FALSE        FALSE        
        R/topicLasso.R R/topicQuality.R R/writeLdac.R R/zzz.R
value   ?              ?                ?             ?      
visible FALSE          FALSE            FALSE         FALSE  
Casting net 
1 models in net 
Initialization with topicScore. 
Initializing factors using Topic SCORE algorithm.
Initializing loadings by running 10 SCD updates.
......................................................................................................
Completed E-Step (16 seconds). 
Completed M-Step (0 seconds). 
calculate log likelihood 
Completing Iteration 1 (approx. per word bound = -59.437) 
......................................................................................................
Completed E-Step (12 seconds). 
Completed M-Step (0 seconds). 
calculate log likelihood 
convergence.check is 0.0005035936 
Completing Iteration 2 (approx. per word bound = -59.407, relative change = 5.036e-04) 
......................................................................................................
Completed E-Step (11 seconds). 
Completed M-Step (0 seconds). 
calculate log likelihood 
convergence.check is 0.0002886392 
Model Terminated Before Convergence Reached 
2 models in net 
Initialization with topicScore. 
Initializing factors using Topic SCORE algorithm.
Initializing loadings by running 10 SCD updates.
......................................................................................................
Completed E-Step (14 seconds). 
Completed M-Step (0 seconds). 
calculate log likelihood 
Completing Iteration 1 (approx. per word bound = -59.374) 
......................................................................................................
Completed E-Step (12 seconds). 
Completed M-Step (0 seconds). 
calculate log likelihood 
convergence.check is 0.0001339882 
Completing Iteration 2 (approx. per word bound = -59.367, relative change = 1.340e-04) 
......................................................................................................
Completed E-Step (11 seconds). 
Completed M-Step (0 seconds). 
calculate log likelihood 
convergence.check is 6.725355e-05 
Model Terminated Before Convergence Reached 
3 models in net 
Initialization with topicScore. 
Initializing factors using Topic SCORE algorithm.
Initializing loadings by running 10 SCD updates.
......................................................................................................
Completed E-Step (17 seconds). 
Completed M-Step (0 seconds). 
calculate log likelihood 
Completing Iteration 1 (approx. per word bound = -59.478) 
......................................................................................................
Completed E-Step (12 seconds). 
Completed M-Step (0 seconds). 
calculate log likelihood 
convergence.check is 0.000580325 
Completing Iteration 2 (approx. per word bound = -59.443, relative change = 5.803e-04) 
......................................................................................................
Completed E-Step (11 seconds). 
Completed M-Step (0 seconds). 
calculate log likelihood 
convergence.check is 0.0004122124 
Model Terminated Before Convergence Reached 
4 models in net 
Initialization with topicScore. 
Initializing factors using Topic SCORE algorithm.
Initializing loadings by running 10 SCD updates.
......................................................................................................
Completed E-Step (15 seconds). 
Completed M-Step (0 seconds). 
calculate log likelihood 
Completing Iteration 1 (approx. per word bound = -59.382) 
......................................................................................................
Completed E-Step (12 seconds). 
Completed M-Step (0 seconds). 
calculate log likelihood 
convergence.check is 0.000186413 
Completing Iteration 2 (approx. per word bound = -59.370, relative change = 1.864e-04) 
......................................................................................................
Completed E-Step (11 seconds). 
Completed M-Step (0 seconds). 
calculate log likelihood 
convergence.check is 9.763675e-05 
Model Terminated Before Convergence Reached 
5 models in net 
Initialization with topicScore. 
Initializing factors using Topic SCORE algorithm.
Initializing loadings by running 10 SCD updates.
......................................................................................................
Completed E-Step (13 seconds). 
Completed M-Step (0 seconds). 
calculate log likelihood 
Completing Iteration 1 (approx. per word bound = -59.427) 
......................................................................................................
Completed E-Step (11 seconds). 
Completed M-Step (0 seconds). 
calculate log likelihood 
convergence.check is 0.0002627837 
Completing Iteration 2 (approx. per word bound = -59.412, relative change = 2.628e-04) 
......................................................................................................
Completed E-Step (11 seconds). 
Completed M-Step (0 seconds). 
calculate log likelihood 
convergence.check is 0.0001880671 
Model Terminated Before Convergence Reached 
6 models in net 
Initialization with topicScore. 
Initializing factors using Topic SCORE algorithm.
Initializing loadings by running 10 SCD updates.
......................................................................................................
Completed E-Step (15 seconds). 
Completed M-Step (0 seconds). 
calculate log likelihood 
Completing Iteration 1 (approx. per word bound = -59.387) 
......................................................................................................
Completed E-Step (12 seconds). 
Completed M-Step (0 seconds). 
calculate log likelihood 
convergence.check is 0.0002266521 
Completing Iteration 2 (approx. per word bound = -59.373, relative change = 2.267e-04) 
......................................................................................................
Completed E-Step (11 seconds). 
Completed M-Step (0 seconds). 
calculate log likelihood 
convergence.check is 0.0001048044 
Model Terminated Before Convergence Reached 
7 models in net 
Initialization with topicScore. 
Initializing factors using Topic SCORE algorithm.
Initializing loadings by running 10 SCD updates.
......................................................................................................
Completed E-Step (13 seconds). 
Completed M-Step (0 seconds). 
calculate log likelihood 
Completing Iteration 1 (approx. per word bound = -59.376) 
......................................................................................................
Completed E-Step (12 seconds). 
Completed M-Step (0 seconds). 
calculate log likelihood 
convergence.check is 0.0001257262 
Completing Iteration 2 (approx. per word bound = -59.368, relative change = 1.257e-04) 
......................................................................................................
Completed E-Step (11 seconds). 
Completed M-Step (0 seconds). 
calculate log likelihood 
convergence.check is 7.492113e-05 
Model Terminated Before Convergence Reached 
8 models in net 
Initialization with topicScore. 
Initializing factors using Topic SCORE algorithm.
Initializing loadings by running 10 SCD updates.
......................................................................................................
Completed E-Step (15 seconds). 
Completed M-Step (0 seconds). 
calculate log likelihood 
Completing Iteration 1 (approx. per word bound = -59.379) 
......................................................................................................
Completed E-Step (12 seconds). 
Completed M-Step (0 seconds). 
calculate log likelihood 
convergence.check is 0.0001852701 
Completing Iteration 2 (approx. per word bound = -59.368, relative change = 1.853e-04) 
......................................................................................................
Completed E-Step (11 seconds). 
Completed M-Step (0 seconds). 
calculate log likelihood 
convergence.check is 9.070627e-05 
Model Terminated Before Convergence Reached 
9 models in net 
Initialization with topicScore. 
Initializing factors using Topic SCORE algorithm.
Initializing loadings by running 10 SCD updates.
......................................................................................................
Completed E-Step (19 seconds). 
Completed M-Step (0 seconds). 
calculate log likelihood 
Completing Iteration 1 (approx. per word bound = -59.505) 
......................................................................................................
Completed E-Step (14 seconds). 
Completed M-Step (0 seconds). 
calculate log likelihood 
convergence.check is 0.001116427 
Completing Iteration 2 (approx. per word bound = -59.438, relative change = 1.116e-03) 
......................................................................................................
Completed E-Step (12 seconds). 
Completed M-Step (0 seconds). 
calculate log likelihood 
convergence.check is 0.0005217482 
Model Terminated Before Convergence Reached 
10 models in net 
Initialization with topicScore. 
Initializing factors using Topic SCORE algorithm.
Initializing loadings by running 10 SCD updates.
......................................................................................................
Completed E-Step (13 seconds). 
Completed M-Step (0 seconds). 
calculate log likelihood 
Completing Iteration 1 (approx. per word bound = -59.374) 
......................................................................................................
Completed E-Step (12 seconds). 
Completed M-Step (0 seconds). 
calculate log likelihood 
convergence.check is 0.0001256322 
Completing Iteration 2 (approx. per word bound = -59.366, relative change = 1.256e-04) 
......................................................................................................
Completed E-Step (11 seconds). 
Completed M-Step (0 seconds). 
calculate log likelihood 
convergence.check is 7.423945e-05 
Model Terminated Before Convergence Reached 
11 models in net 
Beginning Spectral Initialization 
	 Calculating the gram matrix...
	 Finding anchor words...
 	.........
	 Recovering initialization...
 	....
Initialization complete.
......................................................................................................
Completed E-Step (19 seconds). 
Completed M-Step (0 seconds). 
calculate log likelihood 
Completing Iteration 1 (approx. per word bound = -59.367) 
......................................................................................................
Completed E-Step (11 seconds). 
Completed M-Step (0 seconds). 
calculate log likelihood 
convergence.check is 0.0003132378 
Completing Iteration 2 (approx. per word bound = -59.349, relative change = 3.132e-04) 
......................................................................................................
Completed E-Step (10 seconds). 
Completed M-Step (0 seconds). 
calculate log likelihood 
convergence.check is 0.0001837529 
Model Terminated Before Convergence Reached 
12 models in net 
Beginning Random Initialization 
Initialization with Poisson NMF 
......................................................................................................
Completed E-Step (22 seconds). 
Completed M-Step (0 seconds). 
calculate log likelihood 
Completing Iteration 1 (approx. per word bound = -76.470) 
......................................................................................................
Completed E-Step (15 seconds). 
Completed M-Step (0 seconds). 
calculate log likelihood 
convergence.check is 0.2211345 
Completing Iteration 2 (approx. per word bound = -59.560, relative change = 2.211e-01) 
......................................................................................................
Completed E-Step (12 seconds). 
Completed M-Step (0 seconds). 
calculate log likelihood 
convergence.check is 0.0002852874 
Model Terminated Before Convergence Reached 
13 models in net 
Beginning Random Initialization 
Initialization with Poisson NMF 
......................................................................................................
Completed E-Step (21 seconds). 
Completed M-Step (0 seconds). 
calculate log likelihood 
Completing Iteration 1 (approx. per word bound = -77.353) 
......................................................................................................
Completed E-Step (15 seconds). 
Completed M-Step (0 seconds). 
calculate log likelihood 
convergence.check is 0.2303256 
Completing Iteration 2 (approx. per word bound = -59.536, relative change = 2.303e-01) 
......................................................................................................
Completed E-Step (12 seconds). 
Completed M-Step (0 seconds). 
calculate log likelihood 
convergence.check is 0.0004985732 
Model Terminated Before Convergence Reached 
14 models in net 
Beginning Random Initialization 
Initialization with Poisson NMF 
......................................................................................................
Completed E-Step (19 seconds). 
Completed M-Step (0 seconds). 
calculate log likelihood 
Completing Iteration 1 (approx. per word bound = -77.212) 
......................................................................................................
Completed E-Step (16 seconds). 
Completed M-Step (0 seconds). 
calculate log likelihood 
convergence.check is 0.229038 
Completing Iteration 2 (approx. per word bound = -59.527, relative change = 2.290e-01) 
......................................................................................................
Completed E-Step (13 seconds). 
Completed M-Step (0 seconds). 
calculate log likelihood 
convergence.check is 0.0004745467 
Model Terminated Before Convergence Reached 
15 models in net 
Beginning Random Initialization 
Initialization with Poisson NMF 
......................................................................................................
Completed E-Step (21 seconds). 
Completed M-Step (0 seconds). 
calculate log likelihood 
Completing Iteration 1 (approx. per word bound = -77.155) 
......................................................................................................
Completed E-Step (14 seconds). 
Completed M-Step (0 seconds). 
calculate log likelihood 
convergence.check is 0.2282415 
Completing Iteration 2 (approx. per word bound = -59.545, relative change = 2.282e-01) 
......................................................................................................
Completed E-Step (12 seconds). 
Completed M-Step (0 seconds). 
calculate log likelihood 
convergence.check is 0.0005841691 
Model Terminated Before Convergence Reached 
16 models in net 
Beginning Random Initialization 
Initialization with Poisson NMF 
......................................................................................................
Completed E-Step (20 seconds). 
Completed M-Step (0 seconds). 
calculate log likelihood 
Completing Iteration 1 (approx. per word bound = -76.990) 
......................................................................................................
Completed E-Step (13 seconds). 
Completed M-Step (0 seconds). 
calculate log likelihood 
convergence.check is 0.2268803 
Completing Iteration 2 (approx. per word bound = -59.522, relative change = 2.269e-01) 
......................................................................................................
Completed E-Step (11 seconds). 
Completed M-Step (0 seconds). 
calculate log likelihood 
convergence.check is 0.0004751197 
Model Terminated Before Convergence Reached 
17 models in net 
Beginning Random Initialization 
Initialization with Poisson NMF 
......................................................................................................
Completed E-Step (20 seconds). 
Completed M-Step (0 seconds). 
calculate log likelihood 
Completing Iteration 1 (approx. per word bound = -77.254) 
......................................................................................................
Completed E-Step (15 seconds). 
Completed M-Step (0 seconds). 
calculate log likelihood 
convergence.check is 0.2295026 
Completing Iteration 2 (approx. per word bound = -59.524, relative change = 2.295e-01) 
......................................................................................................
Completed E-Step (12 seconds). 
Completed M-Step (0 seconds). 
calculate log likelihood 
convergence.check is 0.0004036372 
Model Terminated Before Convergence Reached 
18 models in net 
Beginning Random Initialization 
Initialization with Poisson NMF 
......................................................................................................
Completed E-Step (21 seconds). 
Completed M-Step (0 seconds). 
calculate log likelihood 
Completing Iteration 1 (approx. per word bound = -76.987) 
......................................................................................................
Completed E-Step (14 seconds). 
Completed M-Step (0 seconds). 
calculate log likelihood 
convergence.check is 0.2268237 
Completing Iteration 2 (approx. per word bound = -59.524, relative change = 2.268e-01) 
......................................................................................................
Completed E-Step (12 seconds). 
Completed M-Step (0 seconds). 
calculate log likelihood 
convergence.check is 0.0006708005 
Model Terminated Before Convergence Reached 
19 models in net 
Beginning Random Initialization 
Initialization with Poisson NMF 
......................................................................................................
Completed E-Step (22 seconds). 
Completed M-Step (0 seconds). 
calculate log likelihood 
Completing Iteration 1 (approx. per word bound = -76.718) 
......................................................................................................
Completed E-Step (14 seconds). 
Completed M-Step (0 seconds). 
calculate log likelihood 
convergence.check is 0.2239239 
Completing Iteration 2 (approx. per word bound = -59.539, relative change = 2.239e-01) 
......................................................................................................
Completed E-Step (11 seconds). 
Completed M-Step (0 seconds). 
calculate log likelihood 
convergence.check is 0.000610605 
Model Terminated Before Convergence Reached 
20 models in net 
Beginning Random Initialization 
Initialization with Poisson NMF 
......................................................................................................
Completed E-Step (19 seconds). 
Completed M-Step (0 seconds). 
calculate log likelihood 
Completing Iteration 1 (approx. per word bound = -77.267) 
......................................................................................................
Completed E-Step (14 seconds). 
Completed M-Step (0 seconds). 
calculate log likelihood 
convergence.check is 0.2293058 
Completing Iteration 2 (approx. per word bound = -59.549, relative change = 2.293e-01) 
......................................................................................................
Completed E-Step (12 seconds). 
Completed M-Step (0 seconds). 
calculate log likelihood 
convergence.check is 0.0005507659 
Model Terminated Before Convergence Reached 
21 models in net 
Beginning Random Initialization 
Initialization with Poisson NMF 
......................................................................................................
Completed E-Step (22 seconds). 
Completed M-Step (0 seconds). 
calculate log likelihood 
Completing Iteration 1 (approx. per word bound = -76.553) 
......................................................................................................
Completed E-Step (13 seconds). 
Completed M-Step (0 seconds). 
calculate log likelihood 
convergence.check is 0.2224419 
Completing Iteration 2 (approx. per word bound = -59.524, relative change = 2.224e-01) 
......................................................................................................
Completed E-Step (11 seconds). 
Completed M-Step (0 seconds). 
calculate log likelihood 
convergence.check is 0.0007519561 
Model Terminated Before Convergence Reached 
Running select models 
1 select model run 
Beginning Spectral Initialization 
	 Calculating the gram matrix...
	 Finding anchor words...
 	.........
	 Recovering initialization...
 	....
Initialization complete.
......................................................................................................
Completed E-Step (19 seconds). 
Completed M-Step (0 seconds). 
calculate log likelihood 
Completing Iteration 1 (approx. per word bound = -59.367) 
......................................................................................................
Completed E-Step (11 seconds). 
Completed M-Step (0 seconds). 
calculate log likelihood 
convergence.check is 0.0003132378 
Completing Iteration 2 (approx. per word bound = -59.349, relative change = 3.132e-04) 
......................................................................................................
Completed E-Step (10 seconds). 
Completed M-Step (0 seconds). 
calculate log likelihood 
convergence.check is 0.0001837529 
Completing Iteration 3 (approx. per word bound = -59.338, relative change = 1.838e-04) 
......................................................................................................
Completed E-Step (9 seconds). 
Completed M-Step (0 seconds). 
calculate log likelihood 
convergence.check is 9.295814e-05 
Completing Iteration 4 (approx. per word bound = -59.332, relative change = 9.296e-05) 
......................................................................................................
Completed E-Step (9 seconds). 
Completed M-Step (0 seconds). 
calculate log likelihood 
convergence.check is 5.139647e-05 
Completing Iteration 5 (approx. per word bound = -59.329, relative change = 5.140e-05) 
Topic 1: Gene302, Gene990, Gene601, Gene883, Gene655 
 Topic 2: Gene965, Gene554, Gene752, Gene302, Gene883 
 Topic 3: Gene990, Gene302, Gene655, Gene973, Gene601 
 Topic 4: Gene167, Gene302, Gene447, Gene990, Gene752 
 Topic 5: Gene302, Gene990, Gene752, Gene601, Gene655 
 Topic 6: Gene302, Gene883, Gene990, Gene752, Gene686 
 Topic 7: Gene102, Gene302, Gene601, Gene699, Gene752 
 Topic 8: Gene302, Gene990, Gene474, Gene601, Gene752 
 Topic 9: Gene302, Gene990, Gene752, Gene601, Gene883 
......................................................................................................
Completed E-Step (9 seconds). 
Completed M-Step (0 seconds). 
calculate log likelihood 
convergence.check is 3.88325e-05 
Completing Iteration 6 (approx. per word bound = -59.327, relative change = 3.883e-05) 
......................................................................................................
Completed E-Step (9 seconds). 
Completed M-Step (0 seconds). 
calculate log likelihood 
convergence.check is 3.488296e-05 
Completing Iteration 7 (approx. per word bound = -59.325, relative change = 3.488e-05) 
......................................................................................................
Completed E-Step (9 seconds). 
Completed M-Step (0 seconds). 
calculate log likelihood 
convergence.check is 3.36713e-05 
Completing Iteration 8 (approx. per word bound = -59.323, relative change = 3.367e-05) 
......................................................................................................
Completed E-Step (9 seconds). 
Completed M-Step (0 seconds). 
calculate log likelihood 
convergence.check is 3.177626e-05 
Completing Iteration 9 (approx. per word bound = -59.321, relative change = 3.178e-05) 
......................................................................................................
Completed E-Step (8 seconds). 
Completed M-Step (0 seconds). 
calculate log likelihood 
convergence.check is 2.619353e-05 
Completing Iteration 10 (approx. per word bound = -59.319, relative change = 2.619e-05) 
Topic 1: Gene302, Gene990, Gene601, Gene883, Gene81 
 Topic 2: Gene965, Gene554, Gene752, Gene883, Gene302 
 Topic 3: Gene990, Gene302, Gene655, Gene973, Gene601 
 Topic 4: Gene167, Gene302, Gene447, Gene990, Gene752 
 Topic 5: Gene302, Gene990, Gene752, Gene655, Gene601 
 Topic 6: Gene302, Gene883, Gene990, Gene752, Gene686 
 Topic 7: Gene102, Gene302, Gene601, Gene699, Gene752 
 Topic 8: Gene302, Gene990, Gene474, Gene601, Gene752 
 Topic 9: Gene302, Gene990, Gene752, Gene601, Gene883 
......................................................................................................
Completed E-Step (8 seconds). 
Completed M-Step (0 seconds). 
calculate log likelihood 
convergence.check is 1.97043e-05 
Completing Iteration 11 (approx. per word bound = -59.318, relative change = 1.970e-05) 
......................................................................................................
Completed E-Step (8 seconds). 
Completed M-Step (0 seconds). 
calculate log likelihood 
convergence.check is 1.557468e-05 
Completing Iteration 12 (approx. per word bound = -59.317, relative change = 1.557e-05) 
......................................................................................................
Completed E-Step (8 seconds). 
Completed M-Step (0 seconds). 
calculate log likelihood 
convergence.check is 1.085265e-05 
Completing Iteration 13 (approx. per word bound = -59.317, relative change = 1.085e-05) 
......................................................................................................
Completed E-Step (8 seconds). 
Completed M-Step (0 seconds). 
calculate log likelihood 
convergence.check is 7.927628e-06 
Completing Iteration 14 (approx. per word bound = -59.316, relative change = 7.928e-06) 
......................................................................................................
Completed E-Step (7 seconds). 
Completed M-Step (0 seconds). 
calculate log likelihood 
convergence.check is 6.750373e-06 
Completing Iteration 15 (approx. per word bound = -59.316, relative change = 6.750e-06) 
Topic 1: Gene302, Gene990, Gene601, Gene81, Gene883 
 Topic 2: Gene965, Gene554, Gene752, Gene883, Gene302 
 Topic 3: Gene990, Gene302, Gene655, Gene973, Gene601 
 Topic 4: Gene167, Gene302, Gene447, Gene990, Gene752 
 Topic 5: Gene302, Gene990, Gene752, Gene655, Gene601 
 Topic 6: Gene302, Gene883, Gene990, Gene686, Gene752 
 Topic 7: Gene102, Gene302, Gene699, Gene601, Gene752 
 Topic 8: Gene302, Gene990, Gene474, Gene601, Gene752 
 Topic 9: Gene302, Gene990, Gene752, Gene601, Gene883 
......................................................................................................
Completed E-Step (7 seconds). 
Completed M-Step (0 seconds). 
calculate log likelihood 
convergence.check is 4.376201e-06 
Completing Iteration 16 (approx. per word bound = -59.315, relative change = 4.376e-06) 
......................................................................................................
Completed E-Step (7 seconds). 
Completed M-Step (0 seconds). 
calculate log likelihood 
convergence.check is 3.599793e-06 
Completing Iteration 17 (approx. per word bound = -59.315, relative change = 3.600e-06) 
......................................................................................................
Completed E-Step (7 seconds). 
Completed M-Step (0 seconds). 
calculate log likelihood 
convergence.check is 3.320667e-06 
Completing Iteration 18 (approx. per word bound = -59.315, relative change = 3.321e-06) 
......................................................................................................
Completed E-Step (7 seconds). 
Completed M-Step (0 seconds). 
calculate log likelihood 
convergence.check is 2.355723e-06 
Completing Iteration 19 (approx. per word bound = -59.315, relative change = 2.356e-06) 
......................................................................................................
Completed E-Step (7 seconds). 
Completed M-Step (0 seconds). 
calculate log likelihood 
convergence.check is 2.35324e-06 
Completing Iteration 20 (approx. per word bound = -59.315, relative change = 2.353e-06) 
Topic 1: Gene302, Gene990, Gene601, Gene81, Gene883 
 Topic 2: Gene965, Gene554, Gene752, Gene883, Gene686 
 Topic 3: Gene990, Gene302, Gene655, Gene973, Gene601 
 Topic 4: Gene167, Gene302, Gene447, Gene990, Gene601 
 Topic 5: Gene302, Gene990, Gene752, Gene655, Gene601 
 Topic 6: Gene302, Gene883, Gene990, Gene686, Gene752 
 Topic 7: Gene102, Gene302, Gene699, Gene601, Gene752 
 Topic 8: Gene302, Gene990, Gene474, Gene601, Gene752 
 Topic 9: Gene302, Gene990, Gene752, Gene601, Gene447 
......................................................................................................
Completed E-Step (6 seconds). 
Completed M-Step (0 seconds). 
calculate log likelihood 
convergence.check is 1.525567e-06 
Completing Iteration 21 (approx. per word bound = -59.315, relative change = 1.526e-06) 
......................................................................................................
Completed E-Step (6 seconds). 
Completed M-Step (0 seconds). 
calculate log likelihood 
convergence.check is 1.256125e-06 
Completing Iteration 22 (approx. per word bound = -59.315, relative change = 1.256e-06) 
......................................................................................................
Completed E-Step (6 seconds). 
Completed M-Step (0 seconds). 
calculate log likelihood 
convergence.check is 1.365714e-06 
Completing Iteration 23 (approx. per word bound = -59.314, relative change = 1.366e-06) 
......................................................................................................
Completed E-Step (6 seconds). 
Completed M-Step (0 seconds). 
calculate log likelihood 
convergence.check is 1.44004e-06 
Completing Iteration 24 (approx. per word bound = -59.314, relative change = 1.440e-06) 
......................................................................................................
Completed E-Step (6 seconds). 
Completed M-Step (0 seconds). 
calculate log likelihood 
convergence.check is 8.945095e-07 
Model Converged 
2 select model run 
Initialization with topicScore. 
Initializing factors using Topic SCORE algorithm.
Initializing loadings by running 10 SCD updates.
......................................................................................................
Completed E-Step (14 seconds). 
Completed M-Step (0 seconds). 
calculate log likelihood 
Completing Iteration 1 (approx. per word bound = -59.374) 
......................................................................................................
Completed E-Step (13 seconds). 
Completed M-Step (0 seconds). 
calculate log likelihood 
convergence.check is 0.0001256322 
Completing Iteration 2 (approx. per word bound = -59.366, relative change = 1.256e-04) 
......................................................................................................
Completed E-Step (13 seconds). 
Completed M-Step (0 seconds). 
calculate log likelihood 
convergence.check is 7.423945e-05 
Completing Iteration 3 (approx. per word bound = -59.362, relative change = 7.424e-05) 
......................................................................................................
Completed E-Step (11 seconds). 
Completed M-Step (0 seconds). 
calculate log likelihood 
convergence.check is 5.95781e-05 
Completing Iteration 4 (approx. per word bound = -59.359, relative change = 5.958e-05) 
......................................................................................................
Completed E-Step (11 seconds). 
Completed M-Step (0 seconds). 
calculate log likelihood 
convergence.check is 5.003166e-05 
Completing Iteration 5 (approx. per word bound = -59.356, relative change = 5.003e-05) 
Topic 1: Gene990, Gene302, Gene973, Gene655, Gene656 
 Topic 2: Gene883, Gene686, Gene655, Gene990, Gene460 
 Topic 3: Gene102, Gene302, Gene990, Gene601, Gene699 
 Topic 4: Gene302, Gene990, Gene102, Gene81, Gene167 
 Topic 5: Gene474, Gene883, Gene686, Gene886, Gene328 
 Topic 6: Gene167, Gene302, Gene447, Gene460, Gene601 
 Topic 7: Gene302, Gene752, Gene601, Gene447, Gene167 
 Topic 8: Gene302, Gene965, Gene554, Gene90, Gene883 
 Topic 9: Gene102, Gene752, Gene447, Gene686, Gene886 
......................................................................................................
Completed E-Step (11 seconds). 
Completed M-Step (0 seconds). 
calculate log likelihood 
convergence.check is 4.193649e-05 
Completing Iteration 6 (approx. per word bound = -59.353, relative change = 4.194e-05) 
......................................................................................................
Completed E-Step (11 seconds). 
Completed M-Step (0 seconds). 
calculate log likelihood 
convergence.check is 3.385356e-05 
Completing Iteration 7 (approx. per word bound = -59.351, relative change = 3.385e-05) 
......................................................................................................
Completed E-Step (11 seconds). 
Completed M-Step (0 seconds). 
calculate log likelihood 
convergence.check is 2.948721e-05 
Completing Iteration 8 (approx. per word bound = -59.349, relative change = 2.949e-05) 
......................................................................................................
Completed E-Step (12 seconds). 
Completed M-Step (0 seconds). 
calculate log likelihood 
convergence.check is 2.285021e-05 
Completing Iteration 9 (approx. per word bound = -59.348, relative change = 2.285e-05) 
......................................................................................................
Completed E-Step (11 seconds). 
Completed M-Step (0 seconds). 
calculate log likelihood 
convergence.check is 1.955115e-05 
Completing Iteration 10 (approx. per word bound = -59.347, relative change = 1.955e-05) 
Topic 1: Gene990, Gene302, Gene973, Gene655, Gene656 
 Topic 2: Gene883, Gene686, Gene655, Gene554, Gene990 
 Topic 3: Gene102, Gene302, Gene990, Gene601, Gene699 
 Topic 4: Gene302, Gene990, Gene102, Gene81, Gene167 
 Topic 5: Gene474, Gene883, Gene686, Gene886, Gene291 
 Topic 6: Gene167, Gene302, Gene447, Gene460, Gene601 
 Topic 7: Gene302, Gene752, Gene601, Gene447, Gene167 
 Topic 8: Gene965, Gene302, Gene554, Gene990, Gene883 
 Topic 9: Gene102, Gene752, Gene447, Gene686, Gene886 
......................................................................................................
Completed E-Step (11 seconds). 
Completed M-Step (0 seconds). 
calculate log likelihood 
convergence.check is 1.652403e-05 
Completing Iteration 11 (approx. per word bound = -59.346, relative change = 1.652e-05) 
......................................................................................................
Completed E-Step (10 seconds). 
Completed M-Step (0 seconds). 
calculate log likelihood 
convergence.check is 1.445092e-05 
Completing Iteration 12 (approx. per word bound = -59.345, relative change = 1.445e-05) 
......................................................................................................
Completed E-Step (10 seconds). 
Completed M-Step (0 seconds). 
calculate log likelihood 
convergence.check is 1.278298e-05 
Completing Iteration 13 (approx. per word bound = -59.344, relative change = 1.278e-05) 
......................................................................................................
Completed E-Step (10 seconds). 
Completed M-Step (0 seconds). 
calculate log likelihood 
convergence.check is 1.114306e-05 
Completing Iteration 14 (approx. per word bound = -59.344, relative change = 1.114e-05) 
......................................................................................................
Completed E-Step (10 seconds). 
Completed M-Step (0 seconds). 
calculate log likelihood 
convergence.check is 9.835806e-06 
Completing Iteration 15 (approx. per word bound = -59.343, relative change = 9.836e-06) 
Topic 1: Gene990, Gene302, Gene973, Gene655, Gene328 
 Topic 2: Gene883, Gene686, Gene655, Gene554, Gene460 
 Topic 3: Gene102, Gene302, Gene990, Gene601, Gene699 
 Topic 4: Gene302, Gene990, Gene102, Gene81, Gene460 
 Topic 5: Gene474, Gene883, Gene686, Gene886, Gene291 
 Topic 6: Gene167, Gene302, Gene447, Gene460, Gene990 
 Topic 7: Gene302, Gene752, Gene601, Gene447, Gene167 
 Topic 8: Gene965, Gene302, Gene554, Gene990, Gene90 
 Topic 9: Gene102, Gene752, Gene447, Gene686, Gene167 
......................................................................................................
Completed E-Step (10 seconds). 
Completed M-Step (0 seconds). 
calculate log likelihood 
convergence.check is 8.904698e-06 
Completing Iteration 16 (approx. per word bound = -59.342, relative change = 8.905e-06) 
......................................................................................................
Completed E-Step (9 seconds). 
Completed M-Step (0 seconds). 
calculate log likelihood 
convergence.check is 8.316874e-06 
Completing Iteration 17 (approx. per word bound = -59.342, relative change = 8.317e-06) 
......................................................................................................
Completed E-Step (10 seconds). 
Completed M-Step (0 seconds). 
calculate log likelihood 
convergence.check is 7.344355e-06 
Completing Iteration 18 (approx. per word bound = -59.342, relative change = 7.344e-06) 
......................................................................................................
Completed E-Step (10 seconds). 
Completed M-Step (0 seconds). 
calculate log likelihood 
convergence.check is 6.695334e-06 
Completing Iteration 19 (approx. per word bound = -59.341, relative change = 6.695e-06) 
......................................................................................................
Completed E-Step (9 seconds). 
Completed M-Step (0 seconds). 
calculate log likelihood 
convergence.check is 6.412195e-06 
Completing Iteration 20 (approx. per word bound = -59.341, relative change = 6.412e-06) 
Topic 1: Gene990, Gene302, Gene973, Gene655, Gene328 
 Topic 2: Gene883, Gene686, Gene655, Gene554, Gene460 
 Topic 3: Gene102, Gene302, Gene601, Gene990, Gene699 
 Topic 4: Gene302, Gene990, Gene102, Gene460, Gene447 
 Topic 5: Gene474, Gene883, Gene686, Gene886, Gene291 
 Topic 6: Gene167, Gene302, Gene447, Gene460, Gene990 
 Topic 7: Gene302, Gene752, Gene601, Gene447, Gene167 
 Topic 8: Gene965, Gene302, Gene554, Gene990, Gene90 
 Topic 9: Gene102, Gene752, Gene447, Gene686, Gene167 
......................................................................................................
Completed E-Step (9 seconds). 
Completed M-Step (0 seconds). 
calculate log likelihood 
convergence.check is 5.582451e-06 
Completing Iteration 21 (approx. per word bound = -59.340, relative change = 5.582e-06) 
......................................................................................................
Completed E-Step (9 seconds). 
Completed M-Step (0 seconds). 
calculate log likelihood 
convergence.check is 5.465735e-06 
Completing Iteration 22 (approx. per word bound = -59.340, relative change = 5.466e-06) 
......................................................................................................
Completed E-Step (9 seconds). 
Completed M-Step (0 seconds). 
calculate log likelihood 
convergence.check is 5.471205e-06 
Completing Iteration 23 (approx. per word bound = -59.340, relative change = 5.471e-06) 
......................................................................................................
Completed E-Step (9 seconds). 
Completed M-Step (0 seconds). 
calculate log likelihood 
convergence.check is 4.725913e-06 
Completing Iteration 24 (approx. per word bound = -59.339, relative change = 4.726e-06) 
......................................................................................................
Completed E-Step (9 seconds). 
Completed M-Step (0 seconds). 
calculate log likelihood 
convergence.check is 4.648577e-06 
Completing Iteration 25 (approx. per word bound = -59.339, relative change = 4.649e-06) 
Topic 1: Gene990, Gene302, Gene973, Gene655, Gene328 
 Topic 2: Gene883, Gene686, Gene655, Gene460, Gene554 
 Topic 3: Gene102, Gene302, Gene601, Gene990, Gene699 
 Topic 4: Gene302, Gene990, Gene102, Gene447, Gene752 
 Topic 5: Gene474, Gene883, Gene686, Gene886, Gene291 
 Topic 6: Gene167, Gene302, Gene447, Gene990, Gene460 
 Topic 7: Gene302, Gene752, Gene601, Gene447, Gene167 
 Topic 8: Gene965, Gene302, Gene554, Gene990, Gene90 
 Topic 9: Gene102, Gene752, Gene447, Gene686, Gene167 
......................................................................................................
Completed E-Step (8 seconds). 
Completed M-Step (0 seconds). 
calculate log likelihood 
convergence.check is 4.172748e-06 
Completing Iteration 26 (approx. per word bound = -59.339, relative change = 4.173e-06) 
......................................................................................................
Completed E-Step (8 seconds). 
Completed M-Step (0 seconds). 
calculate log likelihood 
convergence.check is 3.876534e-06 
Completing Iteration 27 (approx. per word bound = -59.339, relative change = 3.877e-06) 
......................................................................................................
Completed E-Step (8 seconds). 
Completed M-Step (0 seconds). 
calculate log likelihood 
convergence.check is 3.981888e-06 
Completing Iteration 28 (approx. per word bound = -59.338, relative change = 3.982e-06) 
......................................................................................................
Completed E-Step (8 seconds). 
Completed M-Step (0 seconds). 
calculate log likelihood 
convergence.check is 3.575062e-06 
Completing Iteration 29 (approx. per word bound = -59.338, relative change = 3.575e-06) 
......................................................................................................
Completed E-Step (8 seconds). 
Completed M-Step (0 seconds). 
calculate log likelihood 
convergence.check is 3.258938e-06 
Completing Iteration 30 (approx. per word bound = -59.338, relative change = 3.259e-06) 
Topic 1: Gene990, Gene302, Gene973, Gene655, Gene328 
 Topic 2: Gene883, Gene686, Gene655, Gene460, Gene554 
 Topic 3: Gene102, Gene302, Gene601, Gene990, Gene699 
 Topic 4: Gene302, Gene990, Gene102, Gene752, Gene447 
 Topic 5: Gene474, Gene883, Gene686, Gene291, Gene886 
 Topic 6: Gene167, Gene302, Gene447, Gene990, Gene460 
 Topic 7: Gene302, Gene752, Gene601, Gene447, Gene167 
 Topic 8: Gene965, Gene302, Gene554, Gene990, Gene90 
 Topic 9: Gene102, Gene752, Gene447, Gene686, Gene167 
......................................................................................................
Completed E-Step (8 seconds). 
Completed M-Step (0 seconds). 
calculate log likelihood 
convergence.check is 3.411844e-06 
Completing Iteration 31 (approx. per word bound = -59.338, relative change = 3.412e-06) 
......................................................................................................
Completed E-Step (8 seconds). 
Completed M-Step (0 seconds). 
calculate log likelihood 
convergence.check is 2.953508e-06 
Completing Iteration 32 (approx. per word bound = -59.338, relative change = 2.954e-06) 
......................................................................................................
Completed E-Step (8 seconds). 
Completed M-Step (0 seconds). 
calculate log likelihood 
convergence.check is 2.970928e-06 
Completing Iteration 33 (approx. per word bound = -59.338, relative change = 2.971e-06) 
......................................................................................................
Completed E-Step (7 seconds). 
Completed M-Step (0 seconds). 
calculate log likelihood 
convergence.check is 2.779406e-06 
Completing Iteration 34 (approx. per word bound = -59.337, relative change = 2.779e-06) 
......................................................................................................
Completed E-Step (7 seconds). 
Completed M-Step (0 seconds). 
calculate log likelihood 
convergence.check is 2.680424e-06 
Completing Iteration 35 (approx. per word bound = -59.337, relative change = 2.680e-06) 
Topic 1: Gene990, Gene302, Gene973, Gene655, Gene328 
 Topic 2: Gene883, Gene686, Gene655, Gene460, Gene554 
 Topic 3: Gene102, Gene302, Gene601, Gene990, Gene699 
 Topic 4: Gene302, Gene990, Gene102, Gene752, Gene447 
 Topic 5: Gene474, Gene883, Gene686, Gene291, Gene886 
 Topic 6: Gene167, Gene302, Gene447, Gene990, Gene460 
 Topic 7: Gene302, Gene752, Gene601, Gene447, Gene167 
 Topic 8: Gene965, Gene302, Gene554, Gene990, Gene90 
 Topic 9: Gene102, Gene752, Gene447, Gene686, Gene167 
......................................................................................................
Completed E-Step (7 seconds). 
Completed M-Step (0 seconds). 
calculate log likelihood 
convergence.check is 2.804912e-06 
Completing Iteration 36 (approx. per word bound = -59.337, relative change = 2.805e-06) 
......................................................................................................
Completed E-Step (7 seconds). 
Completed M-Step (0 seconds). 
calculate log likelihood 
convergence.check is 2.453669e-06 
Completing Iteration 37 (approx. per word bound = -59.337, relative change = 2.454e-06) 
......................................................................................................
Completed E-Step (7 seconds). 
Completed M-Step (0 seconds). 
calculate log likelihood 
convergence.check is 2.170163e-06 
Completing Iteration 38 (approx. per word bound = -59.337, relative change = 2.170e-06) 
......................................................................................................
Completed E-Step (7 seconds). 
Completed M-Step (0 seconds). 
calculate log likelihood 
convergence.check is 2.365435e-06 
Completing Iteration 39 (approx. per word bound = -59.337, relative change = 2.365e-06) 
......................................................................................................
Completed E-Step (7 seconds). 
Completed M-Step (0 seconds). 
calculate log likelihood 
convergence.check is 2.22925e-06 
Completing Iteration 40 (approx. per word bound = -59.336, relative change = 2.229e-06) 
Topic 1: Gene990, Gene302, Gene655, Gene973, Gene328 
 Topic 2: Gene883, Gene686, Gene655, Gene460, Gene554 
 Topic 3: Gene102, Gene302, Gene601, Gene990, Gene699 
 Topic 4: Gene302, Gene990, Gene102, Gene752, Gene447 
 Topic 5: Gene474, Gene883, Gene686, Gene291, Gene886 
 Topic 6: Gene167, Gene302, Gene447, Gene990, Gene460 
 Topic 7: Gene302, Gene752, Gene601, Gene447, Gene167 
 Topic 8: Gene965, Gene302, Gene554, Gene990, Gene90 
 Topic 9: Gene102, Gene752, Gene447, Gene686, Gene167 
......................................................................................................
Completed E-Step (7 seconds). 
Completed M-Step (0 seconds). 
calculate log likelihood 
convergence.check is 2.263212e-06 
Completing Iteration 41 (approx. per word bound = -59.336, relative change = 2.263e-06) 
......................................................................................................
Completed E-Step (7 seconds). 
Completed M-Step (0 seconds). 
calculate log likelihood 
convergence.check is 2.139768e-06 
Completing Iteration 42 (approx. per word bound = -59.336, relative change = 2.140e-06) 
......................................................................................................
Completed E-Step (8 seconds). 
Completed M-Step (0 seconds). 
calculate log likelihood 
convergence.check is 1.938769e-06 
Completing Iteration 43 (approx. per word bound = -59.336, relative change = 1.939e-06) 
......................................................................................................
Completed E-Step (7 seconds). 
Completed M-Step (0 seconds). 
calculate log likelihood 
convergence.check is 1.908455e-06 
Completing Iteration 44 (approx. per word bound = -59.336, relative change = 1.908e-06) 
......................................................................................................
Completed E-Step (6 seconds). 
Completed M-Step (0 seconds). 
calculate log likelihood 
convergence.check is 2.016999e-06 
Completing Iteration 45 (approx. per word bound = -59.336, relative change = 2.017e-06) 
Topic 1: Gene990, Gene302, Gene655, Gene973, Gene328 
 Topic 2: Gene883, Gene686, Gene655, Gene460, Gene554 
 Topic 3: Gene102, Gene302, Gene601, Gene990, Gene699 
 Topic 4: Gene302, Gene990, Gene102, Gene752, Gene447 
 Topic 5: Gene474, Gene883, Gene686, Gene291, Gene886 
 Topic 6: Gene167, Gene302, Gene447, Gene990, Gene460 
 Topic 7: Gene302, Gene752, Gene601, Gene447, Gene167 
 Topic 8: Gene965, Gene302, Gene554, Gene990, Gene90 
 Topic 9: Gene102, Gene752, Gene447, Gene686, Gene167 
......................................................................................................
Completed E-Step (6 seconds). 
Completed M-Step (0 seconds). 
calculate log likelihood 
convergence.check is 1.871875e-06 
Completing Iteration 46 (approx. per word bound = -59.336, relative change = 1.872e-06) 
......................................................................................................
Completed E-Step (6 seconds). 
Completed M-Step (0 seconds). 
calculate log likelihood 
convergence.check is 1.582176e-06 
Completing Iteration 47 (approx. per word bound = -59.336, relative change = 1.582e-06) 
......................................................................................................
Completed E-Step (6 seconds). 
Completed M-Step (0 seconds). 
calculate log likelihood 
convergence.check is 1.643138e-06 
Completing Iteration 48 (approx. per word bound = -59.336, relative change = 1.643e-06) 
......................................................................................................
Completed E-Step (6 seconds). 
Completed M-Step (0 seconds). 
calculate log likelihood 
convergence.check is 1.506497e-06 
Completing Iteration 49 (approx. per word bound = -59.335, relative change = 1.506e-06) 
......................................................................................................
Completed E-Step (6 seconds). 
Completed M-Step (0 seconds). 
calculate log likelihood 
convergence.check is 1.768289e-06 
Completing Iteration 50 (approx. per word bound = -59.335, relative change = 1.768e-06) 
Topic 1: Gene990, Gene302, Gene655, Gene973, Gene328 
 Topic 2: Gene883, Gene686, Gene655, Gene460, Gene554 
 Topic 3: Gene102, Gene302, Gene601, Gene990, Gene699 
 Topic 4: Gene302, Gene990, Gene102, Gene752, Gene447 
 Topic 5: Gene474, Gene883, Gene686, Gene291, Gene886 
 Topic 6: Gene167, Gene302, Gene447, Gene990, Gene460 
 Topic 7: Gene302, Gene752, Gene601, Gene447, Gene167 
 Topic 8: Gene965, Gene302, Gene554, Gene990, Gene90 
 Topic 9: Gene102, Gene752, Gene686, Gene447, Gene167 
......................................................................................................
Completed E-Step (6 seconds). 
Completed M-Step (0 seconds). 
calculate log likelihood 
convergence.check is 1.74955e-06 
Completing Iteration 51 (approx. per word bound = -59.335, relative change = 1.750e-06) 
......................................................................................................
Completed E-Step (6 seconds). 
Completed M-Step (0 seconds). 
calculate log likelihood 
convergence.check is 1.362413e-06 
Completing Iteration 52 (approx. per word bound = -59.335, relative change = 1.362e-06) 
......................................................................................................
Completed E-Step (6 seconds). 
Completed M-Step (0 seconds). 
calculate log likelihood 
convergence.check is 1.530376e-06 
Completing Iteration 53 (approx. per word bound = -59.335, relative change = 1.530e-06) 
......................................................................................................
Completed E-Step (6 seconds). 
Completed M-Step (0 seconds). 
calculate log likelihood 
convergence.check is 1.424192e-06 
Completing Iteration 54 (approx. per word bound = -59.335, relative change = 1.424e-06) 
......................................................................................................
Completed E-Step (6 seconds). 
Completed M-Step (0 seconds). 
calculate log likelihood 
convergence.check is 1.147972e-06 
Completing Iteration 55 (approx. per word bound = -59.335, relative change = 1.148e-06) 
Topic 1: Gene990, Gene302, Gene655, Gene973, Gene328 
 Topic 2: Gene883, Gene686, Gene655, Gene460, Gene554 
 Topic 3: Gene102, Gene302, Gene601, Gene990, Gene699 
 Topic 4: Gene302, Gene990, Gene102, Gene752, Gene447 
 Topic 5: Gene474, Gene883, Gene686, Gene291, Gene886 
 Topic 6: Gene167, Gene302, Gene447, Gene990, Gene460 
 Topic 7: Gene302, Gene752, Gene601, Gene447, Gene167 
 Topic 8: Gene965, Gene302, Gene554, Gene990, Gene328 
 Topic 9: Gene102, Gene752, Gene686, Gene447, Gene167 
......................................................................................................
Completed E-Step (6 seconds). 
Completed M-Step (0 seconds). 
calculate log likelihood 
convergence.check is 1.326256e-06 
Completing Iteration 56 (approx. per word bound = -59.335, relative change = 1.326e-06) 
......................................................................................................
Completed E-Step (6 seconds). 
Completed M-Step (0 seconds). 
calculate log likelihood 
convergence.check is 1.262861e-06 
Completing Iteration 57 (approx. per word bound = -59.335, relative change = 1.263e-06) 
......................................................................................................
Completed E-Step (6 seconds). 
Completed M-Step (0 seconds). 
calculate log likelihood 
convergence.check is 9.567862e-07 
Model Converged 
3 select model run 
Initialization with topicScore. 
Initializing factors using Topic SCORE algorithm.
Initializing loadings by running 10 SCD updates.
......................................................................................................
Completed E-Step (15 seconds). 
Completed M-Step (0 seconds). 
calculate log likelihood 
Completing Iteration 1 (approx. per word bound = -59.379) 
......................................................................................................
Completed E-Step (13 seconds). 
Completed M-Step (0 seconds). 
calculate log likelihood 
convergence.check is 0.0001852701 
Completing Iteration 2 (approx. per word bound = -59.368, relative change = 1.853e-04) 
......................................................................................................
Completed E-Step (12 seconds). 
Completed M-Step (0 seconds). 
calculate log likelihood 
convergence.check is 9.070627e-05 
Completing Iteration 3 (approx. per word bound = -59.362, relative change = 9.071e-05) 
......................................................................................................
Completed E-Step (12 seconds). 
Completed M-Step (0 seconds). 
calculate log likelihood 
convergence.check is 6.013986e-05 
Completing Iteration 4 (approx. per word bound = -59.359, relative change = 6.014e-05) 
......................................................................................................
Completed E-Step (12 seconds). 
Completed M-Step (0 seconds). 
calculate log likelihood 
convergence.check is 4.202706e-05 
Completing Iteration 5 (approx. per word bound = -59.356, relative change = 4.203e-05) 
Topic 1: Gene883, Gene601, Gene686, Gene554, Gene965 
 Topic 2: Gene990, Gene302, Gene655, Gene973, Gene656 
 Topic 3: Gene102, Gene302, Gene990, Gene883, Gene699 
 Topic 4: Gene990, Gene302, Gene102, Gene655, Gene883 
 Topic 5: Gene474, Gene601, Gene686, Gene328, Gene883 
 Topic 6: Gene302, Gene752, Gene990, Gene102, Gene81 
 Topic 7: Gene965, Gene554, Gene302, Gene752, Gene328 
 Topic 8: Gene752, Gene102, Gene886, Gene328, Gene601 
 Topic 9: Gene167, Gene447, Gene302, Gene460, Gene682 
......................................................................................................
Completed E-Step (11 seconds). 
Completed M-Step (0 seconds). 
calculate log likelihood 
convergence.check is 3.164969e-05 
Completing Iteration 6 (approx. per word bound = -59.354, relative change = 3.165e-05) 
......................................................................................................
Completed E-Step (11 seconds). 
Completed M-Step (0 seconds). 
calculate log likelihood 
convergence.check is 2.396643e-05 
Completing Iteration 7 (approx. per word bound = -59.353, relative change = 2.397e-05) 
......................................................................................................
Completed E-Step (11 seconds). 
Completed M-Step (0 seconds). 
calculate log likelihood 
convergence.check is 1.958815e-05 
Completing Iteration 8 (approx. per word bound = -59.352, relative change = 1.959e-05) 
......................................................................................................
Completed E-Step (11 seconds). 
Completed M-Step (0 seconds). 
calculate log likelihood 
convergence.check is 1.592626e-05 
Completing Iteration 9 (approx. per word bound = -59.351, relative change = 1.593e-05) 
......................................................................................................
Completed E-Step (10 seconds). 
Completed M-Step (0 seconds). 
calculate log likelihood 
convergence.check is 1.367747e-05 
Completing Iteration 10 (approx. per word bound = -59.350, relative change = 1.368e-05) 
Topic 1: Gene883, Gene686, Gene601, Gene554, Gene965 
 Topic 2: Gene990, Gene302, Gene655, Gene973, Gene656 
 Topic 3: Gene102, Gene302, Gene990, Gene883, Gene699 
 Topic 4: Gene990, Gene302, Gene655, Gene102, Gene883 
 Topic 5: Gene474, Gene601, Gene328, Gene883, Gene686 
 Topic 6: Gene302, Gene752, Gene990, Gene102, Gene81 
 Topic 7: Gene965, Gene554, Gene302, Gene752, Gene328 
 Topic 8: Gene752, Gene102, Gene328, Gene886, Gene686 
 Topic 9: Gene167, Gene447, Gene302, Gene460, Gene682 
......................................................................................................
Completed E-Step (10 seconds). 
Completed M-Step (0 seconds). 
calculate log likelihood 
convergence.check is 1.177596e-05 
Completing Iteration 11 (approx. per word bound = -59.349, relative change = 1.178e-05) 
......................................................................................................
Completed E-Step (10 seconds). 
Completed M-Step (0 seconds). 
calculate log likelihood 
convergence.check is 1.019388e-05 
Completing Iteration 12 (approx. per word bound = -59.349, relative change = 1.019e-05) 
......................................................................................................
Completed E-Step (10 seconds). 
Completed M-Step (0 seconds). 
calculate log likelihood 
convergence.check is 9.145405e-06 
Completing Iteration 13 (approx. per word bound = -59.348, relative change = 9.145e-06) 
......................................................................................................
Completed E-Step (10 seconds). 
Completed M-Step (0 seconds). 
calculate log likelihood 
convergence.check is 8.374816e-06 
Completing Iteration 14 (approx. per word bound = -59.347, relative change = 8.375e-06) 
......................................................................................................
Completed E-Step (9 seconds). 
Completed M-Step (0 seconds). 
calculate log likelihood 
convergence.check is 7.52044e-06 
Completing Iteration 15 (approx. per word bound = -59.347, relative change = 7.520e-06) 
Topic 1: Gene883, Gene686, Gene601, Gene554, Gene965 
 Topic 2: Gene990, Gene302, Gene655, Gene973, Gene90 
 Topic 3: Gene102, Gene302, Gene990, Gene883, Gene699 
 Topic 4: Gene990, Gene302, Gene655, Gene883, Gene102 
 Topic 5: Gene474, Gene601, Gene883, Gene328, Gene686 
 Topic 6: Gene302, Gene752, Gene990, Gene102, Gene81 
 Topic 7: Gene965, Gene554, Gene302, Gene474, Gene752 
 Topic 8: Gene752, Gene102, Gene686, Gene328, Gene886 
 Topic 9: Gene167, Gene447, Gene302, Gene460, Gene682 
......................................................................................................
Completed E-Step (8 seconds). 
Completed M-Step (0 seconds). 
calculate log likelihood 
convergence.check is 6.912175e-06 
Completing Iteration 16 (approx. per word bound = -59.347, relative change = 6.912e-06) 
......................................................................................................
Completed E-Step (8 seconds). 
Completed M-Step (0 seconds). 
calculate log likelihood 
convergence.check is 6.115399e-06 
Completing Iteration 17 (approx. per word bound = -59.346, relative change = 6.115e-06) 
......................................................................................................
Completed E-Step (8 seconds). 
Completed M-Step (0 seconds). 
calculate log likelihood 
convergence.check is 5.645446e-06 
Completing Iteration 18 (approx. per word bound = -59.346, relative change = 5.645e-06) 
......................................................................................................
Completed E-Step (8 seconds). 
Completed M-Step (0 seconds). 
calculate log likelihood 
convergence.check is 5.653445e-06 
Completing Iteration 19 (approx. per word bound = -59.346, relative change = 5.653e-06) 
......................................................................................................
Completed E-Step (8 seconds). 
Completed M-Step (0 seconds). 
calculate log likelihood 
convergence.check is 5.078185e-06 
Completing Iteration 20 (approx. per word bound = -59.345, relative change = 5.078e-06) 
Topic 1: Gene883, Gene686, Gene601, Gene554, Gene965 
 Topic 2: Gene990, Gene302, Gene655, Gene973, Gene81 
 Topic 3: Gene102, Gene302, Gene990, Gene883, Gene699 
 Topic 4: Gene990, Gene302, Gene655, Gene883, Gene102 
 Topic 5: Gene474, Gene601, Gene883, Gene328, Gene686 
 Topic 6: Gene302, Gene752, Gene990, Gene102, Gene81 
 Topic 7: Gene965, Gene554, Gene302, Gene474, Gene328 
 Topic 8: Gene752, Gene102, Gene686, Gene328, Gene886 
 Topic 9: Gene167, Gene447, Gene302, Gene460, Gene682 
......................................................................................................
Completed E-Step (8 seconds). 
Completed M-Step (0 seconds). 
calculate log likelihood 
convergence.check is 4.727001e-06 
Completing Iteration 21 (approx. per word bound = -59.345, relative change = 4.727e-06) 
......................................................................................................
Completed E-Step (8 seconds). 
Completed M-Step (0 seconds). 
calculate log likelihood 
convergence.check is 4.652578e-06 
Completing Iteration 22 (approx. per word bound = -59.345, relative change = 4.653e-06) 
......................................................................................................
Completed E-Step (7 seconds). 
Completed M-Step (0 seconds). 
calculate log likelihood 
convergence.check is 4.134647e-06 
Completing Iteration 23 (approx. per word bound = -59.345, relative change = 4.135e-06) 
......................................................................................................
Completed E-Step (7 seconds). 
Completed M-Step (0 seconds). 
calculate log likelihood 
convergence.check is 3.818536e-06 
Completing Iteration 24 (approx. per word bound = -59.344, relative change = 3.819e-06) 
......................................................................................................
Completed E-Step (7 seconds). 
Completed M-Step (0 seconds). 
calculate log likelihood 
convergence.check is 3.963843e-06 
Completing Iteration 25 (approx. per word bound = -59.344, relative change = 3.964e-06) 
Topic 1: Gene883, Gene686, Gene601, Gene554, Gene965 
 Topic 2: Gene990, Gene302, Gene655, Gene973, Gene81 
 Topic 3: Gene102, Gene302, Gene990, Gene883, Gene699 
 Topic 4: Gene990, Gene302, Gene655, Gene883, Gene460 
 Topic 5: Gene474, Gene601, Gene883, Gene328, Gene686 
 Topic 6: Gene302, Gene752, Gene990, Gene102, Gene81 
 Topic 7: Gene965, Gene554, Gene302, Gene474, Gene328 
 Topic 8: Gene752, Gene102, Gene686, Gene328, Gene886 
 Topic 9: Gene167, Gene447, Gene302, Gene460, Gene682 
......................................................................................................
Completed E-Step (7 seconds). 
Completed M-Step (0 seconds). 
calculate log likelihood 
convergence.check is 3.136166e-06 
Completing Iteration 26 (approx. per word bound = -59.344, relative change = 3.136e-06) 
......................................................................................................
Completed E-Step (7 seconds). 
Completed M-Step (0 seconds). 
calculate log likelihood 
convergence.check is 3.372963e-06 
Completing Iteration 27 (approx. per word bound = -59.344, relative change = 3.373e-06) 
......................................................................................................
Completed E-Step (7 seconds). 
Completed M-Step (0 seconds). 
calculate log likelihood 
convergence.check is 3.403506e-06 
Completing Iteration 28 (approx. per word bound = -59.343, relative change = 3.404e-06) 
......................................................................................................
Completed E-Step (7 seconds). 
Completed M-Step (0 seconds). 
calculate log likelihood 
convergence.check is 2.608787e-06 
Completing Iteration 29 (approx. per word bound = -59.343, relative change = 2.609e-06) 
......................................................................................................
Completed E-Step (7 seconds). 
Completed M-Step (0 seconds). 
calculate log likelihood 
convergence.check is 3.066066e-06 
Completing Iteration 30 (approx. per word bound = -59.343, relative change = 3.066e-06) 
Topic 1: Gene883, Gene686, Gene601, Gene554, Gene965 
 Topic 2: Gene990, Gene302, Gene655, Gene973, Gene81 
 Topic 3: Gene102, Gene302, Gene990, Gene883, Gene699 
 Topic 4: Gene990, Gene302, Gene655, Gene883, Gene460 
 Topic 5: Gene474, Gene601, Gene883, Gene328, Gene686 
 Topic 6: Gene302, Gene752, Gene990, Gene102, Gene81 
 Topic 7: Gene965, Gene554, Gene302, Gene474, Gene328 
 Topic 8: Gene752, Gene102, Gene686, Gene328, Gene886 
 Topic 9: Gene167, Gene447, Gene302, Gene460, Gene682 
......................................................................................................
Completed E-Step (6 seconds). 
Completed M-Step (0 seconds). 
calculate log likelihood 
convergence.check is 2.591091e-06 
Completing Iteration 31 (approx. per word bound = -59.343, relative change = 2.591e-06) 
......................................................................................................
Completed E-Step (6 seconds). 
Completed M-Step (0 seconds). 
calculate log likelihood 
convergence.check is 2.621136e-06 
Completing Iteration 32 (approx. per word bound = -59.343, relative change = 2.621e-06) 
......................................................................................................
Completed E-Step (6 seconds). 
Completed M-Step (0 seconds). 
calculate log likelihood 
convergence.check is 2.449838e-06 
Completing Iteration 33 (approx. per word bound = -59.343, relative change = 2.450e-06) 
......................................................................................................
Completed E-Step (6 seconds). 
Completed M-Step (0 seconds). 
calculate log likelihood 
convergence.check is 2.589265e-06 
Completing Iteration 34 (approx. per word bound = -59.343, relative change = 2.589e-06) 
......................................................................................................
Completed E-Step (6 seconds). 
Completed M-Step (0 seconds). 
calculate log likelihood 
convergence.check is 2.225031e-06 
Completing Iteration 35 (approx. per word bound = -59.342, relative change = 2.225e-06) 
Topic 1: Gene883, Gene686, Gene601, Gene554, Gene965 
 Topic 2: Gene990, Gene302, Gene655, Gene973, Gene81 
 Topic 3: Gene102, Gene302, Gene990, Gene883, Gene699 
 Topic 4: Gene990, Gene302, Gene655, Gene883, Gene460 
 Topic 5: Gene474, Gene601, Gene883, Gene328, Gene686 
 Topic 6: Gene302, Gene752, Gene990, Gene102, Gene81 
 Topic 7: Gene965, Gene554, Gene302, Gene328, Gene474 
 Topic 8: Gene752, Gene102, Gene686, Gene328, Gene886 
 Topic 9: Gene167, Gene447, Gene302, Gene460, Gene682 
......................................................................................................
Completed E-Step (6 seconds). 
Completed M-Step (0 seconds). 
calculate log likelihood 
convergence.check is 2.194923e-06 
Completing Iteration 36 (approx. per word bound = -59.342, relative change = 2.195e-06) 
......................................................................................................
Completed E-Step (6 seconds). 
Completed M-Step (0 seconds). 
calculate log likelihood 
convergence.check is 1.912543e-06 
Completing Iteration 37 (approx. per word bound = -59.342, relative change = 1.913e-06) 
......................................................................................................
Completed E-Step (6 seconds). 
Completed M-Step (0 seconds). 
calculate log likelihood 
convergence.check is 1.903933e-06 
Completing Iteration 38 (approx. per word bound = -59.342, relative change = 1.904e-06) 
......................................................................................................
Completed E-Step (6 seconds). 
Completed M-Step (0 seconds). 
calculate log likelihood 
convergence.check is 2.278522e-06 
Completing Iteration 39 (approx. per word bound = -59.342, relative change = 2.279e-06) 
......................................................................................................
Completed E-Step (6 seconds). 
Completed M-Step (0 seconds). 
calculate log likelihood 
convergence.check is 1.781646e-06 
Completing Iteration 40 (approx. per word bound = -59.342, relative change = 1.782e-06) 
Topic 1: Gene883, Gene686, Gene601, Gene554, Gene965 
 Topic 2: Gene990, Gene302, Gene655, Gene973, Gene81 
 Topic 3: Gene102, Gene302, Gene990, Gene883, Gene699 
 Topic 4: Gene990, Gene302, Gene655, Gene883, Gene460 
 Topic 5: Gene474, Gene601, Gene883, Gene328, Gene686 
 Topic 6: Gene302, Gene752, Gene990, Gene102, Gene81 
 Topic 7: Gene965, Gene554, Gene302, Gene328, Gene474 
 Topic 8: Gene752, Gene102, Gene686, Gene328, Gene886 
 Topic 9: Gene167, Gene447, Gene302, Gene460, Gene682 
......................................................................................................
Completed E-Step (6 seconds). 
Completed M-Step (0 seconds). 
calculate log likelihood 
convergence.check is 1.891633e-06 
Completing Iteration 41 (approx. per word bound = -59.342, relative change = 1.892e-06) 
......................................................................................................
Completed E-Step (6 seconds). 
Completed M-Step (0 seconds). 
calculate log likelihood 
convergence.check is 1.71007e-06 
Completing Iteration 42 (approx. per word bound = -59.342, relative change = 1.710e-06) 
......................................................................................................
Completed E-Step (6 seconds). 
Completed M-Step (0 seconds). 
calculate log likelihood 
convergence.check is 1.760162e-06 
Completing Iteration 43 (approx. per word bound = -59.341, relative change = 1.760e-06) 
......................................................................................................
Completed E-Step (6 seconds). 
Completed M-Step (0 seconds). 
calculate log likelihood 
convergence.check is 1.721878e-06 
Completing Iteration 44 (approx. per word bound = -59.341, relative change = 1.722e-06) 
......................................................................................................
Completed E-Step (6 seconds). 
Completed M-Step (0 seconds). 
calculate log likelihood 
convergence.check is 1.795622e-06 
Completing Iteration 45 (approx. per word bound = -59.341, relative change = 1.796e-06) 
Topic 1: Gene883, Gene686, Gene601, Gene965, Gene554 
 Topic 2: Gene990, Gene302, Gene655, Gene973, Gene81 
 Topic 3: Gene102, Gene302, Gene990, Gene883, Gene699 
 Topic 4: Gene990, Gene302, Gene655, Gene883, Gene460 
 Topic 5: Gene474, Gene601, Gene883, Gene328, Gene686 
 Topic 6: Gene302, Gene752, Gene990, Gene102, Gene81 
 Topic 7: Gene965, Gene554, Gene302, Gene328, Gene474 
 Topic 8: Gene752, Gene102, Gene686, Gene886, Gene328 
 Topic 9: Gene167, Gene447, Gene302, Gene460, Gene682 
......................................................................................................
Completed E-Step (6 seconds). 
Completed M-Step (0 seconds). 
calculate log likelihood 
convergence.check is 1.691626e-06 
Completing Iteration 46 (approx. per word bound = -59.341, relative change = 1.692e-06) 
......................................................................................................
Completed E-Step (6 seconds). 
Completed M-Step (0 seconds). 
calculate log likelihood 
convergence.check is 1.735902e-06 
Completing Iteration 47 (approx. per word bound = -59.341, relative change = 1.736e-06) 
......................................................................................................
Completed E-Step (5 seconds). 
Completed M-Step (0 seconds). 
calculate log likelihood 
convergence.check is 1.362885e-06 
Completing Iteration 48 (approx. per word bound = -59.341, relative change = 1.363e-06) 
......................................................................................................
Completed E-Step (5 seconds). 
Completed M-Step (0 seconds). 
calculate log likelihood 
convergence.check is 1.488406e-06 
Completing Iteration 49 (approx. per word bound = -59.341, relative change = 1.488e-06) 
......................................................................................................
Completed E-Step (5 seconds). 
Completed M-Step (0 seconds). 
calculate log likelihood 
convergence.check is 1.45844e-06 
Completing Iteration 50 (approx. per word bound = -59.341, relative change = 1.458e-06) 
Topic 1: Gene883, Gene686, Gene601, Gene965, Gene554 
 Topic 2: Gene990, Gene302, Gene655, Gene973, Gene81 
 Topic 3: Gene102, Gene302, Gene990, Gene699, Gene883 
 Topic 4: Gene990, Gene302, Gene655, Gene883, Gene460 
 Topic 5: Gene474, Gene601, Gene883, Gene328, Gene686 
 Topic 6: Gene302, Gene752, Gene990, Gene102, Gene81 
 Topic 7: Gene965, Gene554, Gene302, Gene328, Gene474 
 Topic 8: Gene752, Gene102, Gene686, Gene886, Gene328 
 Topic 9: Gene167, Gene447, Gene302, Gene460, Gene682 
......................................................................................................
Completed E-Step (5 seconds). 
Completed M-Step (0 seconds). 
calculate log likelihood 
convergence.check is 1.377664e-06 
Completing Iteration 51 (approx. per word bound = -59.341, relative change = 1.378e-06) 
......................................................................................................
Completed E-Step (5 seconds). 
Completed M-Step (0 seconds). 
calculate log likelihood 
convergence.check is 1.348892e-06 
Completing Iteration 52 (approx. per word bound = -59.341, relative change = 1.349e-06) 
......................................................................................................
Completed E-Step (5 seconds). 
Completed M-Step (0 seconds). 
calculate log likelihood 
convergence.check is 1.316401e-06 
Completing Iteration 53 (approx. per word bound = -59.341, relative change = 1.316e-06) 
......................................................................................................
Completed E-Step (5 seconds). 
Completed M-Step (0 seconds). 
calculate log likelihood 
convergence.check is 1.333354e-06 
Completing Iteration 54 (approx. per word bound = -59.340, relative change = 1.333e-06) 
......................................................................................................
Completed E-Step (5 seconds). 
Completed M-Step (0 seconds). 
calculate log likelihood 
convergence.check is 1.350765e-06 
Completing Iteration 55 (approx. per word bound = -59.340, relative change = 1.351e-06) 
Topic 1: Gene883, Gene601, Gene686, Gene965, Gene554 
 Topic 2: Gene990, Gene302, Gene655, Gene973, Gene328 
 Topic 3: Gene102, Gene302, Gene990, Gene699, Gene883 
 Topic 4: Gene990, Gene302, Gene655, Gene460, Gene883 
 Topic 5: Gene474, Gene601, Gene883, Gene328, Gene686 
 Topic 6: Gene302, Gene752, Gene990, Gene102, Gene81 
 Topic 7: Gene965, Gene554, Gene302, Gene328, Gene474 
 Topic 8: Gene752, Gene102, Gene686, Gene886, Gene328 
 Topic 9: Gene167, Gene447, Gene302, Gene460, Gene682 
......................................................................................................
Completed E-Step (5 seconds). 
Completed M-Step (0 seconds). 
calculate log likelihood 
convergence.check is 1.158483e-06 
Completing Iteration 56 (approx. per word bound = -59.340, relative change = 1.158e-06) 
......................................................................................................
Completed E-Step (5 seconds). 
Completed M-Step (0 seconds). 
calculate log likelihood 
convergence.check is 1.43644e-06 
Completing Iteration 57 (approx. per word bound = -59.340, relative change = 1.436e-06) 
......................................................................................................
Completed E-Step (5 seconds). 
Completed M-Step (0 seconds). 
calculate log likelihood 
convergence.check is 1.155405e-06 
Completing Iteration 58 (approx. per word bound = -59.340, relative change = 1.155e-06) 
......................................................................................................
Completed E-Step (5 seconds). 
Completed M-Step (0 seconds). 
calculate log likelihood 
convergence.check is 1.084202e-06 
Completing Iteration 59 (approx. per word bound = -59.340, relative change = 1.084e-06) 
......................................................................................................
Completed E-Step (5 seconds). 
Completed M-Step (0 seconds). 
calculate log likelihood 
convergence.check is 1.245036e-06 
Completing Iteration 60 (approx. per word bound = -59.340, relative change = 1.245e-06) 
Topic 1: Gene883, Gene601, Gene686, Gene965, Gene554 
 Topic 2: Gene990, Gene302, Gene655, Gene973, Gene328 
 Topic 3: Gene102, Gene302, Gene990, Gene699, Gene883 
 Topic 4: Gene990, Gene302, Gene655, Gene460, Gene883 
 Topic 5: Gene474, Gene601, Gene883, Gene328, Gene686 
 Topic 6: Gene302, Gene752, Gene990, Gene102, Gene81 
 Topic 7: Gene965, Gene554, Gene302, Gene328, Gene474 
 Topic 8: Gene752, Gene102, Gene686, Gene886, Gene328 
 Topic 9: Gene167, Gene447, Gene302, Gene460, Gene682 
......................................................................................................
Completed E-Step (5 seconds). 
Completed M-Step (0 seconds). 
calculate log likelihood 
convergence.check is 1.216881e-06 
Completing Iteration 61 (approx. per word bound = -59.340, relative change = 1.217e-06) 
......................................................................................................
Completed E-Step (5 seconds). 
Completed M-Step (0 seconds). 
calculate log likelihood 
convergence.check is 8.698291e-07 
Model Converged 
