sims_1716119868_neg_L1_c3.rds 
Found 10 batches
Using null model in ComBat-seq.
Adjusting for 0 covariate(s) or covariate level(s)
Estimating dispersions
Fitting the GLM model
Shrinkage off - using GLM estimates for parameters
Adjusting the data
Batch Effect Removed 
        R/alignCorpus.R R/asSTMCorpus.R R/checkBeta.R R/cloud.R
value   ?               ?               ?             ?        
visible FALSE           FALSE           FALSE         FALSE    
        R/CompositionChange.R R/convertCorpus.R R/estimateEffect.R
value   ?                     ?                 ?                 
visible FALSE                 FALSE             FALSE             
        R/estimateMixedEffect.R R/exclusivity.R R/findThoughts.R R/findTopic.R
value   ?                       ?               ?                ?            
visible FALSE                   FALSE           FALSE            FALSE        
        R/fitNewDocuments.R R/heldout.R R/jeffreyskappa.R R/labelTopics.R
value   ?                   ?           ?                 ?              
visible FALSE               FALSE       FALSE             FALSE          
        R/makeDesignMatrix.R R/manyTopics.R R/multiSTM.R R/optimalK.R
value   ?                    ?              ?            ?           
visible FALSE                FALSE          FALSE        FALSE       
        R/permute.R R/plot.estimateEffect.R R/plot.fixedEffect.R
value   ?           ?                       ?                   
visible FALSE       FALSE                   FALSE               
        R/plot.searchK.R R/plot.STM.R R/plotModels.R R/plotQuote.R
value   ?                ?            ?              ?            
visible FALSE            FALSE        FALSE          FALSE        
        R/plotRemoved.R R/plottingutilfns.R R/plotTopicLoess.R
value   ?               ?                   ?                 
visible FALSE           FALSE               FALSE             
        R/prepDocuments.R R/prepsce.R R/produce_cmatrix.R R/RcppExports.R
value   ?                 ?           ?                   ?              
visible FALSE             FALSE       FALSE               FALSE          
        R/readCorpus.R R/residuals.R R/s.R R/sageLabels.R R/scSTM.R
value   ?              ?             ?     ?              ?        
visible FALSE          FALSE         FALSE FALSE          FALSE    
        R/selectModel.R R/semanticCoherence.R R/simBetas.R R/spectral.R
value   ?               ?                     ?            ?           
visible FALSE           FALSE                 FALSE        FALSE       
        R/stm-package.R R/stm.control.R R/STMbound.R R/STMconvergence.R
value   NULL            ?               ?            ?                 
visible TRUE            FALSE           FALSE        FALSE             
        R/STMestep.R R/STMfunctions.R R/STMinit.R R/STMinitLikelihood.R
value   ?            ?                ?           ?                    
visible FALSE        FALSE            FALSE       FALSE                
        R/STMlncpp.R R/STMmnreg.R R/STMmu.R R/STMoptbeta.R R/STMreport.R
value   ?            ?            ?         ?              ?            
visible FALSE        FALSE        FALSE     FALSE          FALSE        
        R/STMsigma.R R/STMsigs.R R/STMsubset.R R/summary.STM.R R/tau.R
value   ?            ?           ?             ?               ?      
visible FALSE        FALSE       FALSE         FALSE           FALSE  
        R/textProcessor.R R/thetaPosterior.R R/toLDAvis.R R/topicCorr.R
value   ?                 ?                  ?            ?            
visible FALSE             FALSE              FALSE        FALSE        
        R/topicLasso.R R/topicQuality.R R/writeLdac.R R/zzz.R
value   ?              ?                ?             ?      
visible FALSE          FALSE            FALSE         FALSE  
Removing 1 of 917 genes (1 of 1260788 tokens) due to frequency 
Your Dataset now has 1992 cells, 916 genes and 1260787 tokens. 
Casting net 
1 models in net 
Initialization with topicScore. 
Initializing factors using Topic SCORE algorithm.
Initializing loadings by running 10 SCD updates.
........................................................................................................
Completed E-Step (3 seconds). 
Completed M-Step (0 seconds). 
calculate log likelihood 
Completing Iteration 1 (approx. per word bound = -36.920) 
........................................................................................................
Completed E-Step (6 seconds). 
Completed M-Step (0 seconds). 
calculate log likelihood 
convergence.check is 0.2212675 
Completing Iteration 2 (approx. per word bound = -28.751, relative change = 2.213e-01) 
........................................................................................................
Completed E-Step (6 seconds). 
Completed M-Step (0 seconds). 
calculate log likelihood 
convergence.check is 1.823819e-05 
Model Terminated Before Convergence Reached 
2 models in net 
Initialization with topicScore. 
Initializing factors using Topic SCORE algorithm.
Initializing loadings by running 10 SCD updates.
........................................................................................................
Completed E-Step (3 seconds). 
Completed M-Step (0 seconds). 
calculate log likelihood 
Completing Iteration 1 (approx. per word bound = -36.861) 
........................................................................................................
Completed E-Step (7 seconds). 
Completed M-Step (0 seconds). 
calculate log likelihood 
convergence.check is 0.2200232 
Completing Iteration 2 (approx. per word bound = -28.751, relative change = 2.200e-01) 
........................................................................................................
Completed E-Step (7 seconds). 
Completed M-Step (0 seconds). 
calculate log likelihood 
convergence.check is 1.59618e-05 
Model Terminated Before Convergence Reached 
3 models in net 
Initialization with topicScore. 
Initializing factors using Topic SCORE algorithm.
Initializing loadings by running 10 SCD updates.
........................................................................................................
Completed E-Step (5 seconds). 
Completed M-Step (0 seconds). 
calculate log likelihood 
Completing Iteration 1 (approx. per word bound = -36.861) 
........................................................................................................
Completed E-Step (7 seconds). 
Completed M-Step (0 seconds). 
calculate log likelihood 
convergence.check is 0.2200219 
Completing Iteration 2 (approx. per word bound = -28.751, relative change = 2.200e-01) 
........................................................................................................
Completed E-Step (7 seconds). 
Completed M-Step (0 seconds). 
calculate log likelihood 
convergence.check is 1.596125e-05 
Model Terminated Before Convergence Reached 
4 models in net 
Initialization with topicScore. 
Initializing factors using Topic SCORE algorithm.
Initializing loadings by running 10 SCD updates.
........................................................................................................
Completed E-Step (5 seconds). 
Completed M-Step (0 seconds). 
calculate log likelihood 
Completing Iteration 1 (approx. per word bound = -36.809) 
........................................................................................................
Completed E-Step (6 seconds). 
Completed M-Step (0 seconds). 
calculate log likelihood 
convergence.check is 0.2189344 
Completing Iteration 2 (approx. per word bound = -28.751, relative change = 2.189e-01) 
........................................................................................................
Completed E-Step (6 seconds). 
Completed M-Step (0 seconds). 
calculate log likelihood 
convergence.check is 1.504771e-05 
Model Terminated Before Convergence Reached 
5 models in net 
Initialization with topicScore. 
Initializing factors using Topic SCORE algorithm.
Initializing loadings by running 10 SCD updates.
........................................................................................................
Completed E-Step (5 seconds). 
Completed M-Step (0 seconds). 
calculate log likelihood 
Completing Iteration 1 (approx. per word bound = -36.861) 
........................................................................................................
Completed E-Step (7 seconds). 
Completed M-Step (0 seconds). 
calculate log likelihood 
convergence.check is 0.2200219 
Completing Iteration 2 (approx. per word bound = -28.751, relative change = 2.200e-01) 
........................................................................................................
Completed E-Step (7 seconds). 
Completed M-Step (0 seconds). 
calculate log likelihood 
convergence.check is 1.596125e-05 
Model Terminated Before Convergence Reached 
6 models in net 
Initialization with topicScore. 
Initializing factors using Topic SCORE algorithm.
Initializing loadings by running 10 SCD updates.
........................................................................................................
Completed E-Step (5 seconds). 
Completed M-Step (0 seconds). 
calculate log likelihood 
Completing Iteration 1 (approx. per word bound = -36.281) 
........................................................................................................
Completed E-Step (6 seconds). 
Completed M-Step (0 seconds). 
calculate log likelihood 
convergence.check is 0.2076132 
Completing Iteration 2 (approx. per word bound = -28.748, relative change = 2.076e-01) 
........................................................................................................
Completed E-Step (6 seconds). 
Completed M-Step (0 seconds). 
calculate log likelihood 
convergence.check is 1.817532e-05 
Model Terminated Before Convergence Reached 
7 models in net 
Initialization with topicScore. 
Initializing factors using Topic SCORE algorithm.
Initializing loadings by running 10 SCD updates.
........................................................................................................
Completed E-Step (5 seconds). 
Completed M-Step (0 seconds). 
calculate log likelihood 
Completing Iteration 1 (approx. per word bound = -36.919) 
........................................................................................................
Completed E-Step (6 seconds). 
Completed M-Step (0 seconds). 
calculate log likelihood 
convergence.check is 0.2212637 
Completing Iteration 2 (approx. per word bound = -28.751, relative change = 2.213e-01) 
........................................................................................................
Completed E-Step (6 seconds). 
Completed M-Step (0 seconds). 
calculate log likelihood 
convergence.check is 1.822903e-05 
Model Terminated Before Convergence Reached 
8 models in net 
Initialization with topicScore. 
Initializing factors using Topic SCORE algorithm.
Initializing loadings by running 10 SCD updates.
........................................................................................................
Completed E-Step (3 seconds). 
Completed M-Step (0 seconds). 
calculate log likelihood 
Completing Iteration 1 (approx. per word bound = -37.474) 
........................................................................................................
Completed E-Step (9 seconds). 
Completed M-Step (0 seconds). 
calculate log likelihood 
convergence.check is 0.2327327 
Completing Iteration 2 (approx. per word bound = -28.753, relative change = 2.327e-01) 
........................................................................................................
Completed E-Step (7 seconds). 
Completed M-Step (0 seconds). 
calculate log likelihood 
convergence.check is 9.09342e-05 
Model Terminated Before Convergence Reached 
9 models in net 
Initialization with topicScore. 
Initializing factors using Topic SCORE algorithm.
Initializing loadings by running 10 SCD updates.
........................................................................................................
Completed E-Step (5 seconds). 
Completed M-Step (0 seconds). 
calculate log likelihood 
Completing Iteration 1 (approx. per word bound = -63.075) 
........................................................................................................
Completed E-Step (7 seconds). 
Completed M-Step (0 seconds). 
calculate log likelihood 
convergence.check is 0.5439422 
Completing Iteration 2 (approx. per word bound = -28.766, relative change = 5.439e-01) 
........................................................................................................
Completed E-Step (6 seconds). 
Completed M-Step (0 seconds). 
calculate log likelihood 
convergence.check is 0.0005318912 
Model Terminated Before Convergence Reached 
10 models in net 
Initialization with topicScore. 
Initializing factors using Topic SCORE algorithm.
Initializing loadings by running 10 SCD updates.
........................................................................................................
Completed E-Step (5 seconds). 
Completed M-Step (0 seconds). 
calculate log likelihood 
Completing Iteration 1 (approx. per word bound = -36.861) 
........................................................................................................
Completed E-Step (7 seconds). 
Completed M-Step (0 seconds). 
calculate log likelihood 
convergence.check is 0.2200219 
Completing Iteration 2 (approx. per word bound = -28.751, relative change = 2.200e-01) 
........................................................................................................
Completed E-Step (7 seconds). 
Completed M-Step (0 seconds). 
calculate log likelihood 
convergence.check is 1.596125e-05 
Model Terminated Before Convergence Reached 
11 models in net 
Initialization with topicScore. 
Initializing factors using Topic SCORE algorithm.
Initializing loadings by running 10 SCD updates.
........................................................................................................
Completed E-Step (5 seconds). 
Completed M-Step (0 seconds). 
calculate log likelihood 
Completing Iteration 1 (approx. per word bound = -36.861) 
........................................................................................................
Completed E-Step (7 seconds). 
Completed M-Step (0 seconds). 
calculate log likelihood 
convergence.check is 0.2200232 
Completing Iteration 2 (approx. per word bound = -28.751, relative change = 2.200e-01) 
........................................................................................................
Completed E-Step (7 seconds). 
Completed M-Step (0 seconds). 
calculate log likelihood 
convergence.check is 1.59618e-05 
Model Terminated Before Convergence Reached 
12 models in net 
Initialization with topicScore. 
Initializing factors using Topic SCORE algorithm.
Initializing loadings by running 10 SCD updates.
........................................................................................................
Completed E-Step (5 seconds). 
Completed M-Step (0 seconds). 
calculate log likelihood 
Completing Iteration 1 (approx. per word bound = -63.274) 
........................................................................................................
Completed E-Step (6 seconds). 
Completed M-Step (0 seconds). 
calculate log likelihood 
convergence.check is 0.5453709 
Completing Iteration 2 (approx. per word bound = -28.766, relative change = 5.454e-01) 
........................................................................................................
Completed E-Step (6 seconds). 
Completed M-Step (0 seconds). 
calculate log likelihood 
convergence.check is 0.0005485972 
Model Terminated Before Convergence Reached 
13 models in net 
Initialization with topicScore. 
Initializing factors using Topic SCORE algorithm.
Initializing loadings by running 10 SCD updates.
........................................................................................................
Completed E-Step (3 seconds). 
Completed M-Step (0 seconds). 
calculate log likelihood 
Completing Iteration 1 (approx. per word bound = -36.919) 
........................................................................................................
Completed E-Step (7 seconds). 
Completed M-Step (0 seconds). 
calculate log likelihood 
convergence.check is 0.2212637 
Completing Iteration 2 (approx. per word bound = -28.751, relative change = 2.213e-01) 
........................................................................................................
Completed E-Step (6 seconds). 
Completed M-Step (0 seconds). 
calculate log likelihood 
convergence.check is 1.822903e-05 
Model Terminated Before Convergence Reached 
14 models in net 
Initialization with topicScore. 
Initializing factors using Topic SCORE algorithm.
Initializing loadings by running 10 SCD updates.
........................................................................................................
Completed E-Step (5 seconds). 
Completed M-Step (0 seconds). 
calculate log likelihood 
Completing Iteration 1 (approx. per word bound = -36.861) 
........................................................................................................
Completed E-Step (7 seconds). 
Completed M-Step (0 seconds). 
calculate log likelihood 
convergence.check is 0.2200219 
Completing Iteration 2 (approx. per word bound = -28.751, relative change = 2.200e-01) 
........................................................................................................
Completed E-Step (6 seconds). 
Completed M-Step (0 seconds). 
calculate log likelihood 
convergence.check is 1.596125e-05 
Model Terminated Before Convergence Reached 
15 models in net 
Initialization with topicScore. 
Initializing factors using Topic SCORE algorithm.
Initializing loadings by running 10 SCD updates.
........................................................................................................
Completed E-Step (5 seconds). 
Completed M-Step (0 seconds). 
calculate log likelihood 
Completing Iteration 1 (approx. per word bound = -36.916) 
........................................................................................................
Completed E-Step (7 seconds). 
Completed M-Step (0 seconds). 
calculate log likelihood 
convergence.check is 0.2211843 
Completing Iteration 2 (approx. per word bound = -28.751, relative change = 2.212e-01) 
........................................................................................................
Completed E-Step (6 seconds). 
Completed M-Step (0 seconds). 
calculate log likelihood 
convergence.check is 1.57731e-05 
Model Terminated Before Convergence Reached 
16 models in net 
Initialization with topicScore. 
Initializing factors using Topic SCORE algorithm.
Initializing loadings by running 10 SCD updates.
........................................................................................................
Completed E-Step (3 seconds). 
Completed M-Step (0 seconds). 
calculate log likelihood 
Completing Iteration 1 (approx. per word bound = -63.274) 
........................................................................................................
Completed E-Step (6 seconds). 
Completed M-Step (0 seconds). 
calculate log likelihood 
convergence.check is 0.5453709 
Completing Iteration 2 (approx. per word bound = -28.766, relative change = 5.454e-01) 
........................................................................................................
Completed E-Step (6 seconds). 
Completed M-Step (0 seconds). 
calculate log likelihood 
convergence.check is 0.0005485972 
Model Terminated Before Convergence Reached 
17 models in net 
Initialization with topicScore. 
Initializing factors using Topic SCORE algorithm.
Initializing loadings by running 10 SCD updates.
........................................................................................................
Completed E-Step (5 seconds). 
Completed M-Step (0 seconds). 
calculate log likelihood 
Completing Iteration 1 (approx. per word bound = -36.861) 
........................................................................................................
Completed E-Step (7 seconds). 
Completed M-Step (0 seconds). 
calculate log likelihood 
convergence.check is 0.2200219 
Completing Iteration 2 (approx. per word bound = -28.751, relative change = 2.200e-01) 
........................................................................................................
Completed E-Step (6 seconds). 
Completed M-Step (0 seconds). 
calculate log likelihood 
convergence.check is 1.596125e-05 
Model Terminated Before Convergence Reached 
18 models in net 
Initialization with topicScore. 
Initializing factors using Topic SCORE algorithm.
Initializing loadings by running 10 SCD updates.
........................................................................................................
Completed E-Step (5 seconds). 
Completed M-Step (0 seconds). 
calculate log likelihood 
Completing Iteration 1 (approx. per word bound = -36.916) 
........................................................................................................
Completed E-Step (7 seconds). 
Completed M-Step (0 seconds). 
calculate log likelihood 
convergence.check is 0.2211843 
Completing Iteration 2 (approx. per word bound = -28.751, relative change = 2.212e-01) 
........................................................................................................
Completed E-Step (6 seconds). 
Completed M-Step (0 seconds). 
calculate log likelihood 
convergence.check is 1.57731e-05 
Model Terminated Before Convergence Reached 
19 models in net 
Initialization with topicScore. 
Initializing factors using Topic SCORE algorithm.
Initializing loadings by running 10 SCD updates.
........................................................................................................
Completed E-Step (5 seconds). 
Completed M-Step (0 seconds). 
calculate log likelihood 
Completing Iteration 1 (approx. per word bound = -36.300) 
........................................................................................................
Completed E-Step (6 seconds). 
Completed M-Step (0 seconds). 
calculate log likelihood 
convergence.check is 0.208028 
Completing Iteration 2 (approx. per word bound = -28.749, relative change = 2.080e-01) 
........................................................................................................
Completed E-Step (6 seconds). 
Completed M-Step (0 seconds). 
calculate log likelihood 
convergence.check is 1.748378e-05 
Model Terminated Before Convergence Reached 
20 models in net 
Initialization with topicScore. 
Initializing factors using Topic SCORE algorithm.
Initializing loadings by running 10 SCD updates.
........................................................................................................
Completed E-Step (3 seconds). 
Completed M-Step (0 seconds). 
calculate log likelihood 
Completing Iteration 1 (approx. per word bound = -36.861) 
........................................................................................................
Completed E-Step (8 seconds). 
Completed M-Step (0 seconds). 
calculate log likelihood 
convergence.check is 0.2200219 
Completing Iteration 2 (approx. per word bound = -28.751, relative change = 2.200e-01) 
........................................................................................................
Completed E-Step (6 seconds). 
Completed M-Step (0 seconds). 
calculate log likelihood 
convergence.check is 1.596125e-05 
Model Terminated Before Convergence Reached 
21 models in net 
Beginning Spectral Initialization 
	 Calculating the gram matrix...
	 Finding anchor words...
 	...
	 Recovering initialization...
 	.........
Initialization complete.
........................................................................................................
Completed E-Step (15 seconds). 
Completed M-Step (0 seconds). 
calculate log likelihood 
Completing Iteration 1 (approx. per word bound = -36.775) 
........................................................................................................
Completed E-Step (5 seconds). 
Completed M-Step (0 seconds). 
calculate log likelihood 
convergence.check is 0.1226004 
Completing Iteration 2 (approx. per word bound = -32.266, relative change = 1.226e-01) 
........................................................................................................
Completed E-Step (5 seconds). 
Completed M-Step (0 seconds). 
calculate log likelihood 
convergence.check is 0.0156694 
Model Terminated Before Convergence Reached 
22 models in net 
Beginning Random Initialization 
Initialization with Poisson NMF 
........................................................................................................
Completed E-Step (9 seconds). 
Completed M-Step (0 seconds). 
calculate log likelihood 
Completing Iteration 1 (approx. per word bound = -44.900) 
........................................................................................................
Completed E-Step (7 seconds). 
Completed M-Step (0 seconds). 
calculate log likelihood 
convergence.check is 0.3552589 
Completing Iteration 2 (approx. per word bound = -28.949, relative change = 3.553e-01) 
........................................................................................................
Completed E-Step (7 seconds). 
Completed M-Step (0 seconds). 
calculate log likelihood 
convergence.check is 8.113598e-05 
Model Terminated Before Convergence Reached 
23 models in net 
Beginning Random Initialization 
Initialization with Poisson NMF 
........................................................................................................
Completed E-Step (10 seconds). 
Completed M-Step (0 seconds). 
calculate log likelihood 
Completing Iteration 1 (approx. per word bound = -45.371) 
........................................................................................................
Completed E-Step (7 seconds). 
Completed M-Step (0 seconds). 
calculate log likelihood 
convergence.check is 0.3618356 
Completing Iteration 2 (approx. per word bound = -28.954, relative change = 3.618e-01) 
........................................................................................................
Completed E-Step (6 seconds). 
Completed M-Step (0 seconds). 
calculate log likelihood 
convergence.check is 0.0006910324 
Model Terminated Before Convergence Reached 
24 models in net 
Beginning Random Initialization 
Initialization with Poisson NMF 
........................................................................................................
Completed E-Step (10 seconds). 
Completed M-Step (0 seconds). 
calculate log likelihood 
Completing Iteration 1 (approx. per word bound = -45.670) 
........................................................................................................
Completed E-Step (6 seconds). 
Completed M-Step (0 seconds). 
calculate log likelihood 
convergence.check is 0.3663881 
Completing Iteration 2 (approx. per word bound = -28.937, relative change = 3.664e-01) 
........................................................................................................
Completed E-Step (7 seconds). 
Completed M-Step (0 seconds). 
calculate log likelihood 
convergence.check is 0.0005407366 
Model Terminated Before Convergence Reached 
25 models in net 
Beginning Random Initialization 
Initialization with Poisson NMF 
........................................................................................................
Completed E-Step (9 seconds). 
Completed M-Step (0 seconds). 
calculate log likelihood 
Completing Iteration 1 (approx. per word bound = -46.734) 
........................................................................................................
Completed E-Step (6 seconds). 
Completed M-Step (0 seconds). 
calculate log likelihood 
convergence.check is 0.3321438 
Completing Iteration 2 (approx. per word bound = -31.212, relative change = 3.321e-01) 
........................................................................................................
Completed E-Step (6 seconds). 
Completed M-Step (0 seconds). 
calculate log likelihood 
convergence.check is 0.07292599 
Model Terminated Before Convergence Reached 
26 models in net 
Beginning Random Initialization 
Initialization with Poisson NMF 
........................................................................................................
Completed E-Step (10 seconds). 
Completed M-Step (0 seconds). 
calculate log likelihood 
Completing Iteration 1 (approx. per word bound = -45.663) 
........................................................................................................
Completed E-Step (7 seconds). 
Completed M-Step (0 seconds). 
calculate log likelihood 
convergence.check is 0.3661011 
Completing Iteration 2 (approx. per word bound = -28.945, relative change = 3.661e-01) 
........................................................................................................
Completed E-Step (7 seconds). 
Completed M-Step (0 seconds). 
calculate log likelihood 
convergence.check is 0.0001499275 
Model Terminated Before Convergence Reached 
27 models in net 
Beginning Random Initialization 
Initialization with Poisson NMF 
........................................................................................................
Completed E-Step (9 seconds). 
Completed M-Step (0 seconds). 
calculate log likelihood 
Completing Iteration 1 (approx. per word bound = -45.415) 
........................................................................................................
Completed E-Step (7 seconds). 
Completed M-Step (0 seconds). 
calculate log likelihood 
convergence.check is 0.3619355 
Completing Iteration 2 (approx. per word bound = -28.978, relative change = 3.619e-01) 
........................................................................................................
Completed E-Step (7 seconds). 
Completed M-Step (0 seconds). 
calculate log likelihood 
convergence.check is 0.002042987 
Model Terminated Before Convergence Reached 
28 models in net 
Beginning Random Initialization 
Initialization with Poisson NMF 
........................................................................................................
Completed E-Step (10 seconds). 
Completed M-Step (0 seconds). 
calculate log likelihood 
Completing Iteration 1 (approx. per word bound = -45.465) 
........................................................................................................
Completed E-Step (7 seconds). 
Completed M-Step (0 seconds). 
calculate log likelihood 
convergence.check is 0.3633585 
Completing Iteration 2 (approx. per word bound = -28.945, relative change = 3.634e-01) 
........................................................................................................
Completed E-Step (6 seconds). 
Completed M-Step (0 seconds). 
calculate log likelihood 
convergence.check is 9.044946e-05 
Model Terminated Before Convergence Reached 
29 models in net 
Beginning Random Initialization 
Initialization with Poisson NMF 
........................................................................................................
Completed E-Step (8 seconds). 
Completed M-Step (0 seconds). 
calculate log likelihood 
Completing Iteration 1 (approx. per word bound = -45.286) 
........................................................................................................
Completed E-Step (6 seconds). 
Completed M-Step (0 seconds). 
calculate log likelihood 
convergence.check is 0.3609994 
Completing Iteration 2 (approx. per word bound = -28.938, relative change = 3.610e-01) 
........................................................................................................
Completed E-Step (6 seconds). 
Completed M-Step (0 seconds). 
calculate log likelihood 
convergence.check is 0.0002222898 
Model Terminated Before Convergence Reached 
30 models in net 
Beginning Random Initialization 
Initialization with Poisson NMF 
........................................................................................................
Completed E-Step (9 seconds). 
Completed M-Step (0 seconds). 
calculate log likelihood 
Completing Iteration 1 (approx. per word bound = -45.736) 
........................................................................................................
Completed E-Step (7 seconds). 
Completed M-Step (0 seconds). 
calculate log likelihood 
convergence.check is 0.3673083 
Completing Iteration 2 (approx. per word bound = -28.937, relative change = 3.673e-01) 
........................................................................................................
Completed E-Step (6 seconds). 
Completed M-Step (0 seconds). 
calculate log likelihood 
convergence.check is 0.0003523791 
Model Terminated Before Convergence Reached 
31 models in net 
Beginning Random Initialization 
Initialization with Poisson NMF 
........................................................................................................
Completed E-Step (9 seconds). 
Completed M-Step (0 seconds). 
calculate log likelihood 
Completing Iteration 1 (approx. per word bound = -44.907) 
........................................................................................................
Completed E-Step (6 seconds). 
Completed M-Step (0 seconds). 
calculate log likelihood 
convergence.check is 0.3555182 
Completing Iteration 2 (approx. per word bound = -28.942, relative change = 3.555e-01) 
........................................................................................................
Completed E-Step (6 seconds). 
Completed M-Step (0 seconds). 
calculate log likelihood 
convergence.check is 0.0001637023 
Model Terminated Before Convergence Reached 
32 models in net 
Beginning Random Initialization 
Initialization with Poisson NMF 
........................................................................................................
Completed E-Step (9 seconds). 
Completed M-Step (0 seconds). 
calculate log likelihood 
Completing Iteration 1 (approx. per word bound = -45.318) 
........................................................................................................
Completed E-Step (6 seconds). 
Completed M-Step (0 seconds). 
calculate log likelihood 
convergence.check is 0.3612752 
Completing Iteration 2 (approx. per word bound = -28.946, relative change = 3.613e-01) 
........................................................................................................
Completed E-Step (6 seconds). 
Completed M-Step (0 seconds). 
calculate log likelihood 
convergence.check is 7.830246e-05 
Model Terminated Before Convergence Reached 
33 models in net 
Beginning Random Initialization 
Initialization with Poisson NMF 
........................................................................................................
Completed E-Step (10 seconds). 
Completed M-Step (0 seconds). 
calculate log likelihood 
Completing Iteration 1 (approx. per word bound = -45.467) 
........................................................................................................
Completed E-Step (6 seconds). 
Completed M-Step (0 seconds). 
calculate log likelihood 
convergence.check is 0.3579986 
Completing Iteration 2 (approx. per word bound = -29.190, relative change = 3.580e-01) 
........................................................................................................
Completed E-Step (6 seconds). 
Completed M-Step (0 seconds). 
calculate log likelihood 
convergence.check is 0.009749611 
Model Terminated Before Convergence Reached 
34 models in net 
Beginning Random Initialization 
Initialization with Poisson NMF 
........................................................................................................
Completed E-Step (8 seconds). 
Completed M-Step (0 seconds). 
calculate log likelihood 
Completing Iteration 1 (approx. per word bound = -46.926) 
........................................................................................................
Completed E-Step (6 seconds). 
Completed M-Step (0 seconds). 
calculate log likelihood 
convergence.check is 0.383331 
Completing Iteration 2 (approx. per word bound = -28.938, relative change = 3.833e-01) 
........................................................................................................
Completed E-Step (6 seconds). 
Completed M-Step (0 seconds). 
calculate log likelihood 
convergence.check is 0.0003277721 
Model Terminated Before Convergence Reached 
35 models in net 
Beginning Random Initialization 
Initialization with Poisson NMF 
........................................................................................................
Completed E-Step (8 seconds). 
Completed M-Step (0 seconds). 
calculate log likelihood 
Completing Iteration 1 (approx. per word bound = -45.367) 
........................................................................................................
Completed E-Step (6 seconds). 
Completed M-Step (0 seconds). 
calculate log likelihood 
convergence.check is 0.362026 
Completing Iteration 2 (approx. per word bound = -28.943, relative change = 3.620e-01) 
........................................................................................................
Completed E-Step (6 seconds). 
Completed M-Step (0 seconds). 
calculate log likelihood 
convergence.check is 0.0001209793 
Model Terminated Before Convergence Reached 
36 models in net 
Beginning Random Initialization 
Initialization with Poisson NMF 
........................................................................................................
Completed E-Step (8 seconds). 
Completed M-Step (0 seconds). 
calculate log likelihood 
Completing Iteration 1 (approx. per word bound = -45.378) 
........................................................................................................
Completed E-Step (7 seconds). 
Completed M-Step (0 seconds). 
calculate log likelihood 
convergence.check is 0.3563964 
Completing Iteration 2 (approx. per word bound = -29.205, relative change = 3.564e-01) 
........................................................................................................
Completed E-Step (7 seconds). 
Completed M-Step (0 seconds). 
calculate log likelihood 
convergence.check is 0.008802847 
Model Terminated Before Convergence Reached 
37 models in net 
Beginning Random Initialization 
Initialization with Poisson NMF 
........................................................................................................
Completed E-Step (9 seconds). 
Completed M-Step (0 seconds). 
calculate log likelihood 
Completing Iteration 1 (approx. per word bound = -46.234) 
........................................................................................................
Completed E-Step (6 seconds). 
Completed M-Step (0 seconds). 
calculate log likelihood 
convergence.check is 0.3739316 
Completing Iteration 2 (approx. per word bound = -28.946, relative change = 3.739e-01) 
........................................................................................................
Completed E-Step (6 seconds). 
Completed M-Step (0 seconds). 
calculate log likelihood 
convergence.check is 0.0001429654 
Model Terminated Before Convergence Reached 
38 models in net 
Beginning Random Initialization 
Initialization with Poisson NMF 
........................................................................................................
Completed E-Step (9 seconds). 
Completed M-Step (0 seconds). 
calculate log likelihood 
Completing Iteration 1 (approx. per word bound = -45.043) 
........................................................................................................
Completed E-Step (7 seconds). 
Completed M-Step (0 seconds). 
calculate log likelihood 
convergence.check is 0.3573836 
Completing Iteration 2 (approx. per word bound = -28.945, relative change = 3.574e-01) 
........................................................................................................
Completed E-Step (6 seconds). 
Completed M-Step (0 seconds). 
calculate log likelihood 
convergence.check is 0.0001149294 
Model Terminated Before Convergence Reached 
39 models in net 
Beginning Random Initialization 
Initialization with Poisson NMF 
........................................................................................................
Completed E-Step (9 seconds). 
Completed M-Step (0 seconds). 
calculate log likelihood 
Completing Iteration 1 (approx. per word bound = -47.188) 
........................................................................................................
Completed E-Step (6 seconds). 
Completed M-Step (0 seconds). 
calculate log likelihood 
convergence.check is 0.3868371 
Completing Iteration 2 (approx. per word bound = -28.934, relative change = 3.868e-01) 
........................................................................................................
Completed E-Step (6 seconds). 
Completed M-Step (0 seconds). 
calculate log likelihood 
convergence.check is 0.000227634 
Model Terminated Before Convergence Reached 
40 models in net 
Beginning Random Initialization 
Initialization with Poisson NMF 
........................................................................................................
Completed E-Step (11 seconds). 
Completed M-Step (0 seconds). 
calculate log likelihood 
Completing Iteration 1 (approx. per word bound = -47.371) 
........................................................................................................
Completed E-Step (6 seconds). 
Completed M-Step (0 seconds). 
calculate log likelihood 
convergence.check is 0.3466624 
Completing Iteration 2 (approx. per word bound = -30.949, relative change = 3.467e-01) 
........................................................................................................
Completed E-Step (6 seconds). 
Completed M-Step (0 seconds). 
calculate log likelihood 
convergence.check is 0.06570098 
Model Terminated Before Convergence Reached 
41 models in net 
Beginning Random Initialization 
Initialization with Poisson NMF 
........................................................................................................
Completed E-Step (9 seconds). 
Completed M-Step (0 seconds). 
calculate log likelihood 
Completing Iteration 1 (approx. per word bound = -48.954) 
........................................................................................................
Completed E-Step (6 seconds). 
Completed M-Step (0 seconds). 
calculate log likelihood 
convergence.check is 0.4087209 
Completing Iteration 2 (approx. per word bound = -28.945, relative change = 4.087e-01) 
........................................................................................................
Completed E-Step (6 seconds). 
Completed M-Step (0 seconds). 
calculate log likelihood 
convergence.check is 0.0001366252 
Model Terminated Before Convergence Reached 
Running select models 
1 select model run 
Initialization with topicScore. 
Initializing factors using Topic SCORE algorithm.
Initializing loadings by running 10 SCD updates.
........................................................................................................
Completed E-Step (3 seconds). 
Completed M-Step (0 seconds). 
calculate log likelihood 
Completing Iteration 1 (approx. per word bound = -36.281) 
........................................................................................................
Completed E-Step (6 seconds). 
Completed M-Step (0 seconds). 
calculate log likelihood 
convergence.check is 0.2076132 
Completing Iteration 2 (approx. per word bound = -28.748, relative change = 2.076e-01) 
........................................................................................................
Completed E-Step (6 seconds). 
Completed M-Step (0 seconds). 
calculate log likelihood 
convergence.check is 1.817532e-05 
Completing Iteration 3 (approx. per word bound = -28.748, relative change = 1.818e-05) 
........................................................................................................
Completed E-Step (5 seconds). 
Completed M-Step (0 seconds). 
calculate log likelihood 
convergence.check is 5.711671e-06 
Completing Iteration 4 (approx. per word bound = -28.748, relative change = 5.712e-06) 
........................................................................................................
Completed E-Step (5 seconds). 
Completed M-Step (0 seconds). 
calculate log likelihood 
convergence.check is 4.914049e-06 
Completing Iteration 5 (approx. per word bound = -28.747, relative change = 4.914e-06) 
Topic 1: Gene1396, Gene1424, Gene1416, Gene786, Gene1315 
 Topic 2: Gene1839, Gene1999, Gene1396, Gene719, Gene1720 
 Topic 3: Gene1779, Gene1438, Gene686, Gene1187, Gene68 
........................................................................................................
Completed E-Step (5 seconds). 
Completed M-Step (0 seconds). 
calculate log likelihood 
convergence.check is 4.354054e-06 
Completing Iteration 6 (approx. per word bound = -28.747, relative change = 4.354e-06) 
........................................................................................................
Completed E-Step (5 seconds). 
Completed M-Step (0 seconds). 
calculate log likelihood 
convergence.check is 3.905189e-06 
Completing Iteration 7 (approx. per word bound = -28.747, relative change = 3.905e-06) 
........................................................................................................
Completed E-Step (5 seconds). 
Completed M-Step (0 seconds). 
calculate log likelihood 
convergence.check is 3.540946e-06 
Completing Iteration 8 (approx. per word bound = -28.747, relative change = 3.541e-06) 
........................................................................................................
Completed E-Step (5 seconds). 
Completed M-Step (0 seconds). 
calculate log likelihood 
convergence.check is 3.233688e-06 
Completing Iteration 9 (approx. per word bound = -28.747, relative change = 3.234e-06) 
........................................................................................................
Completed E-Step (6 seconds). 
Completed M-Step (0 seconds). 
calculate log likelihood 
convergence.check is 2.965875e-06 
Completing Iteration 10 (approx. per word bound = -28.747, relative change = 2.966e-06) 
Topic 1: Gene1396, Gene1424, Gene1416, Gene786, Gene1315 
 Topic 2: Gene1839, Gene1999, Gene1396, Gene719, Gene246 
 Topic 3: Gene1779, Gene1438, Gene686, Gene1187, Gene68 
........................................................................................................
Completed E-Step (5 seconds). 
Completed M-Step (0 seconds). 
calculate log likelihood 
convergence.check is 2.751402e-06 
Completing Iteration 11 (approx. per word bound = -28.747, relative change = 2.751e-06) 
........................................................................................................
Completed E-Step (5 seconds). 
Completed M-Step (0 seconds). 
calculate log likelihood 
convergence.check is 2.560571e-06 
Completing Iteration 12 (approx. per word bound = -28.747, relative change = 2.561e-06) 
........................................................................................................
Completed E-Step (5 seconds). 
Completed M-Step (0 seconds). 
calculate log likelihood 
convergence.check is 2.346949e-06 
Completing Iteration 13 (approx. per word bound = -28.747, relative change = 2.347e-06) 
........................................................................................................
Completed E-Step (5 seconds). 
Completed M-Step (0 seconds). 
calculate log likelihood 
convergence.check is 2.219919e-06 
Completing Iteration 14 (approx. per word bound = -28.747, relative change = 2.220e-06) 
........................................................................................................
Completed E-Step (5 seconds). 
Completed M-Step (0 seconds). 
calculate log likelihood 
convergence.check is 2.047456e-06 
Completing Iteration 15 (approx. per word bound = -28.747, relative change = 2.047e-06) 
Topic 1: Gene1396, Gene1424, Gene1416, Gene786, Gene1315 
 Topic 2: Gene1839, Gene1999, Gene1396, Gene719, Gene246 
 Topic 3: Gene1779, Gene1438, Gene686, Gene1187, Gene68 
........................................................................................................
Completed E-Step (5 seconds). 
Completed M-Step (0 seconds). 
calculate log likelihood 
convergence.check is 1.945608e-06 
Completing Iteration 16 (approx. per word bound = -28.747, relative change = 1.946e-06) 
........................................................................................................
Completed E-Step (5 seconds). 
Completed M-Step (0 seconds). 
calculate log likelihood 
convergence.check is 1.81207e-06 
Completing Iteration 17 (approx. per word bound = -28.747, relative change = 1.812e-06) 
........................................................................................................
Completed E-Step (5 seconds). 
Completed M-Step (0 seconds). 
calculate log likelihood 
convergence.check is 1.697597e-06 
Completing Iteration 18 (approx. per word bound = -28.746, relative change = 1.698e-06) 
........................................................................................................
Completed E-Step (5 seconds). 
Completed M-Step (0 seconds). 
calculate log likelihood 
convergence.check is 1.564702e-06 
Completing Iteration 19 (approx. per word bound = -28.746, relative change = 1.565e-06) 
........................................................................................................
Completed E-Step (5 seconds). 
Completed M-Step (0 seconds). 
calculate log likelihood 
convergence.check is 1.524583e-06 
Completing Iteration 20 (approx. per word bound = -28.746, relative change = 1.525e-06) 
Topic 1: Gene1396, Gene1424, Gene786, Gene1416, Gene1315 
 Topic 2: Gene1839, Gene1999, Gene1396, Gene719, Gene246 
 Topic 3: Gene1779, Gene1438, Gene686, Gene1187, Gene68 
........................................................................................................
Completed E-Step (5 seconds). 
Completed M-Step (0 seconds). 
calculate log likelihood 
convergence.check is 1.384697e-06 
Completing Iteration 21 (approx. per word bound = -28.746, relative change = 1.385e-06) 
........................................................................................................
Completed E-Step (5 seconds). 
Completed M-Step (0 seconds). 
calculate log likelihood 
convergence.check is 1.349656e-06 
Completing Iteration 22 (approx. per word bound = -28.746, relative change = 1.350e-06) 
........................................................................................................
Completed E-Step (4 seconds). 
Completed M-Step (0 seconds). 
calculate log likelihood 
convergence.check is 1.225543e-06 
Completing Iteration 23 (approx. per word bound = -28.746, relative change = 1.226e-06) 
........................................................................................................
Completed E-Step (5 seconds). 
Completed M-Step (0 seconds). 
calculate log likelihood 
convergence.check is 1.194496e-06 
Completing Iteration 24 (approx. per word bound = -28.746, relative change = 1.194e-06) 
........................................................................................................
Completed E-Step (4 seconds). 
Completed M-Step (0 seconds). 
calculate log likelihood 
convergence.check is 1.083148e-06 
Completing Iteration 25 (approx. per word bound = -28.746, relative change = 1.083e-06) 
Topic 1: Gene1396, Gene1424, Gene786, Gene1416, Gene1315 
 Topic 2: Gene1839, Gene1999, Gene1396, Gene719, Gene1720 
 Topic 3: Gene1779, Gene1438, Gene686, Gene1187, Gene68 
........................................................................................................
Completed E-Step (4 seconds). 
Completed M-Step (0 seconds). 
calculate log likelihood 
convergence.check is 1.06002e-06 
Completing Iteration 26 (approx. per word bound = -28.746, relative change = 1.060e-06) 
........................................................................................................
Completed E-Step (4 seconds). 
Completed M-Step (0 seconds). 
calculate log likelihood 
convergence.check is 9.621441e-07 
Model Converged 
2 select model run 
Initialization with topicScore. 
Initializing factors using Topic SCORE algorithm.
Initializing loadings by running 10 SCD updates.
........................................................................................................
Completed E-Step (3 seconds). 
Completed M-Step (0 seconds). 
calculate log likelihood 
Completing Iteration 1 (approx. per word bound = -36.300) 
........................................................................................................
Completed E-Step (6 seconds). 
Completed M-Step (0 seconds). 
calculate log likelihood 
convergence.check is 0.208028 
Completing Iteration 2 (approx. per word bound = -28.749, relative change = 2.080e-01) 
........................................................................................................
Completed E-Step (6 seconds). 
Completed M-Step (0 seconds). 
calculate log likelihood 
convergence.check is 1.748378e-05 
Completing Iteration 3 (approx. per word bound = -28.748, relative change = 1.748e-05) 
........................................................................................................
Completed E-Step (6 seconds). 
Completed M-Step (0 seconds). 
calculate log likelihood 
convergence.check is 6.288447e-06 
Completing Iteration 4 (approx. per word bound = -28.748, relative change = 6.288e-06) 
........................................................................................................
Completed E-Step (6 seconds). 
Completed M-Step (0 seconds). 
calculate log likelihood 
convergence.check is 5.477583e-06 
Completing Iteration 5 (approx. per word bound = -28.748, relative change = 5.478e-06) 
Topic 1: Gene1396, Gene1424, Gene1416, Gene786, Gene1315 
 Topic 2: Gene1839, Gene1999, Gene1396, Gene719, Gene1720 
 Topic 3: Gene1779, Gene1438, Gene686, Gene1187, Gene68 
........................................................................................................
Completed E-Step (6 seconds). 
Completed M-Step (0 seconds). 
calculate log likelihood 
convergence.check is 4.903941e-06 
Completing Iteration 6 (approx. per word bound = -28.748, relative change = 4.904e-06) 
........................................................................................................
Completed E-Step (6 seconds). 
Completed M-Step (0 seconds). 
calculate log likelihood 
convergence.check is 4.453014e-06 
Completing Iteration 7 (approx. per word bound = -28.748, relative change = 4.453e-06) 
........................................................................................................
Completed E-Step (6 seconds). 
Completed M-Step (0 seconds). 
calculate log likelihood 
convergence.check is 4.100786e-06 
Completing Iteration 8 (approx. per word bound = -28.747, relative change = 4.101e-06) 
........................................................................................................
Completed E-Step (6 seconds). 
Completed M-Step (0 seconds). 
calculate log likelihood 
convergence.check is 3.783702e-06 
Completing Iteration 9 (approx. per word bound = -28.747, relative change = 3.784e-06) 
........................................................................................................
Completed E-Step (6 seconds). 
Completed M-Step (0 seconds). 
calculate log likelihood 
convergence.check is 3.522093e-06 
Completing Iteration 10 (approx. per word bound = -28.747, relative change = 3.522e-06) 
Topic 1: Gene1396, Gene1424, Gene1416, Gene786, Gene1315 
 Topic 2: Gene1839, Gene1999, Gene1396, Gene719, Gene1720 
 Topic 3: Gene1779, Gene1438, Gene686, Gene1187, Gene68 
........................................................................................................
Completed E-Step (6 seconds). 
Completed M-Step (0 seconds). 
calculate log likelihood 
convergence.check is 3.30363e-06 
Completing Iteration 11 (approx. per word bound = -28.747, relative change = 3.304e-06) 
........................................................................................................
Completed E-Step (6 seconds). 
Completed M-Step (0 seconds). 
calculate log likelihood 
convergence.check is 3.05972e-06 
Completing Iteration 12 (approx. per word bound = -28.747, relative change = 3.060e-06) 
........................................................................................................
Completed E-Step (5 seconds). 
Completed M-Step (0 seconds). 
calculate log likelihood 
convergence.check is 2.912011e-06 
Completing Iteration 13 (approx. per word bound = -28.747, relative change = 2.912e-06) 
........................................................................................................
Completed E-Step (5 seconds). 
Completed M-Step (0 seconds). 
calculate log likelihood 
convergence.check is 2.706175e-06 
Completing Iteration 14 (approx. per word bound = -28.747, relative change = 2.706e-06) 
........................................................................................................
Completed E-Step (5 seconds). 
Completed M-Step (0 seconds). 
calculate log likelihood 
convergence.check is 2.576525e-06 
Completing Iteration 15 (approx. per word bound = -28.747, relative change = 2.577e-06) 
Topic 1: Gene1396, Gene1424, Gene1416, Gene786, Gene1315 
 Topic 2: Gene1839, Gene1999, Gene1396, Gene719, Gene1720 
 Topic 3: Gene1779, Gene1438, Gene686, Gene1187, Gene68 
........................................................................................................
Completed E-Step (5 seconds). 
Completed M-Step (0 seconds). 
calculate log likelihood 
convergence.check is 2.417352e-06 
Completing Iteration 16 (approx. per word bound = -28.747, relative change = 2.417e-06) 
........................................................................................................
Completed E-Step (5 seconds). 
Completed M-Step (0 seconds). 
calculate log likelihood 
convergence.check is 2.270367e-06 
Completing Iteration 17 (approx. per word bound = -28.747, relative change = 2.270e-06) 
........................................................................................................
Completed E-Step (5 seconds). 
Completed M-Step (0 seconds). 
calculate log likelihood 
convergence.check is 2.113066e-06 
Completing Iteration 18 (approx. per word bound = -28.747, relative change = 2.113e-06) 
........................................................................................................
Completed E-Step (5 seconds). 
Completed M-Step (0 seconds). 
calculate log likelihood 
convergence.check is 2.037818e-06 
Completing Iteration 19 (approx. per word bound = -28.747, relative change = 2.038e-06) 
........................................................................................................
Completed E-Step (5 seconds). 
Completed M-Step (0 seconds). 
calculate log likelihood 
convergence.check is 1.87592e-06 
Completing Iteration 20 (approx. per word bound = -28.747, relative change = 1.876e-06) 
Topic 1: Gene1396, Gene1424, Gene786, Gene1416, Gene1315 
 Topic 2: Gene1839, Gene1999, Gene1396, Gene719, Gene1720 
 Topic 3: Gene1779, Gene1438, Gene686, Gene1187, Gene68 
........................................................................................................
Completed E-Step (5 seconds). 
Completed M-Step (0 seconds). 
calculate log likelihood 
convergence.check is 1.800738e-06 
Completing Iteration 21 (approx. per word bound = -28.746, relative change = 1.801e-06) 
........................................................................................................
Completed E-Step (5 seconds). 
Completed M-Step (0 seconds). 
calculate log likelihood 
convergence.check is 1.657112e-06 
Completing Iteration 22 (approx. per word bound = -28.746, relative change = 1.657e-06) 
........................................................................................................
Completed E-Step (5 seconds). 
Completed M-Step (0 seconds). 
calculate log likelihood 
convergence.check is 1.590767e-06 
Completing Iteration 23 (approx. per word bound = -28.746, relative change = 1.591e-06) 
........................................................................................................
Completed E-Step (4 seconds). 
Completed M-Step (0 seconds). 
calculate log likelihood 
convergence.check is 1.457008e-06 
Completing Iteration 24 (approx. per word bound = -28.746, relative change = 1.457e-06) 
........................................................................................................
Completed E-Step (4 seconds). 
Completed M-Step (0 seconds). 
calculate log likelihood 
convergence.check is 1.399326e-06 
Completing Iteration 25 (approx. per word bound = -28.746, relative change = 1.399e-06) 
Topic 1: Gene1396, Gene1424, Gene786, Gene1416, Gene1315 
 Topic 2: Gene1839, Gene1999, Gene1396, Gene719, Gene1720 
 Topic 3: Gene1779, Gene1438, Gene686, Gene1187, Gene68 
........................................................................................................
Completed E-Step (4 seconds). 
Completed M-Step (0 seconds). 
calculate log likelihood 
convergence.check is 1.277704e-06 
Completing Iteration 26 (approx. per word bound = -28.746, relative change = 1.278e-06) 
........................................................................................................
Completed E-Step (4 seconds). 
Completed M-Step (0 seconds). 
calculate log likelihood 
convergence.check is 1.2267e-06 
Completing Iteration 27 (approx. per word bound = -28.746, relative change = 1.227e-06) 
........................................................................................................
Completed E-Step (4 seconds). 
Completed M-Step (0 seconds). 
calculate log likelihood 
convergence.check is 1.135184e-06 
Completing Iteration 28 (approx. per word bound = -28.746, relative change = 1.135e-06) 
........................................................................................................
Completed E-Step (4 seconds). 
Completed M-Step (0 seconds). 
calculate log likelihood 
convergence.check is 1.03534e-06 
Completing Iteration 29 (approx. per word bound = -28.746, relative change = 1.035e-06) 
........................................................................................................
Completed E-Step (4 seconds). 
Completed M-Step (0 seconds). 
calculate log likelihood 
convergence.check is 1.001198e-06 
Completing Iteration 30 (approx. per word bound = -28.746, relative change = 1.001e-06) 
Topic 1: Gene1396, Gene1424, Gene786, Gene1416, Gene1315 
 Topic 2: Gene1839, Gene1999, Gene1396, Gene719, Gene1720 
 Topic 3: Gene1779, Gene1438, Gene686, Gene1187, Gene68 
........................................................................................................
Completed E-Step (4 seconds). 
Completed M-Step (0 seconds). 
calculate log likelihood 
convergence.check is 9.208057e-07 
Model Converged 
3 select model run 
Initialization with topicScore. 
Initializing factors using Topic SCORE algorithm.
Initializing loadings by running 10 SCD updates.
........................................................................................................
Completed E-Step (3 seconds). 
Completed M-Step (0 seconds). 
calculate log likelihood 
Completing Iteration 1 (approx. per word bound = -36.919) 
........................................................................................................
Completed E-Step (6 seconds). 
Completed M-Step (0 seconds). 
calculate log likelihood 
convergence.check is 0.2212637 
Completing Iteration 2 (approx. per word bound = -28.751, relative change = 2.213e-01) 
........................................................................................................
Completed E-Step (6 seconds). 
Completed M-Step (0 seconds). 
calculate log likelihood 
convergence.check is 1.822903e-05 
Completing Iteration 3 (approx. per word bound = -28.750, relative change = 1.823e-05) 
........................................................................................................
Completed E-Step (6 seconds). 
Completed M-Step (0 seconds). 
calculate log likelihood 
convergence.check is 6.831845e-06 
Completing Iteration 4 (approx. per word bound = -28.750, relative change = 6.832e-06) 
........................................................................................................
Completed E-Step (6 seconds). 
Completed M-Step (0 seconds). 
calculate log likelihood 
convergence.check is 5.913963e-06 
Completing Iteration 5 (approx. per word bound = -28.750, relative change = 5.914e-06) 
Topic 1: Gene1396, Gene1424, Gene1416, Gene786, Gene1315 
 Topic 2: Gene1839, Gene1999, Gene1396, Gene719, Gene1720 
 Topic 3: Gene1779, Gene1438, Gene686, Gene1187, Gene68 
........................................................................................................
Completed E-Step (5 seconds). 
Completed M-Step (0 seconds). 
calculate log likelihood 
convergence.check is 5.24285e-06 
Completing Iteration 6 (approx. per word bound = -28.749, relative change = 5.243e-06) 
........................................................................................................
Completed E-Step (5 seconds). 
Completed M-Step (0 seconds). 
calculate log likelihood 
convergence.check is 4.70024e-06 
Completing Iteration 7 (approx. per word bound = -28.749, relative change = 4.700e-06) 
........................................................................................................
Completed E-Step (5 seconds). 
Completed M-Step (0 seconds). 
calculate log likelihood 
convergence.check is 4.261556e-06 
Completing Iteration 8 (approx. per word bound = -28.749, relative change = 4.262e-06) 
........................................................................................................
Completed E-Step (5 seconds). 
Completed M-Step (0 seconds). 
calculate log likelihood 
convergence.check is 3.898996e-06 
Completing Iteration 9 (approx. per word bound = -28.749, relative change = 3.899e-06) 
........................................................................................................
Completed E-Step (5 seconds). 
Completed M-Step (0 seconds). 
calculate log likelihood 
convergence.check is 3.595863e-06 
Completing Iteration 10 (approx. per word bound = -28.749, relative change = 3.596e-06) 
Topic 1: Gene1396, Gene1424, Gene1416, Gene786, Gene1315 
 Topic 2: Gene1839, Gene1999, Gene1396, Gene719, Gene1720 
 Topic 3: Gene1779, Gene1438, Gene686, Gene1187, Gene68 
........................................................................................................
Completed E-Step (5 seconds). 
Completed M-Step (0 seconds). 
calculate log likelihood 
convergence.check is 3.337884e-06 
Completing Iteration 11 (approx. per word bound = -28.749, relative change = 3.338e-06) 
........................................................................................................
Completed E-Step (5 seconds). 
Completed M-Step (0 seconds). 
calculate log likelihood 
convergence.check is 3.120583e-06 
Completing Iteration 12 (approx. per word bound = -28.749, relative change = 3.121e-06) 
........................................................................................................
Completed E-Step (5 seconds). 
Completed M-Step (0 seconds). 
calculate log likelihood 
convergence.check is 2.931768e-06 
Completing Iteration 13 (approx. per word bound = -28.749, relative change = 2.932e-06) 
........................................................................................................
Completed E-Step (7 seconds). 
Completed M-Step (0 seconds). 
calculate log likelihood 
convergence.check is 2.768602e-06 
Completing Iteration 14 (approx. per word bound = -28.749, relative change = 2.769e-06) 
........................................................................................................
Completed E-Step (5 seconds). 
Completed M-Step (0 seconds). 
calculate log likelihood 
convergence.check is 2.626668e-06 
Completing Iteration 15 (approx. per word bound = -28.749, relative change = 2.627e-06) 
Topic 1: Gene1396, Gene1424, Gene1416, Gene786, Gene1315 
 Topic 2: Gene1839, Gene1999, Gene1396, Gene719, Gene1720 
 Topic 3: Gene1779, Gene1438, Gene686, Gene1187, Gene68 
........................................................................................................
Completed E-Step (5 seconds). 
Completed M-Step (0 seconds). 
calculate log likelihood 
convergence.check is 2.500774e-06 
Completing Iteration 16 (approx. per word bound = -28.749, relative change = 2.501e-06) 
........................................................................................................
Completed E-Step (5 seconds). 
Completed M-Step (0 seconds). 
calculate log likelihood 
convergence.check is 2.387673e-06 
Completing Iteration 17 (approx. per word bound = -28.748, relative change = 2.388e-06) 
........................................................................................................
Completed E-Step (5 seconds). 
Completed M-Step (0 seconds). 
calculate log likelihood 
convergence.check is 2.284889e-06 
Completing Iteration 18 (approx. per word bound = -28.748, relative change = 2.285e-06) 
........................................................................................................
Completed E-Step (4 seconds). 
Completed M-Step (0 seconds). 
calculate log likelihood 
convergence.check is 2.190819e-06 
Completing Iteration 19 (approx. per word bound = -28.748, relative change = 2.191e-06) 
........................................................................................................
Completed E-Step (4 seconds). 
Completed M-Step (0 seconds). 
calculate log likelihood 
convergence.check is 2.102567e-06 
Completing Iteration 20 (approx. per word bound = -28.748, relative change = 2.103e-06) 
Topic 1: Gene1396, Gene1424, Gene1416, Gene786, Gene1315 
 Topic 2: Gene1839, Gene1999, Gene1396, Gene719, Gene1720 
 Topic 3: Gene1779, Gene1438, Gene686, Gene1187, Gene68 
........................................................................................................
Completed E-Step (4 seconds). 
Completed M-Step (0 seconds). 
calculate log likelihood 
convergence.check is 2.019842e-06 
Completing Iteration 21 (approx. per word bound = -28.748, relative change = 2.020e-06) 
........................................................................................................
Completed E-Step (4 seconds). 
Completed M-Step (0 seconds). 
calculate log likelihood 
convergence.check is 1.939794e-06 
Completing Iteration 22 (approx. per word bound = -28.748, relative change = 1.940e-06) 
........................................................................................................
Completed E-Step (4 seconds). 
Completed M-Step (0 seconds). 
calculate log likelihood 
convergence.check is 1.863706e-06 
Completing Iteration 23 (approx. per word bound = -28.748, relative change = 1.864e-06) 
........................................................................................................
Completed E-Step (4 seconds). 
Completed M-Step (0 seconds). 
calculate log likelihood 
convergence.check is 1.788601e-06 
Completing Iteration 24 (approx. per word bound = -28.748, relative change = 1.789e-06) 
........................................................................................................
Completed E-Step (4 seconds). 
Completed M-Step (0 seconds). 
calculate log likelihood 
convergence.check is 1.715113e-06 
Completing Iteration 25 (approx. per word bound = -28.748, relative change = 1.715e-06) 
Topic 1: Gene1396, Gene1424, Gene1416, Gene786, Gene1315 
 Topic 2: Gene1839, Gene1999, Gene1396, Gene719, Gene1720 
 Topic 3: Gene1779, Gene1438, Gene686, Gene1187, Gene68 
........................................................................................................
Completed E-Step (4 seconds). 
Completed M-Step (0 seconds). 
calculate log likelihood 
convergence.check is 1.641844e-06 
Completing Iteration 26 (approx. per word bound = -28.748, relative change = 1.642e-06) 
........................................................................................................
Completed E-Step (4 seconds). 
Completed M-Step (0 seconds). 
calculate log likelihood 
convergence.check is 1.569715e-06 
Completing Iteration 27 (approx. per word bound = -28.748, relative change = 1.570e-06) 
........................................................................................................
Completed E-Step (4 seconds). 
Completed M-Step (0 seconds). 
calculate log likelihood 
convergence.check is 1.496228e-06 
Completing Iteration 28 (approx. per word bound = -28.748, relative change = 1.496e-06) 
........................................................................................................
Completed E-Step (4 seconds). 
Completed M-Step (0 seconds). 
calculate log likelihood 
convergence.check is 1.423041e-06 
Completing Iteration 29 (approx. per word bound = -28.748, relative change = 1.423e-06) 
........................................................................................................
Completed E-Step (4 seconds). 
Completed M-Step (0 seconds). 
calculate log likelihood 
convergence.check is 1.349175e-06 
Completing Iteration 30 (approx. per word bound = -28.748, relative change = 1.349e-06) 
Topic 1: Gene1396, Gene1424, Gene1416, Gene786, Gene1315 
 Topic 2: Gene1839, Gene1999, Gene1396, Gene719, Gene1720 
 Topic 3: Gene1779, Gene1438, Gene686, Gene1187, Gene68 
........................................................................................................
Completed E-Step (4 seconds). 
Completed M-Step (0 seconds). 
calculate log likelihood 
convergence.check is 1.273612e-06 
Completing Iteration 31 (approx. per word bound = -28.748, relative change = 1.274e-06) 
........................................................................................................
Completed E-Step (4 seconds). 
Completed M-Step (0 seconds). 
calculate log likelihood 
convergence.check is 1.197093e-06 
Completing Iteration 32 (approx. per word bound = -28.748, relative change = 1.197e-06) 
........................................................................................................
Completed E-Step (3 seconds). 
Completed M-Step (0 seconds). 
calculate log likelihood 
convergence.check is 1.122572e-06 
Completing Iteration 33 (approx. per word bound = -28.748, relative change = 1.123e-06) 
........................................................................................................
Completed E-Step (4 seconds). 
Completed M-Step (0 seconds). 
calculate log likelihood 
convergence.check is 1.046299e-06 
Completing Iteration 34 (approx. per word bound = -28.748, relative change = 1.046e-06) 
........................................................................................................
Completed E-Step (4 seconds). 
Completed M-Step (0 seconds). 
calculate log likelihood 
convergence.check is 9.717304e-07 
Model Converged 
4 select model run 
Initialization with topicScore. 
Initializing factors using Topic SCORE algorithm.
Initializing loadings by running 10 SCD updates.
........................................................................................................
Completed E-Step (3 seconds). 
Completed M-Step (0 seconds). 
calculate log likelihood 
Completing Iteration 1 (approx. per word bound = -36.919) 
........................................................................................................
Completed E-Step (6 seconds). 
Completed M-Step (0 seconds). 
calculate log likelihood 
convergence.check is 0.2212637 
Completing Iteration 2 (approx. per word bound = -28.751, relative change = 2.213e-01) 
........................................................................................................
Completed E-Step (6 seconds). 
Completed M-Step (0 seconds). 
calculate log likelihood 
convergence.check is 1.822903e-05 
Completing Iteration 3 (approx. per word bound = -28.750, relative change = 1.823e-05) 
........................................................................................................
Completed E-Step (6 seconds). 
Completed M-Step (0 seconds). 
calculate log likelihood 
convergence.check is 6.831845e-06 
Completing Iteration 4 (approx. per word bound = -28.750, relative change = 6.832e-06) 
........................................................................................................
Completed E-Step (6 seconds). 
Completed M-Step (0 seconds). 
calculate log likelihood 
convergence.check is 5.913963e-06 
Completing Iteration 5 (approx. per word bound = -28.750, relative change = 5.914e-06) 
Topic 1: Gene1396, Gene1424, Gene1416, Gene786, Gene1315 
 Topic 2: Gene1839, Gene1999, Gene1396, Gene719, Gene1720 
 Topic 3: Gene1779, Gene1438, Gene686, Gene1187, Gene68 
........................................................................................................
Completed E-Step (5 seconds). 
Completed M-Step (0 seconds). 
calculate log likelihood 
convergence.check is 5.24285e-06 
Completing Iteration 6 (approx. per word bound = -28.749, relative change = 5.243e-06) 
........................................................................................................
Completed E-Step (5 seconds). 
Completed M-Step (0 seconds). 
calculate log likelihood 
convergence.check is 4.70024e-06 
Completing Iteration 7 (approx. per word bound = -28.749, relative change = 4.700e-06) 
........................................................................................................
Completed E-Step (6 seconds). 
Completed M-Step (0 seconds). 
calculate log likelihood 
convergence.check is 4.261557e-06 
Completing Iteration 8 (approx. per word bound = -28.749, relative change = 4.262e-06) 
........................................................................................................
Completed E-Step (5 seconds). 
Completed M-Step (0 seconds). 
calculate log likelihood 
convergence.check is 3.898996e-06 
Completing Iteration 9 (approx. per word bound = -28.749, relative change = 3.899e-06) 
........................................................................................................
Completed E-Step (5 seconds). 
Completed M-Step (0 seconds). 
calculate log likelihood 
convergence.check is 3.595863e-06 
Completing Iteration 10 (approx. per word bound = -28.749, relative change = 3.596e-06) 
Topic 1: Gene1396, Gene1424, Gene1416, Gene786, Gene1315 
 Topic 2: Gene1839, Gene1999, Gene1396, Gene719, Gene1720 
 Topic 3: Gene1779, Gene1438, Gene686, Gene1187, Gene68 
........................................................................................................
Completed E-Step (5 seconds). 
Completed M-Step (0 seconds). 
calculate log likelihood 
convergence.check is 3.337883e-06 
Completing Iteration 11 (approx. per word bound = -28.749, relative change = 3.338e-06) 
........................................................................................................
Completed E-Step (5 seconds). 
Completed M-Step (0 seconds). 
calculate log likelihood 
convergence.check is 3.120583e-06 
Completing Iteration 12 (approx. per word bound = -28.749, relative change = 3.121e-06) 
........................................................................................................
Completed E-Step (5 seconds). 
Completed M-Step (0 seconds). 
calculate log likelihood 
convergence.check is 2.931768e-06 
Completing Iteration 13 (approx. per word bound = -28.749, relative change = 2.932e-06) 
........................................................................................................
Completed E-Step (5 seconds). 
Completed M-Step (0 seconds). 
calculate log likelihood 
convergence.check is 2.768602e-06 
Completing Iteration 14 (approx. per word bound = -28.749, relative change = 2.769e-06) 
........................................................................................................
Completed E-Step (5 seconds). 
Completed M-Step (0 seconds). 
calculate log likelihood 
convergence.check is 2.626667e-06 
Completing Iteration 15 (approx. per word bound = -28.749, relative change = 2.627e-06) 
Topic 1: Gene1396, Gene1424, Gene1416, Gene786, Gene1315 
 Topic 2: Gene1839, Gene1999, Gene1396, Gene719, Gene1720 
 Topic 3: Gene1779, Gene1438, Gene686, Gene1187, Gene68 
........................................................................................................
Completed E-Step (5 seconds). 
Completed M-Step (0 seconds). 
calculate log likelihood 
convergence.check is 2.500775e-06 
Completing Iteration 16 (approx. per word bound = -28.749, relative change = 2.501e-06) 
........................................................................................................
Completed E-Step (5 seconds). 
Completed M-Step (0 seconds). 
calculate log likelihood 
convergence.check is 2.387702e-06 
Completing Iteration 17 (approx. per word bound = -28.748, relative change = 2.388e-06) 
........................................................................................................
Completed E-Step (5 seconds). 
Completed M-Step (0 seconds). 
calculate log likelihood 
convergence.check is 2.284862e-06 
Completing Iteration 18 (approx. per word bound = -28.748, relative change = 2.285e-06) 
........................................................................................................
Completed E-Step (5 seconds). 
Completed M-Step (0 seconds). 
calculate log likelihood 
convergence.check is 2.190807e-06 
Completing Iteration 19 (approx. per word bound = -28.748, relative change = 2.191e-06) 
........................................................................................................
Completed E-Step (5 seconds). 
Completed M-Step (0 seconds). 
calculate log likelihood 
convergence.check is 2.102535e-06 
Completing Iteration 20 (approx. per word bound = -28.748, relative change = 2.103e-06) 
Topic 1: Gene1396, Gene1424, Gene1416, Gene786, Gene1315 
 Topic 2: Gene1839, Gene1999, Gene1396, Gene719, Gene1720 
 Topic 3: Gene1779, Gene1438, Gene686, Gene1187, Gene68 
........................................................................................................
Completed E-Step (5 seconds). 
Completed M-Step (0 seconds). 
calculate log likelihood 
convergence.check is 2.019928e-06 
Completing Iteration 21 (approx. per word bound = -28.748, relative change = 2.020e-06) 
........................................................................................................
Completed E-Step (4 seconds). 
Completed M-Step (0 seconds). 
calculate log likelihood 
convergence.check is 1.939779e-06 
Completing Iteration 22 (approx. per word bound = -28.748, relative change = 1.940e-06) 
........................................................................................................
Completed E-Step (4 seconds). 
Completed M-Step (0 seconds). 
calculate log likelihood 
convergence.check is 1.863715e-06 
Completing Iteration 23 (approx. per word bound = -28.748, relative change = 1.864e-06) 
........................................................................................................
Completed E-Step (4 seconds). 
Completed M-Step (0 seconds). 
calculate log likelihood 
convergence.check is 1.788564e-06 
Completing Iteration 24 (approx. per word bound = -28.748, relative change = 1.789e-06) 
........................................................................................................
Completed E-Step (4 seconds). 
Completed M-Step (0 seconds). 
calculate log likelihood 
convergence.check is 1.715094e-06 
Completing Iteration 25 (approx. per word bound = -28.748, relative change = 1.715e-06) 
Topic 1: Gene1396, Gene1424, Gene1416, Gene786, Gene1315 
 Topic 2: Gene1839, Gene1999, Gene1396, Gene719, Gene1720 
 Topic 3: Gene1779, Gene1438, Gene686, Gene1187, Gene68 
........................................................................................................
Completed E-Step (4 seconds). 
Completed M-Step (0 seconds). 
calculate log likelihood 
convergence.check is 1.641876e-06 
Completing Iteration 26 (approx. per word bound = -28.748, relative change = 1.642e-06) 
........................................................................................................
Completed E-Step (4 seconds). 
Completed M-Step (0 seconds). 
calculate log likelihood 
convergence.check is 1.569672e-06 
Completing Iteration 27 (approx. per word bound = -28.748, relative change = 1.570e-06) 
........................................................................................................
Completed E-Step (4 seconds). 
Completed M-Step (0 seconds). 
calculate log likelihood 
convergence.check is 1.496253e-06 
Completing Iteration 28 (approx. per word bound = -28.748, relative change = 1.496e-06) 
........................................................................................................
Completed E-Step (4 seconds). 
Completed M-Step (0 seconds). 
calculate log likelihood 
convergence.check is 1.423059e-06 
Completing Iteration 29 (approx. per word bound = -28.748, relative change = 1.423e-06) 
........................................................................................................
Completed E-Step (4 seconds). 
Completed M-Step (0 seconds). 
calculate log likelihood 
convergence.check is 1.349137e-06 
Completing Iteration 30 (approx. per word bound = -28.748, relative change = 1.349e-06) 
Topic 1: Gene1396, Gene1424, Gene1416, Gene786, Gene1315 
 Topic 2: Gene1839, Gene1999, Gene1396, Gene719, Gene1720 
 Topic 3: Gene1779, Gene1438, Gene686, Gene1187, Gene68 
........................................................................................................
Completed E-Step (4 seconds). 
Completed M-Step (0 seconds). 
calculate log likelihood 
convergence.check is 1.273636e-06 
Completing Iteration 31 (approx. per word bound = -28.748, relative change = 1.274e-06) 
........................................................................................................
Completed E-Step (4 seconds). 
Completed M-Step (0 seconds). 
calculate log likelihood 
convergence.check is 1.197128e-06 
Completing Iteration 32 (approx. per word bound = -28.748, relative change = 1.197e-06) 
........................................................................................................
Completed E-Step (4 seconds). 
Completed M-Step (0 seconds). 
calculate log likelihood 
convergence.check is 1.122651e-06 
Completing Iteration 33 (approx. per word bound = -28.748, relative change = 1.123e-06) 
........................................................................................................
Completed E-Step (4 seconds). 
Completed M-Step (0 seconds). 
calculate log likelihood 
convergence.check is 1.046129e-06 
Completing Iteration 34 (approx. per word bound = -28.748, relative change = 1.046e-06) 
........................................................................................................
Completed E-Step (4 seconds). 
Completed M-Step (0 seconds). 
calculate log likelihood 
convergence.check is 9.718951e-07 
Model Converged 
5 select model run 
Initialization with topicScore. 
Initializing factors using Topic SCORE algorithm.
Initializing loadings by running 10 SCD updates.
........................................................................................................
Completed E-Step (3 seconds). 
Completed M-Step (0 seconds). 
calculate log likelihood 
Completing Iteration 1 (approx. per word bound = -36.920) 
........................................................................................................
Completed E-Step (7 seconds). 
Completed M-Step (0 seconds). 
calculate log likelihood 
convergence.check is 0.2212675 
Completing Iteration 2 (approx. per word bound = -28.751, relative change = 2.213e-01) 
........................................................................................................
Completed E-Step (6 seconds). 
Completed M-Step (0 seconds). 
calculate log likelihood 
convergence.check is 1.823819e-05 
Completing Iteration 3 (approx. per word bound = -28.750, relative change = 1.824e-05) 
........................................................................................................
Completed E-Step (6 seconds). 
Completed M-Step (0 seconds). 
calculate log likelihood 
convergence.check is 6.832157e-06 
Completing Iteration 4 (approx. per word bound = -28.750, relative change = 6.832e-06) 
........................................................................................................
Completed E-Step (5 seconds). 
Completed M-Step (0 seconds). 
calculate log likelihood 
convergence.check is 5.915728e-06 
Completing Iteration 5 (approx. per word bound = -28.750, relative change = 5.916e-06) 
Topic 1: Gene1839, Gene1999, Gene1396, Gene719, Gene1720 
 Topic 2: Gene1396, Gene1424, Gene1416, Gene786, Gene1315 
 Topic 3: Gene1779, Gene1438, Gene686, Gene1187, Gene68 
........................................................................................................
Completed E-Step (6 seconds). 
Completed M-Step (0 seconds). 
calculate log likelihood 
convergence.check is 5.243246e-06 
Completing Iteration 6 (approx. per word bound = -28.749, relative change = 5.243e-06) 
........................................................................................................
Completed E-Step (5 seconds). 
Completed M-Step (0 seconds). 
calculate log likelihood 
convergence.check is 4.700772e-06 
Completing Iteration 7 (approx. per word bound = -28.749, relative change = 4.701e-06) 
........................................................................................................
Completed E-Step (5 seconds). 
Completed M-Step (0 seconds). 
calculate log likelihood 
convergence.check is 4.261423e-06 
Completing Iteration 8 (approx. per word bound = -28.749, relative change = 4.261e-06) 
........................................................................................................
Completed E-Step (5 seconds). 
Completed M-Step (0 seconds). 
calculate log likelihood 
convergence.check is 3.899804e-06 
Completing Iteration 9 (approx. per word bound = -28.749, relative change = 3.900e-06) 
........................................................................................................
Completed E-Step (5 seconds). 
Completed M-Step (0 seconds). 
calculate log likelihood 
convergence.check is 3.595863e-06 
Completing Iteration 10 (approx. per word bound = -28.749, relative change = 3.596e-06) 
Topic 1: Gene1839, Gene1999, Gene1396, Gene719, Gene1720 
 Topic 2: Gene1396, Gene1424, Gene1416, Gene786, Gene1315 
 Topic 3: Gene1779, Gene1438, Gene686, Gene1187, Gene68 
........................................................................................................
Completed E-Step (5 seconds). 
Completed M-Step (0 seconds). 
calculate log likelihood 
convergence.check is 3.33804e-06 
Completing Iteration 11 (approx. per word bound = -28.749, relative change = 3.338e-06) 
........................................................................................................
Completed E-Step (5 seconds). 
Completed M-Step (0 seconds). 
calculate log likelihood 
convergence.check is 3.120935e-06 
Completing Iteration 12 (approx. per word bound = -28.749, relative change = 3.121e-06) 
........................................................................................................
Completed E-Step (5 seconds). 
Completed M-Step (0 seconds). 
calculate log likelihood 
convergence.check is 2.931636e-06 
Completing Iteration 13 (approx. per word bound = -28.749, relative change = 2.932e-06) 
........................................................................................................
Completed E-Step (5 seconds). 
Completed M-Step (0 seconds). 
calculate log likelihood 
convergence.check is 2.768761e-06 
Completing Iteration 14 (approx. per word bound = -28.749, relative change = 2.769e-06) 
........................................................................................................
Completed E-Step (5 seconds). 
Completed M-Step (0 seconds). 
calculate log likelihood 
convergence.check is 2.626836e-06 
Completing Iteration 15 (approx. per word bound = -28.749, relative change = 2.627e-06) 
Topic 1: Gene1839, Gene1999, Gene1396, Gene719, Gene1720 
 Topic 2: Gene1396, Gene1424, Gene1416, Gene786, Gene1315 
 Topic 3: Gene1779, Gene1438, Gene686, Gene1187, Gene68 
........................................................................................................
Completed E-Step (5 seconds). 
Completed M-Step (0 seconds). 
calculate log likelihood 
convergence.check is 2.5006e-06 
Completing Iteration 16 (approx. per word bound = -28.749, relative change = 2.501e-06) 
........................................................................................................
Completed E-Step (5 seconds). 
Completed M-Step (0 seconds). 
calculate log likelihood 
convergence.check is 2.387641e-06 
Completing Iteration 17 (approx. per word bound = -28.748, relative change = 2.388e-06) 
........................................................................................................
Completed E-Step (5 seconds). 
Completed M-Step (0 seconds). 
calculate log likelihood 
convergence.check is 2.284894e-06 
Completing Iteration 18 (approx. per word bound = -28.748, relative change = 2.285e-06) 
........................................................................................................
Completed E-Step (5 seconds). 
Completed M-Step (0 seconds). 
calculate log likelihood 
convergence.check is 2.190809e-06 
Completing Iteration 19 (approx. per word bound = -28.748, relative change = 2.191e-06) 
........................................................................................................
Completed E-Step (5 seconds). 
Completed M-Step (0 seconds). 
calculate log likelihood 
convergence.check is 2.102305e-06 
Completing Iteration 20 (approx. per word bound = -28.748, relative change = 2.102e-06) 
Topic 1: Gene1839, Gene1999, Gene1396, Gene719, Gene1720 
 Topic 2: Gene1396, Gene1424, Gene1416, Gene786, Gene1315 
 Topic 3: Gene1779, Gene1438, Gene686, Gene1187, Gene68 
........................................................................................................
Completed E-Step (4 seconds). 
Completed M-Step (0 seconds). 
calculate log likelihood 
convergence.check is 2.019844e-06 
Completing Iteration 21 (approx. per word bound = -28.748, relative change = 2.020e-06) 
........................................................................................................
Completed E-Step (4 seconds). 
Completed M-Step (0 seconds). 
calculate log likelihood 
convergence.check is 1.940008e-06 
Completing Iteration 22 (approx. per word bound = -28.748, relative change = 1.940e-06) 
........................................................................................................
Completed E-Step (4 seconds). 
Completed M-Step (0 seconds). 
calculate log likelihood 
convergence.check is 1.863452e-06 
Completing Iteration 23 (approx. per word bound = -28.748, relative change = 1.863e-06) 
........................................................................................................
Completed E-Step (4 seconds). 
Completed M-Step (0 seconds). 
calculate log likelihood 
convergence.check is 1.788454e-06 
Completing Iteration 24 (approx. per word bound = -28.748, relative change = 1.788e-06) 
........................................................................................................
Completed E-Step (4 seconds). 
Completed M-Step (0 seconds). 
calculate log likelihood 
convergence.check is 1.715025e-06 
Completing Iteration 25 (approx. per word bound = -28.748, relative change = 1.715e-06) 
Topic 1: Gene1839, Gene1999, Gene1396, Gene719, Gene1720 
 Topic 2: Gene1396, Gene1424, Gene1416, Gene786, Gene1315 
 Topic 3: Gene1779, Gene1438, Gene686, Gene1187, Gene68 
........................................................................................................
Completed E-Step (4 seconds). 
Completed M-Step (0 seconds). 
calculate log likelihood 
convergence.check is 1.642173e-06 
Completing Iteration 26 (approx. per word bound = -28.748, relative change = 1.642e-06) 
........................................................................................................
Completed E-Step (4 seconds). 
Completed M-Step (0 seconds). 
calculate log likelihood 
convergence.check is 1.569288e-06 
Completing Iteration 27 (approx. per word bound = -28.748, relative change = 1.569e-06) 
........................................................................................................
Completed E-Step (4 seconds). 
Completed M-Step (0 seconds). 
calculate log likelihood 
convergence.check is 1.496151e-06 
Completing Iteration 28 (approx. per word bound = -28.748, relative change = 1.496e-06) 
........................................................................................................
Completed E-Step (4 seconds). 
Completed M-Step (0 seconds). 
calculate log likelihood 
convergence.check is 1.423275e-06 
Completing Iteration 29 (approx. per word bound = -28.748, relative change = 1.423e-06) 
........................................................................................................
Completed E-Step (4 seconds). 
Completed M-Step (0 seconds). 
calculate log likelihood 
convergence.check is 1.348999e-06 
Completing Iteration 30 (approx. per word bound = -28.748, relative change = 1.349e-06) 
Topic 1: Gene1839, Gene1999, Gene1396, Gene719, Gene1720 
 Topic 2: Gene1396, Gene1424, Gene1416, Gene786, Gene1315 
 Topic 3: Gene1779, Gene1438, Gene686, Gene1187, Gene68 
........................................................................................................
Completed E-Step (4 seconds). 
Completed M-Step (0 seconds). 
calculate log likelihood 
convergence.check is 1.273544e-06 
Completing Iteration 31 (approx. per word bound = -28.748, relative change = 1.274e-06) 
........................................................................................................
Completed E-Step (4 seconds). 
Completed M-Step (0 seconds). 
calculate log likelihood 
convergence.check is 1.197391e-06 
Completing Iteration 32 (approx. per word bound = -28.748, relative change = 1.197e-06) 
........................................................................................................
Completed E-Step (4 seconds). 
Completed M-Step (0 seconds). 
calculate log likelihood 
convergence.check is 1.122728e-06 
Completing Iteration 33 (approx. per word bound = -28.748, relative change = 1.123e-06) 
........................................................................................................
Completed E-Step (4 seconds). 
Completed M-Step (0 seconds). 
calculate log likelihood 
convergence.check is 1.046283e-06 
Completing Iteration 34 (approx. per word bound = -28.748, relative change = 1.046e-06) 
........................................................................................................
Completed E-Step (4 seconds). 
Completed M-Step (0 seconds). 
calculate log likelihood 
convergence.check is 9.712375e-07 
Model Converged 
