sims_1715922492_pos_L4_c5.rds 
Found 6 batches
Using null model in ComBat-seq.
Adjusting for 0 covariate(s) or covariate level(s)
Estimating dispersions
Fitting the GLM model
Shrinkage off - using GLM estimates for parameters
Adjusting the data
Batch Effect Removed 
        R/alignCorpus.R R/asSTMCorpus.R R/checkBeta.R R/cloud.R
value   ?               ?               ?             ?        
visible FALSE           FALSE           FALSE         FALSE    
        R/CompositionChange.R R/convertCorpus.R R/estimateEffect.R
value   ?                     ?                 ?                 
visible FALSE                 FALSE             FALSE             
        R/estimateMixedEffect.R R/exclusivity.R R/findThoughts.R R/findTopic.R
value   ?                       ?               ?                ?            
visible FALSE                   FALSE           FALSE            FALSE        
        R/fitNewDocuments.R R/heldout.R R/jeffreyskappa.R R/labelTopics.R
value   ?                   ?           ?                 ?              
visible FALSE               FALSE       FALSE             FALSE          
        R/makeDesignMatrix.R R/manyTopics.R R/multiSTM.R R/optimalK.R
value   ?                    ?              ?            ?           
visible FALSE                FALSE          FALSE        FALSE       
        R/permute.R R/plot.estimateEffect.R R/plot.fixedEffect.R
value   ?           ?                       ?                   
visible FALSE       FALSE                   FALSE               
        R/plot.searchK.R R/plot.STM.R R/plotModels.R R/plotQuote.R
value   ?                ?            ?              ?            
visible FALSE            FALSE        FALSE          FALSE        
        R/plotRemoved.R R/plottingutilfns.R R/plotTopicLoess.R
value   ?               ?                   ?                 
visible FALSE           FALSE               FALSE             
        R/prepDocuments.R R/prepsce.R R/produce_cmatrix.R R/RcppExports.R
value   ?                 ?           ?                   ?              
visible FALSE             FALSE       FALSE               FALSE          
        R/readCorpus.R R/residuals.R R/s.R R/sageLabels.R R/scSTM.R
value   ?              ?             ?     ?              ?        
visible FALSE          FALSE         FALSE FALSE          FALSE    
        R/selectModel.R R/semanticCoherence.R R/simBetas.R R/spectral.R
value   ?               ?                     ?            ?           
visible FALSE           FALSE                 FALSE        FALSE       
        R/stm-package.R R/stm.control.R R/STMbound.R R/STMconvergence.R
value   NULL            ?               ?            ?                 
visible TRUE            FALSE           FALSE        FALSE             
        R/STMestep.R R/STMfunctions.R R/STMinit.R R/STMinitLikelihood.R
value   ?            ?                ?           ?                    
visible FALSE        FALSE            FALSE       FALSE                
        R/STMlncpp.R R/STMmnreg.R R/STMmu.R R/STMoptbeta.R R/STMreport.R
value   ?            ?            ?         ?              ?            
visible FALSE        FALSE        FALSE     FALSE          FALSE        
        R/STMsigma.R R/STMsigs.R R/STMsubset.R R/summary.STM.R R/tau.R
value   ?            ?           ?             ?               ?      
visible FALSE        FALSE       FALSE         FALSE           FALSE  
        R/textProcessor.R R/thetaPosterior.R R/toLDAvis.R R/topicCorr.R
value   ?                 ?                  ?            ?            
visible FALSE             FALSE              FALSE        FALSE        
        R/topicLasso.R R/topicQuality.R R/writeLdac.R R/zzz.R
value   ?              ?                ?             ?      
visible FALSE          FALSE            FALSE         FALSE  
Removing 1 of 665 genes (1 of 1739318 tokens) due to frequency 
Your Dataset now has 3585 cells, 664 genes and 1739317 tokens. 
Casting net 
1 models in net 
Initialization with topicScore. 
Initializing factors using Topic SCORE algorithm.
Initializing loadings by running 10 SCD updates.
......................................................................................................
Completed E-Step (23 seconds). 
Completed M-Step (0 seconds). 
calculate log likelihood 
Completing Iteration 1 (approx. per word bound = -40.993) 
......................................................................................................
Completed E-Step (16 seconds). 
Completed M-Step (0 seconds). 
calculate log likelihood 
convergence.check is 0.0002533209 
Completing Iteration 2 (approx. per word bound = -40.982, relative change = 2.533e-04) 
......................................................................................................
Completed E-Step (16 seconds). 
Completed M-Step (0 seconds). 
calculate log likelihood 
convergence.check is 0.000151447 
Model Terminated Before Convergence Reached 
2 models in net 
Initialization with topicScore. 
Initializing factors using Topic SCORE algorithm.
Initializing loadings by running 10 SCD updates.
......................................................................................................
Completed E-Step (19 seconds). 
Completed M-Step (0 seconds). 
calculate log likelihood 
Completing Iteration 1 (approx. per word bound = -40.903) 
......................................................................................................
Completed E-Step (16 seconds). 
Completed M-Step (0 seconds). 
calculate log likelihood 
convergence.check is 0.0001028659 
Completing Iteration 2 (approx. per word bound = -40.899, relative change = 1.029e-04) 
......................................................................................................
Completed E-Step (14 seconds). 
Completed M-Step (0 seconds). 
calculate log likelihood 
convergence.check is 2.576527e-05 
Model Terminated Before Convergence Reached 
3 models in net 
Initialization with topicScore. 
Initializing factors using Topic SCORE algorithm.
Initializing loadings by running 10 SCD updates.
......................................................................................................
Completed E-Step (17 seconds). 
Completed M-Step (0 seconds). 
calculate log likelihood 
Completing Iteration 1 (approx. per word bound = -40.904) 
......................................................................................................
Completed E-Step (16 seconds). 
Completed M-Step (0 seconds). 
calculate log likelihood 
convergence.check is 9.499964e-05 
Completing Iteration 2 (approx. per word bound = -40.900, relative change = 9.500e-05) 
......................................................................................................
Completed E-Step (15 seconds). 
Completed M-Step (0 seconds). 
calculate log likelihood 
convergence.check is 2.695054e-05 
Model Terminated Before Convergence Reached 
4 models in net 
Initialization with topicScore. 
Initializing factors using Topic SCORE algorithm.
Initializing loadings by running 10 SCD updates.
......................................................................................................
Completed E-Step (19 seconds). 
Completed M-Step (0 seconds). 
calculate log likelihood 
Completing Iteration 1 (approx. per word bound = -40.924) 
......................................................................................................
Completed E-Step (17 seconds). 
Completed M-Step (0 seconds). 
calculate log likelihood 
convergence.check is 0.000171667 
Completing Iteration 2 (approx. per word bound = -40.917, relative change = 1.717e-04) 
......................................................................................................
Completed E-Step (16 seconds). 
Completed M-Step (0 seconds). 
calculate log likelihood 
convergence.check is 8.302706e-05 
Model Terminated Before Convergence Reached 
5 models in net 
Initialization with topicScore. 
Initializing factors using Topic SCORE algorithm.
Initializing loadings by running 10 SCD updates.
......................................................................................................
Completed E-Step (19 seconds). 
Completed M-Step (0 seconds). 
calculate log likelihood 
Completing Iteration 1 (approx. per word bound = -40.903) 
......................................................................................................
Completed E-Step (16 seconds). 
Completed M-Step (0 seconds). 
calculate log likelihood 
convergence.check is 8.845469e-05 
Completing Iteration 2 (approx. per word bound = -40.899, relative change = 8.845e-05) 
......................................................................................................
Completed E-Step (15 seconds). 
Completed M-Step (0 seconds). 
calculate log likelihood 
convergence.check is 2.525063e-05 
Model Terminated Before Convergence Reached 
6 models in net 
Initialization with topicScore. 
Initializing factors using Topic SCORE algorithm.
Initializing loadings by running 10 SCD updates.
......................................................................................................
Completed E-Step (19 seconds). 
Completed M-Step (0 seconds). 
calculate log likelihood 
Completing Iteration 1 (approx. per word bound = -40.904) 
......................................................................................................
Completed E-Step (17 seconds). 
Completed M-Step (0 seconds). 
calculate log likelihood 
convergence.check is 9.644057e-05 
Completing Iteration 2 (approx. per word bound = -40.900, relative change = 9.644e-05) 
......................................................................................................
Completed E-Step (15 seconds). 
Completed M-Step (0 seconds). 
calculate log likelihood 
convergence.check is 2.825181e-05 
Model Terminated Before Convergence Reached 
7 models in net 
Initialization with topicScore. 
Initializing factors using Topic SCORE algorithm.
Initializing loadings by running 10 SCD updates.
......................................................................................................
Completed E-Step (19 seconds). 
Completed M-Step (0 seconds). 
calculate log likelihood 
Completing Iteration 1 (approx. per word bound = -40.903) 
......................................................................................................
Completed E-Step (17 seconds). 
Completed M-Step (0 seconds). 
calculate log likelihood 
convergence.check is 0.0001029224 
Completing Iteration 2 (approx. per word bound = -40.899, relative change = 1.029e-04) 
......................................................................................................
Completed E-Step (15 seconds). 
Completed M-Step (0 seconds). 
calculate log likelihood 
convergence.check is 2.540629e-05 
Model Terminated Before Convergence Reached 
8 models in net 
Initialization with topicScore. 
Initializing factors using Topic SCORE algorithm.
Initializing loadings by running 10 SCD updates.
......................................................................................................
Completed E-Step (19 seconds). 
Completed M-Step (0 seconds). 
calculate log likelihood 
Completing Iteration 1 (approx. per word bound = -40.903) 
......................................................................................................
Completed E-Step (17 seconds). 
Completed M-Step (0 seconds). 
calculate log likelihood 
convergence.check is 0.0001021572 
Completing Iteration 2 (approx. per word bound = -40.899, relative change = 1.022e-04) 
......................................................................................................
Completed E-Step (15 seconds). 
Completed M-Step (0 seconds). 
calculate log likelihood 
convergence.check is 2.626109e-05 
Model Terminated Before Convergence Reached 
9 models in net 
Initialization with topicScore. 
Initializing factors using Topic SCORE algorithm.
Initializing loadings by running 10 SCD updates.
......................................................................................................
Completed E-Step (18 seconds). 
Completed M-Step (0 seconds). 
calculate log likelihood 
Completing Iteration 1 (approx. per word bound = -40.904) 
......................................................................................................
Completed E-Step (16 seconds). 
Completed M-Step (0 seconds). 
calculate log likelihood 
convergence.check is 9.981905e-05 
Completing Iteration 2 (approx. per word bound = -40.900, relative change = 9.982e-05) 
......................................................................................................
Completed E-Step (15 seconds). 
Completed M-Step (0 seconds). 
calculate log likelihood 
convergence.check is 2.710187e-05 
Model Terminated Before Convergence Reached 
10 models in net 
Initialization with topicScore. 
Initializing factors using Topic SCORE algorithm.
Initializing loadings by running 10 SCD updates.
......................................................................................................
Completed E-Step (17 seconds). 
Completed M-Step (0 seconds). 
calculate log likelihood 
Completing Iteration 1 (approx. per word bound = -40.908) 
......................................................................................................
Completed E-Step (17 seconds). 
Completed M-Step (0 seconds). 
calculate log likelihood 
convergence.check is 9.111807e-05 
Completing Iteration 2 (approx. per word bound = -40.904, relative change = 9.112e-05) 
......................................................................................................
Completed E-Step (16 seconds). 
Completed M-Step (0 seconds). 
calculate log likelihood 
convergence.check is 3.03756e-05 
Model Terminated Before Convergence Reached 
11 models in net 
Beginning Spectral Initialization 
	 Calculating the gram matrix...
	 Finding anchor words...
 	.....
	 Recovering initialization...
 	......
Initialization complete.
......................................................................................................
Completed E-Step (29 seconds). 
Completed M-Step (0 seconds). 
calculate log likelihood 
Completing Iteration 1 (approx. per word bound = -40.979) 
......................................................................................................
Completed E-Step (16 seconds). 
Completed M-Step (0 seconds). 
calculate log likelihood 
convergence.check is 0.001162658 
Completing Iteration 2 (approx. per word bound = -40.932, relative change = 1.163e-03) 
......................................................................................................
Completed E-Step (13 seconds). 
Completed M-Step (0 seconds). 
calculate log likelihood 
convergence.check is 0.0003379379 
Model Terminated Before Convergence Reached 
12 models in net 
Beginning Random Initialization 
Initialization with Poisson NMF 
......................................................................................................
Completed E-Step (27 seconds). 
Completed M-Step (0 seconds). 
calculate log likelihood 
Completing Iteration 1 (approx. per word bound = -52.969) 
......................................................................................................
Completed E-Step (18 seconds). 
Completed M-Step (0 seconds). 
calculate log likelihood 
convergence.check is 0.2247286 
Completing Iteration 2 (approx. per word bound = -41.065, relative change = 2.247e-01) 
......................................................................................................
Completed E-Step (13 seconds). 
Completed M-Step (0 seconds). 
calculate log likelihood 
convergence.check is 0.0003880762 
Model Terminated Before Convergence Reached 
13 models in net 
Beginning Random Initialization 
Initialization with Poisson NMF 
......................................................................................................
Completed E-Step (27 seconds). 
Completed M-Step (0 seconds). 
calculate log likelihood 
Completing Iteration 1 (approx. per word bound = -52.921) 
......................................................................................................
Completed E-Step (16 seconds). 
Completed M-Step (0 seconds). 
calculate log likelihood 
convergence.check is 0.2240607 
Completing Iteration 2 (approx. per word bound = -41.064, relative change = 2.241e-01) 
......................................................................................................
Completed E-Step (16 seconds). 
Completed M-Step (0 seconds). 
calculate log likelihood 
convergence.check is 0.0001093793 
Model Terminated Before Convergence Reached 
14 models in net 
Beginning Random Initialization 
Initialization with Poisson NMF 
......................................................................................................
Completed E-Step (28 seconds). 
Completed M-Step (0 seconds). 
calculate log likelihood 
Completing Iteration 1 (approx. per word bound = -52.595) 
......................................................................................................
Completed E-Step (19 seconds). 
Completed M-Step (0 seconds). 
calculate log likelihood 
convergence.check is 0.2191295 
Completing Iteration 2 (approx. per word bound = -41.070, relative change = 2.191e-01) 
......................................................................................................
Completed E-Step (17 seconds). 
Completed M-Step (0 seconds). 
calculate log likelihood 
convergence.check is 7.409863e-05 
Model Terminated Before Convergence Reached 
15 models in net 
Beginning Random Initialization 
Initialization with Poisson NMF 
......................................................................................................
Completed E-Step (27 seconds). 
Completed M-Step (0 seconds). 
calculate log likelihood 
Completing Iteration 1 (approx. per word bound = -52.535) 
......................................................................................................
Completed E-Step (16 seconds). 
Completed M-Step (0 seconds). 
calculate log likelihood 
convergence.check is 0.2183154 
Completing Iteration 2 (approx. per word bound = -41.066, relative change = 2.183e-01) 
......................................................................................................
Completed E-Step (16 seconds). 
Completed M-Step (0 seconds). 
calculate log likelihood 
convergence.check is 5.723355e-05 
Model Terminated Before Convergence Reached 
16 models in net 
Beginning Random Initialization 
Initialization with Poisson NMF 
......................................................................................................
Completed E-Step (26 seconds). 
Completed M-Step (0 seconds). 
calculate log likelihood 
Completing Iteration 1 (approx. per word bound = -52.504) 
......................................................................................................
Completed E-Step (19 seconds). 
Completed M-Step (0 seconds). 
calculate log likelihood 
convergence.check is 0.217863 
Completing Iteration 2 (approx. per word bound = -41.065, relative change = 2.179e-01) 
......................................................................................................
Completed E-Step (17 seconds). 
Completed M-Step (0 seconds). 
calculate log likelihood 
convergence.check is 0.0001069796 
Model Terminated Before Convergence Reached 
17 models in net 
Beginning Random Initialization 
Initialization with Poisson NMF 
......................................................................................................
Completed E-Step (30 seconds). 
Completed M-Step (0 seconds). 
calculate log likelihood 
Completing Iteration 1 (approx. per word bound = -52.935) 
......................................................................................................
Completed E-Step (16 seconds). 
Completed M-Step (0 seconds). 
calculate log likelihood 
convergence.check is 0.2242306 
Completing Iteration 2 (approx. per word bound = -41.066, relative change = 2.242e-01) 
......................................................................................................
Completed E-Step (17 seconds). 
Completed M-Step (0 seconds). 
calculate log likelihood 
convergence.check is 0.0001907872 
Model Terminated Before Convergence Reached 
18 models in net 
Beginning Random Initialization 
Initialization with Poisson NMF 
......................................................................................................
Completed E-Step (23 seconds). 
Completed M-Step (0 seconds). 
calculate log likelihood 
Completing Iteration 1 (approx. per word bound = -53.002) 
......................................................................................................
Completed E-Step (16 seconds). 
Completed M-Step (0 seconds). 
calculate log likelihood 
convergence.check is 0.2252341 
Completing Iteration 2 (approx. per word bound = -41.064, relative change = 2.252e-01) 
......................................................................................................
Completed E-Step (16 seconds). 
Completed M-Step (0 seconds). 
calculate log likelihood 
convergence.check is 5.480632e-05 
Model Terminated Before Convergence Reached 
19 models in net 
Beginning Random Initialization 
Initialization with Poisson NMF 
......................................................................................................
Completed E-Step (25 seconds). 
Completed M-Step (0 seconds). 
calculate log likelihood 
Completing Iteration 1 (approx. per word bound = -53.074) 
......................................................................................................
Completed E-Step (17 seconds). 
Completed M-Step (0 seconds). 
calculate log likelihood 
convergence.check is 0.2263455 
Completing Iteration 2 (approx. per word bound = -41.061, relative change = 2.263e-01) 
......................................................................................................
Completed E-Step (17 seconds). 
Completed M-Step (0 seconds). 
calculate log likelihood 
convergence.check is 0.00012062 
Model Terminated Before Convergence Reached 
20 models in net 
Beginning Random Initialization 
Initialization with Poisson NMF 
......................................................................................................
Completed E-Step (31 seconds). 
Completed M-Step (0 seconds). 
calculate log likelihood 
Completing Iteration 1 (approx. per word bound = -52.743) 
......................................................................................................
Completed E-Step (19 seconds). 
Completed M-Step (0 seconds). 
calculate log likelihood 
convergence.check is 0.2214331 
Completing Iteration 2 (approx. per word bound = -41.064, relative change = 2.214e-01) 
......................................................................................................
Completed E-Step (19 seconds). 
Completed M-Step (0 seconds). 
calculate log likelihood 
convergence.check is 0.0001035311 
Model Terminated Before Convergence Reached 
21 models in net 
Beginning Random Initialization 
Initialization with Poisson NMF 
......................................................................................................
Completed E-Step (33 seconds). 
Completed M-Step (0 seconds). 
calculate log likelihood 
Completing Iteration 1 (approx. per word bound = -52.355) 
......................................................................................................
Completed E-Step (15 seconds). 
Completed M-Step (0 seconds). 
calculate log likelihood 
convergence.check is 0.2156156 
Completing Iteration 2 (approx. per word bound = -41.066, relative change = 2.156e-01) 
......................................................................................................
Completed E-Step (15 seconds). 
Completed M-Step (0 seconds). 
calculate log likelihood 
convergence.check is 0.000134396 
Model Terminated Before Convergence Reached 
Running select models 
1 select model run 
Initialization with topicScore. 
Initializing factors using Topic SCORE algorithm.
Initializing loadings by running 10 SCD updates.
......................................................................................................
Completed E-Step (18 seconds). 
Completed M-Step (0 seconds). 
calculate log likelihood 
Completing Iteration 1 (approx. per word bound = -40.903) 
......................................................................................................
Completed E-Step (17 seconds). 
Completed M-Step (0 seconds). 
calculate log likelihood 
convergence.check is 0.0001028659 
Completing Iteration 2 (approx. per word bound = -40.899, relative change = 1.029e-04) 
......................................................................................................
Completed E-Step (15 seconds). 
Completed M-Step (0 seconds). 
calculate log likelihood 
convergence.check is 2.576527e-05 
Completing Iteration 3 (approx. per word bound = -40.898, relative change = 2.577e-05) 
......................................................................................................
Completed E-Step (15 seconds). 
Completed M-Step (0 seconds). 
calculate log likelihood 
convergence.check is 1.812862e-05 
Completing Iteration 4 (approx. per word bound = -40.897, relative change = 1.813e-05) 
......................................................................................................
Completed E-Step (15 seconds). 
Completed M-Step (0 seconds). 
calculate log likelihood 
convergence.check is 1.418841e-05 
Completing Iteration 5 (approx. per word bound = -40.896, relative change = 1.419e-05) 
Topic 1: Gene426, Gene972, Gene377, Gene1435, Gene1041 
 Topic 2: Gene509, Gene426, Gene256, Gene1011, Gene101 
 Topic 3: Gene246, Gene1210, Gene101, Gene40, Gene8 
 Topic 4: Gene1005, Gene1435, Gene1041, Gene40, Gene148 
 Topic 5: Gene148, Gene1012, Gene426, Gene40, Gene246 
......................................................................................................
Completed E-Step (15 seconds). 
Completed M-Step (0 seconds). 
calculate log likelihood 
convergence.check is 1.178585e-05 
Completing Iteration 6 (approx. per word bound = -40.896, relative change = 1.179e-05) 
......................................................................................................
Completed E-Step (14 seconds). 
Completed M-Step (0 seconds). 
calculate log likelihood 
convergence.check is 1.01408e-05 
Completing Iteration 7 (approx. per word bound = -40.895, relative change = 1.014e-05) 
......................................................................................................
Completed E-Step (16 seconds). 
Completed M-Step (0 seconds). 
calculate log likelihood 
convergence.check is 8.916286e-06 
Completing Iteration 8 (approx. per word bound = -40.895, relative change = 8.916e-06) 
......................................................................................................
Completed E-Step (14 seconds). 
Completed M-Step (0 seconds). 
calculate log likelihood 
convergence.check is 8.037305e-06 
Completing Iteration 9 (approx. per word bound = -40.895, relative change = 8.037e-06) 
......................................................................................................
Completed E-Step (15 seconds). 
Completed M-Step (0 seconds). 
calculate log likelihood 
convergence.check is 7.269588e-06 
Completing Iteration 10 (approx. per word bound = -40.894, relative change = 7.270e-06) 
Topic 1: Gene426, Gene972, Gene377, Gene1435, Gene1041 
 Topic 2: Gene509, Gene426, Gene256, Gene1011, Gene101 
 Topic 3: Gene246, Gene1210, Gene40, Gene101, Gene972 
 Topic 4: Gene1005, Gene1041, Gene1435, Gene40, Gene148 
 Topic 5: Gene148, Gene1012, Gene426, Gene40, Gene246 
......................................................................................................
Completed E-Step (13 seconds). 
Completed M-Step (0 seconds). 
calculate log likelihood 
convergence.check is 6.616184e-06 
Completing Iteration 11 (approx. per word bound = -40.894, relative change = 6.616e-06) 
......................................................................................................
Completed E-Step (13 seconds). 
Completed M-Step (0 seconds). 
calculate log likelihood 
convergence.check is 6.094187e-06 
Completing Iteration 12 (approx. per word bound = -40.894, relative change = 6.094e-06) 
......................................................................................................
Completed E-Step (13 seconds). 
Completed M-Step (0 seconds). 
calculate log likelihood 
convergence.check is 5.641517e-06 
Completing Iteration 13 (approx. per word bound = -40.894, relative change = 5.642e-06) 
......................................................................................................
Completed E-Step (12 seconds). 
Completed M-Step (0 seconds). 
calculate log likelihood 
convergence.check is 5.151947e-06 
Completing Iteration 14 (approx. per word bound = -40.893, relative change = 5.152e-06) 
......................................................................................................
Completed E-Step (12 seconds). 
Completed M-Step (0 seconds). 
calculate log likelihood 
convergence.check is 4.842506e-06 
Completing Iteration 15 (approx. per word bound = -40.893, relative change = 4.843e-06) 
Topic 1: Gene426, Gene972, Gene377, Gene1041, Gene1435 
 Topic 2: Gene509, Gene426, Gene256, Gene1011, Gene101 
 Topic 3: Gene246, Gene1210, Gene40, Gene101, Gene972 
 Topic 4: Gene1005, Gene1041, Gene1435, Gene148, Gene40 
 Topic 5: Gene148, Gene1012, Gene426, Gene40, Gene246 
......................................................................................................
Completed E-Step (12 seconds). 
Completed M-Step (0 seconds). 
calculate log likelihood 
convergence.check is 4.422728e-06 
Completing Iteration 16 (approx. per word bound = -40.893, relative change = 4.423e-06) 
......................................................................................................
Completed E-Step (12 seconds). 
Completed M-Step (0 seconds). 
calculate log likelihood 
convergence.check is 4.064522e-06 
Completing Iteration 17 (approx. per word bound = -40.893, relative change = 4.065e-06) 
......................................................................................................
Completed E-Step (12 seconds). 
Completed M-Step (0 seconds). 
calculate log likelihood 
convergence.check is 3.963664e-06 
Completing Iteration 18 (approx. per word bound = -40.893, relative change = 3.964e-06) 
......................................................................................................
Completed E-Step (12 seconds). 
Completed M-Step (0 seconds). 
calculate log likelihood 
convergence.check is 3.578175e-06 
Completing Iteration 19 (approx. per word bound = -40.893, relative change = 3.578e-06) 
......................................................................................................
Completed E-Step (11 seconds). 
Completed M-Step (0 seconds). 
calculate log likelihood 
convergence.check is 3.299278e-06 
Completing Iteration 20 (approx. per word bound = -40.892, relative change = 3.299e-06) 
Topic 1: Gene426, Gene972, Gene377, Gene1041, Gene1435 
 Topic 2: Gene509, Gene426, Gene256, Gene101, Gene1011 
 Topic 3: Gene246, Gene40, Gene1210, Gene101, Gene972 
 Topic 4: Gene1005, Gene1041, Gene1435, Gene148, Gene40 
 Topic 5: Gene148, Gene1012, Gene426, Gene40, Gene246 
......................................................................................................
Completed E-Step (12 seconds). 
Completed M-Step (0 seconds). 
calculate log likelihood 
convergence.check is 3.053206e-06 
Completing Iteration 21 (approx. per word bound = -40.892, relative change = 3.053e-06) 
......................................................................................................
Completed E-Step (11 seconds). 
Completed M-Step (0 seconds). 
calculate log likelihood 
convergence.check is 2.955269e-06 
Completing Iteration 22 (approx. per word bound = -40.892, relative change = 2.955e-06) 
......................................................................................................
Completed E-Step (11 seconds). 
Completed M-Step (0 seconds). 
calculate log likelihood 
convergence.check is 2.754781e-06 
Completing Iteration 23 (approx. per word bound = -40.892, relative change = 2.755e-06) 
......................................................................................................
Completed E-Step (11 seconds). 
Completed M-Step (0 seconds). 
calculate log likelihood 
convergence.check is 2.522335e-06 
Completing Iteration 24 (approx. per word bound = -40.892, relative change = 2.522e-06) 
......................................................................................................
Completed E-Step (11 seconds). 
Completed M-Step (0 seconds). 
calculate log likelihood 
convergence.check is 2.371101e-06 
Completing Iteration 25 (approx. per word bound = -40.892, relative change = 2.371e-06) 
Topic 1: Gene426, Gene377, Gene972, Gene1041, Gene1435 
 Topic 2: Gene509, Gene426, Gene256, Gene972, Gene101 
 Topic 3: Gene246, Gene40, Gene1210, Gene101, Gene972 
 Topic 4: Gene1005, Gene1435, Gene1041, Gene148, Gene40 
 Topic 5: Gene148, Gene1012, Gene426, Gene40, Gene246 
......................................................................................................
Completed E-Step (11 seconds). 
Completed M-Step (0 seconds). 
calculate log likelihood 
convergence.check is 2.227156e-06 
Completing Iteration 26 (approx. per word bound = -40.892, relative change = 2.227e-06) 
......................................................................................................
Completed E-Step (11 seconds). 
Completed M-Step (0 seconds). 
calculate log likelihood 
convergence.check is 2.112538e-06 
Completing Iteration 27 (approx. per word bound = -40.892, relative change = 2.113e-06) 
......................................................................................................
Completed E-Step (10 seconds). 
Completed M-Step (0 seconds). 
calculate log likelihood 
convergence.check is 1.906943e-06 
Completing Iteration 28 (approx. per word bound = -40.892, relative change = 1.907e-06) 
......................................................................................................
Completed E-Step (10 seconds). 
Completed M-Step (0 seconds). 
calculate log likelihood 
convergence.check is 1.766891e-06 
Completing Iteration 29 (approx. per word bound = -40.892, relative change = 1.767e-06) 
......................................................................................................
Completed E-Step (10 seconds). 
Completed M-Step (0 seconds). 
calculate log likelihood 
convergence.check is 1.733744e-06 
Completing Iteration 30 (approx. per word bound = -40.891, relative change = 1.734e-06) 
Topic 1: Gene426, Gene377, Gene972, Gene1041, Gene1435 
 Topic 2: Gene509, Gene426, Gene256, Gene972, Gene101 
 Topic 3: Gene246, Gene40, Gene1210, Gene101, Gene972 
 Topic 4: Gene1005, Gene1435, Gene1041, Gene148, Gene40 
 Topic 5: Gene148, Gene1012, Gene426, Gene40, Gene246 
......................................................................................................
Completed E-Step (10 seconds). 
Completed M-Step (0 seconds). 
calculate log likelihood 
convergence.check is 1.549252e-06 
Completing Iteration 31 (approx. per word bound = -40.891, relative change = 1.549e-06) 
......................................................................................................
Completed E-Step (10 seconds). 
Completed M-Step (0 seconds). 
calculate log likelihood 
convergence.check is 1.448958e-06 
Completing Iteration 32 (approx. per word bound = -40.891, relative change = 1.449e-06) 
......................................................................................................
Completed E-Step (10 seconds). 
Completed M-Step (0 seconds). 
calculate log likelihood 
convergence.check is 1.376682e-06 
Completing Iteration 33 (approx. per word bound = -40.891, relative change = 1.377e-06) 
......................................................................................................
Completed E-Step (10 seconds). 
Completed M-Step (0 seconds). 
calculate log likelihood 
convergence.check is 1.183129e-06 
Completing Iteration 34 (approx. per word bound = -40.891, relative change = 1.183e-06) 
......................................................................................................
Completed E-Step (9 seconds). 
Completed M-Step (0 seconds). 
calculate log likelihood 
convergence.check is 1.230615e-06 
Completing Iteration 35 (approx. per word bound = -40.891, relative change = 1.231e-06) 
Topic 1: Gene426, Gene377, Gene972, Gene1041, Gene1435 
 Topic 2: Gene426, Gene509, Gene256, Gene972, Gene101 
 Topic 3: Gene246, Gene40, Gene1210, Gene972, Gene101 
 Topic 4: Gene1005, Gene1435, Gene1041, Gene148, Gene40 
 Topic 5: Gene148, Gene1012, Gene426, Gene40, Gene246 
......................................................................................................
Completed E-Step (9 seconds). 
Completed M-Step (0 seconds). 
calculate log likelihood 
convergence.check is 1.023392e-06 
Completing Iteration 36 (approx. per word bound = -40.891, relative change = 1.023e-06) 
......................................................................................................
Completed E-Step (9 seconds). 
Completed M-Step (0 seconds). 
calculate log likelihood 
convergence.check is 1.03585e-06 
Completing Iteration 37 (approx. per word bound = -40.891, relative change = 1.036e-06) 
......................................................................................................
Completed E-Step (9 seconds). 
Completed M-Step (0 seconds). 
calculate log likelihood 
convergence.check is 9.438158e-07 
Model Converged 
2 select model run 
Initialization with topicScore. 
Initializing factors using Topic SCORE algorithm.
Initializing loadings by running 10 SCD updates.
......................................................................................................
Completed E-Step (18 seconds). 
Completed M-Step (0 seconds). 
calculate log likelihood 
Completing Iteration 1 (approx. per word bound = -40.903) 
......................................................................................................
Completed E-Step (17 seconds). 
Completed M-Step (0 seconds). 
calculate log likelihood 
convergence.check is 0.0001021572 
Completing Iteration 2 (approx. per word bound = -40.899, relative change = 1.022e-04) 
......................................................................................................
Completed E-Step (16 seconds). 
Completed M-Step (0 seconds). 
calculate log likelihood 
convergence.check is 2.626109e-05 
Completing Iteration 3 (approx. per word bound = -40.898, relative change = 2.626e-05) 
......................................................................................................
Completed E-Step (15 seconds). 
Completed M-Step (0 seconds). 
calculate log likelihood 
convergence.check is 1.847295e-05 
Completing Iteration 4 (approx. per word bound = -40.897, relative change = 1.847e-05) 
......................................................................................................
Completed E-Step (16 seconds). 
Completed M-Step (0 seconds). 
calculate log likelihood 
convergence.check is 1.45651e-05 
Completing Iteration 5 (approx. per word bound = -40.897, relative change = 1.457e-05) 
Topic 1: Gene426, Gene377, Gene972, Gene1435, Gene1041 
 Topic 2: Gene509, Gene426, Gene256, Gene1011, Gene101 
 Topic 3: Gene246, Gene1210, Gene101, Gene40, Gene8 
 Topic 4: Gene1005, Gene1435, Gene1041, Gene40, Gene148 
 Topic 5: Gene148, Gene1012, Gene426, Gene40, Gene246 
......................................................................................................
Completed E-Step (15 seconds). 
Completed M-Step (0 seconds). 
calculate log likelihood 
convergence.check is 1.210124e-05 
Completing Iteration 6 (approx. per word bound = -40.896, relative change = 1.210e-05) 
......................................................................................................
Completed E-Step (15 seconds). 
Completed M-Step (0 seconds). 
calculate log likelihood 
convergence.check is 1.040532e-05 
Completing Iteration 7 (approx. per word bound = -40.896, relative change = 1.041e-05) 
......................................................................................................
Completed E-Step (14 seconds). 
Completed M-Step (0 seconds). 
calculate log likelihood 
convergence.check is 9.199395e-06 
Completing Iteration 8 (approx. per word bound = -40.895, relative change = 9.199e-06) 
......................................................................................................
Completed E-Step (14 seconds). 
Completed M-Step (0 seconds). 
calculate log likelihood 
convergence.check is 8.222215e-06 
Completing Iteration 9 (approx. per word bound = -40.895, relative change = 8.222e-06) 
......................................................................................................
Completed E-Step (14 seconds). 
Completed M-Step (0 seconds). 
calculate log likelihood 
convergence.check is 7.474825e-06 
Completing Iteration 10 (approx. per word bound = -40.895, relative change = 7.475e-06) 
Topic 1: Gene426, Gene972, Gene377, Gene1435, Gene1041 
 Topic 2: Gene509, Gene426, Gene256, Gene1011, Gene101 
 Topic 3: Gene246, Gene1210, Gene101, Gene40, Gene972 
 Topic 4: Gene1005, Gene1435, Gene1041, Gene40, Gene148 
 Topic 5: Gene148, Gene1012, Gene426, Gene40, Gene246 
......................................................................................................
Completed E-Step (14 seconds). 
Completed M-Step (0 seconds). 
calculate log likelihood 
convergence.check is 6.827092e-06 
Completing Iteration 11 (approx. per word bound = -40.894, relative change = 6.827e-06) 
......................................................................................................
Completed E-Step (13 seconds). 
Completed M-Step (0 seconds). 
calculate log likelihood 
convergence.check is 6.267798e-06 
Completing Iteration 12 (approx. per word bound = -40.894, relative change = 6.268e-06) 
......................................................................................................
Completed E-Step (13 seconds). 
Completed M-Step (0 seconds). 
calculate log likelihood 
convergence.check is 5.787346e-06 
Completing Iteration 13 (approx. per word bound = -40.894, relative change = 5.787e-06) 
......................................................................................................
Completed E-Step (13 seconds). 
Completed M-Step (0 seconds). 
calculate log likelihood 
convergence.check is 5.327685e-06 
Completing Iteration 14 (approx. per word bound = -40.894, relative change = 5.328e-06) 
......................................................................................................
Completed E-Step (13 seconds). 
Completed M-Step (0 seconds). 
calculate log likelihood 
convergence.check is 4.950392e-06 
Completing Iteration 15 (approx. per word bound = -40.893, relative change = 4.950e-06) 
Topic 1: Gene426, Gene972, Gene377, Gene1041, Gene1435 
 Topic 2: Gene509, Gene426, Gene256, Gene101, Gene1011 
 Topic 3: Gene246, Gene1210, Gene40, Gene101, Gene972 
 Topic 4: Gene1005, Gene1435, Gene1041, Gene40, Gene148 
 Topic 5: Gene148, Gene1012, Gene426, Gene40, Gene246 
......................................................................................................
Completed E-Step (12 seconds). 
Completed M-Step (0 seconds). 
calculate log likelihood 
convergence.check is 4.657952e-06 
Completing Iteration 16 (approx. per word bound = -40.893, relative change = 4.658e-06) 
......................................................................................................
Completed E-Step (12 seconds). 
Completed M-Step (0 seconds). 
calculate log likelihood 
convergence.check is 4.305071e-06 
Completing Iteration 17 (approx. per word bound = -40.893, relative change = 4.305e-06) 
......................................................................................................
Completed E-Step (12 seconds). 
Completed M-Step (0 seconds). 
calculate log likelihood 
convergence.check is 3.965864e-06 
Completing Iteration 18 (approx. per word bound = -40.893, relative change = 3.966e-06) 
......................................................................................................
Completed E-Step (12 seconds). 
Completed M-Step (0 seconds). 
calculate log likelihood 
convergence.check is 3.778987e-06 
Completing Iteration 19 (approx. per word bound = -40.893, relative change = 3.779e-06) 
......................................................................................................
Completed E-Step (12 seconds). 
Completed M-Step (0 seconds). 
calculate log likelihood 
convergence.check is 3.460414e-06 
Completing Iteration 20 (approx. per word bound = -40.893, relative change = 3.460e-06) 
Topic 1: Gene426, Gene972, Gene377, Gene1041, Gene1435 
 Topic 2: Gene509, Gene426, Gene256, Gene101, Gene1011 
 Topic 3: Gene246, Gene1210, Gene40, Gene101, Gene972 
 Topic 4: Gene1005, Gene1435, Gene1041, Gene40, Gene148 
 Topic 5: Gene148, Gene1012, Gene426, Gene40, Gene246 
......................................................................................................
Completed E-Step (12 seconds). 
Completed M-Step (0 seconds). 
calculate log likelihood 
convergence.check is 3.243816e-06 
Completing Iteration 21 (approx. per word bound = -40.892, relative change = 3.244e-06) 
......................................................................................................
Completed E-Step (12 seconds). 
Completed M-Step (0 seconds). 
calculate log likelihood 
convergence.check is 3.035527e-06 
Completing Iteration 22 (approx. per word bound = -40.892, relative change = 3.036e-06) 
......................................................................................................
Completed E-Step (11 seconds). 
Completed M-Step (0 seconds). 
calculate log likelihood 
convergence.check is 2.88774e-06 
Completing Iteration 23 (approx. per word bound = -40.892, relative change = 2.888e-06) 
......................................................................................................
Completed E-Step (11 seconds). 
Completed M-Step (0 seconds). 
calculate log likelihood 
convergence.check is 2.586714e-06 
Completing Iteration 24 (approx. per word bound = -40.892, relative change = 2.587e-06) 
......................................................................................................
Completed E-Step (11 seconds). 
Completed M-Step (0 seconds). 
calculate log likelihood 
convergence.check is 2.54112e-06 
Completing Iteration 25 (approx. per word bound = -40.892, relative change = 2.541e-06) 
Topic 1: Gene426, Gene377, Gene972, Gene1041, Gene1435 
 Topic 2: Gene509, Gene426, Gene256, Gene972, Gene101 
 Topic 3: Gene246, Gene40, Gene1210, Gene101, Gene972 
 Topic 4: Gene1005, Gene1435, Gene1041, Gene40, Gene148 
 Topic 5: Gene148, Gene1012, Gene426, Gene40, Gene246 
......................................................................................................
Completed E-Step (13 seconds). 
Completed M-Step (0 seconds). 
calculate log likelihood 
convergence.check is 2.319453e-06 
Completing Iteration 26 (approx. per word bound = -40.892, relative change = 2.319e-06) 
......................................................................................................
Completed E-Step (11 seconds). 
Completed M-Step (0 seconds). 
calculate log likelihood 
convergence.check is 2.244722e-06 
Completing Iteration 27 (approx. per word bound = -40.892, relative change = 2.245e-06) 
......................................................................................................
Completed E-Step (11 seconds). 
Completed M-Step (0 seconds). 
calculate log likelihood 
convergence.check is 2.040246e-06 
Completing Iteration 28 (approx. per word bound = -40.892, relative change = 2.040e-06) 
......................................................................................................
Completed E-Step (10 seconds). 
Completed M-Step (0 seconds). 
calculate log likelihood 
convergence.check is 1.969642e-06 
Completing Iteration 29 (approx. per word bound = -40.892, relative change = 1.970e-06) 
......................................................................................................
Completed E-Step (10 seconds). 
Completed M-Step (0 seconds). 
calculate log likelihood 
convergence.check is 1.837684e-06 
Completing Iteration 30 (approx. per word bound = -40.892, relative change = 1.838e-06) 
Topic 1: Gene426, Gene377, Gene972, Gene1041, Gene1435 
 Topic 2: Gene509, Gene426, Gene256, Gene972, Gene101 
 Topic 3: Gene246, Gene40, Gene1210, Gene101, Gene972 
 Topic 4: Gene1005, Gene1435, Gene1041, Gene40, Gene148 
 Topic 5: Gene148, Gene1012, Gene426, Gene40, Gene246 
......................................................................................................
Completed E-Step (10 seconds). 
Completed M-Step (0 seconds). 
calculate log likelihood 
convergence.check is 1.661159e-06 
Completing Iteration 31 (approx. per word bound = -40.892, relative change = 1.661e-06) 
......................................................................................................
Completed E-Step (10 seconds). 
Completed M-Step (0 seconds). 
calculate log likelihood 
convergence.check is 1.550282e-06 
Completing Iteration 32 (approx. per word bound = -40.891, relative change = 1.550e-06) 
......................................................................................................
Completed E-Step (10 seconds). 
Completed M-Step (0 seconds). 
calculate log likelihood 
convergence.check is 1.437147e-06 
Completing Iteration 33 (approx. per word bound = -40.891, relative change = 1.437e-06) 
......................................................................................................
Completed E-Step (9 seconds). 
Completed M-Step (0 seconds). 
calculate log likelihood 
convergence.check is 1.356252e-06 
Completing Iteration 34 (approx. per word bound = -40.891, relative change = 1.356e-06) 
......................................................................................................
Completed E-Step (9 seconds). 
Completed M-Step (0 seconds). 
calculate log likelihood 
convergence.check is 1.239016e-06 
Completing Iteration 35 (approx. per word bound = -40.891, relative change = 1.239e-06) 
Topic 1: Gene426, Gene377, Gene972, Gene1041, Gene1435 
 Topic 2: Gene426, Gene509, Gene256, Gene972, Gene101 
 Topic 3: Gene246, Gene40, Gene972, Gene1210, Gene101 
 Topic 4: Gene1005, Gene1435, Gene1041, Gene40, Gene148 
 Topic 5: Gene148, Gene1012, Gene426, Gene40, Gene246 
......................................................................................................
Completed E-Step (9 seconds). 
Completed M-Step (0 seconds). 
calculate log likelihood 
convergence.check is 1.159513e-06 
Completing Iteration 36 (approx. per word bound = -40.891, relative change = 1.160e-06) 
......................................................................................................
Completed E-Step (9 seconds). 
Completed M-Step (0 seconds). 
calculate log likelihood 
convergence.check is 1.073367e-06 
Completing Iteration 37 (approx. per word bound = -40.891, relative change = 1.073e-06) 
......................................................................................................
Completed E-Step (9 seconds). 
Completed M-Step (0 seconds). 
calculate log likelihood 
convergence.check is 1.007516e-06 
Completing Iteration 38 (approx. per word bound = -40.891, relative change = 1.008e-06) 
......................................................................................................
Completed E-Step (9 seconds). 
Completed M-Step (0 seconds). 
calculate log likelihood 
convergence.check is 9.278827e-07 
Model Converged 
3 select model run 
Initialization with topicScore. 
Initializing factors using Topic SCORE algorithm.
Initializing loadings by running 10 SCD updates.
......................................................................................................
Completed E-Step (18 seconds). 
Completed M-Step (0 seconds). 
calculate log likelihood 
Completing Iteration 1 (approx. per word bound = -40.903) 
......................................................................................................
Completed E-Step (17 seconds). 
Completed M-Step (0 seconds). 
calculate log likelihood 
convergence.check is 0.0001029224 
Completing Iteration 2 (approx. per word bound = -40.899, relative change = 1.029e-04) 
......................................................................................................
Completed E-Step (15 seconds). 
Completed M-Step (0 seconds). 
calculate log likelihood 
convergence.check is 2.540629e-05 
Completing Iteration 3 (approx. per word bound = -40.898, relative change = 2.541e-05) 
......................................................................................................
Completed E-Step (15 seconds). 
Completed M-Step (0 seconds). 
calculate log likelihood 
convergence.check is 1.770739e-05 
Completing Iteration 4 (approx. per word bound = -40.897, relative change = 1.771e-05) 
......................................................................................................
Completed E-Step (15 seconds). 
Completed M-Step (0 seconds). 
calculate log likelihood 
convergence.check is 1.412544e-05 
Completing Iteration 5 (approx. per word bound = -40.897, relative change = 1.413e-05) 
Topic 1: Gene426, Gene972, Gene377, Gene1435, Gene1041 
 Topic 2: Gene509, Gene426, Gene256, Gene1011, Gene101 
 Topic 3: Gene246, Gene1210, Gene101, Gene40, Gene8 
 Topic 4: Gene1005, Gene1435, Gene1041, Gene40, Gene148 
 Topic 5: Gene148, Gene1012, Gene426, Gene40, Gene246 
......................................................................................................
Completed E-Step (15 seconds). 
Completed M-Step (0 seconds). 
calculate log likelihood 
convergence.check is 1.167537e-05 
Completing Iteration 6 (approx. per word bound = -40.896, relative change = 1.168e-05) 
......................................................................................................
Completed E-Step (15 seconds). 
Completed M-Step (0 seconds). 
calculate log likelihood 
convergence.check is 1.021323e-05 
Completing Iteration 7 (approx. per word bound = -40.896, relative change = 1.021e-05) 
......................................................................................................
Completed E-Step (15 seconds). 
Completed M-Step (0 seconds). 
calculate log likelihood 
convergence.check is 9.158638e-06 
Completing Iteration 8 (approx. per word bound = -40.896, relative change = 9.159e-06) 
......................................................................................................
Completed E-Step (15 seconds). 
Completed M-Step (0 seconds). 
calculate log likelihood 
convergence.check is 8.195614e-06 
Completing Iteration 9 (approx. per word bound = -40.895, relative change = 8.196e-06) 
......................................................................................................
Completed E-Step (15 seconds). 
Completed M-Step (0 seconds). 
calculate log likelihood 
convergence.check is 7.444876e-06 
Completing Iteration 10 (approx. per word bound = -40.895, relative change = 7.445e-06) 
Topic 1: Gene426, Gene972, Gene377, Gene1435, Gene1041 
 Topic 2: Gene509, Gene426, Gene256, Gene1011, Gene101 
 Topic 3: Gene246, Gene1210, Gene40, Gene101, Gene972 
 Topic 4: Gene1005, Gene1041, Gene1435, Gene40, Gene148 
 Topic 5: Gene148, Gene1012, Gene426, Gene40, Gene246 
......................................................................................................
Completed E-Step (14 seconds). 
Completed M-Step (0 seconds). 
calculate log likelihood 
convergence.check is 6.891044e-06 
Completing Iteration 11 (approx. per word bound = -40.895, relative change = 6.891e-06) 
......................................................................................................
Completed E-Step (14 seconds). 
Completed M-Step (0 seconds). 
calculate log likelihood 
convergence.check is 6.322359e-06 
Completing Iteration 12 (approx. per word bound = -40.894, relative change = 6.322e-06) 
......................................................................................................
Completed E-Step (14 seconds). 
Completed M-Step (0 seconds). 
calculate log likelihood 
convergence.check is 5.794289e-06 
Completing Iteration 13 (approx. per word bound = -40.894, relative change = 5.794e-06) 
......................................................................................................
Completed E-Step (14 seconds). 
Completed M-Step (0 seconds). 
calculate log likelihood 
convergence.check is 5.356111e-06 
Completing Iteration 14 (approx. per word bound = -40.894, relative change = 5.356e-06) 
......................................................................................................
Completed E-Step (13 seconds). 
Completed M-Step (0 seconds). 
calculate log likelihood 
convergence.check is 4.998512e-06 
Completing Iteration 15 (approx. per word bound = -40.894, relative change = 4.999e-06) 
Topic 1: Gene426, Gene972, Gene377, Gene1435, Gene1041 
 Topic 2: Gene509, Gene426, Gene256, Gene1011, Gene101 
 Topic 3: Gene246, Gene1210, Gene40, Gene101, Gene972 
 Topic 4: Gene1005, Gene1041, Gene1435, Gene148, Gene40 
 Topic 5: Gene148, Gene1012, Gene426, Gene40, Gene246 
......................................................................................................
Completed E-Step (13 seconds). 
Completed M-Step (0 seconds). 
calculate log likelihood 
convergence.check is 4.640831e-06 
Completing Iteration 16 (approx. per word bound = -40.893, relative change = 4.641e-06) 
......................................................................................................
Completed E-Step (13 seconds). 
Completed M-Step (0 seconds). 
calculate log likelihood 
convergence.check is 4.304951e-06 
Completing Iteration 17 (approx. per word bound = -40.893, relative change = 4.305e-06) 
......................................................................................................
Completed E-Step (12 seconds). 
Completed M-Step (0 seconds). 
calculate log likelihood 
convergence.check is 3.990484e-06 
Completing Iteration 18 (approx. per word bound = -40.893, relative change = 3.990e-06) 
......................................................................................................
Completed E-Step (12 seconds). 
Completed M-Step (0 seconds). 
calculate log likelihood 
convergence.check is 3.634926e-06 
Completing Iteration 19 (approx. per word bound = -40.893, relative change = 3.635e-06) 
......................................................................................................
Completed E-Step (12 seconds). 
Completed M-Step (0 seconds). 
calculate log likelihood 
convergence.check is 3.516024e-06 
Completing Iteration 20 (approx. per word bound = -40.893, relative change = 3.516e-06) 
Topic 1: Gene426, Gene972, Gene377, Gene1041, Gene1435 
 Topic 2: Gene509, Gene426, Gene256, Gene1011, Gene101 
 Topic 3: Gene246, Gene1210, Gene40, Gene101, Gene972 
 Topic 4: Gene1005, Gene1041, Gene1435, Gene148, Gene40 
 Topic 5: Gene148, Gene1012, Gene426, Gene40, Gene246 
......................................................................................................
Completed E-Step (12 seconds). 
Completed M-Step (0 seconds). 
calculate log likelihood 
convergence.check is 3.145528e-06 
Completing Iteration 21 (approx. per word bound = -40.893, relative change = 3.146e-06) 
......................................................................................................
Completed E-Step (11 seconds). 
Completed M-Step (0 seconds). 
calculate log likelihood 
convergence.check is 2.931329e-06 
Completing Iteration 22 (approx. per word bound = -40.893, relative change = 2.931e-06) 
......................................................................................................
Completed E-Step (12 seconds). 
Completed M-Step (0 seconds). 
calculate log likelihood 
convergence.check is 2.787093e-06 
Completing Iteration 23 (approx. per word bound = -40.892, relative change = 2.787e-06) 
......................................................................................................
Completed E-Step (11 seconds). 
Completed M-Step (0 seconds). 
calculate log likelihood 
convergence.check is 2.563414e-06 
Completing Iteration 24 (approx. per word bound = -40.892, relative change = 2.563e-06) 
......................................................................................................
Completed E-Step (11 seconds). 
Completed M-Step (0 seconds). 
calculate log likelihood 
convergence.check is 2.347153e-06 
Completing Iteration 25 (approx. per word bound = -40.892, relative change = 2.347e-06) 
Topic 1: Gene426, Gene972, Gene377, Gene1041, Gene1435 
 Topic 2: Gene509, Gene426, Gene256, Gene972, Gene101 
 Topic 3: Gene246, Gene40, Gene1210, Gene101, Gene972 
 Topic 4: Gene1005, Gene1041, Gene1435, Gene148, Gene40 
 Topic 5: Gene148, Gene1012, Gene426, Gene40, Gene246 
......................................................................................................
Completed E-Step (11 seconds). 
Completed M-Step (0 seconds). 
calculate log likelihood 
convergence.check is 2.138149e-06 
Completing Iteration 26 (approx. per word bound = -40.892, relative change = 2.138e-06) 
......................................................................................................
Completed E-Step (10 seconds). 
Completed M-Step (0 seconds). 
calculate log likelihood 
convergence.check is 2.070257e-06 
Completing Iteration 27 (approx. per word bound = -40.892, relative change = 2.070e-06) 
......................................................................................................
Completed E-Step (11 seconds). 
Completed M-Step (0 seconds). 
calculate log likelihood 
convergence.check is 1.967858e-06 
Completing Iteration 28 (approx. per word bound = -40.892, relative change = 1.968e-06) 
......................................................................................................
Completed E-Step (10 seconds). 
Completed M-Step (0 seconds). 
calculate log likelihood 
convergence.check is 1.748993e-06 
Completing Iteration 29 (approx. per word bound = -40.892, relative change = 1.749e-06) 
......................................................................................................
Completed E-Step (10 seconds). 
Completed M-Step (0 seconds). 
calculate log likelihood 
convergence.check is 1.583301e-06 
Completing Iteration 30 (approx. per word bound = -40.892, relative change = 1.583e-06) 
Topic 1: Gene426, Gene377, Gene972, Gene1041, Gene1435 
 Topic 2: Gene426, Gene509, Gene256, Gene972, Gene101 
 Topic 3: Gene246, Gene40, Gene1210, Gene101, Gene972 
 Topic 4: Gene1005, Gene1041, Gene1435, Gene148, Gene40 
 Topic 5: Gene148, Gene1012, Gene426, Gene40, Gene246 
......................................................................................................
Completed E-Step (10 seconds). 
Completed M-Step (0 seconds). 
calculate log likelihood 
convergence.check is 1.551668e-06 
Completing Iteration 31 (approx. per word bound = -40.892, relative change = 1.552e-06) 
......................................................................................................
Completed E-Step (10 seconds). 
Completed M-Step (0 seconds). 
calculate log likelihood 
convergence.check is 1.389289e-06 
Completing Iteration 32 (approx. per word bound = -40.892, relative change = 1.389e-06) 
......................................................................................................
Completed E-Step (10 seconds). 
Completed M-Step (0 seconds). 
calculate log likelihood 
convergence.check is 1.300319e-06 
Completing Iteration 33 (approx. per word bound = -40.892, relative change = 1.300e-06) 
......................................................................................................
Completed E-Step (10 seconds). 
Completed M-Step (0 seconds). 
calculate log likelihood 
convergence.check is 1.148507e-06 
Completing Iteration 34 (approx. per word bound = -40.892, relative change = 1.149e-06) 
......................................................................................................
Completed E-Step (10 seconds). 
Completed M-Step (0 seconds). 
calculate log likelihood 
convergence.check is 1.144469e-06 
Completing Iteration 35 (approx. per word bound = -40.892, relative change = 1.144e-06) 
Topic 1: Gene426, Gene377, Gene972, Gene1041, Gene1435 
 Topic 2: Gene426, Gene509, Gene256, Gene972, Gene101 
 Topic 3: Gene246, Gene40, Gene1210, Gene101, Gene972 
 Topic 4: Gene1005, Gene1435, Gene1041, Gene148, Gene40 
 Topic 5: Gene148, Gene1012, Gene426, Gene40, Gene246 
......................................................................................................
Completed E-Step (9 seconds). 
Completed M-Step (0 seconds). 
calculate log likelihood 
convergence.check is 1.042606e-06 
Completing Iteration 36 (approx. per word bound = -40.892, relative change = 1.043e-06) 
......................................................................................................
Completed E-Step (9 seconds). 
Completed M-Step (0 seconds). 
calculate log likelihood 
convergence.check is 9.608918e-07 
Model Converged 
