sims_1715944943_neg_L1_c5.rds 
Found 6 batches
Using null model in ComBat-seq.
Adjusting for 0 covariate(s) or covariate level(s)
Estimating dispersions
Fitting the GLM model
Shrinkage off - using GLM estimates for parameters
Adjusting the data
Batch Effect Removed 
        R/alignCorpus.R R/asSTMCorpus.R R/checkBeta.R R/cloud.R
value   ?               ?               ?             ?        
visible FALSE           FALSE           FALSE         FALSE    
        R/CompositionChange.R R/convertCorpus.R R/estimateEffect.R
value   ?                     ?                 ?                 
visible FALSE                 FALSE             FALSE             
        R/estimateMixedEffect.R R/exclusivity.R R/findThoughts.R R/findTopic.R
value   ?                       ?               ?                ?            
visible FALSE                   FALSE           FALSE            FALSE        
        R/fitNewDocuments.R R/heldout.R R/jeffreyskappa.R R/labelTopics.R
value   ?                   ?           ?                 ?              
visible FALSE               FALSE       FALSE             FALSE          
        R/makeDesignMatrix.R R/manyTopics.R R/multiSTM.R R/optimalK.R
value   ?                    ?              ?            ?           
visible FALSE                FALSE          FALSE        FALSE       
        R/permute.R R/plot.estimateEffect.R R/plot.fixedEffect.R
value   ?           ?                       ?                   
visible FALSE       FALSE                   FALSE               
        R/plot.searchK.R R/plot.STM.R R/plotModels.R R/plotQuote.R
value   ?                ?            ?              ?            
visible FALSE            FALSE        FALSE          FALSE        
        R/plotRemoved.R R/plottingutilfns.R R/plotTopicLoess.R
value   ?               ?                   ?                 
visible FALSE           FALSE               FALSE             
        R/prepDocuments.R R/prepsce.R R/produce_cmatrix.R R/RcppExports.R
value   ?                 ?           ?                   ?              
visible FALSE             FALSE       FALSE               FALSE          
        R/readCorpus.R R/residuals.R R/s.R R/sageLabels.R R/scSTM.R
value   ?              ?             ?     ?              ?        
visible FALSE          FALSE         FALSE FALSE          FALSE    
        R/selectModel.R R/semanticCoherence.R R/simBetas.R R/spectral.R
value   ?               ?                     ?            ?           
visible FALSE           FALSE                 FALSE        FALSE       
        R/stm-package.R R/stm.control.R R/STMbound.R R/STMconvergence.R
value   NULL            ?               ?            ?                 
visible TRUE            FALSE           FALSE        FALSE             
        R/STMestep.R R/STMfunctions.R R/STMinit.R R/STMinitLikelihood.R
value   ?            ?                ?           ?                    
visible FALSE        FALSE            FALSE       FALSE                
        R/STMlncpp.R R/STMmnreg.R R/STMmu.R R/STMoptbeta.R R/STMreport.R
value   ?            ?            ?         ?              ?            
visible FALSE        FALSE        FALSE     FALSE          FALSE        
        R/STMsigma.R R/STMsigs.R R/STMsubset.R R/summary.STM.R R/tau.R
value   ?            ?           ?             ?               ?      
visible FALSE        FALSE       FALSE         FALSE           FALSE  
        R/textProcessor.R R/thetaPosterior.R R/toLDAvis.R R/topicCorr.R
value   ?                 ?                  ?            ?            
visible FALSE             FALSE              FALSE        FALSE        
        R/topicLasso.R R/topicQuality.R R/writeLdac.R R/zzz.R
value   ?              ?                ?             ?      
visible FALSE          FALSE            FALSE         FALSE  
Removing 1 of 497 genes (1 of 1384599 tokens) due to frequency 
Your Dataset now has 3587 cells, 496 genes and 1384598 tokens. 
Casting net 
1 models in net 
Initialization with topicScore. 
Initializing factors using Topic SCORE algorithm.
Initializing loadings by running 10 SCD updates.
......................................................................................................
Completed E-Step (15 seconds). 
Completed M-Step (0 seconds). 
calculate log likelihood 
Completing Iteration 1 (approx. per word bound = -64.606) 
......................................................................................................
Completed E-Step (16 seconds). 
Completed M-Step (0 seconds). 
calculate log likelihood 
convergence.check is 9.439293e-05 
Completing Iteration 2 (approx. per word bound = -64.600, relative change = 9.439e-05) 
......................................................................................................
Completed E-Step (15 seconds). 
Completed M-Step (0 seconds). 
calculate log likelihood 
convergence.check is 4.691899e-05 
Model Terminated Before Convergence Reached 
2 models in net 
Initialization with topicScore. 
Initializing factors using Topic SCORE algorithm.
Initializing loadings by running 10 SCD updates.
......................................................................................................
Completed E-Step (17 seconds). 
Completed M-Step (0 seconds). 
calculate log likelihood 
Completing Iteration 1 (approx. per word bound = -64.653) 
......................................................................................................
Completed E-Step (16 seconds). 
Completed M-Step (0 seconds). 
calculate log likelihood 
convergence.check is 0.0001095609 
Completing Iteration 2 (approx. per word bound = -64.646, relative change = 1.096e-04) 
......................................................................................................
Completed E-Step (16 seconds). 
Completed M-Step (0 seconds). 
calculate log likelihood 
convergence.check is 7.304254e-05 
Model Terminated Before Convergence Reached 
3 models in net 
Initialization with topicScore. 
Initializing factors using Topic SCORE algorithm.
Initializing loadings by running 10 SCD updates.
......................................................................................................
Completed E-Step (15 seconds). 
Completed M-Step (0 seconds). 
calculate log likelihood 
Completing Iteration 1 (approx. per word bound = -64.593) 
......................................................................................................
Completed E-Step (16 seconds). 
Completed M-Step (0 seconds). 
calculate log likelihood 
convergence.check is 3.333873e-05 
Completing Iteration 2 (approx. per word bound = -64.591, relative change = 3.334e-05) 
......................................................................................................
Completed E-Step (16 seconds). 
Completed M-Step (0 seconds). 
calculate log likelihood 
convergence.check is 2.671532e-05 
Model Terminated Before Convergence Reached 
4 models in net 
Initialization with topicScore. 
Initializing factors using Topic SCORE algorithm.
Initializing loadings by running 10 SCD updates.
......................................................................................................
Completed E-Step (17 seconds). 
Completed M-Step (0 seconds). 
calculate log likelihood 
Completing Iteration 1 (approx. per word bound = -64.601) 
......................................................................................................
Completed E-Step (16 seconds). 
Completed M-Step (0 seconds). 
calculate log likelihood 
convergence.check is 8.881039e-05 
Completing Iteration 2 (approx. per word bound = -64.595, relative change = 8.881e-05) 
......................................................................................................
Completed E-Step (15 seconds). 
Completed M-Step (0 seconds). 
calculate log likelihood 
convergence.check is 4.666894e-05 
Model Terminated Before Convergence Reached 
5 models in net 
Initialization with topicScore. 
Initializing factors using Topic SCORE algorithm.
Initializing loadings by running 10 SCD updates.
......................................................................................................
Completed E-Step (17 seconds). 
Completed M-Step (0 seconds). 
calculate log likelihood 
Completing Iteration 1 (approx. per word bound = -64.588) 
......................................................................................................
Completed E-Step (16 seconds). 
Completed M-Step (0 seconds). 
calculate log likelihood 
convergence.check is 4.162512e-05 
Completing Iteration 2 (approx. per word bound = -64.585, relative change = 4.163e-05) 
......................................................................................................
Completed E-Step (16 seconds). 
Completed M-Step (0 seconds). 
calculate log likelihood 
convergence.check is 2.811617e-05 
Model Terminated Before Convergence Reached 
6 models in net 
Initialization with topicScore. 
Initializing factors using Topic SCORE algorithm.
Initializing loadings by running 10 SCD updates.
......................................................................................................
Completed E-Step (17 seconds). 
Completed M-Step (0 seconds). 
calculate log likelihood 
Completing Iteration 1 (approx. per word bound = -64.665) 
......................................................................................................
Completed E-Step (15 seconds). 
Completed M-Step (0 seconds). 
calculate log likelihood 
convergence.check is 0.0001592257 
Completing Iteration 2 (approx. per word bound = -64.654, relative change = 1.592e-04) 
......................................................................................................
Completed E-Step (15 seconds). 
Completed M-Step (0 seconds). 
calculate log likelihood 
convergence.check is 9.698892e-05 
Model Terminated Before Convergence Reached 
7 models in net 
Initialization with topicScore. 
Initializing factors using Topic SCORE algorithm.
Initializing loadings by running 10 SCD updates.
......................................................................................................
Completed E-Step (19 seconds). 
Completed M-Step (0 seconds). 
calculate log likelihood 
Completing Iteration 1 (approx. per word bound = -64.613) 
......................................................................................................
Completed E-Step (15 seconds). 
Completed M-Step (0 seconds). 
calculate log likelihood 
convergence.check is 9.987071e-05 
Completing Iteration 2 (approx. per word bound = -64.606, relative change = 9.987e-05) 
......................................................................................................
Completed E-Step (15 seconds). 
Completed M-Step (0 seconds). 
calculate log likelihood 
convergence.check is 5.318505e-05 
Model Terminated Before Convergence Reached 
8 models in net 
Initialization with topicScore. 
Initializing factors using Topic SCORE algorithm.
Initializing loadings by running 10 SCD updates.
......................................................................................................
Completed E-Step (17 seconds). 
Completed M-Step (0 seconds). 
calculate log likelihood 
Completing Iteration 1 (approx. per word bound = -64.659) 
......................................................................................................
Completed E-Step (16 seconds). 
Completed M-Step (0 seconds). 
calculate log likelihood 
convergence.check is 0.0001234963 
Completing Iteration 2 (approx. per word bound = -64.651, relative change = 1.235e-04) 
......................................................................................................
Completed E-Step (16 seconds). 
Completed M-Step (0 seconds). 
calculate log likelihood 
convergence.check is 7.940187e-05 
Model Terminated Before Convergence Reached 
9 models in net 
Initialization with topicScore. 
Initializing factors using Topic SCORE algorithm.
Initializing loadings by running 10 SCD updates.
......................................................................................................
Completed E-Step (19 seconds). 
Completed M-Step (0 seconds). 
calculate log likelihood 
Completing Iteration 1 (approx. per word bound = -64.614) 
......................................................................................................
Completed E-Step (15 seconds). 
Completed M-Step (0 seconds). 
calculate log likelihood 
convergence.check is 0.0001049747 
Completing Iteration 2 (approx. per word bound = -64.608, relative change = 1.050e-04) 
......................................................................................................
Completed E-Step (15 seconds). 
Completed M-Step (0 seconds). 
calculate log likelihood 
convergence.check is 5.340548e-05 
Model Terminated Before Convergence Reached 
10 models in net 
Initialization with topicScore. 
Initializing factors using Topic SCORE algorithm.
Initializing loadings by running 10 SCD updates.
......................................................................................................
Completed E-Step (18 seconds). 
Completed M-Step (0 seconds). 
calculate log likelihood 
Completing Iteration 1 (approx. per word bound = -64.672) 
......................................................................................................
Completed E-Step (15 seconds). 
Completed M-Step (0 seconds). 
calculate log likelihood 
convergence.check is 0.0002203234 
Completing Iteration 2 (approx. per word bound = -64.657, relative change = 2.203e-04) 
......................................................................................................
Completed E-Step (15 seconds). 
Completed M-Step (0 seconds). 
calculate log likelihood 
convergence.check is 0.0001212522 
Model Terminated Before Convergence Reached 
11 models in net 
Beginning Spectral Initialization 
	 Calculating the gram matrix...
	 Finding anchor words...
 	.....
	 Recovering initialization...
 	....
Initialization complete.
......................................................................................................
Completed E-Step (24 seconds). 
Completed M-Step (0 seconds). 
calculate log likelihood 
Completing Iteration 1 (approx. per word bound = -64.721) 
......................................................................................................
Completed E-Step (14 seconds). 
Completed M-Step (0 seconds). 
calculate log likelihood 
convergence.check is 0.001593827 
Completing Iteration 2 (approx. per word bound = -64.618, relative change = 1.594e-03) 
......................................................................................................
Completed E-Step (13 seconds). 
Completed M-Step (0 seconds). 
calculate log likelihood 
convergence.check is 0.0003166673 
Model Terminated Before Convergence Reached 
12 models in net 
Beginning Random Initialization 
Initialization with Poisson NMF 
......................................................................................................
Completed E-Step (28 seconds). 
Completed M-Step (0 seconds). 
calculate log likelihood 
Completing Iteration 1 (approx. per word bound = -83.262) 
......................................................................................................
Completed E-Step (17 seconds). 
Completed M-Step (0 seconds). 
calculate log likelihood 
convergence.check is 0.221305 
Completing Iteration 2 (approx. per word bound = -64.836, relative change = 2.213e-01) 
......................................................................................................
Completed E-Step (14 seconds). 
Completed M-Step (0 seconds). 
calculate log likelihood 
convergence.check is 0.0005263052 
Model Terminated Before Convergence Reached 
13 models in net 
Beginning Random Initialization 
Initialization with Poisson NMF 
......................................................................................................
Completed E-Step (25 seconds). 
Completed M-Step (0 seconds). 
calculate log likelihood 
Completing Iteration 1 (approx. per word bound = -83.289) 
......................................................................................................
Completed E-Step (17 seconds). 
Completed M-Step (0 seconds). 
calculate log likelihood 
convergence.check is 0.2214378 
Completing Iteration 2 (approx. per word bound = -64.846, relative change = 2.214e-01) 
......................................................................................................
Completed E-Step (15 seconds). 
Completed M-Step (0 seconds). 
calculate log likelihood 
convergence.check is 0.0001250159 
Model Terminated Before Convergence Reached 
14 models in net 
Beginning Random Initialization 
Initialization with Poisson NMF 
......................................................................................................
Completed E-Step (25 seconds). 
Completed M-Step (0 seconds). 
calculate log likelihood 
Completing Iteration 1 (approx. per word bound = -83.611) 
......................................................................................................
Completed E-Step (17 seconds). 
Completed M-Step (0 seconds). 
calculate log likelihood 
convergence.check is 0.2245108 
Completing Iteration 2 (approx. per word bound = -64.839, relative change = 2.245e-01) 
......................................................................................................
Completed E-Step (16 seconds). 
Completed M-Step (0 seconds). 
calculate log likelihood 
convergence.check is 0.0001349219 
Model Terminated Before Convergence Reached 
15 models in net 
Beginning Random Initialization 
Initialization with Poisson NMF 
......................................................................................................
Completed E-Step (28 seconds). 
Completed M-Step (0 seconds). 
calculate log likelihood 
Completing Iteration 1 (approx. per word bound = -83.346) 
......................................................................................................
Completed E-Step (17 seconds). 
Completed M-Step (0 seconds). 
calculate log likelihood 
convergence.check is 0.2219529 
Completing Iteration 2 (approx. per word bound = -64.847, relative change = 2.220e-01) 
......................................................................................................
Completed E-Step (15 seconds). 
Completed M-Step (0 seconds). 
calculate log likelihood 
convergence.check is 0.0002464262 
Model Terminated Before Convergence Reached 
16 models in net 
Beginning Random Initialization 
Initialization with Poisson NMF 
......................................................................................................
Completed E-Step (28 seconds). 
Completed M-Step (0 seconds). 
calculate log likelihood 
Completing Iteration 1 (approx. per word bound = -83.179) 
......................................................................................................
Completed E-Step (16 seconds). 
Completed M-Step (0 seconds). 
calculate log likelihood 
convergence.check is 0.2204325 
Completing Iteration 2 (approx. per word bound = -64.844, relative change = 2.204e-01) 
......................................................................................................
Completed E-Step (16 seconds). 
Completed M-Step (0 seconds). 
calculate log likelihood 
convergence.check is 0.0004638994 
Model Terminated Before Convergence Reached 
17 models in net 
Beginning Random Initialization 
Initialization with Poisson NMF 
......................................................................................................
Completed E-Step (26 seconds). 
Completed M-Step (0 seconds). 
calculate log likelihood 
Completing Iteration 1 (approx. per word bound = -83.641) 
......................................................................................................
Completed E-Step (15 seconds). 
Completed M-Step (0 seconds). 
calculate log likelihood 
convergence.check is 0.2247037 
Completing Iteration 2 (approx. per word bound = -64.847, relative change = 2.247e-01) 
......................................................................................................
Completed E-Step (15 seconds). 
Completed M-Step (0 seconds). 
calculate log likelihood 
convergence.check is 0.0001642676 
Model Terminated Before Convergence Reached 
18 models in net 
Beginning Random Initialization 
Initialization with Poisson NMF 
......................................................................................................
Completed E-Step (26 seconds). 
Completed M-Step (0 seconds). 
calculate log likelihood 
Completing Iteration 1 (approx. per word bound = -84.134) 
......................................................................................................
Completed E-Step (18 seconds). 
Completed M-Step (0 seconds). 
calculate log likelihood 
convergence.check is 0.229272 
Completing Iteration 2 (approx. per word bound = -64.844, relative change = 2.293e-01) 
......................................................................................................
Completed E-Step (15 seconds). 
Completed M-Step (0 seconds). 
calculate log likelihood 
convergence.check is 0.0002090409 
Model Terminated Before Convergence Reached 
19 models in net 
Beginning Random Initialization 
Initialization with Poisson NMF 
......................................................................................................
Completed E-Step (34 seconds). 
Completed M-Step (0 seconds). 
calculate log likelihood 
Completing Iteration 1 (approx. per word bound = -83.219) 
......................................................................................................
Completed E-Step (18 seconds). 
Completed M-Step (0 seconds). 
calculate log likelihood 
convergence.check is 0.2208617 
Completing Iteration 2 (approx. per word bound = -64.839, relative change = 2.209e-01) 
......................................................................................................
Completed E-Step (15 seconds). 
Completed M-Step (0 seconds). 
calculate log likelihood 
convergence.check is 0.0005615948 
Model Terminated Before Convergence Reached 
20 models in net 
Beginning Random Initialization 
Initialization with Poisson NMF 
......................................................................................................
Completed E-Step (28 seconds). 
Completed M-Step (0 seconds). 
calculate log likelihood 
Completing Iteration 1 (approx. per word bound = -83.591) 
......................................................................................................
Completed E-Step (17 seconds). 
Completed M-Step (0 seconds). 
calculate log likelihood 
convergence.check is 0.2243788 
Completing Iteration 2 (approx. per word bound = -64.835, relative change = 2.244e-01) 
......................................................................................................
Completed E-Step (15 seconds). 
Completed M-Step (0 seconds). 
calculate log likelihood 
convergence.check is 0.0002056711 
Model Terminated Before Convergence Reached 
21 models in net 
Beginning Random Initialization 
Initialization with Poisson NMF 
......................................................................................................
Completed E-Step (26 seconds). 
Completed M-Step (0 seconds). 
calculate log likelihood 
Completing Iteration 1 (approx. per word bound = -83.668) 
......................................................................................................
Completed E-Step (16 seconds). 
Completed M-Step (0 seconds). 
calculate log likelihood 
convergence.check is 0.2249642 
Completing Iteration 2 (approx. per word bound = -64.846, relative change = 2.250e-01) 
......................................................................................................
Completed E-Step (16 seconds). 
Completed M-Step (0 seconds). 
calculate log likelihood 
convergence.check is 0.0001086099 
Model Terminated Before Convergence Reached 
Running select models 
1 select model run 
Initialization with topicScore. 
Initializing factors using Topic SCORE algorithm.
Initializing loadings by running 10 SCD updates.
......................................................................................................
Completed E-Step (18 seconds). 
Completed M-Step (0 seconds). 
calculate log likelihood 
Completing Iteration 1 (approx. per word bound = -64.588) 
......................................................................................................
Completed E-Step (16 seconds). 
Completed M-Step (0 seconds). 
calculate log likelihood 
convergence.check is 4.162512e-05 
Completing Iteration 2 (approx. per word bound = -64.585, relative change = 4.163e-05) 
......................................................................................................
Completed E-Step (16 seconds). 
Completed M-Step (0 seconds). 
calculate log likelihood 
convergence.check is 2.811617e-05 
Completing Iteration 3 (approx. per word bound = -64.584, relative change = 2.812e-05) 
......................................................................................................
Completed E-Step (17 seconds). 
Completed M-Step (0 seconds). 
calculate log likelihood 
convergence.check is 2.456423e-05 
Completing Iteration 4 (approx. per word bound = -64.582, relative change = 2.456e-05) 
......................................................................................................
Completed E-Step (17 seconds). 
Completed M-Step (0 seconds). 
calculate log likelihood 
convergence.check is 2.134332e-05 
Completing Iteration 5 (approx. per word bound = -64.581, relative change = 2.134e-05) 
Topic 1: Gene462, Gene199, Gene159, Gene469, Gene437 
 Topic 2: Gene469, Gene462, Gene199, Gene757, Gene289 
 Topic 3: Gene107, Gene469, Gene624, Gene462, Gene564 
 Topic 4: Gene569, Gene107, Gene847, Gene627, Gene439 
 Topic 5: Gene439, Gene599, Gene437, Gene30, Gene34 
......................................................................................................
Completed E-Step (18 seconds). 
Completed M-Step (0 seconds). 
calculate log likelihood 
convergence.check is 1.853792e-05 
Completing Iteration 6 (approx. per word bound = -64.579, relative change = 1.854e-05) 
......................................................................................................
Completed E-Step (18 seconds). 
Completed M-Step (0 seconds). 
calculate log likelihood 
convergence.check is 1.602578e-05 
Completing Iteration 7 (approx. per word bound = -64.578, relative change = 1.603e-05) 
......................................................................................................
Completed E-Step (17 seconds). 
Completed M-Step (0 seconds). 
calculate log likelihood 
convergence.check is 1.386911e-05 
Completing Iteration 8 (approx. per word bound = -64.578, relative change = 1.387e-05) 
......................................................................................................
Completed E-Step (17 seconds). 
Completed M-Step (0 seconds). 
calculate log likelihood 
convergence.check is 1.193673e-05 
Completing Iteration 9 (approx. per word bound = -64.577, relative change = 1.194e-05) 
......................................................................................................
Completed E-Step (17 seconds). 
Completed M-Step (0 seconds). 
calculate log likelihood 
convergence.check is 1.036256e-05 
Completing Iteration 10 (approx. per word bound = -64.576, relative change = 1.036e-05) 
Topic 1: Gene462, Gene199, Gene159, Gene469, Gene437 
 Topic 2: Gene469, Gene462, Gene199, Gene757, Gene624 
 Topic 3: Gene107, Gene469, Gene624, Gene462, Gene564 
 Topic 4: Gene569, Gene107, Gene847, Gene439, Gene627 
 Topic 5: Gene439, Gene599, Gene437, Gene30, Gene34 
......................................................................................................
Completed E-Step (17 seconds). 
Completed M-Step (0 seconds). 
calculate log likelihood 
convergence.check is 8.941665e-06 
Completing Iteration 11 (approx. per word bound = -64.575, relative change = 8.942e-06) 
......................................................................................................
Completed E-Step (17 seconds). 
Completed M-Step (0 seconds). 
calculate log likelihood 
convergence.check is 7.806393e-06 
Completing Iteration 12 (approx. per word bound = -64.575, relative change = 7.806e-06) 
......................................................................................................
Completed E-Step (14 seconds). 
Completed M-Step (0 seconds). 
calculate log likelihood 
convergence.check is 6.751431e-06 
Completing Iteration 13 (approx. per word bound = -64.575, relative change = 6.751e-06) 
......................................................................................................
Completed E-Step (14 seconds). 
Completed M-Step (0 seconds). 
calculate log likelihood 
convergence.check is 5.97866e-06 
Completing Iteration 14 (approx. per word bound = -64.574, relative change = 5.979e-06) 
......................................................................................................
Completed E-Step (13 seconds). 
Completed M-Step (0 seconds). 
calculate log likelihood 
convergence.check is 5.181914e-06 
Completing Iteration 15 (approx. per word bound = -64.574, relative change = 5.182e-06) 
Topic 1: Gene462, Gene199, Gene159, Gene469, Gene437 
 Topic 2: Gene469, Gene462, Gene199, Gene757, Gene624 
 Topic 3: Gene107, Gene469, Gene624, Gene462, Gene564 
 Topic 4: Gene107, Gene569, Gene847, Gene439, Gene627 
 Topic 5: Gene439, Gene599, Gene437, Gene30, Gene34 
......................................................................................................
Completed E-Step (15 seconds). 
Completed M-Step (0 seconds). 
calculate log likelihood 
convergence.check is 4.639014e-06 
Completing Iteration 16 (approx. per word bound = -64.574, relative change = 4.639e-06) 
......................................................................................................
Completed E-Step (12 seconds). 
Completed M-Step (0 seconds). 
calculate log likelihood 
convergence.check is 4.062621e-06 
Completing Iteration 17 (approx. per word bound = -64.573, relative change = 4.063e-06) 
......................................................................................................
Completed E-Step (12 seconds). 
Completed M-Step (0 seconds). 
calculate log likelihood 
convergence.check is 3.662712e-06 
Completing Iteration 18 (approx. per word bound = -64.573, relative change = 3.663e-06) 
......................................................................................................
Completed E-Step (12 seconds). 
Completed M-Step (0 seconds). 
calculate log likelihood 
convergence.check is 3.276584e-06 
Completing Iteration 19 (approx. per word bound = -64.573, relative change = 3.277e-06) 
......................................................................................................
Completed E-Step (11 seconds). 
Completed M-Step (0 seconds). 
calculate log likelihood 
convergence.check is 2.919616e-06 
Completing Iteration 20 (approx. per word bound = -64.573, relative change = 2.920e-06) 
Topic 1: Gene462, Gene199, Gene159, Gene469, Gene437 
 Topic 2: Gene469, Gene462, Gene199, Gene757, Gene624 
 Topic 3: Gene107, Gene469, Gene624, Gene564, Gene462 
 Topic 4: Gene107, Gene569, Gene847, Gene439, Gene627 
 Topic 5: Gene439, Gene437, Gene599, Gene30, Gene34 
......................................................................................................
Completed E-Step (11 seconds). 
Completed M-Step (0 seconds). 
calculate log likelihood 
convergence.check is 2.652439e-06 
Completing Iteration 21 (approx. per word bound = -64.572, relative change = 2.652e-06) 
......................................................................................................
Completed E-Step (11 seconds). 
Completed M-Step (0 seconds). 
calculate log likelihood 
convergence.check is 2.452818e-06 
Completing Iteration 22 (approx. per word bound = -64.572, relative change = 2.453e-06) 
......................................................................................................
Completed E-Step (10 seconds). 
Completed M-Step (0 seconds). 
calculate log likelihood 
convergence.check is 2.184121e-06 
Completing Iteration 23 (approx. per word bound = -64.572, relative change = 2.184e-06) 
......................................................................................................
Completed E-Step (10 seconds). 
Completed M-Step (0 seconds). 
calculate log likelihood 
convergence.check is 2.019959e-06 
Completing Iteration 24 (approx. per word bound = -64.572, relative change = 2.020e-06) 
......................................................................................................
Completed E-Step (9 seconds). 
Completed M-Step (0 seconds). 
calculate log likelihood 
convergence.check is 1.820727e-06 
Completing Iteration 25 (approx. per word bound = -64.572, relative change = 1.821e-06) 
Topic 1: Gene462, Gene199, Gene159, Gene469, Gene437 
 Topic 2: Gene469, Gene462, Gene199, Gene757, Gene624 
 Topic 3: Gene107, Gene469, Gene624, Gene564, Gene462 
 Topic 4: Gene107, Gene569, Gene847, Gene439, Gene627 
 Topic 5: Gene439, Gene437, Gene599, Gene30, Gene34 
......................................................................................................
Completed E-Step (9 seconds). 
Completed M-Step (0 seconds). 
calculate log likelihood 
convergence.check is 1.713527e-06 
Completing Iteration 26 (approx. per word bound = -64.572, relative change = 1.714e-06) 
......................................................................................................
Completed E-Step (9 seconds). 
Completed M-Step (0 seconds). 
calculate log likelihood 
convergence.check is 1.575845e-06 
Completing Iteration 27 (approx. per word bound = -64.572, relative change = 1.576e-06) 
......................................................................................................
Completed E-Step (9 seconds). 
Completed M-Step (0 seconds). 
calculate log likelihood 
convergence.check is 1.37997e-06 
Completing Iteration 28 (approx. per word bound = -64.572, relative change = 1.380e-06) 
......................................................................................................
Completed E-Step (9 seconds). 
Completed M-Step (0 seconds). 
calculate log likelihood 
convergence.check is 1.350574e-06 
Completing Iteration 29 (approx. per word bound = -64.572, relative change = 1.351e-06) 
......................................................................................................
Completed E-Step (9 seconds). 
Completed M-Step (0 seconds). 
calculate log likelihood 
convergence.check is 1.285176e-06 
Completing Iteration 30 (approx. per word bound = -64.571, relative change = 1.285e-06) 
Topic 1: Gene462, Gene199, Gene159, Gene469, Gene437 
 Topic 2: Gene469, Gene462, Gene199, Gene757, Gene107 
 Topic 3: Gene107, Gene469, Gene624, Gene564, Gene462 
 Topic 4: Gene107, Gene569, Gene847, Gene439, Gene627 
 Topic 5: Gene439, Gene437, Gene599, Gene30, Gene34 
......................................................................................................
Completed E-Step (9 seconds). 
Completed M-Step (0 seconds). 
calculate log likelihood 
convergence.check is 1.159157e-06 
Completing Iteration 31 (approx. per word bound = -64.571, relative change = 1.159e-06) 
......................................................................................................
Completed E-Step (9 seconds). 
Completed M-Step (0 seconds). 
calculate log likelihood 
convergence.check is 1.080516e-06 
Completing Iteration 32 (approx. per word bound = -64.571, relative change = 1.081e-06) 
......................................................................................................
Completed E-Step (9 seconds). 
Completed M-Step (0 seconds). 
calculate log likelihood 
convergence.check is 1.013608e-06 
Completing Iteration 33 (approx. per word bound = -64.571, relative change = 1.014e-06) 
......................................................................................................
Completed E-Step (8 seconds). 
Completed M-Step (0 seconds). 
calculate log likelihood 
convergence.check is 9.503397e-07 
Model Converged 
2 select model run 
Initialization with topicScore. 
Initializing factors using Topic SCORE algorithm.
Initializing loadings by running 10 SCD updates.
......................................................................................................
Completed E-Step (15 seconds). 
Completed M-Step (0 seconds). 
calculate log likelihood 
Completing Iteration 1 (approx. per word bound = -64.593) 
......................................................................................................
Completed E-Step (18 seconds). 
Completed M-Step (0 seconds). 
calculate log likelihood 
convergence.check is 3.333873e-05 
Completing Iteration 2 (approx. per word bound = -64.591, relative change = 3.334e-05) 
......................................................................................................
Completed E-Step (18 seconds). 
Completed M-Step (0 seconds). 
calculate log likelihood 
convergence.check is 2.671532e-05 
Completing Iteration 3 (approx. per word bound = -64.589, relative change = 2.672e-05) 
......................................................................................................
Completed E-Step (18 seconds). 
Completed M-Step (0 seconds). 
calculate log likelihood 
convergence.check is 2.398491e-05 
Completing Iteration 4 (approx. per word bound = -64.587, relative change = 2.398e-05) 
......................................................................................................
Completed E-Step (17 seconds). 
Completed M-Step (0 seconds). 
calculate log likelihood 
convergence.check is 2.165616e-05 
Completing Iteration 5 (approx. per word bound = -64.586, relative change = 2.166e-05) 
Topic 1: Gene469, Gene757, Gene462, Gene199, Gene289 
 Topic 2: Gene462, Gene199, Gene159, Gene469, Gene437 
 Topic 3: Gene107, Gene469, Gene624, Gene462, Gene564 
 Topic 4: Gene107, Gene569, Gene847, Gene627, Gene624 
 Topic 5: Gene439, Gene437, Gene599, Gene30, Gene455 
......................................................................................................
Completed E-Step (17 seconds). 
Completed M-Step (0 seconds). 
calculate log likelihood 
convergence.check is 1.951809e-05 
Completing Iteration 6 (approx. per word bound = -64.585, relative change = 1.952e-05) 
......................................................................................................
Completed E-Step (17 seconds). 
Completed M-Step (0 seconds). 
calculate log likelihood 
convergence.check is 1.756597e-05 
Completing Iteration 7 (approx. per word bound = -64.583, relative change = 1.757e-05) 
......................................................................................................
Completed E-Step (17 seconds). 
Completed M-Step (0 seconds). 
calculate log likelihood 
convergence.check is 1.579156e-05 
Completing Iteration 8 (approx. per word bound = -64.582, relative change = 1.579e-05) 
......................................................................................................
Completed E-Step (17 seconds). 
Completed M-Step (0 seconds). 
calculate log likelihood 
convergence.check is 1.416651e-05 
Completing Iteration 9 (approx. per word bound = -64.582, relative change = 1.417e-05) 
......................................................................................................
Completed E-Step (16 seconds). 
Completed M-Step (0 seconds). 
calculate log likelihood 
convergence.check is 1.273712e-05 
Completing Iteration 10 (approx. per word bound = -64.581, relative change = 1.274e-05) 
Topic 1: Gene469, Gene462, Gene757, Gene199, Gene289 
 Topic 2: Gene462, Gene199, Gene159, Gene469, Gene437 
 Topic 3: Gene107, Gene469, Gene624, Gene462, Gene564 
 Topic 4: Gene107, Gene569, Gene847, Gene627, Gene624 
 Topic 5: Gene439, Gene599, Gene437, Gene30, Gene455 
......................................................................................................
Completed E-Step (16 seconds). 
Completed M-Step (0 seconds). 
calculate log likelihood 
convergence.check is 1.141128e-05 
Completing Iteration 11 (approx. per word bound = -64.580, relative change = 1.141e-05) 
......................................................................................................
Completed E-Step (16 seconds). 
Completed M-Step (0 seconds). 
calculate log likelihood 
convergence.check is 1.020789e-05 
Completing Iteration 12 (approx. per word bound = -64.579, relative change = 1.021e-05) 
......................................................................................................
Completed E-Step (15 seconds). 
Completed M-Step (0 seconds). 
calculate log likelihood 
convergence.check is 9.216327e-06 
Completing Iteration 13 (approx. per word bound = -64.579, relative change = 9.216e-06) 
......................................................................................................
Completed E-Step (17 seconds). 
Completed M-Step (0 seconds). 
calculate log likelihood 
convergence.check is 8.210172e-06 
Completing Iteration 14 (approx. per word bound = -64.578, relative change = 8.210e-06) 
......................................................................................................
Completed E-Step (14 seconds). 
Completed M-Step (0 seconds). 
calculate log likelihood 
convergence.check is 7.470333e-06 
Completing Iteration 15 (approx. per word bound = -64.578, relative change = 7.470e-06) 
Topic 1: Gene469, Gene462, Gene199, Gene757, Gene289 
 Topic 2: Gene462, Gene199, Gene159, Gene469, Gene437 
 Topic 3: Gene107, Gene469, Gene624, Gene462, Gene564 
 Topic 4: Gene107, Gene569, Gene847, Gene627, Gene624 
 Topic 5: Gene439, Gene599, Gene437, Gene30, Gene455 
......................................................................................................
Completed E-Step (13 seconds). 
Completed M-Step (0 seconds). 
calculate log likelihood 
convergence.check is 6.637719e-06 
Completing Iteration 16 (approx. per word bound = -64.577, relative change = 6.638e-06) 
......................................................................................................
Completed E-Step (13 seconds). 
Completed M-Step (0 seconds). 
calculate log likelihood 
convergence.check is 6.030629e-06 
Completing Iteration 17 (approx. per word bound = -64.577, relative change = 6.031e-06) 
......................................................................................................
Completed E-Step (13 seconds). 
Completed M-Step (0 seconds). 
calculate log likelihood 
convergence.check is 5.422746e-06 
Completing Iteration 18 (approx. per word bound = -64.577, relative change = 5.423e-06) 
......................................................................................................
Completed E-Step (12 seconds). 
Completed M-Step (0 seconds). 
calculate log likelihood 
convergence.check is 4.918344e-06 
Completing Iteration 19 (approx. per word bound = -64.576, relative change = 4.918e-06) 
......................................................................................................
Completed E-Step (12 seconds). 
Completed M-Step (0 seconds). 
calculate log likelihood 
convergence.check is 4.418365e-06 
Completing Iteration 20 (approx. per word bound = -64.576, relative change = 4.418e-06) 
Topic 1: Gene469, Gene462, Gene199, Gene757, Gene624 
 Topic 2: Gene462, Gene199, Gene159, Gene469, Gene437 
 Topic 3: Gene107, Gene469, Gene624, Gene462, Gene564 
 Topic 4: Gene107, Gene569, Gene847, Gene627, Gene624 
 Topic 5: Gene439, Gene599, Gene437, Gene30, Gene455 
......................................................................................................
Completed E-Step (12 seconds). 
Completed M-Step (0 seconds). 
calculate log likelihood 
convergence.check is 4.031245e-06 
Completing Iteration 21 (approx. per word bound = -64.576, relative change = 4.031e-06) 
......................................................................................................
Completed E-Step (11 seconds). 
Completed M-Step (0 seconds). 
calculate log likelihood 
convergence.check is 3.649401e-06 
Completing Iteration 22 (approx. per word bound = -64.575, relative change = 3.649e-06) 
......................................................................................................
Completed E-Step (11 seconds). 
Completed M-Step (0 seconds). 
calculate log likelihood 
convergence.check is 3.382847e-06 
Completing Iteration 23 (approx. per word bound = -64.575, relative change = 3.383e-06) 
......................................................................................................
Completed E-Step (11 seconds). 
Completed M-Step (0 seconds). 
calculate log likelihood 
convergence.check is 2.985614e-06 
Completing Iteration 24 (approx. per word bound = -64.575, relative change = 2.986e-06) 
......................................................................................................
Completed E-Step (11 seconds). 
Completed M-Step (0 seconds). 
calculate log likelihood 
convergence.check is 2.812981e-06 
Completing Iteration 25 (approx. per word bound = -64.575, relative change = 2.813e-06) 
Topic 1: Gene469, Gene462, Gene199, Gene757, Gene624 
 Topic 2: Gene462, Gene199, Gene159, Gene469, Gene437 
 Topic 3: Gene107, Gene469, Gene624, Gene462, Gene564 
 Topic 4: Gene107, Gene569, Gene847, Gene627, Gene624 
 Topic 5: Gene439, Gene599, Gene437, Gene30, Gene455 
......................................................................................................
Completed E-Step (10 seconds). 
Completed M-Step (0 seconds). 
calculate log likelihood 
convergence.check is 2.571723e-06 
Completing Iteration 26 (approx. per word bound = -64.575, relative change = 2.572e-06) 
......................................................................................................
Completed E-Step (10 seconds). 
Completed M-Step (0 seconds). 
calculate log likelihood 
convergence.check is 2.391434e-06 
Completing Iteration 27 (approx. per word bound = -64.575, relative change = 2.391e-06) 
......................................................................................................
Completed E-Step (11 seconds). 
Completed M-Step (0 seconds). 
calculate log likelihood 
convergence.check is 2.221276e-06 
Completing Iteration 28 (approx. per word bound = -64.574, relative change = 2.221e-06) 
......................................................................................................
Completed E-Step (10 seconds). 
Completed M-Step (0 seconds). 
calculate log likelihood 
convergence.check is 2.048216e-06 
Completing Iteration 29 (approx. per word bound = -64.574, relative change = 2.048e-06) 
......................................................................................................
Completed E-Step (10 seconds). 
Completed M-Step (0 seconds). 
calculate log likelihood 
convergence.check is 1.932251e-06 
Completing Iteration 30 (approx. per word bound = -64.574, relative change = 1.932e-06) 
Topic 1: Gene469, Gene462, Gene199, Gene757, Gene624 
 Topic 2: Gene462, Gene199, Gene159, Gene469, Gene437 
 Topic 3: Gene107, Gene469, Gene624, Gene462, Gene564 
 Topic 4: Gene107, Gene569, Gene847, Gene627, Gene624 
 Topic 5: Gene439, Gene599, Gene437, Gene30, Gene455 
......................................................................................................
Completed E-Step (10 seconds). 
Completed M-Step (0 seconds). 
calculate log likelihood 
convergence.check is 1.795073e-06 
Completing Iteration 31 (approx. per word bound = -64.574, relative change = 1.795e-06) 
......................................................................................................
Completed E-Step (10 seconds). 
Completed M-Step (0 seconds). 
calculate log likelihood 
convergence.check is 1.701272e-06 
Completing Iteration 32 (approx. per word bound = -64.574, relative change = 1.701e-06) 
......................................................................................................
Completed E-Step (10 seconds). 
Completed M-Step (0 seconds). 
calculate log likelihood 
convergence.check is 1.598921e-06 
Completing Iteration 33 (approx. per word bound = -64.574, relative change = 1.599e-06) 
......................................................................................................
Completed E-Step (9 seconds). 
Completed M-Step (0 seconds). 
calculate log likelihood 
convergence.check is 1.449259e-06 
Completing Iteration 34 (approx. per word bound = -64.574, relative change = 1.449e-06) 
......................................................................................................
Completed E-Step (9 seconds). 
Completed M-Step (0 seconds). 
calculate log likelihood 
convergence.check is 1.424719e-06 
Completing Iteration 35 (approx. per word bound = -64.574, relative change = 1.425e-06) 
Topic 1: Gene469, Gene462, Gene199, Gene757, Gene107 
 Topic 2: Gene462, Gene199, Gene159, Gene469, Gene437 
 Topic 3: Gene107, Gene469, Gene624, Gene462, Gene564 
 Topic 4: Gene107, Gene569, Gene847, Gene627, Gene624 
 Topic 5: Gene439, Gene599, Gene437, Gene30, Gene455 
......................................................................................................
Completed E-Step (9 seconds). 
Completed M-Step (0 seconds). 
calculate log likelihood 
convergence.check is 1.317988e-06 
Completing Iteration 36 (approx. per word bound = -64.574, relative change = 1.318e-06) 
......................................................................................................
Completed E-Step (9 seconds). 
Completed M-Step (0 seconds). 
calculate log likelihood 
convergence.check is 1.219645e-06 
Completing Iteration 37 (approx. per word bound = -64.573, relative change = 1.220e-06) 
......................................................................................................
Completed E-Step (9 seconds). 
Completed M-Step (0 seconds). 
calculate log likelihood 
convergence.check is 1.200403e-06 
Completing Iteration 38 (approx. per word bound = -64.573, relative change = 1.200e-06) 
......................................................................................................
Completed E-Step (9 seconds). 
Completed M-Step (0 seconds). 
calculate log likelihood 
convergence.check is 1.13209e-06 
Completing Iteration 39 (approx. per word bound = -64.573, relative change = 1.132e-06) 
......................................................................................................
Completed E-Step (9 seconds). 
Completed M-Step (0 seconds). 
calculate log likelihood 
convergence.check is 1.093266e-06 
Completing Iteration 40 (approx. per word bound = -64.573, relative change = 1.093e-06) 
Topic 1: Gene469, Gene462, Gene199, Gene757, Gene107 
 Topic 2: Gene462, Gene199, Gene159, Gene469, Gene437 
 Topic 3: Gene107, Gene469, Gene624, Gene462, Gene564 
 Topic 4: Gene107, Gene569, Gene847, Gene627, Gene439 
 Topic 5: Gene439, Gene599, Gene437, Gene30, Gene455 
......................................................................................................
Completed E-Step (8 seconds). 
Completed M-Step (0 seconds). 
calculate log likelihood 
convergence.check is 1.037653e-06 
Completing Iteration 41 (approx. per word bound = -64.573, relative change = 1.038e-06) 
......................................................................................................
Completed E-Step (8 seconds). 
Completed M-Step (0 seconds). 
calculate log likelihood 
convergence.check is 9.806465e-07 
Model Converged 
3 select model run 
Initialization with topicScore. 
Initializing factors using Topic SCORE algorithm.
Initializing loadings by running 10 SCD updates.
......................................................................................................
Completed E-Step (20 seconds). 
Completed M-Step (0 seconds). 
calculate log likelihood 
Completing Iteration 1 (approx. per word bound = -64.601) 
......................................................................................................
Completed E-Step (17 seconds). 
Completed M-Step (0 seconds). 
calculate log likelihood 
convergence.check is 8.881039e-05 
Completing Iteration 2 (approx. per word bound = -64.595, relative change = 8.881e-05) 
......................................................................................................
Completed E-Step (17 seconds). 
Completed M-Step (0 seconds). 
calculate log likelihood 
convergence.check is 4.666894e-05 
Completing Iteration 3 (approx. per word bound = -64.592, relative change = 4.667e-05) 
......................................................................................................
Completed E-Step (17 seconds). 
Completed M-Step (0 seconds). 
calculate log likelihood 
convergence.check is 3.486908e-05 
Completing Iteration 4 (approx. per word bound = -64.590, relative change = 3.487e-05) 
......................................................................................................
Completed E-Step (17 seconds). 
Completed M-Step (0 seconds). 
calculate log likelihood 
convergence.check is 2.829121e-05 
Completing Iteration 5 (approx. per word bound = -64.588, relative change = 2.829e-05) 
Topic 1: Gene469, Gene462, Gene199, Gene757, Gene624 
 Topic 2: Gene462, Gene199, Gene159, Gene437, Gene469 
 Topic 3: Gene439, Gene437, Gene599, Gene30, Gene34 
 Topic 4: Gene569, Gene439, Gene847, Gene627, Gene437 
 Topic 5: Gene107, Gene469, Gene624, Gene462, Gene199 
......................................................................................................
Completed E-Step (17 seconds). 
Completed M-Step (0 seconds). 
calculate log likelihood 
convergence.check is 2.402037e-05 
Completing Iteration 6 (approx. per word bound = -64.587, relative change = 2.402e-05) 
......................................................................................................
Completed E-Step (18 seconds). 
Completed M-Step (0 seconds). 
calculate log likelihood 
convergence.check is 2.063613e-05 
Completing Iteration 7 (approx. per word bound = -64.585, relative change = 2.064e-05) 
......................................................................................................
Completed E-Step (18 seconds). 
Completed M-Step (0 seconds). 
calculate log likelihood 
convergence.check is 1.79973e-05 
Completing Iteration 8 (approx. per word bound = -64.584, relative change = 1.800e-05) 
......................................................................................................
Completed E-Step (18 seconds). 
Completed M-Step (0 seconds). 
calculate log likelihood 
convergence.check is 1.569775e-05 
Completing Iteration 9 (approx. per word bound = -64.583, relative change = 1.570e-05) 
......................................................................................................
Completed E-Step (18 seconds). 
Completed M-Step (0 seconds). 
calculate log likelihood 
convergence.check is 1.364104e-05 
Completing Iteration 10 (approx. per word bound = -64.582, relative change = 1.364e-05) 
Topic 1: Gene469, Gene462, Gene199, Gene757, Gene624 
 Topic 2: Gene462, Gene199, Gene159, Gene437, Gene469 
 Topic 3: Gene439, Gene437, Gene599, Gene30, Gene34 
 Topic 4: Gene569, Gene439, Gene847, Gene627, Gene437 
 Topic 5: Gene107, Gene469, Gene624, Gene462, Gene199 
......................................................................................................
Completed E-Step (18 seconds). 
Completed M-Step (0 seconds). 
calculate log likelihood 
convergence.check is 1.199398e-05 
Completing Iteration 11 (approx. per word bound = -64.582, relative change = 1.199e-05) 
......................................................................................................
Completed E-Step (17 seconds). 
Completed M-Step (0 seconds). 
calculate log likelihood 
convergence.check is 1.048686e-05 
Completing Iteration 12 (approx. per word bound = -64.581, relative change = 1.049e-05) 
......................................................................................................
Completed E-Step (19 seconds). 
Completed M-Step (0 seconds). 
calculate log likelihood 
convergence.check is 9.310897e-06 
Completing Iteration 13 (approx. per word bound = -64.580, relative change = 9.311e-06) 
......................................................................................................
Completed E-Step (16 seconds). 
Completed M-Step (0 seconds). 
calculate log likelihood 
convergence.check is 8.23459e-06 
Completing Iteration 14 (approx. per word bound = -64.580, relative change = 8.235e-06) 
......................................................................................................
Completed E-Step (15 seconds). 
Completed M-Step (0 seconds). 
calculate log likelihood 
convergence.check is 7.254247e-06 
Completing Iteration 15 (approx. per word bound = -64.579, relative change = 7.254e-06) 
Topic 1: Gene469, Gene462, Gene199, Gene757, Gene624 
 Topic 2: Gene462, Gene199, Gene159, Gene437, Gene469 
 Topic 3: Gene439, Gene437, Gene599, Gene30, Gene34 
 Topic 4: Gene569, Gene439, Gene847, Gene627, Gene107 
 Topic 5: Gene107, Gene469, Gene624, Gene462, Gene199 
......................................................................................................
Completed E-Step (15 seconds). 
Completed M-Step (0 seconds). 
calculate log likelihood 
convergence.check is 6.486372e-06 
Completing Iteration 16 (approx. per word bound = -64.579, relative change = 6.486e-06) 
......................................................................................................
Completed E-Step (15 seconds). 
Completed M-Step (0 seconds). 
calculate log likelihood 
convergence.check is 5.808845e-06 
Completing Iteration 17 (approx. per word bound = -64.579, relative change = 5.809e-06) 
......................................................................................................
Completed E-Step (15 seconds). 
Completed M-Step (0 seconds). 
calculate log likelihood 
convergence.check is 5.314478e-06 
Completing Iteration 18 (approx. per word bound = -64.578, relative change = 5.314e-06) 
......................................................................................................
Completed E-Step (14 seconds). 
Completed M-Step (0 seconds). 
calculate log likelihood 
convergence.check is 4.740473e-06 
Completing Iteration 19 (approx. per word bound = -64.578, relative change = 4.740e-06) 
......................................................................................................
Completed E-Step (14 seconds). 
Completed M-Step (0 seconds). 
calculate log likelihood 
convergence.check is 4.382764e-06 
Completing Iteration 20 (approx. per word bound = -64.578, relative change = 4.383e-06) 
Topic 1: Gene469, Gene462, Gene199, Gene757, Gene107 
 Topic 2: Gene462, Gene199, Gene159, Gene437, Gene469 
 Topic 3: Gene439, Gene437, Gene599, Gene30, Gene34 
 Topic 4: Gene569, Gene439, Gene847, Gene107, Gene627 
 Topic 5: Gene107, Gene469, Gene624, Gene462, Gene199 
......................................................................................................
Completed E-Step (13 seconds). 
Completed M-Step (0 seconds). 
calculate log likelihood 
convergence.check is 3.971125e-06 
Completing Iteration 21 (approx. per word bound = -64.577, relative change = 3.971e-06) 
......................................................................................................
Completed E-Step (13 seconds). 
Completed M-Step (0 seconds). 
calculate log likelihood 
convergence.check is 3.621673e-06 
Completing Iteration 22 (approx. per word bound = -64.577, relative change = 3.622e-06) 
......................................................................................................
Completed E-Step (13 seconds). 
Completed M-Step (0 seconds). 
calculate log likelihood 
convergence.check is 3.337189e-06 
Completing Iteration 23 (approx. per word bound = -64.577, relative change = 3.337e-06) 
......................................................................................................
Completed E-Step (13 seconds). 
Completed M-Step (0 seconds). 
calculate log likelihood 
convergence.check is 3.120699e-06 
Completing Iteration 24 (approx. per word bound = -64.577, relative change = 3.121e-06) 
......................................................................................................
Completed E-Step (12 seconds). 
Completed M-Step (0 seconds). 
calculate log likelihood 
convergence.check is 2.88464e-06 
Completing Iteration 25 (approx. per word bound = -64.577, relative change = 2.885e-06) 
Topic 1: Gene469, Gene462, Gene199, Gene107, Gene757 
 Topic 2: Gene462, Gene199, Gene159, Gene437, Gene469 
 Topic 3: Gene439, Gene437, Gene599, Gene30, Gene34 
 Topic 4: Gene569, Gene439, Gene847, Gene107, Gene627 
 Topic 5: Gene107, Gene469, Gene624, Gene462, Gene199 
......................................................................................................
Completed E-Step (12 seconds). 
Completed M-Step (0 seconds). 
calculate log likelihood 
convergence.check is 2.752733e-06 
Completing Iteration 26 (approx. per word bound = -64.576, relative change = 2.753e-06) 
......................................................................................................
Completed E-Step (12 seconds). 
Completed M-Step (0 seconds). 
calculate log likelihood 
convergence.check is 2.571104e-06 
Completing Iteration 27 (approx. per word bound = -64.576, relative change = 2.571e-06) 
......................................................................................................
Completed E-Step (12 seconds). 
Completed M-Step (0 seconds). 
calculate log likelihood 
convergence.check is 2.427301e-06 
Completing Iteration 28 (approx. per word bound = -64.576, relative change = 2.427e-06) 
......................................................................................................
Completed E-Step (12 seconds). 
Completed M-Step (0 seconds). 
calculate log likelihood 
convergence.check is 2.251563e-06 
Completing Iteration 29 (approx. per word bound = -64.576, relative change = 2.252e-06) 
......................................................................................................
Completed E-Step (12 seconds). 
Completed M-Step (0 seconds). 
calculate log likelihood 
convergence.check is 2.089801e-06 
Completing Iteration 30 (approx. per word bound = -64.576, relative change = 2.090e-06) 
Topic 1: Gene469, Gene462, Gene199, Gene107, Gene757 
 Topic 2: Gene462, Gene199, Gene159, Gene437, Gene469 
 Topic 3: Gene439, Gene437, Gene599, Gene30, Gene34 
 Topic 4: Gene569, Gene439, Gene107, Gene847, Gene627 
 Topic 5: Gene107, Gene469, Gene624, Gene462, Gene199 
......................................................................................................
Completed E-Step (11 seconds). 
Completed M-Step (0 seconds). 
calculate log likelihood 
convergence.check is 2.032225e-06 
Completing Iteration 31 (approx. per word bound = -64.576, relative change = 2.032e-06) 
......................................................................................................
Completed E-Step (12 seconds). 
Completed M-Step (0 seconds). 
calculate log likelihood 
convergence.check is 1.977519e-06 
Completing Iteration 32 (approx. per word bound = -64.575, relative change = 1.978e-06) 
......................................................................................................
Completed E-Step (12 seconds). 
Completed M-Step (0 seconds). 
calculate log likelihood 
convergence.check is 1.857935e-06 
Completing Iteration 33 (approx. per word bound = -64.575, relative change = 1.858e-06) 
......................................................................................................
Completed E-Step (13 seconds). 
Completed M-Step (0 seconds). 
calculate log likelihood 
convergence.check is 1.752982e-06 
Completing Iteration 34 (approx. per word bound = -64.575, relative change = 1.753e-06) 
......................................................................................................
Completed E-Step (12 seconds). 
Completed M-Step (0 seconds). 
calculate log likelihood 
convergence.check is 1.854163e-06 
Completing Iteration 35 (approx. per word bound = -64.575, relative change = 1.854e-06) 
Topic 1: Gene469, Gene462, Gene199, Gene107, Gene757 
 Topic 2: Gene462, Gene199, Gene159, Gene437, Gene469 
 Topic 3: Gene439, Gene437, Gene599, Gene30, Gene34 
 Topic 4: Gene569, Gene439, Gene107, Gene847, Gene627 
 Topic 5: Gene107, Gene469, Gene624, Gene462, Gene199 
......................................................................................................
Completed E-Step (13 seconds). 
Completed M-Step (0 seconds). 
calculate log likelihood 
convergence.check is 1.708982e-06 
Completing Iteration 36 (approx. per word bound = -64.575, relative change = 1.709e-06) 
......................................................................................................
Completed E-Step (12 seconds). 
Completed M-Step (0 seconds). 
calculate log likelihood 
convergence.check is 1.585804e-06 
Completing Iteration 37 (approx. per word bound = -64.575, relative change = 1.586e-06) 
......................................................................................................
Completed E-Step (12 seconds). 
Completed M-Step (0 seconds). 
calculate log likelihood 
convergence.check is 1.630634e-06 
Completing Iteration 38 (approx. per word bound = -64.575, relative change = 1.631e-06) 
......................................................................................................
Completed E-Step (12 seconds). 
Completed M-Step (0 seconds). 
calculate log likelihood 
convergence.check is 1.505841e-06 
Completing Iteration 39 (approx. per word bound = -64.575, relative change = 1.506e-06) 
......................................................................................................
Completed E-Step (12 seconds). 
Completed M-Step (0 seconds). 
calculate log likelihood 
convergence.check is 1.418581e-06 
Completing Iteration 40 (approx. per word bound = -64.575, relative change = 1.419e-06) 
Topic 1: Gene469, Gene462, Gene199, Gene107, Gene624 
 Topic 2: Gene462, Gene199, Gene159, Gene437, Gene469 
 Topic 3: Gene439, Gene437, Gene599, Gene30, Gene34 
 Topic 4: Gene569, Gene439, Gene107, Gene847, Gene627 
 Topic 5: Gene107, Gene469, Gene624, Gene462, Gene199 
......................................................................................................
Completed E-Step (12 seconds). 
Completed M-Step (0 seconds). 
calculate log likelihood 
convergence.check is 1.367422e-06 
Completing Iteration 41 (approx. per word bound = -64.575, relative change = 1.367e-06) 
......................................................................................................
Completed E-Step (12 seconds). 
Completed M-Step (0 seconds). 
calculate log likelihood 
convergence.check is 1.322286e-06 
Completing Iteration 42 (approx. per word bound = -64.574, relative change = 1.322e-06) 
......................................................................................................
Completed E-Step (12 seconds). 
Completed M-Step (0 seconds). 
calculate log likelihood 
convergence.check is 1.286299e-06 
Completing Iteration 43 (approx. per word bound = -64.574, relative change = 1.286e-06) 
......................................................................................................
Completed E-Step (11 seconds). 
Completed M-Step (0 seconds). 
calculate log likelihood 
convergence.check is 1.248639e-06 
Completing Iteration 44 (approx. per word bound = -64.574, relative change = 1.249e-06) 
......................................................................................................
Completed E-Step (10 seconds). 
Completed M-Step (0 seconds). 
calculate log likelihood 
convergence.check is 1.210012e-06 
Completing Iteration 45 (approx. per word bound = -64.574, relative change = 1.210e-06) 
Topic 1: Gene469, Gene462, Gene199, Gene107, Gene624 
 Topic 2: Gene462, Gene199, Gene159, Gene437, Gene469 
 Topic 3: Gene439, Gene437, Gene599, Gene30, Gene34 
 Topic 4: Gene569, Gene107, Gene439, Gene847, Gene627 
 Topic 5: Gene107, Gene469, Gene624, Gene462, Gene199 
......................................................................................................
Completed E-Step (10 seconds). 
Completed M-Step (0 seconds). 
calculate log likelihood 
convergence.check is 1.219461e-06 
Completing Iteration 46 (approx. per word bound = -64.574, relative change = 1.219e-06) 
......................................................................................................
Completed E-Step (10 seconds). 
Completed M-Step (0 seconds). 
calculate log likelihood 
convergence.check is 1.15443e-06 
Completing Iteration 47 (approx. per word bound = -64.574, relative change = 1.154e-06) 
......................................................................................................
Completed E-Step (10 seconds). 
Completed M-Step (0 seconds). 
calculate log likelihood 
convergence.check is 1.155706e-06 
Completing Iteration 48 (approx. per word bound = -64.574, relative change = 1.156e-06) 
......................................................................................................
Completed E-Step (10 seconds). 
Completed M-Step (0 seconds). 
calculate log likelihood 
convergence.check is 1.118159e-06 
Completing Iteration 49 (approx. per word bound = -64.574, relative change = 1.118e-06) 
......................................................................................................
Completed E-Step (10 seconds). 
Completed M-Step (0 seconds). 
calculate log likelihood 
convergence.check is 1.06789e-06 
Completing Iteration 50 (approx. per word bound = -64.574, relative change = 1.068e-06) 
Topic 1: Gene469, Gene462, Gene199, Gene107, Gene624 
 Topic 2: Gene462, Gene199, Gene159, Gene437, Gene469 
 Topic 3: Gene439, Gene437, Gene599, Gene30, Gene34 
 Topic 4: Gene569, Gene107, Gene439, Gene847, Gene627 
 Topic 5: Gene107, Gene469, Gene624, Gene462, Gene199 
......................................................................................................
Completed E-Step (9 seconds). 
Completed M-Step (0 seconds). 
calculate log likelihood 
convergence.check is 1.059408e-06 
Completing Iteration 51 (approx. per word bound = -64.574, relative change = 1.059e-06) 
......................................................................................................
Completed E-Step (9 seconds). 
Completed M-Step (0 seconds). 
calculate log likelihood 
convergence.check is 9.900692e-07 
Model Converged 
