sims_1715965995_neg_L1_c5.rds 
Found 6 batches
Using null model in ComBat-seq.
Adjusting for 0 covariate(s) or covariate level(s)
Estimating dispersions
Fitting the GLM model
Shrinkage off - using GLM estimates for parameters
Adjusting the data
Batch Effect Removed 
        R/alignCorpus.R R/asSTMCorpus.R R/checkBeta.R R/cloud.R
value   ?               ?               ?             ?        
visible FALSE           FALSE           FALSE         FALSE    
        R/CompositionChange.R R/convertCorpus.R R/estimateEffect.R
value   ?                     ?                 ?                 
visible FALSE                 FALSE             FALSE             
        R/estimateMixedEffect.R R/exclusivity.R R/findThoughts.R R/findTopic.R
value   ?                       ?               ?                ?            
visible FALSE                   FALSE           FALSE            FALSE        
        R/fitNewDocuments.R R/heldout.R R/jeffreyskappa.R R/labelTopics.R
value   ?                   ?           ?                 ?              
visible FALSE               FALSE       FALSE             FALSE          
        R/makeDesignMatrix.R R/manyTopics.R R/multiSTM.R R/optimalK.R
value   ?                    ?              ?            ?           
visible FALSE                FALSE          FALSE        FALSE       
        R/permute.R R/plot.estimateEffect.R R/plot.fixedEffect.R
value   ?           ?                       ?                   
visible FALSE       FALSE                   FALSE               
        R/plot.searchK.R R/plot.STM.R R/plotModels.R R/plotQuote.R
value   ?                ?            ?              ?            
visible FALSE            FALSE        FALSE          FALSE        
        R/plotRemoved.R R/plottingutilfns.R R/plotTopicLoess.R
value   ?               ?                   ?                 
visible FALSE           FALSE               FALSE             
        R/prepDocuments.R R/prepsce.R R/produce_cmatrix.R R/RcppExports.R
value   ?                 ?           ?                   ?              
visible FALSE             FALSE       FALSE               FALSE          
        R/readCorpus.R R/residuals.R R/s.R R/sageLabels.R R/scSTM.R
value   ?              ?             ?     ?              ?        
visible FALSE          FALSE         FALSE FALSE          FALSE    
        R/selectModel.R R/semanticCoherence.R R/simBetas.R R/spectral.R
value   ?               ?                     ?            ?           
visible FALSE           FALSE                 FALSE        FALSE       
        R/stm-package.R R/stm.control.R R/STMbound.R R/STMconvergence.R
value   NULL            ?               ?            ?                 
visible TRUE            FALSE           FALSE        FALSE             
        R/STMestep.R R/STMfunctions.R R/STMinit.R R/STMinitLikelihood.R
value   ?            ?                ?           ?                    
visible FALSE        FALSE            FALSE       FALSE                
        R/STMlncpp.R R/STMmnreg.R R/STMmu.R R/STMoptbeta.R R/STMreport.R
value   ?            ?            ?         ?              ?            
visible FALSE        FALSE        FALSE     FALSE          FALSE        
        R/STMsigma.R R/STMsigs.R R/STMsubset.R R/summary.STM.R R/tau.R
value   ?            ?           ?             ?               ?      
visible FALSE        FALSE       FALSE         FALSE           FALSE  
        R/textProcessor.R R/thetaPosterior.R R/toLDAvis.R R/topicCorr.R
value   ?                 ?                  ?            ?            
visible FALSE             FALSE              FALSE        FALSE        
        R/topicLasso.R R/topicQuality.R R/writeLdac.R R/zzz.R
value   ?              ?                ?             ?      
visible FALSE          FALSE            FALSE         FALSE  
Removing 1 of 469 genes (1 of 1297830 tokens) due to frequency 
Your Dataset now has 3577 cells, 468 genes and 1297829 tokens. 
Casting net 
1 models in net 
Initialization with topicScore. 
Initializing factors using Topic SCORE algorithm.
Initializing loadings by running 10 SCD updates.
......................................................................................................
Completed E-Step (15 seconds). 
Completed M-Step (0 seconds). 
calculate log likelihood 
Completing Iteration 1 (approx. per word bound = -54.976) 
......................................................................................................
Completed E-Step (15 seconds). 
Completed M-Step (0 seconds). 
calculate log likelihood 
convergence.check is 2.885691e-05 
Completing Iteration 2 (approx. per word bound = -54.974, relative change = 2.886e-05) 
......................................................................................................
Completed E-Step (14 seconds). 
Completed M-Step (0 seconds). 
calculate log likelihood 
convergence.check is 1.749635e-05 
Model Terminated Before Convergence Reached 
2 models in net 
Initialization with topicScore. 
Initializing factors using Topic SCORE algorithm.
Initializing loadings by running 10 SCD updates.
......................................................................................................
Completed E-Step (14 seconds). 
Completed M-Step (0 seconds). 
calculate log likelihood 
Completing Iteration 1 (approx. per word bound = -54.993) 
......................................................................................................
Completed E-Step (15 seconds). 
Completed M-Step (0 seconds). 
calculate log likelihood 
convergence.check is 8.260818e-05 
Completing Iteration 2 (approx. per word bound = -54.988, relative change = 8.261e-05) 
......................................................................................................
Completed E-Step (15 seconds). 
Completed M-Step (0 seconds). 
calculate log likelihood 
convergence.check is 5.41532e-05 
Model Terminated Before Convergence Reached 
3 models in net 
Initialization with topicScore. 
Initializing factors using Topic SCORE algorithm.
Initializing loadings by running 10 SCD updates.
......................................................................................................
Completed E-Step (8 seconds). 
Completed M-Step (0 seconds). 
calculate log likelihood 
Completing Iteration 1 (approx. per word bound = -54.972) 
......................................................................................................
Completed E-Step (14 seconds). 
Completed M-Step (0 seconds). 
calculate log likelihood 
convergence.check is 1.306395e-05 
Completing Iteration 2 (approx. per word bound = -54.971, relative change = 1.306e-05) 
......................................................................................................
Completed E-Step (13 seconds). 
Completed M-Step (0 seconds). 
calculate log likelihood 
convergence.check is 9.932595e-06 
Model Terminated Before Convergence Reached 
4 models in net 
Initialization with topicScore. 
Initializing factors using Topic SCORE algorithm.
Initializing loadings by running 10 SCD updates.
......................................................................................................
Completed E-Step (15 seconds). 
Completed M-Step (0 seconds). 
calculate log likelihood 
Completing Iteration 1 (approx. per word bound = -54.975) 
......................................................................................................
Completed E-Step (16 seconds). 
Completed M-Step (0 seconds). 
calculate log likelihood 
convergence.check is 3.427588e-05 
Completing Iteration 2 (approx. per word bound = -54.973, relative change = 3.428e-05) 
......................................................................................................
Completed E-Step (15 seconds). 
Completed M-Step (0 seconds). 
calculate log likelihood 
convergence.check is 1.923352e-05 
Model Terminated Before Convergence Reached 
5 models in net 
Initialization with topicScore. 
Initializing factors using Topic SCORE algorithm.
Initializing loadings by running 10 SCD updates.
......................................................................................................
Completed E-Step (17 seconds). 
Completed M-Step (0 seconds). 
calculate log likelihood 
Completing Iteration 1 (approx. per word bound = -54.972) 
......................................................................................................
Completed E-Step (15 seconds). 
Completed M-Step (0 seconds). 
calculate log likelihood 
convergence.check is 2.655993e-05 
Completing Iteration 2 (approx. per word bound = -54.970, relative change = 2.656e-05) 
......................................................................................................
Completed E-Step (14 seconds). 
Completed M-Step (0 seconds). 
calculate log likelihood 
convergence.check is 1.717482e-05 
Model Terminated Before Convergence Reached 
6 models in net 
Initialization with topicScore. 
Initializing factors using Topic SCORE algorithm.
Initializing loadings by running 10 SCD updates.
......................................................................................................
Completed E-Step (16 seconds). 
Completed M-Step (0 seconds). 
calculate log likelihood 
Completing Iteration 1 (approx. per word bound = -54.976) 
......................................................................................................
Completed E-Step (18 seconds). 
Completed M-Step (0 seconds). 
calculate log likelihood 
convergence.check is 3.654643e-05 
Completing Iteration 2 (approx. per word bound = -54.974, relative change = 3.655e-05) 
......................................................................................................
Completed E-Step (14 seconds). 
Completed M-Step (0 seconds). 
calculate log likelihood 
convergence.check is 2.070761e-05 
Model Terminated Before Convergence Reached 
7 models in net 
Initialization with topicScore. 
Initializing factors using Topic SCORE algorithm.
Initializing loadings by running 10 SCD updates.
......................................................................................................
Completed E-Step (5 seconds). 
Completed M-Step (0 seconds). 
calculate log likelihood 
Completing Iteration 1 (approx. per word bound = -54.970) 
......................................................................................................
Completed E-Step (14 seconds). 
Completed M-Step (0 seconds). 
calculate log likelihood 
convergence.check is 1.430595e-05 
Completing Iteration 2 (approx. per word bound = -54.969, relative change = 1.431e-05) 
......................................................................................................
Completed E-Step (14 seconds). 
Completed M-Step (0 seconds). 
calculate log likelihood 
convergence.check is 1.117831e-05 
Model Terminated Before Convergence Reached 
8 models in net 
Initialization with topicScore. 
Initializing factors using Topic SCORE algorithm.
Initializing loadings by running 10 SCD updates.
......................................................................................................
Completed E-Step (17 seconds). 
Completed M-Step (0 seconds). 
calculate log likelihood 
Completing Iteration 1 (approx. per word bound = -55.041) 
......................................................................................................
Completed E-Step (15 seconds). 
Completed M-Step (0 seconds). 
calculate log likelihood 
convergence.check is 0.0002104768 
Completing Iteration 2 (approx. per word bound = -55.029, relative change = 2.105e-04) 
......................................................................................................
Completed E-Step (14 seconds). 
Completed M-Step (0 seconds). 
calculate log likelihood 
convergence.check is 0.0001282355 
Model Terminated Before Convergence Reached 
9 models in net 
Initialization with topicScore. 
Initializing factors using Topic SCORE algorithm.
Initializing loadings by running 10 SCD updates.
......................................................................................................
Completed E-Step (17 seconds). 
Completed M-Step (0 seconds). 
calculate log likelihood 
Completing Iteration 1 (approx. per word bound = -54.975) 
......................................................................................................
Completed E-Step (16 seconds). 
Completed M-Step (0 seconds). 
calculate log likelihood 
convergence.check is 3.19335e-05 
Completing Iteration 2 (approx. per word bound = -54.973, relative change = 3.193e-05) 
......................................................................................................
Completed E-Step (14 seconds). 
Completed M-Step (0 seconds). 
calculate log likelihood 
convergence.check is 1.913481e-05 
Model Terminated Before Convergence Reached 
10 models in net 
Initialization with topicScore. 
Initializing factors using Topic SCORE algorithm.
Initializing loadings by running 10 SCD updates.
......................................................................................................
Completed E-Step (19 seconds). 
Completed M-Step (0 seconds). 
calculate log likelihood 
Completing Iteration 1 (approx. per word bound = -54.975) 
......................................................................................................
Completed E-Step (16 seconds). 
Completed M-Step (0 seconds). 
calculate log likelihood 
convergence.check is 3.19335e-05 
Completing Iteration 2 (approx. per word bound = -54.973, relative change = 3.193e-05) 
......................................................................................................
Completed E-Step (14 seconds). 
Completed M-Step (0 seconds). 
calculate log likelihood 
convergence.check is 1.913481e-05 
Model Terminated Before Convergence Reached 
11 models in net 
Beginning Spectral Initialization 
	 Calculating the gram matrix...
	 Finding anchor words...
 	.....
	 Recovering initialization...
 	....
Initialization complete.
......................................................................................................
Completed E-Step (22 seconds). 
Completed M-Step (0 seconds). 
calculate log likelihood 
Completing Iteration 1 (approx. per word bound = -55.006) 
......................................................................................................
Completed E-Step (13 seconds). 
Completed M-Step (0 seconds). 
calculate log likelihood 
convergence.check is 0.0005624295 
Completing Iteration 2 (approx. per word bound = -54.975, relative change = 5.624e-04) 
......................................................................................................
Completed E-Step (12 seconds). 
Completed M-Step (0 seconds). 
calculate log likelihood 
convergence.check is 0.0001544453 
Model Terminated Before Convergence Reached 
12 models in net 
Beginning Random Initialization 
Initialization with Poisson NMF 
......................................................................................................
Completed E-Step (28 seconds). 
Completed M-Step (0 seconds). 
calculate log likelihood 
Completing Iteration 1 (approx. per word bound = -71.773) 
......................................................................................................
Completed E-Step (15 seconds). 
Completed M-Step (0 seconds). 
calculate log likelihood 
convergence.check is 0.231557 
Completing Iteration 2 (approx. per word bound = -55.153, relative change = 2.316e-01) 
......................................................................................................
Completed E-Step (14 seconds). 
Completed M-Step (0 seconds). 
calculate log likelihood 
convergence.check is 0.000310709 
Model Terminated Before Convergence Reached 
13 models in net 
Beginning Random Initialization 
Initialization with Poisson NMF 
......................................................................................................
Completed E-Step (28 seconds). 
Completed M-Step (0 seconds). 
calculate log likelihood 
Completing Iteration 1 (approx. per word bound = -72.404) 
......................................................................................................
Completed E-Step (15 seconds). 
Completed M-Step (0 seconds). 
calculate log likelihood 
convergence.check is 0.2382 
Completing Iteration 2 (approx. per word bound = -55.157, relative change = 2.382e-01) 
......................................................................................................
Completed E-Step (15 seconds). 
Completed M-Step (0 seconds). 
calculate log likelihood 
convergence.check is 0.0001219651 
Model Terminated Before Convergence Reached 
14 models in net 
Beginning Random Initialization 
Initialization with Poisson NMF 
......................................................................................................
Completed E-Step (21 seconds). 
Completed M-Step (0 seconds). 
calculate log likelihood 
Completing Iteration 1 (approx. per word bound = -71.732) 
......................................................................................................
Completed E-Step (16 seconds). 
Completed M-Step (0 seconds). 
calculate log likelihood 
convergence.check is 0.2310415 
Completing Iteration 2 (approx. per word bound = -55.159, relative change = 2.310e-01) 
......................................................................................................
Completed E-Step (15 seconds). 
Completed M-Step (0 seconds). 
calculate log likelihood 
convergence.check is 5.963389e-05 
Model Terminated Before Convergence Reached 
15 models in net 
Beginning Random Initialization 
Initialization with Poisson NMF 
......................................................................................................
Completed E-Step (26 seconds). 
Completed M-Step (0 seconds). 
calculate log likelihood 
Completing Iteration 1 (approx. per word bound = -72.213) 
......................................................................................................
Completed E-Step (15 seconds). 
Completed M-Step (0 seconds). 
calculate log likelihood 
convergence.check is 0.2362074 
Completing Iteration 2 (approx. per word bound = -55.156, relative change = 2.362e-01) 
......................................................................................................
Completed E-Step (14 seconds). 
Completed M-Step (0 seconds). 
calculate log likelihood 
convergence.check is 0.000190814 
Model Terminated Before Convergence Reached 
16 models in net 
Beginning Random Initialization 
Initialization with Poisson NMF 
......................................................................................................
Completed E-Step (24 seconds). 
Completed M-Step (0 seconds). 
calculate log likelihood 
Completing Iteration 1 (approx. per word bound = -72.393) 
......................................................................................................
Completed E-Step (14 seconds). 
Completed M-Step (0 seconds). 
calculate log likelihood 
convergence.check is 0.2383224 
Completing Iteration 2 (approx. per word bound = -55.140, relative change = 2.383e-01) 
......................................................................................................
Completed E-Step (14 seconds). 
Completed M-Step (0 seconds). 
calculate log likelihood 
convergence.check is 0.0002638459 
Model Terminated Before Convergence Reached 
17 models in net 
Beginning Random Initialization 
Initialization with Poisson NMF 
......................................................................................................
Completed E-Step (27 seconds). 
Completed M-Step (0 seconds). 
calculate log likelihood 
Completing Iteration 1 (approx. per word bound = -71.856) 
......................................................................................................
Completed E-Step (14 seconds). 
Completed M-Step (0 seconds). 
calculate log likelihood 
convergence.check is 0.232282 
Completing Iteration 2 (approx. per word bound = -55.165, relative change = 2.323e-01) 
......................................................................................................
Completed E-Step (15 seconds). 
Completed M-Step (0 seconds). 
calculate log likelihood 
convergence.check is 7.446932e-05 
Model Terminated Before Convergence Reached 
18 models in net 
Beginning Random Initialization 
Initialization with Poisson NMF 
......................................................................................................
Completed E-Step (23 seconds). 
Completed M-Step (0 seconds). 
calculate log likelihood 
Completing Iteration 1 (approx. per word bound = -72.173) 
......................................................................................................
Completed E-Step (14 seconds). 
Completed M-Step (0 seconds). 
calculate log likelihood 
convergence.check is 0.235845 
Completing Iteration 2 (approx. per word bound = -55.151, relative change = 2.358e-01) 
......................................................................................................
Completed E-Step (14 seconds). 
Completed M-Step (0 seconds). 
calculate log likelihood 
convergence.check is 0.0001088023 
Model Terminated Before Convergence Reached 
19 models in net 
Beginning Random Initialization 
Initialization with Poisson NMF 
......................................................................................................
Completed E-Step (24 seconds). 
Completed M-Step (0 seconds). 
calculate log likelihood 
Completing Iteration 1 (approx. per word bound = -71.771) 
......................................................................................................
Completed E-Step (14 seconds). 
Completed M-Step (0 seconds). 
calculate log likelihood 
convergence.check is 0.2315654 
Completing Iteration 2 (approx. per word bound = -55.152, relative change = 2.316e-01) 
......................................................................................................
Completed E-Step (14 seconds). 
Completed M-Step (0 seconds). 
calculate log likelihood 
convergence.check is 0.0001383215 
Model Terminated Before Convergence Reached 
20 models in net 
Beginning Random Initialization 
Initialization with Poisson NMF 
......................................................................................................
Completed E-Step (25 seconds). 
Completed M-Step (0 seconds). 
calculate log likelihood 
Completing Iteration 1 (approx. per word bound = -72.174) 
......................................................................................................
Completed E-Step (14 seconds). 
Completed M-Step (0 seconds). 
calculate log likelihood 
convergence.check is 0.2357518 
Completing Iteration 2 (approx. per word bound = -55.159, relative change = 2.358e-01) 
......................................................................................................
Completed E-Step (14 seconds). 
Completed M-Step (0 seconds). 
calculate log likelihood 
convergence.check is 5.072973e-05 
Model Terminated Before Convergence Reached 
21 models in net 
Beginning Random Initialization 
Initialization with Poisson NMF 
......................................................................................................
Completed E-Step (28 seconds). 
Completed M-Step (0 seconds). 
calculate log likelihood 
Completing Iteration 1 (approx. per word bound = -71.920) 
......................................................................................................
Completed E-Step (16 seconds). 
Completed M-Step (0 seconds). 
calculate log likelihood 
convergence.check is 0.2330222 
Completing Iteration 2 (approx. per word bound = -55.161, relative change = 2.330e-01) 
......................................................................................................
Completed E-Step (15 seconds). 
Completed M-Step (0 seconds). 
calculate log likelihood 
convergence.check is 0.0002479647 
Model Terminated Before Convergence Reached 
Running select models 
1 select model run 
Beginning Spectral Initialization 
	 Calculating the gram matrix...
	 Finding anchor words...
 	.....
	 Recovering initialization...
 	....
Initialization complete.
......................................................................................................
Completed E-Step (22 seconds). 
Completed M-Step (0 seconds). 
calculate log likelihood 
Completing Iteration 1 (approx. per word bound = -55.006) 
......................................................................................................
Completed E-Step (14 seconds). 
Completed M-Step (0 seconds). 
calculate log likelihood 
convergence.check is 0.0005624295 
Completing Iteration 2 (approx. per word bound = -54.975, relative change = 5.624e-04) 
......................................................................................................
Completed E-Step (13 seconds). 
Completed M-Step (0 seconds). 
calculate log likelihood 
convergence.check is 0.0001544453 
Completing Iteration 3 (approx. per word bound = -54.967, relative change = 1.544e-04) 
......................................................................................................
Completed E-Step (12 seconds). 
Completed M-Step (0 seconds). 
calculate log likelihood 
convergence.check is 7.263494e-05 
Completing Iteration 4 (approx. per word bound = -54.963, relative change = 7.263e-05) 
......................................................................................................
Completed E-Step (12 seconds). 
Completed M-Step (0 seconds). 
calculate log likelihood 
convergence.check is 4.720617e-05 
Completing Iteration 5 (approx. per word bound = -54.960, relative change = 4.721e-05) 
Topic 1: Gene389, Gene708, Gene35, Gene434, Gene999 
 Topic 2: Gene939, Gene708, Gene35, Gene999, Gene389 
 Topic 3: Gene39, Gene111, Gene35, Gene547, Gene389 
 Topic 4: Gene35, Gene708, Gene389, Gene434, Gene979 
 Topic 5: Gene163, Gene35, Gene781, Gene708, Gene12 
......................................................................................................
Completed E-Step (12 seconds). 
Completed M-Step (0 seconds). 
calculate log likelihood 
convergence.check is 3.506268e-05 
Completing Iteration 6 (approx. per word bound = -54.958, relative change = 3.506e-05) 
......................................................................................................
Completed E-Step (12 seconds). 
Completed M-Step (0 seconds). 
calculate log likelihood 
convergence.check is 2.72004e-05 
Completing Iteration 7 (approx. per word bound = -54.957, relative change = 2.720e-05) 
......................................................................................................
Completed E-Step (12 seconds). 
Completed M-Step (0 seconds). 
calculate log likelihood 
convergence.check is 2.17751e-05 
Completing Iteration 8 (approx. per word bound = -54.956, relative change = 2.178e-05) 
......................................................................................................
Completed E-Step (12 seconds). 
Completed M-Step (0 seconds). 
calculate log likelihood 
convergence.check is 1.788667e-05 
Completing Iteration 9 (approx. per word bound = -54.955, relative change = 1.789e-05) 
......................................................................................................
Completed E-Step (11 seconds). 
Completed M-Step (0 seconds). 
calculate log likelihood 
convergence.check is 1.454871e-05 
Completing Iteration 10 (approx. per word bound = -54.954, relative change = 1.455e-05) 
Topic 1: Gene389, Gene708, Gene35, Gene434, Gene741 
 Topic 2: Gene939, Gene708, Gene35, Gene999, Gene389 
 Topic 3: Gene39, Gene35, Gene111, Gene434, Gene389 
 Topic 4: Gene35, Gene708, Gene434, Gene389, Gene979 
 Topic 5: Gene163, Gene781, Gene35, Gene708, Gene12 
......................................................................................................
Completed E-Step (12 seconds). 
Completed M-Step (0 seconds). 
calculate log likelihood 
convergence.check is 1.204491e-05 
Completing Iteration 11 (approx. per word bound = -54.953, relative change = 1.204e-05) 
......................................................................................................
Completed E-Step (12 seconds). 
Completed M-Step (0 seconds). 
calculate log likelihood 
convergence.check is 9.857427e-06 
Completing Iteration 12 (approx. per word bound = -54.953, relative change = 9.857e-06) 
......................................................................................................
Completed E-Step (11 seconds). 
Completed M-Step (0 seconds). 
calculate log likelihood 
convergence.check is 8.241258e-06 
Completing Iteration 13 (approx. per word bound = -54.952, relative change = 8.241e-06) 
......................................................................................................
Completed E-Step (11 seconds). 
Completed M-Step (0 seconds). 
calculate log likelihood 
convergence.check is 6.957551e-06 
Completing Iteration 14 (approx. per word bound = -54.952, relative change = 6.958e-06) 
......................................................................................................
Completed E-Step (11 seconds). 
Completed M-Step (0 seconds). 
calculate log likelihood 
convergence.check is 5.749713e-06 
Completing Iteration 15 (approx. per word bound = -54.952, relative change = 5.750e-06) 
Topic 1: Gene389, Gene708, Gene35, Gene434, Gene741 
 Topic 2: Gene939, Gene708, Gene35, Gene999, Gene389 
 Topic 3: Gene39, Gene35, Gene111, Gene434, Gene389 
 Topic 4: Gene35, Gene434, Gene708, Gene389, Gene741 
 Topic 5: Gene163, Gene781, Gene35, Gene708, Gene12 
......................................................................................................
Completed E-Step (11 seconds). 
Completed M-Step (0 seconds). 
calculate log likelihood 
convergence.check is 4.889819e-06 
Completing Iteration 16 (approx. per word bound = -54.951, relative change = 4.890e-06) 
......................................................................................................
Completed E-Step (11 seconds). 
Completed M-Step (0 seconds). 
calculate log likelihood 
convergence.check is 4.165845e-06 
Completing Iteration 17 (approx. per word bound = -54.951, relative change = 4.166e-06) 
......................................................................................................
Completed E-Step (11 seconds). 
Completed M-Step (0 seconds). 
calculate log likelihood 
convergence.check is 3.457226e-06 
Completing Iteration 18 (approx. per word bound = -54.951, relative change = 3.457e-06) 
......................................................................................................
Completed E-Step (10 seconds). 
Completed M-Step (0 seconds). 
calculate log likelihood 
convergence.check is 3.091862e-06 
Completing Iteration 19 (approx. per word bound = -54.951, relative change = 3.092e-06) 
......................................................................................................
Completed E-Step (10 seconds). 
Completed M-Step (0 seconds). 
calculate log likelihood 
convergence.check is 2.595016e-06 
Completing Iteration 20 (approx. per word bound = -54.951, relative change = 2.595e-06) 
Topic 1: Gene389, Gene708, Gene35, Gene434, Gene741 
 Topic 2: Gene939, Gene708, Gene35, Gene999, Gene434 
 Topic 3: Gene39, Gene35, Gene111, Gene434, Gene389 
 Topic 4: Gene35, Gene434, Gene708, Gene389, Gene741 
 Topic 5: Gene163, Gene781, Gene35, Gene708, Gene12 
......................................................................................................
Completed E-Step (10 seconds). 
Completed M-Step (0 seconds). 
calculate log likelihood 
convergence.check is 2.299732e-06 
Completing Iteration 21 (approx. per word bound = -54.950, relative change = 2.300e-06) 
......................................................................................................
Completed E-Step (10 seconds). 
Completed M-Step (0 seconds). 
calculate log likelihood 
convergence.check is 1.920779e-06 
Completing Iteration 22 (approx. per word bound = -54.950, relative change = 1.921e-06) 
......................................................................................................
Completed E-Step (9 seconds). 
Completed M-Step (0 seconds). 
calculate log likelihood 
convergence.check is 1.680877e-06 
Completing Iteration 23 (approx. per word bound = -54.950, relative change = 1.681e-06) 
......................................................................................................
Completed E-Step (9 seconds). 
Completed M-Step (0 seconds). 
calculate log likelihood 
convergence.check is 1.461912e-06 
Completing Iteration 24 (approx. per word bound = -54.950, relative change = 1.462e-06) 
......................................................................................................
Completed E-Step (9 seconds). 
Completed M-Step (0 seconds). 
calculate log likelihood 
convergence.check is 1.365262e-06 
Completing Iteration 25 (approx. per word bound = -54.950, relative change = 1.365e-06) 
Topic 1: Gene389, Gene708, Gene35, Gene434, Gene741 
 Topic 2: Gene939, Gene708, Gene35, Gene999, Gene434 
 Topic 3: Gene39, Gene111, Gene35, Gene434, Gene389 
 Topic 4: Gene434, Gene35, Gene708, Gene389, Gene741 
 Topic 5: Gene163, Gene781, Gene35, Gene708, Gene12 
......................................................................................................
Completed E-Step (9 seconds). 
Completed M-Step (0 seconds). 
calculate log likelihood 
convergence.check is 1.209902e-06 
Completing Iteration 26 (approx. per word bound = -54.950, relative change = 1.210e-06) 
......................................................................................................
Completed E-Step (11 seconds). 
Completed M-Step (0 seconds). 
calculate log likelihood 
convergence.check is 1.022554e-06 
Completing Iteration 27 (approx. per word bound = -54.950, relative change = 1.023e-06) 
......................................................................................................
Completed E-Step (8 seconds). 
Completed M-Step (0 seconds). 
calculate log likelihood 
convergence.check is 9.36273e-07 
Model Converged 
2 select model run 
Initialization with topicScore. 
Initializing factors using Topic SCORE algorithm.
Initializing loadings by running 10 SCD updates.
......................................................................................................
Completed E-Step (6 seconds). 
Completed M-Step (0 seconds). 
calculate log likelihood 
Completing Iteration 1 (approx. per word bound = -54.970) 
......................................................................................................
Completed E-Step (15 seconds). 
Completed M-Step (0 seconds). 
calculate log likelihood 
convergence.check is 1.430595e-05 
Completing Iteration 2 (approx. per word bound = -54.969, relative change = 1.431e-05) 
......................................................................................................
Completed E-Step (15 seconds). 
Completed M-Step (0 seconds). 
calculate log likelihood 
convergence.check is 1.117831e-05 
Completing Iteration 3 (approx. per word bound = -54.969, relative change = 1.118e-05) 
......................................................................................................
Completed E-Step (15 seconds). 
Completed M-Step (0 seconds). 
calculate log likelihood 
convergence.check is 1.035663e-05 
Completing Iteration 4 (approx. per word bound = -54.968, relative change = 1.036e-05) 
......................................................................................................
Completed E-Step (14 seconds). 
Completed M-Step (0 seconds). 
calculate log likelihood 
convergence.check is 9.573986e-06 
Completing Iteration 5 (approx. per word bound = -54.968, relative change = 9.574e-06) 
Topic 1: Gene939, Gene35, Gene708, Gene999, Gene434 
 Topic 2: Gene612, Gene979, Gene434, Gene35, Gene741 
 Topic 3: Gene39, Gene111, Gene547, Gene35, Gene12 
 Topic 4: Gene389, Gene549, Gene708, Gene35, Gene741 
 Topic 5: Gene163, Gene781, Gene708, Gene999, Gene35 
......................................................................................................
Completed E-Step (14 seconds). 
Completed M-Step (0 seconds). 
calculate log likelihood 
convergence.check is 8.87819e-06 
Completing Iteration 6 (approx. per word bound = -54.967, relative change = 8.878e-06) 
......................................................................................................
Completed E-Step (14 seconds). 
Completed M-Step (0 seconds). 
calculate log likelihood 
convergence.check is 8.251247e-06 
Completing Iteration 7 (approx. per word bound = -54.967, relative change = 8.251e-06) 
......................................................................................................
Completed E-Step (14 seconds). 
Completed M-Step (0 seconds). 
calculate log likelihood 
convergence.check is 7.690235e-06 
Completing Iteration 8 (approx. per word bound = -54.966, relative change = 7.690e-06) 
......................................................................................................
Completed E-Step (13 seconds). 
Completed M-Step (0 seconds). 
calculate log likelihood 
convergence.check is 7.186506e-06 
Completing Iteration 9 (approx. per word bound = -54.966, relative change = 7.187e-06) 
......................................................................................................
Completed E-Step (13 seconds). 
Completed M-Step (0 seconds). 
calculate log likelihood 
convergence.check is 6.731381e-06 
Completing Iteration 10 (approx. per word bound = -54.966, relative change = 6.731e-06) 
Topic 1: Gene939, Gene35, Gene708, Gene999, Gene434 
 Topic 2: Gene612, Gene979, Gene434, Gene35, Gene741 
 Topic 3: Gene39, Gene111, Gene547, Gene35, Gene12 
 Topic 4: Gene389, Gene549, Gene708, Gene35, Gene741 
 Topic 5: Gene163, Gene781, Gene708, Gene999, Gene35 
......................................................................................................
Completed E-Step (13 seconds). 
Completed M-Step (0 seconds). 
calculate log likelihood 
convergence.check is 6.320953e-06 
Completing Iteration 11 (approx. per word bound = -54.965, relative change = 6.321e-06) 
......................................................................................................
Completed E-Step (13 seconds). 
Completed M-Step (0 seconds). 
calculate log likelihood 
convergence.check is 5.949396e-06 
Completing Iteration 12 (approx. per word bound = -54.965, relative change = 5.949e-06) 
......................................................................................................
Completed E-Step (13 seconds). 
Completed M-Step (0 seconds). 
calculate log likelihood 
convergence.check is 5.613787e-06 
Completing Iteration 13 (approx. per word bound = -54.965, relative change = 5.614e-06) 
......................................................................................................
Completed E-Step (12 seconds). 
Completed M-Step (0 seconds). 
calculate log likelihood 
convergence.check is 5.310647e-06 
Completing Iteration 14 (approx. per word bound = -54.964, relative change = 5.311e-06) 
......................................................................................................
Completed E-Step (12 seconds). 
Completed M-Step (0 seconds). 
calculate log likelihood 
convergence.check is 5.033525e-06 
Completing Iteration 15 (approx. per word bound = -54.964, relative change = 5.034e-06) 
Topic 1: Gene939, Gene35, Gene708, Gene999, Gene434 
 Topic 2: Gene612, Gene979, Gene434, Gene35, Gene708 
 Topic 3: Gene39, Gene111, Gene547, Gene35, Gene12 
 Topic 4: Gene389, Gene549, Gene708, Gene35, Gene741 
 Topic 5: Gene163, Gene781, Gene708, Gene999, Gene35 
......................................................................................................
Completed E-Step (12 seconds). 
Completed M-Step (0 seconds). 
calculate log likelihood 
convergence.check is 4.784999e-06 
Completing Iteration 16 (approx. per word bound = -54.964, relative change = 4.785e-06) 
......................................................................................................
Completed E-Step (12 seconds). 
Completed M-Step (0 seconds). 
calculate log likelihood 
convergence.check is 4.541531e-06 
Completing Iteration 17 (approx. per word bound = -54.963, relative change = 4.542e-06) 
......................................................................................................
Completed E-Step (12 seconds). 
Completed M-Step (0 seconds). 
calculate log likelihood 
convergence.check is 4.350345e-06 
Completing Iteration 18 (approx. per word bound = -54.963, relative change = 4.350e-06) 
......................................................................................................
Completed E-Step (13 seconds). 
Completed M-Step (0 seconds). 
calculate log likelihood 
convergence.check is 4.158536e-06 
Completing Iteration 19 (approx. per word bound = -54.963, relative change = 4.159e-06) 
......................................................................................................
Completed E-Step (12 seconds). 
Completed M-Step (0 seconds). 
calculate log likelihood 
convergence.check is 3.975559e-06 
Completing Iteration 20 (approx. per word bound = -54.963, relative change = 3.976e-06) 
Topic 1: Gene939, Gene708, Gene35, Gene999, Gene434 
 Topic 2: Gene612, Gene979, Gene434, Gene35, Gene708 
 Topic 3: Gene39, Gene111, Gene547, Gene35, Gene12 
 Topic 4: Gene389, Gene549, Gene708, Gene35, Gene741 
 Topic 5: Gene163, Gene781, Gene708, Gene999, Gene35 
......................................................................................................
Completed E-Step (12 seconds). 
Completed M-Step (0 seconds). 
calculate log likelihood 
convergence.check is 3.810542e-06 
Completing Iteration 21 (approx. per word bound = -54.963, relative change = 3.811e-06) 
......................................................................................................
Completed E-Step (12 seconds). 
Completed M-Step (0 seconds). 
calculate log likelihood 
convergence.check is 3.650946e-06 
Completing Iteration 22 (approx. per word bound = -54.962, relative change = 3.651e-06) 
......................................................................................................
Completed E-Step (12 seconds). 
Completed M-Step (0 seconds). 
calculate log likelihood 
convergence.check is 3.522157e-06 
Completing Iteration 23 (approx. per word bound = -54.962, relative change = 3.522e-06) 
......................................................................................................
Completed E-Step (12 seconds). 
Completed M-Step (0 seconds). 
calculate log likelihood 
convergence.check is 3.407259e-06 
Completing Iteration 24 (approx. per word bound = -54.962, relative change = 3.407e-06) 
......................................................................................................
Completed E-Step (12 seconds). 
Completed M-Step (0 seconds). 
calculate log likelihood 
convergence.check is 3.239392e-06 
Completing Iteration 25 (approx. per word bound = -54.962, relative change = 3.239e-06) 
Topic 1: Gene939, Gene708, Gene35, Gene999, Gene434 
 Topic 2: Gene612, Gene979, Gene434, Gene35, Gene708 
 Topic 3: Gene39, Gene111, Gene547, Gene35, Gene12 
 Topic 4: Gene389, Gene549, Gene708, Gene35, Gene741 
 Topic 5: Gene163, Gene781, Gene708, Gene999, Gene35 
......................................................................................................
Completed E-Step (12 seconds). 
Completed M-Step (0 seconds). 
calculate log likelihood 
convergence.check is 3.127893e-06 
Completing Iteration 26 (approx. per word bound = -54.962, relative change = 3.128e-06) 
......................................................................................................
Completed E-Step (12 seconds). 
Completed M-Step (0 seconds). 
calculate log likelihood 
convergence.check is 3.022124e-06 
Completing Iteration 27 (approx. per word bound = -54.961, relative change = 3.022e-06) 
......................................................................................................
Completed E-Step (12 seconds). 
Completed M-Step (0 seconds). 
calculate log likelihood 
convergence.check is 2.913096e-06 
Completing Iteration 28 (approx. per word bound = -54.961, relative change = 2.913e-06) 
......................................................................................................
Completed E-Step (12 seconds). 
Completed M-Step (2 seconds). 
calculate log likelihood 
convergence.check is 2.801751e-06 
Completing Iteration 29 (approx. per word bound = -54.961, relative change = 2.802e-06) 
......................................................................................................
Completed E-Step (11 seconds). 
Completed M-Step (0 seconds). 
calculate log likelihood 
convergence.check is 2.76605e-06 
Completing Iteration 30 (approx. per word bound = -54.961, relative change = 2.766e-06) 
Topic 1: Gene939, Gene708, Gene35, Gene999, Gene434 
 Topic 2: Gene612, Gene434, Gene979, Gene35, Gene708 
 Topic 3: Gene39, Gene111, Gene547, Gene35, Gene741 
 Topic 4: Gene389, Gene549, Gene708, Gene35, Gene741 
 Topic 5: Gene163, Gene781, Gene708, Gene999, Gene35 
......................................................................................................
Completed E-Step (11 seconds). 
Completed M-Step (0 seconds). 
calculate log likelihood 
convergence.check is 2.556519e-06 
Completing Iteration 31 (approx. per word bound = -54.961, relative change = 2.557e-06) 
......................................................................................................
Completed E-Step (11 seconds). 
Completed M-Step (0 seconds). 
calculate log likelihood 
convergence.check is 2.521008e-06 
Completing Iteration 32 (approx. per word bound = -54.961, relative change = 2.521e-06) 
......................................................................................................
Completed E-Step (11 seconds). 
Completed M-Step (0 seconds). 
calculate log likelihood 
convergence.check is 2.396663e-06 
Completing Iteration 33 (approx. per word bound = -54.961, relative change = 2.397e-06) 
......................................................................................................
Completed E-Step (11 seconds). 
Completed M-Step (0 seconds). 
calculate log likelihood 
convergence.check is 2.34113e-06 
Completing Iteration 34 (approx. per word bound = -54.960, relative change = 2.341e-06) 
......................................................................................................
Completed E-Step (11 seconds). 
Completed M-Step (0 seconds). 
calculate log likelihood 
convergence.check is 2.299512e-06 
Completing Iteration 35 (approx. per word bound = -54.960, relative change = 2.300e-06) 
Topic 1: Gene939, Gene708, Gene35, Gene999, Gene434 
 Topic 2: Gene612, Gene434, Gene979, Gene35, Gene708 
 Topic 3: Gene39, Gene111, Gene547, Gene35, Gene741 
 Topic 4: Gene389, Gene549, Gene708, Gene35, Gene741 
 Topic 5: Gene163, Gene781, Gene708, Gene999, Gene35 
......................................................................................................
Completed E-Step (11 seconds). 
Completed M-Step (0 seconds). 
calculate log likelihood 
convergence.check is 2.106597e-06 
Completing Iteration 36 (approx. per word bound = -54.960, relative change = 2.107e-06) 
......................................................................................................
Completed E-Step (11 seconds). 
Completed M-Step (0 seconds). 
calculate log likelihood 
convergence.check is 2.088181e-06 
Completing Iteration 37 (approx. per word bound = -54.960, relative change = 2.088e-06) 
......................................................................................................
Completed E-Step (10 seconds). 
Completed M-Step (0 seconds). 
calculate log likelihood 
convergence.check is 1.984119e-06 
Completing Iteration 38 (approx. per word bound = -54.960, relative change = 1.984e-06) 
......................................................................................................
Completed E-Step (10 seconds). 
Completed M-Step (0 seconds). 
calculate log likelihood 
convergence.check is 1.896673e-06 
Completing Iteration 39 (approx. per word bound = -54.960, relative change = 1.897e-06) 
......................................................................................................
Completed E-Step (10 seconds). 
Completed M-Step (0 seconds). 
calculate log likelihood 
convergence.check is 1.947854e-06 
Completing Iteration 40 (approx. per word bound = -54.960, relative change = 1.948e-06) 
Topic 1: Gene939, Gene708, Gene35, Gene999, Gene434 
 Topic 2: Gene434, Gene612, Gene979, Gene35, Gene708 
 Topic 3: Gene39, Gene111, Gene547, Gene35, Gene741 
 Topic 4: Gene389, Gene549, Gene708, Gene35, Gene741 
 Topic 5: Gene163, Gene781, Gene708, Gene999, Gene35 
......................................................................................................
Completed E-Step (10 seconds). 
Completed M-Step (0 seconds). 
calculate log likelihood 
convergence.check is 1.721814e-06 
Completing Iteration 41 (approx. per word bound = -54.960, relative change = 1.722e-06) 
......................................................................................................
Completed E-Step (10 seconds). 
Completed M-Step (0 seconds). 
calculate log likelihood 
convergence.check is 1.803108e-06 
Completing Iteration 42 (approx. per word bound = -54.960, relative change = 1.803e-06) 
......................................................................................................
Completed E-Step (10 seconds). 
Completed M-Step (0 seconds). 
calculate log likelihood 
convergence.check is 1.566973e-06 
Completing Iteration 43 (approx. per word bound = -54.960, relative change = 1.567e-06) 
......................................................................................................
Completed E-Step (10 seconds). 
Completed M-Step (0 seconds). 
calculate log likelihood 
convergence.check is 1.676606e-06 
Completing Iteration 44 (approx. per word bound = -54.959, relative change = 1.677e-06) 
......................................................................................................
Completed E-Step (10 seconds). 
Completed M-Step (0 seconds). 
calculate log likelihood 
convergence.check is 1.456506e-06 
Completing Iteration 45 (approx. per word bound = -54.959, relative change = 1.457e-06) 
Topic 1: Gene939, Gene708, Gene35, Gene999, Gene434 
 Topic 2: Gene434, Gene612, Gene979, Gene35, Gene741 
 Topic 3: Gene39, Gene111, Gene547, Gene35, Gene741 
 Topic 4: Gene389, Gene549, Gene708, Gene35, Gene741 
 Topic 5: Gene163, Gene781, Gene708, Gene999, Gene35 
......................................................................................................
Completed E-Step (10 seconds). 
Completed M-Step (0 seconds). 
calculate log likelihood 
convergence.check is 1.490275e-06 
Completing Iteration 46 (approx. per word bound = -54.959, relative change = 1.490e-06) 
......................................................................................................
Completed E-Step (10 seconds). 
Completed M-Step (0 seconds). 
calculate log likelihood 
convergence.check is 1.506742e-06 
Completing Iteration 47 (approx. per word bound = -54.959, relative change = 1.507e-06) 
......................................................................................................
Completed E-Step (10 seconds). 
Completed M-Step (0 seconds). 
calculate log likelihood 
convergence.check is 1.24726e-06 
Completing Iteration 48 (approx. per word bound = -54.959, relative change = 1.247e-06) 
......................................................................................................
Completed E-Step (10 seconds). 
Completed M-Step (0 seconds). 
calculate log likelihood 
convergence.check is 1.391411e-06 
Completing Iteration 49 (approx. per word bound = -54.959, relative change = 1.391e-06) 
......................................................................................................
Completed E-Step (10 seconds). 
Completed M-Step (0 seconds). 
calculate log likelihood 
convergence.check is 1.138913e-06 
Completing Iteration 50 (approx. per word bound = -54.959, relative change = 1.139e-06) 
Topic 1: Gene939, Gene708, Gene35, Gene999, Gene434 
 Topic 2: Gene434, Gene612, Gene979, Gene35, Gene741 
 Topic 3: Gene39, Gene111, Gene547, Gene35, Gene741 
 Topic 4: Gene389, Gene549, Gene708, Gene35, Gene741 
 Topic 5: Gene163, Gene781, Gene708, Gene999, Gene35 
......................................................................................................
Completed E-Step (10 seconds). 
Completed M-Step (0 seconds). 
calculate log likelihood 
convergence.check is 1.284352e-06 
Completing Iteration 51 (approx. per word bound = -54.959, relative change = 1.284e-06) 
......................................................................................................
Completed E-Step (10 seconds). 
Completed M-Step (0 seconds). 
calculate log likelihood 
convergence.check is 1.093861e-06 
Completing Iteration 52 (approx. per word bound = -54.959, relative change = 1.094e-06) 
......................................................................................................
Completed E-Step (10 seconds). 
Completed M-Step (0 seconds). 
calculate log likelihood 
convergence.check is 1.201668e-06 
Completing Iteration 53 (approx. per word bound = -54.959, relative change = 1.202e-06) 
......................................................................................................
Completed E-Step (10 seconds). 
Completed M-Step (0 seconds). 
calculate log likelihood 
convergence.check is 1.089353e-06 
Completing Iteration 54 (approx. per word bound = -54.959, relative change = 1.089e-06) 
......................................................................................................
Completed E-Step (10 seconds). 
Completed M-Step (0 seconds). 
calculate log likelihood 
convergence.check is 8.424701e-07 
Model Converged 
3 select model run 
Initialization with topicScore. 
Initializing factors using Topic SCORE algorithm.
Initializing loadings by running 10 SCD updates.
......................................................................................................
Completed E-Step (16 seconds). 
Completed M-Step (0 seconds). 
calculate log likelihood 
Completing Iteration 1 (approx. per word bound = -54.972) 
......................................................................................................
Completed E-Step (16 seconds). 
Completed M-Step (0 seconds). 
calculate log likelihood 
convergence.check is 2.655993e-05 
Completing Iteration 2 (approx. per word bound = -54.970, relative change = 2.656e-05) 
......................................................................................................
Completed E-Step (15 seconds). 
Completed M-Step (0 seconds). 
calculate log likelihood 
convergence.check is 1.717482e-05 
Completing Iteration 3 (approx. per word bound = -54.969, relative change = 1.717e-05) 
......................................................................................................
Completed E-Step (16 seconds). 
Completed M-Step (0 seconds). 
calculate log likelihood 
convergence.check is 1.447105e-05 
Completing Iteration 4 (approx. per word bound = -54.969, relative change = 1.447e-05) 
......................................................................................................
Completed E-Step (15 seconds). 
Completed M-Step (0 seconds). 
calculate log likelihood 
convergence.check is 1.251037e-05 
Completing Iteration 5 (approx. per word bound = -54.968, relative change = 1.251e-05) 
Topic 1: Gene35, Gene708, Gene979, Gene612, Gene163 
 Topic 2: Gene163, Gene781, Gene708, Gene35, Gene999 
 Topic 3: Gene39, Gene111, Gene547, Gene35, Gene12 
 Topic 4: Gene939, Gene35, Gene708, Gene999, Gene12 
 Topic 5: Gene389, Gene434, Gene741, Gene549, Gene362 
......................................................................................................
Completed E-Step (15 seconds). 
Completed M-Step (0 seconds). 
calculate log likelihood 
convergence.check is 1.106852e-05 
Completing Iteration 6 (approx. per word bound = -54.967, relative change = 1.107e-05) 
......................................................................................................
Completed E-Step (14 seconds). 
Completed M-Step (0 seconds). 
calculate log likelihood 
convergence.check is 9.916024e-06 
Completing Iteration 7 (approx. per word bound = -54.967, relative change = 9.916e-06) 
......................................................................................................
Completed E-Step (14 seconds). 
Completed M-Step (0 seconds). 
calculate log likelihood 
convergence.check is 8.96963e-06 
Completing Iteration 8 (approx. per word bound = -54.966, relative change = 8.970e-06) 
......................................................................................................
Completed E-Step (14 seconds). 
Completed M-Step (0 seconds). 
calculate log likelihood 
convergence.check is 8.201382e-06 
Completing Iteration 9 (approx. per word bound = -54.966, relative change = 8.201e-06) 
......................................................................................................
Completed E-Step (14 seconds). 
Completed M-Step (0 seconds). 
calculate log likelihood 
convergence.check is 7.555542e-06 
Completing Iteration 10 (approx. per word bound = -54.965, relative change = 7.556e-06) 
Topic 1: Gene35, Gene708, Gene979, Gene612, Gene999 
 Topic 2: Gene163, Gene781, Gene708, Gene35, Gene999 
 Topic 3: Gene39, Gene111, Gene547, Gene35, Gene12 
 Topic 4: Gene939, Gene35, Gene708, Gene999, Gene12 
 Topic 5: Gene389, Gene434, Gene741, Gene549, Gene362 
......................................................................................................
Completed E-Step (14 seconds). 
Completed M-Step (0 seconds). 
calculate log likelihood 
convergence.check is 6.920286e-06 
Completing Iteration 11 (approx. per word bound = -54.965, relative change = 6.920e-06) 
......................................................................................................
Completed E-Step (14 seconds). 
Completed M-Step (0 seconds). 
calculate log likelihood 
convergence.check is 6.531737e-06 
Completing Iteration 12 (approx. per word bound = -54.965, relative change = 6.532e-06) 
......................................................................................................
Completed E-Step (14 seconds). 
Completed M-Step (0 seconds). 
calculate log likelihood 
convergence.check is 6.043139e-06 
Completing Iteration 13 (approx. per word bound = -54.964, relative change = 6.043e-06) 
......................................................................................................
Completed E-Step (13 seconds). 
Completed M-Step (0 seconds). 
calculate log likelihood 
convergence.check is 5.706631e-06 
Completing Iteration 14 (approx. per word bound = -54.964, relative change = 5.707e-06) 
......................................................................................................
Completed E-Step (13 seconds). 
Completed M-Step (0 seconds). 
calculate log likelihood 
convergence.check is 5.293202e-06 
Completing Iteration 15 (approx. per word bound = -54.964, relative change = 5.293e-06) 
Topic 1: Gene35, Gene708, Gene979, Gene612, Gene999 
 Topic 2: Gene163, Gene781, Gene708, Gene35, Gene999 
 Topic 3: Gene39, Gene111, Gene547, Gene35, Gene12 
 Topic 4: Gene939, Gene35, Gene708, Gene999, Gene12 
 Topic 5: Gene389, Gene434, Gene741, Gene549, Gene362 
......................................................................................................
Completed E-Step (13 seconds). 
Completed M-Step (0 seconds). 
calculate log likelihood 
convergence.check is 5.040131e-06 
Completing Iteration 16 (approx. per word bound = -54.963, relative change = 5.040e-06) 
......................................................................................................
Completed E-Step (12 seconds). 
Completed M-Step (2 seconds). 
calculate log likelihood 
convergence.check is 4.63524e-06 
Completing Iteration 17 (approx. per word bound = -54.963, relative change = 4.635e-06) 
......................................................................................................
Completed E-Step (12 seconds). 
Completed M-Step (0 seconds). 
calculate log likelihood 
convergence.check is 4.355686e-06 
Completing Iteration 18 (approx. per word bound = -54.963, relative change = 4.356e-06) 
......................................................................................................
Completed E-Step (12 seconds). 
Completed M-Step (0 seconds). 
calculate log likelihood 
convergence.check is 4.041535e-06 
Completing Iteration 19 (approx. per word bound = -54.963, relative change = 4.042e-06) 
......................................................................................................
Completed E-Step (11 seconds). 
Completed M-Step (0 seconds). 
calculate log likelihood 
convergence.check is 3.795553e-06 
Completing Iteration 20 (approx. per word bound = -54.963, relative change = 3.796e-06) 
Topic 1: Gene35, Gene708, Gene979, Gene999, Gene612 
 Topic 2: Gene163, Gene781, Gene708, Gene35, Gene999 
 Topic 3: Gene39, Gene111, Gene547, Gene35, Gene12 
 Topic 4: Gene939, Gene35, Gene708, Gene999, Gene12 
 Topic 5: Gene389, Gene434, Gene741, Gene549, Gene362 
......................................................................................................
Completed E-Step (11 seconds). 
Completed M-Step (0 seconds). 
calculate log likelihood 
convergence.check is 3.524322e-06 
Completing Iteration 21 (approx. per word bound = -54.962, relative change = 3.524e-06) 
......................................................................................................
Completed E-Step (11 seconds). 
Completed M-Step (0 seconds). 
calculate log likelihood 
convergence.check is 3.346732e-06 
Completing Iteration 22 (approx. per word bound = -54.962, relative change = 3.347e-06) 
......................................................................................................
Completed E-Step (11 seconds). 
Completed M-Step (0 seconds). 
calculate log likelihood 
convergence.check is 3.073213e-06 
Completing Iteration 23 (approx. per word bound = -54.962, relative change = 3.073e-06) 
......................................................................................................
Completed E-Step (11 seconds). 
Completed M-Step (0 seconds). 
calculate log likelihood 
convergence.check is 2.928347e-06 
Completing Iteration 24 (approx. per word bound = -54.962, relative change = 2.928e-06) 
......................................................................................................
Completed E-Step (10 seconds). 
Completed M-Step (0 seconds). 
calculate log likelihood 
convergence.check is 2.745163e-06 
Completing Iteration 25 (approx. per word bound = -54.962, relative change = 2.745e-06) 
Topic 1: Gene35, Gene708, Gene979, Gene999, Gene612 
 Topic 2: Gene163, Gene781, Gene708, Gene35, Gene999 
 Topic 3: Gene39, Gene111, Gene547, Gene35, Gene163 
 Topic 4: Gene939, Gene35, Gene708, Gene999, Gene12 
 Topic 5: Gene389, Gene434, Gene741, Gene549, Gene362 
......................................................................................................
Completed E-Step (10 seconds). 
Completed M-Step (0 seconds). 
calculate log likelihood 
convergence.check is 2.637989e-06 
Completing Iteration 26 (approx. per word bound = -54.962, relative change = 2.638e-06) 
......................................................................................................
Completed E-Step (10 seconds). 
Completed M-Step (0 seconds). 
calculate log likelihood 
convergence.check is 2.45085e-06 
Completing Iteration 27 (approx. per word bound = -54.961, relative change = 2.451e-06) 
......................................................................................................
Completed E-Step (9 seconds). 
Completed M-Step (0 seconds). 
calculate log likelihood 
convergence.check is 2.298212e-06 
Completing Iteration 28 (approx. per word bound = -54.961, relative change = 2.298e-06) 
......................................................................................................
Completed E-Step (9 seconds). 
Completed M-Step (0 seconds). 
calculate log likelihood 
convergence.check is 2.201172e-06 
Completing Iteration 29 (approx. per word bound = -54.961, relative change = 2.201e-06) 
......................................................................................................
Completed E-Step (9 seconds). 
Completed M-Step (0 seconds). 
calculate log likelihood 
convergence.check is 2.141669e-06 
Completing Iteration 30 (approx. per word bound = -54.961, relative change = 2.142e-06) 
Topic 1: Gene35, Gene708, Gene979, Gene999, Gene612 
 Topic 2: Gene163, Gene781, Gene708, Gene35, Gene999 
 Topic 3: Gene39, Gene111, Gene547, Gene35, Gene163 
 Topic 4: Gene939, Gene35, Gene708, Gene999, Gene12 
 Topic 5: Gene389, Gene434, Gene741, Gene549, Gene362 
......................................................................................................
Completed E-Step (9 seconds). 
Completed M-Step (0 seconds). 
calculate log likelihood 
convergence.check is 2.032997e-06 
Completing Iteration 31 (approx. per word bound = -54.961, relative change = 2.033e-06) 
......................................................................................................
Completed E-Step (9 seconds). 
Completed M-Step (0 seconds). 
calculate log likelihood 
convergence.check is 2.011459e-06 
Completing Iteration 32 (approx. per word bound = -54.961, relative change = 2.011e-06) 
......................................................................................................
Completed E-Step (9 seconds). 
Completed M-Step (0 seconds). 
calculate log likelihood 
convergence.check is 1.82774e-06 
Completing Iteration 33 (approx. per word bound = -54.961, relative change = 1.828e-06) 
......................................................................................................
Completed E-Step (9 seconds). 
Completed M-Step (0 seconds). 
calculate log likelihood 
convergence.check is 1.732311e-06 
Completing Iteration 34 (approx. per word bound = -54.961, relative change = 1.732e-06) 
......................................................................................................
Completed E-Step (9 seconds). 
Completed M-Step (0 seconds). 
calculate log likelihood 
convergence.check is 1.652654e-06 
Completing Iteration 35 (approx. per word bound = -54.961, relative change = 1.653e-06) 
Topic 1: Gene35, Gene708, Gene979, Gene999, Gene612 
 Topic 2: Gene163, Gene781, Gene708, Gene35, Gene999 
 Topic 3: Gene39, Gene111, Gene547, Gene35, Gene163 
 Topic 4: Gene939, Gene35, Gene708, Gene999, Gene12 
 Topic 5: Gene389, Gene434, Gene549, Gene741, Gene362 
......................................................................................................
Completed E-Step (8 seconds). 
Completed M-Step (0 seconds). 
calculate log likelihood 
convergence.check is 1.629221e-06 
Completing Iteration 36 (approx. per word bound = -54.960, relative change = 1.629e-06) 
......................................................................................................
Completed E-Step (9 seconds). 
Completed M-Step (0 seconds). 
calculate log likelihood 
convergence.check is 1.511855e-06 
Completing Iteration 37 (approx. per word bound = -54.960, relative change = 1.512e-06) 
......................................................................................................
Completed E-Step (9 seconds). 
Completed M-Step (0 seconds). 
calculate log likelihood 
convergence.check is 1.409533e-06 
Completing Iteration 38 (approx. per word bound = -54.960, relative change = 1.410e-06) 
......................................................................................................
Completed E-Step (9 seconds). 
Completed M-Step (0 seconds). 
calculate log likelihood 
convergence.check is 1.39874e-06 
Completing Iteration 39 (approx. per word bound = -54.960, relative change = 1.399e-06) 
......................................................................................................
Completed E-Step (9 seconds). 
Completed M-Step (0 seconds). 
calculate log likelihood 
convergence.check is 1.308541e-06 
Completing Iteration 40 (approx. per word bound = -54.960, relative change = 1.309e-06) 
Topic 1: Gene35, Gene708, Gene979, Gene999, Gene612 
 Topic 2: Gene163, Gene781, Gene708, Gene35, Gene999 
 Topic 3: Gene39, Gene111, Gene547, Gene35, Gene163 
 Topic 4: Gene939, Gene35, Gene708, Gene999, Gene12 
 Topic 5: Gene389, Gene434, Gene549, Gene741, Gene362 
......................................................................................................
Completed E-Step (9 seconds). 
Completed M-Step (0 seconds). 
calculate log likelihood 
convergence.check is 1.28672e-06 
Completing Iteration 41 (approx. per word bound = -54.960, relative change = 1.287e-06) 
......................................................................................................
Completed E-Step (8 seconds). 
Completed M-Step (0 seconds). 
calculate log likelihood 
convergence.check is 1.172226e-06 
Completing Iteration 42 (approx. per word bound = -54.960, relative change = 1.172e-06) 
......................................................................................................
Completed E-Step (9 seconds). 
Completed M-Step (0 seconds). 
calculate log likelihood 
convergence.check is 1.200254e-06 
Completing Iteration 43 (approx. per word bound = -54.960, relative change = 1.200e-06) 
......................................................................................................
Completed E-Step (9 seconds). 
Completed M-Step (0 seconds). 
calculate log likelihood 
convergence.check is 1.080382e-06 
Completing Iteration 44 (approx. per word bound = -54.960, relative change = 1.080e-06) 
......................................................................................................
Completed E-Step (9 seconds). 
Completed M-Step (0 seconds). 
calculate log likelihood 
convergence.check is 1.162933e-06 
Completing Iteration 45 (approx. per word bound = -54.960, relative change = 1.163e-06) 
Topic 1: Gene35, Gene708, Gene979, Gene612, Gene999 
 Topic 2: Gene163, Gene781, Gene708, Gene35, Gene999 
 Topic 3: Gene39, Gene111, Gene547, Gene35, Gene163 
 Topic 4: Gene939, Gene35, Gene708, Gene999, Gene12 
 Topic 5: Gene389, Gene549, Gene434, Gene741, Gene362 
......................................................................................................
Completed E-Step (8 seconds). 
Completed M-Step (0 seconds). 
calculate log likelihood 
convergence.check is 1.09073e-06 
Completing Iteration 46 (approx. per word bound = -54.960, relative change = 1.091e-06) 
......................................................................................................
Completed E-Step (8 seconds). 
Completed M-Step (0 seconds). 
calculate log likelihood 
convergence.check is 1.095007e-06 
Completing Iteration 47 (approx. per word bound = -54.960, relative change = 1.095e-06) 
......................................................................................................
Completed E-Step (9 seconds). 
Completed M-Step (0 seconds). 
calculate log likelihood 
convergence.check is 1.02861e-06 
Completing Iteration 48 (approx. per word bound = -54.960, relative change = 1.029e-06) 
......................................................................................................
Completed E-Step (9 seconds). 
Completed M-Step (0 seconds). 
calculate log likelihood 
convergence.check is 9.584433e-07 
Model Converged 
