sims_1715977897_pos_L4_c5.rds 
Found 6 batches
Using null model in ComBat-seq.
Adjusting for 0 covariate(s) or covariate level(s)
Estimating dispersions
Fitting the GLM model
Shrinkage off - using GLM estimates for parameters
Adjusting the data
Batch Effect Removed 
        R/alignCorpus.R R/asSTMCorpus.R R/checkBeta.R R/cloud.R
value   ?               ?               ?             ?        
visible FALSE           FALSE           FALSE         FALSE    
        R/CompositionChange.R R/convertCorpus.R R/estimateEffect.R
value   ?                     ?                 ?                 
visible FALSE                 FALSE             FALSE             
        R/estimateMixedEffect.R R/exclusivity.R R/findThoughts.R R/findTopic.R
value   ?                       ?               ?                ?            
visible FALSE                   FALSE           FALSE            FALSE        
        R/fitNewDocuments.R R/heldout.R R/jeffreyskappa.R R/labelTopics.R
value   ?                   ?           ?                 ?              
visible FALSE               FALSE       FALSE             FALSE          
        R/makeDesignMatrix.R R/manyTopics.R R/multiSTM.R R/optimalK.R
value   ?                    ?              ?            ?           
visible FALSE                FALSE          FALSE        FALSE       
        R/permute.R R/plot.estimateEffect.R R/plot.fixedEffect.R
value   ?           ?                       ?                   
visible FALSE       FALSE                   FALSE               
        R/plot.searchK.R R/plot.STM.R R/plotModels.R R/plotQuote.R
value   ?                ?            ?              ?            
visible FALSE            FALSE        FALSE          FALSE        
        R/plotRemoved.R R/plottingutilfns.R R/plotTopicLoess.R
value   ?               ?                   ?                 
visible FALSE           FALSE               FALSE             
        R/prepDocuments.R R/prepsce.R R/produce_cmatrix.R R/RcppExports.R
value   ?                 ?           ?                   ?              
visible FALSE             FALSE       FALSE               FALSE          
        R/readCorpus.R R/residuals.R R/s.R R/sageLabels.R R/scSTM.R
value   ?              ?             ?     ?              ?        
visible FALSE          FALSE         FALSE FALSE          FALSE    
        R/selectModel.R R/semanticCoherence.R R/simBetas.R R/spectral.R
value   ?               ?                     ?            ?           
visible FALSE           FALSE                 FALSE        FALSE       
        R/stm-package.R R/stm.control.R R/STMbound.R R/STMconvergence.R
value   NULL            ?               ?            ?                 
visible TRUE            FALSE           FALSE        FALSE             
        R/STMestep.R R/STMfunctions.R R/STMinit.R R/STMinitLikelihood.R
value   ?            ?                ?           ?                    
visible FALSE        FALSE            FALSE       FALSE                
        R/STMlncpp.R R/STMmnreg.R R/STMmu.R R/STMoptbeta.R R/STMreport.R
value   ?            ?            ?         ?              ?            
visible FALSE        FALSE        FALSE     FALSE          FALSE        
        R/STMsigma.R R/STMsigs.R R/STMsubset.R R/summary.STM.R R/tau.R
value   ?            ?           ?             ?               ?      
visible FALSE        FALSE       FALSE         FALSE           FALSE  
        R/textProcessor.R R/thetaPosterior.R R/toLDAvis.R R/topicCorr.R
value   ?                 ?                  ?            ?            
visible FALSE             FALSE              FALSE        FALSE        
        R/topicLasso.R R/topicQuality.R R/writeLdac.R R/zzz.R
value   ?              ?                ?             ?      
visible FALSE          FALSE            FALSE         FALSE  
Casting net 
1 models in net 
Initialization with topicScore. 
Initializing factors using Topic SCORE algorithm.
Initializing loadings by running 10 SCD updates.
......................................................................................................
Completed E-Step (16 seconds). 
Completed M-Step (0 seconds). 
calculate log likelihood 
Completing Iteration 1 (approx. per word bound = -40.262) 
......................................................................................................
Completed E-Step (14 seconds). 
Completed M-Step (0 seconds). 
calculate log likelihood 
convergence.check is 2.032885e-05 
Completing Iteration 2 (approx. per word bound = -40.261, relative change = 2.033e-05) 
......................................................................................................
Completed E-Step (14 seconds). 
Completed M-Step (0 seconds). 
calculate log likelihood 
convergence.check is 1.452441e-05 
Model Terminated Before Convergence Reached 
2 models in net 
Initialization with topicScore. 
Initializing factors using Topic SCORE algorithm.
Initializing loadings by running 10 SCD updates.
......................................................................................................
Completed E-Step (25 seconds). 
Completed M-Step (0 seconds). 
calculate log likelihood 
Completing Iteration 1 (approx. per word bound = -40.266) 
......................................................................................................
Completed E-Step (16 seconds). 
Completed M-Step (0 seconds). 
calculate log likelihood 
convergence.check is 8.973232e-05 
Completing Iteration 2 (approx. per word bound = -40.262, relative change = 8.973e-05) 
......................................................................................................
Completed E-Step (16 seconds). 
Completed M-Step (0 seconds). 
calculate log likelihood 
convergence.check is 3.210283e-05 
Model Terminated Before Convergence Reached 
3 models in net 
Initialization with topicScore. 
Initializing factors using Topic SCORE algorithm.
Initializing loadings by running 10 SCD updates.
......................................................................................................
Completed E-Step (20 seconds). 
Completed M-Step (0 seconds). 
calculate log likelihood 
Completing Iteration 1 (approx. per word bound = -40.263) 
......................................................................................................
Completed E-Step (16 seconds). 
Completed M-Step (0 seconds). 
calculate log likelihood 
convergence.check is 2.416094e-05 
Completing Iteration 2 (approx. per word bound = -40.262, relative change = 2.416e-05) 
......................................................................................................
Completed E-Step (16 seconds). 
Completed M-Step (0 seconds). 
calculate log likelihood 
convergence.check is 1.711332e-05 
Model Terminated Before Convergence Reached 
4 models in net 
Initialization with topicScore. 
Initializing factors using Topic SCORE algorithm.
Initializing loadings by running 10 SCD updates.
......................................................................................................
Completed E-Step (27 seconds). 
Completed M-Step (0 seconds). 
calculate log likelihood 
Completing Iteration 1 (approx. per word bound = -40.264) 
......................................................................................................
Completed E-Step (16 seconds). 
Completed M-Step (0 seconds). 
calculate log likelihood 
convergence.check is 3.543186e-05 
Completing Iteration 2 (approx. per word bound = -40.262, relative change = 3.543e-05) 
......................................................................................................
Completed E-Step (17 seconds). 
Completed M-Step (0 seconds). 
calculate log likelihood 
convergence.check is 1.640601e-05 
Model Terminated Before Convergence Reached 
5 models in net 
Initialization with topicScore. 
Initializing factors using Topic SCORE algorithm.
Initializing loadings by running 10 SCD updates.
......................................................................................................
Completed E-Step (21 seconds). 
Completed M-Step (0 seconds). 
calculate log likelihood 
Completing Iteration 1 (approx. per word bound = -40.263) 
......................................................................................................
Completed E-Step (17 seconds). 
Completed M-Step (0 seconds). 
calculate log likelihood 
convergence.check is 2.885147e-05 
Completing Iteration 2 (approx. per word bound = -40.262, relative change = 2.885e-05) 
......................................................................................................
Completed E-Step (17 seconds). 
Completed M-Step (0 seconds). 
calculate log likelihood 
convergence.check is 1.607185e-05 
Model Terminated Before Convergence Reached 
6 models in net 
Initialization with topicScore. 
Initializing factors using Topic SCORE algorithm.
Initializing loadings by running 10 SCD updates.
......................................................................................................
Completed E-Step (21 seconds). 
Completed M-Step (0 seconds). 
calculate log likelihood 
Completing Iteration 1 (approx. per word bound = -40.265) 
......................................................................................................
Completed E-Step (16 seconds). 
Completed M-Step (0 seconds). 
calculate log likelihood 
convergence.check is 9.744438e-05 
Completing Iteration 2 (approx. per word bound = -40.261, relative change = 9.744e-05) 
......................................................................................................
Completed E-Step (16 seconds). 
Completed M-Step (0 seconds). 
calculate log likelihood 
convergence.check is 3.348986e-05 
Model Terminated Before Convergence Reached 
7 models in net 
Initialization with topicScore. 
Initializing factors using Topic SCORE algorithm.
Initializing loadings by running 10 SCD updates.
......................................................................................................
Completed E-Step (29 seconds). 
Completed M-Step (0 seconds). 
calculate log likelihood 
Completing Iteration 1 (approx. per word bound = -40.266) 
......................................................................................................
Completed E-Step (17 seconds). 
Completed M-Step (0 seconds). 
calculate log likelihood 
convergence.check is 9.746363e-05 
Completing Iteration 2 (approx. per word bound = -40.262, relative change = 9.746e-05) 
......................................................................................................
Completed E-Step (16 seconds). 
Completed M-Step (0 seconds). 
calculate log likelihood 
convergence.check is 3.551404e-05 
Model Terminated Before Convergence Reached 
8 models in net 
Initialization with topicScore. 
Initializing factors using Topic SCORE algorithm.
Initializing loadings by running 10 SCD updates.
......................................................................................................
Completed E-Step (19 seconds). 
Completed M-Step (0 seconds). 
calculate log likelihood 
Completing Iteration 1 (approx. per word bound = -40.262) 
......................................................................................................
Completed E-Step (15 seconds). 
Completed M-Step (0 seconds). 
calculate log likelihood 
convergence.check is 4.798699e-05 
Completing Iteration 2 (approx. per word bound = -40.260, relative change = 4.799e-05) 
......................................................................................................
Completed E-Step (15 seconds). 
Completed M-Step (0 seconds). 
calculate log likelihood 
convergence.check is 3.022483e-05 
Model Terminated Before Convergence Reached 
9 models in net 
Initialization with topicScore. 
Initializing factors using Topic SCORE algorithm.
Initializing loadings by running 10 SCD updates.
......................................................................................................
Completed E-Step (19 seconds). 
Completed M-Step (0 seconds). 
calculate log likelihood 
Completing Iteration 1 (approx. per word bound = -40.263) 
......................................................................................................
Completed E-Step (16 seconds). 
Completed M-Step (0 seconds). 
calculate log likelihood 
convergence.check is 2.525972e-05 
Completing Iteration 2 (approx. per word bound = -40.262, relative change = 2.526e-05) 
......................................................................................................
Completed E-Step (16 seconds). 
Completed M-Step (0 seconds). 
calculate log likelihood 
convergence.check is 1.824016e-05 
Model Terminated Before Convergence Reached 
10 models in net 
Initialization with topicScore. 
Initializing factors using Topic SCORE algorithm.
Initializing loadings by running 10 SCD updates.
......................................................................................................
Completed E-Step (21 seconds). 
Completed M-Step (0 seconds). 
calculate log likelihood 
Completing Iteration 1 (approx. per word bound = -40.280) 
......................................................................................................
Completed E-Step (16 seconds). 
Completed M-Step (0 seconds). 
calculate log likelihood 
convergence.check is 8.922604e-05 
Completing Iteration 2 (approx. per word bound = -40.277, relative change = 8.923e-05) 
......................................................................................................
Completed E-Step (15 seconds). 
Completed M-Step (0 seconds). 
calculate log likelihood 
convergence.check is 4.646117e-05 
Model Terminated Before Convergence Reached 
11 models in net 
Beginning Spectral Initialization 
	 Calculating the gram matrix...
	 Finding anchor words...
 	.....
	 Recovering initialization...
 	.......
Initialization complete.
......................................................................................................
Completed E-Step (24 seconds). 
Completed M-Step (0 seconds). 
calculate log likelihood 
Completing Iteration 1 (approx. per word bound = -40.278) 
......................................................................................................
Completed E-Step (15 seconds). 
Completed M-Step (0 seconds). 
calculate log likelihood 
convergence.check is 0.000372277 
Completing Iteration 2 (approx. per word bound = -40.263, relative change = 3.723e-04) 
......................................................................................................
Completed E-Step (14 seconds). 
Completed M-Step (0 seconds). 
calculate log likelihood 
convergence.check is 0.0004242181 
Model Terminated Before Convergence Reached 
12 models in net 
Beginning Random Initialization 
Initialization with Poisson NMF 
......................................................................................................
Completed E-Step (25 seconds). 
Completed M-Step (0 seconds). 
calculate log likelihood 
Completing Iteration 1 (approx. per word bound = -52.525) 
......................................................................................................
Completed E-Step (15 seconds). 
Completed M-Step (0 seconds). 
calculate log likelihood 
convergence.check is 0.2315421 
Completing Iteration 2 (approx. per word bound = -40.364, relative change = 2.315e-01) 
......................................................................................................
Completed E-Step (15 seconds). 
Completed M-Step (0 seconds). 
calculate log likelihood 
convergence.check is 5.569855e-05 
Model Terminated Before Convergence Reached 
13 models in net 
Beginning Random Initialization 
Initialization with Poisson NMF 
......................................................................................................
Completed E-Step (25 seconds). 
Completed M-Step (0 seconds). 
calculate log likelihood 
Completing Iteration 1 (approx. per word bound = -52.487) 
......................................................................................................
Completed E-Step (16 seconds). 
Completed M-Step (0 seconds). 
calculate log likelihood 
convergence.check is 0.2310809 
Completing Iteration 2 (approx. per word bound = -40.359, relative change = 2.311e-01) 
......................................................................................................
Completed E-Step (17 seconds). 
Completed M-Step (0 seconds). 
calculate log likelihood 
convergence.check is 0.0001511195 
Model Terminated Before Convergence Reached 
14 models in net 
Beginning Random Initialization 
Initialization with Poisson NMF 
......................................................................................................
Completed E-Step (26 seconds). 
Completed M-Step (0 seconds). 
calculate log likelihood 
Completing Iteration 1 (approx. per word bound = -51.727) 
......................................................................................................
Completed E-Step (16 seconds). 
Completed M-Step (0 seconds). 
calculate log likelihood 
convergence.check is 0.2196725 
Completing Iteration 2 (approx. per word bound = -40.364, relative change = 2.197e-01) 
......................................................................................................
Completed E-Step (14 seconds). 
Completed M-Step (0 seconds). 
calculate log likelihood 
convergence.check is 0.0001891823 
Model Terminated Before Convergence Reached 
15 models in net 
Beginning Random Initialization 
Initialization with Poisson NMF 
......................................................................................................
Completed E-Step (38 seconds). 
Completed M-Step (0 seconds). 
calculate log likelihood 
Completing Iteration 1 (approx. per word bound = -51.793) 
......................................................................................................
Completed E-Step (16 seconds). 
Completed M-Step (0 seconds). 
calculate log likelihood 
convergence.check is 0.2206084 
Completing Iteration 2 (approx. per word bound = -40.367, relative change = 2.206e-01) 
......................................................................................................
Completed E-Step (15 seconds). 
Completed M-Step (0 seconds). 
calculate log likelihood 
convergence.check is 0.0001189546 
Model Terminated Before Convergence Reached 
16 models in net 
Beginning Random Initialization 
Initialization with Poisson NMF 
......................................................................................................
Completed E-Step (22 seconds). 
Completed M-Step (0 seconds). 
calculate log likelihood 
Completing Iteration 1 (approx. per word bound = -52.346) 
......................................................................................................
Completed E-Step (14 seconds). 
Completed M-Step (0 seconds). 
calculate log likelihood 
convergence.check is 0.229021 
Completing Iteration 2 (approx. per word bound = -40.358, relative change = 2.290e-01) 
......................................................................................................
Completed E-Step (14 seconds). 
Completed M-Step (0 seconds). 
calculate log likelihood 
convergence.check is 4.601634e-05 
Model Terminated Before Convergence Reached 
17 models in net 
Beginning Random Initialization 
Initialization with Poisson NMF 
......................................................................................................
Completed E-Step (25 seconds). 
Completed M-Step (0 seconds). 
calculate log likelihood 
Completing Iteration 1 (approx. per word bound = -52.609) 
......................................................................................................
Completed E-Step (15 seconds). 
Completed M-Step (0 seconds). 
calculate log likelihood 
convergence.check is 0.232907 
Completing Iteration 2 (approx. per word bound = -40.356, relative change = 2.329e-01) 
......................................................................................................
Completed E-Step (14 seconds). 
Completed M-Step (0 seconds). 
calculate log likelihood 
convergence.check is 5.81844e-05 
Model Terminated Before Convergence Reached 
18 models in net 
Beginning Random Initialization 
Initialization with Poisson NMF 
......................................................................................................
Completed E-Step (27 seconds). 
Completed M-Step (0 seconds). 
calculate log likelihood 
Completing Iteration 1 (approx. per word bound = -51.822) 
......................................................................................................
Completed E-Step (14 seconds). 
Completed M-Step (0 seconds). 
calculate log likelihood 
convergence.check is 0.2210679 
Completing Iteration 2 (approx. per word bound = -40.366, relative change = 2.211e-01) 
......................................................................................................
Completed E-Step (14 seconds). 
Completed M-Step (0 seconds). 
calculate log likelihood 
convergence.check is 6.2496e-05 
Model Terminated Before Convergence Reached 
19 models in net 
Beginning Random Initialization 
Initialization with Poisson NMF 
......................................................................................................
Completed E-Step (24 seconds). 
Completed M-Step (0 seconds). 
calculate log likelihood 
Completing Iteration 1 (approx. per word bound = -52.648) 
......................................................................................................
Completed E-Step (15 seconds). 
Completed M-Step (0 seconds). 
calculate log likelihood 
convergence.check is 0.2334577 
Completing Iteration 2 (approx. per word bound = -40.357, relative change = 2.335e-01) 
......................................................................................................
Completed E-Step (15 seconds). 
Completed M-Step (0 seconds). 
calculate log likelihood 
convergence.check is 9.064555e-05 
Model Terminated Before Convergence Reached 
20 models in net 
Beginning Random Initialization 
Initialization with Poisson NMF 
......................................................................................................
Completed E-Step (26 seconds). 
Completed M-Step (0 seconds). 
calculate log likelihood 
Completing Iteration 1 (approx. per word bound = -52.105) 
......................................................................................................
Completed E-Step (17 seconds). 
Completed M-Step (0 seconds). 
calculate log likelihood 
convergence.check is 0.2254122 
Completing Iteration 2 (approx. per word bound = -40.360, relative change = 2.254e-01) 
......................................................................................................
Completed E-Step (16 seconds). 
Completed M-Step (0 seconds). 
calculate log likelihood 
convergence.check is 9.753117e-05 
Model Terminated Before Convergence Reached 
21 models in net 
Beginning Random Initialization 
Initialization with Poisson NMF 
......................................................................................................
Completed E-Step (24 seconds). 
Completed M-Step (0 seconds). 
calculate log likelihood 
Completing Iteration 1 (approx. per word bound = -52.258) 
......................................................................................................
Completed E-Step (14 seconds). 
Completed M-Step (0 seconds). 
calculate log likelihood 
convergence.check is 0.2276706 
Completing Iteration 2 (approx. per word bound = -40.361, relative change = 2.277e-01) 
......................................................................................................
Completed E-Step (14 seconds). 
Completed M-Step (0 seconds). 
calculate log likelihood 
convergence.check is 0.0002139713 
Model Terminated Before Convergence Reached 
Running select models 
1 select model run 
Beginning Spectral Initialization 
	 Calculating the gram matrix...
	 Finding anchor words...
 	.....
	 Recovering initialization...
 	.......
Initialization complete.
......................................................................................................
Completed E-Step (24 seconds). 
Completed M-Step (0 seconds). 
calculate log likelihood 
Completing Iteration 1 (approx. per word bound = -40.278) 
......................................................................................................
Completed E-Step (14 seconds). 
Completed M-Step (0 seconds). 
calculate log likelihood 
convergence.check is 0.000372277 
Completing Iteration 2 (approx. per word bound = -40.263, relative change = 3.723e-04) 
......................................................................................................
Completed E-Step (13 seconds). 
Completed M-Step (0 seconds). 
calculate log likelihood 
convergence.check is 0.0004242181 
Completing Iteration 3 (approx. per word bound = -40.246, relative change = 4.242e-04) 
......................................................................................................
Completed E-Step (11 seconds). 
Completed M-Step (0 seconds). 
calculate log likelihood 
convergence.check is 0.0002919423 
Completing Iteration 4 (approx. per word bound = -40.235, relative change = 2.919e-04) 
......................................................................................................
Completed E-Step (10 seconds). 
Completed M-Step (0 seconds). 
calculate log likelihood 
convergence.check is 0.0001110348 
Completing Iteration 5 (approx. per word bound = -40.230, relative change = 1.110e-04) 
Topic 1: Gene359, Gene396, Gene911, Gene747, Gene791 
 Topic 2: Gene1383, Gene1372, Gene162, Gene792, Gene1069 
 Topic 3: Gene173, Gene911, Gene396, Gene747, Gene359 
 Topic 4: Gene359, Gene396, Gene747, Gene791, Gene1383 
 Topic 5: Gene396, Gene359, Gene747, Gene1069, Gene911 
......................................................................................................
Completed E-Step (10 seconds). 
Completed M-Step (0 seconds). 
calculate log likelihood 
convergence.check is 7.335527e-05 
Completing Iteration 6 (approx. per word bound = -40.227, relative change = 7.336e-05) 
......................................................................................................
Completed E-Step (10 seconds). 
Completed M-Step (0 seconds). 
calculate log likelihood 
convergence.check is 5.189567e-05 
Completing Iteration 7 (approx. per word bound = -40.225, relative change = 5.190e-05) 
......................................................................................................
Completed E-Step (10 seconds). 
Completed M-Step (0 seconds). 
calculate log likelihood 
convergence.check is 3.570355e-05 
Completing Iteration 8 (approx. per word bound = -40.224, relative change = 3.570e-05) 
......................................................................................................
Completed E-Step (10 seconds). 
Completed M-Step (0 seconds). 
calculate log likelihood 
convergence.check is 2.430424e-05 
Completing Iteration 9 (approx. per word bound = -40.223, relative change = 2.430e-05) 
......................................................................................................
Completed E-Step (10 seconds). 
Completed M-Step (0 seconds). 
calculate log likelihood 
convergence.check is 1.694292e-05 
Completing Iteration 10 (approx. per word bound = -40.222, relative change = 1.694e-05) 
Topic 1: Gene911, Gene359, Gene396, Gene747, Gene791 
 Topic 2: Gene1383, Gene1372, Gene162, Gene792, Gene1069 
 Topic 3: Gene173, Gene911, Gene396, Gene1069, Gene747 
 Topic 4: Gene359, Gene396, Gene747, Gene791, Gene173 
 Topic 5: Gene396, Gene359, Gene747, Gene1069, Gene911 
......................................................................................................
Completed E-Step (9 seconds). 
Completed M-Step (0 seconds). 
calculate log likelihood 
convergence.check is 1.130574e-05 
Completing Iteration 11 (approx. per word bound = -40.221, relative change = 1.131e-05) 
......................................................................................................
Completed E-Step (9 seconds). 
Completed M-Step (0 seconds). 
calculate log likelihood 
convergence.check is 7.862759e-06 
Completing Iteration 12 (approx. per word bound = -40.221, relative change = 7.863e-06) 
......................................................................................................
Completed E-Step (9 seconds). 
Completed M-Step (0 seconds). 
calculate log likelihood 
convergence.check is 5.44688e-06 
Completing Iteration 13 (approx. per word bound = -40.221, relative change = 5.447e-06) 
......................................................................................................
Completed E-Step (8 seconds). 
Completed M-Step (0 seconds). 
calculate log likelihood 
convergence.check is 4.151262e-06 
Completing Iteration 14 (approx. per word bound = -40.221, relative change = 4.151e-06) 
......................................................................................................
Completed E-Step (8 seconds). 
Completed M-Step (0 seconds). 
calculate log likelihood 
convergence.check is 3.169212e-06 
Completing Iteration 15 (approx. per word bound = -40.221, relative change = 3.169e-06) 
Topic 1: Gene911, Gene359, Gene396, Gene747, Gene1069 
 Topic 2: Gene1383, Gene1372, Gene162, Gene792, Gene1069 
 Topic 3: Gene173, Gene911, Gene1069, Gene396, Gene747 
 Topic 4: Gene359, Gene396, Gene747, Gene791, Gene173 
 Topic 5: Gene396, Gene359, Gene747, Gene1069, Gene911 
......................................................................................................
Completed E-Step (8 seconds). 
Completed M-Step (0 seconds). 
calculate log likelihood 
convergence.check is 2.556009e-06 
Completing Iteration 16 (approx. per word bound = -40.221, relative change = 2.556e-06) 
......................................................................................................
Completed E-Step (8 seconds). 
Completed M-Step (0 seconds). 
calculate log likelihood 
convergence.check is 2.037256e-06 
Completing Iteration 17 (approx. per word bound = -40.220, relative change = 2.037e-06) 
......................................................................................................
Completed E-Step (8 seconds). 
Completed M-Step (0 seconds). 
calculate log likelihood 
convergence.check is 1.553639e-06 
Completing Iteration 18 (approx. per word bound = -40.220, relative change = 1.554e-06) 
......................................................................................................
Completed E-Step (8 seconds). 
Completed M-Step (0 seconds). 
calculate log likelihood 
convergence.check is 1.26527e-06 
Completing Iteration 19 (approx. per word bound = -40.220, relative change = 1.265e-06) 
......................................................................................................
Completed E-Step (8 seconds). 
Completed M-Step (0 seconds). 
calculate log likelihood 
convergence.check is 1.031871e-06 
Completing Iteration 20 (approx. per word bound = -40.220, relative change = 1.032e-06) 
Topic 1: Gene911, Gene359, Gene396, Gene747, Gene1069 
 Topic 2: Gene1383, Gene1372, Gene162, Gene792, Gene1069 
 Topic 3: Gene173, Gene911, Gene1069, Gene396, Gene747 
 Topic 4: Gene359, Gene396, Gene747, Gene791, Gene173 
 Topic 5: Gene396, Gene359, Gene747, Gene1069, Gene911 
......................................................................................................
Completed E-Step (8 seconds). 
Completed M-Step (0 seconds). 
calculate log likelihood 
convergence.check is 7.896836e-07 
Model Converged 
2 select model run 
Initialization with topicScore. 
Initializing factors using Topic SCORE algorithm.
Initializing loadings by running 10 SCD updates.
......................................................................................................
Completed E-Step (18 seconds). 
Completed M-Step (0 seconds). 
calculate log likelihood 
Completing Iteration 1 (approx. per word bound = -40.262) 
......................................................................................................
Completed E-Step (16 seconds). 
Completed M-Step (0 seconds). 
calculate log likelihood 
convergence.check is 4.798699e-05 
Completing Iteration 2 (approx. per word bound = -40.260, relative change = 4.799e-05) 
......................................................................................................
Completed E-Step (16 seconds). 
Completed M-Step (0 seconds). 
calculate log likelihood 
convergence.check is 3.022483e-05 
Completing Iteration 3 (approx. per word bound = -40.259, relative change = 3.022e-05) 
......................................................................................................
Completed E-Step (16 seconds). 
Completed M-Step (0 seconds). 
calculate log likelihood 
convergence.check is 2.672667e-05 
Completing Iteration 4 (approx. per word bound = -40.258, relative change = 2.673e-05) 
......................................................................................................
Completed E-Step (16 seconds). 
Completed M-Step (0 seconds). 
calculate log likelihood 
convergence.check is 2.402268e-05 
Completing Iteration 5 (approx. per word bound = -40.257, relative change = 2.402e-05) 
Topic 1: Gene911, Gene602, Gene173, Gene1244, Gene1359 
 Topic 2: Gene1069, Gene1179, Gene911, Gene747, Gene257 
 Topic 3: Gene162, Gene1383, Gene972, Gene911, Gene861 
 Topic 4: Gene359, Gene396, Gene791, Gene747, Gene911 
 Topic 5: Gene173, Gene1383, Gene1372, Gene972, Gene1069 
......................................................................................................
Completed E-Step (17 seconds). 
Completed M-Step (0 seconds). 
calculate log likelihood 
convergence.check is 2.181464e-05 
Completing Iteration 6 (approx. per word bound = -40.256, relative change = 2.181e-05) 
......................................................................................................
Completed E-Step (14 seconds). 
Completed M-Step (0 seconds). 
calculate log likelihood 
convergence.check is 1.98388e-05 
Completing Iteration 7 (approx. per word bound = -40.255, relative change = 1.984e-05) 
......................................................................................................
Completed E-Step (14 seconds). 
Completed M-Step (0 seconds). 
calculate log likelihood 
convergence.check is 1.801791e-05 
Completing Iteration 8 (approx. per word bound = -40.255, relative change = 1.802e-05) 
......................................................................................................
Completed E-Step (15 seconds). 
Completed M-Step (0 seconds). 
calculate log likelihood 
convergence.check is 1.647171e-05 
Completing Iteration 9 (approx. per word bound = -40.254, relative change = 1.647e-05) 
......................................................................................................
Completed E-Step (14 seconds). 
Completed M-Step (0 seconds). 
calculate log likelihood 
convergence.check is 1.494554e-05 
Completing Iteration 10 (approx. per word bound = -40.253, relative change = 1.495e-05) 
Topic 1: Gene911, Gene173, Gene602, Gene1244, Gene1359 
 Topic 2: Gene1069, Gene1179, Gene747, Gene911, Gene257 
 Topic 3: Gene162, Gene1383, Gene861, Gene972, Gene1372 
 Topic 4: Gene359, Gene396, Gene791, Gene747, Gene911 
 Topic 5: Gene173, Gene1383, Gene1372, Gene972, Gene792 
......................................................................................................
Completed E-Step (14 seconds). 
Completed M-Step (0 seconds). 
calculate log likelihood 
convergence.check is 1.356496e-05 
Completing Iteration 11 (approx. per word bound = -40.253, relative change = 1.356e-05) 
......................................................................................................
Completed E-Step (14 seconds). 
Completed M-Step (0 seconds). 
calculate log likelihood 
convergence.check is 1.231627e-05 
Completing Iteration 12 (approx. per word bound = -40.252, relative change = 1.232e-05) 
......................................................................................................
Completed E-Step (14 seconds). 
Completed M-Step (0 seconds). 
calculate log likelihood 
convergence.check is 1.116554e-05 
Completing Iteration 13 (approx. per word bound = -40.252, relative change = 1.117e-05) 
......................................................................................................
Completed E-Step (14 seconds). 
Completed M-Step (0 seconds). 
calculate log likelihood 
convergence.check is 1.016598e-05 
Completing Iteration 14 (approx. per word bound = -40.251, relative change = 1.017e-05) 
......................................................................................................
Completed E-Step (14 seconds). 
Completed M-Step (0 seconds). 
calculate log likelihood 
convergence.check is 9.192126e-06 
Completing Iteration 15 (approx. per word bound = -40.251, relative change = 9.192e-06) 
Topic 1: Gene911, Gene173, Gene602, Gene1244, Gene1359 
 Topic 2: Gene1069, Gene1179, Gene747, Gene911, Gene257 
 Topic 3: Gene162, Gene1383, Gene861, Gene972, Gene1372 
 Topic 4: Gene359, Gene396, Gene791, Gene747, Gene911 
 Topic 5: Gene173, Gene1383, Gene1372, Gene972, Gene792 
......................................................................................................
Completed E-Step (14 seconds). 
Completed M-Step (0 seconds). 
calculate log likelihood 
convergence.check is 8.426448e-06 
Completing Iteration 16 (approx. per word bound = -40.251, relative change = 8.426e-06) 
......................................................................................................
Completed E-Step (14 seconds). 
Completed M-Step (0 seconds). 
calculate log likelihood 
convergence.check is 7.782121e-06 
Completing Iteration 17 (approx. per word bound = -40.250, relative change = 7.782e-06) 
......................................................................................................
Completed E-Step (13 seconds). 
Completed M-Step (0 seconds). 
calculate log likelihood 
convergence.check is 7.097495e-06 
Completing Iteration 18 (approx. per word bound = -40.250, relative change = 7.097e-06) 
......................................................................................................
Completed E-Step (14 seconds). 
Completed M-Step (0 seconds). 
calculate log likelihood 
convergence.check is 6.616121e-06 
Completing Iteration 19 (approx. per word bound = -40.250, relative change = 6.616e-06) 
......................................................................................................
Completed E-Step (13 seconds). 
Completed M-Step (0 seconds). 
calculate log likelihood 
convergence.check is 6.149642e-06 
Completing Iteration 20 (approx. per word bound = -40.250, relative change = 6.150e-06) 
Topic 1: Gene173, Gene911, Gene602, Gene1244, Gene199 
 Topic 2: Gene1069, Gene1179, Gene747, Gene911, Gene257 
 Topic 3: Gene162, Gene1383, Gene861, Gene972, Gene1372 
 Topic 4: Gene359, Gene396, Gene791, Gene747, Gene911 
 Topic 5: Gene173, Gene1383, Gene1372, Gene972, Gene792 
......................................................................................................
Completed E-Step (14 seconds). 
Completed M-Step (0 seconds). 
calculate log likelihood 
convergence.check is 6.201714e-06 
Completing Iteration 21 (approx. per word bound = -40.249, relative change = 6.202e-06) 
......................................................................................................
Completed E-Step (14 seconds). 
Completed M-Step (0 seconds). 
calculate log likelihood 
convergence.check is 4.853339e-06 
Completing Iteration 22 (approx. per word bound = -40.249, relative change = 4.853e-06) 
......................................................................................................
Completed E-Step (14 seconds). 
Completed M-Step (0 seconds). 
calculate log likelihood 
convergence.check is 5.493664e-06 
Completing Iteration 23 (approx. per word bound = -40.249, relative change = 5.494e-06) 
......................................................................................................
Completed E-Step (13 seconds). 
Completed M-Step (0 seconds). 
calculate log likelihood 
convergence.check is 4.290017e-06 
Completing Iteration 24 (approx. per word bound = -40.249, relative change = 4.290e-06) 
......................................................................................................
Completed E-Step (13 seconds). 
Completed M-Step (0 seconds). 
calculate log likelihood 
convergence.check is 4.94206e-06 
Completing Iteration 25 (approx. per word bound = -40.249, relative change = 4.942e-06) 
Topic 1: Gene173, Gene911, Gene602, Gene1244, Gene199 
 Topic 2: Gene1069, Gene1179, Gene747, Gene911, Gene257 
 Topic 3: Gene162, Gene1383, Gene861, Gene972, Gene1372 
 Topic 4: Gene359, Gene396, Gene791, Gene747, Gene911 
 Topic 5: Gene173, Gene1383, Gene1372, Gene972, Gene792 
......................................................................................................
Completed E-Step (13 seconds). 
Completed M-Step (0 seconds). 
calculate log likelihood 
convergence.check is 4.669531e-06 
Completing Iteration 26 (approx. per word bound = -40.248, relative change = 4.670e-06) 
......................................................................................................
Completed E-Step (13 seconds). 
Completed M-Step (0 seconds). 
calculate log likelihood 
convergence.check is 3.188793e-06 
Completing Iteration 27 (approx. per word bound = -40.248, relative change = 3.189e-06) 
......................................................................................................
Completed E-Step (13 seconds). 
Completed M-Step (0 seconds). 
calculate log likelihood 
convergence.check is 4.148957e-06 
Completing Iteration 28 (approx. per word bound = -40.248, relative change = 4.149e-06) 
......................................................................................................
Completed E-Step (13 seconds). 
Completed M-Step (0 seconds). 
calculate log likelihood 
convergence.check is 4.000214e-06 
Completing Iteration 29 (approx. per word bound = -40.248, relative change = 4.000e-06) 
......................................................................................................
Completed E-Step (13 seconds). 
Completed M-Step (0 seconds). 
calculate log likelihood 
convergence.check is 2.679744e-06 
Completing Iteration 30 (approx. per word bound = -40.248, relative change = 2.680e-06) 
Topic 1: Gene173, Gene911, Gene602, Gene1244, Gene199 
 Topic 2: Gene1069, Gene1179, Gene747, Gene911, Gene257 
 Topic 3: Gene1383, Gene162, Gene861, Gene1372, Gene972 
 Topic 4: Gene359, Gene396, Gene791, Gene747, Gene911 
 Topic 5: Gene173, Gene1383, Gene1372, Gene972, Gene792 
......................................................................................................
Completed E-Step (13 seconds). 
Completed M-Step (0 seconds). 
calculate log likelihood 
convergence.check is 3.66782e-06 
Completing Iteration 31 (approx. per word bound = -40.248, relative change = 3.668e-06) 
......................................................................................................
Completed E-Step (12 seconds). 
Completed M-Step (0 seconds). 
calculate log likelihood 
convergence.check is 3.516674e-06 
Completing Iteration 32 (approx. per word bound = -40.248, relative change = 3.517e-06) 
......................................................................................................
Completed E-Step (12 seconds). 
Completed M-Step (0 seconds). 
calculate log likelihood 
convergence.check is 3.286437e-06 
Completing Iteration 33 (approx. per word bound = -40.247, relative change = 3.286e-06) 
......................................................................................................
Completed E-Step (12 seconds). 
Completed M-Step (0 seconds). 
calculate log likelihood 
convergence.check is 1.924703e-06 
Completing Iteration 34 (approx. per word bound = -40.247, relative change = 1.925e-06) 
......................................................................................................
Completed E-Step (12 seconds). 
Completed M-Step (0 seconds). 
calculate log likelihood 
convergence.check is 3.090888e-06 
Completing Iteration 35 (approx. per word bound = -40.247, relative change = 3.091e-06) 
Topic 1: Gene173, Gene911, Gene602, Gene1244, Gene199 
 Topic 2: Gene1069, Gene1179, Gene747, Gene911, Gene257 
 Topic 3: Gene1383, Gene162, Gene861, Gene1372, Gene972 
 Topic 4: Gene359, Gene396, Gene791, Gene747, Gene911 
 Topic 5: Gene173, Gene1383, Gene1372, Gene972, Gene792 
......................................................................................................
Completed E-Step (12 seconds). 
Completed M-Step (0 seconds). 
calculate log likelihood 
convergence.check is 2.958933e-06 
Completing Iteration 36 (approx. per word bound = -40.247, relative change = 2.959e-06) 
......................................................................................................
Completed E-Step (12 seconds). 
Completed M-Step (0 seconds). 
calculate log likelihood 
convergence.check is 2.883092e-06 
Completing Iteration 37 (approx. per word bound = -40.247, relative change = 2.883e-06) 
......................................................................................................
Completed E-Step (12 seconds). 
Completed M-Step (0 seconds). 
calculate log likelihood 
convergence.check is 1.800762e-06 
Completing Iteration 38 (approx. per word bound = -40.247, relative change = 1.801e-06) 
......................................................................................................
Completed E-Step (12 seconds). 
Completed M-Step (0 seconds). 
calculate log likelihood 
convergence.check is 2.67628e-06 
Completing Iteration 39 (approx. per word bound = -40.247, relative change = 2.676e-06) 
......................................................................................................
Completed E-Step (12 seconds). 
Completed M-Step (0 seconds). 
calculate log likelihood 
convergence.check is 2.584003e-06 
Completing Iteration 40 (approx. per word bound = -40.247, relative change = 2.584e-06) 
Topic 1: Gene173, Gene911, Gene602, Gene1244, Gene199 
 Topic 2: Gene1069, Gene1179, Gene747, Gene911, Gene257 
 Topic 3: Gene1383, Gene162, Gene861, Gene1372, Gene972 
 Topic 4: Gene359, Gene396, Gene791, Gene747, Gene911 
 Topic 5: Gene173, Gene1383, Gene1372, Gene972, Gene792 
......................................................................................................
Completed E-Step (12 seconds). 
Completed M-Step (0 seconds). 
calculate log likelihood 
convergence.check is 2.54093e-06 
Completing Iteration 41 (approx. per word bound = -40.247, relative change = 2.541e-06) 
......................................................................................................
Completed E-Step (12 seconds). 
Completed M-Step (0 seconds). 
calculate log likelihood 
convergence.check is 2.370164e-06 
Completing Iteration 42 (approx. per word bound = -40.246, relative change = 2.370e-06) 
......................................................................................................
Completed E-Step (12 seconds). 
Completed M-Step (0 seconds). 
calculate log likelihood 
convergence.check is 2.312605e-06 
Completing Iteration 43 (approx. per word bound = -40.246, relative change = 2.313e-06) 
......................................................................................................
Completed E-Step (11 seconds). 
Completed M-Step (0 seconds). 
calculate log likelihood 
convergence.check is 2.235452e-06 
Completing Iteration 44 (approx. per word bound = -40.246, relative change = 2.235e-06) 
......................................................................................................
Completed E-Step (11 seconds). 
Completed M-Step (0 seconds). 
calculate log likelihood 
convergence.check is 2.14489e-06 
Completing Iteration 45 (approx. per word bound = -40.246, relative change = 2.145e-06) 
Topic 1: Gene173, Gene911, Gene602, Gene1244, Gene199 
 Topic 2: Gene1069, Gene1179, Gene747, Gene911, Gene257 
 Topic 3: Gene1383, Gene162, Gene861, Gene1372, Gene972 
 Topic 4: Gene359, Gene396, Gene791, Gene747, Gene686 
 Topic 5: Gene173, Gene1383, Gene1372, Gene972, Gene792 
......................................................................................................
Completed E-Step (11 seconds). 
Completed M-Step (0 seconds). 
calculate log likelihood 
convergence.check is 2.076556e-06 
Completing Iteration 46 (approx. per word bound = -40.246, relative change = 2.077e-06) 
......................................................................................................
Completed E-Step (11 seconds). 
Completed M-Step (0 seconds). 
calculate log likelihood 
convergence.check is 2.023408e-06 
Completing Iteration 47 (approx. per word bound = -40.246, relative change = 2.023e-06) 
......................................................................................................
Completed E-Step (11 seconds). 
Completed M-Step (0 seconds). 
calculate log likelihood 
convergence.check is 1.920118e-06 
Completing Iteration 48 (approx. per word bound = -40.246, relative change = 1.920e-06) 
......................................................................................................
Completed E-Step (10 seconds). 
Completed M-Step (0 seconds). 
calculate log likelihood 
convergence.check is 1.88488e-06 
Completing Iteration 49 (approx. per word bound = -40.246, relative change = 1.885e-06) 
......................................................................................................
Completed E-Step (10 seconds). 
Completed M-Step (0 seconds). 
calculate log likelihood 
convergence.check is 1.812581e-06 
Completing Iteration 50 (approx. per word bound = -40.246, relative change = 1.813e-06) 
Topic 1: Gene173, Gene911, Gene602, Gene1244, Gene199 
 Topic 2: Gene1069, Gene1179, Gene747, Gene911, Gene257 
 Topic 3: Gene1383, Gene162, Gene861, Gene1372, Gene972 
 Topic 4: Gene359, Gene396, Gene791, Gene747, Gene686 
 Topic 5: Gene173, Gene1383, Gene1372, Gene972, Gene792 
......................................................................................................
Completed E-Step (11 seconds). 
Completed M-Step (0 seconds). 
calculate log likelihood 
convergence.check is 1.741307e-06 
Completing Iteration 51 (approx. per word bound = -40.246, relative change = 1.741e-06) 
......................................................................................................
Completed E-Step (10 seconds). 
Completed M-Step (0 seconds). 
calculate log likelihood 
convergence.check is 1.666841e-06 
Completing Iteration 52 (approx. per word bound = -40.246, relative change = 1.667e-06) 
......................................................................................................
Completed E-Step (10 seconds). 
Completed M-Step (0 seconds). 
calculate log likelihood 
convergence.check is 1.634695e-06 
Completing Iteration 53 (approx. per word bound = -40.246, relative change = 1.635e-06) 
......................................................................................................
Completed E-Step (10 seconds). 
Completed M-Step (0 seconds). 
calculate log likelihood 
convergence.check is 1.66617e-06 
Completing Iteration 54 (approx. per word bound = -40.246, relative change = 1.666e-06) 
......................................................................................................
Completed E-Step (10 seconds). 
Completed M-Step (0 seconds). 
calculate log likelihood 
convergence.check is 1.512564e-06 
Completing Iteration 55 (approx. per word bound = -40.245, relative change = 1.513e-06) 
Topic 1: Gene173, Gene911, Gene602, Gene1244, Gene199 
 Topic 2: Gene1069, Gene1179, Gene747, Gene911, Gene257 
 Topic 3: Gene1383, Gene162, Gene861, Gene1372, Gene972 
 Topic 4: Gene359, Gene396, Gene791, Gene747, Gene1069 
 Topic 5: Gene173, Gene1383, Gene1372, Gene972, Gene792 
......................................................................................................
Completed E-Step (10 seconds). 
Completed M-Step (0 seconds). 
calculate log likelihood 
convergence.check is 1.48634e-06 
Completing Iteration 56 (approx. per word bound = -40.245, relative change = 1.486e-06) 
......................................................................................................
Completed E-Step (10 seconds). 
Completed M-Step (0 seconds). 
calculate log likelihood 
convergence.check is 1.427448e-06 
Completing Iteration 57 (approx. per word bound = -40.245, relative change = 1.427e-06) 
......................................................................................................
Completed E-Step (10 seconds). 
Completed M-Step (0 seconds). 
calculate log likelihood 
convergence.check is 1.379115e-06 
Completing Iteration 58 (approx. per word bound = -40.245, relative change = 1.379e-06) 
......................................................................................................
Completed E-Step (10 seconds). 
Completed M-Step (0 seconds). 
calculate log likelihood 
convergence.check is 1.356677e-06 
Completing Iteration 59 (approx. per word bound = -40.245, relative change = 1.357e-06) 
......................................................................................................
Completed E-Step (10 seconds). 
Completed M-Step (0 seconds). 
calculate log likelihood 
convergence.check is 1.294772e-06 
Completing Iteration 60 (approx. per word bound = -40.245, relative change = 1.295e-06) 
Topic 1: Gene173, Gene911, Gene602, Gene1244, Gene199 
 Topic 2: Gene1069, Gene1179, Gene747, Gene911, Gene257 
 Topic 3: Gene1383, Gene162, Gene861, Gene1372, Gene972 
 Topic 4: Gene359, Gene396, Gene791, Gene747, Gene1069 
 Topic 5: Gene173, Gene1383, Gene1372, Gene972, Gene792 
......................................................................................................
Completed E-Step (9 seconds). 
Completed M-Step (0 seconds). 
calculate log likelihood 
convergence.check is 1.270046e-06 
Completing Iteration 61 (approx. per word bound = -40.245, relative change = 1.270e-06) 
......................................................................................................
Completed E-Step (9 seconds). 
Completed M-Step (0 seconds). 
calculate log likelihood 
convergence.check is 1.195313e-06 
Completing Iteration 62 (approx. per word bound = -40.245, relative change = 1.195e-06) 
......................................................................................................
Completed E-Step (9 seconds). 
Completed M-Step (0 seconds). 
calculate log likelihood 
convergence.check is 1.210637e-06 
Completing Iteration 63 (approx. per word bound = -40.245, relative change = 1.211e-06) 
......................................................................................................
Completed E-Step (9 seconds). 
Completed M-Step (0 seconds). 
calculate log likelihood 
convergence.check is 1.164187e-06 
Completing Iteration 64 (approx. per word bound = -40.245, relative change = 1.164e-06) 
......................................................................................................
Completed E-Step (9 seconds). 
Completed M-Step (0 seconds). 
calculate log likelihood 
convergence.check is 1.151649e-06 
Completing Iteration 65 (approx. per word bound = -40.245, relative change = 1.152e-06) 
Topic 1: Gene173, Gene911, Gene602, Gene1244, Gene199 
 Topic 2: Gene1069, Gene1179, Gene747, Gene911, Gene257 
 Topic 3: Gene1383, Gene162, Gene861, Gene1372, Gene972 
 Topic 4: Gene359, Gene396, Gene791, Gene747, Gene972 
 Topic 5: Gene173, Gene1383, Gene1372, Gene972, Gene792 
......................................................................................................
Completed E-Step (9 seconds). 
Completed M-Step (0 seconds). 
calculate log likelihood 
convergence.check is 1.137115e-06 
Completing Iteration 66 (approx. per word bound = -40.245, relative change = 1.137e-06) 
......................................................................................................
Completed E-Step (9 seconds). 
Completed M-Step (0 seconds). 
calculate log likelihood 
convergence.check is 1.1275e-06 
Completing Iteration 67 (approx. per word bound = -40.245, relative change = 1.127e-06) 
......................................................................................................
Completed E-Step (9 seconds). 
Completed M-Step (0 seconds). 
calculate log likelihood 
convergence.check is 1.085877e-06 
Completing Iteration 68 (approx. per word bound = -40.245, relative change = 1.086e-06) 
......................................................................................................
Completed E-Step (9 seconds). 
Completed M-Step (0 seconds). 
calculate log likelihood 
convergence.check is 1.076992e-06 
Completing Iteration 69 (approx. per word bound = -40.245, relative change = 1.077e-06) 
......................................................................................................
Completed E-Step (9 seconds). 
Completed M-Step (0 seconds). 
calculate log likelihood 
convergence.check is 1.092565e-06 
Completing Iteration 70 (approx. per word bound = -40.245, relative change = 1.093e-06) 
Topic 1: Gene173, Gene911, Gene602, Gene1244, Gene199 
 Topic 2: Gene1069, Gene1179, Gene747, Gene911, Gene257 
 Topic 3: Gene1383, Gene162, Gene861, Gene1372, Gene972 
 Topic 4: Gene359, Gene396, Gene791, Gene747, Gene972 
 Topic 5: Gene173, Gene1383, Gene1372, Gene972, Gene792 
......................................................................................................
Completed E-Step (9 seconds). 
Completed M-Step (0 seconds). 
calculate log likelihood 
convergence.check is 1.092062e-06 
Completing Iteration 71 (approx. per word bound = -40.245, relative change = 1.092e-06) 
......................................................................................................
Completed E-Step (9 seconds). 
Completed M-Step (0 seconds). 
calculate log likelihood 
convergence.check is 1.06079e-06 
Completing Iteration 72 (approx. per word bound = -40.245, relative change = 1.061e-06) 
......................................................................................................
Completed E-Step (9 seconds). 
Completed M-Step (0 seconds). 
calculate log likelihood 
convergence.check is 1.055052e-06 
Completing Iteration 73 (approx. per word bound = -40.245, relative change = 1.055e-06) 
......................................................................................................
Completed E-Step (9 seconds). 
Completed M-Step (0 seconds). 
calculate log likelihood 
convergence.check is 1.023036e-06 
Completing Iteration 74 (approx. per word bound = -40.245, relative change = 1.023e-06) 
......................................................................................................
Completed E-Step (8 seconds). 
Completed M-Step (0 seconds). 
calculate log likelihood 
convergence.check is 9.873634e-07 
Model Converged 
3 select model run 
Initialization with topicScore. 
Initializing factors using Topic SCORE algorithm.
Initializing loadings by running 10 SCD updates.
......................................................................................................
Completed E-Step (12 seconds). 
Completed M-Step (0 seconds). 
calculate log likelihood 
Completing Iteration 1 (approx. per word bound = -40.265) 
......................................................................................................
Completed E-Step (10 seconds). 
Completed M-Step (0 seconds). 
calculate log likelihood 
convergence.check is 9.744438e-05 
Completing Iteration 2 (approx. per word bound = -40.261, relative change = 9.744e-05) 
......................................................................................................
Completed E-Step (11 seconds). 
Completed M-Step (0 seconds). 
calculate log likelihood 
convergence.check is 3.348986e-05 
Completing Iteration 3 (approx. per word bound = -40.259, relative change = 3.349e-05) 
......................................................................................................
Completed E-Step (17 seconds). 
Completed M-Step (0 seconds). 
calculate log likelihood 
convergence.check is 2.180804e-05 
Completing Iteration 4 (approx. per word bound = -40.258, relative change = 2.181e-05) 
......................................................................................................
Completed E-Step (16 seconds). 
Completed M-Step (0 seconds). 
calculate log likelihood 
convergence.check is 1.588597e-05 
Completing Iteration 5 (approx. per word bound = -40.258, relative change = 1.589e-05) 
Topic 1: Gene1069, Gene1179, Gene162, Gene1383, Gene747 
 Topic 2: Gene911, Gene602, Gene1179, Gene1069, Gene1158 
 Topic 3: Gene359, Gene396, Gene791, Gene747, Gene911 
 Topic 4: Gene173, Gene911, Gene602, Gene396, Gene1244 
 Topic 5: Gene359, Gene396, Gene972, Gene1383, Gene747 
......................................................................................................
Completed E-Step (16 seconds). 
Completed M-Step (0 seconds). 
calculate log likelihood 
convergence.check is 1.225281e-05 
Completing Iteration 6 (approx. per word bound = -40.257, relative change = 1.225e-05) 
......................................................................................................
Completed E-Step (16 seconds). 
Completed M-Step (0 seconds). 
calculate log likelihood 
convergence.check is 1.003656e-05 
Completing Iteration 7 (approx. per word bound = -40.257, relative change = 1.004e-05) 
......................................................................................................
Completed E-Step (16 seconds). 
Completed M-Step (0 seconds). 
calculate log likelihood 
convergence.check is 8.636424e-06 
Completing Iteration 8 (approx. per word bound = -40.257, relative change = 8.636e-06) 
......................................................................................................
Completed E-Step (17 seconds). 
Completed M-Step (0 seconds). 
calculate log likelihood 
convergence.check is 7.70337e-06 
Completing Iteration 9 (approx. per word bound = -40.256, relative change = 7.703e-06) 
......................................................................................................
Completed E-Step (16 seconds). 
Completed M-Step (0 seconds). 
calculate log likelihood 
convergence.check is 6.82082e-06 
Completing Iteration 10 (approx. per word bound = -40.256, relative change = 6.821e-06) 
Topic 1: Gene1069, Gene1179, Gene162, Gene1383, Gene257 
 Topic 2: Gene911, Gene602, Gene1179, Gene1069, Gene1158 
 Topic 3: Gene359, Gene396, Gene791, Gene747, Gene911 
 Topic 4: Gene173, Gene911, Gene602, Gene396, Gene747 
 Topic 5: Gene1383, Gene359, Gene972, Gene396, Gene747 
......................................................................................................
Completed E-Step (16 seconds). 
Completed M-Step (0 seconds). 
calculate log likelihood 
convergence.check is 6.266382e-06 
Completing Iteration 11 (approx. per word bound = -40.256, relative change = 6.266e-06) 
......................................................................................................
Completed E-Step (16 seconds). 
Completed M-Step (0 seconds). 
calculate log likelihood 
convergence.check is 5.916304e-06 
Completing Iteration 12 (approx. per word bound = -40.255, relative change = 5.916e-06) 
......................................................................................................
Completed E-Step (16 seconds). 
Completed M-Step (0 seconds). 
calculate log likelihood 
convergence.check is 5.474246e-06 
Completing Iteration 13 (approx. per word bound = -40.255, relative change = 5.474e-06) 
......................................................................................................
Completed E-Step (16 seconds). 
Completed M-Step (0 seconds). 
calculate log likelihood 
convergence.check is 5.309269e-06 
Completing Iteration 14 (approx. per word bound = -40.255, relative change = 5.309e-06) 
......................................................................................................
Completed E-Step (16 seconds). 
Completed M-Step (0 seconds). 
calculate log likelihood 
convergence.check is 4.882882e-06 
Completing Iteration 15 (approx. per word bound = -40.255, relative change = 4.883e-06) 
Topic 1: Gene1069, Gene1179, Gene162, Gene257, Gene1383 
 Topic 2: Gene911, Gene602, Gene1179, Gene1069, Gene1158 
 Topic 3: Gene359, Gene396, Gene791, Gene747, Gene911 
 Topic 4: Gene173, Gene911, Gene602, Gene396, Gene747 
 Topic 5: Gene1383, Gene972, Gene359, Gene396, Gene162 
......................................................................................................
Completed E-Step (16 seconds). 
Completed M-Step (0 seconds). 
calculate log likelihood 
convergence.check is 4.621886e-06 
Completing Iteration 16 (approx. per word bound = -40.255, relative change = 4.622e-06) 
......................................................................................................
Completed E-Step (16 seconds). 
Completed M-Step (0 seconds). 
calculate log likelihood 
convergence.check is 4.542321e-06 
Completing Iteration 17 (approx. per word bound = -40.254, relative change = 4.542e-06) 
......................................................................................................
Completed E-Step (16 seconds). 
Completed M-Step (0 seconds). 
calculate log likelihood 
convergence.check is 4.306889e-06 
Completing Iteration 18 (approx. per word bound = -40.254, relative change = 4.307e-06) 
......................................................................................................
Completed E-Step (16 seconds). 
Completed M-Step (0 seconds). 
calculate log likelihood 
convergence.check is 4.300875e-06 
Completing Iteration 19 (approx. per word bound = -40.254, relative change = 4.301e-06) 
......................................................................................................
Completed E-Step (16 seconds). 
Completed M-Step (0 seconds). 
calculate log likelihood 
convergence.check is 4.205312e-06 
Completing Iteration 20 (approx. per word bound = -40.254, relative change = 4.205e-06) 
Topic 1: Gene1069, Gene1179, Gene162, Gene257, Gene1383 
 Topic 2: Gene911, Gene602, Gene1179, Gene1069, Gene1158 
 Topic 3: Gene359, Gene396, Gene791, Gene747, Gene911 
 Topic 4: Gene173, Gene911, Gene602, Gene396, Gene747 
 Topic 5: Gene1383, Gene972, Gene359, Gene396, Gene162 
......................................................................................................
Completed E-Step (16 seconds). 
Completed M-Step (0 seconds). 
calculate log likelihood 
convergence.check is 4.18037e-06 
Completing Iteration 21 (approx. per word bound = -40.254, relative change = 4.180e-06) 
......................................................................................................
Completed E-Step (15 seconds). 
Completed M-Step (0 seconds). 
calculate log likelihood 
convergence.check is 3.974933e-06 
Completing Iteration 22 (approx. per word bound = -40.254, relative change = 3.975e-06) 
......................................................................................................
Completed E-Step (15 seconds). 
Completed M-Step (0 seconds). 
calculate log likelihood 
convergence.check is 3.950587e-06 
Completing Iteration 23 (approx. per word bound = -40.253, relative change = 3.951e-06) 
......................................................................................................
Completed E-Step (15 seconds). 
Completed M-Step (0 seconds). 
calculate log likelihood 
convergence.check is 3.873975e-06 
Completing Iteration 24 (approx. per word bound = -40.253, relative change = 3.874e-06) 
......................................................................................................
Completed E-Step (15 seconds). 
Completed M-Step (0 seconds). 
calculate log likelihood 
convergence.check is 3.909753e-06 
Completing Iteration 25 (approx. per word bound = -40.253, relative change = 3.910e-06) 
Topic 1: Gene1069, Gene162, Gene1179, Gene257, Gene1383 
 Topic 2: Gene911, Gene602, Gene1179, Gene1069, Gene1158 
 Topic 3: Gene359, Gene396, Gene791, Gene747, Gene911 
 Topic 4: Gene173, Gene911, Gene602, Gene396, Gene747 
 Topic 5: Gene1383, Gene359, Gene972, Gene396, Gene162 
......................................................................................................
Completed E-Step (15 seconds). 
Completed M-Step (0 seconds). 
calculate log likelihood 
convergence.check is 3.833203e-06 
Completing Iteration 26 (approx. per word bound = -40.253, relative change = 3.833e-06) 
......................................................................................................
Completed E-Step (16 seconds). 
Completed M-Step (0 seconds). 
calculate log likelihood 
convergence.check is 3.813605e-06 
Completing Iteration 27 (approx. per word bound = -40.253, relative change = 3.814e-06) 
......................................................................................................
Completed E-Step (16 seconds). 
Completed M-Step (0 seconds). 
calculate log likelihood 
convergence.check is 3.875277e-06 
Completing Iteration 28 (approx. per word bound = -40.253, relative change = 3.875e-06) 
......................................................................................................
Completed E-Step (16 seconds). 
Completed M-Step (0 seconds). 
calculate log likelihood 
convergence.check is 3.763137e-06 
Completing Iteration 29 (approx. per word bound = -40.253, relative change = 3.763e-06) 
......................................................................................................
Completed E-Step (16 seconds). 
Completed M-Step (0 seconds). 
calculate log likelihood 
convergence.check is 3.815817e-06 
Completing Iteration 30 (approx. per word bound = -40.252, relative change = 3.816e-06) 
Topic 1: Gene1069, Gene162, Gene1179, Gene257, Gene1383 
 Topic 2: Gene911, Gene602, Gene1179, Gene1069, Gene1158 
 Topic 3: Gene359, Gene396, Gene791, Gene747, Gene911 
 Topic 4: Gene173, Gene911, Gene602, Gene396, Gene747 
 Topic 5: Gene1383, Gene359, Gene972, Gene396, Gene162 
......................................................................................................
Completed E-Step (16 seconds). 
Completed M-Step (0 seconds). 
calculate log likelihood 
convergence.check is 3.87316e-06 
Completing Iteration 31 (approx. per word bound = -40.252, relative change = 3.873e-06) 
......................................................................................................
Completed E-Step (16 seconds). 
Completed M-Step (0 seconds). 
calculate log likelihood 
convergence.check is 3.731875e-06 
Completing Iteration 32 (approx. per word bound = -40.252, relative change = 3.732e-06) 
......................................................................................................
Completed E-Step (16 seconds). 
Completed M-Step (0 seconds). 
calculate log likelihood 
convergence.check is 3.735302e-06 
Completing Iteration 33 (approx. per word bound = -40.252, relative change = 3.735e-06) 
......................................................................................................
Completed E-Step (16 seconds). 
Completed M-Step (0 seconds). 
calculate log likelihood 
convergence.check is 3.820626e-06 
Completing Iteration 34 (approx. per word bound = -40.252, relative change = 3.821e-06) 
......................................................................................................
Completed E-Step (16 seconds). 
Completed M-Step (0 seconds). 
calculate log likelihood 
convergence.check is 3.736808e-06 
Completing Iteration 35 (approx. per word bound = -40.252, relative change = 3.737e-06) 
Topic 1: Gene1069, Gene162, Gene1179, Gene257, Gene1383 
 Topic 2: Gene911, Gene602, Gene1179, Gene1069, Gene1158 
 Topic 3: Gene359, Gene396, Gene791, Gene747, Gene911 
 Topic 4: Gene173, Gene911, Gene602, Gene396, Gene1242 
 Topic 5: Gene1383, Gene359, Gene396, Gene972, Gene162 
......................................................................................................
Completed E-Step (16 seconds). 
Completed M-Step (0 seconds). 
calculate log likelihood 
convergence.check is 3.777979e-06 
Completing Iteration 36 (approx. per word bound = -40.251, relative change = 3.778e-06) 
......................................................................................................
Completed E-Step (16 seconds). 
Completed M-Step (0 seconds). 
calculate log likelihood 
convergence.check is 3.799102e-06 
Completing Iteration 37 (approx. per word bound = -40.251, relative change = 3.799e-06) 
......................................................................................................
Completed E-Step (16 seconds). 
Completed M-Step (0 seconds). 
calculate log likelihood 
convergence.check is 3.76883e-06 
Completing Iteration 38 (approx. per word bound = -40.251, relative change = 3.769e-06) 
......................................................................................................
Completed E-Step (16 seconds). 
Completed M-Step (0 seconds). 
calculate log likelihood 
convergence.check is 3.751813e-06 
Completing Iteration 39 (approx. per word bound = -40.251, relative change = 3.752e-06) 
......................................................................................................
Completed E-Step (16 seconds). 
Completed M-Step (0 seconds). 
calculate log likelihood 
convergence.check is 3.832045e-06 
Completing Iteration 40 (approx. per word bound = -40.251, relative change = 3.832e-06) 
Topic 1: Gene1069, Gene162, Gene1179, Gene257, Gene1383 
 Topic 2: Gene911, Gene1179, Gene602, Gene1069, Gene1158 
 Topic 3: Gene359, Gene396, Gene791, Gene747, Gene911 
 Topic 4: Gene173, Gene911, Gene602, Gene1242, Gene396 
 Topic 5: Gene1383, Gene359, Gene396, Gene972, Gene162 
......................................................................................................
Completed E-Step (16 seconds). 
Completed M-Step (0 seconds). 
calculate log likelihood 
convergence.check is 3.805577e-06 
Completing Iteration 41 (approx. per word bound = -40.251, relative change = 3.806e-06) 
......................................................................................................
Completed E-Step (16 seconds). 
Completed M-Step (0 seconds). 
calculate log likelihood 
convergence.check is 3.814837e-06 
Completing Iteration 42 (approx. per word bound = -40.251, relative change = 3.815e-06) 
......................................................................................................
Completed E-Step (17 seconds). 
Completed M-Step (0 seconds). 
calculate log likelihood 
convergence.check is 3.919272e-06 
Completing Iteration 43 (approx. per word bound = -40.250, relative change = 3.919e-06) 
......................................................................................................
Completed E-Step (15 seconds). 
Completed M-Step (0 seconds). 
calculate log likelihood 
convergence.check is 3.806791e-06 
Completing Iteration 44 (approx. per word bound = -40.250, relative change = 3.807e-06) 
......................................................................................................
Completed E-Step (15 seconds). 
Completed M-Step (0 seconds). 
calculate log likelihood 
convergence.check is 3.84977e-06 
Completing Iteration 45 (approx. per word bound = -40.250, relative change = 3.850e-06) 
Topic 1: Gene1069, Gene162, Gene1179, Gene1383, Gene257 
 Topic 2: Gene911, Gene1179, Gene602, Gene1069, Gene972 
 Topic 3: Gene359, Gene396, Gene791, Gene747, Gene911 
 Topic 4: Gene173, Gene911, Gene602, Gene1242, Gene396 
 Topic 5: Gene1383, Gene359, Gene396, Gene162, Gene972 
......................................................................................................
Completed E-Step (15 seconds). 
Completed M-Step (0 seconds). 
calculate log likelihood 
convergence.check is 3.85184e-06 
Completing Iteration 46 (approx. per word bound = -40.250, relative change = 3.852e-06) 
......................................................................................................
Completed E-Step (15 seconds). 
Completed M-Step (0 seconds). 
calculate log likelihood 
convergence.check is 3.809575e-06 
Completing Iteration 47 (approx. per word bound = -40.250, relative change = 3.810e-06) 
......................................................................................................
Completed E-Step (15 seconds). 
Completed M-Step (0 seconds). 
calculate log likelihood 
convergence.check is 3.867342e-06 
Completing Iteration 48 (approx. per word bound = -40.250, relative change = 3.867e-06) 
......................................................................................................
Completed E-Step (15 seconds). 
Completed M-Step (0 seconds). 
calculate log likelihood 
convergence.check is 3.873014e-06 
Completing Iteration 49 (approx. per word bound = -40.249, relative change = 3.873e-06) 
......................................................................................................
Completed E-Step (15 seconds). 
Completed M-Step (0 seconds). 
calculate log likelihood 
convergence.check is 3.845325e-06 
Completing Iteration 50 (approx. per word bound = -40.249, relative change = 3.845e-06) 
Topic 1: Gene1069, Gene162, Gene1383, Gene1179, Gene257 
 Topic 2: Gene911, Gene1179, Gene602, Gene1069, Gene972 
 Topic 3: Gene359, Gene396, Gene791, Gene747, Gene911 
 Topic 4: Gene173, Gene911, Gene602, Gene1242, Gene396 
 Topic 5: Gene1383, Gene359, Gene396, Gene162, Gene1372 
......................................................................................................
Completed E-Step (15 seconds). 
Completed M-Step (0 seconds). 
calculate log likelihood 
convergence.check is 3.858175e-06 
Completing Iteration 51 (approx. per word bound = -40.249, relative change = 3.858e-06) 
......................................................................................................
Completed E-Step (15 seconds). 
Completed M-Step (0 seconds). 
calculate log likelihood 
convergence.check is 3.805751e-06 
Completing Iteration 52 (approx. per word bound = -40.249, relative change = 3.806e-06) 
......................................................................................................
Completed E-Step (15 seconds). 
Completed M-Step (0 seconds). 
calculate log likelihood 
convergence.check is 3.818537e-06 
Completing Iteration 53 (approx. per word bound = -40.249, relative change = 3.819e-06) 
......................................................................................................
Completed E-Step (15 seconds). 
Completed M-Step (0 seconds). 
calculate log likelihood 
convergence.check is 3.885453e-06 
Completing Iteration 54 (approx. per word bound = -40.249, relative change = 3.885e-06) 
......................................................................................................
Completed E-Step (15 seconds). 
Completed M-Step (0 seconds). 
calculate log likelihood 
convergence.check is 3.766995e-06 
Completing Iteration 55 (approx. per word bound = -40.249, relative change = 3.767e-06) 
Topic 1: Gene1069, Gene162, Gene1383, Gene1179, Gene257 
 Topic 2: Gene911, Gene1179, Gene602, Gene1069, Gene972 
 Topic 3: Gene359, Gene396, Gene791, Gene747, Gene911 
 Topic 4: Gene173, Gene911, Gene602, Gene1242, Gene747 
 Topic 5: Gene1383, Gene359, Gene162, Gene396, Gene1372 
......................................................................................................
Completed E-Step (15 seconds). 
Completed M-Step (0 seconds). 
calculate log likelihood 
convergence.check is 3.776745e-06 
Completing Iteration 56 (approx. per word bound = -40.248, relative change = 3.777e-06) 
......................................................................................................
Completed E-Step (15 seconds). 
Completed M-Step (0 seconds). 
calculate log likelihood 
convergence.check is 3.697293e-06 
Completing Iteration 57 (approx. per word bound = -40.248, relative change = 3.697e-06) 
......................................................................................................
Completed E-Step (15 seconds). 
Completed M-Step (0 seconds). 
calculate log likelihood 
convergence.check is 3.659853e-06 
Completing Iteration 58 (approx. per word bound = -40.248, relative change = 3.660e-06) 
......................................................................................................
Completed E-Step (15 seconds). 
Completed M-Step (0 seconds). 
calculate log likelihood 
convergence.check is 3.671517e-06 
Completing Iteration 59 (approx. per word bound = -40.248, relative change = 3.672e-06) 
......................................................................................................
Completed E-Step (15 seconds). 
Completed M-Step (0 seconds). 
calculate log likelihood 
convergence.check is 3.567602e-06 
Completing Iteration 60 (approx. per word bound = -40.248, relative change = 3.568e-06) 
Topic 1: Gene1069, Gene162, Gene1383, Gene1179, Gene257 
 Topic 2: Gene911, Gene1179, Gene602, Gene1069, Gene972 
 Topic 3: Gene359, Gene396, Gene791, Gene747, Gene911 
 Topic 4: Gene173, Gene911, Gene1242, Gene602, Gene747 
 Topic 5: Gene1383, Gene162, Gene359, Gene1372, Gene396 
......................................................................................................
Completed E-Step (15 seconds). 
Completed M-Step (0 seconds). 
calculate log likelihood 
convergence.check is 3.669295e-06 
Completing Iteration 61 (approx. per word bound = -40.248, relative change = 3.669e-06) 
......................................................................................................
Completed E-Step (15 seconds). 
Completed M-Step (0 seconds). 
calculate log likelihood 
convergence.check is 3.479123e-06 
Completing Iteration 62 (approx. per word bound = -40.247, relative change = 3.479e-06) 
......................................................................................................
Completed E-Step (15 seconds). 
Completed M-Step (0 seconds). 
calculate log likelihood 
convergence.check is 3.466165e-06 
Completing Iteration 63 (approx. per word bound = -40.247, relative change = 3.466e-06) 
......................................................................................................
Completed E-Step (15 seconds). 
Completed M-Step (0 seconds). 
calculate log likelihood 
convergence.check is 3.355435e-06 
Completing Iteration 64 (approx. per word bound = -40.247, relative change = 3.355e-06) 
......................................................................................................
Completed E-Step (15 seconds). 
Completed M-Step (0 seconds). 
calculate log likelihood 
convergence.check is 3.411593e-06 
Completing Iteration 65 (approx. per word bound = -40.247, relative change = 3.412e-06) 
Topic 1: Gene1069, Gene162, Gene1383, Gene1179, Gene747 
 Topic 2: Gene911, Gene1179, Gene602, Gene1069, Gene972 
 Topic 3: Gene359, Gene396, Gene791, Gene747, Gene911 
 Topic 4: Gene173, Gene911, Gene1242, Gene602, Gene747 
 Topic 5: Gene1383, Gene162, Gene1372, Gene359, Gene396 
......................................................................................................
Completed E-Step (15 seconds). 
Completed M-Step (0 seconds). 
calculate log likelihood 
convergence.check is 3.32651e-06 
Completing Iteration 66 (approx. per word bound = -40.247, relative change = 3.327e-06) 
......................................................................................................
Completed E-Step (16 seconds). 
Completed M-Step (0 seconds). 
calculate log likelihood 
convergence.check is 3.202684e-06 
Completing Iteration 67 (approx. per word bound = -40.247, relative change = 3.203e-06) 
......................................................................................................
Completed E-Step (16 seconds). 
Completed M-Step (0 seconds). 
calculate log likelihood 
convergence.check is 3.443259e-06 
Completing Iteration 68 (approx. per word bound = -40.247, relative change = 3.443e-06) 
......................................................................................................
Completed E-Step (16 seconds). 
Completed M-Step (0 seconds). 
calculate log likelihood 
convergence.check is 3.088276e-06 
Completing Iteration 69 (approx. per word bound = -40.247, relative change = 3.088e-06) 
......................................................................................................
Completed E-Step (16 seconds). 
Completed M-Step (0 seconds). 
calculate log likelihood 
convergence.check is 3.032118e-06 
Completing Iteration 70 (approx. per word bound = -40.246, relative change = 3.032e-06) 
Topic 1: Gene1069, Gene162, Gene1383, Gene1179, Gene747 
 Topic 2: Gene911, Gene1179, Gene1069, Gene602, Gene972 
 Topic 3: Gene359, Gene396, Gene791, Gene747, Gene911 
 Topic 4: Gene173, Gene911, Gene1242, Gene602, Gene747 
 Topic 5: Gene1383, Gene162, Gene1372, Gene359, Gene396 
......................................................................................................
Completed E-Step (16 seconds). 
Completed M-Step (0 seconds). 
calculate log likelihood 
convergence.check is 2.984051e-06 
Completing Iteration 71 (approx. per word bound = -40.246, relative change = 2.984e-06) 
......................................................................................................
Completed E-Step (16 seconds). 
Completed M-Step (0 seconds). 
calculate log likelihood 
convergence.check is 2.882515e-06 
Completing Iteration 72 (approx. per word bound = -40.246, relative change = 2.883e-06) 
......................................................................................................
Completed E-Step (15 seconds). 
Completed M-Step (0 seconds). 
calculate log likelihood 
convergence.check is 2.824656e-06 
Completing Iteration 73 (approx. per word bound = -40.246, relative change = 2.825e-06) 
......................................................................................................
Completed E-Step (16 seconds). 
Completed M-Step (0 seconds). 
calculate log likelihood 
convergence.check is 2.771427e-06 
Completing Iteration 74 (approx. per word bound = -40.246, relative change = 2.771e-06) 
......................................................................................................
Completed E-Step (16 seconds). 
Completed M-Step (0 seconds). 
calculate log likelihood 
convergence.check is 2.636085e-06 
Completing Iteration 75 (approx. per word bound = -40.246, relative change = 2.636e-06) 
Topic 1: Gene1069, Gene162, Gene1383, Gene1179, Gene747 
 Topic 2: Gene911, Gene1069, Gene972, Gene1179, Gene602 
 Topic 3: Gene359, Gene396, Gene791, Gene747, Gene911 
 Topic 4: Gene173, Gene911, Gene1242, Gene747, Gene602 
 Topic 5: Gene1383, Gene162, Gene1372, Gene359, Gene396 
......................................................................................................
Completed E-Step (16 seconds). 
Completed M-Step (0 seconds). 
calculate log likelihood 
convergence.check is 2.566871e-06 
Completing Iteration 76 (approx. per word bound = -40.246, relative change = 2.567e-06) 
......................................................................................................
Completed E-Step (15 seconds). 
Completed M-Step (0 seconds). 
calculate log likelihood 
convergence.check is 2.479222e-06 
Completing Iteration 77 (approx. per word bound = -40.246, relative change = 2.479e-06) 
......................................................................................................
Completed E-Step (15 seconds). 
Completed M-Step (0 seconds). 
calculate log likelihood 
convergence.check is 2.417682e-06 
Completing Iteration 78 (approx. per word bound = -40.246, relative change = 2.418e-06) 
......................................................................................................
Completed E-Step (15 seconds). 
Completed M-Step (0 seconds). 
calculate log likelihood 
convergence.check is 2.351427e-06 
Completing Iteration 79 (approx. per word bound = -40.245, relative change = 2.351e-06) 
......................................................................................................
Completed E-Step (15 seconds). 
Completed M-Step (0 seconds). 
calculate log likelihood 
convergence.check is 2.226787e-06 
Completing Iteration 80 (approx. per word bound = -40.245, relative change = 2.227e-06) 
Topic 1: Gene1069, Gene162, Gene1383, Gene1179, Gene747 
 Topic 2: Gene911, Gene1069, Gene972, Gene1179, Gene602 
 Topic 3: Gene359, Gene396, Gene791, Gene747, Gene686 
 Topic 4: Gene173, Gene1242, Gene911, Gene747, Gene602 
 Topic 5: Gene1383, Gene162, Gene1372, Gene359, Gene396 
......................................................................................................
Completed E-Step (15 seconds). 
Completed M-Step (0 seconds). 
calculate log likelihood 
convergence.check is 2.177984e-06 
Completing Iteration 81 (approx. per word bound = -40.245, relative change = 2.178e-06) 
......................................................................................................
Completed E-Step (15 seconds). 
Completed M-Step (0 seconds). 
calculate log likelihood 
convergence.check is 2.075494e-06 
Completing Iteration 82 (approx. per word bound = -40.245, relative change = 2.075e-06) 
......................................................................................................
Completed E-Step (15 seconds). 
Completed M-Step (0 seconds). 
calculate log likelihood 
convergence.check is 2.027803e-06 
Completing Iteration 83 (approx. per word bound = -40.245, relative change = 2.028e-06) 
......................................................................................................
Completed E-Step (15 seconds). 
Completed M-Step (0 seconds). 
calculate log likelihood 
convergence.check is 1.94258e-06 
Completing Iteration 84 (approx. per word bound = -40.245, relative change = 1.943e-06) 
......................................................................................................
Completed E-Step (15 seconds). 
Completed M-Step (0 seconds). 
calculate log likelihood 
convergence.check is 1.875205e-06 
Completing Iteration 85 (approx. per word bound = -40.245, relative change = 1.875e-06) 
Topic 1: Gene162, Gene1069, Gene1383, Gene1179, Gene747 
 Topic 2: Gene911, Gene972, Gene1069, Gene1179, Gene602 
 Topic 3: Gene359, Gene396, Gene791, Gene747, Gene686 
 Topic 4: Gene173, Gene1242, Gene911, Gene747, Gene396 
 Topic 5: Gene1383, Gene162, Gene1372, Gene359, Gene396 
......................................................................................................
Completed E-Step (14 seconds). 
Completed M-Step (0 seconds). 
calculate log likelihood 
convergence.check is 1.819196e-06 
Completing Iteration 86 (approx. per word bound = -40.245, relative change = 1.819e-06) 
......................................................................................................
Completed E-Step (14 seconds). 
Completed M-Step (0 seconds). 
calculate log likelihood 
convergence.check is 1.738124e-06 
Completing Iteration 87 (approx. per word bound = -40.245, relative change = 1.738e-06) 
......................................................................................................
Completed E-Step (14 seconds). 
Completed M-Step (0 seconds). 
calculate log likelihood 
convergence.check is 1.666871e-06 
Completing Iteration 88 (approx. per word bound = -40.245, relative change = 1.667e-06) 
......................................................................................................
Completed E-Step (14 seconds). 
Completed M-Step (0 seconds). 
calculate log likelihood 
convergence.check is 1.606682e-06 
Completing Iteration 89 (approx. per word bound = -40.245, relative change = 1.607e-06) 
......................................................................................................
Completed E-Step (14 seconds). 
Completed M-Step (0 seconds). 
calculate log likelihood 
convergence.check is 1.573592e-06 
Completing Iteration 90 (approx. per word bound = -40.245, relative change = 1.574e-06) 
Topic 1: Gene162, Gene1069, Gene1383, Gene1179, Gene747 
 Topic 2: Gene911, Gene972, Gene1069, Gene602, Gene1179 
 Topic 3: Gene359, Gene396, Gene791, Gene747, Gene686 
 Topic 4: Gene173, Gene1242, Gene747, Gene911, Gene396 
 Topic 5: Gene1383, Gene162, Gene1372, Gene359, Gene396 
......................................................................................................
Completed E-Step (14 seconds). 
Completed M-Step (0 seconds). 
calculate log likelihood 
convergence.check is 1.458267e-06 
Completing Iteration 91 (approx. per word bound = -40.245, relative change = 1.458e-06) 
......................................................................................................
Completed E-Step (15 seconds). 
Completed M-Step (0 seconds). 
calculate log likelihood 
convergence.check is 1.397209e-06 
Completing Iteration 92 (approx. per word bound = -40.245, relative change = 1.397e-06) 
......................................................................................................
Completed E-Step (13 seconds). 
Completed M-Step (0 seconds). 
calculate log likelihood 
convergence.check is 1.355112e-06 
Completing Iteration 93 (approx. per word bound = -40.244, relative change = 1.355e-06) 
......................................................................................................
Completed E-Step (13 seconds). 
Completed M-Step (0 seconds). 
calculate log likelihood 
convergence.check is 1.316387e-06 
Completing Iteration 94 (approx. per word bound = -40.244, relative change = 1.316e-06) 
......................................................................................................
Completed E-Step (13 seconds). 
Completed M-Step (0 seconds). 
calculate log likelihood 
convergence.check is 1.268376e-06 
Completing Iteration 95 (approx. per word bound = -40.244, relative change = 1.268e-06) 
Topic 1: Gene162, Gene1069, Gene1383, Gene1179, Gene747 
 Topic 2: Gene911, Gene972, Gene1069, Gene602, Gene1179 
 Topic 3: Gene359, Gene396, Gene791, Gene747, Gene686 
 Topic 4: Gene173, Gene1242, Gene747, Gene911, Gene396 
 Topic 5: Gene1383, Gene162, Gene1372, Gene359, Gene396 
......................................................................................................
Completed E-Step (13 seconds). 
Completed M-Step (0 seconds). 
calculate log likelihood 
convergence.check is 1.21773e-06 
Completing Iteration 96 (approx. per word bound = -40.244, relative change = 1.218e-06) 
......................................................................................................
Completed E-Step (13 seconds). 
Completed M-Step (0 seconds). 
calculate log likelihood 
convergence.check is 1.141128e-06 
Completing Iteration 97 (approx. per word bound = -40.244, relative change = 1.141e-06) 
......................................................................................................
Completed E-Step (12 seconds). 
Completed M-Step (0 seconds). 
calculate log likelihood 
convergence.check is 1.181889e-06 
Completing Iteration 98 (approx. per word bound = -40.244, relative change = 1.182e-06) 
......................................................................................................
Completed E-Step (12 seconds). 
Completed M-Step (0 seconds). 
calculate log likelihood 
convergence.check is 1.053436e-06 
Completing Iteration 99 (approx. per word bound = -40.244, relative change = 1.053e-06) 
......................................................................................................
Completed E-Step (12 seconds). 
Completed M-Step (0 seconds). 
calculate log likelihood 
convergence.check is 1.08964e-06 
Model Terminated Before Convergence Reached 
