sims_1715966936_neg_L1_c5.rds 
Found 6 batches
Using null model in ComBat-seq.
Adjusting for 0 covariate(s) or covariate level(s)
Estimating dispersions
Fitting the GLM model
Shrinkage off - using GLM estimates for parameters
Adjusting the data
Batch Effect Removed 
        R/alignCorpus.R R/asSTMCorpus.R R/checkBeta.R R/cloud.R
value   ?               ?               ?             ?        
visible FALSE           FALSE           FALSE         FALSE    
        R/CompositionChange.R R/convertCorpus.R R/estimateEffect.R
value   ?                     ?                 ?                 
visible FALSE                 FALSE             FALSE             
        R/estimateMixedEffect.R R/exclusivity.R R/findThoughts.R R/findTopic.R
value   ?                       ?               ?                ?            
visible FALSE                   FALSE           FALSE            FALSE        
        R/fitNewDocuments.R R/heldout.R R/jeffreyskappa.R R/labelTopics.R
value   ?                   ?           ?                 ?              
visible FALSE               FALSE       FALSE             FALSE          
        R/makeDesignMatrix.R R/manyTopics.R R/multiSTM.R R/optimalK.R
value   ?                    ?              ?            ?           
visible FALSE                FALSE          FALSE        FALSE       
        R/permute.R R/plot.estimateEffect.R R/plot.fixedEffect.R
value   ?           ?                       ?                   
visible FALSE       FALSE                   FALSE               
        R/plot.searchK.R R/plot.STM.R R/plotModels.R R/plotQuote.R
value   ?                ?            ?              ?            
visible FALSE            FALSE        FALSE          FALSE        
        R/plotRemoved.R R/plottingutilfns.R R/plotTopicLoess.R
value   ?               ?                   ?                 
visible FALSE           FALSE               FALSE             
        R/prepDocuments.R R/prepsce.R R/produce_cmatrix.R R/RcppExports.R
value   ?                 ?           ?                   ?              
visible FALSE             FALSE       FALSE               FALSE          
        R/readCorpus.R R/residuals.R R/s.R R/sageLabels.R R/scSTM.R
value   ?              ?             ?     ?              ?        
visible FALSE          FALSE         FALSE FALSE          FALSE    
        R/selectModel.R R/semanticCoherence.R R/simBetas.R R/spectral.R
value   ?               ?                     ?            ?           
visible FALSE           FALSE                 FALSE        FALSE       
        R/stm-package.R R/stm.control.R R/STMbound.R R/STMconvergence.R
value   NULL            ?               ?            ?                 
visible TRUE            FALSE           FALSE        FALSE             
        R/STMestep.R R/STMfunctions.R R/STMinit.R R/STMinitLikelihood.R
value   ?            ?                ?           ?                    
visible FALSE        FALSE            FALSE       FALSE                
        R/STMlncpp.R R/STMmnreg.R R/STMmu.R R/STMoptbeta.R R/STMreport.R
value   ?            ?            ?         ?              ?            
visible FALSE        FALSE        FALSE     FALSE          FALSE        
        R/STMsigma.R R/STMsigs.R R/STMsubset.R R/summary.STM.R R/tau.R
value   ?            ?           ?             ?               ?      
visible FALSE        FALSE       FALSE         FALSE           FALSE  
        R/textProcessor.R R/thetaPosterior.R R/toLDAvis.R R/topicCorr.R
value   ?                 ?                  ?            ?            
visible FALSE             FALSE              FALSE        FALSE        
        R/topicLasso.R R/topicQuality.R R/writeLdac.R R/zzz.R
value   ?              ?                ?             ?      
visible FALSE          FALSE            FALSE         FALSE  
Casting net 
1 models in net 
Initialization with topicScore. 
Initializing factors using Topic SCORE algorithm.
Initializing loadings by running 10 SCD updates.
......................................................................................................
Completed E-Step (18 seconds). 
Completed M-Step (0 seconds). 
calculate log likelihood 
Completing Iteration 1 (approx. per word bound = -41.950) 
......................................................................................................
Completed E-Step (15 seconds). 
Completed M-Step (0 seconds). 
calculate log likelihood 
convergence.check is 4.076655e-05 
Completing Iteration 2 (approx. per word bound = -41.948, relative change = 4.077e-05) 
......................................................................................................
Completed E-Step (15 seconds). 
Completed M-Step (0 seconds). 
calculate log likelihood 
convergence.check is 3.408233e-05 
Model Terminated Before Convergence Reached 
2 models in net 
Initialization with topicScore. 
Initializing factors using Topic SCORE algorithm.
Initializing loadings by running 10 SCD updates.
......................................................................................................
Completed E-Step (17 seconds). 
Completed M-Step (0 seconds). 
calculate log likelihood 
Completing Iteration 1 (approx. per word bound = -41.949) 
......................................................................................................
Completed E-Step (16 seconds). 
Completed M-Step (0 seconds). 
calculate log likelihood 
convergence.check is 3.753053e-05 
Completing Iteration 2 (approx. per word bound = -41.948, relative change = 3.753e-05) 
......................................................................................................
Completed E-Step (16 seconds). 
Completed M-Step (0 seconds). 
calculate log likelihood 
convergence.check is 3.194665e-05 
Model Terminated Before Convergence Reached 
3 models in net 
Initialization with topicScore. 
Initializing factors using Topic SCORE algorithm.
Initializing loadings by running 10 SCD updates.
......................................................................................................
Completed E-Step (21 seconds). 
Completed M-Step (0 seconds). 
calculate log likelihood 
Completing Iteration 1 (approx. per word bound = -41.950) 
......................................................................................................
Completed E-Step (15 seconds). 
Completed M-Step (0 seconds). 
calculate log likelihood 
convergence.check is 4.083266e-05 
Completing Iteration 2 (approx. per word bound = -41.948, relative change = 4.083e-05) 
......................................................................................................
Completed E-Step (15 seconds). 
Completed M-Step (0 seconds). 
calculate log likelihood 
convergence.check is 3.425735e-05 
Model Terminated Before Convergence Reached 
4 models in net 
Initialization with topicScore. 
Initializing factors using Topic SCORE algorithm.
Initializing loadings by running 10 SCD updates.
......................................................................................................
Completed E-Step (18 seconds). 
Completed M-Step (0 seconds). 
calculate log likelihood 
Completing Iteration 1 (approx. per word bound = -41.948) 
......................................................................................................
Completed E-Step (16 seconds). 
Completed M-Step (0 seconds). 
calculate log likelihood 
convergence.check is 3.073703e-05 
Completing Iteration 2 (approx. per word bound = -41.947, relative change = 3.074e-05) 
......................................................................................................
Completed E-Step (16 seconds). 
Completed M-Step (0 seconds). 
calculate log likelihood 
convergence.check is 2.617137e-05 
Model Terminated Before Convergence Reached 
5 models in net 
Initialization with topicScore. 
Initializing factors using Topic SCORE algorithm.
Initializing loadings by running 10 SCD updates.
......................................................................................................
Completed E-Step (20 seconds). 
Completed M-Step (0 seconds). 
calculate log likelihood 
Completing Iteration 1 (approx. per word bound = -41.950) 
......................................................................................................
Completed E-Step (15 seconds). 
Completed M-Step (0 seconds). 
calculate log likelihood 
convergence.check is 4.088296e-05 
Completing Iteration 2 (approx. per word bound = -41.948, relative change = 4.088e-05) 
......................................................................................................
Completed E-Step (15 seconds). 
Completed M-Step (0 seconds). 
calculate log likelihood 
convergence.check is 3.428383e-05 
Model Terminated Before Convergence Reached 
6 models in net 
Initialization with topicScore. 
Initializing factors using Topic SCORE algorithm.
Initializing loadings by running 10 SCD updates.
......................................................................................................
Completed E-Step (18 seconds). 
Completed M-Step (0 seconds). 
calculate log likelihood 
Completing Iteration 1 (approx. per word bound = -41.950) 
......................................................................................................
Completed E-Step (15 seconds). 
Completed M-Step (0 seconds). 
calculate log likelihood 
convergence.check is 3.867799e-05 
Completing Iteration 2 (approx. per word bound = -41.948, relative change = 3.868e-05) 
......................................................................................................
Completed E-Step (16 seconds). 
Completed M-Step (0 seconds). 
calculate log likelihood 
convergence.check is 3.248047e-05 
Model Terminated Before Convergence Reached 
7 models in net 
Initialization with topicScore. 
Initializing factors using Topic SCORE algorithm.
Initializing loadings by running 10 SCD updates.
......................................................................................................
Completed E-Step (21 seconds). 
Completed M-Step (0 seconds). 
calculate log likelihood 
Completing Iteration 1 (approx. per word bound = -41.948) 
......................................................................................................
Completed E-Step (16 seconds). 
Completed M-Step (0 seconds). 
calculate log likelihood 
convergence.check is 3.084493e-05 
Completing Iteration 2 (approx. per word bound = -41.947, relative change = 3.084e-05) 
......................................................................................................
Completed E-Step (16 seconds). 
Completed M-Step (0 seconds). 
calculate log likelihood 
convergence.check is 2.615177e-05 
Model Terminated Before Convergence Reached 
8 models in net 
Initialization with topicScore. 
Initializing factors using Topic SCORE algorithm.
Initializing loadings by running 10 SCD updates.
......................................................................................................
Completed E-Step (17 seconds). 
Completed M-Step (0 seconds). 
calculate log likelihood 
Completing Iteration 1 (approx. per word bound = -41.948) 
......................................................................................................
Completed E-Step (16 seconds). 
Completed M-Step (0 seconds). 
calculate log likelihood 
convergence.check is 3.067517e-05 
Completing Iteration 2 (approx. per word bound = -41.947, relative change = 3.068e-05) 
......................................................................................................
Completed E-Step (16 seconds). 
Completed M-Step (0 seconds). 
calculate log likelihood 
convergence.check is 2.612949e-05 
Model Terminated Before Convergence Reached 
9 models in net 
Initialization with topicScore. 
Initializing factors using Topic SCORE algorithm.
Initializing loadings by running 10 SCD updates.
......................................................................................................
Completed E-Step (22 seconds). 
Completed M-Step (0 seconds). 
calculate log likelihood 
Completing Iteration 1 (approx. per word bound = -41.965) 
......................................................................................................
Completed E-Step (16 seconds). 
Completed M-Step (0 seconds). 
calculate log likelihood 
convergence.check is 8.249814e-05 
Completing Iteration 2 (approx. per word bound = -41.961, relative change = 8.250e-05) 
......................................................................................................
Completed E-Step (16 seconds). 
Completed M-Step (0 seconds). 
calculate log likelihood 
convergence.check is 0.000118901 
Model Terminated Before Convergence Reached 
10 models in net 
Initialization with topicScore. 
Initializing factors using Topic SCORE algorithm.
Initializing loadings by running 10 SCD updates.
......................................................................................................
Completed E-Step (18 seconds). 
Completed M-Step (0 seconds). 
calculate log likelihood 
Completing Iteration 1 (approx. per word bound = -41.947) 
......................................................................................................
Completed E-Step (16 seconds). 
Completed M-Step (0 seconds). 
calculate log likelihood 
convergence.check is 3.013229e-05 
Completing Iteration 2 (approx. per word bound = -41.946, relative change = 3.013e-05) 
......................................................................................................
Completed E-Step (16 seconds). 
Completed M-Step (0 seconds). 
calculate log likelihood 
convergence.check is 2.616759e-05 
Model Terminated Before Convergence Reached 
11 models in net 
Beginning Spectral Initialization 
	 Calculating the gram matrix...
	 Finding anchor words...
 	.....
	 Recovering initialization...
 	....
Initialization complete.
......................................................................................................
Completed E-Step (26 seconds). 
Completed M-Step (0 seconds). 
calculate log likelihood 
Completing Iteration 1 (approx. per word bound = -41.958) 
......................................................................................................
Completed E-Step (16 seconds). 
Completed M-Step (0 seconds). 
calculate log likelihood 
convergence.check is 0.0003865341 
Completing Iteration 2 (approx. per word bound = -41.941, relative change = 3.865e-04) 
......................................................................................................
Completed E-Step (14 seconds). 
Completed M-Step (0 seconds). 
calculate log likelihood 
convergence.check is 0.0002036457 
Model Terminated Before Convergence Reached 
12 models in net 
Beginning Random Initialization 
Initialization with Poisson NMF 
......................................................................................................
Completed E-Step (26 seconds). 
Completed M-Step (0 seconds). 
calculate log likelihood 
Completing Iteration 1 (approx. per word bound = -56.854) 
......................................................................................................
Completed E-Step (18 seconds). 
Completed M-Step (0 seconds). 
calculate log likelihood 
convergence.check is 0.2605295 
Completing Iteration 2 (approx. per word bound = -42.042, relative change = 2.605e-01) 
......................................................................................................
Completed E-Step (16 seconds). 
Completed M-Step (0 seconds). 
calculate log likelihood 
convergence.check is 0.0001954751 
Model Terminated Before Convergence Reached 
13 models in net 
Beginning Random Initialization 
Initialization with Poisson NMF 
......................................................................................................
Completed E-Step (31 seconds). 
Completed M-Step (0 seconds). 
calculate log likelihood 
Completing Iteration 1 (approx. per word bound = -56.621) 
......................................................................................................
Completed E-Step (16 seconds). 
Completed M-Step (0 seconds). 
calculate log likelihood 
convergence.check is 0.2574084 
Completing Iteration 2 (approx. per word bound = -42.046, relative change = 2.574e-01) 
......................................................................................................
Completed E-Step (14 seconds). 
Completed M-Step (0 seconds). 
calculate log likelihood 
convergence.check is 0.000267066 
Model Terminated Before Convergence Reached 
14 models in net 
Beginning Random Initialization 
Initialization with Poisson NMF 
......................................................................................................
Completed E-Step (25 seconds). 
Completed M-Step (0 seconds). 
calculate log likelihood 
Completing Iteration 1 (approx. per word bound = -56.819) 
......................................................................................................
Completed E-Step (18 seconds). 
Completed M-Step (0 seconds). 
calculate log likelihood 
convergence.check is 0.2599806 
Completing Iteration 2 (approx. per word bound = -42.047, relative change = 2.600e-01) 
......................................................................................................
Completed E-Step (16 seconds). 
Completed M-Step (0 seconds). 
calculate log likelihood 
convergence.check is 0.0001382578 
Model Terminated Before Convergence Reached 
15 models in net 
Beginning Random Initialization 
Initialization with Poisson NMF 
......................................................................................................
Completed E-Step (25 seconds). 
Completed M-Step (0 seconds). 
calculate log likelihood 
Completing Iteration 1 (approx. per word bound = -57.670) 
......................................................................................................
Completed E-Step (15 seconds). 
Completed M-Step (0 seconds). 
calculate log likelihood 
convergence.check is 0.2709809 
Completing Iteration 2 (approx. per word bound = -42.043, relative change = 2.710e-01) 
......................................................................................................
Completed E-Step (15 seconds). 
Completed M-Step (0 seconds). 
calculate log likelihood 
convergence.check is 8.568118e-05 
Model Terminated Before Convergence Reached 
16 models in net 
Beginning Random Initialization 
Initialization with Poisson NMF 
......................................................................................................
Completed E-Step (30 seconds). 
Completed M-Step (0 seconds). 
calculate log likelihood 
Completing Iteration 1 (approx. per word bound = -56.541) 
......................................................................................................
Completed E-Step (18 seconds). 
Completed M-Step (0 seconds). 
calculate log likelihood 
convergence.check is 0.2562492 
Completing Iteration 2 (approx. per word bound = -42.052, relative change = 2.562e-01) 
......................................................................................................
Completed E-Step (17 seconds). 
Completed M-Step (0 seconds). 
calculate log likelihood 
convergence.check is 0.0001072415 
Model Terminated Before Convergence Reached 
17 models in net 
Beginning Random Initialization 
Initialization with Poisson NMF 
......................................................................................................
Completed E-Step (27 seconds). 
Completed M-Step (0 seconds). 
calculate log likelihood 
Completing Iteration 1 (approx. per word bound = -56.766) 
......................................................................................................
Completed E-Step (15 seconds). 
Completed M-Step (0 seconds). 
calculate log likelihood 
convergence.check is 0.2592454 
Completing Iteration 2 (approx. per word bound = -42.049, relative change = 2.592e-01) 
......................................................................................................
Completed E-Step (15 seconds). 
Completed M-Step (0 seconds). 
calculate log likelihood 
convergence.check is 3.955401e-05 
Model Terminated Before Convergence Reached 
18 models in net 
Beginning Random Initialization 
Initialization with Poisson NMF 
......................................................................................................
Completed E-Step (25 seconds). 
Completed M-Step (0 seconds). 
calculate log likelihood 
Completing Iteration 1 (approx. per word bound = -57.138) 
......................................................................................................
Completed E-Step (15 seconds). 
Completed M-Step (0 seconds). 
calculate log likelihood 
convergence.check is 0.2641485 
Completing Iteration 2 (approx. per word bound = -42.045, relative change = 2.641e-01) 
......................................................................................................
Completed E-Step (16 seconds). 
Completed M-Step (0 seconds). 
calculate log likelihood 
convergence.check is 7.087559e-05 
Model Terminated Before Convergence Reached 
19 models in net 
Beginning Random Initialization 
Initialization with Poisson NMF 
......................................................................................................
Completed E-Step (25 seconds). 
Completed M-Step (0 seconds). 
calculate log likelihood 
Completing Iteration 1 (approx. per word bound = -56.987) 
......................................................................................................
Completed E-Step (15 seconds). 
Completed M-Step (0 seconds). 
calculate log likelihood 
convergence.check is 0.262182 
Completing Iteration 2 (approx. per word bound = -42.046, relative change = 2.622e-01) 
......................................................................................................
Completed E-Step (15 seconds). 
Completed M-Step (0 seconds). 
calculate log likelihood 
convergence.check is 6.481621e-05 
Model Terminated Before Convergence Reached 
20 models in net 
Beginning Random Initialization 
Initialization with Poisson NMF 
......................................................................................................
Completed E-Step (24 seconds). 
Completed M-Step (0 seconds). 
calculate log likelihood 
Completing Iteration 1 (approx. per word bound = -56.715) 
......................................................................................................
Completed E-Step (14 seconds). 
Completed M-Step (0 seconds). 
calculate log likelihood 
convergence.check is 0.2584816 
Completing Iteration 2 (approx. per word bound = -42.055, relative change = 2.585e-01) 
......................................................................................................
Completed E-Step (14 seconds). 
Completed M-Step (0 seconds). 
calculate log likelihood 
convergence.check is 7.883437e-05 
Model Terminated Before Convergence Reached 
21 models in net 
Beginning Random Initialization 
Initialization with Poisson NMF 
......................................................................................................
Completed E-Step (28 seconds). 
Completed M-Step (0 seconds). 
calculate log likelihood 
Completing Iteration 1 (approx. per word bound = -56.748) 
......................................................................................................
Completed E-Step (16 seconds). 
Completed M-Step (0 seconds). 
calculate log likelihood 
convergence.check is 0.2589792 
Completing Iteration 2 (approx. per word bound = -42.052, relative change = 2.590e-01) 
......................................................................................................
Completed E-Step (15 seconds). 
Completed M-Step (0 seconds). 
calculate log likelihood 
convergence.check is 0.000100665 
Model Terminated Before Convergence Reached 
Running select models 
1 select model run 
Beginning Spectral Initialization 
	 Calculating the gram matrix...
	 Finding anchor words...
 	.....
	 Recovering initialization...
 	....
Initialization complete.
......................................................................................................
Completed E-Step (24 seconds). 
Completed M-Step (0 seconds). 
calculate log likelihood 
Completing Iteration 1 (approx. per word bound = -41.958) 
......................................................................................................
Completed E-Step (17 seconds). 
Completed M-Step (0 seconds). 
calculate log likelihood 
convergence.check is 0.0003865341 
Completing Iteration 2 (approx. per word bound = -41.941, relative change = 3.865e-04) 
......................................................................................................
Completed E-Step (14 seconds). 
Completed M-Step (0 seconds). 
calculate log likelihood 
convergence.check is 0.0002036457 
Completing Iteration 3 (approx. per word bound = -41.933, relative change = 2.036e-04) 
......................................................................................................
Completed E-Step (12 seconds). 
Completed M-Step (0 seconds). 
calculate log likelihood 
convergence.check is 6.949075e-05 
Completing Iteration 4 (approx. per word bound = -41.930, relative change = 6.949e-05) 
......................................................................................................
Completed E-Step (12 seconds). 
Completed M-Step (0 seconds). 
calculate log likelihood 
convergence.check is 3.267887e-05 
Completing Iteration 5 (approx. per word bound = -41.929, relative change = 3.268e-05) 
Topic 1: Gene772, Gene896, Gene613, Gene1000, Gene555 
 Topic 2: Gene278, Gene555, Gene427, Gene896, Gene679 
 Topic 3: Gene278, Gene896, Gene555, Gene427, Gene771 
 Topic 4: Gene278, Gene221, Gene896, Gene283, Gene444 
 Topic 5: Gene772, Gene278, Gene896, Gene555, Gene679 
......................................................................................................
Completed E-Step (12 seconds). 
Completed M-Step (0 seconds). 
calculate log likelihood 
convergence.check is 2.226907e-05 
Completing Iteration 6 (approx. per word bound = -41.928, relative change = 2.227e-05) 
......................................................................................................
Completed E-Step (12 seconds). 
Completed M-Step (0 seconds). 
calculate log likelihood 
convergence.check is 1.737837e-05 
Completing Iteration 7 (approx. per word bound = -41.927, relative change = 1.738e-05) 
......................................................................................................
Completed E-Step (12 seconds). 
Completed M-Step (0 seconds). 
calculate log likelihood 
convergence.check is 1.478319e-05 
Completing Iteration 8 (approx. per word bound = -41.926, relative change = 1.478e-05) 
......................................................................................................
Completed E-Step (11 seconds). 
Completed M-Step (0 seconds). 
calculate log likelihood 
convergence.check is 1.209527e-05 
Completing Iteration 9 (approx. per word bound = -41.926, relative change = 1.210e-05) 
......................................................................................................
Completed E-Step (11 seconds). 
Completed M-Step (0 seconds). 
calculate log likelihood 
convergence.check is 9.903792e-06 
Completing Iteration 10 (approx. per word bound = -41.925, relative change = 9.904e-06) 
Topic 1: Gene772, Gene896, Gene613, Gene1000, Gene555 
 Topic 2: Gene278, Gene555, Gene427, Gene896, Gene679 
 Topic 3: Gene278, Gene896, Gene555, Gene427, Gene771 
 Topic 4: Gene278, Gene221, Gene896, Gene283, Gene444 
 Topic 5: Gene772, Gene278, Gene896, Gene555, Gene679 
......................................................................................................
Completed E-Step (11 seconds). 
Completed M-Step (0 seconds). 
calculate log likelihood 
convergence.check is 8.147511e-06 
Completing Iteration 11 (approx. per word bound = -41.925, relative change = 8.148e-06) 
......................................................................................................
Completed E-Step (11 seconds). 
Completed M-Step (0 seconds). 
calculate log likelihood 
convergence.check is 6.411441e-06 
Completing Iteration 12 (approx. per word bound = -41.925, relative change = 6.411e-06) 
......................................................................................................
Completed E-Step (11 seconds). 
Completed M-Step (0 seconds). 
calculate log likelihood 
convergence.check is 5.34577e-06 
Completing Iteration 13 (approx. per word bound = -41.925, relative change = 5.346e-06) 
......................................................................................................
Completed E-Step (11 seconds). 
Completed M-Step (0 seconds). 
calculate log likelihood 
convergence.check is 4.37605e-06 
Completing Iteration 14 (approx. per word bound = -41.924, relative change = 4.376e-06) 
......................................................................................................
Completed E-Step (10 seconds). 
Completed M-Step (0 seconds). 
calculate log likelihood 
convergence.check is 3.385826e-06 
Completing Iteration 15 (approx. per word bound = -41.924, relative change = 3.386e-06) 
Topic 1: Gene772, Gene896, Gene613, Gene1000, Gene555 
 Topic 2: Gene278, Gene555, Gene896, Gene427, Gene283 
 Topic 3: Gene278, Gene896, Gene555, Gene427, Gene771 
 Topic 4: Gene278, Gene221, Gene896, Gene555, Gene444 
 Topic 5: Gene772, Gene278, Gene896, Gene555, Gene771 
......................................................................................................
Completed E-Step (10 seconds). 
Completed M-Step (0 seconds). 
calculate log likelihood 
convergence.check is 2.82966e-06 
Completing Iteration 16 (approx. per word bound = -41.924, relative change = 2.830e-06) 
......................................................................................................
Completed E-Step (10 seconds). 
Completed M-Step (0 seconds). 
calculate log likelihood 
convergence.check is 2.16414e-06 
Completing Iteration 17 (approx. per word bound = -41.924, relative change = 2.164e-06) 
......................................................................................................
Completed E-Step (10 seconds). 
Completed M-Step (0 seconds). 
calculate log likelihood 
convergence.check is 1.810066e-06 
Completing Iteration 18 (approx. per word bound = -41.924, relative change = 1.810e-06) 
......................................................................................................
Completed E-Step (10 seconds). 
Completed M-Step (0 seconds). 
calculate log likelihood 
convergence.check is 1.470442e-06 
Completing Iteration 19 (approx. per word bound = -41.924, relative change = 1.470e-06) 
......................................................................................................
Completed E-Step (10 seconds). 
Completed M-Step (0 seconds). 
calculate log likelihood 
convergence.check is 1.269069e-06 
Completing Iteration 20 (approx. per word bound = -41.924, relative change = 1.269e-06) 
Topic 1: Gene772, Gene896, Gene613, Gene1000, Gene555 
 Topic 2: Gene278, Gene555, Gene896, Gene283, Gene427 
 Topic 3: Gene278, Gene896, Gene555, Gene427, Gene771 
 Topic 4: Gene278, Gene221, Gene896, Gene555, Gene444 
 Topic 5: Gene772, Gene278, Gene896, Gene555, Gene771 
......................................................................................................
Completed E-Step (10 seconds). 
Completed M-Step (0 seconds). 
calculate log likelihood 
convergence.check is 1.211527e-06 
Completing Iteration 21 (approx. per word bound = -41.924, relative change = 1.212e-06) 
......................................................................................................
Completed E-Step (9 seconds). 
Completed M-Step (0 seconds). 
calculate log likelihood 
convergence.check is 7.781358e-07 
Model Converged 
2 select model run 
Initialization with topicScore. 
Initializing factors using Topic SCORE algorithm.
Initializing loadings by running 10 SCD updates.
......................................................................................................
Completed E-Step (18 seconds). 
Completed M-Step (0 seconds). 
calculate log likelihood 
Completing Iteration 1 (approx. per word bound = -41.947) 
......................................................................................................
Completed E-Step (16 seconds). 
Completed M-Step (0 seconds). 
calculate log likelihood 
convergence.check is 3.013229e-05 
Completing Iteration 2 (approx. per word bound = -41.946, relative change = 3.013e-05) 
......................................................................................................
Completed E-Step (16 seconds). 
Completed M-Step (0 seconds). 
calculate log likelihood 
convergence.check is 2.616759e-05 
Completing Iteration 3 (approx. per word bound = -41.945, relative change = 2.617e-05) 
......................................................................................................
Completed E-Step (16 seconds). 
Completed M-Step (0 seconds). 
calculate log likelihood 
convergence.check is 2.584975e-05 
Completing Iteration 4 (approx. per word bound = -41.944, relative change = 2.585e-05) 
......................................................................................................
Completed E-Step (16 seconds). 
Completed M-Step (0 seconds). 
calculate log likelihood 
convergence.check is 2.543673e-05 
Completing Iteration 5 (approx. per word bound = -41.943, relative change = 2.544e-05) 
Topic 1: Gene772, Gene613, Gene555, Gene1000, Gene896 
 Topic 2: Gene896, Gene772, Gene613, Gene1000, Gene190 
 Topic 3: Gene896, Gene555, Gene278, Gene427, Gene771 
 Topic 4: Gene278, Gene771, Gene679, Gene429, Gene746 
 Topic 5: Gene221, Gene283, Gene278, Gene444, Gene771 
......................................................................................................
Completed E-Step (16 seconds). 
Completed M-Step (0 seconds). 
calculate log likelihood 
convergence.check is 2.485287e-05 
Completing Iteration 6 (approx. per word bound = -41.942, relative change = 2.485e-05) 
......................................................................................................
Completed E-Step (16 seconds). 
Completed M-Step (0 seconds). 
calculate log likelihood 
convergence.check is 2.384663e-05 
Completing Iteration 7 (approx. per word bound = -41.941, relative change = 2.385e-05) 
......................................................................................................
Completed E-Step (16 seconds). 
Completed M-Step (0 seconds). 
calculate log likelihood 
convergence.check is 2.260554e-05 
Completing Iteration 8 (approx. per word bound = -41.940, relative change = 2.261e-05) 
......................................................................................................
Completed E-Step (16 seconds). 
Completed M-Step (0 seconds). 
calculate log likelihood 
convergence.check is 2.113337e-05 
Completing Iteration 9 (approx. per word bound = -41.939, relative change = 2.113e-05) 
......................................................................................................
Completed E-Step (16 seconds). 
Completed M-Step (0 seconds). 
calculate log likelihood 
convergence.check is 1.95228e-05 
Completing Iteration 10 (approx. per word bound = -41.938, relative change = 1.952e-05) 
Topic 1: Gene772, Gene613, Gene1000, Gene896, Gene555 
 Topic 2: Gene896, Gene772, Gene613, Gene1000, Gene190 
 Topic 3: Gene896, Gene555, Gene278, Gene427, Gene771 
 Topic 4: Gene278, Gene771, Gene679, Gene429, Gene746 
 Topic 5: Gene221, Gene283, Gene278, Gene444, Gene771 
......................................................................................................
Completed E-Step (16 seconds). 
Completed M-Step (0 seconds). 
calculate log likelihood 
convergence.check is 1.788834e-05 
Completing Iteration 11 (approx. per word bound = -41.937, relative change = 1.789e-05) 
......................................................................................................
Completed E-Step (16 seconds). 
Completed M-Step (0 seconds). 
calculate log likelihood 
convergence.check is 1.627951e-05 
Completing Iteration 12 (approx. per word bound = -41.937, relative change = 1.628e-05) 
......................................................................................................
Completed E-Step (16 seconds). 
Completed M-Step (0 seconds). 
calculate log likelihood 
convergence.check is 1.467936e-05 
Completing Iteration 13 (approx. per word bound = -41.936, relative change = 1.468e-05) 
......................................................................................................
Completed E-Step (16 seconds). 
Completed M-Step (0 seconds). 
calculate log likelihood 
convergence.check is 1.325932e-05 
Completing Iteration 14 (approx. per word bound = -41.935, relative change = 1.326e-05) 
......................................................................................................
Completed E-Step (16 seconds). 
Completed M-Step (0 seconds). 
calculate log likelihood 
convergence.check is 1.196762e-05 
Completing Iteration 15 (approx. per word bound = -41.935, relative change = 1.197e-05) 
Topic 1: Gene772, Gene613, Gene1000, Gene896, Gene555 
 Topic 2: Gene896, Gene772, Gene613, Gene190, Gene1000 
 Topic 3: Gene896, Gene278, Gene555, Gene427, Gene771 
 Topic 4: Gene278, Gene771, Gene679, Gene429, Gene555 
 Topic 5: Gene221, Gene283, Gene278, Gene444, Gene771 
......................................................................................................
Completed E-Step (15 seconds). 
Completed M-Step (0 seconds). 
calculate log likelihood 
convergence.check is 1.077061e-05 
Completing Iteration 16 (approx. per word bound = -41.934, relative change = 1.077e-05) 
......................................................................................................
Completed E-Step (15 seconds). 
Completed M-Step (0 seconds). 
calculate log likelihood 
convergence.check is 9.74103e-06 
Completing Iteration 17 (approx. per word bound = -41.934, relative change = 9.741e-06) 
......................................................................................................
Completed E-Step (15 seconds). 
Completed M-Step (0 seconds). 
calculate log likelihood 
convergence.check is 8.761252e-06 
Completing Iteration 18 (approx. per word bound = -41.934, relative change = 8.761e-06) 
......................................................................................................
Completed E-Step (15 seconds). 
Completed M-Step (0 seconds). 
calculate log likelihood 
convergence.check is 7.900252e-06 
Completing Iteration 19 (approx. per word bound = -41.933, relative change = 7.900e-06) 
......................................................................................................
Completed E-Step (15 seconds). 
Completed M-Step (0 seconds). 
calculate log likelihood 
convergence.check is 7.144412e-06 
Completing Iteration 20 (approx. per word bound = -41.933, relative change = 7.144e-06) 
Topic 1: Gene772, Gene613, Gene896, Gene1000, Gene555 
 Topic 2: Gene896, Gene772, Gene613, Gene190, Gene1000 
 Topic 3: Gene896, Gene278, Gene555, Gene427, Gene771 
 Topic 4: Gene278, Gene771, Gene679, Gene555, Gene429 
 Topic 5: Gene221, Gene283, Gene278, Gene444, Gene771 
......................................................................................................
Completed E-Step (14 seconds). 
Completed M-Step (0 seconds). 
calculate log likelihood 
convergence.check is 6.536027e-06 
Completing Iteration 21 (approx. per word bound = -41.933, relative change = 6.536e-06) 
......................................................................................................
Completed E-Step (14 seconds). 
Completed M-Step (0 seconds). 
calculate log likelihood 
convergence.check is 5.716831e-06 
Completing Iteration 22 (approx. per word bound = -41.932, relative change = 5.717e-06) 
......................................................................................................
Completed E-Step (14 seconds). 
Completed M-Step (0 seconds). 
calculate log likelihood 
convergence.check is 5.214331e-06 
Completing Iteration 23 (approx. per word bound = -41.932, relative change = 5.214e-06) 
......................................................................................................
Completed E-Step (14 seconds). 
Completed M-Step (0 seconds). 
calculate log likelihood 
convergence.check is 4.731172e-06 
Completing Iteration 24 (approx. per word bound = -41.932, relative change = 4.731e-06) 
......................................................................................................
Completed E-Step (14 seconds). 
Completed M-Step (0 seconds). 
calculate log likelihood 
convergence.check is 4.269463e-06 
Completing Iteration 25 (approx. per word bound = -41.932, relative change = 4.269e-06) 
Topic 1: Gene772, Gene613, Gene896, Gene1000, Gene555 
 Topic 2: Gene896, Gene772, Gene613, Gene190, Gene1000 
 Topic 3: Gene896, Gene278, Gene555, Gene427, Gene771 
 Topic 4: Gene278, Gene771, Gene679, Gene555, Gene429 
 Topic 5: Gene221, Gene283, Gene278, Gene444, Gene771 
......................................................................................................
Completed E-Step (13 seconds). 
Completed M-Step (0 seconds). 
calculate log likelihood 
convergence.check is 3.747695e-06 
Completing Iteration 26 (approx. per word bound = -41.932, relative change = 3.748e-06) 
......................................................................................................
Completed E-Step (13 seconds). 
Completed M-Step (0 seconds). 
calculate log likelihood 
convergence.check is 3.590668e-06 
Completing Iteration 27 (approx. per word bound = -41.932, relative change = 3.591e-06) 
......................................................................................................
Completed E-Step (13 seconds). 
Completed M-Step (0 seconds). 
calculate log likelihood 
convergence.check is 2.854789e-06 
Completing Iteration 28 (approx. per word bound = -41.931, relative change = 2.855e-06) 
......................................................................................................
Completed E-Step (12 seconds). 
Completed M-Step (0 seconds). 
calculate log likelihood 
convergence.check is 2.770873e-06 
Completing Iteration 29 (approx. per word bound = -41.931, relative change = 2.771e-06) 
......................................................................................................
Completed E-Step (11 seconds). 
Completed M-Step (0 seconds). 
calculate log likelihood 
convergence.check is 2.467568e-06 
Completing Iteration 30 (approx. per word bound = -41.931, relative change = 2.468e-06) 
Topic 1: Gene772, Gene613, Gene896, Gene1000, Gene555 
 Topic 2: Gene896, Gene772, Gene613, Gene190, Gene427 
 Topic 3: Gene896, Gene278, Gene555, Gene427, Gene771 
 Topic 4: Gene278, Gene771, Gene679, Gene555, Gene429 
 Topic 5: Gene221, Gene283, Gene278, Gene444, Gene771 
......................................................................................................
Completed E-Step (11 seconds). 
Completed M-Step (0 seconds). 
calculate log likelihood 
convergence.check is 2.376147e-06 
Completing Iteration 31 (approx. per word bound = -41.931, relative change = 2.376e-06) 
......................................................................................................
Completed E-Step (11 seconds). 
Completed M-Step (0 seconds). 
calculate log likelihood 
convergence.check is 1.853741e-06 
Completing Iteration 32 (approx. per word bound = -41.931, relative change = 1.854e-06) 
......................................................................................................
Completed E-Step (10 seconds). 
Completed M-Step (0 seconds). 
calculate log likelihood 
convergence.check is 1.830735e-06 
Completing Iteration 33 (approx. per word bound = -41.931, relative change = 1.831e-06) 
......................................................................................................
Completed E-Step (10 seconds). 
Completed M-Step (0 seconds). 
calculate log likelihood 
convergence.check is 1.820113e-06 
Completing Iteration 34 (approx. per word bound = -41.931, relative change = 1.820e-06) 
......................................................................................................
Completed E-Step (10 seconds). 
Completed M-Step (0 seconds). 
calculate log likelihood 
convergence.check is 1.464803e-06 
Completing Iteration 35 (approx. per word bound = -41.931, relative change = 1.465e-06) 
Topic 1: Gene772, Gene613, Gene896, Gene1000, Gene555 
 Topic 2: Gene896, Gene772, Gene613, Gene190, Gene427 
 Topic 3: Gene896, Gene278, Gene555, Gene427, Gene771 
 Topic 4: Gene278, Gene771, Gene679, Gene555, Gene429 
 Topic 5: Gene221, Gene283, Gene278, Gene444, Gene771 
......................................................................................................
Completed E-Step (10 seconds). 
Completed M-Step (0 seconds). 
calculate log likelihood 
convergence.check is 1.446206e-06 
Completing Iteration 36 (approx. per word bound = -41.931, relative change = 1.446e-06) 
......................................................................................................
Completed E-Step (10 seconds). 
Completed M-Step (0 seconds). 
calculate log likelihood 
convergence.check is 1.241055e-06 
Completing Iteration 37 (approx. per word bound = -41.931, relative change = 1.241e-06) 
......................................................................................................
Completed E-Step (9 seconds). 
Completed M-Step (0 seconds). 
calculate log likelihood 
convergence.check is 1.267919e-06 
Completing Iteration 38 (approx. per word bound = -41.931, relative change = 1.268e-06) 
......................................................................................................
Completed E-Step (9 seconds). 
Completed M-Step (0 seconds). 
calculate log likelihood 
convergence.check is 1.079245e-06 
Completing Iteration 39 (approx. per word bound = -41.931, relative change = 1.079e-06) 
......................................................................................................
Completed E-Step (9 seconds). 
Completed M-Step (0 seconds). 
calculate log likelihood 
convergence.check is 1.088939e-06 
Completing Iteration 40 (approx. per word bound = -41.931, relative change = 1.089e-06) 
Topic 1: Gene772, Gene613, Gene896, Gene1000, Gene555 
 Topic 2: Gene896, Gene772, Gene613, Gene190, Gene427 
 Topic 3: Gene896, Gene278, Gene555, Gene427, Gene771 
 Topic 4: Gene278, Gene771, Gene555, Gene679, Gene429 
 Topic 5: Gene221, Gene283, Gene278, Gene444, Gene771 
......................................................................................................
Completed E-Step (9 seconds). 
Completed M-Step (0 seconds). 
calculate log likelihood 
convergence.check is 9.228629e-07 
Model Converged 
3 select model run 
Initialization with topicScore. 
Initializing factors using Topic SCORE algorithm.
Initializing loadings by running 10 SCD updates.
......................................................................................................
Completed E-Step (22 seconds). 
Completed M-Step (0 seconds). 
calculate log likelihood 
Completing Iteration 1 (approx. per word bound = -41.948) 
......................................................................................................
Completed E-Step (16 seconds). 
Completed M-Step (0 seconds). 
calculate log likelihood 
convergence.check is 3.073703e-05 
Completing Iteration 2 (approx. per word bound = -41.947, relative change = 3.074e-05) 
......................................................................................................
Completed E-Step (16 seconds). 
Completed M-Step (0 seconds). 
calculate log likelihood 
convergence.check is 2.617137e-05 
Completing Iteration 3 (approx. per word bound = -41.946, relative change = 2.617e-05) 
......................................................................................................
Completed E-Step (16 seconds). 
Completed M-Step (0 seconds). 
calculate log likelihood 
convergence.check is 2.545852e-05 
Completing Iteration 4 (approx. per word bound = -41.945, relative change = 2.546e-05) 
......................................................................................................
Completed E-Step (16 seconds). 
Completed M-Step (0 seconds). 
calculate log likelihood 
convergence.check is 2.469112e-05 
Completing Iteration 5 (approx. per word bound = -41.944, relative change = 2.469e-05) 
Topic 1: Gene772, Gene613, Gene1000, Gene555, Gene896 
 Topic 2: Gene896, Gene772, Gene613, Gene1000, Gene190 
 Topic 3: Gene896, Gene555, Gene427, Gene278, Gene771 
 Topic 4: Gene221, Gene283, Gene278, Gene444, Gene90 
 Topic 5: Gene278, Gene771, Gene679, Gene429, Gene746 
......................................................................................................
Completed E-Step (16 seconds). 
Completed M-Step (0 seconds). 
calculate log likelihood 
convergence.check is 2.370275e-05 
Completing Iteration 6 (approx. per word bound = -41.943, relative change = 2.370e-05) 
......................................................................................................
Completed E-Step (16 seconds). 
Completed M-Step (0 seconds). 
calculate log likelihood 
convergence.check is 2.24606e-05 
Completing Iteration 7 (approx. per word bound = -41.942, relative change = 2.246e-05) 
......................................................................................................
Completed E-Step (16 seconds). 
Completed M-Step (0 seconds). 
calculate log likelihood 
convergence.check is 2.108248e-05 
Completing Iteration 8 (approx. per word bound = -41.941, relative change = 2.108e-05) 
......................................................................................................
Completed E-Step (16 seconds). 
Completed M-Step (0 seconds). 
calculate log likelihood 
convergence.check is 1.955129e-05 
Completing Iteration 9 (approx. per word bound = -41.940, relative change = 1.955e-05) 
......................................................................................................
Completed E-Step (16 seconds). 
Completed M-Step (0 seconds). 
calculate log likelihood 
convergence.check is 1.799319e-05 
Completing Iteration 10 (approx. per word bound = -41.939, relative change = 1.799e-05) 
Topic 1: Gene772, Gene613, Gene1000, Gene896, Gene555 
 Topic 2: Gene896, Gene772, Gene613, Gene1000, Gene190 
 Topic 3: Gene896, Gene555, Gene427, Gene278, Gene771 
 Topic 4: Gene221, Gene283, Gene278, Gene444, Gene90 
 Topic 5: Gene278, Gene771, Gene679, Gene429, Gene746 
......................................................................................................
Completed E-Step (15 seconds). 
Completed M-Step (0 seconds). 
calculate log likelihood 
convergence.check is 1.648001e-05 
Completing Iteration 11 (approx. per word bound = -41.939, relative change = 1.648e-05) 
......................................................................................................
Completed E-Step (15 seconds). 
Completed M-Step (0 seconds). 
calculate log likelihood 
convergence.check is 1.503892e-05 
Completing Iteration 12 (approx. per word bound = -41.938, relative change = 1.504e-05) 
......................................................................................................
Completed E-Step (15 seconds). 
Completed M-Step (0 seconds). 
calculate log likelihood 
convergence.check is 1.373339e-05 
Completing Iteration 13 (approx. per word bound = -41.938, relative change = 1.373e-05) 
......................................................................................................
Completed E-Step (16 seconds). 
Completed M-Step (0 seconds). 
calculate log likelihood 
convergence.check is 1.250217e-05 
Completing Iteration 14 (approx. per word bound = -41.937, relative change = 1.250e-05) 
......................................................................................................
Completed E-Step (15 seconds). 
Completed M-Step (0 seconds). 
calculate log likelihood 
convergence.check is 1.141243e-05 
Completing Iteration 15 (approx. per word bound = -41.937, relative change = 1.141e-05) 
Topic 1: Gene772, Gene613, Gene1000, Gene896, Gene555 
 Topic 2: Gene896, Gene772, Gene613, Gene190, Gene1000 
 Topic 3: Gene896, Gene555, Gene427, Gene278, Gene771 
 Topic 4: Gene221, Gene283, Gene278, Gene444, Gene90 
 Topic 5: Gene278, Gene771, Gene679, Gene429, Gene746 
......................................................................................................
Completed E-Step (15 seconds). 
Completed M-Step (0 seconds). 
calculate log likelihood 
convergence.check is 1.039769e-05 
Completing Iteration 16 (approx. per word bound = -41.936, relative change = 1.040e-05) 
......................................................................................................
Completed E-Step (15 seconds). 
Completed M-Step (0 seconds). 
calculate log likelihood 
convergence.check is 9.473415e-06 
Completing Iteration 17 (approx. per word bound = -41.936, relative change = 9.473e-06) 
......................................................................................................
Completed E-Step (15 seconds). 
Completed M-Step (0 seconds). 
calculate log likelihood 
convergence.check is 8.642429e-06 
Completing Iteration 18 (approx. per word bound = -41.935, relative change = 8.642e-06) 
......................................................................................................
Completed E-Step (15 seconds). 
Completed M-Step (0 seconds). 
calculate log likelihood 
convergence.check is 7.871556e-06 
Completing Iteration 19 (approx. per word bound = -41.935, relative change = 7.872e-06) 
......................................................................................................
Completed E-Step (14 seconds). 
Completed M-Step (0 seconds). 
calculate log likelihood 
convergence.check is 7.187427e-06 
Completing Iteration 20 (approx. per word bound = -41.935, relative change = 7.187e-06) 
Topic 1: Gene772, Gene613, Gene896, Gene1000, Gene555 
 Topic 2: Gene896, Gene772, Gene613, Gene190, Gene1000 
 Topic 3: Gene896, Gene555, Gene427, Gene278, Gene771 
 Topic 4: Gene221, Gene283, Gene278, Gene444, Gene90 
 Topic 5: Gene278, Gene771, Gene679, Gene429, Gene555 
......................................................................................................
Completed E-Step (14 seconds). 
Completed M-Step (0 seconds). 
calculate log likelihood 
convergence.check is 6.558867e-06 
Completing Iteration 21 (approx. per word bound = -41.934, relative change = 6.559e-06) 
......................................................................................................
Completed E-Step (14 seconds). 
Completed M-Step (0 seconds). 
calculate log likelihood 
convergence.check is 6.045167e-06 
Completing Iteration 22 (approx. per word bound = -41.934, relative change = 6.045e-06) 
......................................................................................................
Completed E-Step (14 seconds). 
Completed M-Step (0 seconds). 
calculate log likelihood 
convergence.check is 5.48404e-06 
Completing Iteration 23 (approx. per word bound = -41.934, relative change = 5.484e-06) 
......................................................................................................
Completed E-Step (14 seconds). 
Completed M-Step (0 seconds). 
calculate log likelihood 
convergence.check is 4.870137e-06 
Completing Iteration 24 (approx. per word bound = -41.934, relative change = 4.870e-06) 
......................................................................................................
Completed E-Step (13 seconds). 
Completed M-Step (0 seconds). 
calculate log likelihood 
convergence.check is 4.617816e-06 
Completing Iteration 25 (approx. per word bound = -41.934, relative change = 4.618e-06) 
Topic 1: Gene772, Gene613, Gene896, Gene1000, Gene555 
 Topic 2: Gene896, Gene772, Gene613, Gene190, Gene427 
 Topic 3: Gene896, Gene427, Gene555, Gene278, Gene771 
 Topic 4: Gene221, Gene283, Gene278, Gene444, Gene771 
 Topic 5: Gene278, Gene771, Gene679, Gene429, Gene555 
......................................................................................................
Completed E-Step (14 seconds). 
Completed M-Step (0 seconds). 
calculate log likelihood 
convergence.check is 4.262565e-06 
Completing Iteration 26 (approx. per word bound = -41.933, relative change = 4.263e-06) 
......................................................................................................
Completed E-Step (13 seconds). 
Completed M-Step (0 seconds). 
calculate log likelihood 
convergence.check is 3.730059e-06 
Completing Iteration 27 (approx. per word bound = -41.933, relative change = 3.730e-06) 
......................................................................................................
Completed E-Step (13 seconds). 
Completed M-Step (0 seconds). 
calculate log likelihood 
convergence.check is 3.6771e-06 
Completing Iteration 28 (approx. per word bound = -41.933, relative change = 3.677e-06) 
......................................................................................................
Completed E-Step (13 seconds). 
Completed M-Step (0 seconds). 
calculate log likelihood 
convergence.check is 3.185732e-06 
Completing Iteration 29 (approx. per word bound = -41.933, relative change = 3.186e-06) 
......................................................................................................
Completed E-Step (13 seconds). 
Completed M-Step (0 seconds). 
calculate log likelihood 
convergence.check is 3.020832e-06 
Completing Iteration 30 (approx. per word bound = -41.933, relative change = 3.021e-06) 
Topic 1: Gene772, Gene613, Gene896, Gene1000, Gene555 
 Topic 2: Gene896, Gene772, Gene613, Gene190, Gene427 
 Topic 3: Gene896, Gene427, Gene555, Gene278, Gene808 
 Topic 4: Gene221, Gene283, Gene278, Gene444, Gene771 
 Topic 5: Gene278, Gene771, Gene679, Gene555, Gene429 
......................................................................................................
Completed E-Step (12 seconds). 
Completed M-Step (0 seconds). 
calculate log likelihood 
convergence.check is 2.814885e-06 
Completing Iteration 31 (approx. per word bound = -41.933, relative change = 2.815e-06) 
......................................................................................................
Completed E-Step (12 seconds). 
Completed M-Step (0 seconds). 
calculate log likelihood 
convergence.check is 2.620944e-06 
Completing Iteration 32 (approx. per word bound = -41.933, relative change = 2.621e-06) 
......................................................................................................
Completed E-Step (12 seconds). 
Completed M-Step (0 seconds). 
calculate log likelihood 
convergence.check is 2.461387e-06 
Completing Iteration 33 (approx. per word bound = -41.933, relative change = 2.461e-06) 
......................................................................................................
Completed E-Step (11 seconds). 
Completed M-Step (0 seconds). 
calculate log likelihood 
convergence.check is 2.226991e-06 
Completing Iteration 34 (approx. per word bound = -41.932, relative change = 2.227e-06) 
......................................................................................................
Completed E-Step (11 seconds). 
Completed M-Step (0 seconds). 
calculate log likelihood 
convergence.check is 2.033505e-06 
Completing Iteration 35 (approx. per word bound = -41.932, relative change = 2.034e-06) 
Topic 1: Gene772, Gene613, Gene896, Gene1000, Gene555 
 Topic 2: Gene896, Gene772, Gene613, Gene190, Gene427 
 Topic 3: Gene896, Gene427, Gene555, Gene278, Gene808 
 Topic 4: Gene221, Gene283, Gene278, Gene444, Gene771 
 Topic 5: Gene278, Gene771, Gene679, Gene555, Gene429 
......................................................................................................
Completed E-Step (11 seconds). 
Completed M-Step (0 seconds). 
calculate log likelihood 
convergence.check is 2.037417e-06 
Completing Iteration 36 (approx. per word bound = -41.932, relative change = 2.037e-06) 
......................................................................................................
Completed E-Step (11 seconds). 
Completed M-Step (0 seconds). 
calculate log likelihood 
convergence.check is 1.692399e-06 
Completing Iteration 37 (approx. per word bound = -41.932, relative change = 1.692e-06) 
......................................................................................................
Completed E-Step (10 seconds). 
Completed M-Step (0 seconds). 
calculate log likelihood 
convergence.check is 1.771483e-06 
Completing Iteration 38 (approx. per word bound = -41.932, relative change = 1.771e-06) 
......................................................................................................
Completed E-Step (10 seconds). 
Completed M-Step (0 seconds). 
calculate log likelihood 
convergence.check is 1.620278e-06 
Completing Iteration 39 (approx. per word bound = -41.932, relative change = 1.620e-06) 
......................................................................................................
Completed E-Step (10 seconds). 
Completed M-Step (0 seconds). 
calculate log likelihood 
convergence.check is 1.574494e-06 
Completing Iteration 40 (approx. per word bound = -41.932, relative change = 1.574e-06) 
Topic 1: Gene772, Gene613, Gene896, Gene1000, Gene555 
 Topic 2: Gene896, Gene772, Gene613, Gene427, Gene190 
 Topic 3: Gene896, Gene427, Gene555, Gene278, Gene808 
 Topic 4: Gene221, Gene283, Gene278, Gene444, Gene771 
 Topic 5: Gene278, Gene771, Gene679, Gene555, Gene429 
......................................................................................................
Completed E-Step (9 seconds). 
Completed M-Step (0 seconds). 
calculate log likelihood 
convergence.check is 1.53129e-06 
Completing Iteration 41 (approx. per word bound = -41.932, relative change = 1.531e-06) 
......................................................................................................
Completed E-Step (9 seconds). 
Completed M-Step (0 seconds). 
calculate log likelihood 
convergence.check is 1.25149e-06 
Completing Iteration 42 (approx. per word bound = -41.932, relative change = 1.251e-06) 
......................................................................................................
Completed E-Step (8 seconds). 
Completed M-Step (0 seconds). 
calculate log likelihood 
convergence.check is 1.26112e-06 
Completing Iteration 43 (approx. per word bound = -41.932, relative change = 1.261e-06) 
......................................................................................................
Completed E-Step (8 seconds). 
Completed M-Step (0 seconds). 
calculate log likelihood 
convergence.check is 1.129675e-06 
Completing Iteration 44 (approx. per word bound = -41.932, relative change = 1.130e-06) 
......................................................................................................
Completed E-Step (8 seconds). 
Completed M-Step (0 seconds). 
calculate log likelihood 
convergence.check is 1.215486e-06 
Completing Iteration 45 (approx. per word bound = -41.932, relative change = 1.215e-06) 
Topic 1: Gene772, Gene613, Gene896, Gene1000, Gene555 
 Topic 2: Gene896, Gene772, Gene613, Gene427, Gene190 
 Topic 3: Gene896, Gene427, Gene555, Gene278, Gene808 
 Topic 4: Gene221, Gene283, Gene278, Gene444, Gene771 
 Topic 5: Gene278, Gene771, Gene679, Gene555, Gene429 
......................................................................................................
Completed E-Step (10 seconds). 
Completed M-Step (0 seconds). 
calculate log likelihood 
convergence.check is 1.185498e-06 
Completing Iteration 46 (approx. per word bound = -41.932, relative change = 1.185e-06) 
......................................................................................................
Completed E-Step (8 seconds). 
Completed M-Step (0 seconds). 
calculate log likelihood 
convergence.check is 9.96791e-07 
Model Converged 
