sims_1715987060_pos_L4_c5.rds 
Found 6 batches
Using null model in ComBat-seq.
Adjusting for 0 covariate(s) or covariate level(s)
Estimating dispersions
Fitting the GLM model
Shrinkage off - using GLM estimates for parameters
Adjusting the data
Batch Effect Removed 
        R/alignCorpus.R R/asSTMCorpus.R R/checkBeta.R R/cloud.R
value   ?               ?               ?             ?        
visible FALSE           FALSE           FALSE         FALSE    
        R/CompositionChange.R R/convertCorpus.R R/estimateEffect.R
value   ?                     ?                 ?                 
visible FALSE                 FALSE             FALSE             
        R/estimateMixedEffect.R R/exclusivity.R R/findThoughts.R R/findTopic.R
value   ?                       ?               ?                ?            
visible FALSE                   FALSE           FALSE            FALSE        
        R/fitNewDocuments.R R/heldout.R R/jeffreyskappa.R R/labelTopics.R
value   ?                   ?           ?                 ?              
visible FALSE               FALSE       FALSE             FALSE          
        R/makeDesignMatrix.R R/manyTopics.R R/multiSTM.R R/optimalK.R
value   ?                    ?              ?            ?           
visible FALSE                FALSE          FALSE        FALSE       
        R/permute.R R/plot.estimateEffect.R R/plot.fixedEffect.R
value   ?           ?                       ?                   
visible FALSE       FALSE                   FALSE               
        R/plot.searchK.R R/plot.STM.R R/plotModels.R R/plotQuote.R
value   ?                ?            ?              ?            
visible FALSE            FALSE        FALSE          FALSE        
        R/plotRemoved.R R/plottingutilfns.R R/plotTopicLoess.R
value   ?               ?                   ?                 
visible FALSE           FALSE               FALSE             
        R/prepDocuments.R R/prepsce.R R/produce_cmatrix.R R/RcppExports.R
value   ?                 ?           ?                   ?              
visible FALSE             FALSE       FALSE               FALSE          
        R/readCorpus.R R/residuals.R R/s.R R/sageLabels.R R/scSTM.R
value   ?              ?             ?     ?              ?        
visible FALSE          FALSE         FALSE FALSE          FALSE    
        R/selectModel.R R/semanticCoherence.R R/simBetas.R R/spectral.R
value   ?               ?                     ?            ?           
visible FALSE           FALSE                 FALSE        FALSE       
        R/stm-package.R R/stm.control.R R/STMbound.R R/STMconvergence.R
value   NULL            ?               ?            ?                 
visible TRUE            FALSE           FALSE        FALSE             
        R/STMestep.R R/STMfunctions.R R/STMinit.R R/STMinitLikelihood.R
value   ?            ?                ?           ?                    
visible FALSE        FALSE            FALSE       FALSE                
        R/STMlncpp.R R/STMmnreg.R R/STMmu.R R/STMoptbeta.R R/STMreport.R
value   ?            ?            ?         ?              ?            
visible FALSE        FALSE        FALSE     FALSE          FALSE        
        R/STMsigma.R R/STMsigs.R R/STMsubset.R R/summary.STM.R R/tau.R
value   ?            ?           ?             ?               ?      
visible FALSE        FALSE       FALSE         FALSE           FALSE  
        R/textProcessor.R R/thetaPosterior.R R/toLDAvis.R R/topicCorr.R
value   ?                 ?                  ?            ?            
visible FALSE             FALSE              FALSE        FALSE        
        R/topicLasso.R R/topicQuality.R R/writeLdac.R R/zzz.R
value   ?              ?                ?             ?      
visible FALSE          FALSE            FALSE         FALSE  
Casting net 
1 models in net 
Initialization with topicScore. 
Initializing factors using Topic SCORE algorithm.
Initializing loadings by running 10 SCD updates.
......................................................................................................
Completed E-Step (15 seconds). 
Completed M-Step (0 seconds). 
calculate log likelihood 
Completing Iteration 1 (approx. per word bound = -42.685) 
......................................................................................................
Completed E-Step (16 seconds). 
Completed M-Step (0 seconds). 
calculate log likelihood 
convergence.check is 9.298027e-05 
Completing Iteration 2 (approx. per word bound = -42.681, relative change = 9.298e-05) 
......................................................................................................
Completed E-Step (15 seconds). 
Completed M-Step (0 seconds). 
calculate log likelihood 
convergence.check is 2.513895e-05 
Model Terminated Before Convergence Reached 
2 models in net 
Initialization with topicScore. 
Initializing factors using Topic SCORE algorithm.
Initializing loadings by running 10 SCD updates.
......................................................................................................
Completed E-Step (12 seconds). 
Completed M-Step (0 seconds). 
calculate log likelihood 
Completing Iteration 1 (approx. per word bound = -42.690) 
......................................................................................................
Completed E-Step (17 seconds). 
Completed M-Step (0 seconds). 
calculate log likelihood 
convergence.check is 3.912091e-05 
Completing Iteration 2 (approx. per word bound = -42.688, relative change = 3.912e-05) 
......................................................................................................
Completed E-Step (17 seconds). 
Completed M-Step (0 seconds). 
calculate log likelihood 
convergence.check is 1.392462e-05 
Model Terminated Before Convergence Reached 
3 models in net 
Initialization with topicScore. 
Initializing factors using Topic SCORE algorithm.
Initializing loadings by running 10 SCD updates.
......................................................................................................
Completed E-Step (13 seconds). 
Completed M-Step (0 seconds). 
calculate log likelihood 
Completing Iteration 1 (approx. per word bound = -42.692) 
......................................................................................................
Completed E-Step (17 seconds). 
Completed M-Step (0 seconds). 
calculate log likelihood 
convergence.check is 0.0001324813 
Completing Iteration 2 (approx. per word bound = -42.686, relative change = 1.325e-04) 
......................................................................................................
Completed E-Step (16 seconds). 
Completed M-Step (0 seconds). 
calculate log likelihood 
convergence.check is 2.669199e-05 
Model Terminated Before Convergence Reached 
4 models in net 
Initialization with topicScore. 
Initializing factors using Topic SCORE algorithm.
Initializing loadings by running 10 SCD updates.
......................................................................................................
Completed E-Step (16 seconds). 
Completed M-Step (0 seconds). 
calculate log likelihood 
Completing Iteration 1 (approx. per word bound = -42.689) 
......................................................................................................
Completed E-Step (17 seconds). 
Completed M-Step (0 seconds). 
calculate log likelihood 
convergence.check is 9.496763e-05 
Completing Iteration 2 (approx. per word bound = -42.685, relative change = 9.497e-05) 
......................................................................................................
Completed E-Step (15 seconds). 
Completed M-Step (0 seconds). 
calculate log likelihood 
convergence.check is 2.558716e-05 
Model Terminated Before Convergence Reached 
5 models in net 
Initialization with topicScore. 
Initializing factors using Topic SCORE algorithm.
Initializing loadings by running 10 SCD updates.
......................................................................................................
Completed E-Step (16 seconds). 
Completed M-Step (0 seconds). 
calculate log likelihood 
Completing Iteration 1 (approx. per word bound = -42.685) 
......................................................................................................
Completed E-Step (16 seconds). 
Completed M-Step (0 seconds). 
calculate log likelihood 
convergence.check is 9.972717e-05 
Completing Iteration 2 (approx. per word bound = -42.681, relative change = 9.973e-05) 
......................................................................................................
Completed E-Step (16 seconds). 
Completed M-Step (0 seconds). 
calculate log likelihood 
convergence.check is 2.103904e-05 
Model Terminated Before Convergence Reached 
6 models in net 
Initialization with topicScore. 
Initializing factors using Topic SCORE algorithm.
Initializing loadings by running 10 SCD updates.
......................................................................................................
Completed E-Step (16 seconds). 
Completed M-Step (0 seconds). 
calculate log likelihood 
Completing Iteration 1 (approx. per word bound = -42.682) 
......................................................................................................
Completed E-Step (15 seconds). 
Completed M-Step (0 seconds). 
calculate log likelihood 
convergence.check is 7.802492e-05 
Completing Iteration 2 (approx. per word bound = -42.679, relative change = 7.802e-05) 
......................................................................................................
Completed E-Step (15 seconds). 
Completed M-Step (0 seconds). 
calculate log likelihood 
convergence.check is 2.091102e-05 
Model Terminated Before Convergence Reached 
7 models in net 
Initialization with topicScore. 
Initializing factors using Topic SCORE algorithm.
Initializing loadings by running 10 SCD updates.
......................................................................................................
Completed E-Step (14 seconds). 
Completed M-Step (0 seconds). 
calculate log likelihood 
Completing Iteration 1 (approx. per word bound = -42.687) 
......................................................................................................
Completed E-Step (17 seconds). 
Completed M-Step (0 seconds). 
calculate log likelihood 
convergence.check is 0.0001272478 
Completing Iteration 2 (approx. per word bound = -42.681, relative change = 1.272e-04) 
......................................................................................................
Completed E-Step (15 seconds). 
Completed M-Step (0 seconds). 
calculate log likelihood 
convergence.check is 2.545368e-05 
Model Terminated Before Convergence Reached 
8 models in net 
Initialization with topicScore. 
Initializing factors using Topic SCORE algorithm.
Initializing loadings by running 10 SCD updates.
......................................................................................................
Completed E-Step (18 seconds). 
Completed M-Step (0 seconds). 
calculate log likelihood 
Completing Iteration 1 (approx. per word bound = -42.685) 
......................................................................................................
Completed E-Step (16 seconds). 
Completed M-Step (0 seconds). 
calculate log likelihood 
convergence.check is 9.972717e-05 
Completing Iteration 2 (approx. per word bound = -42.681, relative change = 9.973e-05) 
......................................................................................................
Completed E-Step (15 seconds). 
Completed M-Step (0 seconds). 
calculate log likelihood 
convergence.check is 2.103904e-05 
Model Terminated Before Convergence Reached 
9 models in net 
Initialization with topicScore. 
Initializing factors using Topic SCORE algorithm.
Initializing loadings by running 10 SCD updates.
......................................................................................................
Completed E-Step (14 seconds). 
Completed M-Step (0 seconds). 
calculate log likelihood 
Completing Iteration 1 (approx. per word bound = -42.689) 
......................................................................................................
Completed E-Step (17 seconds). 
Completed M-Step (0 seconds). 
calculate log likelihood 
convergence.check is 0.0001094625 
Completing Iteration 2 (approx. per word bound = -42.684, relative change = 1.095e-04) 
......................................................................................................
Completed E-Step (15 seconds). 
Completed M-Step (0 seconds). 
calculate log likelihood 
convergence.check is 2.342895e-05 
Model Terminated Before Convergence Reached 
10 models in net 
Initialization with topicScore. 
Initializing factors using Topic SCORE algorithm.
Initializing loadings by running 10 SCD updates.
......................................................................................................
Completed E-Step (16 seconds). 
Completed M-Step (0 seconds). 
calculate log likelihood 
Completing Iteration 1 (approx. per word bound = -42.689) 
......................................................................................................
Completed E-Step (16 seconds). 
Completed M-Step (0 seconds). 
calculate log likelihood 
convergence.check is 0.000124425 
Completing Iteration 2 (approx. per word bound = -42.684, relative change = 1.244e-04) 
......................................................................................................
Completed E-Step (15 seconds). 
Completed M-Step (0 seconds). 
calculate log likelihood 
convergence.check is 2.375592e-05 
Model Terminated Before Convergence Reached 
11 models in net 
Beginning Spectral Initialization 
	 Calculating the gram matrix...
	 Finding anchor words...
 	.....
	 Recovering initialization...
 	.......
Initialization complete.
......................................................................................................
Completed E-Step (28 seconds). 
Completed M-Step (0 seconds). 
calculate log likelihood 
Completing Iteration 1 (approx. per word bound = -42.741) 
......................................................................................................
Completed E-Step (14 seconds). 
Completed M-Step (0 seconds). 
calculate log likelihood 
convergence.check is 0.000589865 
Completing Iteration 2 (approx. per word bound = -42.715, relative change = 5.899e-04) 
......................................................................................................
Completed E-Step (13 seconds). 
Completed M-Step (0 seconds). 
calculate log likelihood 
convergence.check is 0.0002409701 
Model Terminated Before Convergence Reached 
12 models in net 
Beginning Random Initialization 
Initialization with Poisson NMF 
......................................................................................................
Completed E-Step (28 seconds). 
Completed M-Step (0 seconds). 
calculate log likelihood 
Completing Iteration 1 (approx. per word bound = -56.102) 
......................................................................................................
Completed E-Step (18 seconds). 
Completed M-Step (0 seconds). 
calculate log likelihood 
convergence.check is 0.2357257 
Completing Iteration 2 (approx. per word bound = -42.877, relative change = 2.357e-01) 
......................................................................................................
Completed E-Step (17 seconds). 
Completed M-Step (0 seconds). 
calculate log likelihood 
convergence.check is 0.000365178 
Model Terminated Before Convergence Reached 
13 models in net 
Beginning Random Initialization 
Initialization with Poisson NMF 
......................................................................................................
Completed E-Step (27 seconds). 
Completed M-Step (0 seconds). 
calculate log likelihood 
Completing Iteration 1 (approx. per word bound = -56.381) 
......................................................................................................
Completed E-Step (16 seconds). 
Completed M-Step (0 seconds). 
calculate log likelihood 
convergence.check is 0.2392596 
Completing Iteration 2 (approx. per word bound = -42.891, relative change = 2.393e-01) 
......................................................................................................
Completed E-Step (16 seconds). 
Completed M-Step (0 seconds). 
calculate log likelihood 
convergence.check is 9.79358e-05 
Model Terminated Before Convergence Reached 
14 models in net 
Beginning Random Initialization 
Initialization with Poisson NMF 
......................................................................................................
Completed E-Step (25 seconds). 
Completed M-Step (0 seconds). 
calculate log likelihood 
Completing Iteration 1 (approx. per word bound = -55.947) 
......................................................................................................
Completed E-Step (10 seconds). 
Completed M-Step (0 seconds). 
calculate log likelihood 
convergence.check is 0.2335493 
Completing Iteration 2 (approx. per word bound = -42.881, relative change = 2.335e-01) 
......................................................................................................
Completed E-Step (10 seconds). 
Completed M-Step (0 seconds). 
calculate log likelihood 
convergence.check is 0.0003298733 
Model Terminated Before Convergence Reached 
15 models in net 
Beginning Random Initialization 
Initialization with Poisson NMF 
......................................................................................................
Completed E-Step (29 seconds). 
Completed M-Step (0 seconds). 
calculate log likelihood 
Completing Iteration 1 (approx. per word bound = -56.437) 
......................................................................................................
Completed E-Step (18 seconds). 
Completed M-Step (0 seconds). 
calculate log likelihood 
convergence.check is 0.2401889 
Completing Iteration 2 (approx. per word bound = -42.881, relative change = 2.402e-01) 
......................................................................................................
Completed E-Step (16 seconds). 
Completed M-Step (0 seconds). 
calculate log likelihood 
convergence.check is 0.0002418519 
Model Terminated Before Convergence Reached 
16 models in net 
Beginning Random Initialization 
Initialization with Poisson NMF 
......................................................................................................
Completed E-Step (27 seconds). 
Completed M-Step (0 seconds). 
calculate log likelihood 
Completing Iteration 1 (approx. per word bound = -56.226) 
......................................................................................................
Completed E-Step (18 seconds). 
Completed M-Step (0 seconds). 
calculate log likelihood 
convergence.check is 0.2375057 
Completing Iteration 2 (approx. per word bound = -42.872, relative change = 2.375e-01) 
......................................................................................................
Completed E-Step (15 seconds). 
Completed M-Step (0 seconds). 
calculate log likelihood 
convergence.check is 0.0006927828 
Model Terminated Before Convergence Reached 
17 models in net 
Beginning Random Initialization 
Initialization with Poisson NMF 
......................................................................................................
Completed E-Step (23 seconds). 
Completed M-Step (0 seconds). 
calculate log likelihood 
Completing Iteration 1 (approx. per word bound = -56.133) 
......................................................................................................
Completed E-Step (17 seconds). 
Completed M-Step (0 seconds). 
calculate log likelihood 
convergence.check is 0.2362792 
Completing Iteration 2 (approx. per word bound = -42.870, relative change = 2.363e-01) 
......................................................................................................
Completed E-Step (17 seconds). 
Completed M-Step (0 seconds). 
calculate log likelihood 
convergence.check is 0.0002880731 
Model Terminated Before Convergence Reached 
18 models in net 
Beginning Random Initialization 
Initialization with Poisson NMF 
......................................................................................................
Completed E-Step (29 seconds). 
Completed M-Step (0 seconds). 
calculate log likelihood 
Completing Iteration 1 (approx. per word bound = -56.589) 
......................................................................................................
Completed E-Step (16 seconds). 
Completed M-Step (0 seconds). 
calculate log likelihood 
convergence.check is 0.2420248 
Completing Iteration 2 (approx. per word bound = -42.893, relative change = 2.420e-01) 
......................................................................................................
Completed E-Step (17 seconds). 
Completed M-Step (0 seconds). 
calculate log likelihood 
convergence.check is 0.0001211746 
Model Terminated Before Convergence Reached 
19 models in net 
Beginning Random Initialization 
Initialization with Poisson NMF 
......................................................................................................
Completed E-Step (29 seconds). 
Completed M-Step (0 seconds). 
calculate log likelihood 
Completing Iteration 1 (approx. per word bound = -56.109) 
......................................................................................................
Completed E-Step (18 seconds). 
Completed M-Step (0 seconds). 
calculate log likelihood 
convergence.check is 0.2356692 
Completing Iteration 2 (approx. per word bound = -42.886, relative change = 2.357e-01) 
......................................................................................................
Completed E-Step (16 seconds). 
Completed M-Step (0 seconds). 
calculate log likelihood 
convergence.check is 0.0001777334 
Model Terminated Before Convergence Reached 
20 models in net 
Beginning Random Initialization 
Initialization with Poisson NMF 
......................................................................................................
Completed E-Step (25 seconds). 
Completed M-Step (0 seconds). 
calculate log likelihood 
Completing Iteration 1 (approx. per word bound = -56.491) 
......................................................................................................
Completed E-Step (17 seconds). 
Completed M-Step (0 seconds). 
calculate log likelihood 
convergence.check is 0.2411338 
Completing Iteration 2 (approx. per word bound = -42.869, relative change = 2.411e-01) 
......................................................................................................
Completed E-Step (17 seconds). 
Completed M-Step (0 seconds). 
calculate log likelihood 
convergence.check is 0.0004320327 
Model Terminated Before Convergence Reached 
21 models in net 
Beginning Random Initialization 
Initialization with Poisson NMF 
......................................................................................................
Completed E-Step (28 seconds). 
Completed M-Step (0 seconds). 
calculate log likelihood 
Completing Iteration 1 (approx. per word bound = -56.393) 
......................................................................................................
Completed E-Step (16 seconds). 
Completed M-Step (0 seconds). 
calculate log likelihood 
convergence.check is 0.2394661 
Completing Iteration 2 (approx. per word bound = -42.889, relative change = 2.395e-01) 
......................................................................................................
Completed E-Step (16 seconds). 
Completed M-Step (0 seconds). 
calculate log likelihood 
convergence.check is 0.0001002107 
Model Terminated Before Convergence Reached 
Running select models 
1 select model run 
Initialization with topicScore. 
Initializing factors using Topic SCORE algorithm.
Initializing loadings by running 10 SCD updates.
......................................................................................................
Completed E-Step (17 seconds). 
Completed M-Step (0 seconds). 
calculate log likelihood 
Completing Iteration 1 (approx. per word bound = -42.682) 
......................................................................................................
Completed E-Step (16 seconds). 
Completed M-Step (0 seconds). 
calculate log likelihood 
convergence.check is 7.802492e-05 
Completing Iteration 2 (approx. per word bound = -42.679, relative change = 7.802e-05) 
......................................................................................................
Completed E-Step (15 seconds). 
Completed M-Step (0 seconds). 
calculate log likelihood 
convergence.check is 2.091102e-05 
Completing Iteration 3 (approx. per word bound = -42.678, relative change = 2.091e-05) 
......................................................................................................
Completed E-Step (15 seconds). 
Completed M-Step (0 seconds). 
calculate log likelihood 
convergence.check is 1.433379e-05 
Completing Iteration 4 (approx. per word bound = -42.678, relative change = 1.433e-05) 
......................................................................................................
Completed E-Step (15 seconds). 
Completed M-Step (0 seconds). 
calculate log likelihood 
convergence.check is 1.102627e-05 
Completing Iteration 5 (approx. per word bound = -42.677, relative change = 1.103e-05) 
Topic 1: Gene921, Gene1112, Gene167, Gene696, Gene227 
 Topic 2: Gene831, Gene1115, Gene356, Gene167, Gene696 
 Topic 3: Gene1050, Gene921, Gene418, Gene1112, Gene696 
 Topic 4: Gene921, Gene1465, Gene418, Gene1050, Gene1112 
 Topic 5: Gene259, Gene988, Gene921, Gene991, Gene582 
......................................................................................................
Completed E-Step (15 seconds). 
Completed M-Step (0 seconds). 
calculate log likelihood 
convergence.check is 8.930841e-06 
Completing Iteration 6 (approx. per word bound = -42.677, relative change = 8.931e-06) 
......................................................................................................
Completed E-Step (16 seconds). 
Completed M-Step (0 seconds). 
calculate log likelihood 
convergence.check is 7.450887e-06 
Completing Iteration 7 (approx. per word bound = -42.676, relative change = 7.451e-06) 
......................................................................................................
Completed E-Step (13 seconds). 
Completed M-Step (0 seconds). 
calculate log likelihood 
convergence.check is 6.352407e-06 
Completing Iteration 8 (approx. per word bound = -42.676, relative change = 6.352e-06) 
......................................................................................................
Completed E-Step (13 seconds). 
Completed M-Step (0 seconds). 
calculate log likelihood 
convergence.check is 5.589853e-06 
Completing Iteration 9 (approx. per word bound = -42.676, relative change = 5.590e-06) 
......................................................................................................
Completed E-Step (13 seconds). 
Completed M-Step (0 seconds). 
calculate log likelihood 
convergence.check is 5.007477e-06 
Completing Iteration 10 (approx. per word bound = -42.676, relative change = 5.007e-06) 
Topic 1: Gene921, Gene1112, Gene167, Gene696, Gene227 
 Topic 2: Gene831, Gene1115, Gene356, Gene167, Gene696 
 Topic 3: Gene1050, Gene921, Gene418, Gene1112, Gene696 
 Topic 4: Gene921, Gene1465, Gene418, Gene1050, Gene1112 
 Topic 5: Gene988, Gene259, Gene921, Gene991, Gene582 
......................................................................................................
Completed E-Step (13 seconds). 
Completed M-Step (0 seconds). 
calculate log likelihood 
convergence.check is 4.431977e-06 
Completing Iteration 11 (approx. per word bound = -42.675, relative change = 4.432e-06) 
......................................................................................................
Completed E-Step (13 seconds). 
Completed M-Step (0 seconds). 
calculate log likelihood 
convergence.check is 4.035865e-06 
Completing Iteration 12 (approx. per word bound = -42.675, relative change = 4.036e-06) 
......................................................................................................
Completed E-Step (12 seconds). 
Completed M-Step (0 seconds). 
calculate log likelihood 
convergence.check is 3.623291e-06 
Completing Iteration 13 (approx. per word bound = -42.675, relative change = 3.623e-06) 
......................................................................................................
Completed E-Step (12 seconds). 
Completed M-Step (0 seconds). 
calculate log likelihood 
convergence.check is 3.302458e-06 
Completing Iteration 14 (approx. per word bound = -42.675, relative change = 3.302e-06) 
......................................................................................................
Completed E-Step (12 seconds). 
Completed M-Step (0 seconds). 
calculate log likelihood 
convergence.check is 2.821636e-06 
Completing Iteration 15 (approx. per word bound = -42.675, relative change = 2.822e-06) 
Topic 1: Gene921, Gene1112, Gene167, Gene696, Gene227 
 Topic 2: Gene831, Gene1115, Gene356, Gene167, Gene696 
 Topic 3: Gene1050, Gene921, Gene418, Gene1112, Gene696 
 Topic 4: Gene921, Gene1465, Gene418, Gene1050, Gene259 
 Topic 5: Gene988, Gene259, Gene921, Gene991, Gene582 
......................................................................................................
Completed E-Step (12 seconds). 
Completed M-Step (0 seconds). 
calculate log likelihood 
convergence.check is 2.974856e-06 
Completing Iteration 16 (approx. per word bound = -42.675, relative change = 2.975e-06) 
......................................................................................................
Completed E-Step (11 seconds). 
Completed M-Step (0 seconds). 
calculate log likelihood 
convergence.check is 2.758104e-06 
Completing Iteration 17 (approx. per word bound = -42.675, relative change = 2.758e-06) 
......................................................................................................
Completed E-Step (6 seconds). 
Completed M-Step (0 seconds). 
calculate log likelihood 
convergence.check is 2.278269e-06 
Completing Iteration 18 (approx. per word bound = -42.675, relative change = 2.278e-06) 
......................................................................................................
Completed E-Step (6 seconds). 
Completed M-Step (0 seconds). 
calculate log likelihood 
convergence.check is 2.369022e-06 
Completing Iteration 19 (approx. per word bound = -42.674, relative change = 2.369e-06) 
......................................................................................................
Completed E-Step (6 seconds). 
Completed M-Step (0 seconds). 
calculate log likelihood 
convergence.check is 2.035756e-06 
Completing Iteration 20 (approx. per word bound = -42.674, relative change = 2.036e-06) 
Topic 1: Gene921, Gene1112, Gene167, Gene696, Gene227 
 Topic 2: Gene831, Gene1115, Gene356, Gene167, Gene696 
 Topic 3: Gene1050, Gene921, Gene418, Gene1112, Gene696 
 Topic 4: Gene921, Gene1465, Gene418, Gene1050, Gene259 
 Topic 5: Gene988, Gene259, Gene921, Gene991, Gene582 
......................................................................................................
Completed E-Step (6 seconds). 
Completed M-Step (0 seconds). 
calculate log likelihood 
convergence.check is 2.056456e-06 
Completing Iteration 21 (approx. per word bound = -42.674, relative change = 2.056e-06) 
......................................................................................................
Completed E-Step (6 seconds). 
Completed M-Step (0 seconds). 
calculate log likelihood 
convergence.check is 2.017896e-06 
Completing Iteration 22 (approx. per word bound = -42.674, relative change = 2.018e-06) 
......................................................................................................
Completed E-Step (6 seconds). 
Completed M-Step (0 seconds). 
calculate log likelihood 
convergence.check is 1.848371e-06 
Completing Iteration 23 (approx. per word bound = -42.674, relative change = 1.848e-06) 
......................................................................................................
Completed E-Step (6 seconds). 
Completed M-Step (0 seconds). 
calculate log likelihood 
convergence.check is 1.580808e-06 
Completing Iteration 24 (approx. per word bound = -42.674, relative change = 1.581e-06) 
......................................................................................................
Completed E-Step (6 seconds). 
Completed M-Step (0 seconds). 
calculate log likelihood 
convergence.check is 1.721293e-06 
Completing Iteration 25 (approx. per word bound = -42.674, relative change = 1.721e-06) 
Topic 1: Gene921, Gene1112, Gene167, Gene696, Gene259 
 Topic 2: Gene831, Gene1115, Gene356, Gene167, Gene696 
 Topic 3: Gene1050, Gene921, Gene418, Gene1112, Gene696 
 Topic 4: Gene921, Gene1465, Gene418, Gene1050, Gene259 
 Topic 5: Gene988, Gene259, Gene921, Gene991, Gene582 
......................................................................................................
Completed E-Step (6 seconds). 
Completed M-Step (0 seconds). 
calculate log likelihood 
convergence.check is 1.606755e-06 
Completing Iteration 26 (approx. per word bound = -42.674, relative change = 1.607e-06) 
......................................................................................................
Completed E-Step (5 seconds). 
Completed M-Step (0 seconds). 
calculate log likelihood 
convergence.check is 1.511565e-06 
Completing Iteration 27 (approx. per word bound = -42.674, relative change = 1.512e-06) 
......................................................................................................
Completed E-Step (6 seconds). 
Completed M-Step (0 seconds). 
calculate log likelihood 
convergence.check is 1.466651e-06 
Completing Iteration 28 (approx. per word bound = -42.674, relative change = 1.467e-06) 
......................................................................................................
Completed E-Step (7 seconds). 
Completed M-Step (0 seconds). 
calculate log likelihood 
convergence.check is 1.378617e-06 
Completing Iteration 29 (approx. per word bound = -42.674, relative change = 1.379e-06) 
......................................................................................................
Completed E-Step (9 seconds). 
Completed M-Step (0 seconds). 
calculate log likelihood 
convergence.check is 1.327554e-06 
Completing Iteration 30 (approx. per word bound = -42.674, relative change = 1.328e-06) 
Topic 1: Gene921, Gene1112, Gene167, Gene696, Gene259 
 Topic 2: Gene831, Gene1115, Gene356, Gene167, Gene696 
 Topic 3: Gene1050, Gene921, Gene418, Gene1112, Gene696 
 Topic 4: Gene921, Gene1465, Gene418, Gene1050, Gene259 
 Topic 5: Gene988, Gene259, Gene921, Gene991, Gene582 
......................................................................................................
Completed E-Step (9 seconds). 
Completed M-Step (0 seconds). 
calculate log likelihood 
convergence.check is 1.263148e-06 
Completing Iteration 31 (approx. per word bound = -42.674, relative change = 1.263e-06) 
......................................................................................................
Completed E-Step (10 seconds). 
Completed M-Step (0 seconds). 
calculate log likelihood 
convergence.check is 1.191941e-06 
Completing Iteration 32 (approx. per word bound = -42.674, relative change = 1.192e-06) 
......................................................................................................
Completed E-Step (9 seconds). 
Completed M-Step (0 seconds). 
calculate log likelihood 
convergence.check is 1.132699e-06 
Completing Iteration 33 (approx. per word bound = -42.673, relative change = 1.133e-06) 
......................................................................................................
Completed E-Step (9 seconds). 
Completed M-Step (0 seconds). 
calculate log likelihood 
convergence.check is 1.049664e-06 
Completing Iteration 34 (approx. per word bound = -42.673, relative change = 1.050e-06) 
......................................................................................................
Completed E-Step (9 seconds). 
Completed M-Step (0 seconds). 
calculate log likelihood 
convergence.check is 9.936055e-07 
Model Converged 
2 select model run 
Initialization with topicScore. 
Initializing factors using Topic SCORE algorithm.
Initializing loadings by running 10 SCD updates.
......................................................................................................
Completed E-Step (17 seconds). 
Completed M-Step (0 seconds). 
calculate log likelihood 
Completing Iteration 1 (approx. per word bound = -42.685) 
......................................................................................................
Completed E-Step (17 seconds). 
Completed M-Step (0 seconds). 
calculate log likelihood 
convergence.check is 9.972717e-05 
Completing Iteration 2 (approx. per word bound = -42.681, relative change = 9.973e-05) 
......................................................................................................
Completed E-Step (15 seconds). 
Completed M-Step (0 seconds). 
calculate log likelihood 
convergence.check is 2.103904e-05 
Completing Iteration 3 (approx. per word bound = -42.680, relative change = 2.104e-05) 
......................................................................................................
Completed E-Step (15 seconds). 
Completed M-Step (0 seconds). 
calculate log likelihood 
convergence.check is 1.464003e-05 
Completing Iteration 4 (approx. per word bound = -42.679, relative change = 1.464e-05) 
......................................................................................................
Completed E-Step (16 seconds). 
Completed M-Step (0 seconds). 
calculate log likelihood 
convergence.check is 1.1573e-05 
Completing Iteration 5 (approx. per word bound = -42.679, relative change = 1.157e-05) 
Topic 1: Gene921, Gene1112, Gene167, Gene227, Gene696 
 Topic 2: Gene1050, Gene921, Gene418, Gene1112, Gene696 
 Topic 3: Gene831, Gene1115, Gene356, Gene167, Gene696 
 Topic 4: Gene921, Gene1465, Gene418, Gene1050, Gene1112 
 Topic 5: Gene988, Gene259, Gene921, Gene991, Gene582 
......................................................................................................
Completed E-Step (16 seconds). 
Completed M-Step (0 seconds). 
calculate log likelihood 
convergence.check is 9.687927e-06 
Completing Iteration 6 (approx. per word bound = -42.678, relative change = 9.688e-06) 
......................................................................................................
Completed E-Step (15 seconds). 
Completed M-Step (0 seconds). 
calculate log likelihood 
convergence.check is 8.63543e-06 
Completing Iteration 7 (approx. per word bound = -42.678, relative change = 8.635e-06) 
......................................................................................................
Completed E-Step (14 seconds). 
Completed M-Step (0 seconds). 
calculate log likelihood 
convergence.check is 7.595113e-06 
Completing Iteration 8 (approx. per word bound = -42.678, relative change = 7.595e-06) 
......................................................................................................
Completed E-Step (14 seconds). 
Completed M-Step (0 seconds). 
calculate log likelihood 
convergence.check is 6.821379e-06 
Completing Iteration 9 (approx. per word bound = -42.677, relative change = 6.821e-06) 
......................................................................................................
Completed E-Step (14 seconds). 
Completed M-Step (0 seconds). 
calculate log likelihood 
convergence.check is 6.277118e-06 
Completing Iteration 10 (approx. per word bound = -42.677, relative change = 6.277e-06) 
Topic 1: Gene921, Gene1112, Gene167, Gene696, Gene227 
 Topic 2: Gene1050, Gene921, Gene418, Gene1112, Gene696 
 Topic 3: Gene831, Gene1115, Gene356, Gene167, Gene696 
 Topic 4: Gene921, Gene1465, Gene418, Gene1050, Gene259 
 Topic 5: Gene988, Gene259, Gene921, Gene991, Gene582 
......................................................................................................
Completed E-Step (14 seconds). 
Completed M-Step (0 seconds). 
calculate log likelihood 
convergence.check is 5.823393e-06 
Completing Iteration 11 (approx. per word bound = -42.677, relative change = 5.823e-06) 
......................................................................................................
Completed E-Step (13 seconds). 
Completed M-Step (0 seconds). 
calculate log likelihood 
convergence.check is 5.313543e-06 
Completing Iteration 12 (approx. per word bound = -42.677, relative change = 5.314e-06) 
......................................................................................................
Completed E-Step (13 seconds). 
Completed M-Step (0 seconds). 
calculate log likelihood 
convergence.check is 5.019764e-06 
Completing Iteration 13 (approx. per word bound = -42.676, relative change = 5.020e-06) 
......................................................................................................
Completed E-Step (13 seconds). 
Completed M-Step (0 seconds). 
calculate log likelihood 
convergence.check is 4.698423e-06 
Completing Iteration 14 (approx. per word bound = -42.676, relative change = 4.698e-06) 
......................................................................................................
Completed E-Step (13 seconds). 
Completed M-Step (0 seconds). 
calculate log likelihood 
convergence.check is 4.297209e-06 
Completing Iteration 15 (approx. per word bound = -42.676, relative change = 4.297e-06) 
Topic 1: Gene921, Gene1112, Gene167, Gene696, Gene227 
 Topic 2: Gene1050, Gene921, Gene418, Gene1112, Gene696 
 Topic 3: Gene831, Gene1115, Gene356, Gene167, Gene696 
 Topic 4: Gene921, Gene1465, Gene418, Gene1050, Gene259 
 Topic 5: Gene988, Gene259, Gene921, Gene991, Gene582 
......................................................................................................
Completed E-Step (13 seconds). 
Completed M-Step (0 seconds). 
calculate log likelihood 
convergence.check is 3.914043e-06 
Completing Iteration 16 (approx. per word bound = -42.676, relative change = 3.914e-06) 
......................................................................................................
Completed E-Step (13 seconds). 
Completed M-Step (0 seconds). 
calculate log likelihood 
convergence.check is 3.765423e-06 
Completing Iteration 17 (approx. per word bound = -42.676, relative change = 3.765e-06) 
......................................................................................................
Completed E-Step (12 seconds). 
Completed M-Step (0 seconds). 
calculate log likelihood 
convergence.check is 3.623304e-06 
Completing Iteration 18 (approx. per word bound = -42.675, relative change = 3.623e-06) 
......................................................................................................
Completed E-Step (15 seconds). 
Completed M-Step (0 seconds). 
calculate log likelihood 
convergence.check is 3.391621e-06 
Completing Iteration 19 (approx. per word bound = -42.675, relative change = 3.392e-06) 
......................................................................................................
Completed E-Step (12 seconds). 
Completed M-Step (0 seconds). 
calculate log likelihood 
convergence.check is 3.203737e-06 
Completing Iteration 20 (approx. per word bound = -42.675, relative change = 3.204e-06) 
Topic 1: Gene921, Gene1112, Gene167, Gene696, Gene227 
 Topic 2: Gene1050, Gene921, Gene418, Gene1112, Gene696 
 Topic 3: Gene831, Gene1115, Gene356, Gene167, Gene696 
 Topic 4: Gene921, Gene1465, Gene418, Gene1050, Gene259 
 Topic 5: Gene988, Gene259, Gene921, Gene991, Gene582 
......................................................................................................
Completed E-Step (12 seconds). 
Completed M-Step (0 seconds). 
calculate log likelihood 
convergence.check is 2.749694e-06 
Completing Iteration 21 (approx. per word bound = -42.675, relative change = 2.750e-06) 
......................................................................................................
Completed E-Step (12 seconds). 
Completed M-Step (0 seconds). 
calculate log likelihood 
convergence.check is 1.450246e-06 
Completing Iteration 22 (approx. per word bound = -42.675, relative change = 1.450e-06) 
......................................................................................................
Completed E-Step (12 seconds). 
Completed M-Step (0 seconds). 
calculate log likelihood 
convergence.check is 2.973583e-06 
Completing Iteration 23 (approx. per word bound = -42.675, relative change = 2.974e-06) 
......................................................................................................
Completed E-Step (12 seconds). 
Completed M-Step (0 seconds). 
calculate log likelihood 
convergence.check is 2.172057e-06 
Completing Iteration 24 (approx. per word bound = -42.675, relative change = 2.172e-06) 
......................................................................................................
Completed E-Step (11 seconds). 
Completed M-Step (0 seconds). 
calculate log likelihood 
convergence.check is 2.358303e-06 
Completing Iteration 25 (approx. per word bound = -42.675, relative change = 2.358e-06) 
Topic 1: Gene921, Gene1112, Gene167, Gene696, Gene259 
 Topic 2: Gene1050, Gene921, Gene418, Gene1112, Gene696 
 Topic 3: Gene831, Gene1115, Gene356, Gene167, Gene696 
 Topic 4: Gene921, Gene1465, Gene418, Gene259, Gene1050 
 Topic 5: Gene988, Gene259, Gene921, Gene991, Gene582 
......................................................................................................
Completed E-Step (11 seconds). 
Completed M-Step (0 seconds). 
calculate log likelihood 
convergence.check is 2.667609e-06 
Completing Iteration 26 (approx. per word bound = -42.675, relative change = 2.668e-06) 
......................................................................................................
Completed E-Step (11 seconds). 
Completed M-Step (0 seconds). 
calculate log likelihood 
convergence.check is 2.143875e-06 
Completing Iteration 27 (approx. per word bound = -42.674, relative change = 2.144e-06) 
......................................................................................................
Completed E-Step (11 seconds). 
Completed M-Step (0 seconds). 
calculate log likelihood 
convergence.check is 1.792408e-06 
Completing Iteration 28 (approx. per word bound = -42.674, relative change = 1.792e-06) 
......................................................................................................
Completed E-Step (11 seconds). 
Completed M-Step (0 seconds). 
calculate log likelihood 
convergence.check is 2.06489e-06 
Completing Iteration 29 (approx. per word bound = -42.674, relative change = 2.065e-06) 
......................................................................................................
Completed E-Step (11 seconds). 
Completed M-Step (0 seconds). 
calculate log likelihood 
convergence.check is 1.691921e-06 
Completing Iteration 30 (approx. per word bound = -42.674, relative change = 1.692e-06) 
Topic 1: Gene921, Gene1112, Gene167, Gene696, Gene259 
 Topic 2: Gene1050, Gene921, Gene418, Gene1112, Gene696 
 Topic 3: Gene831, Gene1115, Gene356, Gene167, Gene696 
 Topic 4: Gene921, Gene1465, Gene418, Gene259, Gene1050 
 Topic 5: Gene988, Gene259, Gene921, Gene991, Gene582 
......................................................................................................
Completed E-Step (12 seconds). 
Completed M-Step (0 seconds). 
calculate log likelihood 
convergence.check is 1.930049e-06 
Completing Iteration 31 (approx. per word bound = -42.674, relative change = 1.930e-06) 
......................................................................................................
Completed E-Step (11 seconds). 
Completed M-Step (0 seconds). 
calculate log likelihood 
convergence.check is 1.554838e-06 
Completing Iteration 32 (approx. per word bound = -42.674, relative change = 1.555e-06) 
......................................................................................................
Completed E-Step (12 seconds). 
Completed M-Step (0 seconds). 
calculate log likelihood 
convergence.check is 1.831985e-06 
Completing Iteration 33 (approx. per word bound = -42.674, relative change = 1.832e-06) 
......................................................................................................
Completed E-Step (11 seconds). 
Completed M-Step (0 seconds). 
calculate log likelihood 
convergence.check is 1.304354e-06 
Completing Iteration 34 (approx. per word bound = -42.674, relative change = 1.304e-06) 
......................................................................................................
Completed E-Step (11 seconds). 
Completed M-Step (0 seconds). 
calculate log likelihood 
convergence.check is 1.295483e-06 
Completing Iteration 35 (approx. per word bound = -42.674, relative change = 1.295e-06) 
Topic 1: Gene921, Gene1112, Gene167, Gene696, Gene259 
 Topic 2: Gene1050, Gene921, Gene418, Gene1112, Gene696 
 Topic 3: Gene831, Gene1115, Gene356, Gene167, Gene696 
 Topic 4: Gene921, Gene1465, Gene418, Gene259, Gene1050 
 Topic 5: Gene988, Gene259, Gene921, Gene991, Gene582 
......................................................................................................
Completed E-Step (11 seconds). 
Completed M-Step (0 seconds). 
calculate log likelihood 
convergence.check is 1.200898e-06 
Completing Iteration 36 (approx. per word bound = -42.674, relative change = 1.201e-06) 
......................................................................................................
Completed E-Step (11 seconds). 
Completed M-Step (0 seconds). 
calculate log likelihood 
convergence.check is 1.638161e-06 
Completing Iteration 37 (approx. per word bound = -42.674, relative change = 1.638e-06) 
......................................................................................................
Completed E-Step (11 seconds). 
Completed M-Step (0 seconds). 
calculate log likelihood 
convergence.check is 7.959262e-07 
Model Converged 
3 select model run 
Initialization with topicScore. 
Initializing factors using Topic SCORE algorithm.
Initializing loadings by running 10 SCD updates.
......................................................................................................
Completed E-Step (17 seconds). 
Completed M-Step (0 seconds). 
calculate log likelihood 
Completing Iteration 1 (approx. per word bound = -42.685) 
......................................................................................................
Completed E-Step (17 seconds). 
Completed M-Step (0 seconds). 
calculate log likelihood 
convergence.check is 9.972717e-05 
Completing Iteration 2 (approx. per word bound = -42.681, relative change = 9.973e-05) 
......................................................................................................
Completed E-Step (15 seconds). 
Completed M-Step (0 seconds). 
calculate log likelihood 
convergence.check is 2.103904e-05 
Completing Iteration 3 (approx. per word bound = -42.680, relative change = 2.104e-05) 
......................................................................................................
Completed E-Step (10 seconds). 
Completed M-Step (0 seconds). 
calculate log likelihood 
convergence.check is 1.464008e-05 
Completing Iteration 4 (approx. per word bound = -42.679, relative change = 1.464e-05) 
......................................................................................................
Completed E-Step (10 seconds). 
Completed M-Step (0 seconds). 
calculate log likelihood 
convergence.check is 1.157573e-05 
Completing Iteration 5 (approx. per word bound = -42.679, relative change = 1.158e-05) 
Topic 1: Gene921, Gene1112, Gene167, Gene227, Gene696 
 Topic 2: Gene1050, Gene921, Gene418, Gene1112, Gene696 
 Topic 3: Gene831, Gene1115, Gene356, Gene167, Gene696 
 Topic 4: Gene921, Gene1465, Gene418, Gene1050, Gene1112 
 Topic 5: Gene988, Gene259, Gene921, Gene991, Gene582 
......................................................................................................
Completed E-Step (10 seconds). 
Completed M-Step (0 seconds). 
calculate log likelihood 
convergence.check is 9.691817e-06 
Completing Iteration 6 (approx. per word bound = -42.678, relative change = 9.692e-06) 
......................................................................................................
Completed E-Step (9 seconds). 
Completed M-Step (0 seconds). 
calculate log likelihood 
convergence.check is 8.628333e-06 
Completing Iteration 7 (approx. per word bound = -42.678, relative change = 8.628e-06) 
......................................................................................................
Completed E-Step (9 seconds). 
Completed M-Step (0 seconds). 
calculate log likelihood 
convergence.check is 7.548577e-06 
Completing Iteration 8 (approx. per word bound = -42.678, relative change = 7.549e-06) 
......................................................................................................
Completed E-Step (9 seconds). 
Completed M-Step (0 seconds). 
calculate log likelihood 
convergence.check is 6.861413e-06 
Completing Iteration 9 (approx. per word bound = -42.677, relative change = 6.861e-06) 
......................................................................................................
Completed E-Step (8 seconds). 
Completed M-Step (0 seconds). 
calculate log likelihood 
convergence.check is 6.310228e-06 
Completing Iteration 10 (approx. per word bound = -42.677, relative change = 6.310e-06) 
Topic 1: Gene921, Gene1112, Gene167, Gene696, Gene227 
 Topic 2: Gene1050, Gene921, Gene418, Gene1112, Gene696 
 Topic 3: Gene831, Gene1115, Gene356, Gene167, Gene696 
 Topic 4: Gene921, Gene1465, Gene418, Gene1050, Gene259 
 Topic 5: Gene988, Gene259, Gene921, Gene991, Gene582 
......................................................................................................
Completed E-Step (8 seconds). 
Completed M-Step (0 seconds). 
calculate log likelihood 
convergence.check is 5.814287e-06 
Completing Iteration 11 (approx. per word bound = -42.677, relative change = 5.814e-06) 
......................................................................................................
Completed E-Step (9 seconds). 
Completed M-Step (0 seconds). 
calculate log likelihood 
convergence.check is 5.348238e-06 
Completing Iteration 12 (approx. per word bound = -42.677, relative change = 5.348e-06) 
......................................................................................................
Completed E-Step (13 seconds). 
Completed M-Step (0 seconds). 
calculate log likelihood 
convergence.check is 5.01114e-06 
Completing Iteration 13 (approx. per word bound = -42.676, relative change = 5.011e-06) 
......................................................................................................
Completed E-Step (13 seconds). 
Completed M-Step (0 seconds). 
calculate log likelihood 
convergence.check is 4.674091e-06 
Completing Iteration 14 (approx. per word bound = -42.676, relative change = 4.674e-06) 
......................................................................................................
Completed E-Step (13 seconds). 
Completed M-Step (0 seconds). 
calculate log likelihood 
convergence.check is 4.24569e-06 
Completing Iteration 15 (approx. per word bound = -42.676, relative change = 4.246e-06) 
Topic 1: Gene921, Gene1112, Gene167, Gene696, Gene227 
 Topic 2: Gene1050, Gene921, Gene418, Gene1112, Gene696 
 Topic 3: Gene831, Gene1115, Gene356, Gene167, Gene696 
 Topic 4: Gene921, Gene1465, Gene418, Gene1050, Gene259 
 Topic 5: Gene988, Gene259, Gene921, Gene991, Gene582 
......................................................................................................
Completed E-Step (13 seconds). 
Completed M-Step (0 seconds). 
calculate log likelihood 
convergence.check is 3.909965e-06 
Completing Iteration 16 (approx. per word bound = -42.676, relative change = 3.910e-06) 
......................................................................................................
Completed E-Step (13 seconds). 
Completed M-Step (0 seconds). 
calculate log likelihood 
convergence.check is 3.804871e-06 
Completing Iteration 17 (approx. per word bound = -42.676, relative change = 3.805e-06) 
......................................................................................................
Completed E-Step (13 seconds). 
Completed M-Step (0 seconds). 
calculate log likelihood 
convergence.check is 3.660894e-06 
Completing Iteration 18 (approx. per word bound = -42.675, relative change = 3.661e-06) 
......................................................................................................
Completed E-Step (13 seconds). 
Completed M-Step (0 seconds). 
calculate log likelihood 
convergence.check is 3.40008e-06 
Completing Iteration 19 (approx. per word bound = -42.675, relative change = 3.400e-06) 
......................................................................................................
Completed E-Step (13 seconds). 
Completed M-Step (0 seconds). 
calculate log likelihood 
convergence.check is 3.157277e-06 
Completing Iteration 20 (approx. per word bound = -42.675, relative change = 3.157e-06) 
Topic 1: Gene921, Gene1112, Gene167, Gene696, Gene227 
 Topic 2: Gene1050, Gene921, Gene418, Gene1112, Gene696 
 Topic 3: Gene831, Gene1115, Gene356, Gene167, Gene696 
 Topic 4: Gene921, Gene1465, Gene418, Gene1050, Gene259 
 Topic 5: Gene988, Gene259, Gene921, Gene991, Gene582 
......................................................................................................
Completed E-Step (13 seconds). 
Completed M-Step (0 seconds). 
calculate log likelihood 
convergence.check is 2.278511e-06 
Completing Iteration 21 (approx. per word bound = -42.675, relative change = 2.279e-06) 
......................................................................................................
Completed E-Step (13 seconds). 
Completed M-Step (0 seconds). 
calculate log likelihood 
convergence.check is 2.231406e-06 
Completing Iteration 22 (approx. per word bound = -42.675, relative change = 2.231e-06) 
......................................................................................................
Completed E-Step (12 seconds). 
Completed M-Step (0 seconds). 
calculate log likelihood 
convergence.check is 2.290166e-06 
Completing Iteration 23 (approx. per word bound = -42.675, relative change = 2.290e-06) 
......................................................................................................
Completed E-Step (13 seconds). 
Completed M-Step (0 seconds). 
calculate log likelihood 
convergence.check is 2.806554e-06 
Completing Iteration 24 (approx. per word bound = -42.675, relative change = 2.807e-06) 
......................................................................................................
Completed E-Step (12 seconds). 
Completed M-Step (0 seconds). 
calculate log likelihood 
convergence.check is 2.133697e-06 
Completing Iteration 25 (approx. per word bound = -42.675, relative change = 2.134e-06) 
Topic 1: Gene921, Gene1112, Gene167, Gene696, Gene259 
 Topic 2: Gene1050, Gene921, Gene418, Gene1112, Gene696 
 Topic 3: Gene831, Gene1115, Gene356, Gene167, Gene696 
 Topic 4: Gene921, Gene1465, Gene418, Gene259, Gene1050 
 Topic 5: Gene988, Gene259, Gene921, Gene991, Gene582 
......................................................................................................
Completed E-Step (12 seconds). 
Completed M-Step (0 seconds). 
calculate log likelihood 
convergence.check is 2.31433e-06 
Completing Iteration 26 (approx. per word bound = -42.675, relative change = 2.314e-06) 
......................................................................................................
Completed E-Step (12 seconds). 
Completed M-Step (0 seconds). 
calculate log likelihood 
convergence.check is 2.4883e-06 
Completing Iteration 27 (approx. per word bound = -42.674, relative change = 2.488e-06) 
......................................................................................................
Completed E-Step (13 seconds). 
Completed M-Step (0 seconds). 
calculate log likelihood 
convergence.check is 1.976953e-06 
Completing Iteration 28 (approx. per word bound = -42.674, relative change = 1.977e-06) 
......................................................................................................
Completed E-Step (11 seconds). 
Completed M-Step (0 seconds). 
calculate log likelihood 
convergence.check is 1.809323e-06 
Completing Iteration 29 (approx. per word bound = -42.674, relative change = 1.809e-06) 
......................................................................................................
Completed E-Step (11 seconds). 
Completed M-Step (0 seconds). 
calculate log likelihood 
convergence.check is 1.539809e-06 
Completing Iteration 30 (approx. per word bound = -42.674, relative change = 1.540e-06) 
Topic 1: Gene921, Gene1112, Gene167, Gene696, Gene259 
 Topic 2: Gene1050, Gene921, Gene418, Gene1112, Gene696 
 Topic 3: Gene831, Gene1115, Gene356, Gene167, Gene696 
 Topic 4: Gene921, Gene1465, Gene418, Gene259, Gene1050 
 Topic 5: Gene988, Gene259, Gene921, Gene991, Gene582 
......................................................................................................
Completed E-Step (11 seconds). 
Completed M-Step (0 seconds). 
calculate log likelihood 
convergence.check is 2.171979e-06 
Completing Iteration 31 (approx. per word bound = -42.674, relative change = 2.172e-06) 
......................................................................................................
Completed E-Step (11 seconds). 
Completed M-Step (0 seconds). 
calculate log likelihood 
convergence.check is 1.491704e-06 
Completing Iteration 32 (approx. per word bound = -42.674, relative change = 1.492e-06) 
......................................................................................................
Completed E-Step (11 seconds). 
Completed M-Step (0 seconds). 
calculate log likelihood 
convergence.check is 1.604219e-06 
Completing Iteration 33 (approx. per word bound = -42.674, relative change = 1.604e-06) 
......................................................................................................
Completed E-Step (11 seconds). 
Completed M-Step (0 seconds). 
calculate log likelihood 
convergence.check is 1.26504e-06 
Completing Iteration 34 (approx. per word bound = -42.674, relative change = 1.265e-06) 
......................................................................................................
Completed E-Step (11 seconds). 
Completed M-Step (0 seconds). 
calculate log likelihood 
convergence.check is 1.51288e-06 
Completing Iteration 35 (approx. per word bound = -42.674, relative change = 1.513e-06) 
Topic 1: Gene921, Gene1112, Gene167, Gene696, Gene259 
 Topic 2: Gene1050, Gene921, Gene418, Gene1112, Gene696 
 Topic 3: Gene831, Gene1115, Gene356, Gene167, Gene696 
 Topic 4: Gene921, Gene1465, Gene418, Gene259, Gene1050 
 Topic 5: Gene988, Gene259, Gene921, Gene991, Gene582 
......................................................................................................
Completed E-Step (11 seconds). 
Completed M-Step (0 seconds). 
calculate log likelihood 
convergence.check is 1.411245e-06 
Completing Iteration 36 (approx. per word bound = -42.674, relative change = 1.411e-06) 
......................................................................................................
Completed E-Step (11 seconds). 
Completed M-Step (0 seconds). 
calculate log likelihood 
convergence.check is 1.385788e-06 
Completing Iteration 37 (approx. per word bound = -42.674, relative change = 1.386e-06) 
......................................................................................................
Completed E-Step (11 seconds). 
Completed M-Step (0 seconds). 
calculate log likelihood 
convergence.check is 8.514962e-07 
Model Converged 
