sims_1715950455_pos_L2_c5.rds 
Found 6 batches
Using null model in ComBat-seq.
Adjusting for 0 covariate(s) or covariate level(s)
Estimating dispersions
Fitting the GLM model
Shrinkage off - using GLM estimates for parameters
Adjusting the data
Batch Effect Removed 
        R/alignCorpus.R R/asSTMCorpus.R R/checkBeta.R R/cloud.R
value   ?               ?               ?             ?        
visible FALSE           FALSE           FALSE         FALSE    
        R/CompositionChange.R R/convertCorpus.R R/estimateEffect.R
value   ?                     ?                 ?                 
visible FALSE                 FALSE             FALSE             
        R/estimateMixedEffect.R R/exclusivity.R R/findThoughts.R R/findTopic.R
value   ?                       ?               ?                ?            
visible FALSE                   FALSE           FALSE            FALSE        
        R/fitNewDocuments.R R/heldout.R R/jeffreyskappa.R R/labelTopics.R
value   ?                   ?           ?                 ?              
visible FALSE               FALSE       FALSE             FALSE          
        R/makeDesignMatrix.R R/manyTopics.R R/multiSTM.R R/optimalK.R
value   ?                    ?              ?            ?           
visible FALSE                FALSE          FALSE        FALSE       
        R/permute.R R/plot.estimateEffect.R R/plot.fixedEffect.R
value   ?           ?                       ?                   
visible FALSE       FALSE                   FALSE               
        R/plot.searchK.R R/plot.STM.R R/plotModels.R R/plotQuote.R
value   ?                ?            ?              ?            
visible FALSE            FALSE        FALSE          FALSE        
        R/plotRemoved.R R/plottingutilfns.R R/plotTopicLoess.R
value   ?               ?                   ?                 
visible FALSE           FALSE               FALSE             
        R/prepDocuments.R R/prepsce.R R/produce_cmatrix.R R/RcppExports.R
value   ?                 ?           ?                   ?              
visible FALSE             FALSE       FALSE               FALSE          
        R/readCorpus.R R/residuals.R R/s.R R/sageLabels.R R/scSTM.R
value   ?              ?             ?     ?              ?        
visible FALSE          FALSE         FALSE FALSE          FALSE    
        R/selectModel.R R/semanticCoherence.R R/simBetas.R R/spectral.R
value   ?               ?                     ?            ?           
visible FALSE           FALSE                 FALSE        FALSE       
        R/stm-package.R R/stm.control.R R/STMbound.R R/STMconvergence.R
value   NULL            ?               ?            ?                 
visible TRUE            FALSE           FALSE        FALSE             
        R/STMestep.R R/STMfunctions.R R/STMinit.R R/STMinitLikelihood.R
value   ?            ?                ?           ?                    
visible FALSE        FALSE            FALSE       FALSE                
        R/STMlncpp.R R/STMmnreg.R R/STMmu.R R/STMoptbeta.R R/STMreport.R
value   ?            ?            ?         ?              ?            
visible FALSE        FALSE        FALSE     FALSE          FALSE        
        R/STMsigma.R R/STMsigs.R R/STMsubset.R R/summary.STM.R R/tau.R
value   ?            ?           ?             ?               ?      
visible FALSE        FALSE       FALSE         FALSE           FALSE  
        R/textProcessor.R R/thetaPosterior.R R/toLDAvis.R R/topicCorr.R
value   ?                 ?                  ?            ?            
visible FALSE             FALSE              FALSE        FALSE        
        R/topicLasso.R R/topicQuality.R R/writeLdac.R R/zzz.R
value   ?              ?                ?             ?      
visible FALSE          FALSE            FALSE         FALSE  
Removing 1 of 698 genes (1 of 1796780 tokens) due to frequency 
Your Dataset now has 3576 cells, 697 genes and 1796779 tokens. 
Casting net 
1 models in net 
Initialization with topicScore. 
Initializing factors using Topic SCORE algorithm.
Initializing loadings by running 10 SCD updates.
......................................................................................................
Completed E-Step (23 seconds). 
Completed M-Step (0 seconds). 
calculate log likelihood 
Completing Iteration 1 (approx. per word bound = -41.736) 
......................................................................................................
Completed E-Step (18 seconds). 
Completed M-Step (0 seconds). 
calculate log likelihood 
convergence.check is 0.001013571 
Completing Iteration 2 (approx. per word bound = -41.694, relative change = 1.014e-03) 
......................................................................................................
Completed E-Step (16 seconds). 
Completed M-Step (0 seconds). 
calculate log likelihood 
convergence.check is 0.0003299625 
Model Terminated Before Convergence Reached 
2 models in net 
Initialization with topicScore. 
Initializing factors using Topic SCORE algorithm.
Initializing loadings by running 10 SCD updates.
......................................................................................................
Completed E-Step (17 seconds). 
Completed M-Step (0 seconds). 
calculate log likelihood 
Completing Iteration 1 (approx. per word bound = -41.715) 
......................................................................................................
Completed E-Step (16 seconds). 
Completed M-Step (0 seconds). 
calculate log likelihood 
convergence.check is 0.0007381467 
Completing Iteration 2 (approx. per word bound = -41.684, relative change = 7.381e-04) 
......................................................................................................
Completed E-Step (15 seconds). 
Completed M-Step (0 seconds). 
calculate log likelihood 
convergence.check is 0.0002578982 
Model Terminated Before Convergence Reached 
3 models in net 
Initialization with topicScore. 
Initializing factors using Topic SCORE algorithm.
Initializing loadings by running 10 SCD updates.
......................................................................................................
Completed E-Step (17 seconds). 
Completed M-Step (0 seconds). 
calculate log likelihood 
Completing Iteration 1 (approx. per word bound = -41.566) 
......................................................................................................
Completed E-Step (15 seconds). 
Completed M-Step (0 seconds). 
calculate log likelihood 
convergence.check is 0.0001799747 
Completing Iteration 2 (approx. per word bound = -41.559, relative change = 1.800e-04) 
......................................................................................................
Completed E-Step (14 seconds). 
Completed M-Step (0 seconds). 
calculate log likelihood 
convergence.check is 5.125318e-05 
Model Terminated Before Convergence Reached 
4 models in net 
Initialization with topicScore. 
Initializing factors using Topic SCORE algorithm.
Initializing loadings by running 10 SCD updates.
......................................................................................................
Completed E-Step (22 seconds). 
Completed M-Step (0 seconds). 
calculate log likelihood 
Completing Iteration 1 (approx. per word bound = -41.739) 
......................................................................................................
Completed E-Step (19 seconds). 
Completed M-Step (0 seconds). 
calculate log likelihood 
convergence.check is 0.001087989 
Completing Iteration 2 (approx. per word bound = -41.694, relative change = 1.088e-03) 
......................................................................................................
Completed E-Step (16 seconds). 
Completed M-Step (0 seconds). 
calculate log likelihood 
convergence.check is 0.0003346089 
Model Terminated Before Convergence Reached 
5 models in net 
Initialization with topicScore. 
Initializing factors using Topic SCORE algorithm.
Initializing loadings by running 10 SCD updates.
......................................................................................................
Completed E-Step (23 seconds). 
Completed M-Step (0 seconds). 
calculate log likelihood 
Completing Iteration 1 (approx. per word bound = -41.740) 
......................................................................................................
Completed E-Step (18 seconds). 
Completed M-Step (0 seconds). 
calculate log likelihood 
convergence.check is 0.001043274 
Completing Iteration 2 (approx. per word bound = -41.696, relative change = 1.043e-03) 
......................................................................................................
Completed E-Step (15 seconds). 
Completed M-Step (0 seconds). 
calculate log likelihood 
convergence.check is 0.0003285822 
Model Terminated Before Convergence Reached 
6 models in net 
Initialization with topicScore. 
Initializing factors using Topic SCORE algorithm.
Initializing loadings by running 10 SCD updates.
......................................................................................................
Completed E-Step (20 seconds). 
Completed M-Step (0 seconds). 
calculate log likelihood 
Completing Iteration 1 (approx. per word bound = -41.711) 
......................................................................................................
Completed E-Step (15 seconds). 
Completed M-Step (0 seconds). 
calculate log likelihood 
convergence.check is 0.0004142576 
Completing Iteration 2 (approx. per word bound = -41.694, relative change = 4.143e-04) 
......................................................................................................
Completed E-Step (15 seconds). 
Completed M-Step (0 seconds). 
calculate log likelihood 
convergence.check is 0.0003453267 
Model Terminated Before Convergence Reached 
7 models in net 
Initialization with topicScore. 
Initializing factors using Topic SCORE algorithm.
Initializing loadings by running 10 SCD updates.
......................................................................................................
Completed E-Step (21 seconds). 
Completed M-Step (0 seconds). 
calculate log likelihood 
Completing Iteration 1 (approx. per word bound = -41.734) 
......................................................................................................
Completed E-Step (18 seconds). 
Completed M-Step (0 seconds). 
calculate log likelihood 
convergence.check is 0.0009651175 
Completing Iteration 2 (approx. per word bound = -41.694, relative change = 9.651e-04) 
......................................................................................................
Completed E-Step (16 seconds). 
Completed M-Step (0 seconds). 
calculate log likelihood 
convergence.check is 0.0003241561 
Model Terminated Before Convergence Reached 
8 models in net 
Initialization with topicScore. 
Initializing factors using Topic SCORE algorithm.
Initializing loadings by running 10 SCD updates.
......................................................................................................
Completed E-Step (20 seconds). 
Completed M-Step (0 seconds). 
calculate log likelihood 
Completing Iteration 1 (approx. per word bound = -41.740) 
......................................................................................................
Completed E-Step (18 seconds). 
Completed M-Step (0 seconds). 
calculate log likelihood 
convergence.check is 0.001043285 
Completing Iteration 2 (approx. per word bound = -41.696, relative change = 1.043e-03) 
......................................................................................................
Completed E-Step (15 seconds). 
Completed M-Step (0 seconds). 
calculate log likelihood 
convergence.check is 0.0003284045 
Model Terminated Before Convergence Reached 
9 models in net 
Initialization with topicScore. 
Initializing factors using Topic SCORE algorithm.
Initializing loadings by running 10 SCD updates.
......................................................................................................
Completed E-Step (20 seconds). 
Completed M-Step (0 seconds). 
calculate log likelihood 
Completing Iteration 1 (approx. per word bound = -41.710) 
......................................................................................................
Completed E-Step (15 seconds). 
Completed M-Step (0 seconds). 
calculate log likelihood 
convergence.check is 0.0004025927 
Completing Iteration 2 (approx. per word bound = -41.693, relative change = 4.026e-04) 
......................................................................................................
Completed E-Step (15 seconds). 
Completed M-Step (0 seconds). 
calculate log likelihood 
convergence.check is 0.0003185214 
Model Terminated Before Convergence Reached 
10 models in net 
Initialization with topicScore. 
Initializing factors using Topic SCORE algorithm.
Initializing loadings by running 10 SCD updates.
......................................................................................................
Completed E-Step (24 seconds). 
Completed M-Step (0 seconds). 
calculate log likelihood 
Completing Iteration 1 (approx. per word bound = -41.739) 
......................................................................................................
Completed E-Step (18 seconds). 
Completed M-Step (0 seconds). 
calculate log likelihood 
convergence.check is 0.001092816 
Completing Iteration 2 (approx. per word bound = -41.694, relative change = 1.093e-03) 
......................................................................................................
Completed E-Step (16 seconds). 
Completed M-Step (0 seconds). 
calculate log likelihood 
convergence.check is 0.0003325519 
Model Terminated Before Convergence Reached 
11 models in net 
Beginning Spectral Initialization 
	 Calculating the gram matrix...
	 Finding anchor words...
 	.....
	 Recovering initialization...
 	......
Initialization complete.
......................................................................................................
Completed E-Step (28 seconds). 
Completed M-Step (0 seconds). 
calculate log likelihood 
Completing Iteration 1 (approx. per word bound = -41.572) 
......................................................................................................
Completed E-Step (14 seconds). 
Completed M-Step (0 seconds). 
calculate log likelihood 
convergence.check is 0.0004432973 
Completing Iteration 2 (approx. per word bound = -41.554, relative change = 4.433e-04) 
......................................................................................................
Completed E-Step (13 seconds). 
Completed M-Step (0 seconds). 
calculate log likelihood 
convergence.check is 0.0001052286 
Model Terminated Before Convergence Reached 
12 models in net 
Beginning Random Initialization 
Initialization with Poisson NMF 
......................................................................................................
Completed E-Step (34 seconds). 
Completed M-Step (0 seconds). 
calculate log likelihood 
Completing Iteration 1 (approx. per word bound = -55.361) 
......................................................................................................
Completed E-Step (19 seconds). 
Completed M-Step (0 seconds). 
calculate log likelihood 
convergence.check is 0.2449745 
Completing Iteration 2 (approx. per word bound = -41.799, relative change = 2.450e-01) 
......................................................................................................
Completed E-Step (17 seconds). 
Completed M-Step (0 seconds). 
calculate log likelihood 
convergence.check is 0.0005753777 
Model Terminated Before Convergence Reached 
13 models in net 
Beginning Random Initialization 
Initialization with Poisson NMF 
......................................................................................................
Completed E-Step (26 seconds). 
Completed M-Step (0 seconds). 
calculate log likelihood 
Completing Iteration 1 (approx. per word bound = -54.813) 
......................................................................................................
Completed E-Step (21 seconds). 
Completed M-Step (0 seconds). 
calculate log likelihood 
convergence.check is 0.2373832 
Completing Iteration 2 (approx. per word bound = -41.801, relative change = 2.374e-01) 
......................................................................................................
Completed E-Step (18 seconds). 
Completed M-Step (0 seconds). 
calculate log likelihood 
convergence.check is 0.0004674282 
Model Terminated Before Convergence Reached 
14 models in net 
Beginning Random Initialization 
Initialization with Poisson NMF 
......................................................................................................
Completed E-Step (24 seconds). 
Completed M-Step (0 seconds). 
calculate log likelihood 
Completing Iteration 1 (approx. per word bound = -55.347) 
......................................................................................................
Completed E-Step (15 seconds). 
Completed M-Step (0 seconds). 
calculate log likelihood 
convergence.check is 0.2455032 
Completing Iteration 2 (approx. per word bound = -41.759, relative change = 2.455e-01) 
......................................................................................................
Completed E-Step (14 seconds). 
Completed M-Step (0 seconds). 
calculate log likelihood 
convergence.check is 0.001069634 
Model Terminated Before Convergence Reached 
15 models in net 
Beginning Random Initialization 
Initialization with Poisson NMF 
......................................................................................................
Completed E-Step (28 seconds). 
Completed M-Step (0 seconds). 
calculate log likelihood 
Completing Iteration 1 (approx. per word bound = -54.530) 
......................................................................................................
Completed E-Step (17 seconds). 
Completed M-Step (0 seconds). 
calculate log likelihood 
convergence.check is 0.2336475 
Completing Iteration 2 (approx. per word bound = -41.789, relative change = 2.336e-01) 
......................................................................................................
Completed E-Step (15 seconds). 
Completed M-Step (0 seconds). 
calculate log likelihood 
convergence.check is 0.0003161019 
Model Terminated Before Convergence Reached 
16 models in net 
Beginning Random Initialization 
Initialization with Poisson NMF 
......................................................................................................
Completed E-Step (26 seconds). 
Completed M-Step (0 seconds). 
calculate log likelihood 
Completing Iteration 1 (approx. per word bound = -55.173) 
......................................................................................................
Completed E-Step (18 seconds). 
Completed M-Step (0 seconds). 
calculate log likelihood 
convergence.check is 0.2423509 
Completing Iteration 2 (approx. per word bound = -41.802, relative change = 2.424e-01) 
......................................................................................................
Completed E-Step (16 seconds). 
Completed M-Step (0 seconds). 
calculate log likelihood 
convergence.check is 0.0007851341 
Model Terminated Before Convergence Reached 
17 models in net 
Beginning Random Initialization 
Initialization with Poisson NMF 
......................................................................................................
Completed E-Step (24 seconds). 
Completed M-Step (0 seconds). 
calculate log likelihood 
Completing Iteration 1 (approx. per word bound = -54.898) 
......................................................................................................
Completed E-Step (15 seconds). 
Completed M-Step (0 seconds). 
calculate log likelihood 
convergence.check is 0.2384173 
Completing Iteration 2 (approx. per word bound = -41.810, relative change = 2.384e-01) 
......................................................................................................
Completed E-Step (15 seconds). 
Completed M-Step (0 seconds). 
calculate log likelihood 
convergence.check is 0.0002017043 
Model Terminated Before Convergence Reached 
18 models in net 
Beginning Random Initialization 
Initialization with Poisson NMF 
......................................................................................................
Completed E-Step (26 seconds). 
Completed M-Step (0 seconds). 
calculate log likelihood 
Completing Iteration 1 (approx. per word bound = -55.100) 
......................................................................................................
Completed E-Step (16 seconds). 
Completed M-Step (0 seconds). 
calculate log likelihood 
convergence.check is 0.2420616 
Completing Iteration 2 (approx. per word bound = -41.763, relative change = 2.421e-01) 
......................................................................................................
Completed E-Step (15 seconds). 
Completed M-Step (0 seconds). 
calculate log likelihood 
convergence.check is 0.0006528013 
Model Terminated Before Convergence Reached 
19 models in net 
Beginning Random Initialization 
Initialization with Poisson NMF 
......................................................................................................
Completed E-Step (30 seconds). 
Completed M-Step (0 seconds). 
calculate log likelihood 
Completing Iteration 1 (approx. per word bound = -55.241) 
......................................................................................................
Completed E-Step (16 seconds). 
Completed M-Step (0 seconds). 
calculate log likelihood 
convergence.check is 0.2434477 
Completing Iteration 2 (approx. per word bound = -41.793, relative change = 2.434e-01) 
......................................................................................................
Completed E-Step (15 seconds). 
Completed M-Step (0 seconds). 
calculate log likelihood 
convergence.check is 0.0004128023 
Model Terminated Before Convergence Reached 
20 models in net 
Beginning Random Initialization 
Initialization with Poisson NMF 
......................................................................................................
Completed E-Step (25 seconds). 
Completed M-Step (0 seconds). 
calculate log likelihood 
Completing Iteration 1 (approx. per word bound = -54.250) 
......................................................................................................
Completed E-Step (16 seconds). 
Completed M-Step (0 seconds). 
calculate log likelihood 
convergence.check is 0.2294946 
Completing Iteration 2 (approx. per word bound = -41.800, relative change = 2.295e-01) 
......................................................................................................
Completed E-Step (14 seconds). 
Completed M-Step (0 seconds). 
calculate log likelihood 
convergence.check is 0.0005041718 
Model Terminated Before Convergence Reached 
21 models in net 
Beginning Random Initialization 
Initialization with Poisson NMF 
......................................................................................................
Completed E-Step (26 seconds). 
Completed M-Step (0 seconds). 
calculate log likelihood 
Completing Iteration 1 (approx. per word bound = -55.083) 
......................................................................................................
Completed E-Step (17 seconds). 
Completed M-Step (0 seconds). 
calculate log likelihood 
convergence.check is 0.241229 
Completing Iteration 2 (approx. per word bound = -41.795, relative change = 2.412e-01) 
......................................................................................................
Completed E-Step (16 seconds). 
Completed M-Step (0 seconds). 
calculate log likelihood 
convergence.check is 0.0005038642 
Model Terminated Before Convergence Reached 
Running select models 
1 select model run 
Beginning Spectral Initialization 
	 Calculating the gram matrix...
	 Finding anchor words...
 	.....
	 Recovering initialization...
 	......
Initialization complete.
......................................................................................................
Completed E-Step (26 seconds). 
Completed M-Step (0 seconds). 
calculate log likelihood 
Completing Iteration 1 (approx. per word bound = -41.572) 
......................................................................................................
Completed E-Step (13 seconds). 
Completed M-Step (0 seconds). 
calculate log likelihood 
convergence.check is 0.0004432973 
Completing Iteration 2 (approx. per word bound = -41.554, relative change = 4.433e-04) 
......................................................................................................
Completed E-Step (11 seconds). 
Completed M-Step (0 seconds). 
calculate log likelihood 
convergence.check is 0.0001052286 
Completing Iteration 3 (approx. per word bound = -41.550, relative change = 1.052e-04) 
......................................................................................................
Completed E-Step (11 seconds). 
Completed M-Step (0 seconds). 
calculate log likelihood 
convergence.check is 3.346402e-05 
Completing Iteration 4 (approx. per word bound = -41.548, relative change = 3.346e-05) 
......................................................................................................
Completed E-Step (11 seconds). 
Completed M-Step (0 seconds). 
calculate log likelihood 
convergence.check is 1.2741e-05 
Completing Iteration 5 (approx. per word bound = -41.548, relative change = 1.274e-05) 
Topic 1: Gene3, Gene862, Gene1356, Gene1460, Gene1210 
 Topic 2: Gene211, Gene1210, Gene524, Gene1356, Gene1223 
 Topic 3: Gene184, Gene866, Gene1356, Gene1210, Gene211 
 Topic 4: Gene1356, Gene1210, Gene524, Gene211, Gene734 
 Topic 5: Gene211, Gene1210, Gene1356, Gene184, Gene1223 
......................................................................................................
Completed E-Step (11 seconds). 
Completed M-Step (0 seconds). 
calculate log likelihood 
convergence.check is 5.923273e-06 
Completing Iteration 6 (approx. per word bound = -41.548, relative change = 5.923e-06) 
......................................................................................................
Completed E-Step (10 seconds). 
Completed M-Step (0 seconds). 
calculate log likelihood 
convergence.check is 3.378634e-06 
Completing Iteration 7 (approx. per word bound = -41.547, relative change = 3.379e-06) 
......................................................................................................
Completed E-Step (10 seconds). 
Completed M-Step (0 seconds). 
calculate log likelihood 
convergence.check is 1.872057e-06 
Completing Iteration 8 (approx. per word bound = -41.547, relative change = 1.872e-06) 
......................................................................................................
Completed E-Step (9 seconds). 
Completed M-Step (0 seconds). 
calculate log likelihood 
convergence.check is 1.135316e-06 
Completing Iteration 9 (approx. per word bound = -41.547, relative change = 1.135e-06) 
......................................................................................................
Completed E-Step (9 seconds). 
Completed M-Step (0 seconds). 
calculate log likelihood 
convergence.check is 1.010212e-05 
Completing Iteration 10 (approx. per word bound = -41.547, relative change = 1.010e-05) 
Topic 1: Gene3, Gene862, Gene1356, Gene1460, Gene1210 
 Topic 2: Gene211, Gene1210, Gene524, Gene1356, Gene1223 
 Topic 3: Gene184, Gene866, Gene1356, Gene1210, Gene524 
 Topic 4: Gene1356, Gene1210, Gene524, Gene211, Gene734 
 Topic 5: Gene211, Gene1210, Gene1356, Gene862, Gene1223 
......................................................................................................
Completed E-Step (9 seconds). 
Completed M-Step (0 seconds). 
calculate log likelihood 
convergence.check is 9.266952e-07 
Model Converged 
2 select model run 
Initialization with topicScore. 
Initializing factors using Topic SCORE algorithm.
Initializing loadings by running 10 SCD updates.
......................................................................................................
Completed E-Step (19 seconds). 
Completed M-Step (0 seconds). 
calculate log likelihood 
Completing Iteration 1 (approx. per word bound = -41.566) 
......................................................................................................
Completed E-Step (15 seconds). 
Completed M-Step (0 seconds). 
calculate log likelihood 
convergence.check is 0.0001799747 
Completing Iteration 2 (approx. per word bound = -41.559, relative change = 1.800e-04) 
......................................................................................................
Completed E-Step (13 seconds). 
Completed M-Step (0 seconds). 
calculate log likelihood 
convergence.check is 5.125318e-05 
Completing Iteration 3 (approx. per word bound = -41.557, relative change = 5.125e-05) 
......................................................................................................
Completed E-Step (13 seconds). 
Completed M-Step (0 seconds). 
calculate log likelihood 
convergence.check is 2.491791e-05 
Completing Iteration 4 (approx. per word bound = -41.556, relative change = 2.492e-05) 
......................................................................................................
Completed E-Step (13 seconds). 
Completed M-Step (0 seconds). 
calculate log likelihood 
convergence.check is 1.558083e-05 
Completing Iteration 5 (approx. per word bound = -41.555, relative change = 1.558e-05) 
Topic 1: Gene1356, Gene524, Gene587, Gene734, Gene1223 
 Topic 2: Gene211, Gene524, Gene1210, Gene1223, Gene969 
 Topic 3: Gene211, Gene1210, Gene1356, Gene734, Gene862 
 Topic 4: Gene866, Gene184, Gene1356, Gene524, Gene1460 
 Topic 5: Gene3, Gene862, Gene1460, Gene698, Gene1356 
......................................................................................................
Completed E-Step (14 seconds). 
Completed M-Step (0 seconds). 
calculate log likelihood 
convergence.check is 1.123356e-05 
Completing Iteration 6 (approx. per word bound = -41.555, relative change = 1.123e-05) 
......................................................................................................
Completed E-Step (14 seconds). 
Completed M-Step (0 seconds). 
calculate log likelihood 
convergence.check is 1.162498e-05 
Completing Iteration 7 (approx. per word bound = -41.554, relative change = 1.162e-05) 
......................................................................................................
Completed E-Step (13 seconds). 
Completed M-Step (0 seconds). 
calculate log likelihood 
convergence.check is 7.313424e-06 
Completing Iteration 8 (approx. per word bound = -41.554, relative change = 7.313e-06) 
......................................................................................................
Completed E-Step (13 seconds). 
Completed M-Step (0 seconds). 
calculate log likelihood 
convergence.check is 6.823856e-06 
Completing Iteration 9 (approx. per word bound = -41.554, relative change = 6.824e-06) 
......................................................................................................
Completed E-Step (13 seconds). 
Completed M-Step (0 seconds). 
calculate log likelihood 
convergence.check is 5.636401e-06 
Completing Iteration 10 (approx. per word bound = -41.553, relative change = 5.636e-06) 
Topic 1: Gene1356, Gene524, Gene587, Gene734, Gene1223 
 Topic 2: Gene211, Gene524, Gene1210, Gene1223, Gene969 
 Topic 3: Gene211, Gene1210, Gene1356, Gene734, Gene862 
 Topic 4: Gene866, Gene184, Gene1356, Gene1460, Gene524 
 Topic 5: Gene3, Gene862, Gene1460, Gene698, Gene1356 
......................................................................................................
Completed E-Step (13 seconds). 
Completed M-Step (0 seconds). 
calculate log likelihood 
convergence.check is 5.466243e-06 
Completing Iteration 11 (approx. per word bound = -41.553, relative change = 5.466e-06) 
......................................................................................................
Completed E-Step (12 seconds). 
Completed M-Step (0 seconds). 
calculate log likelihood 
convergence.check is 4.458723e-06 
Completing Iteration 12 (approx. per word bound = -41.553, relative change = 4.459e-06) 
......................................................................................................
Completed E-Step (12 seconds). 
Completed M-Step (0 seconds). 
calculate log likelihood 
convergence.check is 4.395403e-06 
Completing Iteration 13 (approx. per word bound = -41.553, relative change = 4.395e-06) 
......................................................................................................
Completed E-Step (12 seconds). 
Completed M-Step (0 seconds). 
calculate log likelihood 
convergence.check is 3.806111e-06 
Completing Iteration 14 (approx. per word bound = -41.553, relative change = 3.806e-06) 
......................................................................................................
Completed E-Step (11 seconds). 
Completed M-Step (0 seconds). 
calculate log likelihood 
convergence.check is 3.815386e-06 
Completing Iteration 15 (approx. per word bound = -41.552, relative change = 3.815e-06) 
Topic 1: Gene1356, Gene524, Gene587, Gene734, Gene1223 
 Topic 2: Gene211, Gene524, Gene1210, Gene1223, Gene969 
 Topic 3: Gene211, Gene1210, Gene1356, Gene734, Gene1223 
 Topic 4: Gene866, Gene184, Gene1356, Gene1460, Gene524 
 Topic 5: Gene3, Gene862, Gene1460, Gene698, Gene1356 
......................................................................................................
Completed E-Step (12 seconds). 
Completed M-Step (0 seconds). 
calculate log likelihood 
convergence.check is 3.428701e-06 
Completing Iteration 16 (approx. per word bound = -41.552, relative change = 3.429e-06) 
......................................................................................................
Completed E-Step (11 seconds). 
Completed M-Step (0 seconds). 
calculate log likelihood 
convergence.check is 3.280993e-06 
Completing Iteration 17 (approx. per word bound = -41.552, relative change = 3.281e-06) 
......................................................................................................
Completed E-Step (11 seconds). 
Completed M-Step (0 seconds). 
calculate log likelihood 
convergence.check is 3.033501e-06 
Completing Iteration 18 (approx. per word bound = -41.552, relative change = 3.034e-06) 
......................................................................................................
Completed E-Step (11 seconds). 
Completed M-Step (0 seconds). 
calculate log likelihood 
convergence.check is 2.980771e-06 
Completing Iteration 19 (approx. per word bound = -41.552, relative change = 2.981e-06) 
......................................................................................................
Completed E-Step (11 seconds). 
Completed M-Step (0 seconds). 
calculate log likelihood 
convergence.check is 2.719466e-06 
Completing Iteration 20 (approx. per word bound = -41.552, relative change = 2.719e-06) 
Topic 1: Gene1356, Gene524, Gene587, Gene734, Gene1223 
 Topic 2: Gene211, Gene524, Gene1210, Gene1223, Gene969 
 Topic 3: Gene211, Gene1210, Gene1356, Gene734, Gene1223 
 Topic 4: Gene866, Gene184, Gene1356, Gene1460, Gene524 
 Topic 5: Gene3, Gene862, Gene1460, Gene698, Gene1356 
......................................................................................................
Completed E-Step (11 seconds). 
Completed M-Step (0 seconds). 
calculate log likelihood 
convergence.check is 2.825782e-06 
Completing Iteration 21 (approx. per word bound = -41.552, relative change = 2.826e-06) 
......................................................................................................
Completed E-Step (11 seconds). 
Completed M-Step (0 seconds). 
calculate log likelihood 
convergence.check is 2.571374e-06 
Completing Iteration 22 (approx. per word bound = -41.552, relative change = 2.571e-06) 
......................................................................................................
Completed E-Step (11 seconds). 
Completed M-Step (0 seconds). 
calculate log likelihood 
convergence.check is 2.670549e-06 
Completing Iteration 23 (approx. per word bound = -41.551, relative change = 2.671e-06) 
......................................................................................................
Completed E-Step (10 seconds). 
Completed M-Step (0 seconds). 
calculate log likelihood 
convergence.check is 2.242234e-06 
Completing Iteration 24 (approx. per word bound = -41.551, relative change = 2.242e-06) 
......................................................................................................
Completed E-Step (10 seconds). 
Completed M-Step (0 seconds). 
calculate log likelihood 
convergence.check is 2.147213e-06 
Completing Iteration 25 (approx. per word bound = -41.551, relative change = 2.147e-06) 
Topic 1: Gene1356, Gene524, Gene587, Gene734, Gene1223 
 Topic 2: Gene211, Gene524, Gene1210, Gene1223, Gene969 
 Topic 3: Gene211, Gene1210, Gene1356, Gene734, Gene1223 
 Topic 4: Gene866, Gene184, Gene1356, Gene1460, Gene524 
 Topic 5: Gene3, Gene862, Gene1460, Gene698, Gene1356 
......................................................................................................
Completed E-Step (10 seconds). 
Completed M-Step (0 seconds). 
calculate log likelihood 
convergence.check is 2.02268e-06 
Completing Iteration 26 (approx. per word bound = -41.551, relative change = 2.023e-06) 
......................................................................................................
Completed E-Step (10 seconds). 
Completed M-Step (0 seconds). 
calculate log likelihood 
convergence.check is 1.946641e-06 
Completing Iteration 27 (approx. per word bound = -41.551, relative change = 1.947e-06) 
......................................................................................................
Completed E-Step (10 seconds). 
Completed M-Step (0 seconds). 
calculate log likelihood 
convergence.check is 1.834199e-06 
Completing Iteration 28 (approx. per word bound = -41.551, relative change = 1.834e-06) 
......................................................................................................
Completed E-Step (10 seconds). 
Completed M-Step (0 seconds). 
calculate log likelihood 
convergence.check is 1.893416e-06 
Completing Iteration 29 (approx. per word bound = -41.551, relative change = 1.893e-06) 
......................................................................................................
Completed E-Step (10 seconds). 
Completed M-Step (0 seconds). 
calculate log likelihood 
convergence.check is 1.606614e-06 
Completing Iteration 30 (approx. per word bound = -41.551, relative change = 1.607e-06) 
Topic 1: Gene1356, Gene524, Gene587, Gene734, Gene1223 
 Topic 2: Gene211, Gene524, Gene1210, Gene1223, Gene969 
 Topic 3: Gene211, Gene1210, Gene1356, Gene734, Gene1223 
 Topic 4: Gene866, Gene184, Gene1356, Gene1460, Gene524 
 Topic 5: Gene3, Gene862, Gene1460, Gene698, Gene1356 
......................................................................................................
Completed E-Step (10 seconds). 
Completed M-Step (0 seconds). 
calculate log likelihood 
convergence.check is 1.46712e-06 
Completing Iteration 31 (approx. per word bound = -41.551, relative change = 1.467e-06) 
......................................................................................................
Completed E-Step (10 seconds). 
Completed M-Step (0 seconds). 
calculate log likelihood 
convergence.check is 1.416712e-06 
Completing Iteration 32 (approx. per word bound = -41.551, relative change = 1.417e-06) 
......................................................................................................
Completed E-Step (10 seconds). 
Completed M-Step (0 seconds). 
calculate log likelihood 
convergence.check is 1.204677e-06 
Completing Iteration 33 (approx. per word bound = -41.551, relative change = 1.205e-06) 
......................................................................................................
Completed E-Step (10 seconds). 
Completed M-Step (0 seconds). 
calculate log likelihood 
convergence.check is 1.340109e-06 
Completing Iteration 34 (approx. per word bound = -41.551, relative change = 1.340e-06) 
......................................................................................................
Completed E-Step (9 seconds). 
Completed M-Step (0 seconds). 
calculate log likelihood 
convergence.check is 1.033037e-06 
Completing Iteration 35 (approx. per word bound = -41.551, relative change = 1.033e-06) 
Topic 1: Gene1356, Gene524, Gene587, Gene734, Gene1210 
 Topic 2: Gene211, Gene524, Gene1210, Gene1223, Gene969 
 Topic 3: Gene211, Gene1210, Gene1356, Gene734, Gene1223 
 Topic 4: Gene866, Gene184, Gene1356, Gene1460, Gene524 
 Topic 5: Gene3, Gene862, Gene1460, Gene698, Gene1356 
......................................................................................................
Completed E-Step (9 seconds). 
Completed M-Step (0 seconds). 
calculate log likelihood 
convergence.check is 1.245904e-06 
Completing Iteration 36 (approx. per word bound = -41.551, relative change = 1.246e-06) 
......................................................................................................
Completed E-Step (9 seconds). 
Completed M-Step (0 seconds). 
calculate log likelihood 
convergence.check is 8.746282e-07 
Model Converged 
3 select model run 
Initialization with topicScore. 
Initializing factors using Topic SCORE algorithm.
Initializing loadings by running 10 SCD updates.
......................................................................................................
Completed E-Step (17 seconds). 
Completed M-Step (0 seconds). 
calculate log likelihood 
Completing Iteration 1 (approx. per word bound = -41.715) 
......................................................................................................
Completed E-Step (16 seconds). 
Completed M-Step (0 seconds). 
calculate log likelihood 
convergence.check is 0.0007381467 
Completing Iteration 2 (approx. per word bound = -41.684, relative change = 7.381e-04) 
......................................................................................................
Completed E-Step (15 seconds). 
Completed M-Step (0 seconds). 
calculate log likelihood 
convergence.check is 0.0002578982 
Completing Iteration 3 (approx. per word bound = -41.673, relative change = 2.579e-04) 
......................................................................................................
Completed E-Step (15 seconds). 
Completed M-Step (0 seconds). 
calculate log likelihood 
convergence.check is 0.0001841024 
Completing Iteration 4 (approx. per word bound = -41.666, relative change = 1.841e-04) 
......................................................................................................
Completed E-Step (14 seconds). 
Completed M-Step (0 seconds). 
calculate log likelihood 
convergence.check is 0.0001558887 
Completing Iteration 5 (approx. per word bound = -41.659, relative change = 1.559e-04) 
Topic 1: Gene1356, Gene1210, Gene524, Gene211, Gene1223 
 Topic 2: Gene1416, Gene211, Gene866, Gene1183, Gene1219 
 Topic 3: Gene211, Gene1210, Gene1250, Gene840, Gene251 
 Topic 4: Gene866, Gene184, Gene211, Gene969, Gene1416 
 Topic 5: Gene3, Gene1356, Gene862, Gene1460, Gene1307 
......................................................................................................
Completed E-Step (15 seconds). 
Completed M-Step (0 seconds). 
calculate log likelihood 
convergence.check is 0.0001428621 
Completing Iteration 6 (approx. per word bound = -41.653, relative change = 1.429e-04) 
......................................................................................................
Completed E-Step (14 seconds). 
Completed M-Step (0 seconds). 
calculate log likelihood 
convergence.check is 0.0001340641 
Completing Iteration 7 (approx. per word bound = -41.648, relative change = 1.341e-04) 
......................................................................................................
Completed E-Step (15 seconds). 
Completed M-Step (0 seconds). 
calculate log likelihood 
convergence.check is 0.0001263672 
Completing Iteration 8 (approx. per word bound = -41.642, relative change = 1.264e-04) 
......................................................................................................
Completed E-Step (14 seconds). 
Completed M-Step (0 seconds). 
calculate log likelihood 
convergence.check is 0.0001178731 
Completing Iteration 9 (approx. per word bound = -41.637, relative change = 1.179e-04) 
......................................................................................................
Completed E-Step (14 seconds). 
Completed M-Step (0 seconds). 
calculate log likelihood 
convergence.check is 9.874808e-05 
Completing Iteration 10 (approx. per word bound = -41.633, relative change = 9.875e-05) 
Topic 1: Gene1356, Gene1210, Gene1223, Gene524, Gene211 
 Topic 2: Gene1416, Gene866, Gene211, Gene1183, Gene141 
 Topic 3: Gene211, Gene1210, Gene1250, Gene251, Gene840 
 Topic 4: Gene866, Gene184, Gene211, Gene969, Gene1416 
 Topic 5: Gene3, Gene1356, Gene862, Gene1460, Gene1307 
......................................................................................................
Completed E-Step (14 seconds). 
Completed M-Step (0 seconds). 
calculate log likelihood 
convergence.check is 7.645086e-05 
Completing Iteration 11 (approx. per word bound = -41.630, relative change = 7.645e-05) 
......................................................................................................
Completed E-Step (14 seconds). 
Completed M-Step (0 seconds). 
calculate log likelihood 
convergence.check is 5.315743e-05 
Completing Iteration 12 (approx. per word bound = -41.628, relative change = 5.316e-05) 
......................................................................................................
Completed E-Step (13 seconds). 
Completed M-Step (0 seconds). 
calculate log likelihood 
convergence.check is 3.636598e-05 
Completing Iteration 13 (approx. per word bound = -41.626, relative change = 3.637e-05) 
......................................................................................................
Completed E-Step (13 seconds). 
Completed M-Step (0 seconds). 
calculate log likelihood 
convergence.check is 2.301887e-05 
Completing Iteration 14 (approx. per word bound = -41.626, relative change = 2.302e-05) 
......................................................................................................
Completed E-Step (13 seconds). 
Completed M-Step (0 seconds). 
calculate log likelihood 
convergence.check is 1.388352e-05 
Completing Iteration 15 (approx. per word bound = -41.625, relative change = 1.388e-05) 
Topic 1: Gene1356, Gene1210, Gene1223, Gene524, Gene1307 
 Topic 2: Gene1416, Gene866, Gene211, Gene1183, Gene141 
 Topic 3: Gene211, Gene1210, Gene1250, Gene840, Gene251 
 Topic 4: Gene866, Gene184, Gene211, Gene969, Gene1416 
 Topic 5: Gene3, Gene1356, Gene862, Gene1460, Gene1223 
......................................................................................................
Completed E-Step (13 seconds). 
Completed M-Step (0 seconds). 
calculate log likelihood 
convergence.check is 9.304533e-06 
Completing Iteration 16 (approx. per word bound = -41.625, relative change = 9.305e-06) 
......................................................................................................
Completed E-Step (12 seconds). 
Completed M-Step (0 seconds). 
calculate log likelihood 
convergence.check is 7.178879e-06 
Completing Iteration 17 (approx. per word bound = -41.624, relative change = 7.179e-06) 
......................................................................................................
Completed E-Step (12 seconds). 
Completed M-Step (0 seconds). 
calculate log likelihood 
convergence.check is 5.488612e-06 
Completing Iteration 18 (approx. per word bound = -41.624, relative change = 5.489e-06) 
......................................................................................................
Completed E-Step (11 seconds). 
Completed M-Step (0 seconds). 
calculate log likelihood 
convergence.check is 4.667605e-06 
Completing Iteration 19 (approx. per word bound = -41.624, relative change = 4.668e-06) 
......................................................................................................
Completed E-Step (11 seconds). 
Completed M-Step (0 seconds). 
calculate log likelihood 
convergence.check is 3.904932e-06 
Completing Iteration 20 (approx. per word bound = -41.624, relative change = 3.905e-06) 
Topic 1: Gene1356, Gene1210, Gene1223, Gene524, Gene1307 
 Topic 2: Gene1416, Gene866, Gene211, Gene1183, Gene141 
 Topic 3: Gene211, Gene1210, Gene1250, Gene840, Gene251 
 Topic 4: Gene866, Gene184, Gene211, Gene969, Gene1416 
 Topic 5: Gene3, Gene1356, Gene862, Gene1460, Gene1223 
......................................................................................................
Completed E-Step (10 seconds). 
Completed M-Step (0 seconds). 
calculate log likelihood 
convergence.check is 3.503203e-06 
Completing Iteration 21 (approx. per word bound = -41.624, relative change = 3.503e-06) 
......................................................................................................
Completed E-Step (10 seconds). 
Completed M-Step (0 seconds). 
calculate log likelihood 
convergence.check is 3.231559e-06 
Completing Iteration 22 (approx. per word bound = -41.623, relative change = 3.232e-06) 
......................................................................................................
Completed E-Step (10 seconds). 
Completed M-Step (0 seconds). 
calculate log likelihood 
convergence.check is 2.891696e-06 
Completing Iteration 23 (approx. per word bound = -41.623, relative change = 2.892e-06) 
......................................................................................................
Completed E-Step (9 seconds). 
Completed M-Step (0 seconds). 
calculate log likelihood 
convergence.check is 2.755482e-06 
Completing Iteration 24 (approx. per word bound = -41.623, relative change = 2.755e-06) 
......................................................................................................
Completed E-Step (10 seconds). 
Completed M-Step (0 seconds). 
calculate log likelihood 
convergence.check is 2.5934e-06 
Completing Iteration 25 (approx. per word bound = -41.623, relative change = 2.593e-06) 
Topic 1: Gene1356, Gene1210, Gene1223, Gene524, Gene1307 
 Topic 2: Gene1416, Gene866, Gene211, Gene1183, Gene141 
 Topic 3: Gene211, Gene1210, Gene1250, Gene840, Gene251 
 Topic 4: Gene866, Gene184, Gene211, Gene969, Gene1416 
 Topic 5: Gene3, Gene1356, Gene862, Gene1460, Gene1223 
......................................................................................................
Completed E-Step (9 seconds). 
Completed M-Step (0 seconds). 
calculate log likelihood 
convergence.check is 2.537009e-06 
Completing Iteration 26 (approx. per word bound = -41.623, relative change = 2.537e-06) 
......................................................................................................
Completed E-Step (9 seconds). 
Completed M-Step (0 seconds). 
calculate log likelihood 
convergence.check is 2.222374e-06 
Completing Iteration 27 (approx. per word bound = -41.623, relative change = 2.222e-06) 
......................................................................................................
Completed E-Step (9 seconds). 
Completed M-Step (0 seconds). 
calculate log likelihood 
convergence.check is 2.349728e-06 
Completing Iteration 28 (approx. per word bound = -41.623, relative change = 2.350e-06) 
......................................................................................................
Completed E-Step (11 seconds). 
Completed M-Step (0 seconds). 
calculate log likelihood 
convergence.check is 5.586514e-06 
Completing Iteration 29 (approx. per word bound = -41.623, relative change = 5.587e-06) 
......................................................................................................
Completed E-Step (9 seconds). 
Completed M-Step (0 seconds). 
calculate log likelihood 
convergence.check is 2.001708e-06 
Completing Iteration 30 (approx. per word bound = -41.622, relative change = 2.002e-06) 
Topic 1: Gene1356, Gene1210, Gene1223, Gene524, Gene1307 
 Topic 2: Gene1416, Gene866, Gene211, Gene1183, Gene141 
 Topic 3: Gene211, Gene1210, Gene1250, Gene840, Gene251 
 Topic 4: Gene866, Gene184, Gene211, Gene969, Gene1416 
 Topic 5: Gene3, Gene1356, Gene862, Gene1460, Gene1223 
......................................................................................................
Completed E-Step (9 seconds). 
Completed M-Step (0 seconds). 
calculate log likelihood 
convergence.check is 1.893946e-06 
Completing Iteration 31 (approx. per word bound = -41.622, relative change = 1.894e-06) 
......................................................................................................
Completed E-Step (9 seconds). 
Completed M-Step (0 seconds). 
calculate log likelihood 
convergence.check is 1.741398e-06 
Completing Iteration 32 (approx. per word bound = -41.622, relative change = 1.741e-06) 
......................................................................................................
Completed E-Step (9 seconds). 
Completed M-Step (0 seconds). 
calculate log likelihood 
convergence.check is 1.761153e-06 
Completing Iteration 33 (approx. per word bound = -41.622, relative change = 1.761e-06) 
......................................................................................................
Completed E-Step (9 seconds). 
Completed M-Step (0 seconds). 
calculate log likelihood 
convergence.check is 1.69721e-06 
Completing Iteration 34 (approx. per word bound = -41.622, relative change = 1.697e-06) 
......................................................................................................
Completed E-Step (8 seconds). 
Completed M-Step (0 seconds). 
calculate log likelihood 
convergence.check is 1.695916e-06 
Completing Iteration 35 (approx. per word bound = -41.622, relative change = 1.696e-06) 
Topic 1: Gene1356, Gene1210, Gene1223, Gene524, Gene1307 
 Topic 2: Gene1416, Gene866, Gene211, Gene1183, Gene141 
 Topic 3: Gene211, Gene1210, Gene1250, Gene840, Gene251 
 Topic 4: Gene866, Gene184, Gene211, Gene1356, Gene969 
 Topic 5: Gene3, Gene1356, Gene862, Gene1460, Gene1223 
......................................................................................................
Completed E-Step (9 seconds). 
Completed M-Step (0 seconds). 
calculate log likelihood 
convergence.check is 1.461558e-06 
Completing Iteration 36 (approx. per word bound = -41.622, relative change = 1.462e-06) 
......................................................................................................
Completed E-Step (8 seconds). 
Completed M-Step (0 seconds). 
calculate log likelihood 
convergence.check is 1.451519e-06 
Completing Iteration 37 (approx. per word bound = -41.622, relative change = 1.452e-06) 
......................................................................................................
Completed E-Step (8 seconds). 
Completed M-Step (0 seconds). 
calculate log likelihood 
convergence.check is 1.330847e-06 
Completing Iteration 38 (approx. per word bound = -41.622, relative change = 1.331e-06) 
......................................................................................................
Completed E-Step (8 seconds). 
Completed M-Step (0 seconds). 
calculate log likelihood 
convergence.check is 1.28595e-06 
Completing Iteration 39 (approx. per word bound = -41.622, relative change = 1.286e-06) 
......................................................................................................
Completed E-Step (8 seconds). 
Completed M-Step (0 seconds). 
calculate log likelihood 
convergence.check is 1.254591e-06 
Completing Iteration 40 (approx. per word bound = -41.622, relative change = 1.255e-06) 
Topic 1: Gene1356, Gene1210, Gene1223, Gene524, Gene1307 
 Topic 2: Gene1416, Gene866, Gene211, Gene1183, Gene141 
 Topic 3: Gene211, Gene1210, Gene1250, Gene840, Gene251 
 Topic 4: Gene866, Gene184, Gene211, Gene1356, Gene969 
 Topic 5: Gene3, Gene1356, Gene862, Gene1460, Gene1223 
......................................................................................................
Completed E-Step (8 seconds). 
Completed M-Step (0 seconds). 
calculate log likelihood 
convergence.check is 1.17765e-06 
Completing Iteration 41 (approx. per word bound = -41.622, relative change = 1.178e-06) 
......................................................................................................
Completed E-Step (8 seconds). 
Completed M-Step (0 seconds). 
calculate log likelihood 
convergence.check is 1.129173e-06 
Completing Iteration 42 (approx. per word bound = -41.622, relative change = 1.129e-06) 
......................................................................................................
Completed E-Step (8 seconds). 
Completed M-Step (0 seconds). 
calculate log likelihood 
convergence.check is 1.088361e-06 
Completing Iteration 43 (approx. per word bound = -41.622, relative change = 1.088e-06) 
......................................................................................................
Completed E-Step (8 seconds). 
Completed M-Step (0 seconds). 
calculate log likelihood 
convergence.check is 1.089785e-06 
Completing Iteration 44 (approx. per word bound = -41.622, relative change = 1.090e-06) 
......................................................................................................
Completed E-Step (8 seconds). 
Completed M-Step (0 seconds). 
calculate log likelihood 
convergence.check is 1.005581e-06 
Completing Iteration 45 (approx. per word bound = -41.622, relative change = 1.006e-06) 
Topic 1: Gene1356, Gene1210, Gene1223, Gene524, Gene1307 
 Topic 2: Gene1416, Gene866, Gene211, Gene1183, Gene141 
 Topic 3: Gene211, Gene1210, Gene1250, Gene840, Gene251 
 Topic 4: Gene866, Gene184, Gene211, Gene1356, Gene2 
 Topic 5: Gene3, Gene1356, Gene862, Gene1460, Gene1223 
......................................................................................................
Completed E-Step (8 seconds). 
Completed M-Step (0 seconds). 
calculate log likelihood 
convergence.check is 9.986361e-07 
Model Converged 
