sims_1715991304_neg_L1_c5.rds 
Found 6 batches
Using null model in ComBat-seq.
Adjusting for 0 covariate(s) or covariate level(s)
Estimating dispersions
Fitting the GLM model
Shrinkage off - using GLM estimates for parameters
Adjusting the data
Batch Effect Removed 
        R/alignCorpus.R R/asSTMCorpus.R R/checkBeta.R R/cloud.R
value   ?               ?               ?             ?        
visible FALSE           FALSE           FALSE         FALSE    
        R/CompositionChange.R R/convertCorpus.R R/estimateEffect.R
value   ?                     ?                 ?                 
visible FALSE                 FALSE             FALSE             
        R/estimateMixedEffect.R R/exclusivity.R R/findThoughts.R R/findTopic.R
value   ?                       ?               ?                ?            
visible FALSE                   FALSE           FALSE            FALSE        
        R/fitNewDocuments.R R/heldout.R R/jeffreyskappa.R R/labelTopics.R
value   ?                   ?           ?                 ?              
visible FALSE               FALSE       FALSE             FALSE          
        R/makeDesignMatrix.R R/manyTopics.R R/multiSTM.R R/optimalK.R
value   ?                    ?              ?            ?           
visible FALSE                FALSE          FALSE        FALSE       
        R/permute.R R/plot.estimateEffect.R R/plot.fixedEffect.R
value   ?           ?                       ?                   
visible FALSE       FALSE                   FALSE               
        R/plot.searchK.R R/plot.STM.R R/plotModels.R R/plotQuote.R
value   ?                ?            ?              ?            
visible FALSE            FALSE        FALSE          FALSE        
        R/plotRemoved.R R/plottingutilfns.R R/plotTopicLoess.R
value   ?               ?                   ?                 
visible FALSE           FALSE               FALSE             
        R/prepDocuments.R R/prepsce.R R/produce_cmatrix.R R/RcppExports.R
value   ?                 ?           ?                   ?              
visible FALSE             FALSE       FALSE               FALSE          
        R/readCorpus.R R/residuals.R R/s.R R/sageLabels.R R/scSTM.R
value   ?              ?             ?     ?              ?        
visible FALSE          FALSE         FALSE FALSE          FALSE    
        R/selectModel.R R/semanticCoherence.R R/simBetas.R R/spectral.R
value   ?               ?                     ?            ?           
visible FALSE           FALSE                 FALSE        FALSE       
        R/stm-package.R R/stm.control.R R/STMbound.R R/STMconvergence.R
value   NULL            ?               ?            ?                 
visible TRUE            FALSE           FALSE        FALSE             
        R/STMestep.R R/STMfunctions.R R/STMinit.R R/STMinitLikelihood.R
value   ?            ?                ?           ?                    
visible FALSE        FALSE            FALSE       FALSE                
        R/STMlncpp.R R/STMmnreg.R R/STMmu.R R/STMoptbeta.R R/STMreport.R
value   ?            ?            ?         ?              ?            
visible FALSE        FALSE        FALSE     FALSE          FALSE        
        R/STMsigma.R R/STMsigs.R R/STMsubset.R R/summary.STM.R R/tau.R
value   ?            ?           ?             ?               ?      
visible FALSE        FALSE       FALSE         FALSE           FALSE  
        R/textProcessor.R R/thetaPosterior.R R/toLDAvis.R R/topicCorr.R
value   ?                 ?                  ?            ?            
visible FALSE             FALSE              FALSE        FALSE        
        R/topicLasso.R R/topicQuality.R R/writeLdac.R R/zzz.R
value   ?              ?                ?             ?      
visible FALSE          FALSE            FALSE         FALSE  
Casting net 
1 models in net 
Initialization with topicScore. 
Initializing factors using Topic SCORE algorithm.
Initializing loadings by running 10 SCD updates.
......................................................................................................
Completed E-Step (18 seconds). 
Completed M-Step (0 seconds). 
calculate log likelihood 
Completing Iteration 1 (approx. per word bound = -73.412) 
......................................................................................................
Completed E-Step (20 seconds). 
Completed M-Step (0 seconds). 
calculate log likelihood 
convergence.check is 3.716328e-05 
Completing Iteration 2 (approx. per word bound = -73.409, relative change = 3.716e-05) 
......................................................................................................
Completed E-Step (20 seconds). 
Completed M-Step (0 seconds). 
calculate log likelihood 
convergence.check is 2.665658e-05 
Model Terminated Before Convergence Reached 
2 models in net 
Initialization with topicScore. 
Initializing factors using Topic SCORE algorithm.
Initializing loadings by running 10 SCD updates.
......................................................................................................
Completed E-Step (10 seconds). 
Completed M-Step (0 seconds). 
calculate log likelihood 
Completing Iteration 1 (approx. per word bound = -73.403) 
......................................................................................................
Completed E-Step (19 seconds). 
Completed M-Step (0 seconds). 
calculate log likelihood 
convergence.check is 2.27178e-05 
Completing Iteration 2 (approx. per word bound = -73.401, relative change = 2.272e-05) 
......................................................................................................
Completed E-Step (17 seconds). 
Completed M-Step (0 seconds). 
calculate log likelihood 
convergence.check is 1.536556e-05 
Model Terminated Before Convergence Reached 
3 models in net 
Initialization with topicScore. 
Initializing factors using Topic SCORE algorithm.
Initializing loadings by running 10 SCD updates.
......................................................................................................
Completed E-Step (23 seconds). 
Completed M-Step (0 seconds). 
calculate log likelihood 
Completing Iteration 1 (approx. per word bound = -73.506) 
......................................................................................................
Completed E-Step (19 seconds). 
Completed M-Step (0 seconds). 
calculate log likelihood 
convergence.check is 0.0001683499 
Completing Iteration 2 (approx. per word bound = -73.494, relative change = 1.683e-04) 
......................................................................................................
Completed E-Step (18 seconds). 
Completed M-Step (0 seconds). 
calculate log likelihood 
convergence.check is 0.0001068027 
Model Terminated Before Convergence Reached 
4 models in net 
Initialization with topicScore. 
Initializing factors using Topic SCORE algorithm.
Initializing loadings by running 10 SCD updates.
......................................................................................................
Completed E-Step (21 seconds). 
Completed M-Step (0 seconds). 
calculate log likelihood 
Completing Iteration 1 (approx. per word bound = -73.457) 
......................................................................................................
Completed E-Step (20 seconds). 
Completed M-Step (0 seconds). 
calculate log likelihood 
convergence.check is 9.689625e-05 
Completing Iteration 2 (approx. per word bound = -73.450, relative change = 9.690e-05) 
......................................................................................................
Completed E-Step (19 seconds). 
Completed M-Step (0 seconds). 
calculate log likelihood 
convergence.check is 5.866709e-05 
Model Terminated Before Convergence Reached 
5 models in net 
Initialization with topicScore. 
Initializing factors using Topic SCORE algorithm.
Initializing loadings by running 10 SCD updates.
......................................................................................................
Completed E-Step (23 seconds). 
Completed M-Step (0 seconds). 
calculate log likelihood 
Completing Iteration 1 (approx. per word bound = -73.416) 
......................................................................................................
Completed E-Step (19 seconds). 
Completed M-Step (0 seconds). 
calculate log likelihood 
convergence.check is 6.753627e-05 
Completing Iteration 2 (approx. per word bound = -73.411, relative change = 6.754e-05) 
......................................................................................................
Completed E-Step (19 seconds). 
Completed M-Step (0 seconds). 
calculate log likelihood 
convergence.check is 3.154057e-05 
Model Terminated Before Convergence Reached 
6 models in net 
Initialization with topicScore. 
Initializing factors using Topic SCORE algorithm.
Initializing loadings by running 10 SCD updates.
......................................................................................................
Completed E-Step (21 seconds). 
Completed M-Step (0 seconds). 
calculate log likelihood 
Completing Iteration 1 (approx. per word bound = -73.531) 
......................................................................................................
Completed E-Step (19 seconds). 
Completed M-Step (0 seconds). 
calculate log likelihood 
convergence.check is 0.0002507033 
Completing Iteration 2 (approx. per word bound = -73.512, relative change = 2.507e-04) 
......................................................................................................
Completed E-Step (19 seconds). 
Completed M-Step (0 seconds). 
calculate log likelihood 
convergence.check is 0.0001672976 
Model Terminated Before Convergence Reached 
7 models in net 
Initialization with topicScore. 
Initializing factors using Topic SCORE algorithm.
Initializing loadings by running 10 SCD updates.
......................................................................................................
Completed E-Step (19 seconds). 
Completed M-Step (0 seconds). 
calculate log likelihood 
Completing Iteration 1 (approx. per word bound = -73.406) 
......................................................................................................
Completed E-Step (19 seconds). 
Completed M-Step (0 seconds). 
calculate log likelihood 
convergence.check is 3.181908e-05 
Completing Iteration 2 (approx. per word bound = -73.404, relative change = 3.182e-05) 
......................................................................................................
Completed E-Step (20 seconds). 
Completed M-Step (0 seconds). 
calculate log likelihood 
convergence.check is 2.300752e-05 
Model Terminated Before Convergence Reached 
8 models in net 
Initialization with topicScore. 
Initializing factors using Topic SCORE algorithm.
Initializing loadings by running 10 SCD updates.
......................................................................................................
Completed E-Step (20 seconds). 
Completed M-Step (0 seconds). 
calculate log likelihood 
Completing Iteration 1 (approx. per word bound = -73.508) 
......................................................................................................
Completed E-Step (19 seconds). 
Completed M-Step (0 seconds). 
calculate log likelihood 
convergence.check is 0.00017059 
Completing Iteration 2 (approx. per word bound = -73.496, relative change = 1.706e-04) 
......................................................................................................
Completed E-Step (19 seconds). 
Completed M-Step (0 seconds). 
calculate log likelihood 
convergence.check is 0.0001115945 
Model Terminated Before Convergence Reached 
9 models in net 
Initialization with topicScore. 
Initializing factors using Topic SCORE algorithm.
Initializing loadings by running 10 SCD updates.
......................................................................................................
Completed E-Step (23 seconds). 
Completed M-Step (0 seconds). 
calculate log likelihood 
Completing Iteration 1 (approx. per word bound = -73.489) 
......................................................................................................
Completed E-Step (19 seconds). 
Completed M-Step (0 seconds). 
calculate log likelihood 
convergence.check is 0.0001563988 
Completing Iteration 2 (approx. per word bound = -73.478, relative change = 1.564e-04) 
......................................................................................................
Completed E-Step (18 seconds). 
Completed M-Step (0 seconds). 
calculate log likelihood 
convergence.check is 9.038917e-05 
Model Terminated Before Convergence Reached 
10 models in net 
Initialization with topicScore. 
Initializing factors using Topic SCORE algorithm.
Initializing loadings by running 10 SCD updates.
......................................................................................................
Completed E-Step (20 seconds). 
Completed M-Step (0 seconds). 
calculate log likelihood 
Completing Iteration 1 (approx. per word bound = -73.419) 
......................................................................................................
Completed E-Step (19 seconds). 
Completed M-Step (0 seconds). 
calculate log likelihood 
convergence.check is 6.17437e-05 
Completing Iteration 2 (approx. per word bound = -73.414, relative change = 6.174e-05) 
......................................................................................................
Completed E-Step (20 seconds). 
Completed M-Step (0 seconds). 
calculate log likelihood 
convergence.check is 3.401893e-05 
Model Terminated Before Convergence Reached 
11 models in net 
Beginning Spectral Initialization 
	 Calculating the gram matrix...
	 Finding anchor words...
 	.....
	 Recovering initialization...
 	....
Initialization complete.
......................................................................................................
Completed E-Step (32 seconds). 
Completed M-Step (0 seconds). 
calculate log likelihood 
Completing Iteration 1 (approx. per word bound = -73.525) 
......................................................................................................
Completed E-Step (19 seconds). 
Completed M-Step (0 seconds). 
calculate log likelihood 
convergence.check is 0.001004222 
Completing Iteration 2 (approx. per word bound = -73.451, relative change = 1.004e-03) 
......................................................................................................
Completed E-Step (17 seconds). 
Completed M-Step (0 seconds). 
calculate log likelihood 
convergence.check is 0.0004006487 
Model Terminated Before Convergence Reached 
12 models in net 
Beginning Random Initialization 
Initialization with Poisson NMF 
......................................................................................................
Completed E-Step (28 seconds). 
Completed M-Step (0 seconds). 
calculate log likelihood 
Completing Iteration 1 (approx. per word bound = -92.573) 
......................................................................................................
Completed E-Step (19 seconds). 
Completed M-Step (0 seconds). 
calculate log likelihood 
convergence.check is 0.2036579 
Completing Iteration 2 (approx. per word bound = -73.720, relative change = 2.037e-01) 
......................................................................................................
Completed E-Step (19 seconds). 
Completed M-Step (0 seconds). 
calculate log likelihood 
convergence.check is 0.0002492408 
Model Terminated Before Convergence Reached 
13 models in net 
Beginning Random Initialization 
Initialization with Poisson NMF 
......................................................................................................
Completed E-Step (34 seconds). 
Completed M-Step (0 seconds). 
calculate log likelihood 
Completing Iteration 1 (approx. per word bound = -91.361) 
......................................................................................................
Completed E-Step (21 seconds). 
Completed M-Step (0 seconds). 
calculate log likelihood 
convergence.check is 0.1929335 
Completing Iteration 2 (approx. per word bound = -73.734, relative change = 1.929e-01) 
......................................................................................................
Completed E-Step (21 seconds). 
Completed M-Step (0 seconds). 
calculate log likelihood 
convergence.check is 0.0002371424 
Model Terminated Before Convergence Reached 
14 models in net 
Beginning Random Initialization 
Initialization with Poisson NMF 
......................................................................................................
Completed E-Step (30 seconds). 
Completed M-Step (0 seconds). 
calculate log likelihood 
Completing Iteration 1 (approx. per word bound = -91.770) 
......................................................................................................
Completed E-Step (18 seconds). 
Completed M-Step (0 seconds). 
calculate log likelihood 
convergence.check is 0.196612 
Completing Iteration 2 (approx. per word bound = -73.727, relative change = 1.966e-01) 
......................................................................................................
Completed E-Step (19 seconds). 
Completed M-Step (0 seconds). 
calculate log likelihood 
convergence.check is 0.0002207836 
Model Terminated Before Convergence Reached 
15 models in net 
Beginning Random Initialization 
Initialization with Poisson NMF 
......................................................................................................
Completed E-Step (33 seconds). 
Completed M-Step (0 seconds). 
calculate log likelihood 
Completing Iteration 1 (approx. per word bound = -92.328) 
......................................................................................................
Completed E-Step (21 seconds). 
Completed M-Step (0 seconds). 
calculate log likelihood 
convergence.check is 0.2013671 
Completing Iteration 2 (approx. per word bound = -73.736, relative change = 2.014e-01) 
......................................................................................................
Completed E-Step (20 seconds). 
Completed M-Step (0 seconds). 
calculate log likelihood 
convergence.check is 0.0002551285 
Model Terminated Before Convergence Reached 
16 models in net 
Beginning Random Initialization 
Initialization with Poisson NMF 
......................................................................................................
Completed E-Step (28 seconds). 
Completed M-Step (0 seconds). 
calculate log likelihood 
Completing Iteration 1 (approx. per word bound = -92.393) 
......................................................................................................
Completed E-Step (20 seconds). 
Completed M-Step (0 seconds). 
calculate log likelihood 
convergence.check is 0.20211 
Completing Iteration 2 (approx. per word bound = -73.719, relative change = 2.021e-01) 
......................................................................................................
Completed E-Step (19 seconds). 
Completed M-Step (0 seconds). 
calculate log likelihood 
convergence.check is 0.0001665983 
Model Terminated Before Convergence Reached 
17 models in net 
Beginning Random Initialization 
Initialization with Poisson NMF 
......................................................................................................
Completed E-Step (35 seconds). 
Completed M-Step (0 seconds). 
calculate log likelihood 
Completing Iteration 1 (approx. per word bound = -91.651) 
......................................................................................................
Completed E-Step (19 seconds). 
Completed M-Step (0 seconds). 
calculate log likelihood 
convergence.check is 0.1955976 
Completing Iteration 2 (approx. per word bound = -73.724, relative change = 1.956e-01) 
......................................................................................................
Completed E-Step (19 seconds). 
Completed M-Step (0 seconds). 
calculate log likelihood 
convergence.check is 0.0002259972 
Model Terminated Before Convergence Reached 
18 models in net 
Beginning Random Initialization 
Initialization with Poisson NMF 
......................................................................................................
Completed E-Step (28 seconds). 
Completed M-Step (0 seconds). 
calculate log likelihood 
Completing Iteration 1 (approx. per word bound = -91.734) 
......................................................................................................
Completed E-Step (19 seconds). 
Completed M-Step (0 seconds). 
calculate log likelihood 
convergence.check is 0.1962713 
Completing Iteration 2 (approx. per word bound = -73.729, relative change = 1.963e-01) 
......................................................................................................
Completed E-Step (19 seconds). 
Completed M-Step (0 seconds). 
calculate log likelihood 
convergence.check is 0.0002074446 
Model Terminated Before Convergence Reached 
19 models in net 
Beginning Random Initialization 
Initialization with Poisson NMF 
......................................................................................................
Completed E-Step (35 seconds). 
Completed M-Step (0 seconds). 
calculate log likelihood 
Completing Iteration 1 (approx. per word bound = -92.508) 
......................................................................................................
Completed E-Step (21 seconds). 
Completed M-Step (0 seconds). 
calculate log likelihood 
convergence.check is 0.2028912 
Completing Iteration 2 (approx. per word bound = -73.739, relative change = 2.029e-01) 
......................................................................................................
Completed E-Step (20 seconds). 
Completed M-Step (0 seconds). 
calculate log likelihood 
convergence.check is 0.0002318596 
Model Terminated Before Convergence Reached 
20 models in net 
Beginning Random Initialization 
Initialization with Poisson NMF 
......................................................................................................
Completed E-Step (32 seconds). 
Completed M-Step (0 seconds). 
calculate log likelihood 
Completing Iteration 1 (approx. per word bound = -92.351) 
......................................................................................................
Completed E-Step (19 seconds). 
Completed M-Step (0 seconds). 
calculate log likelihood 
convergence.check is 0.2016138 
Completing Iteration 2 (approx. per word bound = -73.732, relative change = 2.016e-01) 
......................................................................................................
Completed E-Step (18 seconds). 
Completed M-Step (0 seconds). 
calculate log likelihood 
convergence.check is 0.0001489211 
Model Terminated Before Convergence Reached 
21 models in net 
Beginning Random Initialization 
Initialization with Poisson NMF 
......................................................................................................
Completed E-Step (33 seconds). 
Completed M-Step (0 seconds). 
calculate log likelihood 
Completing Iteration 1 (approx. per word bound = -92.167) 
......................................................................................................
Completed E-Step (19 seconds). 
Completed M-Step (0 seconds). 
calculate log likelihood 
convergence.check is 0.200262 
Completing Iteration 2 (approx. per word bound = -73.710, relative change = 2.003e-01) 
......................................................................................................
Completed E-Step (18 seconds). 
Completed M-Step (0 seconds). 
calculate log likelihood 
convergence.check is 0.0002549888 
Model Terminated Before Convergence Reached 
Running select models 
1 select model run 
Initialization with topicScore. 
Initializing factors using Topic SCORE algorithm.
Initializing loadings by running 10 SCD updates.
......................................................................................................
Completed E-Step (11 seconds). 
Completed M-Step (0 seconds). 
calculate log likelihood 
Completing Iteration 1 (approx. per word bound = -73.403) 
......................................................................................................
Completed E-Step (18 seconds). 
Completed M-Step (0 seconds). 
calculate log likelihood 
convergence.check is 2.27178e-05 
Completing Iteration 2 (approx. per word bound = -73.401, relative change = 2.272e-05) 
......................................................................................................
Completed E-Step (18 seconds). 
Completed M-Step (0 seconds). 
calculate log likelihood 
convergence.check is 1.536556e-05 
Completing Iteration 3 (approx. per word bound = -73.400, relative change = 1.537e-05) 
......................................................................................................
Completed E-Step (17 seconds). 
Completed M-Step (0 seconds). 
calculate log likelihood 
convergence.check is 1.405245e-05 
Completing Iteration 4 (approx. per word bound = -73.399, relative change = 1.405e-05) 
......................................................................................................
Completed E-Step (18 seconds). 
Completed M-Step (0 seconds). 
calculate log likelihood 
convergence.check is 1.303288e-05 
Completing Iteration 5 (approx. per word bound = -73.398, relative change = 1.303e-05) 
Topic 1: Gene373, Gene851, Gene640, Gene654, Gene200 
 Topic 2: Gene373, Gene640, Gene480, Gene654, Gene490 
 Topic 3: Gene200, Gene654, Gene490, Gene434, Gene851 
 Topic 4: Gene342, Gene792, Gene106, Gene373, Gene851 
 Topic 5: Gene342, Gene373, Gene31, Gene640, Gene588 
......................................................................................................
Completed E-Step (18 seconds). 
Completed M-Step (0 seconds). 
calculate log likelihood 
convergence.check is 1.183457e-05 
Completing Iteration 6 (approx. per word bound = -73.397, relative change = 1.183e-05) 
......................................................................................................
Completed E-Step (17 seconds). 
Completed M-Step (0 seconds). 
calculate log likelihood 
convergence.check is 1.153132e-05 
Completing Iteration 7 (approx. per word bound = -73.396, relative change = 1.153e-05) 
......................................................................................................
Completed E-Step (18 seconds). 
Completed M-Step (0 seconds). 
calculate log likelihood 
convergence.check is 1.066981e-05 
Completing Iteration 8 (approx. per word bound = -73.396, relative change = 1.067e-05) 
......................................................................................................
Completed E-Step (17 seconds). 
Completed M-Step (0 seconds). 
calculate log likelihood 
convergence.check is 1.032146e-05 
Completing Iteration 9 (approx. per word bound = -73.395, relative change = 1.032e-05) 
......................................................................................................
Completed E-Step (17 seconds). 
Completed M-Step (0 seconds). 
calculate log likelihood 
convergence.check is 9.809204e-06 
Completing Iteration 10 (approx. per word bound = -73.394, relative change = 9.809e-06) 
Topic 1: Gene373, Gene851, Gene640, Gene654, Gene200 
 Topic 2: Gene373, Gene640, Gene480, Gene654, Gene490 
 Topic 3: Gene200, Gene654, Gene490, Gene851, Gene434 
 Topic 4: Gene342, Gene792, Gene106, Gene373, Gene851 
 Topic 5: Gene342, Gene373, Gene31, Gene640, Gene588 
......................................................................................................
Completed E-Step (17 seconds). 
Completed M-Step (0 seconds). 
calculate log likelihood 
convergence.check is 8.932651e-06 
Completing Iteration 11 (approx. per word bound = -73.394, relative change = 8.933e-06) 
......................................................................................................
Completed E-Step (18 seconds). 
Completed M-Step (0 seconds). 
calculate log likelihood 
convergence.check is 8.814613e-06 
Completing Iteration 12 (approx. per word bound = -73.393, relative change = 8.815e-06) 
......................................................................................................
Completed E-Step (17 seconds). 
Completed M-Step (0 seconds). 
calculate log likelihood 
convergence.check is 8.420867e-06 
Completing Iteration 13 (approx. per word bound = -73.392, relative change = 8.421e-06) 
......................................................................................................
Completed E-Step (17 seconds). 
Completed M-Step (0 seconds). 
calculate log likelihood 
convergence.check is 7.965663e-06 
Completing Iteration 14 (approx. per word bound = -73.392, relative change = 7.966e-06) 
......................................................................................................
Completed E-Step (17 seconds). 
Completed M-Step (0 seconds). 
calculate log likelihood 
convergence.check is 7.219902e-06 
Completing Iteration 15 (approx. per word bound = -73.391, relative change = 7.220e-06) 
Topic 1: Gene373, Gene851, Gene640, Gene654, Gene200 
 Topic 2: Gene373, Gene640, Gene480, Gene654, Gene490 
 Topic 3: Gene200, Gene654, Gene490, Gene851, Gene434 
 Topic 4: Gene342, Gene792, Gene106, Gene373, Gene851 
 Topic 5: Gene342, Gene373, Gene31, Gene640, Gene588 
......................................................................................................
Completed E-Step (17 seconds). 
Completed M-Step (0 seconds). 
calculate log likelihood 
convergence.check is 7.182045e-06 
Completing Iteration 16 (approx. per word bound = -73.391, relative change = 7.182e-06) 
......................................................................................................
Completed E-Step (17 seconds). 
Completed M-Step (0 seconds). 
calculate log likelihood 
convergence.check is 6.818883e-06 
Completing Iteration 17 (approx. per word bound = -73.390, relative change = 6.819e-06) 
......................................................................................................
Completed E-Step (17 seconds). 
Completed M-Step (0 seconds). 
calculate log likelihood 
convergence.check is 6.493693e-06 
Completing Iteration 18 (approx. per word bound = -73.390, relative change = 6.494e-06) 
......................................................................................................
Completed E-Step (19 seconds). 
Completed M-Step (0 seconds). 
calculate log likelihood 
convergence.check is 5.917364e-06 
Completing Iteration 19 (approx. per word bound = -73.389, relative change = 5.917e-06) 
......................................................................................................
Completed E-Step (17 seconds). 
Completed M-Step (0 seconds). 
calculate log likelihood 
convergence.check is 5.801176e-06 
Completing Iteration 20 (approx. per word bound = -73.389, relative change = 5.801e-06) 
Topic 1: Gene373, Gene851, Gene640, Gene654, Gene200 
 Topic 2: Gene373, Gene640, Gene480, Gene654, Gene490 
 Topic 3: Gene200, Gene654, Gene851, Gene490, Gene434 
 Topic 4: Gene342, Gene792, Gene106, Gene373, Gene851 
 Topic 5: Gene342, Gene373, Gene31, Gene640, Gene588 
......................................................................................................
Completed E-Step (15 seconds). 
Completed M-Step (0 seconds). 
calculate log likelihood 
convergence.check is 5.504776e-06 
Completing Iteration 21 (approx. per word bound = -73.388, relative change = 5.505e-06) 
......................................................................................................
Completed E-Step (16 seconds). 
Completed M-Step (0 seconds). 
calculate log likelihood 
convergence.check is 5.207079e-06 
Completing Iteration 22 (approx. per word bound = -73.388, relative change = 5.207e-06) 
......................................................................................................
Completed E-Step (15 seconds). 
Completed M-Step (0 seconds). 
calculate log likelihood 
convergence.check is 4.948258e-06 
Completing Iteration 23 (approx. per word bound = -73.388, relative change = 4.948e-06) 
......................................................................................................
Completed E-Step (15 seconds). 
Completed M-Step (0 seconds). 
calculate log likelihood 
convergence.check is 4.677817e-06 
Completing Iteration 24 (approx. per word bound = -73.387, relative change = 4.678e-06) 
......................................................................................................
Completed E-Step (15 seconds). 
Completed M-Step (0 seconds). 
calculate log likelihood 
convergence.check is 4.447502e-06 
Completing Iteration 25 (approx. per word bound = -73.387, relative change = 4.448e-06) 
Topic 1: Gene373, Gene851, Gene640, Gene654, Gene200 
 Topic 2: Gene373, Gene640, Gene480, Gene654, Gene490 
 Topic 3: Gene200, Gene654, Gene851, Gene490, Gene434 
 Topic 4: Gene342, Gene792, Gene106, Gene373, Gene851 
 Topic 5: Gene342, Gene373, Gene31, Gene640, Gene490 
......................................................................................................
Completed E-Step (15 seconds). 
Completed M-Step (0 seconds). 
calculate log likelihood 
convergence.check is 4.206391e-06 
Completing Iteration 26 (approx. per word bound = -73.387, relative change = 4.206e-06) 
......................................................................................................
Completed E-Step (15 seconds). 
Completed M-Step (0 seconds). 
calculate log likelihood 
convergence.check is 3.978984e-06 
Completing Iteration 27 (approx. per word bound = -73.386, relative change = 3.979e-06) 
......................................................................................................
Completed E-Step (15 seconds). 
Completed M-Step (0 seconds). 
calculate log likelihood 
convergence.check is 3.765006e-06 
Completing Iteration 28 (approx. per word bound = -73.386, relative change = 3.765e-06) 
......................................................................................................
Completed E-Step (15 seconds). 
Completed M-Step (0 seconds). 
calculate log likelihood 
convergence.check is 3.562362e-06 
Completing Iteration 29 (approx. per word bound = -73.386, relative change = 3.562e-06) 
......................................................................................................
Completed E-Step (15 seconds). 
Completed M-Step (0 seconds). 
calculate log likelihood 
convergence.check is 3.354686e-06 
Completing Iteration 30 (approx. per word bound = -73.386, relative change = 3.355e-06) 
Topic 1: Gene373, Gene851, Gene640, Gene654, Gene200 
 Topic 2: Gene373, Gene640, Gene480, Gene654, Gene490 
 Topic 3: Gene200, Gene654, Gene851, Gene490, Gene434 
 Topic 4: Gene342, Gene792, Gene106, Gene373, Gene851 
 Topic 5: Gene342, Gene373, Gene31, Gene640, Gene490 
......................................................................................................
Completed E-Step (14 seconds). 
Completed M-Step (0 seconds). 
calculate log likelihood 
convergence.check is 3.180931e-06 
Completing Iteration 31 (approx. per word bound = -73.385, relative change = 3.181e-06) 
......................................................................................................
Completed E-Step (15 seconds). 
Completed M-Step (0 seconds). 
calculate log likelihood 
convergence.check is 2.994764e-06 
Completing Iteration 32 (approx. per word bound = -73.385, relative change = 2.995e-06) 
......................................................................................................
Completed E-Step (14 seconds). 
Completed M-Step (0 seconds). 
calculate log likelihood 
convergence.check is 2.791235e-06 
Completing Iteration 33 (approx. per word bound = -73.385, relative change = 2.791e-06) 
......................................................................................................
Completed E-Step (14 seconds). 
Completed M-Step (0 seconds). 
calculate log likelihood 
convergence.check is 2.623344e-06 
Completing Iteration 34 (approx. per word bound = -73.385, relative change = 2.623e-06) 
......................................................................................................
Completed E-Step (15 seconds). 
Completed M-Step (0 seconds). 
calculate log likelihood 
convergence.check is 2.495805e-06 
Completing Iteration 35 (approx. per word bound = -73.385, relative change = 2.496e-06) 
Topic 1: Gene373, Gene851, Gene640, Gene654, Gene200 
 Topic 2: Gene373, Gene640, Gene480, Gene654, Gene490 
 Topic 3: Gene200, Gene654, Gene851, Gene490, Gene884 
 Topic 4: Gene342, Gene792, Gene106, Gene373, Gene851 
 Topic 5: Gene342, Gene373, Gene31, Gene640, Gene490 
......................................................................................................
Completed E-Step (13 seconds). 
Completed M-Step (0 seconds). 
calculate log likelihood 
convergence.check is 2.321094e-06 
Completing Iteration 36 (approx. per word bound = -73.384, relative change = 2.321e-06) 
......................................................................................................
Completed E-Step (14 seconds). 
Completed M-Step (0 seconds). 
calculate log likelihood 
convergence.check is 2.16252e-06 
Completing Iteration 37 (approx. per word bound = -73.384, relative change = 2.163e-06) 
......................................................................................................
Completed E-Step (14 seconds). 
Completed M-Step (0 seconds). 
calculate log likelihood 
convergence.check is 2.045341e-06 
Completing Iteration 38 (approx. per word bound = -73.384, relative change = 2.045e-06) 
......................................................................................................
Completed E-Step (13 seconds). 
Completed M-Step (0 seconds). 
calculate log likelihood 
convergence.check is 1.916932e-06 
Completing Iteration 39 (approx. per word bound = -73.384, relative change = 1.917e-06) 
......................................................................................................
Completed E-Step (14 seconds). 
Completed M-Step (0 seconds). 
calculate log likelihood 
convergence.check is 1.824107e-06 
Completing Iteration 40 (approx. per word bound = -73.384, relative change = 1.824e-06) 
Topic 1: Gene373, Gene851, Gene640, Gene654, Gene200 
 Topic 2: Gene373, Gene640, Gene480, Gene654, Gene490 
 Topic 3: Gene200, Gene654, Gene851, Gene490, Gene434 
 Topic 4: Gene342, Gene792, Gene106, Gene373, Gene851 
 Topic 5: Gene342, Gene373, Gene31, Gene640, Gene490 
......................................................................................................
Completed E-Step (14 seconds). 
Completed M-Step (0 seconds). 
calculate log likelihood 
convergence.check is 1.699333e-06 
Completing Iteration 41 (approx. per word bound = -73.384, relative change = 1.699e-06) 
......................................................................................................
Completed E-Step (12 seconds). 
Completed M-Step (0 seconds). 
calculate log likelihood 
convergence.check is 1.625791e-06 
Completing Iteration 42 (approx. per word bound = -73.384, relative change = 1.626e-06) 
......................................................................................................
Completed E-Step (13 seconds). 
Completed M-Step (0 seconds). 
calculate log likelihood 
convergence.check is 1.606543e-06 
Completing Iteration 43 (approx. per word bound = -73.383, relative change = 1.607e-06) 
......................................................................................................
Completed E-Step (13 seconds). 
Completed M-Step (0 seconds). 
calculate log likelihood 
convergence.check is 2.108743e-06 
Completing Iteration 44 (approx. per word bound = -73.383, relative change = 2.109e-06) 
......................................................................................................
Completed E-Step (12 seconds). 
Completed M-Step (0 seconds). 
calculate log likelihood 
convergence.check is 1.288396e-06 
Completing Iteration 45 (approx. per word bound = -73.383, relative change = 1.288e-06) 
Topic 1: Gene373, Gene851, Gene640, Gene654, Gene200 
 Topic 2: Gene373, Gene640, Gene480, Gene654, Gene490 
 Topic 3: Gene200, Gene654, Gene851, Gene490, Gene434 
 Topic 4: Gene342, Gene792, Gene106, Gene373, Gene851 
 Topic 5: Gene342, Gene373, Gene31, Gene106, Gene490 
......................................................................................................
Completed E-Step (12 seconds). 
Completed M-Step (0 seconds). 
calculate log likelihood 
convergence.check is 1.263144e-06 
Completing Iteration 46 (approx. per word bound = -73.383, relative change = 1.263e-06) 
......................................................................................................
Completed E-Step (12 seconds). 
Completed M-Step (0 seconds). 
calculate log likelihood 
convergence.check is 1.214354e-06 
Completing Iteration 47 (approx. per word bound = -73.383, relative change = 1.214e-06) 
......................................................................................................
Completed E-Step (10 seconds). 
Completed M-Step (0 seconds). 
calculate log likelihood 
convergence.check is 1.143939e-06 
Completing Iteration 48 (approx. per word bound = -73.383, relative change = 1.144e-06) 
......................................................................................................
Completed E-Step (12 seconds). 
Completed M-Step (0 seconds). 
calculate log likelihood 
convergence.check is 1.08863e-06 
Completing Iteration 49 (approx. per word bound = -73.383, relative change = 1.089e-06) 
......................................................................................................
Completed E-Step (12 seconds). 
Completed M-Step (0 seconds). 
calculate log likelihood 
convergence.check is 1.06391e-06 
Completing Iteration 50 (approx. per word bound = -73.383, relative change = 1.064e-06) 
Topic 1: Gene373, Gene851, Gene640, Gene654, Gene200 
 Topic 2: Gene373, Gene640, Gene480, Gene654, Gene490 
 Topic 3: Gene200, Gene654, Gene851, Gene490, Gene434 
 Topic 4: Gene342, Gene792, Gene106, Gene373, Gene851 
 Topic 5: Gene342, Gene373, Gene31, Gene106, Gene490 
......................................................................................................
Completed E-Step (11 seconds). 
Completed M-Step (0 seconds). 
calculate log likelihood 
convergence.check is 9.60691e-07 
Model Converged 
2 select model run 
Initialization with topicScore. 
Initializing factors using Topic SCORE algorithm.
Initializing loadings by running 10 SCD updates.
......................................................................................................
Completed E-Step (17 seconds). 
Completed M-Step (0 seconds). 
calculate log likelihood 
Completing Iteration 1 (approx. per word bound = -73.406) 
......................................................................................................
Completed E-Step (20 seconds). 
Completed M-Step (0 seconds). 
calculate log likelihood 
convergence.check is 3.181908e-05 
Completing Iteration 2 (approx. per word bound = -73.404, relative change = 3.182e-05) 
......................................................................................................
Completed E-Step (21 seconds). 
Completed M-Step (0 seconds). 
calculate log likelihood 
convergence.check is 2.300752e-05 
Completing Iteration 3 (approx. per word bound = -73.402, relative change = 2.301e-05) 
......................................................................................................
Completed E-Step (20 seconds). 
Completed M-Step (0 seconds). 
calculate log likelihood 
convergence.check is 2.042406e-05 
Completing Iteration 4 (approx. per word bound = -73.401, relative change = 2.042e-05) 
......................................................................................................
Completed E-Step (26 seconds). 
Completed M-Step (0 seconds). 
calculate log likelihood 
convergence.check is 1.834371e-05 
Completing Iteration 5 (approx. per word bound = -73.399, relative change = 1.834e-05) 
Topic 1: Gene373, Gene851, Gene640, Gene200, Gene654 
 Topic 2: Gene373, Gene480, Gene640, Gene490, Gene654 
 Topic 3: Gene342, Gene792, Gene106, Gene373, Gene480 
 Topic 4: Gene342, Gene373, Gene31, Gene640, Gene588 
 Topic 5: Gene200, Gene654, Gene490, Gene434, Gene851 
......................................................................................................
Completed E-Step (19 seconds). 
Completed M-Step (0 seconds). 
calculate log likelihood 
convergence.check is 1.644058e-05 
Completing Iteration 6 (approx. per word bound = -73.398, relative change = 1.644e-05) 
......................................................................................................
Completed E-Step (20 seconds). 
Completed M-Step (0 seconds). 
calculate log likelihood 
convergence.check is 1.497848e-05 
Completing Iteration 7 (approx. per word bound = -73.397, relative change = 1.498e-05) 
......................................................................................................
Completed E-Step (19 seconds). 
Completed M-Step (0 seconds). 
calculate log likelihood 
convergence.check is 1.357248e-05 
Completing Iteration 8 (approx. per word bound = -73.396, relative change = 1.357e-05) 
......................................................................................................
Completed E-Step (19 seconds). 
Completed M-Step (0 seconds). 
calculate log likelihood 
convergence.check is 1.259096e-05 
Completing Iteration 9 (approx. per word bound = -73.395, relative change = 1.259e-05) 
......................................................................................................
Completed E-Step (19 seconds). 
Completed M-Step (0 seconds). 
calculate log likelihood 
convergence.check is 1.137978e-05 
Completing Iteration 10 (approx. per word bound = -73.394, relative change = 1.138e-05) 
Topic 1: Gene373, Gene851, Gene640, Gene654, Gene200 
 Topic 2: Gene373, Gene480, Gene640, Gene490, Gene654 
 Topic 3: Gene342, Gene792, Gene106, Gene373, Gene480 
 Topic 4: Gene342, Gene373, Gene31, Gene640, Gene588 
 Topic 5: Gene200, Gene654, Gene490, Gene851, Gene434 
......................................................................................................
Completed E-Step (18 seconds). 
Completed M-Step (0 seconds). 
calculate log likelihood 
convergence.check is 1.075617e-05 
Completing Iteration 11 (approx. per word bound = -73.394, relative change = 1.076e-05) 
......................................................................................................
Completed E-Step (17 seconds). 
Completed M-Step (0 seconds). 
calculate log likelihood 
convergence.check is 9.939679e-06 
Completing Iteration 12 (approx. per word bound = -73.393, relative change = 9.940e-06) 
......................................................................................................
Completed E-Step (18 seconds). 
Completed M-Step (0 seconds). 
calculate log likelihood 
convergence.check is 9.0211e-06 
Completing Iteration 13 (approx. per word bound = -73.392, relative change = 9.021e-06) 
......................................................................................................
Completed E-Step (17 seconds). 
Completed M-Step (0 seconds). 
calculate log likelihood 
convergence.check is 8.705726e-06 
Completing Iteration 14 (approx. per word bound = -73.391, relative change = 8.706e-06) 
......................................................................................................
Completed E-Step (17 seconds). 
Completed M-Step (0 seconds). 
calculate log likelihood 
convergence.check is 7.923807e-06 
Completing Iteration 15 (approx. per word bound = -73.391, relative change = 7.924e-06) 
Topic 1: Gene373, Gene851, Gene640, Gene654, Gene200 
 Topic 2: Gene373, Gene480, Gene640, Gene490, Gene654 
 Topic 3: Gene342, Gene792, Gene106, Gene373, Gene480 
 Topic 4: Gene342, Gene373, Gene640, Gene31, Gene588 
 Topic 5: Gene200, Gene654, Gene851, Gene490, Gene434 
......................................................................................................
Completed E-Step (16 seconds). 
Completed M-Step (0 seconds). 
calculate log likelihood 
convergence.check is 7.635523e-06 
Completing Iteration 16 (approx. per word bound = -73.390, relative change = 7.636e-06) 
......................................................................................................
Completed E-Step (17 seconds). 
Completed M-Step (0 seconds). 
calculate log likelihood 
convergence.check is 6.977892e-06 
Completing Iteration 17 (approx. per word bound = -73.390, relative change = 6.978e-06) 
......................................................................................................
Completed E-Step (16 seconds). 
Completed M-Step (0 seconds). 
calculate log likelihood 
convergence.check is 6.733836e-06 
Completing Iteration 18 (approx. per word bound = -73.389, relative change = 6.734e-06) 
......................................................................................................
Completed E-Step (16 seconds). 
Completed M-Step (0 seconds). 
calculate log likelihood 
convergence.check is 6.326048e-06 
Completing Iteration 19 (approx. per word bound = -73.389, relative change = 6.326e-06) 
......................................................................................................
Completed E-Step (16 seconds). 
Completed M-Step (0 seconds). 
calculate log likelihood 
convergence.check is 5.943751e-06 
Completing Iteration 20 (approx. per word bound = -73.388, relative change = 5.944e-06) 
Topic 1: Gene373, Gene851, Gene640, Gene654, Gene200 
 Topic 2: Gene373, Gene480, Gene640, Gene490, Gene654 
 Topic 3: Gene342, Gene792, Gene106, Gene373, Gene480 
 Topic 4: Gene342, Gene373, Gene640, Gene31, Gene588 
 Topic 5: Gene200, Gene654, Gene851, Gene490, Gene434 
......................................................................................................
Completed E-Step (16 seconds). 
Completed M-Step (0 seconds). 
calculate log likelihood 
convergence.check is 5.595109e-06 
Completing Iteration 21 (approx. per word bound = -73.388, relative change = 5.595e-06) 
......................................................................................................
Completed E-Step (16 seconds). 
Completed M-Step (0 seconds). 
calculate log likelihood 
convergence.check is 5.273329e-06 
Completing Iteration 22 (approx. per word bound = -73.388, relative change = 5.273e-06) 
......................................................................................................
Completed E-Step (16 seconds). 
Completed M-Step (0 seconds). 
calculate log likelihood 
convergence.check is 4.972635e-06 
Completing Iteration 23 (approx. per word bound = -73.387, relative change = 4.973e-06) 
......................................................................................................
Completed E-Step (16 seconds). 
Completed M-Step (0 seconds). 
calculate log likelihood 
convergence.check is 4.675319e-06 
Completing Iteration 24 (approx. per word bound = -73.387, relative change = 4.675e-06) 
......................................................................................................
Completed E-Step (15 seconds). 
Completed M-Step (0 seconds). 
calculate log likelihood 
convergence.check is 4.354155e-06 
Completing Iteration 25 (approx. per word bound = -73.387, relative change = 4.354e-06) 
Topic 1: Gene373, Gene851, Gene640, Gene654, Gene200 
 Topic 2: Gene373, Gene480, Gene640, Gene490, Gene654 
 Topic 3: Gene342, Gene792, Gene106, Gene373, Gene480 
 Topic 4: Gene342, Gene373, Gene640, Gene31, Gene588 
 Topic 5: Gene200, Gene654, Gene851, Gene490, Gene434 
......................................................................................................
Completed E-Step (16 seconds). 
Completed M-Step (0 seconds). 
calculate log likelihood 
convergence.check is 3.789849e-06 
Completing Iteration 26 (approx. per word bound = -73.386, relative change = 3.790e-06) 
......................................................................................................
Completed E-Step (16 seconds). 
Completed M-Step (0 seconds). 
calculate log likelihood 
convergence.check is 3.93125e-06 
Completing Iteration 27 (approx. per word bound = -73.386, relative change = 3.931e-06) 
......................................................................................................
Completed E-Step (14 seconds). 
Completed M-Step (0 seconds). 
calculate log likelihood 
convergence.check is 3.700346e-06 
Completing Iteration 28 (approx. per word bound = -73.386, relative change = 3.700e-06) 
......................................................................................................
Completed E-Step (15 seconds). 
Completed M-Step (0 seconds). 
calculate log likelihood 
convergence.check is 3.484302e-06 
Completing Iteration 29 (approx. per word bound = -73.386, relative change = 3.484e-06) 
......................................................................................................
Completed E-Step (15 seconds). 
Completed M-Step (0 seconds). 
calculate log likelihood 
convergence.check is 3.293959e-06 
Completing Iteration 30 (approx. per word bound = -73.385, relative change = 3.294e-06) 
Topic 1: Gene373, Gene851, Gene640, Gene654, Gene200 
 Topic 2: Gene373, Gene480, Gene640, Gene490, Gene654 
 Topic 3: Gene342, Gene792, Gene373, Gene106, Gene480 
 Topic 4: Gene342, Gene373, Gene640, Gene31, Gene588 
 Topic 5: Gene200, Gene654, Gene851, Gene490, Gene434 
......................................................................................................
Completed E-Step (14 seconds). 
Completed M-Step (0 seconds). 
calculate log likelihood 
convergence.check is 3.083177e-06 
Completing Iteration 31 (approx. per word bound = -73.385, relative change = 3.083e-06) 
......................................................................................................
Completed E-Step (15 seconds). 
Completed M-Step (0 seconds). 
calculate log likelihood 
convergence.check is 2.900868e-06 
Completing Iteration 32 (approx. per word bound = -73.385, relative change = 2.901e-06) 
......................................................................................................
Completed E-Step (14 seconds). 
Completed M-Step (0 seconds). 
calculate log likelihood 
convergence.check is 2.743975e-06 
Completing Iteration 33 (approx. per word bound = -73.385, relative change = 2.744e-06) 
......................................................................................................
Completed E-Step (14 seconds). 
Completed M-Step (0 seconds). 
calculate log likelihood 
convergence.check is 2.576091e-06 
Completing Iteration 34 (approx. per word bound = -73.384, relative change = 2.576e-06) 
......................................................................................................
Completed E-Step (14 seconds). 
Completed M-Step (0 seconds). 
calculate log likelihood 
convergence.check is 2.433487e-06 
Completing Iteration 35 (approx. per word bound = -73.384, relative change = 2.433e-06) 
Topic 1: Gene373, Gene851, Gene640, Gene654, Gene200 
 Topic 2: Gene373, Gene480, Gene640, Gene490, Gene654 
 Topic 3: Gene342, Gene792, Gene373, Gene106, Gene480 
 Topic 4: Gene342, Gene373, Gene640, Gene31, Gene588 
 Topic 5: Gene200, Gene654, Gene851, Gene490, Gene434 
......................................................................................................
Completed E-Step (14 seconds). 
Completed M-Step (0 seconds). 
calculate log likelihood 
convergence.check is 2.278919e-06 
Completing Iteration 36 (approx. per word bound = -73.384, relative change = 2.279e-06) 
......................................................................................................
Completed E-Step (15 seconds). 
Completed M-Step (0 seconds). 
calculate log likelihood 
convergence.check is 2.179271e-06 
Completing Iteration 37 (approx. per word bound = -73.384, relative change = 2.179e-06) 
......................................................................................................
Completed E-Step (14 seconds). 
Completed M-Step (0 seconds). 
calculate log likelihood 
convergence.check is 2.012874e-06 
Completing Iteration 38 (approx. per word bound = -73.384, relative change = 2.013e-06) 
......................................................................................................
Completed E-Step (13 seconds). 
Completed M-Step (0 seconds). 
calculate log likelihood 
convergence.check is 1.909963e-06 
Completing Iteration 39 (approx. per word bound = -73.384, relative change = 1.910e-06) 
......................................................................................................
Completed E-Step (14 seconds). 
Completed M-Step (0 seconds). 
calculate log likelihood 
convergence.check is 1.792624e-06 
Completing Iteration 40 (approx. per word bound = -73.384, relative change = 1.793e-06) 
Topic 1: Gene373, Gene851, Gene640, Gene654, Gene200 
 Topic 2: Gene373, Gene480, Gene640, Gene490, Gene654 
 Topic 3: Gene342, Gene792, Gene373, Gene106, Gene480 
 Topic 4: Gene342, Gene373, Gene640, Gene31, Gene490 
 Topic 5: Gene200, Gene851, Gene654, Gene490, Gene792 
......................................................................................................
Completed E-Step (14 seconds). 
Completed M-Step (0 seconds). 
calculate log likelihood 
convergence.check is 1.655882e-06 
Completing Iteration 41 (approx. per word bound = -73.383, relative change = 1.656e-06) 
......................................................................................................
Completed E-Step (13 seconds). 
Completed M-Step (0 seconds). 
calculate log likelihood 
convergence.check is 1.584406e-06 
Completing Iteration 42 (approx. per word bound = -73.383, relative change = 1.584e-06) 
......................................................................................................
Completed E-Step (13 seconds). 
Completed M-Step (0 seconds). 
calculate log likelihood 
convergence.check is 1.482812e-06 
Completing Iteration 43 (approx. per word bound = -73.383, relative change = 1.483e-06) 
......................................................................................................
Completed E-Step (13 seconds). 
Completed M-Step (0 seconds). 
calculate log likelihood 
convergence.check is 1.402264e-06 
Completing Iteration 44 (approx. per word bound = -73.383, relative change = 1.402e-06) 
......................................................................................................
Completed E-Step (13 seconds). 
Completed M-Step (0 seconds). 
calculate log likelihood 
convergence.check is 1.307735e-06 
Completing Iteration 45 (approx. per word bound = -73.383, relative change = 1.308e-06) 
Topic 1: Gene373, Gene851, Gene640, Gene654, Gene200 
 Topic 2: Gene373, Gene480, Gene640, Gene490, Gene654 
 Topic 3: Gene342, Gene792, Gene373, Gene106, Gene480 
 Topic 4: Gene342, Gene373, Gene640, Gene31, Gene490 
 Topic 5: Gene200, Gene851, Gene654, Gene490, Gene792 
......................................................................................................
Completed E-Step (13 seconds). 
Completed M-Step (0 seconds). 
calculate log likelihood 
convergence.check is 1.189316e-06 
Completing Iteration 46 (approx. per word bound = -73.383, relative change = 1.189e-06) 
......................................................................................................
Completed E-Step (13 seconds). 
Completed M-Step (0 seconds). 
calculate log likelihood 
convergence.check is 1.148358e-06 
Completing Iteration 47 (approx. per word bound = -73.383, relative change = 1.148e-06) 
......................................................................................................
Completed E-Step (12 seconds). 
Completed M-Step (0 seconds). 
calculate log likelihood 
convergence.check is 1.064064e-06 
Completing Iteration 48 (approx. per word bound = -73.383, relative change = 1.064e-06) 
......................................................................................................
Completed E-Step (13 seconds). 
Completed M-Step (0 seconds). 
calculate log likelihood 
convergence.check is 1.001045e-06 
Completing Iteration 49 (approx. per word bound = -73.383, relative change = 1.001e-06) 
......................................................................................................
Completed E-Step (13 seconds). 
Completed M-Step (0 seconds). 
calculate log likelihood 
convergence.check is 9.421045e-07 
Model Converged 
3 select model run 
Initialization with topicScore. 
Initializing factors using Topic SCORE algorithm.
Initializing loadings by running 10 SCD updates.
......................................................................................................
Completed E-Step (20 seconds). 
Completed M-Step (0 seconds). 
calculate log likelihood 
Completing Iteration 1 (approx. per word bound = -73.412) 
......................................................................................................
Completed E-Step (23 seconds). 
Completed M-Step (0 seconds). 
calculate log likelihood 
convergence.check is 3.716328e-05 
Completing Iteration 2 (approx. per word bound = -73.409, relative change = 3.716e-05) 
......................................................................................................
Completed E-Step (26 seconds). 
Completed M-Step (0 seconds). 
calculate log likelihood 
convergence.check is 2.665658e-05 
Completing Iteration 3 (approx. per word bound = -73.407, relative change = 2.666e-05) 
......................................................................................................
Completed E-Step (21 seconds). 
Completed M-Step (0 seconds). 
calculate log likelihood 
convergence.check is 2.278914e-05 
Completing Iteration 4 (approx. per word bound = -73.405, relative change = 2.279e-05) 
......................................................................................................
Completed E-Step (21 seconds). 
Completed M-Step (0 seconds). 
calculate log likelihood 
convergence.check is 1.968448e-05 
Completing Iteration 5 (approx. per word bound = -73.404, relative change = 1.968e-05) 
Topic 1: Gene373, Gene640, Gene851, Gene490, Gene654 
 Topic 2: Gene373, Gene480, Gene640, Gene490, Gene654 
 Topic 3: Gene342, Gene792, Gene106, Gene373, Gene480 
 Topic 4: Gene200, Gene434, Gene654, Gene792, Gene851 
 Topic 5: Gene342, Gene373, Gene640, Gene31, Gene588 
......................................................................................................
Completed E-Step (21 seconds). 
Completed M-Step (0 seconds). 
calculate log likelihood 
convergence.check is 1.727042e-05 
Completing Iteration 6 (approx. per word bound = -73.403, relative change = 1.727e-05) 
......................................................................................................
Completed E-Step (20 seconds). 
Completed M-Step (0 seconds). 
calculate log likelihood 
convergence.check is 1.507259e-05 
Completing Iteration 7 (approx. per word bound = -73.402, relative change = 1.507e-05) 
......................................................................................................
Completed E-Step (20 seconds). 
Completed M-Step (0 seconds). 
calculate log likelihood 
convergence.check is 1.344546e-05 
Completing Iteration 8 (approx. per word bound = -73.401, relative change = 1.345e-05) 
......................................................................................................
Completed E-Step (19 seconds). 
Completed M-Step (0 seconds). 
calculate log likelihood 
convergence.check is 1.214276e-05 
Completing Iteration 9 (approx. per word bound = -73.400, relative change = 1.214e-05) 
......................................................................................................
Completed E-Step (19 seconds). 
Completed M-Step (0 seconds). 
calculate log likelihood 
convergence.check is 1.071687e-05 
Completing Iteration 10 (approx. per word bound = -73.399, relative change = 1.072e-05) 
Topic 1: Gene373, Gene640, Gene851, Gene490, Gene654 
 Topic 2: Gene373, Gene480, Gene640, Gene490, Gene654 
 Topic 3: Gene342, Gene792, Gene106, Gene373, Gene480 
 Topic 4: Gene200, Gene434, Gene654, Gene851, Gene792 
 Topic 5: Gene342, Gene373, Gene640, Gene31, Gene588 
......................................................................................................
Completed E-Step (18 seconds). 
Completed M-Step (0 seconds). 
calculate log likelihood 
convergence.check is 1.002947e-05 
Completing Iteration 11 (approx. per word bound = -73.398, relative change = 1.003e-05) 
......................................................................................................
Completed E-Step (18 seconds). 
Completed M-Step (0 seconds). 
calculate log likelihood 
convergence.check is 9.14753e-06 
Completing Iteration 12 (approx. per word bound = -73.397, relative change = 9.148e-06) 
......................................................................................................
Completed E-Step (18 seconds). 
Completed M-Step (0 seconds). 
calculate log likelihood 
convergence.check is 8.475783e-06 
Completing Iteration 13 (approx. per word bound = -73.397, relative change = 8.476e-06) 
......................................................................................................
Completed E-Step (17 seconds). 
Completed M-Step (0 seconds). 
calculate log likelihood 
convergence.check is 7.866195e-06 
Completing Iteration 14 (approx. per word bound = -73.396, relative change = 7.866e-06) 
......................................................................................................
Completed E-Step (17 seconds). 
Completed M-Step (0 seconds). 
calculate log likelihood 
convergence.check is 7.113835e-06 
Completing Iteration 15 (approx. per word bound = -73.396, relative change = 7.114e-06) 
Topic 1: Gene373, Gene640, Gene851, Gene654, Gene490 
 Topic 2: Gene373, Gene480, Gene640, Gene490, Gene654 
 Topic 3: Gene342, Gene792, Gene106, Gene373, Gene851 
 Topic 4: Gene200, Gene434, Gene654, Gene851, Gene792 
 Topic 5: Gene342, Gene373, Gene640, Gene31, Gene588 
......................................................................................................
Completed E-Step (16 seconds). 
Completed M-Step (0 seconds). 
calculate log likelihood 
convergence.check is 6.884465e-06 
Completing Iteration 16 (approx. per word bound = -73.395, relative change = 6.884e-06) 
......................................................................................................
Completed E-Step (16 seconds). 
Completed M-Step (0 seconds). 
calculate log likelihood 
convergence.check is 6.437176e-06 
Completing Iteration 17 (approx. per word bound = -73.395, relative change = 6.437e-06) 
......................................................................................................
Completed E-Step (15 seconds). 
Completed M-Step (0 seconds). 
calculate log likelihood 
convergence.check is 5.884705e-06 
Completing Iteration 18 (approx. per word bound = -73.394, relative change = 5.885e-06) 
......................................................................................................
Completed E-Step (14 seconds). 
Completed M-Step (0 seconds). 
calculate log likelihood 
convergence.check is 5.735956e-06 
Completing Iteration 19 (approx. per word bound = -73.394, relative change = 5.736e-06) 
......................................................................................................
Completed E-Step (15 seconds). 
Completed M-Step (0 seconds). 
calculate log likelihood 
convergence.check is 5.41772e-06 
Completing Iteration 20 (approx. per word bound = -73.394, relative change = 5.418e-06) 
Topic 1: Gene373, Gene640, Gene851, Gene654, Gene490 
 Topic 2: Gene373, Gene480, Gene640, Gene490, Gene654 
 Topic 3: Gene342, Gene792, Gene106, Gene373, Gene851 
 Topic 4: Gene200, Gene434, Gene654, Gene851, Gene792 
 Topic 5: Gene342, Gene373, Gene640, Gene31, Gene588 
......................................................................................................
Completed E-Step (15 seconds). 
Completed M-Step (0 seconds). 
calculate log likelihood 
convergence.check is 5.11385e-06 
Completing Iteration 21 (approx. per word bound = -73.393, relative change = 5.114e-06) 
......................................................................................................
Completed E-Step (14 seconds). 
Completed M-Step (0 seconds). 
calculate log likelihood 
convergence.check is 4.861094e-06 
Completing Iteration 22 (approx. per word bound = -73.393, relative change = 4.861e-06) 
......................................................................................................
Completed E-Step (15 seconds). 
Completed M-Step (0 seconds). 
calculate log likelihood 
convergence.check is 4.593972e-06 
Completing Iteration 23 (approx. per word bound = -73.392, relative change = 4.594e-06) 
......................................................................................................
Completed E-Step (14 seconds). 
Completed M-Step (0 seconds). 
calculate log likelihood 
convergence.check is 4.330816e-06 
Completing Iteration 24 (approx. per word bound = -73.392, relative change = 4.331e-06) 
......................................................................................................
Completed E-Step (15 seconds). 
Completed M-Step (0 seconds). 
calculate log likelihood 
convergence.check is 4.146286e-06 
Completing Iteration 25 (approx. per word bound = -73.392, relative change = 4.146e-06) 
Topic 1: Gene373, Gene640, Gene851, Gene654, Gene490 
 Topic 2: Gene373, Gene480, Gene640, Gene490, Gene654 
 Topic 3: Gene342, Gene792, Gene106, Gene373, Gene851 
 Topic 4: Gene200, Gene654, Gene434, Gene851, Gene792 
 Topic 5: Gene342, Gene373, Gene640, Gene31, Gene588 
......................................................................................................
Completed E-Step (14 seconds). 
Completed M-Step (0 seconds). 
calculate log likelihood 
convergence.check is 3.918717e-06 
Completing Iteration 26 (approx. per word bound = -73.392, relative change = 3.919e-06) 
......................................................................................................
Completed E-Step (14 seconds). 
Completed M-Step (0 seconds). 
calculate log likelihood 
convergence.check is 3.699311e-06 
Completing Iteration 27 (approx. per word bound = -73.391, relative change = 3.699e-06) 
......................................................................................................
Completed E-Step (16 seconds). 
Completed M-Step (0 seconds). 
calculate log likelihood 
convergence.check is 3.536695e-06 
Completing Iteration 28 (approx. per word bound = -73.391, relative change = 3.537e-06) 
......................................................................................................
Completed E-Step (15 seconds). 
Completed M-Step (0 seconds). 
calculate log likelihood 
convergence.check is 3.350343e-06 
Completing Iteration 29 (approx. per word bound = -73.391, relative change = 3.350e-06) 
......................................................................................................
Completed E-Step (14 seconds). 
Completed M-Step (0 seconds). 
calculate log likelihood 
convergence.check is 3.167859e-06 
Completing Iteration 30 (approx. per word bound = -73.391, relative change = 3.168e-06) 
Topic 1: Gene373, Gene640, Gene851, Gene654, Gene490 
 Topic 2: Gene373, Gene480, Gene640, Gene490, Gene654 
 Topic 3: Gene342, Gene792, Gene106, Gene373, Gene851 
 Topic 4: Gene200, Gene654, Gene434, Gene851, Gene792 
 Topic 5: Gene342, Gene373, Gene640, Gene31, Gene588 
......................................................................................................
Completed E-Step (16 seconds). 
Completed M-Step (0 seconds). 
calculate log likelihood 
convergence.check is 3.010135e-06 
Completing Iteration 31 (approx. per word bound = -73.390, relative change = 3.010e-06) 
......................................................................................................
Completed E-Step (15 seconds). 
Completed M-Step (0 seconds). 
calculate log likelihood 
convergence.check is 2.863738e-06 
Completing Iteration 32 (approx. per word bound = -73.390, relative change = 2.864e-06) 
......................................................................................................
Completed E-Step (14 seconds). 
Completed M-Step (0 seconds). 
calculate log likelihood 
convergence.check is 2.700768e-06 
Completing Iteration 33 (approx. per word bound = -73.390, relative change = 2.701e-06) 
......................................................................................................
Completed E-Step (16 seconds). 
Completed M-Step (0 seconds). 
calculate log likelihood 
convergence.check is 2.551185e-06 
Completing Iteration 34 (approx. per word bound = -73.390, relative change = 2.551e-06) 
......................................................................................................
Completed E-Step (16 seconds). 
Completed M-Step (0 seconds). 
calculate log likelihood 
convergence.check is 2.453219e-06 
Completing Iteration 35 (approx. per word bound = -73.390, relative change = 2.453e-06) 
Topic 1: Gene373, Gene640, Gene851, Gene654, Gene490 
 Topic 2: Gene373, Gene640, Gene480, Gene654, Gene490 
 Topic 3: Gene342, Gene792, Gene106, Gene373, Gene851 
 Topic 4: Gene200, Gene654, Gene851, Gene434, Gene792 
 Topic 5: Gene342, Gene373, Gene640, Gene31, Gene490 
......................................................................................................
Completed E-Step (14 seconds). 
Completed M-Step (0 seconds). 
calculate log likelihood 
convergence.check is 2.308478e-06 
Completing Iteration 36 (approx. per word bound = -73.389, relative change = 2.308e-06) 
......................................................................................................
Completed E-Step (15 seconds). 
Completed M-Step (0 seconds). 
calculate log likelihood 
convergence.check is 2.189234e-06 
Completing Iteration 37 (approx. per word bound = -73.389, relative change = 2.189e-06) 
......................................................................................................
Completed E-Step (15 seconds). 
Completed M-Step (0 seconds). 
calculate log likelihood 
convergence.check is 2.103295e-06 
Completing Iteration 38 (approx. per word bound = -73.389, relative change = 2.103e-06) 
......................................................................................................
Completed E-Step (14 seconds). 
Completed M-Step (0 seconds). 
calculate log likelihood 
convergence.check is 1.923991e-06 
Completing Iteration 39 (approx. per word bound = -73.389, relative change = 1.924e-06) 
......................................................................................................
Completed E-Step (15 seconds). 
Completed M-Step (0 seconds). 
calculate log likelihood 
convergence.check is 1.835808e-06 
Completing Iteration 40 (approx. per word bound = -73.389, relative change = 1.836e-06) 
Topic 1: Gene373, Gene640, Gene851, Gene654, Gene490 
 Topic 2: Gene373, Gene640, Gene480, Gene654, Gene490 
 Topic 3: Gene342, Gene792, Gene106, Gene373, Gene851 
 Topic 4: Gene200, Gene851, Gene654, Gene434, Gene792 
 Topic 5: Gene342, Gene373, Gene640, Gene31, Gene490 
......................................................................................................
Completed E-Step (16 seconds). 
Completed M-Step (0 seconds). 
calculate log likelihood 
convergence.check is 1.77245e-06 
Completing Iteration 41 (approx. per word bound = -73.389, relative change = 1.772e-06) 
......................................................................................................
Completed E-Step (14 seconds). 
Completed M-Step (0 seconds). 
calculate log likelihood 
convergence.check is 1.667796e-06 
Completing Iteration 42 (approx. per word bound = -73.389, relative change = 1.668e-06) 
......................................................................................................
Completed E-Step (14 seconds). 
Completed M-Step (0 seconds). 
calculate log likelihood 
convergence.check is 1.609345e-06 
Completing Iteration 43 (approx. per word bound = -73.388, relative change = 1.609e-06) 
......................................................................................................
Completed E-Step (15 seconds). 
Completed M-Step (0 seconds). 
calculate log likelihood 
convergence.check is 1.466179e-06 
Completing Iteration 44 (approx. per word bound = -73.388, relative change = 1.466e-06) 
......................................................................................................
Completed E-Step (14 seconds). 
Completed M-Step (0 seconds). 
calculate log likelihood 
convergence.check is 1.380561e-06 
Completing Iteration 45 (approx. per word bound = -73.388, relative change = 1.381e-06) 
Topic 1: Gene373, Gene640, Gene851, Gene654, Gene342 
 Topic 2: Gene373, Gene640, Gene480, Gene654, Gene490 
 Topic 3: Gene342, Gene792, Gene106, Gene373, Gene851 
 Topic 4: Gene200, Gene851, Gene654, Gene434, Gene792 
 Topic 5: Gene342, Gene373, Gene640, Gene31, Gene490 
......................................................................................................
Completed E-Step (14 seconds). 
Completed M-Step (0 seconds). 
calculate log likelihood 
convergence.check is 1.352341e-06 
Completing Iteration 46 (approx. per word bound = -73.388, relative change = 1.352e-06) 
......................................................................................................
Completed E-Step (14 seconds). 
Completed M-Step (0 seconds). 
calculate log likelihood 
convergence.check is 1.279375e-06 
Completing Iteration 47 (approx. per word bound = -73.388, relative change = 1.279e-06) 
......................................................................................................
Completed E-Step (13 seconds). 
Completed M-Step (0 seconds). 
calculate log likelihood 
convergence.check is 1.230141e-06 
Completing Iteration 48 (approx. per word bound = -73.388, relative change = 1.230e-06) 
......................................................................................................
Completed E-Step (14 seconds). 
Completed M-Step (0 seconds). 
calculate log likelihood 
convergence.check is 1.11081e-06 
Completing Iteration 49 (approx. per word bound = -73.388, relative change = 1.111e-06) 
......................................................................................................
Completed E-Step (14 seconds). 
Completed M-Step (0 seconds). 
calculate log likelihood 
convergence.check is 1.045877e-06 
Completing Iteration 50 (approx. per word bound = -73.388, relative change = 1.046e-06) 
Topic 1: Gene373, Gene640, Gene851, Gene342, Gene654 
 Topic 2: Gene373, Gene640, Gene480, Gene654, Gene490 
 Topic 3: Gene342, Gene792, Gene106, Gene373, Gene851 
 Topic 4: Gene200, Gene851, Gene654, Gene434, Gene792 
 Topic 5: Gene342, Gene373, Gene640, Gene31, Gene490 
......................................................................................................
Completed E-Step (14 seconds). 
Completed M-Step (0 seconds). 
calculate log likelihood 
convergence.check is 1.05362e-06 
Completing Iteration 51 (approx. per word bound = -73.388, relative change = 1.054e-06) 
......................................................................................................
Completed E-Step (13 seconds). 
Completed M-Step (0 seconds). 
calculate log likelihood 
convergence.check is 9.846288e-07 
Model Converged 
