sims_1715955617_neg_L1_c3.rds 
Found 10 batches
Using null model in ComBat-seq.
Adjusting for 0 covariate(s) or covariate level(s)
Estimating dispersions
Fitting the GLM model
Shrinkage off - using GLM estimates for parameters
Adjusting the data
Batch Effect Removed 
        R/alignCorpus.R R/asSTMCorpus.R R/checkBeta.R R/cloud.R
value   ?               ?               ?             ?        
visible FALSE           FALSE           FALSE         FALSE    
        R/CompositionChange.R R/convertCorpus.R R/estimateEffect.R
value   ?                     ?                 ?                 
visible FALSE                 FALSE             FALSE             
        R/estimateMixedEffect.R R/exclusivity.R R/findThoughts.R R/findTopic.R
value   ?                       ?               ?                ?            
visible FALSE                   FALSE           FALSE            FALSE        
        R/fitNewDocuments.R R/heldout.R R/jeffreyskappa.R R/labelTopics.R
value   ?                   ?           ?                 ?              
visible FALSE               FALSE       FALSE             FALSE          
        R/makeDesignMatrix.R R/manyTopics.R R/multiSTM.R R/optimalK.R
value   ?                    ?              ?            ?           
visible FALSE                FALSE          FALSE        FALSE       
        R/permute.R R/plot.estimateEffect.R R/plot.fixedEffect.R
value   ?           ?                       ?                   
visible FALSE       FALSE                   FALSE               
        R/plot.searchK.R R/plot.STM.R R/plotModels.R R/plotQuote.R
value   ?                ?            ?              ?            
visible FALSE            FALSE        FALSE          FALSE        
        R/plotRemoved.R R/plottingutilfns.R R/plotTopicLoess.R
value   ?               ?                   ?                 
visible FALSE           FALSE               FALSE             
        R/prepDocuments.R R/prepsce.R R/produce_cmatrix.R R/RcppExports.R
value   ?                 ?           ?                   ?              
visible FALSE             FALSE       FALSE               FALSE          
        R/readCorpus.R R/residuals.R R/s.R R/sageLabels.R R/scSTM.R
value   ?              ?             ?     ?              ?        
visible FALSE          FALSE         FALSE FALSE          FALSE    
        R/selectModel.R R/semanticCoherence.R R/simBetas.R R/spectral.R
value   ?               ?                     ?            ?           
visible FALSE           FALSE                 FALSE        FALSE       
        R/stm-package.R R/stm.control.R R/STMbound.R R/STMconvergence.R
value   NULL            ?               ?            ?                 
visible TRUE            FALSE           FALSE        FALSE             
        R/STMestep.R R/STMfunctions.R R/STMinit.R R/STMinitLikelihood.R
value   ?            ?                ?           ?                    
visible FALSE        FALSE            FALSE       FALSE                
        R/STMlncpp.R R/STMmnreg.R R/STMmu.R R/STMoptbeta.R R/STMreport.R
value   ?            ?            ?         ?              ?            
visible FALSE        FALSE        FALSE     FALSE          FALSE        
        R/STMsigma.R R/STMsigs.R R/STMsubset.R R/summary.STM.R R/tau.R
value   ?            ?           ?             ?               ?      
visible FALSE        FALSE       FALSE         FALSE           FALSE  
        R/textProcessor.R R/thetaPosterior.R R/toLDAvis.R R/topicCorr.R
value   ?                 ?                  ?            ?            
visible FALSE             FALSE              FALSE        FALSE        
        R/topicLasso.R R/topicQuality.R R/writeLdac.R R/zzz.R
value   ?              ?                ?             ?      
visible FALSE          FALSE            FALSE         FALSE  
Removing 1 of 928 genes (1 of 1242983 tokens) due to frequency 
Your Dataset now has 1991 cells, 927 genes and 1242982 tokens. 
Casting net 
1 models in net 
Initialization with topicScore. 
Initializing factors using Topic SCORE algorithm.
Initializing loadings by running 10 SCD updates.
........................................................................................................
Completed E-Step (5 seconds). 
Completed M-Step (0 seconds). 
calculate log likelihood 
Completing Iteration 1 (approx. per word bound = -605.548) 
........................................................................................................
Completed E-Step (6 seconds). 
Completed M-Step (0 seconds). 
calculate log likelihood 
convergence.check is 0.9500249 
Completing Iteration 2 (approx. per word bound = -30.262, relative change = 9.500e-01) 
........................................................................................................
Completed E-Step (6 seconds). 
Completed M-Step (0 seconds). 
calculate log likelihood 
convergence.check is 0.001240406 
Model Terminated Before Convergence Reached 
2 models in net 
Initialization with topicScore. 
Initializing factors using Topic SCORE algorithm.
Initializing loadings by running 10 SCD updates.
........................................................................................................
Completed E-Step (3 seconds). 
Completed M-Step (0 seconds). 
calculate log likelihood 
Completing Iteration 1 (approx. per word bound = -39.297) 
........................................................................................................
Completed E-Step (7 seconds). 
Completed M-Step (0 seconds). 
calculate log likelihood 
convergence.check is 0.2308696 
Completing Iteration 2 (approx. per word bound = -30.225, relative change = 2.309e-01) 
........................................................................................................
Completed E-Step (7 seconds). 
Completed M-Step (0 seconds). 
calculate log likelihood 
convergence.check is 6.738922e-06 
Model Terminated Before Convergence Reached 
3 models in net 
Initialization with topicScore. 
Initializing factors using Topic SCORE algorithm.
Initializing loadings by running 10 SCD updates.
........................................................................................................
Completed E-Step (5 seconds). 
Completed M-Step (0 seconds). 
calculate log likelihood 
Completing Iteration 1 (approx. per word bound = -39.297) 
........................................................................................................
Completed E-Step (7 seconds). 
Completed M-Step (0 seconds). 
calculate log likelihood 
convergence.check is 0.2308696 
Completing Iteration 2 (approx. per word bound = -30.225, relative change = 2.309e-01) 
........................................................................................................
Completed E-Step (7 seconds). 
Completed M-Step (0 seconds). 
calculate log likelihood 
convergence.check is 6.738928e-06 
Model Terminated Before Convergence Reached 
4 models in net 
Initialization with topicScore. 
Initializing factors using Topic SCORE algorithm.
Initializing loadings by running 10 SCD updates.
........................................................................................................
Completed E-Step (5 seconds). 
Completed M-Step (0 seconds). 
calculate log likelihood 
Completing Iteration 1 (approx. per word bound = -527.529) 
........................................................................................................
Completed E-Step (6 seconds). 
Completed M-Step (0 seconds). 
calculate log likelihood 
convergence.check is 0.9426318 
Completing Iteration 2 (approx. per word bound = -30.263, relative change = 9.426e-01) 
........................................................................................................
Completed E-Step (6 seconds). 
Completed M-Step (0 seconds). 
calculate log likelihood 
convergence.check is 0.001286742 
Model Terminated Before Convergence Reached 
5 models in net 
Initialization with topicScore. 
Initializing factors using Topic SCORE algorithm.
Initializing loadings by running 10 SCD updates.
........................................................................................................
Completed E-Step (3 seconds). 
Completed M-Step (0 seconds). 
calculate log likelihood 
Completing Iteration 1 (approx. per word bound = -39.998) 
........................................................................................................
Completed E-Step (7 seconds). 
Completed M-Step (0 seconds). 
calculate log likelihood 
convergence.check is 0.2443093 
Completing Iteration 2 (approx. per word bound = -30.226, relative change = 2.443e-01) 
........................................................................................................
Completed E-Step (7 seconds). 
Completed M-Step (0 seconds). 
calculate log likelihood 
convergence.check is 8.540177e-06 
Model Terminated Before Convergence Reached 
6 models in net 
Initialization with topicScore. 
Initializing factors using Topic SCORE algorithm.
Initializing loadings by running 10 SCD updates.
........................................................................................................
Completed E-Step (5 seconds). 
Completed M-Step (0 seconds). 
calculate log likelihood 
Completing Iteration 1 (approx. per word bound = -39.297) 
........................................................................................................
Completed E-Step (7 seconds). 
Completed M-Step (0 seconds). 
calculate log likelihood 
convergence.check is 0.2308696 
Completing Iteration 2 (approx. per word bound = -30.225, relative change = 2.309e-01) 
........................................................................................................
Completed E-Step (7 seconds). 
Completed M-Step (0 seconds). 
calculate log likelihood 
convergence.check is 6.738922e-06 
Model Terminated Before Convergence Reached 
7 models in net 
Initialization with topicScore. 
Initializing factors using Topic SCORE algorithm.
Initializing loadings by running 10 SCD updates.
........................................................................................................
Completed E-Step (3 seconds). 
Completed M-Step (0 seconds). 
calculate log likelihood 
Completing Iteration 1 (approx. per word bound = -39.297) 
........................................................................................................
Completed E-Step (7 seconds). 
Completed M-Step (0 seconds). 
calculate log likelihood 
convergence.check is 0.2308696 
Completing Iteration 2 (approx. per word bound = -30.225, relative change = 2.309e-01) 
........................................................................................................
Completed E-Step (7 seconds). 
Completed M-Step (0 seconds). 
calculate log likelihood 
convergence.check is 6.738928e-06 
Model Terminated Before Convergence Reached 
8 models in net 
Initialization with topicScore. 
Initializing factors using Topic SCORE algorithm.
Initializing loadings by running 10 SCD updates.
........................................................................................................
Completed E-Step (4 seconds). 
Completed M-Step (0 seconds). 
calculate log likelihood 
Completing Iteration 1 (approx. per word bound = -39.180) 
........................................................................................................
Completed E-Step (8 seconds). 
Completed M-Step (0 seconds). 
calculate log likelihood 
convergence.check is 0.2285627 
Completing Iteration 2 (approx. per word bound = -30.225, relative change = 2.286e-01) 
........................................................................................................
Completed E-Step (6 seconds). 
Completed M-Step (0 seconds). 
calculate log likelihood 
convergence.check is 8.805675e-06 
Model Terminated Before Convergence Reached 
9 models in net 
Initialization with topicScore. 
Initializing factors using Topic SCORE algorithm.
Initializing loadings by running 10 SCD updates.
........................................................................................................
Completed E-Step (3 seconds). 
Completed M-Step (0 seconds). 
calculate log likelihood 
Completing Iteration 1 (approx. per word bound = -39.297) 
........................................................................................................
Completed E-Step (7 seconds). 
Completed M-Step (0 seconds). 
calculate log likelihood 
convergence.check is 0.2308684 
Completing Iteration 2 (approx. per word bound = -30.225, relative change = 2.309e-01) 
........................................................................................................
Completed E-Step (7 seconds). 
Completed M-Step (0 seconds). 
calculate log likelihood 
convergence.check is 6.73301e-06 
Model Terminated Before Convergence Reached 
10 models in net 
Initialization with topicScore. 
Initializing factors using Topic SCORE algorithm.
Initializing loadings by running 10 SCD updates.
........................................................................................................
Completed E-Step (3 seconds). 
Completed M-Step (0 seconds). 
calculate log likelihood 
Completing Iteration 1 (approx. per word bound = -38.854) 
........................................................................................................
Completed E-Step (7 seconds). 
Completed M-Step (0 seconds). 
calculate log likelihood 
convergence.check is 0.2220794 
Completing Iteration 2 (approx. per word bound = -30.225, relative change = 2.221e-01) 
........................................................................................................
Completed E-Step (7 seconds). 
Completed M-Step (0 seconds). 
calculate log likelihood 
convergence.check is 4.427539e-06 
Model Terminated Before Convergence Reached 
11 models in net 
Initialization with topicScore. 
Initializing factors using Topic SCORE algorithm.
Initializing loadings by running 10 SCD updates.
........................................................................................................
Completed E-Step (7 seconds). 
Completed M-Step (0 seconds). 
calculate log likelihood 
Completing Iteration 1 (approx. per word bound = -640.561) 
........................................................................................................
Completed E-Step (6 seconds). 
Completed M-Step (0 seconds). 
calculate log likelihood 
convergence.check is 0.952774 
Completing Iteration 2 (approx. per word bound = -30.251, relative change = 9.528e-01) 
........................................................................................................
Completed E-Step (6 seconds). 
Completed M-Step (0 seconds). 
calculate log likelihood 
convergence.check is 0.000827198 
Model Terminated Before Convergence Reached 
12 models in net 
Initialization with topicScore. 
Initializing factors using Topic SCORE algorithm.
Initializing loadings by running 10 SCD updates.
........................................................................................................
Completed E-Step (3 seconds). 
Completed M-Step (0 seconds). 
calculate log likelihood 
Completing Iteration 1 (approx. per word bound = -39.180) 
........................................................................................................
Completed E-Step (6 seconds). 
Completed M-Step (0 seconds). 
calculate log likelihood 
convergence.check is 0.2285627 
Completing Iteration 2 (approx. per word bound = -30.225, relative change = 2.286e-01) 
........................................................................................................
Completed E-Step (6 seconds). 
Completed M-Step (0 seconds). 
calculate log likelihood 
convergence.check is 8.805677e-06 
Model Terminated Before Convergence Reached 
13 models in net 
Initialization with topicScore. 
Initializing factors using Topic SCORE algorithm.
Initializing loadings by running 10 SCD updates.
........................................................................................................
Completed E-Step (3 seconds). 
Completed M-Step (0 seconds). 
calculate log likelihood 
Completing Iteration 1 (approx. per word bound = -38.857) 
........................................................................................................
Completed E-Step (7 seconds). 
Completed M-Step (0 seconds). 
calculate log likelihood 
convergence.check is 0.2221418 
Completing Iteration 2 (approx. per word bound = -30.226, relative change = 2.221e-01) 
........................................................................................................
Completed E-Step (7 seconds). 
Completed M-Step (0 seconds). 
calculate log likelihood 
convergence.check is 3.794381e-06 
Model Terminated Before Convergence Reached 
14 models in net 
Initialization with topicScore. 
Initializing factors using Topic SCORE algorithm.
Initializing loadings by running 10 SCD updates.
........................................................................................................
Completed E-Step (5 seconds). 
Completed M-Step (0 seconds). 
calculate log likelihood 
Completing Iteration 1 (approx. per word bound = -39.998) 
........................................................................................................
Completed E-Step (7 seconds). 
Completed M-Step (0 seconds). 
calculate log likelihood 
convergence.check is 0.2443093 
Completing Iteration 2 (approx. per word bound = -30.226, relative change = 2.443e-01) 
........................................................................................................
Completed E-Step (6 seconds). 
Completed M-Step (0 seconds). 
calculate log likelihood 
convergence.check is 8.540177e-06 
Model Terminated Before Convergence Reached 
15 models in net 
Initialization with topicScore. 
Initializing factors using Topic SCORE algorithm.
Initializing loadings by running 10 SCD updates.
........................................................................................................
Completed E-Step (3 seconds). 
Completed M-Step (0 seconds). 
calculate log likelihood 
Completing Iteration 1 (approx. per word bound = -38.854) 
........................................................................................................
Completed E-Step (6 seconds). 
Completed M-Step (0 seconds). 
calculate log likelihood 
convergence.check is 0.2220793 
Completing Iteration 2 (approx. per word bound = -30.225, relative change = 2.221e-01) 
........................................................................................................
Completed E-Step (7 seconds). 
Completed M-Step (0 seconds). 
calculate log likelihood 
convergence.check is 4.42952e-06 
Model Terminated Before Convergence Reached 
16 models in net 
Initialization with topicScore. 
Initializing factors using Topic SCORE algorithm.
Initializing loadings by running 10 SCD updates.
........................................................................................................
Completed E-Step (5 seconds). 
Completed M-Step (0 seconds). 
calculate log likelihood 
Completing Iteration 1 (approx. per word bound = -527.529) 
........................................................................................................
Completed E-Step (6 seconds). 
Completed M-Step (0 seconds). 
calculate log likelihood 
convergence.check is 0.9426318 
Completing Iteration 2 (approx. per word bound = -30.263, relative change = 9.426e-01) 
........................................................................................................
Completed E-Step (6 seconds). 
Completed M-Step (0 seconds). 
calculate log likelihood 
convergence.check is 0.001286742 
Model Terminated Before Convergence Reached 
17 models in net 
Initialization with topicScore. 
Initializing factors using Topic SCORE algorithm.
Initializing loadings by running 10 SCD updates.
........................................................................................................
Completed E-Step (3 seconds). 
Completed M-Step (0 seconds). 
calculate log likelihood 
Completing Iteration 1 (approx. per word bound = -39.297) 
........................................................................................................
Completed E-Step (7 seconds). 
Completed M-Step (0 seconds). 
calculate log likelihood 
convergence.check is 0.2308684 
Completing Iteration 2 (approx. per word bound = -30.225, relative change = 2.309e-01) 
........................................................................................................
Completed E-Step (7 seconds). 
Completed M-Step (0 seconds). 
calculate log likelihood 
convergence.check is 6.73301e-06 
Model Terminated Before Convergence Reached 
18 models in net 
Initialization with topicScore. 
Initializing factors using Topic SCORE algorithm.
Initializing loadings by running 10 SCD updates.
........................................................................................................
Completed E-Step (3 seconds). 
Completed M-Step (0 seconds). 
calculate log likelihood 
Completing Iteration 1 (approx. per word bound = -39.466) 
........................................................................................................
Completed E-Step (7 seconds). 
Completed M-Step (0 seconds). 
calculate log likelihood 
convergence.check is 0.2341509 
Completing Iteration 2 (approx. per word bound = -30.225, relative change = 2.342e-01) 
........................................................................................................
Completed E-Step (7 seconds). 
Completed M-Step (0 seconds). 
calculate log likelihood 
convergence.check is 6.661935e-06 
Model Terminated Before Convergence Reached 
19 models in net 
Initialization with topicScore. 
Initializing factors using Topic SCORE algorithm.
Initializing loadings by running 10 SCD updates.
........................................................................................................
Completed E-Step (3 seconds). 
Completed M-Step (0 seconds). 
calculate log likelihood 
Completing Iteration 1 (approx. per word bound = -39.179) 
........................................................................................................
Completed E-Step (6 seconds). 
Completed M-Step (0 seconds). 
calculate log likelihood 
convergence.check is 0.2285549 
Completing Iteration 2 (approx. per word bound = -30.225, relative change = 2.286e-01) 
........................................................................................................
Completed E-Step (6 seconds). 
Completed M-Step (0 seconds). 
calculate log likelihood 
convergence.check is 8.807535e-06 
Model Terminated Before Convergence Reached 
20 models in net 
Initialization with topicScore. 
Initializing factors using Topic SCORE algorithm.
Initializing loadings by running 10 SCD updates.
........................................................................................................
Completed E-Step (3 seconds). 
Completed M-Step (0 seconds). 
calculate log likelihood 
Completing Iteration 1 (approx. per word bound = -39.297) 
........................................................................................................
Completed E-Step (8 seconds). 
Completed M-Step (0 seconds). 
calculate log likelihood 
convergence.check is 0.2308684 
Completing Iteration 2 (approx. per word bound = -30.225, relative change = 2.309e-01) 
........................................................................................................
Completed E-Step (7 seconds). 
Completed M-Step (0 seconds). 
calculate log likelihood 
convergence.check is 6.733005e-06 
Model Terminated Before Convergence Reached 
21 models in net 
Beginning Spectral Initialization 
	 Calculating the gram matrix...
	 Finding anchor words...
 	...
	 Recovering initialization...
 	.........
Initialization complete.
........................................................................................................
Completed E-Step (12 seconds). 
Completed M-Step (0 seconds). 
calculate log likelihood 
Completing Iteration 1 (approx. per word bound = -50.818) 
........................................................................................................
Completed E-Step (6 seconds). 
Completed M-Step (0 seconds). 
calculate log likelihood 
convergence.check is 0.1187865 
Completing Iteration 2 (approx. per word bound = -44.782, relative change = 1.188e-01) 
........................................................................................................
Completed E-Step (5 seconds). 
Completed M-Step (0 seconds). 
calculate log likelihood 
convergence.check is 0.01441293 
Model Terminated Before Convergence Reached 
22 models in net 
Beginning Random Initialization 
Initialization with Poisson NMF 
........................................................................................................
Completed E-Step (9 seconds). 
Completed M-Step (0 seconds). 
calculate log likelihood 
Completing Iteration 1 (approx. per word bound = -48.145) 
........................................................................................................
Completed E-Step (7 seconds). 
Completed M-Step (0 seconds). 
calculate log likelihood 
convergence.check is 0.3681204 
Completing Iteration 2 (approx. per word bound = -30.422, relative change = 3.681e-01) 
........................................................................................................
Completed E-Step (7 seconds). 
Completed M-Step (0 seconds). 
calculate log likelihood 
convergence.check is 0.002369556 
Model Terminated Before Convergence Reached 
23 models in net 
Beginning Random Initialization 
Initialization with Poisson NMF 
........................................................................................................
Completed E-Step (11 seconds). 
Completed M-Step (0 seconds). 
calculate log likelihood 
Completing Iteration 1 (approx. per word bound = -48.611) 
........................................................................................................
Completed E-Step (6 seconds). 
Completed M-Step (0 seconds). 
calculate log likelihood 
convergence.check is 0.3735382 
Completing Iteration 2 (approx. per word bound = -30.453, relative change = 3.735e-01) 
........................................................................................................
Completed E-Step (7 seconds). 
Completed M-Step (0 seconds). 
calculate log likelihood 
convergence.check is 0.003187 
Model Terminated Before Convergence Reached 
24 models in net 
Beginning Random Initialization 
Initialization with Poisson NMF 
........................................................................................................
Completed E-Step (9 seconds). 
Completed M-Step (0 seconds). 
calculate log likelihood 
Completing Iteration 1 (approx. per word bound = -47.699) 
........................................................................................................
Completed E-Step (7 seconds). 
Completed M-Step (0 seconds). 
calculate log likelihood 
convergence.check is 0.3636808 
Completing Iteration 2 (approx. per word bound = -30.352, relative change = 3.637e-01) 
........................................................................................................
Completed E-Step (9 seconds). 
Completed M-Step (0 seconds). 
calculate log likelihood 
convergence.check is 4.278221e-05 
Model Terminated Before Convergence Reached 
25 models in net 
Beginning Random Initialization 
Initialization with Poisson NMF 
........................................................................................................
Completed E-Step (9 seconds). 
Completed M-Step (0 seconds). 
calculate log likelihood 
Completing Iteration 1 (approx. per word bound = -47.930) 
........................................................................................................
Completed E-Step (7 seconds). 
Completed M-Step (0 seconds). 
calculate log likelihood 
convergence.check is 0.3666853 
Completing Iteration 2 (approx. per word bound = -30.355, relative change = 3.667e-01) 
........................................................................................................
Completed E-Step (7 seconds). 
Completed M-Step (0 seconds). 
calculate log likelihood 
convergence.check is 0.0001066061 
Model Terminated Before Convergence Reached 
26 models in net 
Beginning Random Initialization 
Initialization with Poisson NMF 
........................................................................................................
Completed E-Step (10 seconds). 
Completed M-Step (0 seconds). 
calculate log likelihood 
Completing Iteration 1 (approx. per word bound = -81.718) 
........................................................................................................
Completed E-Step (7 seconds). 
Completed M-Step (0 seconds). 
calculate log likelihood 
convergence.check is 0.6284861 
Completing Iteration 2 (approx. per word bound = -30.360, relative change = 6.285e-01) 
........................................................................................................
Completed E-Step (7 seconds). 
Completed M-Step (0 seconds). 
calculate log likelihood 
convergence.check is 1.414082e-05 
Model Terminated Before Convergence Reached 
27 models in net 
Beginning Random Initialization 
Initialization with Poisson NMF 
........................................................................................................
Completed E-Step (11 seconds). 
Completed M-Step (0 seconds). 
calculate log likelihood 
Completing Iteration 1 (approx. per word bound = -48.138) 
........................................................................................................
Completed E-Step (7 seconds). 
Completed M-Step (0 seconds). 
calculate log likelihood 
convergence.check is 0.3693508 
Completing Iteration 2 (approx. per word bound = -30.358, relative change = 3.694e-01) 
........................................................................................................
Completed E-Step (7 seconds). 
Completed M-Step (0 seconds). 
calculate log likelihood 
convergence.check is 2.577802e-05 
Model Terminated Before Convergence Reached 
28 models in net 
Beginning Random Initialization 
Initialization with Poisson NMF 
........................................................................................................
Completed E-Step (9 seconds). 
Completed M-Step (0 seconds). 
calculate log likelihood 
Completing Iteration 1 (approx. per word bound = -48.100) 
........................................................................................................
Completed E-Step (7 seconds). 
Completed M-Step (0 seconds). 
calculate log likelihood 
convergence.check is 0.3688611 
Completing Iteration 2 (approx. per word bound = -30.358, relative change = 3.689e-01) 
........................................................................................................
Completed E-Step (7 seconds). 
Completed M-Step (0 seconds). 
calculate log likelihood 
convergence.check is 7.495849e-05 
Model Terminated Before Convergence Reached 
29 models in net 
Beginning Random Initialization 
Initialization with Poisson NMF 
........................................................................................................
Completed E-Step (10 seconds). 
Completed M-Step (0 seconds). 
calculate log likelihood 
Completing Iteration 1 (approx. per word bound = -49.060) 
........................................................................................................
Completed E-Step (7 seconds). 
Completed M-Step (0 seconds). 
calculate log likelihood 
convergence.check is 0.3801825 
Completing Iteration 2 (approx. per word bound = -30.408, relative change = 3.802e-01) 
........................................................................................................
Completed E-Step (7 seconds). 
Completed M-Step (0 seconds). 
calculate log likelihood 
convergence.check is 0.00189319 
Model Terminated Before Convergence Reached 
30 models in net 
Beginning Random Initialization 
Initialization with Poisson NMF 
........................................................................................................
Completed E-Step (13 seconds). 
Completed M-Step (0 seconds). 
calculate log likelihood 
Completing Iteration 1 (approx. per word bound = -89.207) 
........................................................................................................
Completed E-Step (7 seconds). 
Completed M-Step (0 seconds). 
calculate log likelihood 
convergence.check is 0.6596422 
Completing Iteration 2 (approx. per word bound = -30.362, relative change = 6.596e-01) 
........................................................................................................
Completed E-Step (7 seconds). 
Completed M-Step (0 seconds). 
calculate log likelihood 
convergence.check is 0.0003504366 
Model Terminated Before Convergence Reached 
31 models in net 
Beginning Random Initialization 
Initialization with Poisson NMF 
........................................................................................................
Completed E-Step (9 seconds). 
Completed M-Step (0 seconds). 
calculate log likelihood 
Completing Iteration 1 (approx. per word bound = -47.983) 
........................................................................................................
Completed E-Step (7 seconds). 
Completed M-Step (0 seconds). 
calculate log likelihood 
convergence.check is 0.3673101 
Completing Iteration 2 (approx. per word bound = -30.358, relative change = 3.673e-01) 
........................................................................................................
Completed E-Step (7 seconds). 
Completed M-Step (0 seconds). 
calculate log likelihood 
convergence.check is 0.0001411498 
Model Terminated Before Convergence Reached 
32 models in net 
Beginning Random Initialization 
Initialization with Poisson NMF 
........................................................................................................
Completed E-Step (9 seconds). 
Completed M-Step (0 seconds). 
calculate log likelihood 
Completing Iteration 1 (approx. per word bound = -47.629) 
........................................................................................................
Completed E-Step (7 seconds). 
Completed M-Step (0 seconds). 
calculate log likelihood 
convergence.check is 0.3626258 
Completing Iteration 2 (approx. per word bound = -30.357, relative change = 3.626e-01) 
........................................................................................................
Completed E-Step (7 seconds). 
Completed M-Step (0 seconds). 
calculate log likelihood 
convergence.check is 6.119617e-05 
Model Terminated Before Convergence Reached 
33 models in net 
Beginning Random Initialization 
Initialization with Poisson NMF 
........................................................................................................
Completed E-Step (11 seconds). 
Completed M-Step (0 seconds). 
calculate log likelihood 
Completing Iteration 1 (approx. per word bound = -48.895) 
........................................................................................................
Completed E-Step (7 seconds). 
Completed M-Step (0 seconds). 
calculate log likelihood 
convergence.check is 0.3706812 
Completing Iteration 2 (approx. per word bound = -30.771, relative change = 3.707e-01) 
........................................................................................................
Completed E-Step (7 seconds). 
Completed M-Step (0 seconds). 
calculate log likelihood 
convergence.check is 0.01359188 
Model Terminated Before Convergence Reached 
34 models in net 
Beginning Random Initialization 
Initialization with Poisson NMF 
........................................................................................................
Completed E-Step (9 seconds). 
Completed M-Step (0 seconds). 
calculate log likelihood 
Completing Iteration 1 (approx. per word bound = -49.750) 
........................................................................................................
Completed E-Step (9 seconds). 
Completed M-Step (0 seconds). 
calculate log likelihood 
convergence.check is 0.3868198 
Completing Iteration 2 (approx. per word bound = -30.506, relative change = 3.868e-01) 
........................................................................................................
Completed E-Step (7 seconds). 
Completed M-Step (0 seconds). 
calculate log likelihood 
convergence.check is 0.005107077 
Model Terminated Before Convergence Reached 
35 models in net 
Beginning Random Initialization 
Initialization with Poisson NMF 
........................................................................................................
Completed E-Step (9 seconds). 
Completed M-Step (0 seconds). 
calculate log likelihood 
Completing Iteration 1 (approx. per word bound = -48.000) 
........................................................................................................
Completed E-Step (7 seconds). 
Completed M-Step (0 seconds). 
calculate log likelihood 
convergence.check is 0.3675953 
Completing Iteration 2 (approx. per word bound = -30.355, relative change = 3.676e-01) 
........................................................................................................
Completed E-Step (7 seconds). 
Completed M-Step (0 seconds). 
calculate log likelihood 
convergence.check is 7.817632e-05 
Model Terminated Before Convergence Reached 
36 models in net 
Beginning Random Initialization 
Initialization with Poisson NMF 
........................................................................................................
Completed E-Step (10 seconds). 
Completed M-Step (0 seconds). 
calculate log likelihood 
Completing Iteration 1 (approx. per word bound = -47.893) 
........................................................................................................
Completed E-Step (7 seconds). 
Completed M-Step (0 seconds). 
calculate log likelihood 
convergence.check is 0.3661029 
Completing Iteration 2 (approx. per word bound = -30.359, relative change = 3.661e-01) 
........................................................................................................
Completed E-Step (7 seconds). 
Completed M-Step (0 seconds). 
calculate log likelihood 
convergence.check is 0.0001919581 
Model Terminated Before Convergence Reached 
37 models in net 
Beginning Random Initialization 
Initialization with Poisson NMF 
........................................................................................................
Completed E-Step (11 seconds). 
Completed M-Step (0 seconds). 
calculate log likelihood 
Completing Iteration 1 (approx. per word bound = -48.731) 
........................................................................................................
Completed E-Step (7 seconds). 
Completed M-Step (0 seconds). 
calculate log likelihood 
convergence.check is 0.3770543 
Completing Iteration 2 (approx. per word bound = -30.357, relative change = 3.771e-01) 
........................................................................................................
Completed E-Step (7 seconds). 
Completed M-Step (0 seconds). 
calculate log likelihood 
convergence.check is 9.04316e-05 
Model Terminated Before Convergence Reached 
38 models in net 
Beginning Random Initialization 
Initialization with Poisson NMF 
........................................................................................................
Completed E-Step (10 seconds). 
Completed M-Step (0 seconds). 
calculate log likelihood 
Completing Iteration 1 (approx. per word bound = -49.236) 
........................................................................................................
Completed E-Step (7 seconds). 
Completed M-Step (0 seconds). 
calculate log likelihood 
convergence.check is 0.38092 
Completing Iteration 2 (approx. per word bound = -30.481, relative change = 3.809e-01) 
........................................................................................................
Completed E-Step (7 seconds). 
Completed M-Step (0 seconds). 
calculate log likelihood 
convergence.check is 0.004063255 
Model Terminated Before Convergence Reached 
39 models in net 
Beginning Random Initialization 
Initialization with Poisson NMF 
........................................................................................................
Completed E-Step (10 seconds). 
Completed M-Step (0 seconds). 
calculate log likelihood 
Completing Iteration 1 (approx. per word bound = -48.372) 
........................................................................................................
Completed E-Step (7 seconds). 
Completed M-Step (0 seconds). 
calculate log likelihood 
convergence.check is 0.3724247 
Completing Iteration 2 (approx. per word bound = -30.357, relative change = 3.724e-01) 
........................................................................................................
Completed E-Step (7 seconds). 
Completed M-Step (0 seconds). 
calculate log likelihood 
convergence.check is 5.782367e-05 
Model Terminated Before Convergence Reached 
40 models in net 
Beginning Random Initialization 
Initialization with Poisson NMF 
........................................................................................................
Completed E-Step (11 seconds). 
Completed M-Step (0 seconds). 
calculate log likelihood 
Completing Iteration 1 (approx. per word bound = -48.417) 
........................................................................................................
Completed E-Step (6 seconds). 
Completed M-Step (0 seconds). 
calculate log likelihood 
convergence.check is 0.3721695 
Completing Iteration 2 (approx. per word bound = -30.398, relative change = 3.722e-01) 
........................................................................................................
Completed E-Step (6 seconds). 
Completed M-Step (0 seconds). 
calculate log likelihood 
convergence.check is 0.001612177 
Model Terminated Before Convergence Reached 
41 models in net 
Beginning Random Initialization 
Initialization with Poisson NMF 
........................................................................................................
Completed E-Step (9 seconds). 
Completed M-Step (0 seconds). 
calculate log likelihood 
Completing Iteration 1 (approx. per word bound = -50.860) 
........................................................................................................
Completed E-Step (7 seconds). 
Completed M-Step (0 seconds). 
calculate log likelihood 
convergence.check is 0.4033296 
Completing Iteration 2 (approx. per word bound = -30.347, relative change = 4.033e-01) 
........................................................................................................
Completed E-Step (6 seconds). 
Completed M-Step (0 seconds). 
calculate log likelihood 
convergence.check is 0.0001270784 
Model Terminated Before Convergence Reached 
Running select models 
1 select model run 
Initialization with topicScore. 
Initializing factors using Topic SCORE algorithm.
Initializing loadings by running 10 SCD updates.
........................................................................................................
Completed E-Step (3 seconds). 
Completed M-Step (0 seconds). 
calculate log likelihood 
Completing Iteration 1 (approx. per word bound = -39.179) 
........................................................................................................
Completed E-Step (6 seconds). 
Completed M-Step (0 seconds). 
calculate log likelihood 
convergence.check is 0.2285549 
Completing Iteration 2 (approx. per word bound = -30.225, relative change = 2.286e-01) 
........................................................................................................
Completed E-Step (6 seconds). 
Completed M-Step (0 seconds). 
calculate log likelihood 
convergence.check is 8.807535e-06 
Completing Iteration 3 (approx. per word bound = -30.224, relative change = 8.808e-06) 
........................................................................................................
Completed E-Step (6 seconds). 
Completed M-Step (0 seconds). 
calculate log likelihood 
convergence.check is 3.842267e-06 
Completing Iteration 4 (approx. per word bound = -30.224, relative change = 3.842e-06) 
........................................................................................................
Completed E-Step (6 seconds). 
Completed M-Step (0 seconds). 
calculate log likelihood 
convergence.check is 3.254418e-06 
Completing Iteration 5 (approx. per word bound = -30.224, relative change = 3.254e-06) 
Topic 1: Gene518, Gene1791, Gene1262, Gene1461, Gene279 
 Topic 2: Gene1349, Gene168, Gene1654, Gene649, Gene90 
 Topic 3: Gene713, Gene1262, Gene1461, Gene969, Gene1167 
........................................................................................................
Completed E-Step (6 seconds). 
Completed M-Step (0 seconds). 
calculate log likelihood 
convergence.check is 2.789658e-06 
Completing Iteration 6 (approx. per word bound = -30.224, relative change = 2.790e-06) 
........................................................................................................
Completed E-Step (6 seconds). 
Completed M-Step (0 seconds). 
calculate log likelihood 
convergence.check is 2.402874e-06 
Completing Iteration 7 (approx. per word bound = -30.224, relative change = 2.403e-06) 
........................................................................................................
Completed E-Step (7 seconds). 
Completed M-Step (0 seconds). 
calculate log likelihood 
convergence.check is 2.116994e-06 
Completing Iteration 8 (approx. per word bound = -30.224, relative change = 2.117e-06) 
........................................................................................................
Completed E-Step (5 seconds). 
Completed M-Step (0 seconds). 
calculate log likelihood 
convergence.check is 1.851064e-06 
Completing Iteration 9 (approx. per word bound = -30.224, relative change = 1.851e-06) 
........................................................................................................
Completed E-Step (5 seconds). 
Completed M-Step (0 seconds). 
calculate log likelihood 
convergence.check is 1.654653e-06 
Completing Iteration 10 (approx. per word bound = -30.224, relative change = 1.655e-06) 
Topic 1: Gene518, Gene1791, Gene1262, Gene1461, Gene279 
 Topic 2: Gene1349, Gene168, Gene1654, Gene649, Gene90 
 Topic 3: Gene713, Gene1262, Gene1461, Gene969, Gene1167 
........................................................................................................
Completed E-Step (5 seconds). 
Completed M-Step (0 seconds). 
calculate log likelihood 
convergence.check is 1.490666e-06 
Completing Iteration 11 (approx. per word bound = -30.224, relative change = 1.491e-06) 
........................................................................................................
Completed E-Step (5 seconds). 
Completed M-Step (0 seconds). 
calculate log likelihood 
convergence.check is 1.353612e-06 
Completing Iteration 12 (approx. per word bound = -30.224, relative change = 1.354e-06) 
........................................................................................................
Completed E-Step (5 seconds). 
Completed M-Step (0 seconds). 
calculate log likelihood 
convergence.check is 1.239221e-06 
Completing Iteration 13 (approx. per word bound = -30.224, relative change = 1.239e-06) 
........................................................................................................
Completed E-Step (5 seconds). 
Completed M-Step (0 seconds). 
calculate log likelihood 
convergence.check is 1.140266e-06 
Completing Iteration 14 (approx. per word bound = -30.224, relative change = 1.140e-06) 
........................................................................................................
Completed E-Step (5 seconds). 
Completed M-Step (0 seconds). 
calculate log likelihood 
convergence.check is 1.055293e-06 
Completing Iteration 15 (approx. per word bound = -30.224, relative change = 1.055e-06) 
Topic 1: Gene518, Gene1791, Gene1262, Gene1461, Gene279 
 Topic 2: Gene1349, Gene168, Gene1654, Gene649, Gene90 
 Topic 3: Gene713, Gene1262, Gene1461, Gene969, Gene1167 
........................................................................................................
Completed E-Step (4 seconds). 
Completed M-Step (0 seconds). 
calculate log likelihood 
convergence.check is 9.846102e-07 
Model Converged 
2 select model run 
Initialization with topicScore. 
Initializing factors using Topic SCORE algorithm.
Initializing loadings by running 10 SCD updates.
........................................................................................................
Completed E-Step (3 seconds). 
Completed M-Step (0 seconds). 
calculate log likelihood 
Completing Iteration 1 (approx. per word bound = -39.180) 
........................................................................................................
Completed E-Step (6 seconds). 
Completed M-Step (0 seconds). 
calculate log likelihood 
convergence.check is 0.2285627 
Completing Iteration 2 (approx. per word bound = -30.225, relative change = 2.286e-01) 
........................................................................................................
Completed E-Step (6 seconds). 
Completed M-Step (0 seconds). 
calculate log likelihood 
convergence.check is 8.805677e-06 
Completing Iteration 3 (approx. per word bound = -30.224, relative change = 8.806e-06) 
........................................................................................................
Completed E-Step (7 seconds). 
Completed M-Step (0 seconds). 
calculate log likelihood 
convergence.check is 3.843694e-06 
Completing Iteration 4 (approx. per word bound = -30.224, relative change = 3.844e-06) 
........................................................................................................
Completed E-Step (6 seconds). 
Completed M-Step (0 seconds). 
calculate log likelihood 
convergence.check is 3.25616e-06 
Completing Iteration 5 (approx. per word bound = -30.224, relative change = 3.256e-06) 
Topic 1: Gene1349, Gene168, Gene1654, Gene649, Gene90 
 Topic 2: Gene518, Gene1791, Gene1262, Gene1461, Gene279 
 Topic 3: Gene713, Gene1262, Gene1461, Gene969, Gene1167 
........................................................................................................
Completed E-Step (6 seconds). 
Completed M-Step (0 seconds). 
calculate log likelihood 
convergence.check is 2.790379e-06 
Completing Iteration 6 (approx. per word bound = -30.224, relative change = 2.790e-06) 
........................................................................................................
Completed E-Step (6 seconds). 
Completed M-Step (0 seconds). 
calculate log likelihood 
convergence.check is 2.403437e-06 
Completing Iteration 7 (approx. per word bound = -30.224, relative change = 2.403e-06) 
........................................................................................................
Completed E-Step (6 seconds). 
Completed M-Step (0 seconds). 
calculate log likelihood 
convergence.check is 2.117273e-06 
Completing Iteration 8 (approx. per word bound = -30.224, relative change = 2.117e-06) 
........................................................................................................
Completed E-Step (6 seconds). 
Completed M-Step (0 seconds). 
calculate log likelihood 
convergence.check is 1.851599e-06 
Completing Iteration 9 (approx. per word bound = -30.224, relative change = 1.852e-06) 
........................................................................................................
Completed E-Step (5 seconds). 
Completed M-Step (0 seconds). 
calculate log likelihood 
convergence.check is 1.654785e-06 
Completing Iteration 10 (approx. per word bound = -30.224, relative change = 1.655e-06) 
Topic 1: Gene1349, Gene168, Gene1654, Gene649, Gene90 
 Topic 2: Gene518, Gene1791, Gene1262, Gene1461, Gene279 
 Topic 3: Gene713, Gene1262, Gene1461, Gene969, Gene1167 
........................................................................................................
Completed E-Step (5 seconds). 
Completed M-Step (0 seconds). 
calculate log likelihood 
convergence.check is 1.491405e-06 
Completing Iteration 11 (approx. per word bound = -30.224, relative change = 1.491e-06) 
........................................................................................................
Completed E-Step (5 seconds). 
Completed M-Step (0 seconds). 
calculate log likelihood 
convergence.check is 1.353653e-06 
Completing Iteration 12 (approx. per word bound = -30.224, relative change = 1.354e-06) 
........................................................................................................
Completed E-Step (5 seconds). 
Completed M-Step (0 seconds). 
calculate log likelihood 
convergence.check is 1.239885e-06 
Completing Iteration 13 (approx. per word bound = -30.224, relative change = 1.240e-06) 
........................................................................................................
Completed E-Step (5 seconds). 
Completed M-Step (0 seconds). 
calculate log likelihood 
convergence.check is 1.13948e-06 
Completing Iteration 14 (approx. per word bound = -30.224, relative change = 1.139e-06) 
........................................................................................................
Completed E-Step (5 seconds). 
Completed M-Step (0 seconds). 
calculate log likelihood 
convergence.check is 1.055794e-06 
Completing Iteration 15 (approx. per word bound = -30.224, relative change = 1.056e-06) 
Topic 1: Gene1349, Gene168, Gene1654, Gene649, Gene90 
 Topic 2: Gene518, Gene1791, Gene1262, Gene1461, Gene279 
 Topic 3: Gene713, Gene1262, Gene1461, Gene969, Gene1167 
........................................................................................................
Completed E-Step (5 seconds). 
Completed M-Step (0 seconds). 
calculate log likelihood 
convergence.check is 9.841204e-07 
Model Converged 
3 select model run 
Initialization with topicScore. 
Initializing factors using Topic SCORE algorithm.
Initializing loadings by running 10 SCD updates.
........................................................................................................
Completed E-Step (4 seconds). 
Completed M-Step (0 seconds). 
calculate log likelihood 
Completing Iteration 1 (approx. per word bound = -39.180) 
........................................................................................................
Completed E-Step (7 seconds). 
Completed M-Step (0 seconds). 
calculate log likelihood 
convergence.check is 0.2285627 
Completing Iteration 2 (approx. per word bound = -30.225, relative change = 2.286e-01) 
........................................................................................................
Completed E-Step (7 seconds). 
Completed M-Step (0 seconds). 
calculate log likelihood 
convergence.check is 8.805675e-06 
Completing Iteration 3 (approx. per word bound = -30.224, relative change = 8.806e-06) 
........................................................................................................
Completed E-Step (7 seconds). 
Completed M-Step (0 seconds). 
calculate log likelihood 
convergence.check is 3.843696e-06 
Completing Iteration 4 (approx. per word bound = -30.224, relative change = 3.844e-06) 
........................................................................................................
Completed E-Step (7 seconds). 
Completed M-Step (0 seconds). 
calculate log likelihood 
convergence.check is 3.256157e-06 
Completing Iteration 5 (approx. per word bound = -30.224, relative change = 3.256e-06) 
Topic 1: Gene1349, Gene168, Gene1654, Gene649, Gene90 
 Topic 2: Gene518, Gene1791, Gene1262, Gene1461, Gene279 
 Topic 3: Gene713, Gene1262, Gene1461, Gene969, Gene1167 
........................................................................................................
Completed E-Step (6 seconds). 
Completed M-Step (0 seconds). 
calculate log likelihood 
convergence.check is 2.790382e-06 
Completing Iteration 6 (approx. per word bound = -30.224, relative change = 2.790e-06) 
........................................................................................................
Completed E-Step (6 seconds). 
Completed M-Step (0 seconds). 
calculate log likelihood 
convergence.check is 2.403436e-06 
Completing Iteration 7 (approx. per word bound = -30.224, relative change = 2.403e-06) 
........................................................................................................
Completed E-Step (6 seconds). 
Completed M-Step (0 seconds). 
calculate log likelihood 
convergence.check is 2.117273e-06 
Completing Iteration 8 (approx. per word bound = -30.224, relative change = 2.117e-06) 
........................................................................................................
Completed E-Step (6 seconds). 
Completed M-Step (0 seconds). 
calculate log likelihood 
convergence.check is 1.851599e-06 
Completing Iteration 9 (approx. per word bound = -30.224, relative change = 1.852e-06) 
........................................................................................................
Completed E-Step (6 seconds). 
Completed M-Step (0 seconds). 
calculate log likelihood 
convergence.check is 1.65478e-06 
Completing Iteration 10 (approx. per word bound = -30.224, relative change = 1.655e-06) 
Topic 1: Gene1349, Gene168, Gene1654, Gene649, Gene90 
 Topic 2: Gene518, Gene1791, Gene1262, Gene1461, Gene279 
 Topic 3: Gene713, Gene1262, Gene1461, Gene969, Gene1167 
........................................................................................................
Completed E-Step (6 seconds). 
Completed M-Step (0 seconds). 
calculate log likelihood 
convergence.check is 1.491411e-06 
Completing Iteration 11 (approx. per word bound = -30.224, relative change = 1.491e-06) 
........................................................................................................
Completed E-Step (6 seconds). 
Completed M-Step (0 seconds). 
calculate log likelihood 
convergence.check is 1.353654e-06 
Completing Iteration 12 (approx. per word bound = -30.224, relative change = 1.354e-06) 
........................................................................................................
Completed E-Step (5 seconds). 
Completed M-Step (0 seconds). 
calculate log likelihood 
convergence.check is 1.239948e-06 
Completing Iteration 13 (approx. per word bound = -30.224, relative change = 1.240e-06) 
........................................................................................................
Completed E-Step (5 seconds). 
Completed M-Step (0 seconds). 
calculate log likelihood 
convergence.check is 1.139496e-06 
Completing Iteration 14 (approx. per word bound = -30.224, relative change = 1.139e-06) 
........................................................................................................
Completed E-Step (5 seconds). 
Completed M-Step (0 seconds). 
calculate log likelihood 
convergence.check is 1.055846e-06 
Completing Iteration 15 (approx. per word bound = -30.224, relative change = 1.056e-06) 
Topic 1: Gene1349, Gene168, Gene1654, Gene649, Gene90 
 Topic 2: Gene518, Gene1791, Gene1262, Gene1461, Gene279 
 Topic 3: Gene713, Gene1262, Gene1461, Gene969, Gene1167 
........................................................................................................
Completed E-Step (5 seconds). 
Completed M-Step (0 seconds). 
calculate log likelihood 
convergence.check is 9.84125e-07 
Model Converged 
4 select model run 
Initialization with topicScore. 
Initializing factors using Topic SCORE algorithm.
Initializing loadings by running 10 SCD updates.
........................................................................................................
Completed E-Step (4 seconds). 
Completed M-Step (0 seconds). 
calculate log likelihood 
Completing Iteration 1 (approx. per word bound = -39.297) 
........................................................................................................
Completed E-Step (7 seconds). 
Completed M-Step (0 seconds). 
calculate log likelihood 
convergence.check is 0.2308696 
Completing Iteration 2 (approx. per word bound = -30.225, relative change = 2.309e-01) 
........................................................................................................
Completed E-Step (7 seconds). 
Completed M-Step (0 seconds). 
calculate log likelihood 
convergence.check is 6.738928e-06 
Completing Iteration 3 (approx. per word bound = -30.224, relative change = 6.739e-06) 
........................................................................................................
Completed E-Step (7 seconds). 
Completed M-Step (0 seconds). 
calculate log likelihood 
convergence.check is 3.48098e-06 
Completing Iteration 4 (approx. per word bound = -30.224, relative change = 3.481e-06) 
........................................................................................................
Completed E-Step (7 seconds). 
Completed M-Step (0 seconds). 
calculate log likelihood 
convergence.check is 2.974158e-06 
Completing Iteration 5 (approx. per word bound = -30.224, relative change = 2.974e-06) 
Topic 1: Gene713, Gene1262, Gene1461, Gene969, Gene1167 
 Topic 2: Gene518, Gene1791, Gene1262, Gene1461, Gene279 
 Topic 3: Gene1349, Gene168, Gene1654, Gene649, Gene90 
........................................................................................................
Completed E-Step (6 seconds). 
Completed M-Step (0 seconds). 
calculate log likelihood 
convergence.check is 2.553173e-06 
Completing Iteration 6 (approx. per word bound = -30.224, relative change = 2.553e-06) 
........................................................................................................
Completed E-Step (6 seconds). 
Completed M-Step (0 seconds). 
calculate log likelihood 
convergence.check is 2.262275e-06 
Completing Iteration 7 (approx. per word bound = -30.224, relative change = 2.262e-06) 
........................................................................................................
Completed E-Step (6 seconds). 
Completed M-Step (0 seconds). 
calculate log likelihood 
convergence.check is 1.995382e-06 
Completing Iteration 8 (approx. per word bound = -30.224, relative change = 1.995e-06) 
........................................................................................................
Completed E-Step (5 seconds). 
Completed M-Step (0 seconds). 
calculate log likelihood 
convergence.check is 1.807389e-06 
Completing Iteration 9 (approx. per word bound = -30.224, relative change = 1.807e-06) 
........................................................................................................
Completed E-Step (6 seconds). 
Completed M-Step (0 seconds). 
calculate log likelihood 
convergence.check is 1.652801e-06 
Completing Iteration 10 (approx. per word bound = -30.224, relative change = 1.653e-06) 
Topic 1: Gene713, Gene1262, Gene1461, Gene969, Gene1167 
 Topic 2: Gene518, Gene1791, Gene1262, Gene1461, Gene279 
 Topic 3: Gene1349, Gene168, Gene1654, Gene649, Gene90 
........................................................................................................
Completed E-Step (5 seconds). 
Completed M-Step (0 seconds). 
calculate log likelihood 
convergence.check is 1.463727e-06 
Completing Iteration 11 (approx. per word bound = -30.224, relative change = 1.464e-06) 
........................................................................................................
Completed E-Step (5 seconds). 
Completed M-Step (0 seconds). 
calculate log likelihood 
convergence.check is 1.410157e-06 
Completing Iteration 12 (approx. per word bound = -30.224, relative change = 1.410e-06) 
........................................................................................................
Completed E-Step (5 seconds). 
Completed M-Step (0 seconds). 
calculate log likelihood 
convergence.check is 1.306972e-06 
Completing Iteration 13 (approx. per word bound = -30.224, relative change = 1.307e-06) 
........................................................................................................
Completed E-Step (5 seconds). 
Completed M-Step (0 seconds). 
calculate log likelihood 
convergence.check is 1.167535e-06 
Completing Iteration 14 (approx. per word bound = -30.224, relative change = 1.168e-06) 
........................................................................................................
Completed E-Step (4 seconds). 
Completed M-Step (0 seconds). 
calculate log likelihood 
convergence.check is 1.154802e-06 
Completing Iteration 15 (approx. per word bound = -30.224, relative change = 1.155e-06) 
Topic 1: Gene713, Gene1262, Gene1461, Gene969, Gene1167 
 Topic 2: Gene518, Gene1791, Gene1262, Gene1461, Gene279 
 Topic 3: Gene1349, Gene168, Gene1654, Gene649, Gene90 
........................................................................................................
Completed E-Step (5 seconds). 
Completed M-Step (0 seconds). 
calculate log likelihood 
convergence.check is 1.080561e-06 
Completing Iteration 16 (approx. per word bound = -30.224, relative change = 1.081e-06) 
........................................................................................................
Completed E-Step (4 seconds). 
Completed M-Step (0 seconds). 
calculate log likelihood 
convergence.check is 9.720011e-07 
Model Converged 
5 select model run 
Initialization with topicScore. 
Initializing factors using Topic SCORE algorithm.
Initializing loadings by running 10 SCD updates.
........................................................................................................
Completed E-Step (4 seconds). 
Completed M-Step (0 seconds). 
calculate log likelihood 
Completing Iteration 1 (approx. per word bound = -39.297) 
........................................................................................................
Completed E-Step (8 seconds). 
Completed M-Step (0 seconds). 
calculate log likelihood 
convergence.check is 0.2308696 
Completing Iteration 2 (approx. per word bound = -30.225, relative change = 2.309e-01) 
........................................................................................................
Completed E-Step (7 seconds). 
Completed M-Step (0 seconds). 
calculate log likelihood 
convergence.check is 6.738928e-06 
Completing Iteration 3 (approx. per word bound = -30.224, relative change = 6.739e-06) 
........................................................................................................
Completed E-Step (8 seconds). 
Completed M-Step (0 seconds). 
calculate log likelihood 
convergence.check is 3.48098e-06 
Completing Iteration 4 (approx. per word bound = -30.224, relative change = 3.481e-06) 
........................................................................................................
Completed E-Step (7 seconds). 
Completed M-Step (0 seconds). 
calculate log likelihood 
convergence.check is 2.974201e-06 
Completing Iteration 5 (approx. per word bound = -30.224, relative change = 2.974e-06) 
Topic 1: Gene713, Gene1262, Gene1461, Gene969, Gene1167 
 Topic 2: Gene518, Gene1791, Gene1262, Gene1461, Gene279 
 Topic 3: Gene1349, Gene168, Gene1654, Gene649, Gene90 
........................................................................................................
Completed E-Step (7 seconds). 
Completed M-Step (0 seconds). 
calculate log likelihood 
convergence.check is 2.552998e-06 
Completing Iteration 6 (approx. per word bound = -30.224, relative change = 2.553e-06) 
........................................................................................................
Completed E-Step (6 seconds). 
Completed M-Step (0 seconds). 
calculate log likelihood 
convergence.check is 2.262301e-06 
Completing Iteration 7 (approx. per word bound = -30.224, relative change = 2.262e-06) 
........................................................................................................
Completed E-Step (6 seconds). 
Completed M-Step (0 seconds). 
calculate log likelihood 
convergence.check is 1.996e-06 
Completing Iteration 8 (approx. per word bound = -30.224, relative change = 1.996e-06) 
........................................................................................................
Completed E-Step (6 seconds). 
Completed M-Step (0 seconds). 
calculate log likelihood 
convergence.check is 1.80719e-06 
Completing Iteration 9 (approx. per word bound = -30.224, relative change = 1.807e-06) 
........................................................................................................
Completed E-Step (6 seconds). 
Completed M-Step (0 seconds). 
calculate log likelihood 
convergence.check is 1.653279e-06 
Completing Iteration 10 (approx. per word bound = -30.224, relative change = 1.653e-06) 
Topic 1: Gene713, Gene1262, Gene1461, Gene969, Gene1167 
 Topic 2: Gene518, Gene1791, Gene1262, Gene1461, Gene279 
 Topic 3: Gene1349, Gene168, Gene1654, Gene649, Gene90 
........................................................................................................
Completed E-Step (5 seconds). 
Completed M-Step (0 seconds). 
calculate log likelihood 
convergence.check is 1.464597e-06 
Completing Iteration 11 (approx. per word bound = -30.224, relative change = 1.465e-06) 
........................................................................................................
Completed E-Step (5 seconds). 
Completed M-Step (0 seconds). 
calculate log likelihood 
convergence.check is 1.409709e-06 
Completing Iteration 12 (approx. per word bound = -30.224, relative change = 1.410e-06) 
........................................................................................................
Completed E-Step (5 seconds). 
Completed M-Step (0 seconds). 
calculate log likelihood 
convergence.check is 1.306834e-06 
Completing Iteration 13 (approx. per word bound = -30.224, relative change = 1.307e-06) 
........................................................................................................
Completed E-Step (7 seconds). 
Completed M-Step (0 seconds). 
calculate log likelihood 
convergence.check is 1.167466e-06 
Completing Iteration 14 (approx. per word bound = -30.224, relative change = 1.167e-06) 
........................................................................................................
Completed E-Step (4 seconds). 
Completed M-Step (0 seconds). 
calculate log likelihood 
convergence.check is 1.15363e-06 
Completing Iteration 15 (approx. per word bound = -30.224, relative change = 1.154e-06) 
Topic 1: Gene713, Gene1262, Gene1461, Gene969, Gene1167 
 Topic 2: Gene518, Gene1791, Gene1262, Gene1461, Gene279 
 Topic 3: Gene1349, Gene168, Gene1654, Gene649, Gene90 
........................................................................................................
Completed E-Step (4 seconds). 
Completed M-Step (0 seconds). 
calculate log likelihood 
convergence.check is 1.081459e-06 
Completing Iteration 16 (approx. per word bound = -30.224, relative change = 1.081e-06) 
........................................................................................................
Completed E-Step (4 seconds). 
Completed M-Step (0 seconds). 
calculate log likelihood 
convergence.check is 9.715379e-07 
Model Converged 
