sims_1715212792_neg_c3.rds 
        R/alignCorpus.R R/asSTMCorpus.R R/checkBeta.R R/cloud.R
value   ?               ?               ?             ?        
visible FALSE           FALSE           FALSE         FALSE    
        R/CompositionChange.R R/convertCorpus.R R/estimateEffect.R
value   ?                     ?                 ?                 
visible FALSE                 FALSE             FALSE             
        R/estimateMixedEffect.R R/exclusivity.R R/findThoughts.R R/findTopic.R
value   ?                       ?               ?                ?            
visible FALSE                   FALSE           FALSE            FALSE        
        R/fitNewDocuments.R R/heldout.R R/jeffreyskappa.R R/labelTopics.R
value   ?                   ?           ?                 ?              
visible FALSE               FALSE       FALSE             FALSE          
        R/makeDesignMatrix.R R/manyTopics.R R/multiSTM.R R/optimalK.R
value   ?                    ?              ?            ?           
visible FALSE                FALSE          FALSE        FALSE       
        R/permute.R R/plot.estimateEffect.R R/plot.fixedEffect.R
value   ?           ?                       ?                   
visible FALSE       FALSE                   FALSE               
        R/plot.searchK.R R/plot.STM.R R/plotModels.R R/plotQuote.R
value   ?                ?            ?              ?            
visible FALSE            FALSE        FALSE          FALSE        
        R/plotRemoved.R R/plottingutilfns.R R/plotTopicLoess.R
value   ?               ?                   ?                 
visible FALSE           FALSE               FALSE             
        R/prepDocuments.R R/prepsce.R R/produce_cmatrix.R R/RcppExports.R
value   ?                 ?           ?                   ?              
visible FALSE             FALSE       FALSE               FALSE          
        R/readCorpus.R R/residuals.R R/s.R R/sageLabels.R R/scSTM.R
value   ?              ?             ?     ?              ?        
visible FALSE          FALSE         FALSE FALSE          FALSE    
        R/selectModel.R R/semanticCoherence.R R/simBetas.R R/spectral.R
value   ?               ?                     ?            ?           
visible FALSE           FALSE                 FALSE        FALSE       
        R/stm-package.R R/stm.control.R R/STMbound.R R/STMconvergence.R
value   NULL            ?               ?            ?                 
visible TRUE            FALSE           FALSE        FALSE             
        R/STMestep.R R/STMfunctions.R R/STMinit.R R/STMinitLikelihood.R
value   ?            ?                ?           ?                    
visible FALSE        FALSE            FALSE       FALSE                
        R/STMlncpp.R R/STMmnreg.R R/STMmu.R R/STMoptbeta.R R/STMreport.R
value   ?            ?            ?         ?              ?            
visible FALSE        FALSE        FALSE     FALSE          FALSE        
        R/STMsigma.R R/STMsigs.R R/STMsubset.R R/summary.STM.R R/tau.R
value   ?            ?           ?             ?               ?      
visible FALSE        FALSE       FALSE         FALSE           FALSE  
        R/textProcessor.R R/thetaPosterior.R R/toLDAvis.R R/topicCorr.R
value   ?                 ?                  ?            ?            
visible FALSE             FALSE              FALSE        FALSE        
        R/topicLasso.R R/topicQuality.R R/writeLdac.R R/zzz.R
value   ?              ?                ?             ?      
visible FALSE          FALSE            FALSE         FALSE  
Casting net 
1 models in net 
Initialization with topicScore. 
Initializing factors using Topic SCORE algorithm.
Initializing loadings by running 10 SCD updates.
.......................................................................................................
Completed E-Step (5 seconds). 
Completed M-Step (0 seconds). 
calculate log likelihood 
Completing Iteration 1 (approx. per word bound = -13.390) 
.......................................................................................................
Completed E-Step (7 seconds). 
Completed M-Step (0 seconds). 
calculate log likelihood 
convergence.check is -2.803064e-06 
Completing Iteration 2 (approx. per word bound = -13.390, relative change = -2.803e-06) 
.......................................................................................................
Completed E-Step (7 seconds). 
Completed M-Step (0 seconds). 
calculate log likelihood 
convergence.check is 1.881217e-06 
Model Terminated Before Convergence Reached 
2 models in net 
Initialization with topicScore. 
Initializing factors using Topic SCORE algorithm.
Initializing loadings by running 10 SCD updates.
.......................................................................................................
Completed E-Step (5 seconds). 
Completed M-Step (0 seconds). 
calculate log likelihood 
Completing Iteration 1 (approx. per word bound = -13.390) 
.......................................................................................................
Completed E-Step (7 seconds). 
Completed M-Step (0 seconds). 
calculate log likelihood 
convergence.check is -2.803064e-06 
Completing Iteration 2 (approx. per word bound = -13.390, relative change = -2.803e-06) 
.......................................................................................................
Completed E-Step (7 seconds). 
Completed M-Step (0 seconds). 
calculate log likelihood 
convergence.check is 1.881217e-06 
Model Terminated Before Convergence Reached 
3 models in net 
Initialization with topicScore. 
Initializing factors using Topic SCORE algorithm.
Initializing loadings by running 10 SCD updates.
.......................................................................................................
Completed E-Step (5 seconds). 
Completed M-Step (0 seconds). 
calculate log likelihood 
Completing Iteration 1 (approx. per word bound = -13.390) 
.......................................................................................................
Completed E-Step (8 seconds). 
Completed M-Step (0 seconds). 
calculate log likelihood 
convergence.check is -2.775329e-06 
Completing Iteration 2 (approx. per word bound = -13.390, relative change = -2.775e-06) 
.......................................................................................................
Completed E-Step (8 seconds). 
Completed M-Step (0 seconds). 
calculate log likelihood 
convergence.check is 1.88701e-06 
Model Terminated Before Convergence Reached 
4 models in net 
Initialization with topicScore. 
Initializing factors using Topic SCORE algorithm.
Initializing loadings by running 10 SCD updates.
.......................................................................................................
Completed E-Step (4 seconds). 
Completed M-Step (0 seconds). 
calculate log likelihood 
Completing Iteration 1 (approx. per word bound = -13.390) 
.......................................................................................................
Completed E-Step (7 seconds). 
Completed M-Step (0 seconds). 
calculate log likelihood 
convergence.check is -2.802117e-06 
Completing Iteration 2 (approx. per word bound = -13.390, relative change = -2.802e-06) 
.......................................................................................................
Completed E-Step (7 seconds). 
Completed M-Step (0 seconds). 
calculate log likelihood 
convergence.check is 1.87999e-06 
Model Terminated Before Convergence Reached 
5 models in net 
Initialization with topicScore. 
Initializing factors using Topic SCORE algorithm.
Initializing loadings by running 10 SCD updates.
.......................................................................................................
Completed E-Step (4 seconds). 
Completed M-Step (0 seconds). 
calculate log likelihood 
Completing Iteration 1 (approx. per word bound = -13.390) 
.......................................................................................................
Completed E-Step (8 seconds). 
Completed M-Step (0 seconds). 
calculate log likelihood 
convergence.check is -2.823743e-06 
Completing Iteration 2 (approx. per word bound = -13.390, relative change = -2.824e-06) 
.......................................................................................................
Completed E-Step (8 seconds). 
Completed M-Step (0 seconds). 
calculate log likelihood 
convergence.check is 1.845475e-06 
Model Terminated Before Convergence Reached 
6 models in net 
Initialization with topicScore. 
Initializing factors using Topic SCORE algorithm.
Initializing loadings by running 10 SCD updates.
.......................................................................................................
Completed E-Step (4 seconds). 
Completed M-Step (0 seconds). 
calculate log likelihood 
Completing Iteration 1 (approx. per word bound = -13.390) 
.......................................................................................................
Completed E-Step (7 seconds). 
Completed M-Step (0 seconds). 
calculate log likelihood 
convergence.check is -2.803064e-06 
Completing Iteration 2 (approx. per word bound = -13.390, relative change = -2.803e-06) 
.......................................................................................................
Completed E-Step (7 seconds). 
Completed M-Step (0 seconds). 
calculate log likelihood 
convergence.check is 1.881216e-06 
Model Terminated Before Convergence Reached 
7 models in net 
Initialization with topicScore. 
Initializing factors using Topic SCORE algorithm.
Initializing loadings by running 10 SCD updates.
.......................................................................................................
Completed E-Step (4 seconds). 
Completed M-Step (0 seconds). 
calculate log likelihood 
Completing Iteration 1 (approx. per word bound = -13.390) 
.......................................................................................................
Completed E-Step (8 seconds). 
Completed M-Step (0 seconds). 
calculate log likelihood 
convergence.check is -2.740556e-06 
Completing Iteration 2 (approx. per word bound = -13.390, relative change = -2.741e-06) 
.......................................................................................................
Completed E-Step (8 seconds). 
Completed M-Step (0 seconds). 
calculate log likelihood 
convergence.check is 1.918607e-06 
Model Terminated Before Convergence Reached 
8 models in net 
Initialization with topicScore. 
Initializing factors using Topic SCORE algorithm.
Initializing loadings by running 10 SCD updates.
.......................................................................................................
Completed E-Step (5 seconds). 
Completed M-Step (0 seconds). 
calculate log likelihood 
Completing Iteration 1 (approx. per word bound = -13.390) 
.......................................................................................................
Completed E-Step (8 seconds). 
Completed M-Step (0 seconds). 
calculate log likelihood 
convergence.check is -2.820699e-06 
Completing Iteration 2 (approx. per word bound = -13.390, relative change = -2.821e-06) 
.......................................................................................................
Completed E-Step (8 seconds). 
Completed M-Step (0 seconds). 
calculate log likelihood 
convergence.check is 1.84781e-06 
Model Terminated Before Convergence Reached 
9 models in net 
Initialization with topicScore. 
Initializing factors using Topic SCORE algorithm.
Initializing loadings by running 10 SCD updates.
.......................................................................................................
Completed E-Step (4 seconds). 
Completed M-Step (0 seconds). 
calculate log likelihood 
Completing Iteration 1 (approx. per word bound = -13.390) 
.......................................................................................................
Completed E-Step (7 seconds). 
Completed M-Step (0 seconds). 
calculate log likelihood 
convergence.check is -2.802117e-06 
Completing Iteration 2 (approx. per word bound = -13.390, relative change = -2.802e-06) 
.......................................................................................................
Completed E-Step (7 seconds). 
Completed M-Step (0 seconds). 
calculate log likelihood 
convergence.check is 1.87999e-06 
Model Terminated Before Convergence Reached 
10 models in net 
Initialization with topicScore. 
Initializing factors using Topic SCORE algorithm.
Initializing loadings by running 10 SCD updates.
.......................................................................................................
Completed E-Step (4 seconds). 
Completed M-Step (0 seconds). 
calculate log likelihood 
Completing Iteration 1 (approx. per word bound = -13.390) 
.......................................................................................................
Completed E-Step (7 seconds). 
Completed M-Step (0 seconds). 
calculate log likelihood 
convergence.check is -2.802117e-06 
Completing Iteration 2 (approx. per word bound = -13.390, relative change = -2.802e-06) 
.......................................................................................................
Completed E-Step (7 seconds). 
Completed M-Step (0 seconds). 
calculate log likelihood 
convergence.check is 1.87999e-06 
Model Terminated Before Convergence Reached 
11 models in net 
Initialization with topicScore. 
Initializing factors using Topic SCORE algorithm.
Initializing loadings by running 10 SCD updates.
.......................................................................................................
Completed E-Step (4 seconds). 
Completed M-Step (0 seconds). 
calculate log likelihood 
Completing Iteration 1 (approx. per word bound = -13.390) 
.......................................................................................................
Completed E-Step (7 seconds). 
Completed M-Step (0 seconds). 
calculate log likelihood 
convergence.check is -2.802117e-06 
Completing Iteration 2 (approx. per word bound = -13.390, relative change = -2.802e-06) 
.......................................................................................................
Completed E-Step (7 seconds). 
Completed M-Step (0 seconds). 
calculate log likelihood 
convergence.check is 1.87999e-06 
Model Terminated Before Convergence Reached 
12 models in net 
Initialization with topicScore. 
Initializing factors using Topic SCORE algorithm.
Initializing loadings by running 10 SCD updates.
.......................................................................................................
Completed E-Step (4 seconds). 
Completed M-Step (0 seconds). 
calculate log likelihood 
Completing Iteration 1 (approx. per word bound = -13.390) 
.......................................................................................................
Completed E-Step (7 seconds). 
Completed M-Step (0 seconds). 
calculate log likelihood 
convergence.check is -2.803064e-06 
Completing Iteration 2 (approx. per word bound = -13.390, relative change = -2.803e-06) 
.......................................................................................................
Completed E-Step (7 seconds). 
Completed M-Step (0 seconds). 
calculate log likelihood 
convergence.check is 1.881217e-06 
Model Terminated Before Convergence Reached 
13 models in net 
Initialization with topicScore. 
Initializing factors using Topic SCORE algorithm.
Initializing loadings by running 10 SCD updates.
.......................................................................................................
Completed E-Step (4 seconds). 
Completed M-Step (0 seconds). 
calculate log likelihood 
Completing Iteration 1 (approx. per word bound = -13.390) 
.......................................................................................................
Completed E-Step (8 seconds). 
Completed M-Step (0 seconds). 
calculate log likelihood 
convergence.check is -2.802117e-06 
Completing Iteration 2 (approx. per word bound = -13.390, relative change = -2.802e-06) 
.......................................................................................................
Completed E-Step (7 seconds). 
Completed M-Step (0 seconds). 
calculate log likelihood 
convergence.check is 1.87999e-06 
Model Terminated Before Convergence Reached 
14 models in net 
Initialization with topicScore. 
Initializing factors using Topic SCORE algorithm.
Initializing loadings by running 10 SCD updates.
.......................................................................................................
Completed E-Step (4 seconds). 
Completed M-Step (0 seconds). 
calculate log likelihood 
Completing Iteration 1 (approx. per word bound = -13.390) 
.......................................................................................................
Completed E-Step (8 seconds). 
Completed M-Step (0 seconds). 
calculate log likelihood 
convergence.check is -2.803064e-06 
Completing Iteration 2 (approx. per word bound = -13.390, relative change = -2.803e-06) 
.......................................................................................................
Completed E-Step (8 seconds). 
Completed M-Step (0 seconds). 
calculate log likelihood 
convergence.check is 1.881217e-06 
Model Terminated Before Convergence Reached 
15 models in net 
Initialization with topicScore. 
Initializing factors using Topic SCORE algorithm.
Initializing loadings by running 10 SCD updates.
.......................................................................................................
Completed E-Step (4 seconds). 
Completed M-Step (0 seconds). 
calculate log likelihood 
Completing Iteration 1 (approx. per word bound = -13.390) 
.......................................................................................................
Completed E-Step (8 seconds). 
Completed M-Step (0 seconds). 
calculate log likelihood 
convergence.check is -2.803064e-06 
Completing Iteration 2 (approx. per word bound = -13.390, relative change = -2.803e-06) 
.......................................................................................................
Completed E-Step (8 seconds). 
Completed M-Step (0 seconds). 
calculate log likelihood 
convergence.check is 1.881217e-06 
Model Terminated Before Convergence Reached 
16 models in net 
Initialization with topicScore. 
Initializing factors using Topic SCORE algorithm.
Initializing loadings by running 10 SCD updates.
.......................................................................................................
Completed E-Step (4 seconds). 
Completed M-Step (0 seconds). 
calculate log likelihood 
Completing Iteration 1 (approx. per word bound = -13.390) 
.......................................................................................................
Completed E-Step (8 seconds). 
Completed M-Step (0 seconds). 
calculate log likelihood 
convergence.check is -2.803064e-06 
Completing Iteration 2 (approx. per word bound = -13.390, relative change = -2.803e-06) 
.......................................................................................................
Completed E-Step (8 seconds). 
Completed M-Step (0 seconds). 
calculate log likelihood 
convergence.check is 1.881216e-06 
Model Terminated Before Convergence Reached 
17 models in net 
Initialization with topicScore. 
Initializing factors using Topic SCORE algorithm.
Initializing loadings by running 10 SCD updates.
.......................................................................................................
Completed E-Step (4 seconds). 
Completed M-Step (0 seconds). 
calculate log likelihood 
Completing Iteration 1 (approx. per word bound = -13.390) 
.......................................................................................................
Completed E-Step (8 seconds). 
Completed M-Step (0 seconds). 
calculate log likelihood 
convergence.check is -2.802117e-06 
Completing Iteration 2 (approx. per word bound = -13.390, relative change = -2.802e-06) 
.......................................................................................................
Completed E-Step (8 seconds). 
Completed M-Step (0 seconds). 
calculate log likelihood 
convergence.check is 1.87999e-06 
Model Terminated Before Convergence Reached 
18 models in net 
Initialization with topicScore. 
Initializing factors using Topic SCORE algorithm.
Initializing loadings by running 10 SCD updates.
.......................................................................................................
Completed E-Step (4 seconds). 
Completed M-Step (0 seconds). 
calculate log likelihood 
Completing Iteration 1 (approx. per word bound = -13.390) 
.......................................................................................................
Completed E-Step (9 seconds). 
Completed M-Step (0 seconds). 
calculate log likelihood 
convergence.check is -2.802117e-06 
Completing Iteration 2 (approx. per word bound = -13.390, relative change = -2.802e-06) 
.......................................................................................................
Completed E-Step (8 seconds). 
Completed M-Step (0 seconds). 
calculate log likelihood 
convergence.check is 1.87999e-06 
Model Terminated Before Convergence Reached 
19 models in net 
Initialization with topicScore. 
Initializing factors using Topic SCORE algorithm.
Initializing loadings by running 10 SCD updates.
.......................................................................................................
Completed E-Step (4 seconds). 
Completed M-Step (0 seconds). 
calculate log likelihood 
Completing Iteration 1 (approx. per word bound = -13.390) 
.......................................................................................................
Completed E-Step (7 seconds). 
Completed M-Step (0 seconds). 
calculate log likelihood 
convergence.check is -2.803064e-06 
Completing Iteration 2 (approx. per word bound = -13.390, relative change = -2.803e-06) 
.......................................................................................................
Completed E-Step (7 seconds). 
Completed M-Step (0 seconds). 
calculate log likelihood 
convergence.check is 1.881217e-06 
Model Terminated Before Convergence Reached 
20 models in net 
Initialization with topicScore. 
Initializing factors using Topic SCORE algorithm.
Initializing loadings by running 10 SCD updates.
.......................................................................................................
Completed E-Step (4 seconds). 
Completed M-Step (0 seconds). 
calculate log likelihood 
Completing Iteration 1 (approx. per word bound = -13.390) 
.......................................................................................................
Completed E-Step (8 seconds). 
Completed M-Step (0 seconds). 
calculate log likelihood 
convergence.check is -2.802117e-06 
Completing Iteration 2 (approx. per word bound = -13.390, relative change = -2.802e-06) 
.......................................................................................................
Completed E-Step (8 seconds). 
Completed M-Step (0 seconds). 
calculate log likelihood 
convergence.check is 1.87999e-06 
Model Terminated Before Convergence Reached 
21 models in net 
Beginning Spectral Initialization 
	 Calculating the gram matrix...
	 Finding anchor words...
 	...
	 Recovering initialization...
 	....................
Initialization complete.
.......................................................................................................
Completed E-Step (18 seconds). 
Completed M-Step (0 seconds). 
calculate log likelihood 
Completing Iteration 1 (approx. per word bound = -13.405) 
.......................................................................................................
Completed E-Step (8 seconds). 
Completed M-Step (0 seconds). 
calculate log likelihood 
convergence.check is 0.001144674 
Completing Iteration 2 (approx. per word bound = -13.390, relative change = 1.145e-03) 
.......................................................................................................
Completed E-Step (8 seconds). 
Completed M-Step (0 seconds). 
calculate log likelihood 
convergence.check is 6.983443e-05 
Model Terminated Before Convergence Reached 
22 models in net 
Beginning Random Initialization 
Initialization with Poisson NMF 
.......................................................................................................
Completed E-Step (13 seconds). 
Completed M-Step (0 seconds). 
calculate log likelihood 
Completing Iteration 1 (approx. per word bound = -17.356) 
.......................................................................................................
Completed E-Step (9 seconds). 
Completed M-Step (0 seconds). 
calculate log likelihood 
convergence.check is 0.2257896 
Completing Iteration 2 (approx. per word bound = -13.437, relative change = 2.258e-01) 
.......................................................................................................
Completed E-Step (9 seconds). 
Completed M-Step (0 seconds). 
calculate log likelihood 
convergence.check is -1.962651e-06 
Model Terminated Before Convergence Reached 
23 models in net 
Beginning Random Initialization 
Initialization with Poisson NMF 
.......................................................................................................
Completed E-Step (15 seconds). 
Completed M-Step (0 seconds). 
calculate log likelihood 
Completing Iteration 1 (approx. per word bound = -17.407) 
.......................................................................................................
Completed E-Step (9 seconds). 
Completed M-Step (0 seconds). 
calculate log likelihood 
convergence.check is 0.2281011 
Completing Iteration 2 (approx. per word bound = -13.436, relative change = 2.281e-01) 
.......................................................................................................
Completed E-Step (9 seconds). 
Completed M-Step (0 seconds). 
calculate log likelihood 
convergence.check is 2.089282e-05 
Model Terminated Before Convergence Reached 
24 models in net 
Beginning Random Initialization 
Initialization with Poisson NMF 
.......................................................................................................
Completed E-Step (13 seconds). 
Completed M-Step (0 seconds). 
calculate log likelihood 
Completing Iteration 1 (approx. per word bound = -17.511) 
.......................................................................................................
Completed E-Step (9 seconds). 
Completed M-Step (0 seconds). 
calculate log likelihood 
convergence.check is 0.2326485 
Completing Iteration 2 (approx. per word bound = -13.437, relative change = 2.326e-01) 
.......................................................................................................
Completed E-Step (9 seconds). 
Completed M-Step (0 seconds). 
calculate log likelihood 
convergence.check is 5.970014e-06 
Model Terminated Before Convergence Reached 
25 models in net 
Beginning Random Initialization 
Initialization with Poisson NMF 
.......................................................................................................
Completed E-Step (13 seconds). 
Completed M-Step (0 seconds). 
calculate log likelihood 
Completing Iteration 1 (approx. per word bound = -17.521) 
.......................................................................................................
Completed E-Step (11 seconds). 
Completed M-Step (0 seconds). 
calculate log likelihood 
convergence.check is 0.2331371 
Completing Iteration 2 (approx. per word bound = -13.436, relative change = 2.331e-01) 
.......................................................................................................
Completed E-Step (10 seconds). 
Completed M-Step (0 seconds). 
calculate log likelihood 
convergence.check is 1.225764e-05 
Model Terminated Before Convergence Reached 
26 models in net 
Beginning Random Initialization 
Initialization with Poisson NMF 
.......................................................................................................
Completed E-Step (12 seconds). 
Completed M-Step (0 seconds). 
calculate log likelihood 
Completing Iteration 1 (approx. per word bound = -17.437) 
.......................................................................................................
Completed E-Step (9 seconds). 
Completed M-Step (0 seconds). 
calculate log likelihood 
convergence.check is 0.2294168 
Completing Iteration 2 (approx. per word bound = -13.436, relative change = 2.294e-01) 
.......................................................................................................
Completed E-Step (9 seconds). 
Completed M-Step (0 seconds). 
calculate log likelihood 
convergence.check is 1.319467e-05 
Model Terminated Before Convergence Reached 
27 models in net 
Beginning Random Initialization 
Initialization with Poisson NMF 
.......................................................................................................
Completed E-Step (12 seconds). 
Completed M-Step (0 seconds). 
calculate log likelihood 
Completing Iteration 1 (approx. per word bound = -17.314) 
.......................................................................................................
Completed E-Step (10 seconds). 
Completed M-Step (0 seconds). 
calculate log likelihood 
convergence.check is 0.2239667 
Completing Iteration 2 (approx. per word bound = -13.436, relative change = 2.240e-01) 
.......................................................................................................
Completed E-Step (9 seconds). 
Completed M-Step (0 seconds). 
calculate log likelihood 
convergence.check is 1.491001e-05 
Model Terminated Before Convergence Reached 
28 models in net 
Beginning Random Initialization 
Initialization with Poisson NMF 
.......................................................................................................
Completed E-Step (12 seconds). 
Completed M-Step (0 seconds). 
calculate log likelihood 
Completing Iteration 1 (approx. per word bound = -17.319) 
.......................................................................................................
Completed E-Step (8 seconds). 
Completed M-Step (0 seconds). 
calculate log likelihood 
convergence.check is 0.2241616 
Completing Iteration 2 (approx. per word bound = -13.437, relative change = 2.242e-01) 
.......................................................................................................
Completed E-Step (9 seconds). 
Completed M-Step (0 seconds). 
calculate log likelihood 
convergence.check is 3.389807e-07 
Model Converged 
29 models in net 
Beginning Random Initialization 
Initialization with Poisson NMF 
.......................................................................................................
Completed E-Step (14 seconds). 
Completed M-Step (0 seconds). 
calculate log likelihood 
Completing Iteration 1 (approx. per word bound = -17.424) 
.......................................................................................................
Completed E-Step (11 seconds). 
Completed M-Step (0 seconds). 
calculate log likelihood 
convergence.check is 0.2289334 
Completing Iteration 2 (approx. per word bound = -13.435, relative change = 2.289e-01) 
.......................................................................................................
Completed E-Step (10 seconds). 
Completed M-Step (0 seconds). 
calculate log likelihood 
convergence.check is 2.614381e-05 
Model Terminated Before Convergence Reached 
30 models in net 
Beginning Random Initialization 
Initialization with Poisson NMF 
.......................................................................................................
Completed E-Step (12 seconds). 
Completed M-Step (0 seconds). 
calculate log likelihood 
Completing Iteration 1 (approx. per word bound = -17.416) 
.......................................................................................................
Completed E-Step (9 seconds). 
Completed M-Step (0 seconds). 
calculate log likelihood 
convergence.check is 0.228543 
Completing Iteration 2 (approx. per word bound = -13.436, relative change = 2.285e-01) 
.......................................................................................................
Completed E-Step (9 seconds). 
Completed M-Step (0 seconds). 
calculate log likelihood 
convergence.check is 2.038122e-05 
Model Terminated Before Convergence Reached 
31 models in net 
Beginning Random Initialization 
Initialization with Poisson NMF 
.......................................................................................................
Completed E-Step (13 seconds). 
Completed M-Step (0 seconds). 
calculate log likelihood 
Completing Iteration 1 (approx. per word bound = -17.354) 
.......................................................................................................
Completed E-Step (9 seconds). 
Completed M-Step (0 seconds). 
calculate log likelihood 
convergence.check is 0.2257453 
Completing Iteration 2 (approx. per word bound = -13.437, relative change = 2.257e-01) 
.......................................................................................................
Completed E-Step (8 seconds). 
Completed M-Step (0 seconds). 
calculate log likelihood 
convergence.check is 6.477753e-06 
Model Terminated Before Convergence Reached 
32 models in net 
Beginning Random Initialization 
Initialization with Poisson NMF 
.......................................................................................................
Completed E-Step (13 seconds). 
Completed M-Step (0 seconds). 
calculate log likelihood 
Completing Iteration 1 (approx. per word bound = -17.427) 
.......................................................................................................
Completed E-Step (10 seconds). 
Completed M-Step (0 seconds). 
calculate log likelihood 
convergence.check is 0.2289596 
Completing Iteration 2 (approx. per word bound = -13.437, relative change = 2.290e-01) 
.......................................................................................................
Completed E-Step (8 seconds). 
Completed M-Step (0 seconds). 
calculate log likelihood 
convergence.check is 6.554076e-06 
Model Terminated Before Convergence Reached 
33 models in net 
Beginning Random Initialization 
Initialization with Poisson NMF 
.......................................................................................................
Completed E-Step (13 seconds). 
Completed M-Step (0 seconds). 
calculate log likelihood 
Completing Iteration 1 (approx. per word bound = -17.356) 
.......................................................................................................
Completed E-Step (10 seconds). 
Completed M-Step (0 seconds). 
calculate log likelihood 
convergence.check is 0.2258298 
Completing Iteration 2 (approx. per word bound = -13.437, relative change = 2.258e-01) 
.......................................................................................................
Completed E-Step (9 seconds). 
Completed M-Step (0 seconds). 
calculate log likelihood 
convergence.check is 9.941902e-06 
Model Terminated Before Convergence Reached 
34 models in net 
Beginning Random Initialization 
Initialization with Poisson NMF 
.......................................................................................................
Completed E-Step (13 seconds). 
Completed M-Step (0 seconds). 
calculate log likelihood 
Completing Iteration 1 (approx. per word bound = -17.535) 
.......................................................................................................
Completed E-Step (9 seconds). 
Completed M-Step (0 seconds). 
calculate log likelihood 
convergence.check is 0.2338336 
Completing Iteration 2 (approx. per word bound = -13.435, relative change = 2.338e-01) 
.......................................................................................................
Completed E-Step (9 seconds). 
Completed M-Step (0 seconds). 
calculate log likelihood 
convergence.check is 3.064898e-05 
Model Terminated Before Convergence Reached 
35 models in net 
Beginning Random Initialization 
Initialization with Poisson NMF 
.......................................................................................................
Completed E-Step (12 seconds). 
Completed M-Step (0 seconds). 
calculate log likelihood 
Completing Iteration 1 (approx. per word bound = -17.491) 
.......................................................................................................
Completed E-Step (8 seconds). 
Completed M-Step (0 seconds). 
calculate log likelihood 
convergence.check is 0.231793 
Completing Iteration 2 (approx. per word bound = -13.437, relative change = 2.318e-01) 
.......................................................................................................
Completed E-Step (8 seconds). 
Completed M-Step (0 seconds). 
calculate log likelihood 
convergence.check is 1.74598e-06 
Model Terminated Before Convergence Reached 
36 models in net 
Beginning Random Initialization 
Initialization with Poisson NMF 
.......................................................................................................
Completed E-Step (13 seconds). 
Completed M-Step (0 seconds). 
calculate log likelihood 
Completing Iteration 1 (approx. per word bound = -17.442) 
.......................................................................................................
Completed E-Step (9 seconds). 
Completed M-Step (0 seconds). 
calculate log likelihood 
convergence.check is 0.229652 
Completing Iteration 2 (approx. per word bound = -13.436, relative change = 2.297e-01) 
.......................................................................................................
Completed E-Step (9 seconds). 
Completed M-Step (0 seconds). 
calculate log likelihood 
convergence.check is 1.160782e-05 
Model Terminated Before Convergence Reached 
37 models in net 
Beginning Random Initialization 
Initialization with Poisson NMF 
.......................................................................................................
Completed E-Step (14 seconds). 
Completed M-Step (0 seconds). 
calculate log likelihood 
Completing Iteration 1 (approx. per word bound = -17.408) 
.......................................................................................................
Completed E-Step (9 seconds). 
Completed M-Step (0 seconds). 
calculate log likelihood 
convergence.check is 0.2282112 
Completing Iteration 2 (approx. per word bound = -13.436, relative change = 2.282e-01) 
.......................................................................................................
Completed E-Step (8 seconds). 
Completed M-Step (0 seconds). 
calculate log likelihood 
convergence.check is 5.156583e-05 
Model Terminated Before Convergence Reached 
38 models in net 
Beginning Random Initialization 
Initialization with Poisson NMF 
.......................................................................................................
Completed E-Step (13 seconds). 
Completed M-Step (0 seconds). 
calculate log likelihood 
Completing Iteration 1 (approx. per word bound = -17.492) 
.......................................................................................................
Completed E-Step (8 seconds). 
Completed M-Step (0 seconds). 
calculate log likelihood 
convergence.check is 0.2318259 
Completing Iteration 2 (approx. per word bound = -13.437, relative change = 2.318e-01) 
.......................................................................................................
Completed E-Step (9 seconds). 
Completed M-Step (0 seconds). 
calculate log likelihood 
convergence.check is 6.276576e-06 
Model Terminated Before Convergence Reached 
39 models in net 
Beginning Random Initialization 
Initialization with Poisson NMF 
.......................................................................................................
Completed E-Step (13 seconds). 
Completed M-Step (0 seconds). 
calculate log likelihood 
Completing Iteration 1 (approx. per word bound = -17.485) 
.......................................................................................................
Completed E-Step (9 seconds). 
Completed M-Step (0 seconds). 
calculate log likelihood 
convergence.check is 0.2315772 
Completing Iteration 2 (approx. per word bound = -13.436, relative change = 2.316e-01) 
.......................................................................................................
Completed E-Step (9 seconds). 
Completed M-Step (0 seconds). 
calculate log likelihood 
convergence.check is 3.163787e-05 
Model Terminated Before Convergence Reached 
40 models in net 
Beginning Random Initialization 
Initialization with Poisson NMF 
.......................................................................................................
Completed E-Step (13 seconds). 
Completed M-Step (0 seconds). 
calculate log likelihood 
Completing Iteration 1 (approx. per word bound = -17.345) 
.......................................................................................................
Completed E-Step (10 seconds). 
Completed M-Step (0 seconds). 
calculate log likelihood 
convergence.check is 0.2253411 
Completing Iteration 2 (approx. per word bound = -13.436, relative change = 2.253e-01) 
.......................................................................................................
Completed E-Step (10 seconds). 
Completed M-Step (0 seconds). 
calculate log likelihood 
convergence.check is 1.196108e-05 
Model Terminated Before Convergence Reached 
41 models in net 
Beginning Random Initialization 
Initialization with Poisson NMF 
.......................................................................................................
Completed E-Step (14 seconds). 
Completed M-Step (0 seconds). 
calculate log likelihood 
Completing Iteration 1 (approx. per word bound = -17.376) 
.......................................................................................................
Completed E-Step (9 seconds). 
Completed M-Step (0 seconds). 
calculate log likelihood 
convergence.check is 0.2267409 
Completing Iteration 2 (approx. per word bound = -13.436, relative change = 2.267e-01) 
.......................................................................................................
Completed E-Step (10 seconds). 
Completed M-Step (0 seconds). 
calculate log likelihood 
convergence.check is 2.81375e-05 
Model Terminated Before Convergence Reached 
Running select models 
1 select model run 
Beginning Spectral Initialization 
	 Calculating the gram matrix...
	 Finding anchor words...
 	...
	 Recovering initialization...
 	....................
Initialization complete.
.......................................................................................................
Completed E-Step (19 seconds). 
Completed M-Step (0 seconds). 
calculate log likelihood 
Completing Iteration 1 (approx. per word bound = -13.405) 
.......................................................................................................
Completed E-Step (8 seconds). 
Completed M-Step (0 seconds). 
calculate log likelihood 
convergence.check is 0.001144674 
Completing Iteration 2 (approx. per word bound = -13.390, relative change = 1.145e-03) 
.......................................................................................................
Completed E-Step (8 seconds). 
Completed M-Step (0 seconds). 
calculate log likelihood 
convergence.check is 6.983443e-05 
Completing Iteration 3 (approx. per word bound = -13.389, relative change = 6.983e-05) 
.......................................................................................................
Completed E-Step (7 seconds). 
Completed M-Step (0 seconds). 
calculate log likelihood 
convergence.check is 8.95863e-06 
Completing Iteration 4 (approx. per word bound = -13.389, relative change = 8.959e-06) 
.......................................................................................................
Completed E-Step (7 seconds). 
Completed M-Step (0 seconds). 
calculate log likelihood 
convergence.check is 3.118795e-06 
Completing Iteration 5 (approx. per word bound = -13.389, relative change = 3.119e-06) 
Topic 1: Gene3876, Gene3614, Gene4591, Gene3825, Gene1617 
 Topic 2: Gene3614, Gene1414, Gene2302, Gene3173, Gene3991 
 Topic 3: Gene3614, Gene740, Gene1414, Gene2302, Gene2191 
.......................................................................................................
Completed E-Step (7 seconds). 
Completed M-Step (0 seconds). 
calculate log likelihood 
convergence.check is 1.431329e-06 
Completing Iteration 6 (approx. per word bound = -13.389, relative change = 1.431e-06) 
.......................................................................................................
Completed E-Step (8 seconds). 
Completed M-Step (0 seconds). 
calculate log likelihood 
convergence.check is 1.385549e-06 
Completing Iteration 7 (approx. per word bound = -13.389, relative change = 1.386e-06) 
.......................................................................................................
Completed E-Step (6 seconds). 
Completed M-Step (0 seconds). 
calculate log likelihood 
convergence.check is 3.63124e-07 
Model Converged 
2 select model run 
Initialization with topicScore. 
Initializing factors using Topic SCORE algorithm.
Initializing loadings by running 10 SCD updates.
.......................................................................................................
Completed E-Step (5 seconds). 
Completed M-Step (0 seconds). 
calculate log likelihood 
Completing Iteration 1 (approx. per word bound = -13.390) 
.......................................................................................................
Completed E-Step (11 seconds). 
Completed M-Step (0 seconds). 
calculate log likelihood 
convergence.check is -2.820699e-06 
Completing Iteration 2 (approx. per word bound = -13.390, relative change = -2.821e-06) 
.......................................................................................................
Completed E-Step (8 seconds). 
Completed M-Step (0 seconds). 
calculate log likelihood 
convergence.check is 1.84781e-06 
Completing Iteration 3 (approx. per word bound = -13.390, relative change = 1.848e-06) 
.......................................................................................................
Completed E-Step (8 seconds). 
Completed M-Step (0 seconds). 
calculate log likelihood 
convergence.check is 1.702157e-06 
Completing Iteration 4 (approx. per word bound = -13.390, relative change = 1.702e-06) 
.......................................................................................................
Completed E-Step (7 seconds). 
Completed M-Step (0 seconds). 
calculate log likelihood 
convergence.check is 1.547042e-06 
Completing Iteration 5 (approx. per word bound = -13.390, relative change = 1.547e-06) 
Topic 1: Gene740, Gene3614, Gene2191, Gene4609, Gene1414 
 Topic 2: Gene3614, Gene1414, Gene3173, Gene2302, Gene3991 
 Topic 3: Gene3876, Gene3825, Gene3614, Gene4591, Gene1617 
.......................................................................................................
Completed E-Step (7 seconds). 
Completed M-Step (0 seconds). 
calculate log likelihood 
convergence.check is 1.414423e-06 
Completing Iteration 6 (approx. per word bound = -13.390, relative change = 1.414e-06) 
.......................................................................................................
Completed E-Step (7 seconds). 
Completed M-Step (0 seconds). 
calculate log likelihood 
convergence.check is 1.307907e-06 
Completing Iteration 7 (approx. per word bound = -13.390, relative change = 1.308e-06) 
.......................................................................................................
Completed E-Step (7 seconds). 
Completed M-Step (0 seconds). 
calculate log likelihood 
convergence.check is 1.229582e-06 
Completing Iteration 8 (approx. per word bound = -13.390, relative change = 1.230e-06) 
.......................................................................................................
Completed E-Step (7 seconds). 
Completed M-Step (0 seconds). 
calculate log likelihood 
convergence.check is 1.126136e-06 
Completing Iteration 9 (approx. per word bound = -13.390, relative change = 1.126e-06) 
.......................................................................................................
Completed E-Step (6 seconds). 
Completed M-Step (0 seconds). 
calculate log likelihood 
convergence.check is 1.080453e-06 
Completing Iteration 10 (approx. per word bound = -13.390, relative change = 1.080e-06) 
Topic 1: Gene740, Gene3614, Gene2191, Gene4609, Gene1414 
 Topic 2: Gene3614, Gene1414, Gene3173, Gene2302, Gene3991 
 Topic 3: Gene3876, Gene3614, Gene3825, Gene4591, Gene1617 
.......................................................................................................
Completed E-Step (7 seconds). 
Completed M-Step (0 seconds). 
calculate log likelihood 
convergence.check is 1.01179e-06 
Completing Iteration 11 (approx. per word bound = -13.390, relative change = 1.012e-06) 
.......................................................................................................
Completed E-Step (6 seconds). 
Completed M-Step (0 seconds). 
calculate log likelihood 
convergence.check is 9.586449e-07 
Model Converged 
3 select model run 
Initialization with topicScore. 
Initializing factors using Topic SCORE algorithm.
Initializing loadings by running 10 SCD updates.
.......................................................................................................
Completed E-Step (5 seconds). 
Completed M-Step (0 seconds). 
calculate log likelihood 
Completing Iteration 1 (approx. per word bound = -13.390) 
.......................................................................................................
Completed E-Step (9 seconds). 
Completed M-Step (0 seconds). 
calculate log likelihood 
convergence.check is -2.823743e-06 
Completing Iteration 2 (approx. per word bound = -13.390, relative change = -2.824e-06) 
.......................................................................................................
Completed E-Step (8 seconds). 
Completed M-Step (0 seconds). 
calculate log likelihood 
convergence.check is 1.845475e-06 
Completing Iteration 3 (approx. per word bound = -13.390, relative change = 1.845e-06) 
.......................................................................................................
Completed E-Step (8 seconds). 
Completed M-Step (0 seconds). 
calculate log likelihood 
convergence.check is 1.703161e-06 
Completing Iteration 4 (approx. per word bound = -13.390, relative change = 1.703e-06) 
.......................................................................................................
Completed E-Step (8 seconds). 
Completed M-Step (0 seconds). 
calculate log likelihood 
convergence.check is 1.549654e-06 
Completing Iteration 5 (approx. per word bound = -13.390, relative change = 1.550e-06) 
Topic 1: Gene3614, Gene1414, Gene3173, Gene2302, Gene3991 
 Topic 2: Gene740, Gene3614, Gene2191, Gene4609, Gene1414 
 Topic 3: Gene3876, Gene3825, Gene3614, Gene4591, Gene1617 
.......................................................................................................
Completed E-Step (7 seconds). 
Completed M-Step (0 seconds). 
calculate log likelihood 
convergence.check is 1.414165e-06 
Completing Iteration 6 (approx. per word bound = -13.390, relative change = 1.414e-06) 
.......................................................................................................
Completed E-Step (7 seconds). 
Completed M-Step (0 seconds). 
calculate log likelihood 
convergence.check is 1.320996e-06 
Completing Iteration 7 (approx. per word bound = -13.390, relative change = 1.321e-06) 
.......................................................................................................
Completed E-Step (7 seconds). 
Completed M-Step (0 seconds). 
calculate log likelihood 
convergence.check is 1.204555e-06 
Completing Iteration 8 (approx. per word bound = -13.390, relative change = 1.205e-06) 
.......................................................................................................
Completed E-Step (7 seconds). 
Completed M-Step (0 seconds). 
calculate log likelihood 
convergence.check is 1.149684e-06 
Completing Iteration 9 (approx. per word bound = -13.390, relative change = 1.150e-06) 
.......................................................................................................
Completed E-Step (7 seconds). 
Completed M-Step (0 seconds). 
calculate log likelihood 
convergence.check is 1.059322e-06 
Completing Iteration 10 (approx. per word bound = -13.390, relative change = 1.059e-06) 
Topic 1: Gene3614, Gene1414, Gene3173, Gene2302, Gene3991 
 Topic 2: Gene740, Gene3614, Gene2191, Gene4609, Gene1414 
 Topic 3: Gene3876, Gene3614, Gene3825, Gene4591, Gene1617 
.......................................................................................................
Completed E-Step (6 seconds). 
Completed M-Step (0 seconds). 
calculate log likelihood 
convergence.check is 1.020629e-06 
Completing Iteration 11 (approx. per word bound = -13.390, relative change = 1.021e-06) 
.......................................................................................................
Completed E-Step (6 seconds). 
Completed M-Step (0 seconds). 
calculate log likelihood 
convergence.check is 9.59631e-07 
Model Converged 
4 select model run 
Initialization with topicScore. 
Initializing factors using Topic SCORE algorithm.
Initializing loadings by running 10 SCD updates.
.......................................................................................................
Completed E-Step (4 seconds). 
Completed M-Step (0 seconds). 
calculate log likelihood 
Completing Iteration 1 (approx. per word bound = -13.390) 
.......................................................................................................
Completed E-Step (9 seconds). 
Completed M-Step (0 seconds). 
calculate log likelihood 
convergence.check is -2.775329e-06 
Completing Iteration 2 (approx. per word bound = -13.390, relative change = -2.775e-06) 
.......................................................................................................
Completed E-Step (8 seconds). 
Completed M-Step (0 seconds). 
calculate log likelihood 
convergence.check is 1.88701e-06 
Completing Iteration 3 (approx. per word bound = -13.390, relative change = 1.887e-06) 
.......................................................................................................
Completed E-Step (8 seconds). 
Completed M-Step (0 seconds). 
calculate log likelihood 
convergence.check is 1.739378e-06 
Completing Iteration 4 (approx. per word bound = -13.390, relative change = 1.739e-06) 
.......................................................................................................
Completed E-Step (8 seconds). 
Completed M-Step (0 seconds). 
calculate log likelihood 
convergence.check is 1.582967e-06 
Completing Iteration 5 (approx. per word bound = -13.390, relative change = 1.583e-06) 
Topic 1: Gene3614, Gene1414, Gene3173, Gene2302, Gene3991 
 Topic 2: Gene740, Gene3614, Gene2191, Gene4609, Gene1414 
 Topic 3: Gene3876, Gene3825, Gene3614, Gene4591, Gene1617 
.......................................................................................................
Completed E-Step (7 seconds). 
Completed M-Step (0 seconds). 
calculate log likelihood 
convergence.check is 1.44371e-06 
Completing Iteration 6 (approx. per word bound = -13.390, relative change = 1.444e-06) 
.......................................................................................................
Completed E-Step (7 seconds). 
Completed M-Step (0 seconds). 
calculate log likelihood 
convergence.check is 1.337818e-06 
Completing Iteration 7 (approx. per word bound = -13.390, relative change = 1.338e-06) 
.......................................................................................................
Completed E-Step (7 seconds). 
Completed M-Step (0 seconds). 
calculate log likelihood 
convergence.check is 1.258345e-06 
Completing Iteration 8 (approx. per word bound = -13.390, relative change = 1.258e-06) 
.......................................................................................................
Completed E-Step (7 seconds). 
Completed M-Step (0 seconds). 
calculate log likelihood 
convergence.check is 1.146569e-06 
Completing Iteration 9 (approx. per word bound = -13.390, relative change = 1.147e-06) 
.......................................................................................................
Completed E-Step (6 seconds). 
Completed M-Step (0 seconds). 
calculate log likelihood 
convergence.check is 1.107366e-06 
Completing Iteration 10 (approx. per word bound = -13.390, relative change = 1.107e-06) 
Topic 1: Gene3614, Gene1414, Gene3173, Gene2302, Gene3991 
 Topic 2: Gene740, Gene3614, Gene2191, Gene4609, Gene1414 
 Topic 3: Gene3876, Gene3614, Gene3825, Gene4591, Gene1617 
.......................................................................................................
Completed E-Step (6 seconds). 
Completed M-Step (0 seconds). 
calculate log likelihood 
convergence.check is 1.030445e-06 
Completing Iteration 11 (approx. per word bound = -13.390, relative change = 1.030e-06) 
.......................................................................................................
Completed E-Step (6 seconds). 
Completed M-Step (0 seconds). 
calculate log likelihood 
convergence.check is 9.791679e-07 
Model Converged 
5 select model run 
Initialization with topicScore. 
Initializing factors using Topic SCORE algorithm.
Initializing loadings by running 10 SCD updates.
.......................................................................................................
Completed E-Step (5 seconds). 
Completed M-Step (0 seconds). 
calculate log likelihood 
Completing Iteration 1 (approx. per word bound = -13.390) 
.......................................................................................................
Completed E-Step (8 seconds). 
Completed M-Step (0 seconds). 
calculate log likelihood 
convergence.check is -2.740556e-06 
Completing Iteration 2 (approx. per word bound = -13.390, relative change = -2.741e-06) 
.......................................................................................................
Completed E-Step (8 seconds). 
Completed M-Step (0 seconds). 
calculate log likelihood 
convergence.check is 1.918607e-06 
Completing Iteration 3 (approx. per word bound = -13.390, relative change = 1.919e-06) 
.......................................................................................................
Completed E-Step (8 seconds). 
Completed M-Step (0 seconds). 
calculate log likelihood 
convergence.check is 1.770293e-06 
Completing Iteration 4 (approx. per word bound = -13.390, relative change = 1.770e-06) 
.......................................................................................................
Completed E-Step (7 seconds). 
Completed M-Step (0 seconds). 
calculate log likelihood 
convergence.check is 1.607203e-06 
Completing Iteration 5 (approx. per word bound = -13.390, relative change = 1.607e-06) 
Topic 1: Gene3614, Gene1414, Gene3173, Gene2302, Gene3991 
 Topic 2: Gene740, Gene3614, Gene2191, Gene4609, Gene1414 
 Topic 3: Gene3876, Gene3825, Gene3614, Gene4591, Gene1617 
.......................................................................................................
Completed E-Step (7 seconds). 
Completed M-Step (0 seconds). 
calculate log likelihood 
convergence.check is 1.470312e-06 
Completing Iteration 6 (approx. per word bound = -13.390, relative change = 1.470e-06) 
.......................................................................................................
Completed E-Step (7 seconds). 
Completed M-Step (0 seconds). 
calculate log likelihood 
convergence.check is 1.356565e-06 
Completing Iteration 7 (approx. per word bound = -13.390, relative change = 1.357e-06) 
.......................................................................................................
Completed E-Step (7 seconds). 
Completed M-Step (0 seconds). 
calculate log likelihood 
convergence.check is 1.266677e-06 
Completing Iteration 8 (approx. per word bound = -13.390, relative change = 1.267e-06) 
.......................................................................................................
Completed E-Step (7 seconds). 
Completed M-Step (0 seconds). 
calculate log likelihood 
convergence.check is 1.194564e-06 
Completing Iteration 9 (approx. per word bound = -13.390, relative change = 1.195e-06) 
.......................................................................................................
Completed E-Step (7 seconds). 
Completed M-Step (0 seconds). 
calculate log likelihood 
convergence.check is 1.099663e-06 
Completing Iteration 10 (approx. per word bound = -13.390, relative change = 1.100e-06) 
Topic 1: Gene3614, Gene1414, Gene3173, Gene2302, Gene3991 
 Topic 2: Gene740, Gene3614, Gene2191, Gene4609, Gene1414 
 Topic 3: Gene3876, Gene3614, Gene3825, Gene4591, Gene1617 
.......................................................................................................
Completed E-Step (6 seconds). 
Completed M-Step (0 seconds). 
calculate log likelihood 
convergence.check is 1.063457e-06 
Completing Iteration 11 (approx. per word bound = -13.390, relative change = 1.063e-06) 
.......................................................................................................
Completed E-Step (6 seconds). 
Completed M-Step (0 seconds). 
calculate log likelihood 
convergence.check is 9.975531e-07 
Model Converged 
