sims_1716009702_pos_L3_c5.rds 
Found 6 batches
Using null model in ComBat-seq.
Adjusting for 0 covariate(s) or covariate level(s)
Estimating dispersions
Fitting the GLM model
Shrinkage off - using GLM estimates for parameters
Adjusting the data
Batch Effect Removed 
        R/alignCorpus.R R/asSTMCorpus.R R/checkBeta.R R/cloud.R
value   ?               ?               ?             ?        
visible FALSE           FALSE           FALSE         FALSE    
        R/CompositionChange.R R/convertCorpus.R R/estimateEffect.R
value   ?                     ?                 ?                 
visible FALSE                 FALSE             FALSE             
        R/estimateMixedEffect.R R/exclusivity.R R/findThoughts.R R/findTopic.R
value   ?                       ?               ?                ?            
visible FALSE                   FALSE           FALSE            FALSE        
        R/fitNewDocuments.R R/heldout.R R/jeffreyskappa.R R/labelTopics.R
value   ?                   ?           ?                 ?              
visible FALSE               FALSE       FALSE             FALSE          
        R/makeDesignMatrix.R R/manyTopics.R R/multiSTM.R R/optimalK.R
value   ?                    ?              ?            ?           
visible FALSE                FALSE          FALSE        FALSE       
        R/permute.R R/plot.estimateEffect.R R/plot.fixedEffect.R
value   ?           ?                       ?                   
visible FALSE       FALSE                   FALSE               
        R/plot.searchK.R R/plot.STM.R R/plotModels.R R/plotQuote.R
value   ?                ?            ?              ?            
visible FALSE            FALSE        FALSE          FALSE        
        R/plotRemoved.R R/plottingutilfns.R R/plotTopicLoess.R
value   ?               ?                   ?                 
visible FALSE           FALSE               FALSE             
        R/prepDocuments.R R/prepsce.R R/produce_cmatrix.R R/RcppExports.R
value   ?                 ?           ?                   ?              
visible FALSE             FALSE       FALSE               FALSE          
        R/readCorpus.R R/residuals.R R/s.R R/sageLabels.R R/scSTM.R
value   ?              ?             ?     ?              ?        
visible FALSE          FALSE         FALSE FALSE          FALSE    
        R/selectModel.R R/semanticCoherence.R R/simBetas.R R/spectral.R
value   ?               ?                     ?            ?           
visible FALSE           FALSE                 FALSE        FALSE       
        R/stm-package.R R/stm.control.R R/STMbound.R R/STMconvergence.R
value   NULL            ?               ?            ?                 
visible TRUE            FALSE           FALSE        FALSE             
        R/STMestep.R R/STMfunctions.R R/STMinit.R R/STMinitLikelihood.R
value   ?            ?                ?           ?                    
visible FALSE        FALSE            FALSE       FALSE                
        R/STMlncpp.R R/STMmnreg.R R/STMmu.R R/STMoptbeta.R R/STMreport.R
value   ?            ?            ?         ?              ?            
visible FALSE        FALSE        FALSE     FALSE          FALSE        
        R/STMsigma.R R/STMsigs.R R/STMsubset.R R/summary.STM.R R/tau.R
value   ?            ?           ?             ?               ?      
visible FALSE        FALSE       FALSE         FALSE           FALSE  
        R/textProcessor.R R/thetaPosterior.R R/toLDAvis.R R/topicCorr.R
value   ?                 ?                  ?            ?            
visible FALSE             FALSE              FALSE        FALSE        
        R/topicLasso.R R/topicQuality.R R/writeLdac.R R/zzz.R
value   ?              ?                ?             ?      
visible FALSE          FALSE            FALSE         FALSE  
Casting net 
1 models in net 
Initialization with topicScore. 
Initializing factors using Topic SCORE algorithm.
Initializing loadings by running 10 SCD updates.
......................................................................................................
Completed E-Step (23 seconds). 
Completed M-Step (0 seconds). 
calculate log likelihood 
Completing Iteration 1 (approx. per word bound = -34.228) 
......................................................................................................
Completed E-Step (15 seconds). 
Completed M-Step (0 seconds). 
calculate log likelihood 
convergence.check is 0.0006436544 
Completing Iteration 2 (approx. per word bound = -34.206, relative change = 6.437e-04) 
......................................................................................................
Completed E-Step (13 seconds). 
Completed M-Step (0 seconds). 
calculate log likelihood 
convergence.check is 0.0001790087 
Model Terminated Before Convergence Reached 
2 models in net 
Initialization with topicScore. 
Initializing factors using Topic SCORE algorithm.
Initializing loadings by running 10 SCD updates.
......................................................................................................
Completed E-Step (21 seconds). 
Completed M-Step (0 seconds). 
calculate log likelihood 
Completing Iteration 1 (approx. per word bound = -34.204) 
......................................................................................................
Completed E-Step (15 seconds). 
Completed M-Step (0 seconds). 
calculate log likelihood 
convergence.check is 0.0003287176 
Completing Iteration 2 (approx. per word bound = -34.192, relative change = 3.287e-04) 
......................................................................................................
Completed E-Step (13 seconds). 
Completed M-Step (0 seconds). 
calculate log likelihood 
convergence.check is 9.062595e-05 
Model Terminated Before Convergence Reached 
3 models in net 
Initialization with topicScore. 
Initializing factors using Topic SCORE algorithm.
Initializing loadings by running 10 SCD updates.
......................................................................................................
Completed E-Step (24 seconds). 
Completed M-Step (0 seconds). 
calculate log likelihood 
Completing Iteration 1 (approx. per word bound = -34.228) 
......................................................................................................
Completed E-Step (15 seconds). 
Completed M-Step (0 seconds). 
calculate log likelihood 
convergence.check is 0.0006436569 
Completing Iteration 2 (approx. per word bound = -34.206, relative change = 6.437e-04) 
......................................................................................................
Completed E-Step (13 seconds). 
Completed M-Step (0 seconds). 
calculate log likelihood 
convergence.check is 0.0001790093 
Model Terminated Before Convergence Reached 
4 models in net 
Initialization with topicScore. 
Initializing factors using Topic SCORE algorithm.
Initializing loadings by running 10 SCD updates.
......................................................................................................
Completed E-Step (19 seconds). 
Completed M-Step (0 seconds). 
calculate log likelihood 
Completing Iteration 1 (approx. per word bound = -34.224) 
......................................................................................................
Completed E-Step (13 seconds). 
Completed M-Step (0 seconds). 
calculate log likelihood 
convergence.check is 0.0004760745 
Completing Iteration 2 (approx. per word bound = -34.207, relative change = 4.761e-04) 
......................................................................................................
Completed E-Step (14 seconds). 
Completed M-Step (0 seconds). 
calculate log likelihood 
convergence.check is 8.291071e-05 
Model Terminated Before Convergence Reached 
5 models in net 
Initialization with topicScore. 
Initializing factors using Topic SCORE algorithm.
Initializing loadings by running 10 SCD updates.
......................................................................................................
Completed E-Step (20 seconds). 
Completed M-Step (0 seconds). 
calculate log likelihood 
Completing Iteration 1 (approx. per word bound = -34.197) 
......................................................................................................
Completed E-Step (14 seconds). 
Completed M-Step (0 seconds). 
calculate log likelihood 
convergence.check is 0.0001776912 
Completing Iteration 2 (approx. per word bound = -34.191, relative change = 1.777e-04) 
......................................................................................................
Completed E-Step (13 seconds). 
Completed M-Step (0 seconds). 
calculate log likelihood 
convergence.check is 6.820062e-05 
Model Terminated Before Convergence Reached 
6 models in net 
Initialization with topicScore. 
Initializing factors using Topic SCORE algorithm.
Initializing loadings by running 10 SCD updates.
......................................................................................................
Completed E-Step (17 seconds). 
Completed M-Step (0 seconds). 
calculate log likelihood 
Completing Iteration 1 (approx. per word bound = -34.151) 
......................................................................................................
Completed E-Step (14 seconds). 
Completed M-Step (0 seconds). 
calculate log likelihood 
convergence.check is 8.064347e-05 
Completing Iteration 2 (approx. per word bound = -34.148, relative change = 8.064e-05) 
......................................................................................................
Completed E-Step (13 seconds). 
Completed M-Step (0 seconds). 
calculate log likelihood 
convergence.check is 2.52374e-05 
Model Terminated Before Convergence Reached 
7 models in net 
Initialization with topicScore. 
Initializing factors using Topic SCORE algorithm.
Initializing loadings by running 10 SCD updates.
......................................................................................................
Completed E-Step (32 seconds). 
Completed M-Step (0 seconds). 
calculate log likelihood 
Completing Iteration 1 (approx. per word bound = -34.251) 
......................................................................................................
Completed E-Step (16 seconds). 
Completed M-Step (0 seconds). 
calculate log likelihood 
convergence.check is 0.001590657 
Completing Iteration 2 (approx. per word bound = -34.197, relative change = 1.591e-03) 
......................................................................................................
Completed E-Step (11 seconds). 
Completed M-Step (0 seconds). 
calculate log likelihood 
convergence.check is 0.0002227545 
Model Terminated Before Convergence Reached 
8 models in net 
Initialization with topicScore. 
Initializing factors using Topic SCORE algorithm.
Initializing loadings by running 10 SCD updates.
......................................................................................................
Completed E-Step (23 seconds). 
Completed M-Step (0 seconds). 
calculate log likelihood 
Completing Iteration 1 (approx. per word bound = -34.228) 
......................................................................................................
Completed E-Step (15 seconds). 
Completed M-Step (0 seconds). 
calculate log likelihood 
convergence.check is 0.0006436019 
Completing Iteration 2 (approx. per word bound = -34.206, relative change = 6.436e-04) 
......................................................................................................
Completed E-Step (13 seconds). 
Completed M-Step (0 seconds). 
calculate log likelihood 
convergence.check is 0.0001782981 
Model Terminated Before Convergence Reached 
9 models in net 
Initialization with topicScore. 
Initializing factors using Topic SCORE algorithm.
Initializing loadings by running 10 SCD updates.
......................................................................................................
Completed E-Step (24 seconds). 
Completed M-Step (0 seconds). 
calculate log likelihood 
Completing Iteration 1 (approx. per word bound = -34.228) 
......................................................................................................
Completed E-Step (15 seconds). 
Completed M-Step (0 seconds). 
calculate log likelihood 
convergence.check is 0.0006436682 
Completing Iteration 2 (approx. per word bound = -34.206, relative change = 6.437e-04) 
......................................................................................................
Completed E-Step (13 seconds). 
Completed M-Step (0 seconds). 
calculate log likelihood 
convergence.check is 0.0001789786 
Model Terminated Before Convergence Reached 
10 models in net 
Initialization with topicScore. 
Initializing factors using Topic SCORE algorithm.
Initializing loadings by running 10 SCD updates.
......................................................................................................
Completed E-Step (23 seconds). 
Completed M-Step (0 seconds). 
calculate log likelihood 
Completing Iteration 1 (approx. per word bound = -34.228) 
......................................................................................................
Completed E-Step (15 seconds). 
Completed M-Step (0 seconds). 
calculate log likelihood 
convergence.check is 0.0006405479 
Completing Iteration 2 (approx. per word bound = -34.206, relative change = 6.405e-04) 
......................................................................................................
Completed E-Step (14 seconds). 
Completed M-Step (0 seconds). 
calculate log likelihood 
convergence.check is 0.0001781695 
Model Terminated Before Convergence Reached 
11 models in net 
Beginning Spectral Initialization 
	 Calculating the gram matrix...
	 Finding anchor words...
 	.....
	 Recovering initialization...
 	......
Initialization complete.
......................................................................................................
Completed E-Step (21 seconds). 
Completed M-Step (0 seconds). 
calculate log likelihood 
Completing Iteration 1 (approx. per word bound = -34.187) 
......................................................................................................
Completed E-Step (12 seconds). 
Completed M-Step (0 seconds). 
calculate log likelihood 
convergence.check is 0.001396695 
Completing Iteration 2 (approx. per word bound = -34.139, relative change = 1.397e-03) 
......................................................................................................
Completed E-Step (10 seconds). 
Completed M-Step (0 seconds). 
calculate log likelihood 
convergence.check is 4.042787e-05 
Model Terminated Before Convergence Reached 
12 models in net 
Beginning Random Initialization 
Initialization with Poisson NMF 
......................................................................................................
Completed E-Step (29 seconds). 
Completed M-Step (0 seconds). 
calculate log likelihood 
Completing Iteration 1 (approx. per word bound = -44.748) 
......................................................................................................
Completed E-Step (16 seconds). 
Completed M-Step (0 seconds). 
calculate log likelihood 
convergence.check is 0.234037 
Completing Iteration 2 (approx. per word bound = -34.275, relative change = 2.340e-01) 
......................................................................................................
Completed E-Step (15 seconds). 
Completed M-Step (0 seconds). 
calculate log likelihood 
convergence.check is 0.0002070377 
Model Terminated Before Convergence Reached 
13 models in net 
Beginning Random Initialization 
Initialization with Poisson NMF 
......................................................................................................
Completed E-Step (28 seconds). 
Completed M-Step (0 seconds). 
calculate log likelihood 
Completing Iteration 1 (approx. per word bound = -44.288) 
......................................................................................................
Completed E-Step (14 seconds). 
Completed M-Step (0 seconds). 
calculate log likelihood 
convergence.check is 0.2261079 
Completing Iteration 2 (approx. per word bound = -34.274, relative change = 2.261e-01) 
......................................................................................................
Completed E-Step (13 seconds). 
Completed M-Step (0 seconds). 
calculate log likelihood 
convergence.check is 0.0004723163 
Model Terminated Before Convergence Reached 
14 models in net 
Beginning Random Initialization 
Initialization with Poisson NMF 
......................................................................................................
Completed E-Step (24 seconds). 
Completed M-Step (0 seconds). 
calculate log likelihood 
Completing Iteration 1 (approx. per word bound = -44.705) 
......................................................................................................
Completed E-Step (14 seconds). 
Completed M-Step (0 seconds). 
calculate log likelihood 
convergence.check is 0.2334363 
Completing Iteration 2 (approx. per word bound = -34.270, relative change = 2.334e-01) 
......................................................................................................
Completed E-Step (14 seconds). 
Completed M-Step (0 seconds). 
calculate log likelihood 
convergence.check is 0.0001164183 
Model Terminated Before Convergence Reached 
15 models in net 
Beginning Random Initialization 
Initialization with Poisson NMF 
......................................................................................................
Completed E-Step (26 seconds). 
Completed M-Step (0 seconds). 
calculate log likelihood 
Completing Iteration 1 (approx. per word bound = -44.651) 
......................................................................................................
Completed E-Step (14 seconds). 
Completed M-Step (0 seconds). 
calculate log likelihood 
convergence.check is 0.2322836 
Completing Iteration 2 (approx. per word bound = -34.279, relative change = 2.323e-01) 
......................................................................................................
Completed E-Step (14 seconds). 
Completed M-Step (0 seconds). 
calculate log likelihood 
convergence.check is 0.0001093236 
Model Terminated Before Convergence Reached 
16 models in net 
Beginning Random Initialization 
Initialization with Poisson NMF 
......................................................................................................
Completed E-Step (27 seconds). 
Completed M-Step (0 seconds). 
calculate log likelihood 
Completing Iteration 1 (approx. per word bound = -44.719) 
......................................................................................................
Completed E-Step (14 seconds). 
Completed M-Step (0 seconds). 
calculate log likelihood 
convergence.check is 0.2334931 
Completing Iteration 2 (approx. per word bound = -34.277, relative change = 2.335e-01) 
......................................................................................................
Completed E-Step (14 seconds). 
Completed M-Step (0 seconds). 
calculate log likelihood 
convergence.check is 7.621189e-05 
Model Terminated Before Convergence Reached 
17 models in net 
Beginning Random Initialization 
Initialization with Poisson NMF 
......................................................................................................
Completed E-Step (27 seconds). 
Completed M-Step (0 seconds). 
calculate log likelihood 
Completing Iteration 1 (approx. per word bound = -44.435) 
......................................................................................................
Completed E-Step (14 seconds). 
Completed M-Step (0 seconds). 
calculate log likelihood 
convergence.check is 0.2285803 
Completing Iteration 2 (approx. per word bound = -34.278, relative change = 2.286e-01) 
......................................................................................................
Completed E-Step (14 seconds). 
Completed M-Step (0 seconds). 
calculate log likelihood 
convergence.check is 9.379784e-05 
Model Terminated Before Convergence Reached 
18 models in net 
Beginning Random Initialization 
Initialization with Poisson NMF 
......................................................................................................
Completed E-Step (27 seconds). 
Completed M-Step (0 seconds). 
calculate log likelihood 
Completing Iteration 1 (approx. per word bound = -44.750) 
......................................................................................................
Completed E-Step (9 seconds). 
Completed M-Step (0 seconds). 
calculate log likelihood 
convergence.check is 0.2340557 
Completing Iteration 2 (approx. per word bound = -34.276, relative change = 2.341e-01) 
......................................................................................................
Completed E-Step (10 seconds). 
Completed M-Step (0 seconds). 
calculate log likelihood 
convergence.check is 0.0002028397 
Model Terminated Before Convergence Reached 
19 models in net 
Beginning Random Initialization 
Initialization with Poisson NMF 
......................................................................................................
Completed E-Step (24 seconds). 
Completed M-Step (0 seconds). 
calculate log likelihood 
Completing Iteration 1 (approx. per word bound = -44.819) 
......................................................................................................
Completed E-Step (13 seconds). 
Completed M-Step (0 seconds). 
calculate log likelihood 
convergence.check is 0.2352394 
Completing Iteration 2 (approx. per word bound = -34.276, relative change = 2.352e-01) 
......................................................................................................
Completed E-Step (13 seconds). 
Completed M-Step (0 seconds). 
calculate log likelihood 
convergence.check is 4.634479e-05 
Model Terminated Before Convergence Reached 
20 models in net 
Beginning Random Initialization 
Initialization with Poisson NMF 
......................................................................................................
Completed E-Step (22 seconds). 
Completed M-Step (0 seconds). 
calculate log likelihood 
Completing Iteration 1 (approx. per word bound = -44.678) 
......................................................................................................
Completed E-Step (15 seconds). 
Completed M-Step (0 seconds). 
calculate log likelihood 
convergence.check is 0.2328856 
Completing Iteration 2 (approx. per word bound = -34.273, relative change = 2.329e-01) 
......................................................................................................
Completed E-Step (15 seconds). 
Completed M-Step (0 seconds). 
calculate log likelihood 
convergence.check is 5.954732e-05 
Model Terminated Before Convergence Reached 
21 models in net 
Beginning Random Initialization 
Initialization with Poisson NMF 
......................................................................................................
Completed E-Step (25 seconds). 
Completed M-Step (0 seconds). 
calculate log likelihood 
Completing Iteration 1 (approx. per word bound = -44.992) 
......................................................................................................
Completed E-Step (14 seconds). 
Completed M-Step (0 seconds). 
calculate log likelihood 
convergence.check is 0.2382026 
Completing Iteration 2 (approx. per word bound = -34.275, relative change = 2.382e-01) 
......................................................................................................
Completed E-Step (13 seconds). 
Completed M-Step (0 seconds). 
calculate log likelihood 
convergence.check is 9.387408e-05 
Model Terminated Before Convergence Reached 
Running select models 
1 select model run 
Beginning Spectral Initialization 
	 Calculating the gram matrix...
	 Finding anchor words...
 	.....
	 Recovering initialization...
 	......
Initialization complete.
......................................................................................................
Completed E-Step (20 seconds). 
Completed M-Step (0 seconds). 
calculate log likelihood 
Completing Iteration 1 (approx. per word bound = -34.187) 
......................................................................................................
Completed E-Step (12 seconds). 
Completed M-Step (0 seconds). 
calculate log likelihood 
convergence.check is 0.001396695 
Completing Iteration 2 (approx. per word bound = -34.139, relative change = 1.397e-03) 
......................................................................................................
Completed E-Step (11 seconds). 
Completed M-Step (0 seconds). 
calculate log likelihood 
convergence.check is 4.042787e-05 
Completing Iteration 3 (approx. per word bound = -34.138, relative change = 4.043e-05) 
......................................................................................................
Completed E-Step (9 seconds). 
Completed M-Step (0 seconds). 
calculate log likelihood 
convergence.check is 7.095457e-06 
Completing Iteration 4 (approx. per word bound = -34.138, relative change = 7.095e-06) 
......................................................................................................
Completed E-Step (8 seconds). 
Completed M-Step (0 seconds). 
calculate log likelihood 
convergence.check is 1.621685e-06 
Completing Iteration 5 (approx. per word bound = -34.138, relative change = 1.622e-06) 
Topic 1: Gene204, Gene977, Gene402, Gene225, Gene628 
 Topic 2: Gene1487, Gene246, Gene402, Gene225, Gene628 
 Topic 3: Gene1189, Gene977, Gene402, Gene225, Gene502 
 Topic 4: Gene302, Gene672, Gene124, Gene1189, Gene977 
 Topic 5: Gene403, Gene1169, Gene402, Gene977, Gene628 
......................................................................................................
Completed E-Step (8 seconds). 
Completed M-Step (0 seconds). 
calculate log likelihood 
convergence.check is 5.578607e-07 
Model Converged 
2 select model run 
Initialization with topicScore. 
Initializing factors using Topic SCORE algorithm.
Initializing loadings by running 10 SCD updates.
......................................................................................................
Completed E-Step (17 seconds). 
Completed M-Step (0 seconds). 
calculate log likelihood 
Completing Iteration 1 (approx. per word bound = -34.151) 
......................................................................................................
Completed E-Step (15 seconds). 
Completed M-Step (0 seconds). 
calculate log likelihood 
convergence.check is 8.064347e-05 
Completing Iteration 2 (approx. per word bound = -34.148, relative change = 8.064e-05) 
......................................................................................................
Completed E-Step (13 seconds). 
Completed M-Step (0 seconds). 
calculate log likelihood 
convergence.check is 2.52374e-05 
Completing Iteration 3 (approx. per word bound = -34.147, relative change = 2.524e-05) 
......................................................................................................
Completed E-Step (13 seconds). 
Completed M-Step (0 seconds). 
calculate log likelihood 
convergence.check is 1.823889e-05 
Completing Iteration 4 (approx. per word bound = -34.146, relative change = 1.824e-05) 
......................................................................................................
Completed E-Step (14 seconds). 
Completed M-Step (0 seconds). 
calculate log likelihood 
convergence.check is 1.478054e-05 
Completing Iteration 5 (approx. per word bound = -34.146, relative change = 1.478e-05) 
Topic 1: Gene1189, Gene502, Gene109, Gene977, Gene1487 
 Topic 2: Gene204, Gene977, Gene1189, Gene402, Gene225 
 Topic 3: Gene1169, Gene403, Gene1483, Gene402, Gene1189 
 Topic 4: Gene1487, Gene246, Gene204, Gene628, Gene402 
 Topic 5: Gene672, Gene302, Gene1189, Gene124, Gene977 
......................................................................................................
Completed E-Step (12 seconds). 
Completed M-Step (0 seconds). 
calculate log likelihood 
convergence.check is 1.247369e-05 
Completing Iteration 6 (approx. per word bound = -34.145, relative change = 1.247e-05) 
......................................................................................................
Completed E-Step (14 seconds). 
Completed M-Step (0 seconds). 
calculate log likelihood 
convergence.check is 1.106295e-05 
Completing Iteration 7 (approx. per word bound = -34.145, relative change = 1.106e-05) 
......................................................................................................
Completed E-Step (13 seconds). 
Completed M-Step (0 seconds). 
calculate log likelihood 
convergence.check is 9.770573e-06 
Completing Iteration 8 (approx. per word bound = -34.145, relative change = 9.771e-06) 
......................................................................................................
Completed E-Step (14 seconds). 
Completed M-Step (0 seconds). 
calculate log likelihood 
convergence.check is 8.863869e-06 
Completing Iteration 9 (approx. per word bound = -34.144, relative change = 8.864e-06) 
......................................................................................................
Completed E-Step (13 seconds). 
Completed M-Step (0 seconds). 
calculate log likelihood 
convergence.check is 7.987376e-06 
Completing Iteration 10 (approx. per word bound = -34.144, relative change = 7.987e-06) 
Topic 1: Gene1189, Gene502, Gene109, Gene977, Gene402 
 Topic 2: Gene204, Gene977, Gene1189, Gene402, Gene225 
 Topic 3: Gene403, Gene1169, Gene402, Gene1189, Gene628 
 Topic 4: Gene1487, Gene246, Gene204, Gene628, Gene402 
 Topic 5: Gene672, Gene302, Gene1189, Gene124, Gene977 
......................................................................................................
Completed E-Step (14 seconds). 
Completed M-Step (0 seconds). 
calculate log likelihood 
convergence.check is 7.309434e-06 
Completing Iteration 11 (approx. per word bound = -34.144, relative change = 7.309e-06) 
......................................................................................................
Completed E-Step (14 seconds). 
Completed M-Step (0 seconds). 
calculate log likelihood 
convergence.check is 6.671497e-06 
Completing Iteration 12 (approx. per word bound = -34.144, relative change = 6.671e-06) 
......................................................................................................
Completed E-Step (14 seconds). 
Completed M-Step (0 seconds). 
calculate log likelihood 
convergence.check is 6.073703e-06 
Completing Iteration 13 (approx. per word bound = -34.143, relative change = 6.074e-06) 
......................................................................................................
Completed E-Step (13 seconds). 
Completed M-Step (0 seconds). 
calculate log likelihood 
convergence.check is 5.632236e-06 
Completing Iteration 14 (approx. per word bound = -34.143, relative change = 5.632e-06) 
......................................................................................................
Completed E-Step (14 seconds). 
Completed M-Step (0 seconds). 
calculate log likelihood 
convergence.check is 5.023434e-06 
Completing Iteration 15 (approx. per word bound = -34.143, relative change = 5.023e-06) 
Topic 1: Gene1189, Gene502, Gene109, Gene977, Gene402 
 Topic 2: Gene204, Gene977, Gene1189, Gene402, Gene225 
 Topic 3: Gene403, Gene1169, Gene402, Gene1189, Gene628 
 Topic 4: Gene1487, Gene246, Gene204, Gene628, Gene904 
 Topic 5: Gene672, Gene302, Gene1189, Gene124, Gene977 
......................................................................................................
Completed E-Step (13 seconds). 
Completed M-Step (0 seconds). 
calculate log likelihood 
convergence.check is 4.739893e-06 
Completing Iteration 16 (approx. per word bound = -34.143, relative change = 4.740e-06) 
......................................................................................................
Completed E-Step (13 seconds). 
Completed M-Step (0 seconds). 
calculate log likelihood 
convergence.check is 4.329625e-06 
Completing Iteration 17 (approx. per word bound = -34.143, relative change = 4.330e-06) 
......................................................................................................
Completed E-Step (13 seconds). 
Completed M-Step (0 seconds). 
calculate log likelihood 
convergence.check is 3.995709e-06 
Completing Iteration 18 (approx. per word bound = -34.143, relative change = 3.996e-06) 
......................................................................................................
Completed E-Step (13 seconds). 
Completed M-Step (0 seconds). 
calculate log likelihood 
convergence.check is 3.677802e-06 
Completing Iteration 19 (approx. per word bound = -34.142, relative change = 3.678e-06) 
......................................................................................................
Completed E-Step (13 seconds). 
Completed M-Step (0 seconds). 
calculate log likelihood 
convergence.check is 3.38936e-06 
Completing Iteration 20 (approx. per word bound = -34.142, relative change = 3.389e-06) 
Topic 1: Gene1189, Gene502, Gene109, Gene977, Gene402 
 Topic 2: Gene204, Gene977, Gene1189, Gene402, Gene225 
 Topic 3: Gene403, Gene1169, Gene402, Gene1189, Gene628 
 Topic 4: Gene1487, Gene246, Gene204, Gene904, Gene628 
 Topic 5: Gene672, Gene302, Gene1189, Gene124, Gene977 
......................................................................................................
Completed E-Step (12 seconds). 
Completed M-Step (0 seconds). 
calculate log likelihood 
convergence.check is 3.074158e-06 
Completing Iteration 21 (approx. per word bound = -34.142, relative change = 3.074e-06) 
......................................................................................................
Completed E-Step (12 seconds). 
Completed M-Step (0 seconds). 
calculate log likelihood 
convergence.check is 2.804728e-06 
Completing Iteration 22 (approx. per word bound = -34.142, relative change = 2.805e-06) 
......................................................................................................
Completed E-Step (12 seconds). 
Completed M-Step (0 seconds). 
calculate log likelihood 
convergence.check is 2.554809e-06 
Completing Iteration 23 (approx. per word bound = -34.142, relative change = 2.555e-06) 
......................................................................................................
Completed E-Step (11 seconds). 
Completed M-Step (0 seconds). 
calculate log likelihood 
convergence.check is 2.345696e-06 
Completing Iteration 24 (approx. per word bound = -34.142, relative change = 2.346e-06) 
......................................................................................................
Completed E-Step (11 seconds). 
Completed M-Step (0 seconds). 
calculate log likelihood 
convergence.check is 2.194665e-06 
Completing Iteration 25 (approx. per word bound = -34.142, relative change = 2.195e-06) 
Topic 1: Gene1189, Gene502, Gene109, Gene977, Gene402 
 Topic 2: Gene204, Gene977, Gene1189, Gene402, Gene225 
 Topic 3: Gene403, Gene1169, Gene1189, Gene402, Gene977 
 Topic 4: Gene1487, Gene246, Gene204, Gene904, Gene628 
 Topic 5: Gene672, Gene302, Gene1189, Gene124, Gene977 
......................................................................................................
Completed E-Step (11 seconds). 
Completed M-Step (0 seconds). 
calculate log likelihood 
convergence.check is 1.975807e-06 
Completing Iteration 26 (approx. per word bound = -34.142, relative change = 1.976e-06) 
......................................................................................................
Completed E-Step (11 seconds). 
Completed M-Step (0 seconds). 
calculate log likelihood 
convergence.check is 1.838512e-06 
Completing Iteration 27 (approx. per word bound = -34.142, relative change = 1.839e-06) 
......................................................................................................
Completed E-Step (11 seconds). 
Completed M-Step (0 seconds). 
calculate log likelihood 
convergence.check is 1.544485e-06 
Completing Iteration 28 (approx. per word bound = -34.142, relative change = 1.544e-06) 
......................................................................................................
Completed E-Step (10 seconds). 
Completed M-Step (0 seconds). 
calculate log likelihood 
convergence.check is 1.509768e-06 
Completing Iteration 29 (approx. per word bound = -34.142, relative change = 1.510e-06) 
......................................................................................................
Completed E-Step (10 seconds). 
Completed M-Step (0 seconds). 
calculate log likelihood 
convergence.check is 1.231873e-06 
Completing Iteration 30 (approx. per word bound = -34.142, relative change = 1.232e-06) 
Topic 1: Gene1189, Gene502, Gene109, Gene977, Gene402 
 Topic 2: Gene204, Gene977, Gene1189, Gene402, Gene225 
 Topic 3: Gene403, Gene1169, Gene1189, Gene402, Gene977 
 Topic 4: Gene1487, Gene246, Gene204, Gene904, Gene628 
 Topic 5: Gene302, Gene672, Gene1189, Gene124, Gene977 
......................................................................................................
Completed E-Step (10 seconds). 
Completed M-Step (0 seconds). 
calculate log likelihood 
convergence.check is 1.232054e-06 
Completing Iteration 31 (approx. per word bound = -34.142, relative change = 1.232e-06) 
......................................................................................................
Completed E-Step (12 seconds). 
Completed M-Step (0 seconds). 
calculate log likelihood 
convergence.check is 1.155612e-06 
Completing Iteration 32 (approx. per word bound = -34.142, relative change = 1.156e-06) 
......................................................................................................
Completed E-Step (9 seconds). 
Completed M-Step (0 seconds). 
calculate log likelihood 
convergence.check is 9.991708e-07 
Model Converged 
3 select model run 
Initialization with topicScore. 
Initializing factors using Topic SCORE algorithm.
Initializing loadings by running 10 SCD updates.
......................................................................................................
Completed E-Step (20 seconds). 
Completed M-Step (0 seconds). 
calculate log likelihood 
Completing Iteration 1 (approx. per word bound = -34.197) 
......................................................................................................
Completed E-Step (15 seconds). 
Completed M-Step (0 seconds). 
calculate log likelihood 
convergence.check is 0.0001776912 
Completing Iteration 2 (approx. per word bound = -34.191, relative change = 1.777e-04) 
......................................................................................................
Completed E-Step (15 seconds). 
Completed M-Step (0 seconds). 
calculate log likelihood 
convergence.check is 6.820062e-05 
Completing Iteration 3 (approx. per word bound = -34.189, relative change = 6.820e-05) 
......................................................................................................
Completed E-Step (13 seconds). 
Completed M-Step (0 seconds). 
calculate log likelihood 
convergence.check is 4.134492e-05 
Completing Iteration 4 (approx. per word bound = -34.187, relative change = 4.134e-05) 
......................................................................................................
Completed E-Step (13 seconds). 
Completed M-Step (0 seconds). 
calculate log likelihood 
convergence.check is 2.938845e-05 
Completing Iteration 5 (approx. per word bound = -34.186, relative change = 2.939e-05) 
Topic 1: Gene1189, Gene502, Gene977, Gene148, Gene84 
 Topic 2: Gene1189, Gene302, Gene148, Gene977, Gene672 
 Topic 3: Gene204, Gene402, Gene904, Gene225, Gene54 
 Topic 4: Gene1487, Gene403, Gene246, Gene402, Gene225 
 Topic 5: Gene124, Gene977, Gene672, Gene84, Gene1189 
......................................................................................................
Completed E-Step (14 seconds). 
Completed M-Step (0 seconds). 
calculate log likelihood 
convergence.check is 2.289077e-05 
Completing Iteration 6 (approx. per word bound = -34.186, relative change = 2.289e-05) 
......................................................................................................
Completed E-Step (14 seconds). 
Completed M-Step (0 seconds). 
calculate log likelihood 
convergence.check is 1.961085e-05 
Completing Iteration 7 (approx. per word bound = -34.185, relative change = 1.961e-05) 
......................................................................................................
Completed E-Step (14 seconds). 
Completed M-Step (0 seconds). 
calculate log likelihood 
convergence.check is 1.7744e-05 
Completing Iteration 8 (approx. per word bound = -34.184, relative change = 1.774e-05) 
......................................................................................................
Completed E-Step (13 seconds). 
Completed M-Step (0 seconds). 
calculate log likelihood 
convergence.check is 1.658245e-05 
Completing Iteration 9 (approx. per word bound = -34.184, relative change = 1.658e-05) 
......................................................................................................
Completed E-Step (13 seconds). 
Completed M-Step (0 seconds). 
calculate log likelihood 
convergence.check is 1.651647e-05 
Completing Iteration 10 (approx. per word bound = -34.183, relative change = 1.652e-05) 
Topic 1: Gene1189, Gene502, Gene977, Gene148, Gene84 
 Topic 2: Gene1189, Gene302, Gene148, Gene977, Gene435 
 Topic 3: Gene204, Gene402, Gene225, Gene904, Gene54 
 Topic 4: Gene1487, Gene403, Gene246, Gene402, Gene225 
 Topic 5: Gene672, Gene124, Gene977, Gene84, Gene1130 
......................................................................................................
Completed E-Step (13 seconds). 
Completed M-Step (0 seconds). 
calculate log likelihood 
convergence.check is 1.625048e-05 
Completing Iteration 11 (approx. per word bound = -34.183, relative change = 1.625e-05) 
......................................................................................................
Completed E-Step (13 seconds). 
Completed M-Step (0 seconds). 
calculate log likelihood 
convergence.check is 1.679145e-05 
Completing Iteration 12 (approx. per word bound = -34.182, relative change = 1.679e-05) 
......................................................................................................
Completed E-Step (13 seconds). 
Completed M-Step (0 seconds). 
calculate log likelihood 
convergence.check is 1.676131e-05 
Completing Iteration 13 (approx. per word bound = -34.182, relative change = 1.676e-05) 
......................................................................................................
Completed E-Step (13 seconds). 
Completed M-Step (0 seconds). 
calculate log likelihood 
convergence.check is 1.681173e-05 
Completing Iteration 14 (approx. per word bound = -34.181, relative change = 1.681e-05) 
......................................................................................................
Completed E-Step (13 seconds). 
Completed M-Step (0 seconds). 
calculate log likelihood 
convergence.check is 1.639209e-05 
Completing Iteration 15 (approx. per word bound = -34.180, relative change = 1.639e-05) 
Topic 1: Gene1189, Gene502, Gene977, Gene148, Gene84 
 Topic 2: Gene1189, Gene148, Gene977, Gene302, Gene435 
 Topic 3: Gene204, Gene402, Gene225, Gene904, Gene54 
 Topic 4: Gene1487, Gene403, Gene246, Gene402, Gene225 
 Topic 5: Gene672, Gene124, Gene977, Gene84, Gene302 
......................................................................................................
Completed E-Step (13 seconds). 
Completed M-Step (0 seconds). 
calculate log likelihood 
convergence.check is 1.600612e-05 
Completing Iteration 16 (approx. per word bound = -34.180, relative change = 1.601e-05) 
......................................................................................................
Completed E-Step (13 seconds). 
Completed M-Step (0 seconds). 
calculate log likelihood 
convergence.check is 1.529257e-05 
Completing Iteration 17 (approx. per word bound = -34.179, relative change = 1.529e-05) 
......................................................................................................
Completed E-Step (12 seconds). 
Completed M-Step (0 seconds). 
calculate log likelihood 
convergence.check is 1.431042e-05 
Completing Iteration 18 (approx. per word bound = -34.179, relative change = 1.431e-05) 
......................................................................................................
Completed E-Step (13 seconds). 
Completed M-Step (0 seconds). 
calculate log likelihood 
convergence.check is 1.333969e-05 
Completing Iteration 19 (approx. per word bound = -34.178, relative change = 1.334e-05) 
......................................................................................................
Completed E-Step (13 seconds). 
Completed M-Step (0 seconds). 
calculate log likelihood 
convergence.check is 1.224428e-05 
Completing Iteration 20 (approx. per word bound = -34.178, relative change = 1.224e-05) 
Topic 1: Gene1189, Gene502, Gene977, Gene148, Gene84 
 Topic 2: Gene1189, Gene148, Gene977, Gene435, Gene505 
 Topic 3: Gene204, Gene402, Gene225, Gene904, Gene54 
 Topic 4: Gene1487, Gene403, Gene246, Gene402, Gene225 
 Topic 5: Gene672, Gene124, Gene977, Gene302, Gene1130 
......................................................................................................
Completed E-Step (13 seconds). 
Completed M-Step (0 seconds). 
calculate log likelihood 
convergence.check is 1.095406e-05 
Completing Iteration 21 (approx. per word bound = -34.178, relative change = 1.095e-05) 
......................................................................................................
Completed E-Step (12 seconds). 
Completed M-Step (0 seconds). 
calculate log likelihood 
convergence.check is 1.009999e-05 
Completing Iteration 22 (approx. per word bound = -34.177, relative change = 1.010e-05) 
......................................................................................................
Completed E-Step (12 seconds). 
Completed M-Step (0 seconds). 
calculate log likelihood 
convergence.check is 8.894301e-06 
Completing Iteration 23 (approx. per word bound = -34.177, relative change = 8.894e-06) 
......................................................................................................
Completed E-Step (12 seconds). 
Completed M-Step (0 seconds). 
calculate log likelihood 
convergence.check is 8.056387e-06 
Completing Iteration 24 (approx. per word bound = -34.177, relative change = 8.056e-06) 
......................................................................................................
Completed E-Step (12 seconds). 
Completed M-Step (0 seconds). 
calculate log likelihood 
convergence.check is 7.384112e-06 
Completing Iteration 25 (approx. per word bound = -34.176, relative change = 7.384e-06) 
Topic 1: Gene1189, Gene502, Gene977, Gene148, Gene84 
 Topic 2: Gene1189, Gene977, Gene148, Gene435, Gene505 
 Topic 3: Gene204, Gene402, Gene225, Gene904, Gene628 
 Topic 4: Gene1487, Gene403, Gene246, Gene402, Gene225 
 Topic 5: Gene672, Gene124, Gene302, Gene977, Gene1130 
......................................................................................................
Completed E-Step (12 seconds). 
Completed M-Step (0 seconds). 
calculate log likelihood 
convergence.check is 6.81969e-06 
Completing Iteration 26 (approx. per word bound = -34.176, relative change = 6.820e-06) 
......................................................................................................
Completed E-Step (11 seconds). 
Completed M-Step (0 seconds). 
calculate log likelihood 
convergence.check is 5.963547e-06 
Completing Iteration 27 (approx. per word bound = -34.176, relative change = 5.964e-06) 
......................................................................................................
Completed E-Step (12 seconds). 
Completed M-Step (0 seconds). 
calculate log likelihood 
convergence.check is 5.585663e-06 
Completing Iteration 28 (approx. per word bound = -34.176, relative change = 5.586e-06) 
......................................................................................................
Completed E-Step (12 seconds). 
Completed M-Step (0 seconds). 
calculate log likelihood 
convergence.check is 4.930413e-06 
Completing Iteration 29 (approx. per word bound = -34.176, relative change = 4.930e-06) 
......................................................................................................
Completed E-Step (12 seconds). 
Completed M-Step (0 seconds). 
calculate log likelihood 
convergence.check is 4.565945e-06 
Completing Iteration 30 (approx. per word bound = -34.175, relative change = 4.566e-06) 
Topic 1: Gene1189, Gene502, Gene977, Gene148, Gene84 
 Topic 2: Gene1189, Gene977, Gene148, Gene435, Gene505 
 Topic 3: Gene204, Gene402, Gene225, Gene403, Gene628 
 Topic 4: Gene1487, Gene403, Gene402, Gene246, Gene225 
 Topic 5: Gene672, Gene124, Gene302, Gene977, Gene1189 
......................................................................................................
Completed E-Step (12 seconds). 
Completed M-Step (0 seconds). 
calculate log likelihood 
convergence.check is 4.03868e-06 
Completing Iteration 31 (approx. per word bound = -34.175, relative change = 4.039e-06) 
......................................................................................................
Completed E-Step (11 seconds). 
Completed M-Step (0 seconds). 
calculate log likelihood 
convergence.check is 3.714377e-06 
Completing Iteration 32 (approx. per word bound = -34.175, relative change = 3.714e-06) 
......................................................................................................
Completed E-Step (11 seconds). 
Completed M-Step (0 seconds). 
calculate log likelihood 
convergence.check is 3.244884e-06 
Completing Iteration 33 (approx. per word bound = -34.175, relative change = 3.245e-06) 
......................................................................................................
Completed E-Step (11 seconds). 
Completed M-Step (0 seconds). 
calculate log likelihood 
convergence.check is 3.31918e-06 
Completing Iteration 34 (approx. per word bound = -34.175, relative change = 3.319e-06) 
......................................................................................................
Completed E-Step (10 seconds). 
Completed M-Step (0 seconds). 
calculate log likelihood 
convergence.check is 2.684734e-06 
Completing Iteration 35 (approx. per word bound = -34.175, relative change = 2.685e-06) 
Topic 1: Gene1189, Gene502, Gene977, Gene148, Gene109 
 Topic 2: Gene1189, Gene977, Gene148, Gene435, Gene505 
 Topic 3: Gene204, Gene402, Gene225, Gene403, Gene628 
 Topic 4: Gene1487, Gene403, Gene402, Gene246, Gene225 
 Topic 5: Gene672, Gene302, Gene124, Gene977, Gene1189 
......................................................................................................
Completed E-Step (11 seconds). 
Completed M-Step (0 seconds). 
calculate log likelihood 
convergence.check is 2.714885e-06 
Completing Iteration 36 (approx. per word bound = -34.175, relative change = 2.715e-06) 
......................................................................................................
Completed E-Step (11 seconds). 
Completed M-Step (0 seconds). 
calculate log likelihood 
convergence.check is 2.261493e-06 
Completing Iteration 37 (approx. per word bound = -34.175, relative change = 2.261e-06) 
......................................................................................................
Completed E-Step (10 seconds). 
Completed M-Step (0 seconds). 
calculate log likelihood 
convergence.check is 2.204617e-06 
Completing Iteration 38 (approx. per word bound = -34.175, relative change = 2.205e-06) 
......................................................................................................
Completed E-Step (10 seconds). 
Completed M-Step (0 seconds). 
calculate log likelihood 
convergence.check is 2.022333e-06 
Completing Iteration 39 (approx. per word bound = -34.175, relative change = 2.022e-06) 
......................................................................................................
Completed E-Step (10 seconds). 
Completed M-Step (0 seconds). 
calculate log likelihood 
convergence.check is 1.848803e-06 
Completing Iteration 40 (approx. per word bound = -34.175, relative change = 1.849e-06) 
Topic 1: Gene1189, Gene502, Gene977, Gene148, Gene109 
 Topic 2: Gene1189, Gene977, Gene148, Gene435, Gene505 
 Topic 3: Gene204, Gene402, Gene225, Gene403, Gene628 
 Topic 4: Gene1487, Gene403, Gene402, Gene246, Gene225 
 Topic 5: Gene672, Gene302, Gene124, Gene1189, Gene977 
......................................................................................................
Completed E-Step (10 seconds). 
Completed M-Step (0 seconds). 
calculate log likelihood 
convergence.check is 1.635915e-06 
Completing Iteration 41 (approx. per word bound = -34.174, relative change = 1.636e-06) 
......................................................................................................
Completed E-Step (10 seconds). 
Completed M-Step (0 seconds). 
calculate log likelihood 
convergence.check is 1.670036e-06 
Completing Iteration 42 (approx. per word bound = -34.174, relative change = 1.670e-06) 
......................................................................................................
Completed E-Step (9 seconds). 
Completed M-Step (0 seconds). 
calculate log likelihood 
convergence.check is 1.705085e-06 
Completing Iteration 43 (approx. per word bound = -34.174, relative change = 1.705e-06) 
......................................................................................................
Completed E-Step (9 seconds). 
Completed M-Step (0 seconds). 
calculate log likelihood 
convergence.check is 1.390958e-06 
Completing Iteration 44 (approx. per word bound = -34.174, relative change = 1.391e-06) 
......................................................................................................
Completed E-Step (9 seconds). 
Completed M-Step (0 seconds). 
calculate log likelihood 
convergence.check is 1.146278e-06 
Completing Iteration 45 (approx. per word bound = -34.174, relative change = 1.146e-06) 
Topic 1: Gene1189, Gene502, Gene977, Gene148, Gene109 
 Topic 2: Gene1189, Gene977, Gene148, Gene435, Gene505 
 Topic 3: Gene204, Gene402, Gene225, Gene403, Gene628 
 Topic 4: Gene1487, Gene403, Gene402, Gene246, Gene225 
 Topic 5: Gene672, Gene302, Gene124, Gene1189, Gene977 
......................................................................................................
Completed E-Step (9 seconds). 
Completed M-Step (0 seconds). 
calculate log likelihood 
convergence.check is 1.335468e-06 
Completing Iteration 46 (approx. per word bound = -34.174, relative change = 1.335e-06) 
......................................................................................................
Completed E-Step (11 seconds). 
Completed M-Step (0 seconds). 
calculate log likelihood 
convergence.check is 1.091438e-06 
Completing Iteration 47 (approx. per word bound = -34.174, relative change = 1.091e-06) 
......................................................................................................
Completed E-Step (9 seconds). 
Completed M-Step (0 seconds). 
calculate log likelihood 
convergence.check is 1.07504e-06 
Completing Iteration 48 (approx. per word bound = -34.174, relative change = 1.075e-06) 
......................................................................................................
Completed E-Step (9 seconds). 
Completed M-Step (0 seconds). 
calculate log likelihood 
convergence.check is 9.963345e-07 
Model Converged 
