sims_1715949561_pos_L2_c9.rds 
Found 6 batches
Using null model in ComBat-seq.
Adjusting for 0 covariate(s) or covariate level(s)
Estimating dispersions
Fitting the GLM model
Shrinkage off - using GLM estimates for parameters
Adjusting the data
Batch Effect Removed 
        R/alignCorpus.R R/asSTMCorpus.R R/checkBeta.R R/cloud.R
value   ?               ?               ?             ?        
visible FALSE           FALSE           FALSE         FALSE    
        R/CompositionChange.R R/convertCorpus.R R/estimateEffect.R
value   ?                     ?                 ?                 
visible FALSE                 FALSE             FALSE             
        R/estimateMixedEffect.R R/exclusivity.R R/findThoughts.R R/findTopic.R
value   ?                       ?               ?                ?            
visible FALSE                   FALSE           FALSE            FALSE        
        R/fitNewDocuments.R R/heldout.R R/jeffreyskappa.R R/labelTopics.R
value   ?                   ?           ?                 ?              
visible FALSE               FALSE       FALSE             FALSE          
        R/makeDesignMatrix.R R/manyTopics.R R/multiSTM.R R/optimalK.R
value   ?                    ?              ?            ?           
visible FALSE                FALSE          FALSE        FALSE       
        R/permute.R R/plot.estimateEffect.R R/plot.fixedEffect.R
value   ?           ?                       ?                   
visible FALSE       FALSE                   FALSE               
        R/plot.searchK.R R/plot.STM.R R/plotModels.R R/plotQuote.R
value   ?                ?            ?              ?            
visible FALSE            FALSE        FALSE          FALSE        
        R/plotRemoved.R R/plottingutilfns.R R/plotTopicLoess.R
value   ?               ?                   ?                 
visible FALSE           FALSE               FALSE             
        R/prepDocuments.R R/prepsce.R R/produce_cmatrix.R R/RcppExports.R
value   ?                 ?           ?                   ?              
visible FALSE             FALSE       FALSE               FALSE          
        R/readCorpus.R R/residuals.R R/s.R R/sageLabels.R R/scSTM.R
value   ?              ?             ?     ?              ?        
visible FALSE          FALSE         FALSE FALSE          FALSE    
        R/selectModel.R R/semanticCoherence.R R/simBetas.R R/spectral.R
value   ?               ?                     ?            ?           
visible FALSE           FALSE                 FALSE        FALSE       
        R/stm-package.R R/stm.control.R R/STMbound.R R/STMconvergence.R
value   NULL            ?               ?            ?                 
visible TRUE            FALSE           FALSE        FALSE             
        R/STMestep.R R/STMfunctions.R R/STMinit.R R/STMinitLikelihood.R
value   ?            ?                ?           ?                    
visible FALSE        FALSE            FALSE       FALSE                
        R/STMlncpp.R R/STMmnreg.R R/STMmu.R R/STMoptbeta.R R/STMreport.R
value   ?            ?            ?         ?              ?            
visible FALSE        FALSE        FALSE     FALSE          FALSE        
        R/STMsigma.R R/STMsigs.R R/STMsubset.R R/summary.STM.R R/tau.R
value   ?            ?           ?             ?               ?      
visible FALSE        FALSE       FALSE         FALSE           FALSE  
        R/textProcessor.R R/thetaPosterior.R R/toLDAvis.R R/topicCorr.R
value   ?                 ?                  ?            ?            
visible FALSE             FALSE              FALSE        FALSE        
        R/topicLasso.R R/topicQuality.R R/writeLdac.R R/zzz.R
value   ?              ?                ?             ?      
visible FALSE          FALSE            FALSE         FALSE  
Casting net 
1 models in net 
Initialization with topicScore. 
Initializing factors using Topic SCORE algorithm.
Initializing loadings by running 10 SCD updates.
......................................................................................................
Completed E-Step (28 seconds). 
Completed M-Step (0 seconds). 
calculate log likelihood 
Completing Iteration 1 (approx. per word bound = -38.669) 
......................................................................................................
Completed E-Step (21 seconds). 
Completed M-Step (0 seconds). 
calculate log likelihood 
convergence.check is 0.0003477588 
Completing Iteration 2 (approx. per word bound = -38.656, relative change = 3.478e-04) 
......................................................................................................
Completed E-Step (20 seconds). 
Completed M-Step (0 seconds). 
calculate log likelihood 
convergence.check is 0.0001387038 
Model Terminated Before Convergence Reached 
2 models in net 
Initialization with topicScore. 
Initializing factors using Topic SCORE algorithm.
Initializing loadings by running 10 SCD updates.
......................................................................................................
Completed E-Step (34 seconds). 
Completed M-Step (0 seconds). 
calculate log likelihood 
Completing Iteration 1 (approx. per word bound = -38.709) 
......................................................................................................
Completed E-Step (23 seconds). 
Completed M-Step (0 seconds). 
calculate log likelihood 
convergence.check is 0.0004727044 
Completing Iteration 2 (approx. per word bound = -38.691, relative change = 4.727e-04) 
......................................................................................................
Completed E-Step (22 seconds). 
Completed M-Step (0 seconds). 
calculate log likelihood 
convergence.check is 0.0002477794 
Model Terminated Before Convergence Reached 
3 models in net 
Initialization with topicScore. 
Initializing factors using Topic SCORE algorithm.
Initializing loadings by running 10 SCD updates.
......................................................................................................
Completed E-Step (35 seconds). 
Completed M-Step (0 seconds). 
calculate log likelihood 
Completing Iteration 1 (approx. per word bound = -38.718) 
......................................................................................................
Completed E-Step (27 seconds). 
Completed M-Step (0 seconds). 
calculate log likelihood 
convergence.check is 0.001188617 
Completing Iteration 2 (approx. per word bound = -38.672, relative change = 1.189e-03) 
......................................................................................................
Completed E-Step (21 seconds). 
Completed M-Step (0 seconds). 
calculate log likelihood 
convergence.check is 0.0003512775 
Model Terminated Before Convergence Reached 
4 models in net 
Initialization with topicScore. 
Initializing factors using Topic SCORE algorithm.
Initializing loadings by running 10 SCD updates.
......................................................................................................
Completed E-Step (38 seconds). 
Completed M-Step (0 seconds). 
calculate log likelihood 
Completing Iteration 1 (approx. per word bound = -38.707) 
......................................................................................................
Completed E-Step (24 seconds). 
Completed M-Step (0 seconds). 
calculate log likelihood 
convergence.check is 0.0009733536 
Completing Iteration 2 (approx. per word bound = -38.669, relative change = 9.734e-04) 
......................................................................................................
Completed E-Step (21 seconds). 
Completed M-Step (0 seconds). 
calculate log likelihood 
convergence.check is 0.0002637147 
Model Terminated Before Convergence Reached 
5 models in net 
Initialization with topicScore. 
Initializing factors using Topic SCORE algorithm.
Initializing loadings by running 10 SCD updates.
......................................................................................................
Completed E-Step (27 seconds). 
Completed M-Step (0 seconds). 
calculate log likelihood 
Completing Iteration 1 (approx. per word bound = -38.684) 
......................................................................................................
Completed E-Step (22 seconds). 
Completed M-Step (0 seconds). 
calculate log likelihood 
convergence.check is 0.0002231356 
Completing Iteration 2 (approx. per word bound = -38.676, relative change = 2.231e-04) 
......................................................................................................
Completed E-Step (21 seconds). 
Completed M-Step (0 seconds). 
calculate log likelihood 
convergence.check is 0.0001271529 
Model Terminated Before Convergence Reached 
6 models in net 
Initialization with topicScore. 
Initializing factors using Topic SCORE algorithm.
Initializing loadings by running 10 SCD updates.
......................................................................................................
Completed E-Step (35 seconds). 
Completed M-Step (0 seconds). 
calculate log likelihood 
Completing Iteration 1 (approx. per word bound = -38.669) 
......................................................................................................
Completed E-Step (22 seconds). 
Completed M-Step (0 seconds). 
calculate log likelihood 
convergence.check is 0.0002706366 
Completing Iteration 2 (approx. per word bound = -38.658, relative change = 2.706e-04) 
......................................................................................................
Completed E-Step (22 seconds). 
Completed M-Step (0 seconds). 
calculate log likelihood 
convergence.check is 9.886149e-05 
Model Terminated Before Convergence Reached 
7 models in net 
Initialization with topicScore. 
Initializing factors using Topic SCORE algorithm.
Initializing loadings by running 10 SCD updates.
......................................................................................................
Completed E-Step (36 seconds). 
Completed M-Step (0 seconds). 
calculate log likelihood 
Completing Iteration 1 (approx. per word bound = -38.708) 
......................................................................................................
Completed E-Step (24 seconds). 
Completed M-Step (0 seconds). 
calculate log likelihood 
convergence.check is 0.0009989492 
Completing Iteration 2 (approx. per word bound = -38.670, relative change = 9.989e-04) 
......................................................................................................
Completed E-Step (21 seconds). 
Completed M-Step (0 seconds). 
calculate log likelihood 
convergence.check is 0.0002680475 
Model Terminated Before Convergence Reached 
8 models in net 
Initialization with topicScore. 
Initializing factors using Topic SCORE algorithm.
Initializing loadings by running 10 SCD updates.
......................................................................................................
Completed E-Step (30 seconds). 
Completed M-Step (0 seconds). 
calculate log likelihood 
Completing Iteration 1 (approx. per word bound = -38.676) 
......................................................................................................
Completed E-Step (23 seconds). 
Completed M-Step (0 seconds). 
calculate log likelihood 
convergence.check is 0.0002457531 
Completing Iteration 2 (approx. per word bound = -38.667, relative change = 2.458e-04) 
......................................................................................................
Completed E-Step (22 seconds). 
Completed M-Step (0 seconds). 
calculate log likelihood 
convergence.check is 0.0001085282 
Model Terminated Before Convergence Reached 
9 models in net 
Initialization with topicScore. 
Initializing factors using Topic SCORE algorithm.
Initializing loadings by running 10 SCD updates.
......................................................................................................
Completed E-Step (35 seconds). 
Completed M-Step (0 seconds). 
calculate log likelihood 
Completing Iteration 1 (approx. per word bound = -38.717) 
......................................................................................................
Completed E-Step (24 seconds). 
Completed M-Step (0 seconds). 
calculate log likelihood 
convergence.check is 0.001245569 
Completing Iteration 2 (approx. per word bound = -38.669, relative change = 1.246e-03) 
......................................................................................................
Completed E-Step (20 seconds). 
Completed M-Step (0 seconds). 
calculate log likelihood 
convergence.check is 0.0003292747 
Model Terminated Before Convergence Reached 
10 models in net 
Initialization with topicScore. 
Initializing factors using Topic SCORE algorithm.
Initializing loadings by running 10 SCD updates.
......................................................................................................
Completed E-Step (36 seconds). 
Completed M-Step (0 seconds). 
calculate log likelihood 
Completing Iteration 1 (approx. per word bound = -38.704) 
......................................................................................................
Completed E-Step (24 seconds). 
Completed M-Step (0 seconds). 
calculate log likelihood 
convergence.check is 0.0004294567 
Completing Iteration 2 (approx. per word bound = -38.687, relative change = 4.295e-04) 
......................................................................................................
Completed E-Step (23 seconds). 
Completed M-Step (0 seconds). 
calculate log likelihood 
convergence.check is 0.0001956975 
Model Terminated Before Convergence Reached 
11 models in net 
Beginning Spectral Initialization 
	 Calculating the gram matrix...
	 Finding anchor words...
 	.........
	 Recovering initialization...
 	......
Initialization complete.
......................................................................................................
Completed E-Step (31 seconds). 
Completed M-Step (0 seconds). 
calculate log likelihood 
Completing Iteration 1 (approx. per word bound = -38.656) 
......................................................................................................
Completed E-Step (19 seconds). 
Completed M-Step (0 seconds). 
calculate log likelihood 
convergence.check is 0.0006182934 
Completing Iteration 2 (approx. per word bound = -38.632, relative change = 6.183e-04) 
......................................................................................................
Completed E-Step (17 seconds). 
Completed M-Step (0 seconds). 
calculate log likelihood 
convergence.check is 0.0001841141 
Model Terminated Before Convergence Reached 
12 models in net 
Beginning Random Initialization 
Initialization with Poisson NMF 
......................................................................................................
Completed E-Step (36 seconds). 
Completed M-Step (0 seconds). 
calculate log likelihood 
Completing Iteration 1 (approx. per word bound = -50.463) 
......................................................................................................
Completed E-Step (24 seconds). 
Completed M-Step (0 seconds). 
calculate log likelihood 
convergence.check is 0.2319237 
Completing Iteration 2 (approx. per word bound = -38.760, relative change = 2.319e-01) 
......................................................................................................
Completed E-Step (22 seconds). 
Completed M-Step (0 seconds). 
calculate log likelihood 
convergence.check is 0.0002774296 
Model Terminated Before Convergence Reached 
13 models in net 
Beginning Random Initialization 
Initialization with Poisson NMF 
......................................................................................................
Completed E-Step (41 seconds). 
Completed M-Step (0 seconds). 
calculate log likelihood 
Completing Iteration 1 (approx. per word bound = -50.161) 
......................................................................................................
Completed E-Step (27 seconds). 
Completed M-Step (0 seconds). 
calculate log likelihood 
convergence.check is 0.2271872 
Completing Iteration 2 (approx. per word bound = -38.765, relative change = 2.272e-01) 
......................................................................................................
Completed E-Step (23 seconds). 
Completed M-Step (0 seconds). 
calculate log likelihood 
convergence.check is 0.0003816628 
Model Terminated Before Convergence Reached 
14 models in net 
Beginning Random Initialization 
Initialization with Poisson NMF 
......................................................................................................
Completed E-Step (39 seconds). 
Completed M-Step (0 seconds). 
calculate log likelihood 
Completing Iteration 1 (approx. per word bound = -50.218) 
......................................................................................................
Completed E-Step (30 seconds). 
Completed M-Step (0 seconds). 
calculate log likelihood 
convergence.check is 0.22815 
Completing Iteration 2 (approx. per word bound = -38.761, relative change = 2.281e-01) 
......................................................................................................
Completed E-Step (24 seconds). 
Completed M-Step (0 seconds). 
calculate log likelihood 
convergence.check is 0.0003169258 
Model Terminated Before Convergence Reached 
15 models in net 
Beginning Random Initialization 
Initialization with Poisson NMF 
......................................................................................................
Completed E-Step (40 seconds). 
Completed M-Step (0 seconds). 
calculate log likelihood 
Completing Iteration 1 (approx. per word bound = -50.389) 
......................................................................................................
Completed E-Step (25 seconds). 
Completed M-Step (0 seconds). 
calculate log likelihood 
convergence.check is 0.2307188 
Completing Iteration 2 (approx. per word bound = -38.763, relative change = 2.307e-01) 
......................................................................................................
Completed E-Step (23 seconds). 
Completed M-Step (0 seconds). 
calculate log likelihood 
convergence.check is 0.0002953341 
Model Terminated Before Convergence Reached 
16 models in net 
Beginning Random Initialization 
Initialization with Poisson NMF 
......................................................................................................
Completed E-Step (35 seconds). 
Completed M-Step (0 seconds). 
calculate log likelihood 
Completing Iteration 1 (approx. per word bound = -50.558) 
......................................................................................................
Completed E-Step (26 seconds). 
Completed M-Step (0 seconds). 
calculate log likelihood 
convergence.check is 0.2334008 
Completing Iteration 2 (approx. per word bound = -38.758, relative change = 2.334e-01) 
......................................................................................................
Completed E-Step (22 seconds). 
Completed M-Step (0 seconds). 
calculate log likelihood 
convergence.check is 0.0005435107 
Model Terminated Before Convergence Reached 
17 models in net 
Beginning Random Initialization 
Initialization with Poisson NMF 
......................................................................................................
Completed E-Step (40 seconds). 
Completed M-Step (0 seconds). 
calculate log likelihood 
Completing Iteration 1 (approx. per word bound = -50.408) 
......................................................................................................
Completed E-Step (25 seconds). 
Completed M-Step (0 seconds). 
calculate log likelihood 
convergence.check is 0.2310628 
Completing Iteration 2 (approx. per word bound = -38.761, relative change = 2.311e-01) 
......................................................................................................
Completed E-Step (22 seconds). 
Completed M-Step (0 seconds). 
calculate log likelihood 
convergence.check is 0.0002123469 
Model Terminated Before Convergence Reached 
18 models in net 
Beginning Random Initialization 
Initialization with Poisson NMF 
......................................................................................................
Completed E-Step (38 seconds). 
Completed M-Step (0 seconds). 
calculate log likelihood 
Completing Iteration 1 (approx. per word bound = -50.329) 
......................................................................................................
Completed E-Step (27 seconds). 
Completed M-Step (0 seconds). 
calculate log likelihood 
convergence.check is 0.2296931 
Completing Iteration 2 (approx. per word bound = -38.769, relative change = 2.297e-01) 
......................................................................................................
Completed E-Step (24 seconds). 
Completed M-Step (0 seconds). 
calculate log likelihood 
convergence.check is 0.0002178339 
Model Terminated Before Convergence Reached 
19 models in net 
Beginning Random Initialization 
Initialization with Poisson NMF 
......................................................................................................
Completed E-Step (37 seconds). 
Completed M-Step (0 seconds). 
calculate log likelihood 
Completing Iteration 1 (approx. per word bound = -50.787) 
......................................................................................................
Completed E-Step (23 seconds). 
Completed M-Step (0 seconds). 
calculate log likelihood 
convergence.check is 0.2370266 
Completing Iteration 2 (approx. per word bound = -38.749, relative change = 2.370e-01) 
......................................................................................................
Completed E-Step (21 seconds). 
Completed M-Step (0 seconds). 
calculate log likelihood 
convergence.check is 0.0004142638 
Model Terminated Before Convergence Reached 
20 models in net 
Beginning Random Initialization 
Initialization with Poisson NMF 
......................................................................................................
Completed E-Step (39 seconds). 
Completed M-Step (0 seconds). 
calculate log likelihood 
Completing Iteration 1 (approx. per word bound = -50.076) 
......................................................................................................
Completed E-Step (28 seconds). 
Completed M-Step (0 seconds). 
calculate log likelihood 
convergence.check is 0.2258098 
Completing Iteration 2 (approx. per word bound = -38.768, relative change = 2.258e-01) 
......................................................................................................
Completed E-Step (22 seconds). 
Completed M-Step (0 seconds). 
calculate log likelihood 
convergence.check is 0.0005293401 
Model Terminated Before Convergence Reached 
21 models in net 
Beginning Random Initialization 
Initialization with Poisson NMF 
......................................................................................................
Completed E-Step (36 seconds). 
Completed M-Step (0 seconds). 
calculate log likelihood 
Completing Iteration 1 (approx. per word bound = -50.012) 
......................................................................................................
Completed E-Step (27 seconds). 
Completed M-Step (0 seconds). 
calculate log likelihood 
convergence.check is 0.2248762 
Completing Iteration 2 (approx. per word bound = -38.765, relative change = 2.249e-01) 
......................................................................................................
Completed E-Step (23 seconds). 
Completed M-Step (0 seconds). 
calculate log likelihood 
convergence.check is 0.0002846932 
Model Terminated Before Convergence Reached 
Running select models 
1 select model run 
Beginning Spectral Initialization 
	 Calculating the gram matrix...
	 Finding anchor words...
 	.........
	 Recovering initialization...
 	......
Initialization complete.
......................................................................................................
Completed E-Step (31 seconds). 
Completed M-Step (0 seconds). 
calculate log likelihood 
Completing Iteration 1 (approx. per word bound = -38.656) 
......................................................................................................
Completed E-Step (18 seconds). 
Completed M-Step (0 seconds). 
calculate log likelihood 
convergence.check is 0.0006182934 
Completing Iteration 2 (approx. per word bound = -38.632, relative change = 6.183e-04) 
......................................................................................................
Completed E-Step (16 seconds). 
Completed M-Step (0 seconds). 
calculate log likelihood 
convergence.check is 0.0001841141 
Completing Iteration 3 (approx. per word bound = -38.625, relative change = 1.841e-04) 
......................................................................................................
Completed E-Step (15 seconds). 
Completed M-Step (0 seconds). 
calculate log likelihood 
convergence.check is 5.370086e-05 
Completing Iteration 4 (approx. per word bound = -38.623, relative change = 5.370e-05) 
......................................................................................................
Completed E-Step (15 seconds). 
Completed M-Step (0 seconds). 
calculate log likelihood 
convergence.check is 2.279437e-05 
Completing Iteration 5 (approx. per word bound = -38.622, relative change = 2.279e-05) 
Topic 1: Gene380, Gene361, Gene397, Gene1119, Gene509 
 Topic 2: Gene359, Gene509, Gene397, Gene730, Gene380 
 Topic 3: Gene777, Gene1289, Gene271, Gene397, Gene1150 
 Topic 4: Gene509, Gene361, Gene250, Gene397, Gene942 
 Topic 5: Gene777, Gene509, Gene397, Gene262, Gene411 
 Topic 6: Gene509, Gene397, Gene777, Gene271, Gene262 
 Topic 7: Gene62, Gene897, Gene271, Gene777, Gene1289 
 Topic 8: Gene1131, Gene989, Gene397, Gene777, Gene730 
 Topic 9: Gene777, Gene397, Gene509, Gene271, Gene361 
......................................................................................................
Completed E-Step (14 seconds). 
Completed M-Step (0 seconds). 
calculate log likelihood 
convergence.check is 1.336272e-05 
Completing Iteration 6 (approx. per word bound = -38.621, relative change = 1.336e-05) 
......................................................................................................
Completed E-Step (14 seconds). 
Completed M-Step (0 seconds). 
calculate log likelihood 
convergence.check is 8.493516e-06 
Completing Iteration 7 (approx. per word bound = -38.621, relative change = 8.494e-06) 
......................................................................................................
Completed E-Step (14 seconds). 
Completed M-Step (0 seconds). 
calculate log likelihood 
convergence.check is 6.429424e-06 
Completing Iteration 8 (approx. per word bound = -38.621, relative change = 6.429e-06) 
......................................................................................................
Completed E-Step (14 seconds). 
Completed M-Step (0 seconds). 
calculate log likelihood 
convergence.check is 5.060618e-06 
Completing Iteration 9 (approx. per word bound = -38.621, relative change = 5.061e-06) 
......................................................................................................
Completed E-Step (13 seconds). 
Completed M-Step (0 seconds). 
calculate log likelihood 
convergence.check is 4.401217e-06 
Completing Iteration 10 (approx. per word bound = -38.620, relative change = 4.401e-06) 
Topic 1: Gene380, Gene361, Gene397, Gene1119, Gene730 
 Topic 2: Gene359, Gene509, Gene397, Gene730, Gene380 
 Topic 3: Gene777, Gene1289, Gene271, Gene397, Gene1150 
 Topic 4: Gene509, Gene361, Gene250, Gene397, Gene942 
 Topic 5: Gene777, Gene509, Gene397, Gene262, Gene411 
 Topic 6: Gene509, Gene397, Gene777, Gene271, Gene262 
 Topic 7: Gene62, Gene897, Gene271, Gene1289, Gene777 
 Topic 8: Gene1131, Gene989, Gene397, Gene777, Gene730 
 Topic 9: Gene777, Gene397, Gene361, Gene271, Gene509 
......................................................................................................
Completed E-Step (13 seconds). 
Completed M-Step (0 seconds). 
calculate log likelihood 
convergence.check is 3.708761e-06 
Completing Iteration 11 (approx. per word bound = -38.620, relative change = 3.709e-06) 
......................................................................................................
Completed E-Step (13 seconds). 
Completed M-Step (0 seconds). 
calculate log likelihood 
convergence.check is 2.971658e-06 
Completing Iteration 12 (approx. per word bound = -38.620, relative change = 2.972e-06) 
......................................................................................................
Completed E-Step (14 seconds). 
Completed M-Step (0 seconds). 
calculate log likelihood 
convergence.check is 3.133528e-06 
Completing Iteration 13 (approx. per word bound = -38.620, relative change = 3.134e-06) 
......................................................................................................
Completed E-Step (12 seconds). 
Completed M-Step (0 seconds). 
calculate log likelihood 
convergence.check is 2.347705e-06 
Completing Iteration 14 (approx. per word bound = -38.620, relative change = 2.348e-06) 
......................................................................................................
Completed E-Step (12 seconds). 
Completed M-Step (0 seconds). 
calculate log likelihood 
convergence.check is 2.420071e-06 
Completing Iteration 15 (approx. per word bound = -38.620, relative change = 2.420e-06) 
Topic 1: Gene380, Gene361, Gene397, Gene1119, Gene730 
 Topic 2: Gene359, Gene509, Gene397, Gene730, Gene42 
 Topic 3: Gene777, Gene1289, Gene271, Gene397, Gene1150 
 Topic 4: Gene509, Gene361, Gene250, Gene397, Gene942 
 Topic 5: Gene777, Gene509, Gene397, Gene262, Gene411 
 Topic 6: Gene509, Gene397, Gene777, Gene262, Gene271 
 Topic 7: Gene62, Gene897, Gene271, Gene1289, Gene777 
 Topic 8: Gene1131, Gene989, Gene397, Gene730, Gene777 
 Topic 9: Gene777, Gene397, Gene361, Gene271, Gene359 
......................................................................................................
Completed E-Step (11 seconds). 
Completed M-Step (0 seconds). 
calculate log likelihood 
convergence.check is 2.376607e-06 
Completing Iteration 16 (approx. per word bound = -38.620, relative change = 2.377e-06) 
......................................................................................................
Completed E-Step (11 seconds). 
Completed M-Step (0 seconds). 
calculate log likelihood 
convergence.check is 2.139934e-06 
Completing Iteration 17 (approx. per word bound = -38.620, relative change = 2.140e-06) 
......................................................................................................
Completed E-Step (11 seconds). 
Completed M-Step (0 seconds). 
calculate log likelihood 
convergence.check is 1.505926e-06 
Completing Iteration 18 (approx. per word bound = -38.620, relative change = 1.506e-06) 
......................................................................................................
Completed E-Step (10 seconds). 
Completed M-Step (0 seconds). 
calculate log likelihood 
convergence.check is 1.902473e-06 
Completing Iteration 19 (approx. per word bound = -38.620, relative change = 1.902e-06) 
......................................................................................................
Completed E-Step (10 seconds). 
Completed M-Step (0 seconds). 
calculate log likelihood 
convergence.check is 1.63417e-06 
Completing Iteration 20 (approx. per word bound = -38.619, relative change = 1.634e-06) 
Topic 1: Gene380, Gene361, Gene397, Gene1119, Gene730 
 Topic 2: Gene359, Gene509, Gene397, Gene730, Gene897 
 Topic 3: Gene777, Gene1289, Gene271, Gene397, Gene1150 
 Topic 4: Gene509, Gene361, Gene250, Gene397, Gene942 
 Topic 5: Gene777, Gene509, Gene397, Gene262, Gene411 
 Topic 6: Gene509, Gene397, Gene777, Gene262, Gene271 
 Topic 7: Gene62, Gene897, Gene271, Gene1289, Gene777 
 Topic 8: Gene1131, Gene989, Gene397, Gene730, Gene777 
 Topic 9: Gene777, Gene361, Gene397, Gene271, Gene359 
......................................................................................................
Completed E-Step (10 seconds). 
Completed M-Step (0 seconds). 
calculate log likelihood 
convergence.check is 1.870711e-06 
Completing Iteration 21 (approx. per word bound = -38.619, relative change = 1.871e-06) 
......................................................................................................
Completed E-Step (10 seconds). 
Completed M-Step (0 seconds). 
calculate log likelihood 
convergence.check is 1.687091e-06 
Completing Iteration 22 (approx. per word bound = -38.619, relative change = 1.687e-06) 
......................................................................................................
Completed E-Step (10 seconds). 
Completed M-Step (0 seconds). 
calculate log likelihood 
convergence.check is 1.651953e-06 
Completing Iteration 23 (approx. per word bound = -38.619, relative change = 1.652e-06) 
......................................................................................................
Completed E-Step (10 seconds). 
Completed M-Step (0 seconds). 
calculate log likelihood 
convergence.check is 1.45914e-06 
Completing Iteration 24 (approx. per word bound = -38.619, relative change = 1.459e-06) 
......................................................................................................
Completed E-Step (10 seconds). 
Completed M-Step (0 seconds). 
calculate log likelihood 
convergence.check is 1.416655e-06 
Completing Iteration 25 (approx. per word bound = -38.619, relative change = 1.417e-06) 
Topic 1: Gene380, Gene361, Gene397, Gene1119, Gene730 
 Topic 2: Gene359, Gene509, Gene397, Gene730, Gene897 
 Topic 3: Gene1289, Gene777, Gene271, Gene397, Gene1150 
 Topic 4: Gene509, Gene361, Gene250, Gene397, Gene942 
 Topic 5: Gene777, Gene509, Gene397, Gene262, Gene411 
 Topic 6: Gene509, Gene397, Gene777, Gene262, Gene271 
 Topic 7: Gene62, Gene897, Gene271, Gene1289, Gene777 
 Topic 8: Gene1131, Gene989, Gene397, Gene730, Gene777 
 Topic 9: Gene777, Gene361, Gene397, Gene271, Gene359 
......................................................................................................
Completed E-Step (10 seconds). 
Completed M-Step (0 seconds). 
calculate log likelihood 
convergence.check is 1.807504e-06 
Completing Iteration 26 (approx. per word bound = -38.619, relative change = 1.808e-06) 
......................................................................................................
Completed E-Step (10 seconds). 
Completed M-Step (0 seconds). 
calculate log likelihood 
convergence.check is 1.417986e-06 
Completing Iteration 27 (approx. per word bound = -38.619, relative change = 1.418e-06) 
......................................................................................................
Completed E-Step (10 seconds). 
Completed M-Step (0 seconds). 
calculate log likelihood 
convergence.check is 1.697872e-06 
Completing Iteration 28 (approx. per word bound = -38.619, relative change = 1.698e-06) 
......................................................................................................
Completed E-Step (10 seconds). 
Completed M-Step (0 seconds). 
calculate log likelihood 
convergence.check is 1.384287e-06 
Completing Iteration 29 (approx. per word bound = -38.619, relative change = 1.384e-06) 
......................................................................................................
Completed E-Step (9 seconds). 
Completed M-Step (0 seconds). 
calculate log likelihood 
convergence.check is 1.811893e-06 
Completing Iteration 30 (approx. per word bound = -38.619, relative change = 1.812e-06) 
Topic 1: Gene380, Gene361, Gene397, Gene1119, Gene730 
 Topic 2: Gene359, Gene509, Gene397, Gene730, Gene897 
 Topic 3: Gene1289, Gene777, Gene271, Gene397, Gene1150 
 Topic 4: Gene509, Gene361, Gene250, Gene397, Gene942 
 Topic 5: Gene777, Gene509, Gene397, Gene262, Gene411 
 Topic 6: Gene509, Gene397, Gene777, Gene262, Gene271 
 Topic 7: Gene62, Gene897, Gene271, Gene1289, Gene777 
 Topic 8: Gene1131, Gene989, Gene397, Gene730, Gene777 
 Topic 9: Gene777, Gene361, Gene397, Gene271, Gene359 
......................................................................................................
Completed E-Step (9 seconds). 
Completed M-Step (0 seconds). 
calculate log likelihood 
convergence.check is 1.661079e-06 
Completing Iteration 31 (approx. per word bound = -38.619, relative change = 1.661e-06) 
......................................................................................................
Completed E-Step (9 seconds). 
Completed M-Step (0 seconds). 
calculate log likelihood 
convergence.check is 2.244666e-06 
Completing Iteration 32 (approx. per word bound = -38.619, relative change = 2.245e-06) 
......................................................................................................
Completed E-Step (10 seconds). 
Completed M-Step (0 seconds). 
calculate log likelihood 
convergence.check is 1.69184e-06 
Completing Iteration 33 (approx. per word bound = -38.619, relative change = 1.692e-06) 
......................................................................................................
Completed E-Step (9 seconds). 
Completed M-Step (0 seconds). 
calculate log likelihood 
convergence.check is 1.381679e-06 
Completing Iteration 34 (approx. per word bound = -38.619, relative change = 1.382e-06) 
......................................................................................................
Completed E-Step (9 seconds). 
Completed M-Step (0 seconds). 
calculate log likelihood 
convergence.check is 1.56456e-06 
Completing Iteration 35 (approx. per word bound = -38.618, relative change = 1.565e-06) 
Topic 1: Gene380, Gene361, Gene397, Gene1119, Gene730 
 Topic 2: Gene359, Gene509, Gene397, Gene730, Gene897 
 Topic 3: Gene1289, Gene777, Gene271, Gene397, Gene1150 
 Topic 4: Gene509, Gene361, Gene250, Gene397, Gene942 
 Topic 5: Gene777, Gene509, Gene397, Gene262, Gene411 
 Topic 6: Gene509, Gene397, Gene777, Gene262, Gene271 
 Topic 7: Gene62, Gene897, Gene271, Gene1289, Gene777 
 Topic 8: Gene1131, Gene989, Gene397, Gene730, Gene777 
 Topic 9: Gene777, Gene361, Gene397, Gene271, Gene359 
......................................................................................................
Completed E-Step (9 seconds). 
Completed M-Step (0 seconds). 
calculate log likelihood 
convergence.check is 1.545075e-06 
Completing Iteration 36 (approx. per word bound = -38.618, relative change = 1.545e-06) 
......................................................................................................
Completed E-Step (9 seconds). 
Completed M-Step (0 seconds). 
calculate log likelihood 
convergence.check is 1.540077e-06 
Completing Iteration 37 (approx. per word bound = -38.618, relative change = 1.540e-06) 
......................................................................................................
Completed E-Step (9 seconds). 
Completed M-Step (0 seconds). 
calculate log likelihood 
convergence.check is 1.47485e-06 
Completing Iteration 38 (approx. per word bound = -38.618, relative change = 1.475e-06) 
......................................................................................................
Completed E-Step (9 seconds). 
Completed M-Step (0 seconds). 
calculate log likelihood 
convergence.check is 1.117982e-06 
Completing Iteration 39 (approx. per word bound = -38.618, relative change = 1.118e-06) 
......................................................................................................
Completed E-Step (9 seconds). 
Completed M-Step (0 seconds). 
calculate log likelihood 
convergence.check is 1.482631e-06 
Completing Iteration 40 (approx. per word bound = -38.618, relative change = 1.483e-06) 
Topic 1: Gene380, Gene361, Gene397, Gene1119, Gene730 
 Topic 2: Gene359, Gene509, Gene397, Gene730, Gene897 
 Topic 3: Gene1289, Gene777, Gene271, Gene397, Gene1150 
 Topic 4: Gene509, Gene361, Gene250, Gene397, Gene942 
 Topic 5: Gene777, Gene509, Gene262, Gene397, Gene411 
 Topic 6: Gene509, Gene397, Gene777, Gene262, Gene271 
 Topic 7: Gene62, Gene897, Gene271, Gene1289, Gene777 
 Topic 8: Gene1131, Gene989, Gene397, Gene730, Gene777 
 Topic 9: Gene777, Gene361, Gene397, Gene271, Gene359 
......................................................................................................
Completed E-Step (8 seconds). 
Completed M-Step (0 seconds). 
calculate log likelihood 
convergence.check is 1.410851e-06 
Completing Iteration 41 (approx. per word bound = -38.618, relative change = 1.411e-06) 
......................................................................................................
Completed E-Step (8 seconds). 
Completed M-Step (0 seconds). 
calculate log likelihood 
convergence.check is 1.348896e-06 
Completing Iteration 42 (approx. per word bound = -38.618, relative change = 1.349e-06) 
......................................................................................................
Completed E-Step (8 seconds). 
Completed M-Step (0 seconds). 
calculate log likelihood 
convergence.check is 7.833902e-07 
Model Converged 
2 select model run 
Initialization with topicScore. 
Initializing factors using Topic SCORE algorithm.
Initializing loadings by running 10 SCD updates.
......................................................................................................
Completed E-Step (28 seconds). 
Completed M-Step (0 seconds). 
calculate log likelihood 
Completing Iteration 1 (approx. per word bound = -38.669) 
......................................................................................................
Completed E-Step (21 seconds). 
Completed M-Step (0 seconds). 
calculate log likelihood 
convergence.check is 0.0003477588 
Completing Iteration 2 (approx. per word bound = -38.656, relative change = 3.478e-04) 
......................................................................................................
Completed E-Step (20 seconds). 
Completed M-Step (0 seconds). 
calculate log likelihood 
convergence.check is 0.0001387038 
Completing Iteration 3 (approx. per word bound = -38.651, relative change = 1.387e-04) 
......................................................................................................
Completed E-Step (20 seconds). 
Completed M-Step (0 seconds). 
calculate log likelihood 
convergence.check is 9.213372e-05 
Completing Iteration 4 (approx. per word bound = -38.647, relative change = 9.213e-05) 
......................................................................................................
Completed E-Step (22 seconds). 
Completed M-Step (0 seconds). 
calculate log likelihood 
convergence.check is 6.287364e-05 
Completing Iteration 5 (approx. per word bound = -38.645, relative change = 6.287e-05) 
Topic 1: Gene730, Gene897, Gene359, Gene599, Gene171 
 Topic 2: Gene380, Gene730, Gene897, Gene1119, Gene361 
 Topic 3: Gene777, Gene509, Gene397, Gene262, Gene359 
 Topic 4: Gene777, Gene1289, Gene271, Gene1150, Gene759 
 Topic 5: Gene361, Gene509, Gene250, Gene397, Gene262 
 Topic 6: Gene397, Gene509, Gene271, Gene359, Gene1289 
 Topic 7: Gene897, Gene730, Gene918, Gene171, Gene609 
 Topic 8: Gene989, Gene730, Gene1131, Gene897, Gene171 
 Topic 9: Gene62, Gene271, Gene777, Gene397, Gene361 
......................................................................................................
Completed E-Step (19 seconds). 
Completed M-Step (0 seconds). 
calculate log likelihood 
convergence.check is 4.806318e-05 
Completing Iteration 6 (approx. per word bound = -38.643, relative change = 4.806e-05) 
......................................................................................................
Completed E-Step (19 seconds). 
Completed M-Step (0 seconds). 
calculate log likelihood 
convergence.check is 3.892564e-05 
Completing Iteration 7 (approx. per word bound = -38.641, relative change = 3.893e-05) 
......................................................................................................
Completed E-Step (19 seconds). 
Completed M-Step (0 seconds). 
calculate log likelihood 
convergence.check is 3.173352e-05 
Completing Iteration 8 (approx. per word bound = -38.640, relative change = 3.173e-05) 
......................................................................................................
Completed E-Step (18 seconds). 
Completed M-Step (0 seconds). 
calculate log likelihood 
convergence.check is 2.662547e-05 
Completing Iteration 9 (approx. per word bound = -38.639, relative change = 2.663e-05) 
......................................................................................................
Completed E-Step (18 seconds). 
Completed M-Step (0 seconds). 
calculate log likelihood 
convergence.check is 2.191819e-05 
Completing Iteration 10 (approx. per word bound = -38.638, relative change = 2.192e-05) 
Topic 1: Gene359, Gene730, Gene897, Gene599, Gene171 
 Topic 2: Gene380, Gene361, Gene730, Gene897, Gene1119 
 Topic 3: Gene777, Gene509, Gene397, Gene262, Gene359 
 Topic 4: Gene777, Gene1289, Gene271, Gene1150, Gene759 
 Topic 5: Gene509, Gene361, Gene250, Gene262, Gene397 
 Topic 6: Gene397, Gene509, Gene271, Gene359, Gene1289 
 Topic 7: Gene897, Gene730, Gene171, Gene918, Gene737 
 Topic 8: Gene989, Gene1131, Gene730, Gene897, Gene171 
 Topic 9: Gene62, Gene271, Gene777, Gene397, Gene1289 
......................................................................................................
Completed E-Step (17 seconds). 
Completed M-Step (0 seconds). 
calculate log likelihood 
convergence.check is 1.805347e-05 
Completing Iteration 11 (approx. per word bound = -38.637, relative change = 1.805e-05) 
......................................................................................................
Completed E-Step (17 seconds). 
Completed M-Step (0 seconds). 
calculate log likelihood 
convergence.check is 1.47443e-05 
Completing Iteration 12 (approx. per word bound = -38.637, relative change = 1.474e-05) 
......................................................................................................
Completed E-Step (16 seconds). 
Completed M-Step (0 seconds). 
calculate log likelihood 
convergence.check is 1.193357e-05 
Completing Iteration 13 (approx. per word bound = -38.636, relative change = 1.193e-05) 
......................................................................................................
Completed E-Step (16 seconds). 
Completed M-Step (0 seconds). 
calculate log likelihood 
convergence.check is 9.736052e-06 
Completing Iteration 14 (approx. per word bound = -38.636, relative change = 9.736e-06) 
......................................................................................................
Completed E-Step (15 seconds). 
Completed M-Step (0 seconds). 
calculate log likelihood 
convergence.check is 8.370675e-06 
Completing Iteration 15 (approx. per word bound = -38.636, relative change = 8.371e-06) 
Topic 1: Gene359, Gene730, Gene897, Gene599, Gene171 
 Topic 2: Gene380, Gene361, Gene730, Gene897, Gene1119 
 Topic 3: Gene777, Gene509, Gene397, Gene262, Gene359 
 Topic 4: Gene777, Gene1289, Gene271, Gene1150, Gene759 
 Topic 5: Gene509, Gene361, Gene250, Gene262, Gene397 
 Topic 6: Gene397, Gene509, Gene271, Gene359, Gene380 
 Topic 7: Gene897, Gene730, Gene171, Gene918, Gene737 
 Topic 8: Gene989, Gene1131, Gene730, Gene897, Gene171 
 Topic 9: Gene62, Gene271, Gene777, Gene1289, Gene397 
......................................................................................................
Completed E-Step (15 seconds). 
Completed M-Step (0 seconds). 
calculate log likelihood 
convergence.check is 6.940293e-06 
Completing Iteration 16 (approx. per word bound = -38.635, relative change = 6.940e-06) 
......................................................................................................
Completed E-Step (14 seconds). 
Completed M-Step (0 seconds). 
calculate log likelihood 
convergence.check is 6.218889e-06 
Completing Iteration 17 (approx. per word bound = -38.635, relative change = 6.219e-06) 
......................................................................................................
Completed E-Step (14 seconds). 
Completed M-Step (0 seconds). 
calculate log likelihood 
convergence.check is 5.22101e-06 
Completing Iteration 18 (approx. per word bound = -38.635, relative change = 5.221e-06) 
......................................................................................................
Completed E-Step (13 seconds). 
Completed M-Step (0 seconds). 
calculate log likelihood 
convergence.check is 4.596096e-06 
Completing Iteration 19 (approx. per word bound = -38.635, relative change = 4.596e-06) 
......................................................................................................
Completed E-Step (13 seconds). 
Completed M-Step (0 seconds). 
calculate log likelihood 
convergence.check is 4.514898e-06 
Completing Iteration 20 (approx. per word bound = -38.635, relative change = 4.515e-06) 
Topic 1: Gene359, Gene730, Gene897, Gene599, Gene171 
 Topic 2: Gene380, Gene361, Gene730, Gene897, Gene1119 
 Topic 3: Gene777, Gene509, Gene397, Gene262, Gene359 
 Topic 4: Gene777, Gene1289, Gene271, Gene1150, Gene759 
 Topic 5: Gene509, Gene361, Gene250, Gene262, Gene942 
 Topic 6: Gene397, Gene509, Gene271, Gene359, Gene380 
 Topic 7: Gene897, Gene730, Gene171, Gene918, Gene737 
 Topic 8: Gene989, Gene1131, Gene730, Gene897, Gene171 
 Topic 9: Gene62, Gene271, Gene777, Gene1289, Gene397 
......................................................................................................
Completed E-Step (12 seconds). 
Completed M-Step (0 seconds). 
calculate log likelihood 
convergence.check is 3.602719e-06 
Completing Iteration 21 (approx. per word bound = -38.634, relative change = 3.603e-06) 
......................................................................................................
Completed E-Step (12 seconds). 
Completed M-Step (0 seconds). 
calculate log likelihood 
convergence.check is 3.673801e-06 
Completing Iteration 22 (approx. per word bound = -38.634, relative change = 3.674e-06) 
......................................................................................................
Completed E-Step (12 seconds). 
Completed M-Step (0 seconds). 
calculate log likelihood 
convergence.check is 3.196809e-06 
Completing Iteration 23 (approx. per word bound = -38.634, relative change = 3.197e-06) 
......................................................................................................
Completed E-Step (11 seconds). 
Completed M-Step (0 seconds). 
calculate log likelihood 
convergence.check is 3.059222e-06 
Completing Iteration 24 (approx. per word bound = -38.634, relative change = 3.059e-06) 
......................................................................................................
Completed E-Step (11 seconds). 
Completed M-Step (0 seconds). 
calculate log likelihood 
convergence.check is 2.474604e-06 
Completing Iteration 25 (approx. per word bound = -38.634, relative change = 2.475e-06) 
Topic 1: Gene359, Gene730, Gene897, Gene599, Gene171 
 Topic 2: Gene380, Gene361, Gene730, Gene897, Gene1119 
 Topic 3: Gene777, Gene509, Gene397, Gene262, Gene359 
 Topic 4: Gene777, Gene1289, Gene271, Gene1150, Gene759 
 Topic 5: Gene509, Gene361, Gene250, Gene262, Gene942 
 Topic 6: Gene397, Gene509, Gene271, Gene359, Gene380 
 Topic 7: Gene897, Gene730, Gene171, Gene918, Gene737 
 Topic 8: Gene989, Gene1131, Gene730, Gene897, Gene171 
 Topic 9: Gene62, Gene271, Gene777, Gene1289, Gene397 
......................................................................................................
Completed E-Step (11 seconds). 
Completed M-Step (0 seconds). 
calculate log likelihood 
convergence.check is 2.39403e-06 
Completing Iteration 26 (approx. per word bound = -38.634, relative change = 2.394e-06) 
......................................................................................................
Completed E-Step (11 seconds). 
Completed M-Step (0 seconds). 
calculate log likelihood 
convergence.check is 2.21288e-06 
Completing Iteration 27 (approx. per word bound = -38.634, relative change = 2.213e-06) 
......................................................................................................
Completed E-Step (11 seconds). 
Completed M-Step (0 seconds). 
calculate log likelihood 
convergence.check is 2.336852e-06 
Completing Iteration 28 (approx. per word bound = -38.634, relative change = 2.337e-06) 
......................................................................................................
Completed E-Step (10 seconds). 
Completed M-Step (0 seconds). 
calculate log likelihood 
convergence.check is 1.888452e-06 
Completing Iteration 29 (approx. per word bound = -38.634, relative change = 1.888e-06) 
......................................................................................................
Completed E-Step (10 seconds). 
Completed M-Step (0 seconds). 
calculate log likelihood 
convergence.check is 2.081859e-06 
Completing Iteration 30 (approx. per word bound = -38.634, relative change = 2.082e-06) 
Topic 1: Gene359, Gene730, Gene897, Gene599, Gene171 
 Topic 2: Gene380, Gene361, Gene730, Gene897, Gene1119 
 Topic 3: Gene777, Gene509, Gene397, Gene262, Gene359 
 Topic 4: Gene777, Gene1289, Gene271, Gene1150, Gene759 
 Topic 5: Gene509, Gene361, Gene250, Gene262, Gene397 
 Topic 6: Gene397, Gene509, Gene271, Gene359, Gene380 
 Topic 7: Gene897, Gene730, Gene171, Gene918, Gene737 
 Topic 8: Gene989, Gene1131, Gene730, Gene897, Gene171 
 Topic 9: Gene62, Gene271, Gene777, Gene1289, Gene397 
......................................................................................................
Completed E-Step (10 seconds). 
Completed M-Step (0 seconds). 
calculate log likelihood 
convergence.check is 1.502979e-06 
Completing Iteration 31 (approx. per word bound = -38.633, relative change = 1.503e-06) 
......................................................................................................
Completed E-Step (10 seconds). 
Completed M-Step (0 seconds). 
calculate log likelihood 
convergence.check is 1.659032e-06 
Completing Iteration 32 (approx. per word bound = -38.633, relative change = 1.659e-06) 
......................................................................................................
Completed E-Step (10 seconds). 
Completed M-Step (0 seconds). 
calculate log likelihood 
convergence.check is 1.584336e-06 
Completing Iteration 33 (approx. per word bound = -38.633, relative change = 1.584e-06) 
......................................................................................................
Completed E-Step (10 seconds). 
Completed M-Step (0 seconds). 
calculate log likelihood 
convergence.check is 1.439662e-06 
Completing Iteration 34 (approx. per word bound = -38.633, relative change = 1.440e-06) 
......................................................................................................
Completed E-Step (9 seconds). 
Completed M-Step (0 seconds). 
calculate log likelihood 
convergence.check is 1.322813e-06 
Completing Iteration 35 (approx. per word bound = -38.633, relative change = 1.323e-06) 
Topic 1: Gene359, Gene730, Gene897, Gene599, Gene171 
 Topic 2: Gene380, Gene361, Gene730, Gene897, Gene1119 
 Topic 3: Gene777, Gene509, Gene397, Gene262, Gene359 
 Topic 4: Gene777, Gene1289, Gene271, Gene1150, Gene759 
 Topic 5: Gene509, Gene361, Gene250, Gene262, Gene397 
 Topic 6: Gene397, Gene509, Gene271, Gene359, Gene380 
 Topic 7: Gene897, Gene730, Gene171, Gene918, Gene737 
 Topic 8: Gene989, Gene1131, Gene730, Gene897, Gene171 
 Topic 9: Gene62, Gene271, Gene777, Gene1289, Gene397 
......................................................................................................
Completed E-Step (9 seconds). 
Completed M-Step (0 seconds). 
calculate log likelihood 
convergence.check is 1.49522e-06 
Completing Iteration 36 (approx. per word bound = -38.633, relative change = 1.495e-06) 
......................................................................................................
Completed E-Step (9 seconds). 
Completed M-Step (0 seconds). 
calculate log likelihood 
convergence.check is 1.186767e-06 
Completing Iteration 37 (approx. per word bound = -38.633, relative change = 1.187e-06) 
......................................................................................................
Completed E-Step (9 seconds). 
Completed M-Step (0 seconds). 
calculate log likelihood 
convergence.check is 1.173512e-06 
Completing Iteration 38 (approx. per word bound = -38.633, relative change = 1.174e-06) 
......................................................................................................
Completed E-Step (9 seconds). 
Completed M-Step (0 seconds). 
calculate log likelihood 
convergence.check is 1.160742e-06 
Completing Iteration 39 (approx. per word bound = -38.633, relative change = 1.161e-06) 
......................................................................................................
Completed E-Step (9 seconds). 
Completed M-Step (0 seconds). 
calculate log likelihood 
convergence.check is 9.401527e-07 
Model Converged 
3 select model run 
Initialization with topicScore. 
Initializing factors using Topic SCORE algorithm.
Initializing loadings by running 10 SCD updates.
......................................................................................................
Completed E-Step (36 seconds). 
Completed M-Step (0 seconds). 
calculate log likelihood 
Completing Iteration 1 (approx. per word bound = -38.669) 
......................................................................................................
Completed E-Step (23 seconds). 
Completed M-Step (0 seconds). 
calculate log likelihood 
convergence.check is 0.0002706366 
Completing Iteration 2 (approx. per word bound = -38.658, relative change = 2.706e-04) 
......................................................................................................
Completed E-Step (22 seconds). 
Completed M-Step (0 seconds). 
calculate log likelihood 
convergence.check is 9.886149e-05 
Completing Iteration 3 (approx. per word bound = -38.654, relative change = 9.886e-05) 
......................................................................................................
Completed E-Step (23 seconds). 
Completed M-Step (0 seconds). 
calculate log likelihood 
convergence.check is 5.332861e-05 
Completing Iteration 4 (approx. per word bound = -38.652, relative change = 5.333e-05) 
......................................................................................................
Completed E-Step (20 seconds). 
Completed M-Step (0 seconds). 
calculate log likelihood 
convergence.check is 3.553139e-05 
Completing Iteration 5 (approx. per word bound = -38.651, relative change = 3.553e-05) 
Topic 1: Gene897, Gene730, Gene62, Gene918, Gene590 
 Topic 2: Gene380, Gene730, Gene897, Gene361, Gene1119 
 Topic 3: Gene1289, Gene1150, Gene730, Gene759, Gene271 
 Topic 4: Gene1131, Gene989, Gene171, Gene730, Gene897 
 Topic 5: Gene361, Gene509, Gene777, Gene397, Gene262 
 Topic 6: Gene897, Gene730, Gene62, Gene1120, Gene298 
 Topic 7: Gene509, Gene397, Gene271, Gene250, Gene1289 
 Topic 8: Gene62, Gene897, Gene271, Gene1289, Gene563 
 Topic 9: Gene777, Gene397, Gene359, Gene509, Gene361 
......................................................................................................
Completed E-Step (19 seconds). 
Completed M-Step (0 seconds). 
calculate log likelihood 
convergence.check is 2.722322e-05 
Completing Iteration 6 (approx. per word bound = -38.650, relative change = 2.722e-05) 
......................................................................................................
Completed E-Step (19 seconds). 
Completed M-Step (0 seconds). 
calculate log likelihood 
convergence.check is 2.15447e-05 
Completing Iteration 7 (approx. per word bound = -38.649, relative change = 2.154e-05) 
......................................................................................................
Completed E-Step (19 seconds). 
Completed M-Step (0 seconds). 
calculate log likelihood 
convergence.check is 1.840726e-05 
Completing Iteration 8 (approx. per word bound = -38.648, relative change = 1.841e-05) 
......................................................................................................
Completed E-Step (18 seconds). 
Completed M-Step (0 seconds). 
calculate log likelihood 
convergence.check is 1.617523e-05 
Completing Iteration 9 (approx. per word bound = -38.648, relative change = 1.618e-05) 
......................................................................................................
Completed E-Step (18 seconds). 
Completed M-Step (0 seconds). 
calculate log likelihood 
convergence.check is 1.381604e-05 
Completing Iteration 10 (approx. per word bound = -38.647, relative change = 1.382e-05) 
Topic 1: Gene897, Gene62, Gene730, Gene918, Gene590 
 Topic 2: Gene380, Gene361, Gene730, Gene897, Gene1119 
 Topic 3: Gene1289, Gene1150, Gene730, Gene759, Gene271 
 Topic 4: Gene1131, Gene989, Gene171, Gene730, Gene897 
 Topic 5: Gene361, Gene509, Gene777, Gene397, Gene262 
 Topic 6: Gene730, Gene897, Gene62, Gene590, Gene1120 
 Topic 7: Gene509, Gene397, Gene271, Gene250, Gene359 
 Topic 8: Gene62, Gene897, Gene271, Gene1289, Gene563 
 Topic 9: Gene777, Gene397, Gene359, Gene509, Gene361 
......................................................................................................
Completed E-Step (18 seconds). 
Completed M-Step (0 seconds). 
calculate log likelihood 
convergence.check is 1.125506e-05 
Completing Iteration 11 (approx. per word bound = -38.647, relative change = 1.126e-05) 
......................................................................................................
Completed E-Step (18 seconds). 
Completed M-Step (0 seconds). 
calculate log likelihood 
convergence.check is 1.087191e-05 
Completing Iteration 12 (approx. per word bound = -38.646, relative change = 1.087e-05) 
......................................................................................................
Completed E-Step (18 seconds). 
Completed M-Step (0 seconds). 
calculate log likelihood 
convergence.check is 9.392598e-06 
Completing Iteration 13 (approx. per word bound = -38.646, relative change = 9.393e-06) 
......................................................................................................
Completed E-Step (18 seconds). 
Completed M-Step (0 seconds). 
calculate log likelihood 
convergence.check is 8.727579e-06 
Completing Iteration 14 (approx. per word bound = -38.646, relative change = 8.728e-06) 
......................................................................................................
Completed E-Step (18 seconds). 
Completed M-Step (0 seconds). 
calculate log likelihood 
convergence.check is 7.787913e-06 
Completing Iteration 15 (approx. per word bound = -38.645, relative change = 7.788e-06) 
Topic 1: Gene897, Gene62, Gene730, Gene918, Gene590 
 Topic 2: Gene380, Gene361, Gene730, Gene897, Gene1119 
 Topic 3: Gene1289, Gene1150, Gene759, Gene730, Gene271 
 Topic 4: Gene1131, Gene989, Gene171, Gene730, Gene397 
 Topic 5: Gene361, Gene509, Gene777, Gene397, Gene262 
 Topic 6: Gene730, Gene897, Gene62, Gene590, Gene937 
 Topic 7: Gene509, Gene397, Gene271, Gene359, Gene250 
 Topic 8: Gene62, Gene897, Gene271, Gene1289, Gene563 
 Topic 9: Gene777, Gene397, Gene359, Gene509, Gene380 
......................................................................................................
Completed E-Step (17 seconds). 
Completed M-Step (0 seconds). 
calculate log likelihood 
convergence.check is 7.035211e-06 
Completing Iteration 16 (approx. per word bound = -38.645, relative change = 7.035e-06) 
......................................................................................................
Completed E-Step (17 seconds). 
Completed M-Step (0 seconds). 
calculate log likelihood 
convergence.check is 6.838175e-06 
Completing Iteration 17 (approx. per word bound = -38.645, relative change = 6.838e-06) 
......................................................................................................
Completed E-Step (17 seconds). 
Completed M-Step (0 seconds). 
calculate log likelihood 
convergence.check is 6.383118e-06 
Completing Iteration 18 (approx. per word bound = -38.644, relative change = 6.383e-06) 
......................................................................................................
Completed E-Step (17 seconds). 
Completed M-Step (0 seconds). 
calculate log likelihood 
convergence.check is 5.698712e-06 
Completing Iteration 19 (approx. per word bound = -38.644, relative change = 5.699e-06) 
......................................................................................................
Completed E-Step (17 seconds). 
Completed M-Step (0 seconds). 
calculate log likelihood 
convergence.check is 5.794501e-06 
Completing Iteration 20 (approx. per word bound = -38.644, relative change = 5.795e-06) 
Topic 1: Gene897, Gene62, Gene730, Gene918, Gene590 
 Topic 2: Gene380, Gene361, Gene730, Gene897, Gene1119 
 Topic 3: Gene1289, Gene1150, Gene759, Gene271, Gene730 
 Topic 4: Gene1131, Gene989, Gene171, Gene730, Gene397 
 Topic 5: Gene361, Gene509, Gene777, Gene397, Gene262 
 Topic 6: Gene730, Gene897, Gene62, Gene590, Gene937 
 Topic 7: Gene509, Gene397, Gene271, Gene359, Gene262 
 Topic 8: Gene62, Gene897, Gene271, Gene1289, Gene563 
 Topic 9: Gene777, Gene397, Gene359, Gene509, Gene380 
......................................................................................................
Completed E-Step (17 seconds). 
Completed M-Step (0 seconds). 
calculate log likelihood 
convergence.check is 5.341355e-06 
Completing Iteration 21 (approx. per word bound = -38.644, relative change = 5.341e-06) 
......................................................................................................
Completed E-Step (16 seconds). 
Completed M-Step (0 seconds). 
calculate log likelihood 
convergence.check is 4.858955e-06 
Completing Iteration 22 (approx. per word bound = -38.644, relative change = 4.859e-06) 
......................................................................................................
Completed E-Step (16 seconds). 
Completed M-Step (0 seconds). 
calculate log likelihood 
convergence.check is 4.76451e-06 
Completing Iteration 23 (approx. per word bound = -38.643, relative change = 4.765e-06) 
......................................................................................................
Completed E-Step (16 seconds). 
Completed M-Step (0 seconds). 
calculate log likelihood 
convergence.check is 4.583112e-06 
Completing Iteration 24 (approx. per word bound = -38.643, relative change = 4.583e-06) 
......................................................................................................
Completed E-Step (16 seconds). 
Completed M-Step (0 seconds). 
calculate log likelihood 
convergence.check is 4.41317e-06 
Completing Iteration 25 (approx. per word bound = -38.643, relative change = 4.413e-06) 
Topic 1: Gene897, Gene62, Gene730, Gene918, Gene590 
 Topic 2: Gene380, Gene361, Gene730, Gene897, Gene1119 
 Topic 3: Gene1289, Gene1150, Gene759, Gene271, Gene730 
 Topic 4: Gene1131, Gene989, Gene171, Gene730, Gene397 
 Topic 5: Gene361, Gene509, Gene777, Gene397, Gene262 
 Topic 6: Gene730, Gene897, Gene62, Gene590, Gene937 
 Topic 7: Gene509, Gene397, Gene271, Gene359, Gene262 
 Topic 8: Gene62, Gene271, Gene897, Gene1289, Gene563 
 Topic 9: Gene777, Gene397, Gene509, Gene359, Gene380 
......................................................................................................
Completed E-Step (16 seconds). 
Completed M-Step (0 seconds). 
calculate log likelihood 
convergence.check is 4.116355e-06 
Completing Iteration 26 (approx. per word bound = -38.643, relative change = 4.116e-06) 
......................................................................................................
Completed E-Step (16 seconds). 
Completed M-Step (0 seconds). 
calculate log likelihood 
convergence.check is 4.143657e-06 
Completing Iteration 27 (approx. per word bound = -38.643, relative change = 4.144e-06) 
......................................................................................................
Completed E-Step (15 seconds). 
Completed M-Step (0 seconds). 
calculate log likelihood 
convergence.check is 4.111943e-06 
Completing Iteration 28 (approx. per word bound = -38.643, relative change = 4.112e-06) 
......................................................................................................
Completed E-Step (15 seconds). 
Completed M-Step (0 seconds). 
calculate log likelihood 
convergence.check is 4.267635e-06 
Completing Iteration 29 (approx. per word bound = -38.642, relative change = 4.268e-06) 
......................................................................................................
Completed E-Step (15 seconds). 
Completed M-Step (0 seconds). 
calculate log likelihood 
convergence.check is 3.680151e-06 
Completing Iteration 30 (approx. per word bound = -38.642, relative change = 3.680e-06) 
Topic 1: Gene897, Gene62, Gene730, Gene918, Gene590 
 Topic 2: Gene380, Gene361, Gene730, Gene897, Gene1119 
 Topic 3: Gene1289, Gene1150, Gene759, Gene271, Gene730 
 Topic 4: Gene1131, Gene989, Gene171, Gene730, Gene397 
 Topic 5: Gene509, Gene361, Gene777, Gene397, Gene262 
 Topic 6: Gene730, Gene897, Gene62, Gene590, Gene937 
 Topic 7: Gene509, Gene397, Gene359, Gene271, Gene262 
 Topic 8: Gene62, Gene271, Gene897, Gene1289, Gene563 
 Topic 9: Gene777, Gene397, Gene509, Gene359, Gene380 
......................................................................................................
Completed E-Step (15 seconds). 
Completed M-Step (0 seconds). 
calculate log likelihood 
convergence.check is 3.765176e-06 
Completing Iteration 31 (approx. per word bound = -38.642, relative change = 3.765e-06) 
......................................................................................................
Completed E-Step (15 seconds). 
Completed M-Step (0 seconds). 
calculate log likelihood 
convergence.check is 4.021905e-06 
Completing Iteration 32 (approx. per word bound = -38.642, relative change = 4.022e-06) 
......................................................................................................
Completed E-Step (15 seconds). 
Completed M-Step (0 seconds). 
calculate log likelihood 
convergence.check is 3.744059e-06 
Completing Iteration 33 (approx. per word bound = -38.642, relative change = 3.744e-06) 
......................................................................................................
Completed E-Step (15 seconds). 
Completed M-Step (0 seconds). 
calculate log likelihood 
convergence.check is 3.722942e-06 
Completing Iteration 34 (approx. per word bound = -38.642, relative change = 3.723e-06) 
......................................................................................................
Completed E-Step (15 seconds). 
Completed M-Step (0 seconds). 
calculate log likelihood 
convergence.check is 3.96005e-06 
Completing Iteration 35 (approx. per word bound = -38.642, relative change = 3.960e-06) 
Topic 1: Gene897, Gene62, Gene730, Gene918, Gene590 
 Topic 2: Gene380, Gene361, Gene730, Gene897, Gene1119 
 Topic 3: Gene1289, Gene1150, Gene759, Gene271, Gene730 
 Topic 4: Gene1131, Gene989, Gene171, Gene730, Gene397 
 Topic 5: Gene509, Gene361, Gene777, Gene397, Gene262 
 Topic 6: Gene730, Gene897, Gene62, Gene590, Gene937 
 Topic 7: Gene509, Gene397, Gene359, Gene271, Gene262 
 Topic 8: Gene62, Gene271, Gene897, Gene1289, Gene563 
 Topic 9: Gene777, Gene397, Gene509, Gene359, Gene380 
......................................................................................................
Completed E-Step (15 seconds). 
Completed M-Step (0 seconds). 
calculate log likelihood 
convergence.check is 3.734344e-06 
Completing Iteration 36 (approx. per word bound = -38.641, relative change = 3.734e-06) 
......................................................................................................
Completed E-Step (14 seconds). 
Completed M-Step (0 seconds). 
calculate log likelihood 
convergence.check is 3.686165e-06 
Completing Iteration 37 (approx. per word bound = -38.641, relative change = 3.686e-06) 
......................................................................................................
Completed E-Step (15 seconds). 
Completed M-Step (0 seconds). 
calculate log likelihood 
convergence.check is 3.675874e-06 
Completing Iteration 38 (approx. per word bound = -38.641, relative change = 3.676e-06) 
......................................................................................................
Completed E-Step (14 seconds). 
Completed M-Step (0 seconds). 
calculate log likelihood 
convergence.check is 3.718999e-06 
Completing Iteration 39 (approx. per word bound = -38.641, relative change = 3.719e-06) 
......................................................................................................
Completed E-Step (14 seconds). 
Completed M-Step (0 seconds). 
calculate log likelihood 
convergence.check is 3.619605e-06 
Completing Iteration 40 (approx. per word bound = -38.641, relative change = 3.620e-06) 
Topic 1: Gene897, Gene62, Gene730, Gene918, Gene590 
 Topic 2: Gene380, Gene361, Gene730, Gene1119, Gene897 
 Topic 3: Gene1289, Gene1150, Gene759, Gene271, Gene730 
 Topic 4: Gene1131, Gene989, Gene171, Gene730, Gene397 
 Topic 5: Gene509, Gene361, Gene777, Gene397, Gene262 
 Topic 6: Gene730, Gene897, Gene62, Gene590, Gene937 
 Topic 7: Gene509, Gene397, Gene359, Gene271, Gene262 
 Topic 8: Gene62, Gene271, Gene897, Gene1289, Gene563 
 Topic 9: Gene777, Gene397, Gene509, Gene380, Gene361 
......................................................................................................
Completed E-Step (14 seconds). 
Completed M-Step (0 seconds). 
calculate log likelihood 
convergence.check is 3.243035e-06 
Completing Iteration 41 (approx. per word bound = -38.641, relative change = 3.243e-06) 
......................................................................................................
Completed E-Step (14 seconds). 
Completed M-Step (0 seconds). 
calculate log likelihood 
convergence.check is 3.151959e-06 
Completing Iteration 42 (approx. per word bound = -38.641, relative change = 3.152e-06) 
......................................................................................................
Completed E-Step (14 seconds). 
Completed M-Step (0 seconds). 
calculate log likelihood 
convergence.check is 3.201538e-06 
Completing Iteration 43 (approx. per word bound = -38.640, relative change = 3.202e-06) 
......................................................................................................
Completed E-Step (14 seconds). 
Completed M-Step (0 seconds). 
calculate log likelihood 
convergence.check is 3.158849e-06 
Completing Iteration 44 (approx. per word bound = -38.640, relative change = 3.159e-06) 
......................................................................................................
Completed E-Step (13 seconds). 
Completed M-Step (0 seconds). 
calculate log likelihood 
convergence.check is 2.798325e-06 
Completing Iteration 45 (approx. per word bound = -38.640, relative change = 2.798e-06) 
Topic 1: Gene897, Gene62, Gene730, Gene918, Gene590 
 Topic 2: Gene380, Gene361, Gene730, Gene1119, Gene897 
 Topic 3: Gene1289, Gene1150, Gene271, Gene759, Gene730 
 Topic 4: Gene1131, Gene989, Gene171, Gene730, Gene397 
 Topic 5: Gene509, Gene361, Gene777, Gene397, Gene262 
 Topic 6: Gene730, Gene897, Gene62, Gene590, Gene937 
 Topic 7: Gene509, Gene397, Gene359, Gene271, Gene262 
 Topic 8: Gene62, Gene271, Gene897, Gene1289, Gene563 
 Topic 9: Gene777, Gene397, Gene509, Gene380, Gene361 
......................................................................................................
Completed E-Step (13 seconds). 
Completed M-Step (0 seconds). 
calculate log likelihood 
convergence.check is 2.810878e-06 
Completing Iteration 46 (approx. per word bound = -38.640, relative change = 2.811e-06) 
......................................................................................................
Completed E-Step (13 seconds). 
Completed M-Step (0 seconds). 
calculate log likelihood 
convergence.check is 2.818052e-06 
Completing Iteration 47 (approx. per word bound = -38.640, relative change = 2.818e-06) 
......................................................................................................
Completed E-Step (13 seconds). 
Completed M-Step (0 seconds). 
calculate log likelihood 
convergence.check is 2.491087e-06 
Completing Iteration 48 (approx. per word bound = -38.640, relative change = 2.491e-06) 
......................................................................................................
Completed E-Step (13 seconds). 
Completed M-Step (0 seconds). 
calculate log likelihood 
convergence.check is 2.61496e-06 
Completing Iteration 49 (approx. per word bound = -38.640, relative change = 2.615e-06) 
......................................................................................................
Completed E-Step (13 seconds). 
Completed M-Step (0 seconds). 
calculate log likelihood 
convergence.check is 2.229491e-06 
Completing Iteration 50 (approx. per word bound = -38.640, relative change = 2.229e-06) 
Topic 1: Gene897, Gene62, Gene730, Gene918, Gene590 
 Topic 2: Gene380, Gene361, Gene730, Gene1119, Gene897 
 Topic 3: Gene1289, Gene1150, Gene271, Gene759, Gene730 
 Topic 4: Gene1131, Gene989, Gene171, Gene397, Gene730 
 Topic 5: Gene509, Gene361, Gene777, Gene397, Gene262 
 Topic 6: Gene730, Gene897, Gene62, Gene590, Gene937 
 Topic 7: Gene509, Gene397, Gene359, Gene271, Gene262 
 Topic 8: Gene62, Gene271, Gene897, Gene1289, Gene563 
 Topic 9: Gene777, Gene397, Gene509, Gene380, Gene361 
......................................................................................................
Completed E-Step (13 seconds). 
Completed M-Step (0 seconds). 
calculate log likelihood 
convergence.check is 2.882199e-06 
Completing Iteration 51 (approx. per word bound = -38.640, relative change = 2.882e-06) 
......................................................................................................
Completed E-Step (13 seconds). 
Completed M-Step (0 seconds). 
calculate log likelihood 
convergence.check is 1.904455e-06 
Completing Iteration 52 (approx. per word bound = -38.640, relative change = 1.904e-06) 
......................................................................................................
Completed E-Step (12 seconds). 
Completed M-Step (0 seconds). 
calculate log likelihood 
convergence.check is 1.982079e-06 
Completing Iteration 53 (approx. per word bound = -38.639, relative change = 1.982e-06) 
......................................................................................................
Completed E-Step (12 seconds). 
Completed M-Step (0 seconds). 
calculate log likelihood 
convergence.check is 1.858957e-06 
Completing Iteration 54 (approx. per word bound = -38.639, relative change = 1.859e-06) 
......................................................................................................
Completed E-Step (12 seconds). 
Completed M-Step (0 seconds). 
calculate log likelihood 
convergence.check is 1.974214e-06 
Completing Iteration 55 (approx. per word bound = -38.639, relative change = 1.974e-06) 
Topic 1: Gene897, Gene62, Gene730, Gene918, Gene590 
 Topic 2: Gene380, Gene361, Gene730, Gene1119, Gene897 
 Topic 3: Gene1289, Gene1150, Gene271, Gene759, Gene730 
 Topic 4: Gene1131, Gene989, Gene171, Gene397, Gene730 
 Topic 5: Gene509, Gene361, Gene777, Gene397, Gene262 
 Topic 6: Gene730, Gene897, Gene62, Gene590, Gene937 
 Topic 7: Gene397, Gene509, Gene359, Gene271, Gene262 
 Topic 8: Gene62, Gene271, Gene897, Gene1289, Gene563 
 Topic 9: Gene777, Gene397, Gene509, Gene380, Gene361 
......................................................................................................
Completed E-Step (12 seconds). 
Completed M-Step (0 seconds). 
calculate log likelihood 
convergence.check is 1.834263e-06 
Completing Iteration 56 (approx. per word bound = -38.639, relative change = 1.834e-06) 
......................................................................................................
Completed E-Step (12 seconds). 
Completed M-Step (0 seconds). 
calculate log likelihood 
convergence.check is 1.646648e-06 
Completing Iteration 57 (approx. per word bound = -38.639, relative change = 1.647e-06) 
......................................................................................................
Completed E-Step (12 seconds). 
Completed M-Step (0 seconds). 
calculate log likelihood 
convergence.check is 1.584464e-06 
Completing Iteration 58 (approx. per word bound = -38.639, relative change = 1.584e-06) 
......................................................................................................
Completed E-Step (12 seconds). 
Completed M-Step (0 seconds). 
calculate log likelihood 
convergence.check is 1.765174e-06 
Completing Iteration 59 (approx. per word bound = -38.639, relative change = 1.765e-06) 
......................................................................................................
Completed E-Step (12 seconds). 
Completed M-Step (0 seconds). 
calculate log likelihood 
convergence.check is 1.23507e-06 
Completing Iteration 60 (approx. per word bound = -38.639, relative change = 1.235e-06) 
Topic 1: Gene897, Gene62, Gene730, Gene918, Gene590 
 Topic 2: Gene380, Gene361, Gene730, Gene1119, Gene897 
 Topic 3: Gene1289, Gene271, Gene1150, Gene759, Gene730 
 Topic 4: Gene1131, Gene989, Gene171, Gene397, Gene730 
 Topic 5: Gene509, Gene361, Gene777, Gene397, Gene262 
 Topic 6: Gene730, Gene897, Gene62, Gene590, Gene937 
 Topic 7: Gene397, Gene509, Gene359, Gene271, Gene262 
 Topic 8: Gene62, Gene271, Gene897, Gene1289, Gene563 
 Topic 9: Gene777, Gene397, Gene509, Gene380, Gene361 
......................................................................................................
Completed E-Step (11 seconds). 
Completed M-Step (0 seconds). 
calculate log likelihood 
convergence.check is 1.54824e-06 
Completing Iteration 61 (approx. per word bound = -38.639, relative change = 1.548e-06) 
......................................................................................................
Completed E-Step (11 seconds). 
Completed M-Step (0 seconds). 
calculate log likelihood 
convergence.check is 1.310468e-06 
Completing Iteration 62 (approx. per word bound = -38.639, relative change = 1.310e-06) 
......................................................................................................
Completed E-Step (11 seconds). 
Completed M-Step (0 seconds). 
calculate log likelihood 
convergence.check is 1.366823e-06 
Completing Iteration 63 (approx. per word bound = -38.639, relative change = 1.367e-06) 
......................................................................................................
Completed E-Step (11 seconds). 
Completed M-Step (0 seconds). 
calculate log likelihood 
convergence.check is 1.453774e-06 
Completing Iteration 64 (approx. per word bound = -38.639, relative change = 1.454e-06) 
......................................................................................................
Completed E-Step (11 seconds). 
Completed M-Step (0 seconds). 
calculate log likelihood 
convergence.check is 9.320613e-07 
Model Converged 
