sims_1716052848_neg_L1_c3.rds 
Found 10 batches
Using null model in ComBat-seq.
Adjusting for 0 covariate(s) or covariate level(s)
Estimating dispersions
Fitting the GLM model
Shrinkage off - using GLM estimates for parameters
Adjusting the data
Batch Effect Removed 
        R/alignCorpus.R R/asSTMCorpus.R R/checkBeta.R R/cloud.R
value   ?               ?               ?             ?        
visible FALSE           FALSE           FALSE         FALSE    
        R/CompositionChange.R R/convertCorpus.R R/estimateEffect.R
value   ?                     ?                 ?                 
visible FALSE                 FALSE             FALSE             
        R/estimateMixedEffect.R R/exclusivity.R R/findThoughts.R R/findTopic.R
value   ?                       ?               ?                ?            
visible FALSE                   FALSE           FALSE            FALSE        
        R/fitNewDocuments.R R/heldout.R R/jeffreyskappa.R R/labelTopics.R
value   ?                   ?           ?                 ?              
visible FALSE               FALSE       FALSE             FALSE          
        R/makeDesignMatrix.R R/manyTopics.R R/multiSTM.R R/optimalK.R
value   ?                    ?              ?            ?           
visible FALSE                FALSE          FALSE        FALSE       
        R/permute.R R/plot.estimateEffect.R R/plot.fixedEffect.R
value   ?           ?                       ?                   
visible FALSE       FALSE                   FALSE               
        R/plot.searchK.R R/plot.STM.R R/plotModels.R R/plotQuote.R
value   ?                ?            ?              ?            
visible FALSE            FALSE        FALSE          FALSE        
        R/plotRemoved.R R/plottingutilfns.R R/plotTopicLoess.R
value   ?               ?                   ?                 
visible FALSE           FALSE               FALSE             
        R/prepDocuments.R R/prepsce.R R/produce_cmatrix.R R/RcppExports.R
value   ?                 ?           ?                   ?              
visible FALSE             FALSE       FALSE               FALSE          
        R/readCorpus.R R/residuals.R R/s.R R/sageLabels.R R/scSTM.R
value   ?              ?             ?     ?              ?        
visible FALSE          FALSE         FALSE FALSE          FALSE    
        R/selectModel.R R/semanticCoherence.R R/simBetas.R R/spectral.R
value   ?               ?                     ?            ?           
visible FALSE           FALSE                 FALSE        FALSE       
        R/stm-package.R R/stm.control.R R/STMbound.R R/STMconvergence.R
value   NULL            ?               ?            ?                 
visible TRUE            FALSE           FALSE        FALSE             
        R/STMestep.R R/STMfunctions.R R/STMinit.R R/STMinitLikelihood.R
value   ?            ?                ?           ?                    
visible FALSE        FALSE            FALSE       FALSE                
        R/STMlncpp.R R/STMmnreg.R R/STMmu.R R/STMoptbeta.R R/STMreport.R
value   ?            ?            ?         ?              ?            
visible FALSE        FALSE        FALSE     FALSE          FALSE        
        R/STMsigma.R R/STMsigs.R R/STMsubset.R R/summary.STM.R R/tau.R
value   ?            ?           ?             ?               ?      
visible FALSE        FALSE       FALSE         FALSE           FALSE  
        R/textProcessor.R R/thetaPosterior.R R/toLDAvis.R R/topicCorr.R
value   ?                 ?                  ?            ?            
visible FALSE             FALSE              FALSE        FALSE        
        R/topicLasso.R R/topicQuality.R R/writeLdac.R R/zzz.R
value   ?              ?                ?             ?      
visible FALSE          FALSE            FALSE         FALSE  
Removing 3 of 876 genes (3 of 1227909 tokens) due to frequency 
Your Dataset now has 1988 cells, 873 genes and 1227906 tokens. 
Casting net 
1 models in net 
Initialization with topicScore. 
Initializing factors using Topic SCORE algorithm.
Initializing loadings by running 10 SCD updates.
........................................................................................................
Completed E-Step (4 seconds). 
Completed M-Step (0 seconds). 
calculate log likelihood 
Completing Iteration 1 (approx. per word bound = -61.294) 
........................................................................................................
Completed E-Step (6 seconds). 
Completed M-Step (0 seconds). 
calculate log likelihood 
convergence.check is 0.4624807 
Completing Iteration 2 (approx. per word bound = -32.946, relative change = 4.625e-01) 
........................................................................................................
Completed E-Step (6 seconds). 
Completed M-Step (0 seconds). 
calculate log likelihood 
convergence.check is 0.0002214371 
Model Terminated Before Convergence Reached 
2 models in net 
Initialization with topicScore. 
Initializing factors using Topic SCORE algorithm.
Initializing loadings by running 10 SCD updates.
........................................................................................................
Completed E-Step (4 seconds). 
Completed M-Step (0 seconds). 
calculate log likelihood 
Completing Iteration 1 (approx. per word bound = -61.294) 
........................................................................................................
Completed E-Step (6 seconds). 
Completed M-Step (0 seconds). 
calculate log likelihood 
convergence.check is 0.4624807 
Completing Iteration 2 (approx. per word bound = -32.946, relative change = 4.625e-01) 
........................................................................................................
Completed E-Step (6 seconds). 
Completed M-Step (0 seconds). 
calculate log likelihood 
convergence.check is 0.0002214371 
Model Terminated Before Convergence Reached 
3 models in net 
Initialization with topicScore. 
Initializing factors using Topic SCORE algorithm.
Initializing loadings by running 10 SCD updates.
........................................................................................................
Completed E-Step (4 seconds). 
Completed M-Step (0 seconds). 
calculate log likelihood 
Completing Iteration 1 (approx. per word bound = -69.845) 
........................................................................................................
Completed E-Step (6 seconds). 
Completed M-Step (0 seconds). 
calculate log likelihood 
convergence.check is 0.5282704 
Completing Iteration 2 (approx. per word bound = -32.948, relative change = 5.283e-01) 
........................................................................................................
Completed E-Step (6 seconds). 
Completed M-Step (0 seconds). 
calculate log likelihood 
convergence.check is 0.0002708714 
Model Terminated Before Convergence Reached 
4 models in net 
Initialization with topicScore. 
Initializing factors using Topic SCORE algorithm.
Initializing loadings by running 10 SCD updates.
........................................................................................................
Completed E-Step (3 seconds). 
Completed M-Step (0 seconds). 
calculate log likelihood 
Completing Iteration 1 (approx. per word bound = -52.538) 
........................................................................................................
Completed E-Step (5 seconds). 
Completed M-Step (0 seconds). 
calculate log likelihood 
convergence.check is 0.3729585 
Completing Iteration 2 (approx. per word bound = -32.943, relative change = 3.730e-01) 
........................................................................................................
Completed E-Step (5 seconds). 
Completed M-Step (0 seconds). 
calculate log likelihood 
convergence.check is 6.088887e-05 
Model Terminated Before Convergence Reached 
5 models in net 
Initialization with topicScore. 
Initializing factors using Topic SCORE algorithm.
Initializing loadings by running 10 SCD updates.
........................................................................................................
Completed E-Step (4 seconds). 
Completed M-Step (0 seconds). 
calculate log likelihood 
Completing Iteration 1 (approx. per word bound = -69.845) 
........................................................................................................
Completed E-Step (6 seconds). 
Completed M-Step (0 seconds). 
calculate log likelihood 
convergence.check is 0.5282704 
Completing Iteration 2 (approx. per word bound = -32.948, relative change = 5.283e-01) 
........................................................................................................
Completed E-Step (5 seconds). 
Completed M-Step (0 seconds). 
calculate log likelihood 
convergence.check is 0.0002708714 
Model Terminated Before Convergence Reached 
6 models in net 
Initialization with topicScore. 
Initializing factors using Topic SCORE algorithm.
Initializing loadings by running 10 SCD updates.
........................................................................................................
Completed E-Step (5 seconds). 
Completed M-Step (0 seconds). 
calculate log likelihood 
Completing Iteration 1 (approx. per word bound = -57.904) 
........................................................................................................
Completed E-Step (5 seconds). 
Completed M-Step (0 seconds). 
calculate log likelihood 
convergence.check is 0.4310662 
Completing Iteration 2 (approx. per word bound = -32.944, relative change = 4.311e-01) 
........................................................................................................
Completed E-Step (7 seconds). 
Completed M-Step (0 seconds). 
calculate log likelihood 
convergence.check is 0.0001044325 
Model Terminated Before Convergence Reached 
7 models in net 
Initialization with topicScore. 
Initializing factors using Topic SCORE algorithm.
Initializing loadings by running 10 SCD updates.
........................................................................................................
Completed E-Step (4 seconds). 
Completed M-Step (0 seconds). 
calculate log likelihood 
Completing Iteration 1 (approx. per word bound = -69.845) 
........................................................................................................
Completed E-Step (6 seconds). 
Completed M-Step (0 seconds). 
calculate log likelihood 
convergence.check is 0.5282704 
Completing Iteration 2 (approx. per word bound = -32.948, relative change = 5.283e-01) 
........................................................................................................
Completed E-Step (6 seconds). 
Completed M-Step (0 seconds). 
calculate log likelihood 
convergence.check is 0.0002708714 
Model Terminated Before Convergence Reached 
8 models in net 
Initialization with topicScore. 
Initializing factors using Topic SCORE algorithm.
Initializing loadings by running 10 SCD updates.
........................................................................................................
Completed E-Step (4 seconds). 
Completed M-Step (0 seconds). 
calculate log likelihood 
Completing Iteration 1 (approx. per word bound = -69.845) 
........................................................................................................
Completed E-Step (6 seconds). 
Completed M-Step (0 seconds). 
calculate log likelihood 
convergence.check is 0.5282704 
Completing Iteration 2 (approx. per word bound = -32.948, relative change = 5.283e-01) 
........................................................................................................
Completed E-Step (6 seconds). 
Completed M-Step (0 seconds). 
calculate log likelihood 
convergence.check is 0.0002708714 
Model Terminated Before Convergence Reached 
9 models in net 
Initialization with topicScore. 
Initializing factors using Topic SCORE algorithm.
Initializing loadings by running 10 SCD updates.
........................................................................................................
Completed E-Step (3 seconds). 
Completed M-Step (0 seconds). 
calculate log likelihood 
Completing Iteration 1 (approx. per word bound = -52.538) 
........................................................................................................
Completed E-Step (6 seconds). 
Completed M-Step (0 seconds). 
calculate log likelihood 
convergence.check is 0.3729585 
Completing Iteration 2 (approx. per word bound = -32.943, relative change = 3.730e-01) 
........................................................................................................
Completed E-Step (6 seconds). 
Completed M-Step (0 seconds). 
calculate log likelihood 
convergence.check is 6.088887e-05 
Model Terminated Before Convergence Reached 
10 models in net 
Initialization with topicScore. 
Initializing factors using Topic SCORE algorithm.
Initializing loadings by running 10 SCD updates.
........................................................................................................
Completed E-Step (5 seconds). 
Completed M-Step (0 seconds). 
calculate log likelihood 
Completing Iteration 1 (approx. per word bound = -42.326) 
........................................................................................................
Completed E-Step (6 seconds). 
Completed M-Step (0 seconds). 
calculate log likelihood 
convergence.check is 0.2217804 
Completing Iteration 2 (approx. per word bound = -32.939, relative change = 2.218e-01) 
........................................................................................................
Completed E-Step (6 seconds). 
Completed M-Step (0 seconds). 
calculate log likelihood 
convergence.check is 1.3749e-05 
Model Terminated Before Convergence Reached 
11 models in net 
Initialization with topicScore. 
Initializing factors using Topic SCORE algorithm.
Initializing loadings by running 10 SCD updates.
........................................................................................................
Completed E-Step (4 seconds). 
Completed M-Step (0 seconds). 
calculate log likelihood 
Completing Iteration 1 (approx. per word bound = -50.154) 
........................................................................................................
Completed E-Step (6 seconds). 
Completed M-Step (0 seconds). 
calculate log likelihood 
convergence.check is 0.3431691 
Completing Iteration 2 (approx. per word bound = -32.943, relative change = 3.432e-01) 
........................................................................................................
Completed E-Step (5 seconds). 
Completed M-Step (0 seconds). 
calculate log likelihood 
convergence.check is 6.620691e-05 
Model Terminated Before Convergence Reached 
12 models in net 
Initialization with topicScore. 
Initializing factors using Topic SCORE algorithm.
Initializing loadings by running 10 SCD updates.
........................................................................................................
Completed E-Step (4 seconds). 
Completed M-Step (0 seconds). 
calculate log likelihood 
Completing Iteration 1 (approx. per word bound = -61.294) 
........................................................................................................
Completed E-Step (6 seconds). 
Completed M-Step (0 seconds). 
calculate log likelihood 
convergence.check is 0.4624807 
Completing Iteration 2 (approx. per word bound = -32.946, relative change = 4.625e-01) 
........................................................................................................
Completed E-Step (6 seconds). 
Completed M-Step (0 seconds). 
calculate log likelihood 
convergence.check is 0.000221437 
Model Terminated Before Convergence Reached 
13 models in net 
Initialization with topicScore. 
Initializing factors using Topic SCORE algorithm.
Initializing loadings by running 10 SCD updates.
........................................................................................................
Completed E-Step (4 seconds). 
Completed M-Step (0 seconds). 
calculate log likelihood 
Completing Iteration 1 (approx. per word bound = -69.845) 
........................................................................................................
Completed E-Step (6 seconds). 
Completed M-Step (0 seconds). 
calculate log likelihood 
convergence.check is 0.5282704 
Completing Iteration 2 (approx. per word bound = -32.948, relative change = 5.283e-01) 
........................................................................................................
Completed E-Step (6 seconds). 
Completed M-Step (0 seconds). 
calculate log likelihood 
convergence.check is 0.0002708714 
Model Terminated Before Convergence Reached 
14 models in net 
Initialization with topicScore. 
Initializing factors using Topic SCORE algorithm.
Initializing loadings by running 10 SCD updates.
........................................................................................................
Completed E-Step (6 seconds). 
Completed M-Step (0 seconds). 
calculate log likelihood 
Completing Iteration 1 (approx. per word bound = -61.294) 
........................................................................................................
Completed E-Step (6 seconds). 
Completed M-Step (0 seconds). 
calculate log likelihood 
convergence.check is 0.4624807 
Completing Iteration 2 (approx. per word bound = -32.946, relative change = 4.625e-01) 
........................................................................................................
Completed E-Step (6 seconds). 
Completed M-Step (0 seconds). 
calculate log likelihood 
convergence.check is 0.0002214371 
Model Terminated Before Convergence Reached 
15 models in net 
Initialization with topicScore. 
Initializing factors using Topic SCORE algorithm.
Initializing loadings by running 10 SCD updates.
........................................................................................................
Completed E-Step (4 seconds). 
Completed M-Step (0 seconds). 
calculate log likelihood 
Completing Iteration 1 (approx. per word bound = -61.294) 
........................................................................................................
Completed E-Step (6 seconds). 
Completed M-Step (0 seconds). 
calculate log likelihood 
convergence.check is 0.4624807 
Completing Iteration 2 (approx. per word bound = -32.946, relative change = 4.625e-01) 
........................................................................................................
Completed E-Step (6 seconds). 
Completed M-Step (0 seconds). 
calculate log likelihood 
convergence.check is 0.0002214371 
Model Terminated Before Convergence Reached 
16 models in net 
Initialization with topicScore. 
Initializing factors using Topic SCORE algorithm.
Initializing loadings by running 10 SCD updates.
........................................................................................................
Completed E-Step (4 seconds). 
Completed M-Step (0 seconds). 
calculate log likelihood 
Completing Iteration 1 (approx. per word bound = -61.294) 
........................................................................................................
Completed E-Step (6 seconds). 
Completed M-Step (0 seconds). 
calculate log likelihood 
convergence.check is 0.4624807 
Completing Iteration 2 (approx. per word bound = -32.946, relative change = 4.625e-01) 
........................................................................................................
Completed E-Step (6 seconds). 
Completed M-Step (0 seconds). 
calculate log likelihood 
convergence.check is 0.0002214371 
Model Terminated Before Convergence Reached 
17 models in net 
Initialization with topicScore. 
Initializing factors using Topic SCORE algorithm.
Initializing loadings by running 10 SCD updates.
........................................................................................................
Completed E-Step (4 seconds). 
Completed M-Step (0 seconds). 
calculate log likelihood 
Completing Iteration 1 (approx. per word bound = -69.845) 
........................................................................................................
Completed E-Step (6 seconds). 
Completed M-Step (0 seconds). 
calculate log likelihood 
convergence.check is 0.5282704 
Completing Iteration 2 (approx. per word bound = -32.948, relative change = 5.283e-01) 
........................................................................................................
Completed E-Step (6 seconds). 
Completed M-Step (0 seconds). 
calculate log likelihood 
convergence.check is 0.0002708714 
Model Terminated Before Convergence Reached 
18 models in net 
Initialization with topicScore. 
Initializing factors using Topic SCORE algorithm.
Initializing loadings by running 10 SCD updates.
........................................................................................................
Completed E-Step (4 seconds). 
Completed M-Step (0 seconds). 
calculate log likelihood 
Completing Iteration 1 (approx. per word bound = -61.294) 
........................................................................................................
Completed E-Step (6 seconds). 
Completed M-Step (0 seconds). 
calculate log likelihood 
convergence.check is 0.4624807 
Completing Iteration 2 (approx. per word bound = -32.946, relative change = 4.625e-01) 
........................................................................................................
Completed E-Step (6 seconds). 
Completed M-Step (0 seconds). 
calculate log likelihood 
convergence.check is 0.000221437 
Model Terminated Before Convergence Reached 
19 models in net 
Initialization with topicScore. 
Initializing factors using Topic SCORE algorithm.
Initializing loadings by running 10 SCD updates.
........................................................................................................
Completed E-Step (4 seconds). 
Completed M-Step (0 seconds). 
calculate log likelihood 
Completing Iteration 1 (approx. per word bound = -69.845) 
........................................................................................................
Completed E-Step (6 seconds). 
Completed M-Step (0 seconds). 
calculate log likelihood 
convergence.check is 0.5282704 
Completing Iteration 2 (approx. per word bound = -32.948, relative change = 5.283e-01) 
........................................................................................................
Completed E-Step (6 seconds). 
Completed M-Step (0 seconds). 
calculate log likelihood 
convergence.check is 0.0002708714 
Model Terminated Before Convergence Reached 
20 models in net 
Initialization with topicScore. 
Initializing factors using Topic SCORE algorithm.
Initializing loadings by running 10 SCD updates.
........................................................................................................
Completed E-Step (6 seconds). 
Completed M-Step (0 seconds). 
calculate log likelihood 
Completing Iteration 1 (approx. per word bound = -60.432) 
........................................................................................................
Completed E-Step (6 seconds). 
Completed M-Step (0 seconds). 
calculate log likelihood 
convergence.check is 0.4548031 
Completing Iteration 2 (approx. per word bound = -32.947, relative change = 4.548e-01) 
........................................................................................................
Completed E-Step (6 seconds). 
Completed M-Step (0 seconds). 
calculate log likelihood 
convergence.check is 0.0002545694 
Model Terminated Before Convergence Reached 
21 models in net 
Beginning Spectral Initialization 
	 Calculating the gram matrix...
	 Finding anchor words...
 	...
	 Recovering initialization...
 	........
Initialization complete.
........................................................................................................
Completed E-Step (11 seconds). 
Completed M-Step (0 seconds). 
calculate log likelihood 
Completing Iteration 1 (approx. per word bound = -44.038) 
........................................................................................................
Completed E-Step (6 seconds). 
Completed M-Step (0 seconds). 
calculate log likelihood 
convergence.check is 0.04639662 
Completing Iteration 2 (approx. per word bound = -41.995, relative change = 4.640e-02) 
........................................................................................................
Completed E-Step (5 seconds). 
Completed M-Step (0 seconds). 
calculate log likelihood 
convergence.check is 0.0031521 
Model Terminated Before Convergence Reached 
22 models in net 
Beginning Random Initialization 
Initialization with Poisson NMF 
........................................................................................................
Completed E-Step (9 seconds). 
Completed M-Step (0 seconds). 
calculate log likelihood 
Completing Iteration 1 (approx. per word bound = -51.638) 
........................................................................................................
Completed E-Step (6 seconds). 
Completed M-Step (0 seconds). 
calculate log likelihood 
convergence.check is 0.3597853 
Completing Iteration 2 (approx. per word bound = -33.060, relative change = 3.598e-01) 
........................................................................................................
Completed E-Step (6 seconds). 
Completed M-Step (0 seconds). 
calculate log likelihood 
convergence.check is 1.785514e-05 
Model Terminated Before Convergence Reached 
23 models in net 
Beginning Random Initialization 
Initialization with Poisson NMF 
........................................................................................................
Completed E-Step (9 seconds). 
Completed M-Step (0 seconds). 
calculate log likelihood 
Completing Iteration 1 (approx. per word bound = -52.073) 
........................................................................................................
Completed E-Step (6 seconds). 
Completed M-Step (0 seconds). 
calculate log likelihood 
convergence.check is 0.3651099 
Completing Iteration 2 (approx. per word bound = -33.060, relative change = 3.651e-01) 
........................................................................................................
Completed E-Step (7 seconds). 
Completed M-Step (0 seconds). 
calculate log likelihood 
convergence.check is 3.261594e-05 
Model Terminated Before Convergence Reached 
24 models in net 
Beginning Random Initialization 
Initialization with Poisson NMF 
........................................................................................................
Completed E-Step (11 seconds). 
Completed M-Step (0 seconds). 
calculate log likelihood 
Completing Iteration 1 (approx. per word bound = -52.594) 
........................................................................................................
Completed E-Step (7 seconds). 
Completed M-Step (0 seconds). 
calculate log likelihood 
convergence.check is 0.3715289 
Completing Iteration 2 (approx. per word bound = -33.054, relative change = 3.715e-01) 
........................................................................................................
Completed E-Step (6 seconds). 
Completed M-Step (0 seconds). 
calculate log likelihood 
convergence.check is 0.0001562596 
Model Terminated Before Convergence Reached 
25 models in net 
Beginning Random Initialization 
Initialization with Poisson NMF 
........................................................................................................
Completed E-Step (13 seconds). 
Completed M-Step (0 seconds). 
calculate log likelihood 
Completing Iteration 1 (approx. per word bound = -53.216) 
........................................................................................................
Completed E-Step (6 seconds). 
Completed M-Step (0 seconds). 
calculate log likelihood 
convergence.check is 0.3773054 
Completing Iteration 2 (approx. per word bound = -33.137, relative change = 3.773e-01) 
........................................................................................................
Completed E-Step (6 seconds). 
Completed M-Step (0 seconds). 
calculate log likelihood 
convergence.check is 0.002373141 
Model Terminated Before Convergence Reached 
26 models in net 
Beginning Random Initialization 
Initialization with Poisson NMF 
........................................................................................................
Completed E-Step (9 seconds). 
Completed M-Step (0 seconds). 
calculate log likelihood 
Completing Iteration 1 (approx. per word bound = -52.211) 
........................................................................................................
Completed E-Step (7 seconds). 
Completed M-Step (0 seconds). 
calculate log likelihood 
convergence.check is 0.3667927 
Completing Iteration 2 (approx. per word bound = -33.060, relative change = 3.668e-01) 
........................................................................................................
Completed E-Step (6 seconds). 
Completed M-Step (0 seconds). 
calculate log likelihood 
convergence.check is 2.434473e-05 
Model Terminated Before Convergence Reached 
27 models in net 
Beginning Random Initialization 
Initialization with Poisson NMF 
........................................................................................................
Completed E-Step (9 seconds). 
Completed M-Step (0 seconds). 
calculate log likelihood 
Completing Iteration 1 (approx. per word bound = -51.492) 
........................................................................................................
Completed E-Step (5 seconds). 
Completed M-Step (0 seconds). 
calculate log likelihood 
convergence.check is 0.3578122 
Completing Iteration 2 (approx. per word bound = -33.067, relative change = 3.578e-01) 
........................................................................................................
Completed E-Step (6 seconds). 
Completed M-Step (0 seconds). 
calculate log likelihood 
convergence.check is 0.0001884361 
Model Terminated Before Convergence Reached 
28 models in net 
Beginning Random Initialization 
Initialization with Poisson NMF 
........................................................................................................
Completed E-Step (11 seconds). 
Completed M-Step (0 seconds). 
calculate log likelihood 
Completing Iteration 1 (approx. per word bound = -51.660) 
........................................................................................................
Completed E-Step (6 seconds). 
Completed M-Step (0 seconds). 
calculate log likelihood 
convergence.check is 0.359863 
Completing Iteration 2 (approx. per word bound = -33.069, relative change = 3.599e-01) 
........................................................................................................
Completed E-Step (6 seconds). 
Completed M-Step (0 seconds). 
calculate log likelihood 
convergence.check is 0.0002601221 
Model Terminated Before Convergence Reached 
29 models in net 
Beginning Random Initialization 
Initialization with Poisson NMF 
........................................................................................................
Completed E-Step (10 seconds). 
Completed M-Step (0 seconds). 
calculate log likelihood 
Completing Iteration 1 (approx. per word bound = -53.235) 
........................................................................................................
Completed E-Step (6 seconds). 
Completed M-Step (0 seconds). 
calculate log likelihood 
convergence.check is 0.3790436 
Completing Iteration 2 (approx. per word bound = -33.057, relative change = 3.790e-01) 
........................................................................................................
Completed E-Step (6 seconds). 
Completed M-Step (0 seconds). 
calculate log likelihood 
convergence.check is 7.62979e-05 
Model Terminated Before Convergence Reached 
30 models in net 
Beginning Random Initialization 
Initialization with Poisson NMF 
........................................................................................................
Completed E-Step (9 seconds). 
Completed M-Step (0 seconds). 
calculate log likelihood 
Completing Iteration 1 (approx. per word bound = -52.335) 
........................................................................................................
Completed E-Step (6 seconds). 
Completed M-Step (0 seconds). 
calculate log likelihood 
convergence.check is 0.3675694 
Completing Iteration 2 (approx. per word bound = -33.098, relative change = 3.676e-01) 
........................................................................................................
Completed E-Step (6 seconds). 
Completed M-Step (0 seconds). 
calculate log likelihood 
convergence.check is 0.001149905 
Model Terminated Before Convergence Reached 
31 models in net 
Beginning Random Initialization 
Initialization with Poisson NMF 
........................................................................................................
Completed E-Step (12 seconds). 
Completed M-Step (0 seconds). 
calculate log likelihood 
Completing Iteration 1 (approx. per word bound = -50.993) 
........................................................................................................
Completed E-Step (6 seconds). 
Completed M-Step (0 seconds). 
calculate log likelihood 
convergence.check is 0.3516966 
Completing Iteration 2 (approx. per word bound = -33.059, relative change = 3.517e-01) 
........................................................................................................
Completed E-Step (6 seconds). 
Completed M-Step (0 seconds). 
calculate log likelihood 
convergence.check is 2.842609e-05 
Model Terminated Before Convergence Reached 
32 models in net 
Beginning Random Initialization 
Initialization with Poisson NMF 
........................................................................................................
Completed E-Step (9 seconds). 
Completed M-Step (0 seconds). 
calculate log likelihood 
Completing Iteration 1 (approx. per word bound = -51.092) 
........................................................................................................
Completed E-Step (7 seconds). 
Completed M-Step (0 seconds). 
calculate log likelihood 
convergence.check is 0.3528128 
Completing Iteration 2 (approx. per word bound = -33.066, relative change = 3.528e-01) 
........................................................................................................
Completed E-Step (7 seconds). 
Completed M-Step (0 seconds). 
calculate log likelihood 
convergence.check is 0.0002286301 
Model Terminated Before Convergence Reached 
33 models in net 
Beginning Random Initialization 
Initialization with Poisson NMF 
........................................................................................................
Completed E-Step (10 seconds). 
Completed M-Step (0 seconds). 
calculate log likelihood 
Completing Iteration 1 (approx. per word bound = -53.115) 
........................................................................................................
Completed E-Step (9 seconds). 
Completed M-Step (0 seconds). 
calculate log likelihood 
convergence.check is 0.3775941 
Completing Iteration 2 (approx. per word bound = -33.059, relative change = 3.776e-01) 
........................................................................................................
Completed E-Step (7 seconds). 
Completed M-Step (0 seconds). 
calculate log likelihood 
convergence.check is 2.300417e-05 
Model Terminated Before Convergence Reached 
34 models in net 
Beginning Random Initialization 
Initialization with Poisson NMF 
........................................................................................................
Completed E-Step (9 seconds). 
Completed M-Step (0 seconds). 
calculate log likelihood 
Completing Iteration 1 (approx. per word bound = -55.826) 
........................................................................................................
Completed E-Step (7 seconds). 
Completed M-Step (0 seconds). 
calculate log likelihood 
convergence.check is 0.4078499 
Completing Iteration 2 (approx. per word bound = -33.058, relative change = 4.078e-01) 
........................................................................................................
Completed E-Step (7 seconds). 
Completed M-Step (0 seconds). 
calculate log likelihood 
convergence.check is 6.118662e-05 
Model Terminated Before Convergence Reached 
35 models in net 
Beginning Random Initialization 
Initialization with Poisson NMF 
........................................................................................................
Completed E-Step (9 seconds). 
Completed M-Step (0 seconds). 
calculate log likelihood 
Completing Iteration 1 (approx. per word bound = -51.015) 
........................................................................................................
Completed E-Step (7 seconds). 
Completed M-Step (0 seconds). 
calculate log likelihood 
convergence.check is 0.3519448 
Completing Iteration 2 (approx. per word bound = -33.061, relative change = 3.519e-01) 
........................................................................................................
Completed E-Step (7 seconds). 
Completed M-Step (0 seconds). 
calculate log likelihood 
convergence.check is 3.867181e-05 
Model Terminated Before Convergence Reached 
36 models in net 
Beginning Random Initialization 
Initialization with Poisson NMF 
........................................................................................................
Completed E-Step (12 seconds). 
Completed M-Step (0 seconds). 
calculate log likelihood 
Completing Iteration 1 (approx. per word bound = -69.743) 
........................................................................................................
Completed E-Step (6 seconds). 
Completed M-Step (0 seconds). 
calculate log likelihood 
convergence.check is 0.5259639 
Completing Iteration 2 (approx. per word bound = -33.061, relative change = 5.260e-01) 
........................................................................................................
Completed E-Step (6 seconds). 
Completed M-Step (0 seconds). 
calculate log likelihood 
convergence.check is 1.110155e-05 
Model Terminated Before Convergence Reached 
37 models in net 
Beginning Random Initialization 
Initialization with Poisson NMF 
........................................................................................................
Completed E-Step (11 seconds). 
Completed M-Step (0 seconds). 
calculate log likelihood 
Completing Iteration 1 (approx. per word bound = -130.311) 
........................................................................................................
Completed E-Step (7 seconds). 
Completed M-Step (0 seconds). 
calculate log likelihood 
convergence.check is 0.3099118 
Completing Iteration 2 (approx. per word bound = -89.926, relative change = 3.099e-01) 
........................................................................................................
Completed E-Step (6 seconds). 
Completed M-Step (0 seconds). 
calculate log likelihood 
convergence.check is 0.06288438 
Model Terminated Before Convergence Reached 
38 models in net 
Beginning Random Initialization 
Initialization with Poisson NMF 
........................................................................................................
Completed E-Step (10 seconds). 
Completed M-Step (0 seconds). 
calculate log likelihood 
Completing Iteration 1 (approx. per word bound = -51.878) 
........................................................................................................
Completed E-Step (6 seconds). 
Completed M-Step (0 seconds). 
calculate log likelihood 
convergence.check is 0.362745 
Completing Iteration 2 (approx. per word bound = -33.060, relative change = 3.627e-01) 
........................................................................................................
Completed E-Step (6 seconds). 
Completed M-Step (0 seconds). 
calculate log likelihood 
convergence.check is 1.821089e-05 
Model Terminated Before Convergence Reached 
39 models in net 
Beginning Random Initialization 
Initialization with Poisson NMF 
........................................................................................................
Completed E-Step (11 seconds). 
Completed M-Step (0 seconds). 
calculate log likelihood 
Completing Iteration 1 (approx. per word bound = -51.482) 
........................................................................................................
Completed E-Step (6 seconds). 
Completed M-Step (0 seconds). 
calculate log likelihood 
convergence.check is 0.3576907 
Completing Iteration 2 (approx. per word bound = -33.068, relative change = 3.577e-01) 
........................................................................................................
Completed E-Step (6 seconds). 
Completed M-Step (0 seconds). 
calculate log likelihood 
convergence.check is 0.0002860173 
Model Terminated Before Convergence Reached 
40 models in net 
Beginning Random Initialization 
Initialization with Poisson NMF 
........................................................................................................
Completed E-Step (10 seconds). 
Completed M-Step (0 seconds). 
calculate log likelihood 
Completing Iteration 1 (approx. per word bound = -79.638) 
........................................................................................................
Completed E-Step (6 seconds). 
Completed M-Step (0 seconds). 
calculate log likelihood 
convergence.check is 0.5848818 
Completing Iteration 2 (approx. per word bound = -33.059, relative change = 5.849e-01) 
........................................................................................................
Completed E-Step (6 seconds). 
Completed M-Step (0 seconds). 
calculate log likelihood 
convergence.check is 8.613487e-05 
Model Terminated Before Convergence Reached 
41 models in net 
Beginning Random Initialization 
Initialization with Poisson NMF 
........................................................................................................
Completed E-Step (10 seconds). 
Completed M-Step (0 seconds). 
calculate log likelihood 
Completing Iteration 1 (approx. per word bound = -56.492) 
........................................................................................................
Completed E-Step (7 seconds). 
Completed M-Step (0 seconds). 
calculate log likelihood 
convergence.check is 0.413826 
Completing Iteration 2 (approx. per word bound = -33.114, relative change = 4.138e-01) 
........................................................................................................
Completed E-Step (6 seconds). 
Completed M-Step (0 seconds). 
calculate log likelihood 
convergence.check is 0.001687151 
Model Terminated Before Convergence Reached 
Running select models 
1 select model run 
Initialization with topicScore. 
Initializing factors using Topic SCORE algorithm.
Initializing loadings by running 10 SCD updates.
........................................................................................................
Completed E-Step (4 seconds). 
Completed M-Step (0 seconds). 
calculate log likelihood 
Completing Iteration 1 (approx. per word bound = -42.326) 
........................................................................................................
Completed E-Step (6 seconds). 
Completed M-Step (0 seconds). 
calculate log likelihood 
convergence.check is 0.2217804 
Completing Iteration 2 (approx. per word bound = -32.939, relative change = 2.218e-01) 
........................................................................................................
Completed E-Step (6 seconds). 
Completed M-Step (0 seconds). 
calculate log likelihood 
convergence.check is 1.3749e-05 
Completing Iteration 3 (approx. per word bound = -32.939, relative change = 1.375e-05) 
........................................................................................................
Completed E-Step (6 seconds). 
Completed M-Step (0 seconds). 
calculate log likelihood 
convergence.check is 5.436903e-06 
Completing Iteration 4 (approx. per word bound = -32.939, relative change = 5.437e-06) 
........................................................................................................
Completed E-Step (6 seconds). 
Completed M-Step (0 seconds). 
calculate log likelihood 
convergence.check is 4.710488e-06 
Completing Iteration 5 (approx. per word bound = -32.938, relative change = 4.710e-06) 
Topic 1: Gene358, Gene1434, Gene1342, Gene511, Gene1357 
 Topic 2: Gene1357, Gene1342, Gene351, Gene1763, Gene220 
 Topic 3: Gene1807, Gene163, Gene638, Gene351, Gene1342 
........................................................................................................
Completed E-Step (6 seconds). 
Completed M-Step (0 seconds). 
calculate log likelihood 
convergence.check is 4.187208e-06 
Completing Iteration 6 (approx. per word bound = -32.938, relative change = 4.187e-06) 
........................................................................................................
Completed E-Step (6 seconds). 
Completed M-Step (0 seconds). 
calculate log likelihood 
convergence.check is 3.766617e-06 
Completing Iteration 7 (approx. per word bound = -32.938, relative change = 3.767e-06) 
........................................................................................................
Completed E-Step (6 seconds). 
Completed M-Step (0 seconds). 
calculate log likelihood 
convergence.check is 3.428808e-06 
Completing Iteration 8 (approx. per word bound = -32.938, relative change = 3.429e-06) 
........................................................................................................
Completed E-Step (6 seconds). 
Completed M-Step (0 seconds). 
calculate log likelihood 
convergence.check is 3.142236e-06 
Completing Iteration 9 (approx. per word bound = -32.938, relative change = 3.142e-06) 
........................................................................................................
Completed E-Step (6 seconds). 
Completed M-Step (0 seconds). 
calculate log likelihood 
convergence.check is 2.897605e-06 
Completing Iteration 10 (approx. per word bound = -32.938, relative change = 2.898e-06) 
Topic 1: Gene358, Gene1434, Gene1342, Gene511, Gene1357 
 Topic 2: Gene1357, Gene1342, Gene351, Gene1763, Gene220 
 Topic 3: Gene1807, Gene163, Gene638, Gene351, Gene1342 
........................................................................................................
Completed E-Step (6 seconds). 
Completed M-Step (0 seconds). 
calculate log likelihood 
convergence.check is 2.683459e-06 
Completing Iteration 11 (approx. per word bound = -32.938, relative change = 2.683e-06) 
........................................................................................................
Completed E-Step (5 seconds). 
Completed M-Step (0 seconds). 
calculate log likelihood 
convergence.check is 2.493719e-06 
Completing Iteration 12 (approx. per word bound = -32.938, relative change = 2.494e-06) 
........................................................................................................
Completed E-Step (5 seconds). 
Completed M-Step (0 seconds). 
calculate log likelihood 
convergence.check is 2.320923e-06 
Completing Iteration 13 (approx. per word bound = -32.938, relative change = 2.321e-06) 
........................................................................................................
Completed E-Step (5 seconds). 
Completed M-Step (0 seconds). 
calculate log likelihood 
convergence.check is 2.163806e-06 
Completing Iteration 14 (approx. per word bound = -32.938, relative change = 2.164e-06) 
........................................................................................................
Completed E-Step (5 seconds). 
Completed M-Step (0 seconds). 
calculate log likelihood 
convergence.check is 2.019995e-06 
Completing Iteration 15 (approx. per word bound = -32.937, relative change = 2.020e-06) 
Topic 1: Gene358, Gene1434, Gene1342, Gene511, Gene1357 
 Topic 2: Gene1357, Gene1342, Gene351, Gene1763, Gene220 
 Topic 3: Gene1807, Gene163, Gene638, Gene351, Gene1342 
........................................................................................................
Completed E-Step (5 seconds). 
Completed M-Step (0 seconds). 
calculate log likelihood 
convergence.check is 1.889831e-06 
Completing Iteration 16 (approx. per word bound = -32.937, relative change = 1.890e-06) 
........................................................................................................
Completed E-Step (5 seconds). 
Completed M-Step (0 seconds). 
calculate log likelihood 
convergence.check is 1.779135e-06 
Completing Iteration 17 (approx. per word bound = -32.937, relative change = 1.779e-06) 
........................................................................................................
Completed E-Step (5 seconds). 
Completed M-Step (0 seconds). 
calculate log likelihood 
convergence.check is 1.661363e-06 
Completing Iteration 18 (approx. per word bound = -32.937, relative change = 1.661e-06) 
........................................................................................................
Completed E-Step (5 seconds). 
Completed M-Step (0 seconds). 
calculate log likelihood 
convergence.check is 1.553374e-06 
Completing Iteration 19 (approx. per word bound = -32.937, relative change = 1.553e-06) 
........................................................................................................
Completed E-Step (5 seconds). 
Completed M-Step (0 seconds). 
calculate log likelihood 
convergence.check is 1.45761e-06 
Completing Iteration 20 (approx. per word bound = -32.937, relative change = 1.458e-06) 
Topic 1: Gene358, Gene1434, Gene1342, Gene511, Gene1357 
 Topic 2: Gene1357, Gene1342, Gene351, Gene1763, Gene220 
 Topic 3: Gene1807, Gene163, Gene638, Gene351, Gene1342 
........................................................................................................
Completed E-Step (5 seconds). 
Completed M-Step (0 seconds). 
calculate log likelihood 
convergence.check is 1.363918e-06 
Completing Iteration 21 (approx. per word bound = -32.937, relative change = 1.364e-06) 
........................................................................................................
Completed E-Step (5 seconds). 
Completed M-Step (0 seconds). 
calculate log likelihood 
convergence.check is 1.325049e-06 
Completing Iteration 22 (approx. per word bound = -32.937, relative change = 1.325e-06) 
........................................................................................................
Completed E-Step (5 seconds). 
Completed M-Step (0 seconds). 
calculate log likelihood 
convergence.check is 1.161739e-06 
Completing Iteration 23 (approx. per word bound = -32.937, relative change = 1.162e-06) 
........................................................................................................
Completed E-Step (5 seconds). 
Completed M-Step (0 seconds). 
calculate log likelihood 
convergence.check is 1.159706e-06 
Completing Iteration 24 (approx. per word bound = -32.937, relative change = 1.160e-06) 
........................................................................................................
Completed E-Step (5 seconds). 
Completed M-Step (0 seconds). 
calculate log likelihood 
convergence.check is 1.079294e-06 
Completing Iteration 25 (approx. per word bound = -32.937, relative change = 1.079e-06) 
Topic 1: Gene358, Gene1434, Gene1342, Gene511, Gene1357 
 Topic 2: Gene1357, Gene1342, Gene351, Gene1763, Gene220 
 Topic 3: Gene1807, Gene163, Gene638, Gene351, Gene1342 
........................................................................................................
Completed E-Step (4 seconds). 
Completed M-Step (0 seconds). 
calculate log likelihood 
convergence.check is 1.007469e-06 
Completing Iteration 26 (approx. per word bound = -32.937, relative change = 1.007e-06) 
........................................................................................................
Completed E-Step (4 seconds). 
Completed M-Step (0 seconds). 
calculate log likelihood 
convergence.check is 9.39232e-07 
Model Converged 
2 select model run 
Initialization with topicScore. 
Initializing factors using Topic SCORE algorithm.
Initializing loadings by running 10 SCD updates.
........................................................................................................
Completed E-Step (4 seconds). 
Completed M-Step (0 seconds). 
calculate log likelihood 
Completing Iteration 1 (approx. per word bound = -60.432) 
........................................................................................................
Completed E-Step (6 seconds). 
Completed M-Step (0 seconds). 
calculate log likelihood 
convergence.check is 0.4548031 
Completing Iteration 2 (approx. per word bound = -32.947, relative change = 4.548e-01) 
........................................................................................................
Completed E-Step (6 seconds). 
Completed M-Step (0 seconds). 
calculate log likelihood 
convergence.check is 0.0002545694 
Completing Iteration 3 (approx. per word bound = -32.939, relative change = 2.546e-04) 
........................................................................................................
Completed E-Step (6 seconds). 
Completed M-Step (0 seconds). 
calculate log likelihood 
convergence.check is 7.859347e-06 
Completing Iteration 4 (approx. per word bound = -32.939, relative change = 7.859e-06) 
........................................................................................................
Completed E-Step (6 seconds). 
Completed M-Step (0 seconds). 
calculate log likelihood 
convergence.check is 4.318693e-06 
Completing Iteration 5 (approx. per word bound = -32.939, relative change = 4.319e-06) 
Topic 1: Gene358, Gene1434, Gene1342, Gene511, Gene1357 
 Topic 2: Gene1357, Gene1342, Gene351, Gene1763, Gene358 
 Topic 3: Gene1807, Gene163, Gene638, Gene351, Gene1342 
........................................................................................................
Completed E-Step (6 seconds). 
Completed M-Step (0 seconds). 
calculate log likelihood 
convergence.check is 3.396027e-06 
Completing Iteration 6 (approx. per word bound = -32.939, relative change = 3.396e-06) 
........................................................................................................
Completed E-Step (5 seconds). 
Completed M-Step (0 seconds). 
calculate log likelihood 
convergence.check is 2.860553e-06 
Completing Iteration 7 (approx. per word bound = -32.938, relative change = 2.861e-06) 
........................................................................................................
Completed E-Step (6 seconds). 
Completed M-Step (0 seconds). 
calculate log likelihood 
convergence.check is 2.711807e-06 
Completing Iteration 8 (approx. per word bound = -32.938, relative change = 2.712e-06) 
........................................................................................................
Completed E-Step (6 seconds). 
Completed M-Step (0 seconds). 
calculate log likelihood 
convergence.check is 2.498538e-06 
Completing Iteration 9 (approx. per word bound = -32.938, relative change = 2.499e-06) 
........................................................................................................
Completed E-Step (5 seconds). 
Completed M-Step (0 seconds). 
calculate log likelihood 
convergence.check is 2.283851e-06 
Completing Iteration 10 (approx. per word bound = -32.938, relative change = 2.284e-06) 
Topic 1: Gene358, Gene1434, Gene1342, Gene511, Gene1357 
 Topic 2: Gene1357, Gene1342, Gene351, Gene1763, Gene358 
 Topic 3: Gene1807, Gene163, Gene638, Gene351, Gene1342 
........................................................................................................
Completed E-Step (5 seconds). 
Completed M-Step (0 seconds). 
calculate log likelihood 
convergence.check is 2.17696e-06 
Completing Iteration 11 (approx. per word bound = -32.938, relative change = 2.177e-06) 
........................................................................................................
Completed E-Step (5 seconds). 
Completed M-Step (0 seconds). 
calculate log likelihood 
convergence.check is 1.926802e-06 
Completing Iteration 12 (approx. per word bound = -32.938, relative change = 1.927e-06) 
........................................................................................................
Completed E-Step (5 seconds). 
Completed M-Step (0 seconds). 
calculate log likelihood 
convergence.check is 1.944336e-06 
Completing Iteration 13 (approx. per word bound = -32.938, relative change = 1.944e-06) 
........................................................................................................
Completed E-Step (5 seconds). 
Completed M-Step (0 seconds). 
calculate log likelihood 
convergence.check is 1.696218e-06 
Completing Iteration 14 (approx. per word bound = -32.938, relative change = 1.696e-06) 
........................................................................................................
Completed E-Step (5 seconds). 
Completed M-Step (0 seconds). 
calculate log likelihood 
convergence.check is 1.855795e-06 
Completing Iteration 15 (approx. per word bound = -32.938, relative change = 1.856e-06) 
Topic 1: Gene358, Gene1434, Gene1342, Gene511, Gene1357 
 Topic 2: Gene1357, Gene1342, Gene351, Gene1763, Gene358 
 Topic 3: Gene1807, Gene163, Gene638, Gene351, Gene1342 
........................................................................................................
Completed E-Step (5 seconds). 
Completed M-Step (0 seconds). 
calculate log likelihood 
convergence.check is 1.35861e-06 
Completing Iteration 16 (approx. per word bound = -32.938, relative change = 1.359e-06) 
........................................................................................................
Completed E-Step (5 seconds). 
Completed M-Step (0 seconds). 
calculate log likelihood 
convergence.check is 1.653964e-06 
Completing Iteration 17 (approx. per word bound = -32.938, relative change = 1.654e-06) 
........................................................................................................
Completed E-Step (5 seconds). 
Completed M-Step (0 seconds). 
calculate log likelihood 
convergence.check is 1.473077e-06 
Completing Iteration 18 (approx. per word bound = -32.938, relative change = 1.473e-06) 
........................................................................................................
Completed E-Step (5 seconds). 
Completed M-Step (0 seconds). 
calculate log likelihood 
convergence.check is 1.072819e-06 
Completing Iteration 19 (approx. per word bound = -32.938, relative change = 1.073e-06) 
........................................................................................................
Completed E-Step (5 seconds). 
Completed M-Step (0 seconds). 
calculate log likelihood 
convergence.check is 1.624498e-06 
Completing Iteration 20 (approx. per word bound = -32.938, relative change = 1.624e-06) 
Topic 1: Gene358, Gene1434, Gene1342, Gene511, Gene1357 
 Topic 2: Gene1357, Gene1342, Gene351, Gene1763, Gene358 
 Topic 3: Gene1807, Gene163, Gene638, Gene351, Gene1342 
........................................................................................................
Completed E-Step (5 seconds). 
Completed M-Step (0 seconds). 
calculate log likelihood 
convergence.check is 1.171215e-06 
Completing Iteration 21 (approx. per word bound = -32.938, relative change = 1.171e-06) 
........................................................................................................
Completed E-Step (5 seconds). 
Completed M-Step (0 seconds). 
calculate log likelihood 
convergence.check is 9.593018e-07 
Model Converged 
3 select model run 
Initialization with topicScore. 
Initializing factors using Topic SCORE algorithm.
Initializing loadings by running 10 SCD updates.
........................................................................................................
Completed E-Step (5 seconds). 
Completed M-Step (0 seconds). 
calculate log likelihood 
Completing Iteration 1 (approx. per word bound = -69.845) 
........................................................................................................
Completed E-Step (7 seconds). 
Completed M-Step (0 seconds). 
calculate log likelihood 
convergence.check is 0.5282704 
Completing Iteration 2 (approx. per word bound = -32.948, relative change = 5.283e-01) 
........................................................................................................
Completed E-Step (7 seconds). 
Completed M-Step (0 seconds). 
calculate log likelihood 
convergence.check is 0.0002708714 
Completing Iteration 3 (approx. per word bound = -32.939, relative change = 2.709e-04) 
........................................................................................................
Completed E-Step (6 seconds). 
Completed M-Step (0 seconds). 
calculate log likelihood 
convergence.check is 7.615681e-06 
Completing Iteration 4 (approx. per word bound = -32.939, relative change = 7.616e-06) 
........................................................................................................
Completed E-Step (6 seconds). 
Completed M-Step (0 seconds). 
calculate log likelihood 
convergence.check is 3.788276e-06 
Completing Iteration 5 (approx. per word bound = -32.939, relative change = 3.788e-06) 
Topic 1: Gene1357, Gene1342, Gene351, Gene1763, Gene220 
 Topic 2: Gene358, Gene1434, Gene1342, Gene511, Gene1357 
 Topic 3: Gene1807, Gene163, Gene638, Gene351, Gene1342 
........................................................................................................
Completed E-Step (6 seconds). 
Completed M-Step (0 seconds). 
calculate log likelihood 
convergence.check is 3.344119e-06 
Completing Iteration 6 (approx. per word bound = -32.939, relative change = 3.344e-06) 
........................................................................................................
Completed E-Step (8 seconds). 
Completed M-Step (0 seconds). 
calculate log likelihood 
convergence.check is 2.937471e-06 
Completing Iteration 7 (approx. per word bound = -32.939, relative change = 2.937e-06) 
........................................................................................................
Completed E-Step (6 seconds). 
Completed M-Step (0 seconds). 
calculate log likelihood 
convergence.check is 2.715919e-06 
Completing Iteration 8 (approx. per word bound = -32.938, relative change = 2.716e-06) 
........................................................................................................
Completed E-Step (5 seconds). 
Completed M-Step (0 seconds). 
calculate log likelihood 
convergence.check is 2.472774e-06 
Completing Iteration 9 (approx. per word bound = -32.938, relative change = 2.473e-06) 
........................................................................................................
Completed E-Step (5 seconds). 
Completed M-Step (0 seconds). 
calculate log likelihood 
convergence.check is 2.197813e-06 
Completing Iteration 10 (approx. per word bound = -32.938, relative change = 2.198e-06) 
Topic 1: Gene1357, Gene1342, Gene351, Gene1763, Gene220 
 Topic 2: Gene358, Gene1434, Gene1342, Gene511, Gene1357 
 Topic 3: Gene1807, Gene163, Gene638, Gene351, Gene1342 
........................................................................................................
Completed E-Step (5 seconds). 
Completed M-Step (0 seconds). 
calculate log likelihood 
convergence.check is 2.15964e-06 
Completing Iteration 11 (approx. per word bound = -32.938, relative change = 2.160e-06) 
........................................................................................................
Completed E-Step (5 seconds). 
Completed M-Step (0 seconds). 
calculate log likelihood 
convergence.check is 1.88613e-06 
Completing Iteration 12 (approx. per word bound = -32.938, relative change = 1.886e-06) 
........................................................................................................
Completed E-Step (5 seconds). 
Completed M-Step (0 seconds). 
calculate log likelihood 
convergence.check is 1.893312e-06 
Completing Iteration 13 (approx. per word bound = -32.938, relative change = 1.893e-06) 
........................................................................................................
Completed E-Step (5 seconds). 
Completed M-Step (0 seconds). 
calculate log likelihood 
convergence.check is 1.621146e-06 
Completing Iteration 14 (approx. per word bound = -32.938, relative change = 1.621e-06) 
........................................................................................................
Completed E-Step (5 seconds). 
Completed M-Step (0 seconds). 
calculate log likelihood 
convergence.check is 1.66748e-06 
Completing Iteration 15 (approx. per word bound = -32.938, relative change = 1.667e-06) 
Topic 1: Gene1357, Gene1342, Gene351, Gene1763, Gene358 
 Topic 2: Gene358, Gene1434, Gene1342, Gene511, Gene1357 
 Topic 3: Gene1807, Gene163, Gene638, Gene351, Gene1342 
........................................................................................................
Completed E-Step (5 seconds). 
Completed M-Step (0 seconds). 
calculate log likelihood 
convergence.check is 1.459882e-06 
Completing Iteration 16 (approx. per word bound = -32.938, relative change = 1.460e-06) 
........................................................................................................
Completed E-Step (5 seconds). 
Completed M-Step (0 seconds). 
calculate log likelihood 
convergence.check is 1.449972e-06 
Completing Iteration 17 (approx. per word bound = -32.938, relative change = 1.450e-06) 
........................................................................................................
Completed E-Step (5 seconds). 
Completed M-Step (0 seconds). 
calculate log likelihood 
convergence.check is 1.361183e-06 
Completing Iteration 18 (approx. per word bound = -32.938, relative change = 1.361e-06) 
........................................................................................................
Completed E-Step (5 seconds). 
Completed M-Step (0 seconds). 
calculate log likelihood 
convergence.check is 1.04074e-06 
Completing Iteration 19 (approx. per word bound = -32.938, relative change = 1.041e-06) 
........................................................................................................
Completed E-Step (5 seconds). 
Completed M-Step (0 seconds). 
calculate log likelihood 
convergence.check is 1.46359e-06 
Completing Iteration 20 (approx. per word bound = -32.938, relative change = 1.464e-06) 
Topic 1: Gene1357, Gene1342, Gene351, Gene1763, Gene358 
 Topic 2: Gene358, Gene1434, Gene1342, Gene511, Gene1357 
 Topic 3: Gene1807, Gene163, Gene638, Gene351, Gene1342 
........................................................................................................
Completed E-Step (4 seconds). 
Completed M-Step (0 seconds). 
calculate log likelihood 
convergence.check is 1.037758e-06 
Completing Iteration 21 (approx. per word bound = -32.938, relative change = 1.038e-06) 
........................................................................................................
Completed E-Step (5 seconds). 
Completed M-Step (0 seconds). 
calculate log likelihood 
convergence.check is 8.516824e-07 
Model Converged 
4 select model run 
Initialization with topicScore. 
Initializing factors using Topic SCORE algorithm.
Initializing loadings by running 10 SCD updates.
........................................................................................................
Completed E-Step (6 seconds). 
Completed M-Step (0 seconds). 
calculate log likelihood 
Completing Iteration 1 (approx. per word bound = -69.845) 
........................................................................................................
Completed E-Step (6 seconds). 
Completed M-Step (0 seconds). 
calculate log likelihood 
convergence.check is 0.5282704 
Completing Iteration 2 (approx. per word bound = -32.948, relative change = 5.283e-01) 
........................................................................................................
Completed E-Step (6 seconds). 
Completed M-Step (0 seconds). 
calculate log likelihood 
convergence.check is 0.0002708714 
Completing Iteration 3 (approx. per word bound = -32.939, relative change = 2.709e-04) 
........................................................................................................
Completed E-Step (6 seconds). 
Completed M-Step (0 seconds). 
calculate log likelihood 
convergence.check is 7.615681e-06 
Completing Iteration 4 (approx. per word bound = -32.939, relative change = 7.616e-06) 
........................................................................................................
Completed E-Step (6 seconds). 
Completed M-Step (0 seconds). 
calculate log likelihood 
convergence.check is 3.788279e-06 
Completing Iteration 5 (approx. per word bound = -32.939, relative change = 3.788e-06) 
Topic 1: Gene1357, Gene1342, Gene351, Gene1763, Gene220 
 Topic 2: Gene358, Gene1434, Gene1342, Gene511, Gene1357 
 Topic 3: Gene1807, Gene163, Gene638, Gene351, Gene1342 
........................................................................................................
Completed E-Step (6 seconds). 
Completed M-Step (0 seconds). 
calculate log likelihood 
convergence.check is 3.344119e-06 
Completing Iteration 6 (approx. per word bound = -32.939, relative change = 3.344e-06) 
........................................................................................................
Completed E-Step (5 seconds). 
Completed M-Step (0 seconds). 
calculate log likelihood 
convergence.check is 2.93747e-06 
Completing Iteration 7 (approx. per word bound = -32.939, relative change = 2.937e-06) 
........................................................................................................
Completed E-Step (5 seconds). 
Completed M-Step (0 seconds). 
calculate log likelihood 
convergence.check is 2.715771e-06 
Completing Iteration 8 (approx. per word bound = -32.938, relative change = 2.716e-06) 
........................................................................................................
Completed E-Step (5 seconds). 
Completed M-Step (0 seconds). 
calculate log likelihood 
convergence.check is 2.472916e-06 
Completing Iteration 9 (approx. per word bound = -32.938, relative change = 2.473e-06) 
........................................................................................................
Completed E-Step (5 seconds). 
Completed M-Step (0 seconds). 
calculate log likelihood 
convergence.check is 2.197816e-06 
Completing Iteration 10 (approx. per word bound = -32.938, relative change = 2.198e-06) 
Topic 1: Gene1357, Gene1342, Gene351, Gene1763, Gene220 
 Topic 2: Gene358, Gene1434, Gene1342, Gene511, Gene1357 
 Topic 3: Gene1807, Gene163, Gene638, Gene351, Gene1342 
........................................................................................................
Completed E-Step (5 seconds). 
Completed M-Step (0 seconds). 
calculate log likelihood 
convergence.check is 2.159637e-06 
Completing Iteration 11 (approx. per word bound = -32.938, relative change = 2.160e-06) 
........................................................................................................
Completed E-Step (5 seconds). 
Completed M-Step (0 seconds). 
calculate log likelihood 
convergence.check is 1.886129e-06 
Completing Iteration 12 (approx. per word bound = -32.938, relative change = 1.886e-06) 
........................................................................................................
Completed E-Step (5 seconds). 
Completed M-Step (0 seconds). 
calculate log likelihood 
convergence.check is 1.893382e-06 
Completing Iteration 13 (approx. per word bound = -32.938, relative change = 1.893e-06) 
........................................................................................................
Completed E-Step (5 seconds). 
Completed M-Step (0 seconds). 
calculate log likelihood 
convergence.check is 1.620893e-06 
Completing Iteration 14 (approx. per word bound = -32.938, relative change = 1.621e-06) 
........................................................................................................
Completed E-Step (5 seconds). 
Completed M-Step (0 seconds). 
calculate log likelihood 
convergence.check is 1.659263e-06 
Completing Iteration 15 (approx. per word bound = -32.938, relative change = 1.659e-06) 
Topic 1: Gene1357, Gene1342, Gene351, Gene1763, Gene358 
 Topic 2: Gene358, Gene1434, Gene1342, Gene511, Gene1357 
 Topic 3: Gene1807, Gene163, Gene638, Gene351, Gene1342 
........................................................................................................
Completed E-Step (5 seconds). 
Completed M-Step (0 seconds). 
calculate log likelihood 
convergence.check is 1.462515e-06 
Completing Iteration 16 (approx. per word bound = -32.938, relative change = 1.463e-06) 
........................................................................................................
Completed E-Step (5 seconds). 
Completed M-Step (0 seconds). 
calculate log likelihood 
convergence.check is 1.434148e-06 
Completing Iteration 17 (approx. per word bound = -32.938, relative change = 1.434e-06) 
........................................................................................................
Completed E-Step (5 seconds). 
Completed M-Step (0 seconds). 
calculate log likelihood 
convergence.check is 1.33367e-06 
Completing Iteration 18 (approx. per word bound = -32.938, relative change = 1.334e-06) 
........................................................................................................
Completed E-Step (5 seconds). 
Completed M-Step (0 seconds). 
calculate log likelihood 
convergence.check is 1.059402e-06 
Completing Iteration 19 (approx. per word bound = -32.938, relative change = 1.059e-06) 
........................................................................................................
Completed E-Step (4 seconds). 
Completed M-Step (0 seconds). 
calculate log likelihood 
convergence.check is 1.485426e-06 
Completing Iteration 20 (approx. per word bound = -32.938, relative change = 1.485e-06) 
Topic 1: Gene1357, Gene1342, Gene351, Gene1763, Gene358 
 Topic 2: Gene358, Gene1434, Gene1342, Gene511, Gene1357 
 Topic 3: Gene1807, Gene163, Gene638, Gene351, Gene1342 
........................................................................................................
Completed E-Step (4 seconds). 
Completed M-Step (0 seconds). 
calculate log likelihood 
convergence.check is 1.048481e-06 
Completing Iteration 21 (approx. per word bound = -32.938, relative change = 1.048e-06) 
........................................................................................................
Completed E-Step (4 seconds). 
Completed M-Step (0 seconds). 
calculate log likelihood 
convergence.check is 8.547176e-07 
Model Converged 
5 select model run 
Initialization with topicScore. 
Initializing factors using Topic SCORE algorithm.
Initializing loadings by running 10 SCD updates.
........................................................................................................
Completed E-Step (4 seconds). 
Completed M-Step (0 seconds). 
calculate log likelihood 
Completing Iteration 1 (approx. per word bound = -69.845) 
........................................................................................................
Completed E-Step (6 seconds). 
Completed M-Step (0 seconds). 
calculate log likelihood 
convergence.check is 0.5282704 
Completing Iteration 2 (approx. per word bound = -32.948, relative change = 5.283e-01) 
........................................................................................................
Completed E-Step (6 seconds). 
Completed M-Step (0 seconds). 
calculate log likelihood 
convergence.check is 0.0002708714 
Completing Iteration 3 (approx. per word bound = -32.939, relative change = 2.709e-04) 
........................................................................................................
Completed E-Step (6 seconds). 
Completed M-Step (0 seconds). 
calculate log likelihood 
convergence.check is 7.615681e-06 
Completing Iteration 4 (approx. per word bound = -32.939, relative change = 7.616e-06) 
........................................................................................................
Completed E-Step (6 seconds). 
Completed M-Step (0 seconds). 
calculate log likelihood 
convergence.check is 3.788275e-06 
Completing Iteration 5 (approx. per word bound = -32.939, relative change = 3.788e-06) 
Topic 1: Gene1357, Gene1342, Gene351, Gene1763, Gene220 
 Topic 2: Gene358, Gene1434, Gene1342, Gene511, Gene1357 
 Topic 3: Gene1807, Gene163, Gene638, Gene351, Gene1342 
........................................................................................................
Completed E-Step (6 seconds). 
Completed M-Step (0 seconds). 
calculate log likelihood 
convergence.check is 3.344687e-06 
Completing Iteration 6 (approx. per word bound = -32.939, relative change = 3.345e-06) 
........................................................................................................
Completed E-Step (6 seconds). 
Completed M-Step (0 seconds). 
calculate log likelihood 
convergence.check is 2.93722e-06 
Completing Iteration 7 (approx. per word bound = -32.939, relative change = 2.937e-06) 
........................................................................................................
Completed E-Step (6 seconds). 
Completed M-Step (0 seconds). 
calculate log likelihood 
convergence.check is 2.707404e-06 
Completing Iteration 8 (approx. per word bound = -32.938, relative change = 2.707e-06) 
........................................................................................................
Completed E-Step (5 seconds). 
Completed M-Step (0 seconds). 
calculate log likelihood 
convergence.check is 2.480839e-06 
Completing Iteration 9 (approx. per word bound = -32.938, relative change = 2.481e-06) 
........................................................................................................
Completed E-Step (5 seconds). 
Completed M-Step (0 seconds). 
calculate log likelihood 
convergence.check is 2.197411e-06 
Completing Iteration 10 (approx. per word bound = -32.938, relative change = 2.197e-06) 
Topic 1: Gene1357, Gene1342, Gene351, Gene1763, Gene220 
 Topic 2: Gene358, Gene1434, Gene1342, Gene511, Gene1357 
 Topic 3: Gene1807, Gene163, Gene638, Gene351, Gene1342 
........................................................................................................
Completed E-Step (5 seconds). 
Completed M-Step (0 seconds). 
calculate log likelihood 
convergence.check is 2.159362e-06 
Completing Iteration 11 (approx. per word bound = -32.938, relative change = 2.159e-06) 
........................................................................................................
Completed E-Step (6 seconds). 
Completed M-Step (0 seconds). 
calculate log likelihood 
convergence.check is 1.884199e-06 
Completing Iteration 12 (approx. per word bound = -32.938, relative change = 1.884e-06) 
........................................................................................................
Completed E-Step (5 seconds). 
Completed M-Step (0 seconds). 
calculate log likelihood 
convergence.check is 1.892993e-06 
Completing Iteration 13 (approx. per word bound = -32.938, relative change = 1.893e-06) 
........................................................................................................
Completed E-Step (5 seconds). 
Completed M-Step (0 seconds). 
calculate log likelihood 
convergence.check is 1.611289e-06 
Completing Iteration 14 (approx. per word bound = -32.938, relative change = 1.611e-06) 
........................................................................................................
Completed E-Step (5 seconds). 
Completed M-Step (0 seconds). 
calculate log likelihood 
convergence.check is 1.68102e-06 
Completing Iteration 15 (approx. per word bound = -32.938, relative change = 1.681e-06) 
Topic 1: Gene1357, Gene1342, Gene351, Gene1763, Gene358 
 Topic 2: Gene358, Gene1434, Gene1342, Gene511, Gene1357 
 Topic 3: Gene1807, Gene163, Gene638, Gene351, Gene1342 
........................................................................................................
Completed E-Step (5 seconds). 
Completed M-Step (0 seconds). 
calculate log likelihood 
convergence.check is 1.470529e-06 
Completing Iteration 16 (approx. per word bound = -32.938, relative change = 1.471e-06) 
........................................................................................................
Completed E-Step (5 seconds). 
Completed M-Step (0 seconds). 
calculate log likelihood 
convergence.check is 1.435422e-06 
Completing Iteration 17 (approx. per word bound = -32.938, relative change = 1.435e-06) 
........................................................................................................
Completed E-Step (5 seconds). 
Completed M-Step (0 seconds). 
calculate log likelihood 
convergence.check is 1.3459e-06 
Completing Iteration 18 (approx. per word bound = -32.938, relative change = 1.346e-06) 
........................................................................................................
Completed E-Step (5 seconds). 
Completed M-Step (0 seconds). 
calculate log likelihood 
convergence.check is 1.040322e-06 
Completing Iteration 19 (approx. per word bound = -32.938, relative change = 1.040e-06) 
........................................................................................................
Completed E-Step (5 seconds). 
Completed M-Step (0 seconds). 
calculate log likelihood 
convergence.check is 1.472243e-06 
Completing Iteration 20 (approx. per word bound = -32.938, relative change = 1.472e-06) 
Topic 1: Gene1357, Gene1342, Gene351, Gene1763, Gene358 
 Topic 2: Gene358, Gene1434, Gene1342, Gene511, Gene1357 
 Topic 3: Gene1807, Gene163, Gene638, Gene351, Gene1342 
........................................................................................................
Completed E-Step (4 seconds). 
Completed M-Step (0 seconds). 
calculate log likelihood 
convergence.check is 1.029066e-06 
Completing Iteration 21 (approx. per word bound = -32.938, relative change = 1.029e-06) 
........................................................................................................
Completed E-Step (5 seconds). 
Completed M-Step (0 seconds). 
calculate log likelihood 
convergence.check is 8.520748e-07 
Model Converged 
