sims_1715931151_pos_L4_c5.rds 
Found 6 batches
Using null model in ComBat-seq.
Adjusting for 0 covariate(s) or covariate level(s)
Estimating dispersions
Fitting the GLM model
Shrinkage off - using GLM estimates for parameters
Adjusting the data
Batch Effect Removed 
        R/alignCorpus.R R/asSTMCorpus.R R/checkBeta.R R/cloud.R
value   ?               ?               ?             ?        
visible FALSE           FALSE           FALSE         FALSE    
        R/CompositionChange.R R/convertCorpus.R R/estimateEffect.R
value   ?                     ?                 ?                 
visible FALSE                 FALSE             FALSE             
        R/estimateMixedEffect.R R/exclusivity.R R/findThoughts.R R/findTopic.R
value   ?                       ?               ?                ?            
visible FALSE                   FALSE           FALSE            FALSE        
        R/fitNewDocuments.R R/heldout.R R/jeffreyskappa.R R/labelTopics.R
value   ?                   ?           ?                 ?              
visible FALSE               FALSE       FALSE             FALSE          
        R/makeDesignMatrix.R R/manyTopics.R R/multiSTM.R R/optimalK.R
value   ?                    ?              ?            ?           
visible FALSE                FALSE          FALSE        FALSE       
        R/permute.R R/plot.estimateEffect.R R/plot.fixedEffect.R
value   ?           ?                       ?                   
visible FALSE       FALSE                   FALSE               
        R/plot.searchK.R R/plot.STM.R R/plotModels.R R/plotQuote.R
value   ?                ?            ?              ?            
visible FALSE            FALSE        FALSE          FALSE        
        R/plotRemoved.R R/plottingutilfns.R R/plotTopicLoess.R
value   ?               ?                   ?                 
visible FALSE           FALSE               FALSE             
        R/prepDocuments.R R/prepsce.R R/produce_cmatrix.R R/RcppExports.R
value   ?                 ?           ?                   ?              
visible FALSE             FALSE       FALSE               FALSE          
        R/readCorpus.R R/residuals.R R/s.R R/sageLabels.R R/scSTM.R
value   ?              ?             ?     ?              ?        
visible FALSE          FALSE         FALSE FALSE          FALSE    
        R/selectModel.R R/semanticCoherence.R R/simBetas.R R/spectral.R
value   ?               ?                     ?            ?           
visible FALSE           FALSE                 FALSE        FALSE       
        R/stm-package.R R/stm.control.R R/STMbound.R R/STMconvergence.R
value   NULL            ?               ?            ?                 
visible TRUE            FALSE           FALSE        FALSE             
        R/STMestep.R R/STMfunctions.R R/STMinit.R R/STMinitLikelihood.R
value   ?            ?                ?           ?                    
visible FALSE        FALSE            FALSE       FALSE                
        R/STMlncpp.R R/STMmnreg.R R/STMmu.R R/STMoptbeta.R R/STMreport.R
value   ?            ?            ?         ?              ?            
visible FALSE        FALSE        FALSE     FALSE          FALSE        
        R/STMsigma.R R/STMsigs.R R/STMsubset.R R/summary.STM.R R/tau.R
value   ?            ?           ?             ?               ?      
visible FALSE        FALSE       FALSE         FALSE           FALSE  
        R/textProcessor.R R/thetaPosterior.R R/toLDAvis.R R/topicCorr.R
value   ?                 ?                  ?            ?            
visible FALSE             FALSE              FALSE        FALSE        
        R/topicLasso.R R/topicQuality.R R/writeLdac.R R/zzz.R
value   ?              ?                ?             ?      
visible FALSE          FALSE            FALSE         FALSE  
Casting net 
1 models in net 
Initialization with topicScore. 
Initializing factors using Topic SCORE algorithm.
Initializing loadings by running 10 SCD updates.
......................................................................................................
Completed E-Step (19 seconds). 
Completed M-Step (0 seconds). 
calculate log likelihood 
Completing Iteration 1 (approx. per word bound = -35.442) 
......................................................................................................
Completed E-Step (15 seconds). 
Completed M-Step (0 seconds). 
calculate log likelihood 
convergence.check is 5.893646e-05 
Completing Iteration 2 (approx. per word bound = -35.440, relative change = 5.894e-05) 
......................................................................................................
Completed E-Step (14 seconds). 
Completed M-Step (0 seconds). 
calculate log likelihood 
convergence.check is 2.165425e-05 
Model Terminated Before Convergence Reached 
2 models in net 
Initialization with topicScore. 
Initializing factors using Topic SCORE algorithm.
Initializing loadings by running 10 SCD updates.
......................................................................................................
Completed E-Step (18 seconds). 
Completed M-Step (0 seconds). 
calculate log likelihood 
Completing Iteration 1 (approx. per word bound = -35.443) 
......................................................................................................
Completed E-Step (16 seconds). 
Completed M-Step (0 seconds). 
calculate log likelihood 
convergence.check is 6.093473e-05 
Completing Iteration 2 (approx. per word bound = -35.441, relative change = 6.093e-05) 
......................................................................................................
Completed E-Step (15 seconds). 
Completed M-Step (0 seconds). 
calculate log likelihood 
convergence.check is 2.165086e-05 
Model Terminated Before Convergence Reached 
3 models in net 
Initialization with topicScore. 
Initializing factors using Topic SCORE algorithm.
Initializing loadings by running 10 SCD updates.
......................................................................................................
Completed E-Step (19 seconds). 
Completed M-Step (0 seconds). 
calculate log likelihood 
Completing Iteration 1 (approx. per word bound = -35.442) 
......................................................................................................
Completed E-Step (15 seconds). 
Completed M-Step (0 seconds). 
calculate log likelihood 
convergence.check is 5.604869e-05 
Completing Iteration 2 (approx. per word bound = -35.440, relative change = 5.605e-05) 
......................................................................................................
Completed E-Step (14 seconds). 
Completed M-Step (0 seconds). 
calculate log likelihood 
convergence.check is 2.100661e-05 
Model Terminated Before Convergence Reached 
4 models in net 
Initialization with topicScore. 
Initializing factors using Topic SCORE algorithm.
Initializing loadings by running 10 SCD updates.
......................................................................................................
Completed E-Step (19 seconds). 
Completed M-Step (0 seconds). 
calculate log likelihood 
Completing Iteration 1 (approx. per word bound = -35.443) 
......................................................................................................
Completed E-Step (17 seconds). 
Completed M-Step (0 seconds). 
calculate log likelihood 
convergence.check is 5.599915e-05 
Completing Iteration 2 (approx. per word bound = -35.441, relative change = 5.600e-05) 
......................................................................................................
Completed E-Step (14 seconds). 
Completed M-Step (0 seconds). 
calculate log likelihood 
convergence.check is 2.111758e-05 
Model Terminated Before Convergence Reached 
5 models in net 
Initialization with topicScore. 
Initializing factors using Topic SCORE algorithm.
Initializing loadings by running 10 SCD updates.
......................................................................................................
Completed E-Step (19 seconds). 
Completed M-Step (0 seconds). 
calculate log likelihood 
Completing Iteration 1 (approx. per word bound = -35.443) 
......................................................................................................
Completed E-Step (16 seconds). 
Completed M-Step (0 seconds). 
calculate log likelihood 
convergence.check is 6.168739e-05 
Completing Iteration 2 (approx. per word bound = -35.441, relative change = 6.169e-05) 
......................................................................................................
Completed E-Step (14 seconds). 
Completed M-Step (0 seconds). 
calculate log likelihood 
convergence.check is 2.107206e-05 
Model Terminated Before Convergence Reached 
6 models in net 
Initialization with topicScore. 
Initializing factors using Topic SCORE algorithm.
Initializing loadings by running 10 SCD updates.
......................................................................................................
Completed E-Step (20 seconds). 
Completed M-Step (0 seconds). 
calculate log likelihood 
Completing Iteration 1 (approx. per word bound = -35.448) 
......................................................................................................
Completed E-Step (16 seconds). 
Completed M-Step (0 seconds). 
calculate log likelihood 
convergence.check is 6.94326e-05 
Completing Iteration 2 (approx. per word bound = -35.445, relative change = 6.943e-05) 
......................................................................................................
Completed E-Step (15 seconds). 
Completed M-Step (0 seconds). 
calculate log likelihood 
convergence.check is 3.471587e-05 
Model Terminated Before Convergence Reached 
7 models in net 
Initialization with topicScore. 
Initializing factors using Topic SCORE algorithm.
Initializing loadings by running 10 SCD updates.
......................................................................................................
Completed E-Step (19 seconds). 
Completed M-Step (0 seconds). 
calculate log likelihood 
Completing Iteration 1 (approx. per word bound = -35.442) 
......................................................................................................
Completed E-Step (16 seconds). 
Completed M-Step (0 seconds). 
calculate log likelihood 
convergence.check is 5.798349e-05 
Completing Iteration 2 (approx. per word bound = -35.440, relative change = 5.798e-05) 
......................................................................................................
Completed E-Step (14 seconds). 
Completed M-Step (0 seconds). 
calculate log likelihood 
convergence.check is 2.157623e-05 
Model Terminated Before Convergence Reached 
8 models in net 
Initialization with topicScore. 
Initializing factors using Topic SCORE algorithm.
Initializing loadings by running 10 SCD updates.
......................................................................................................
Completed E-Step (19 seconds). 
Completed M-Step (0 seconds). 
calculate log likelihood 
Completing Iteration 1 (approx. per word bound = -35.442) 
......................................................................................................
Completed E-Step (17 seconds). 
Completed M-Step (0 seconds). 
calculate log likelihood 
convergence.check is 5.826945e-05 
Completing Iteration 2 (approx. per word bound = -35.440, relative change = 5.827e-05) 
......................................................................................................
Completed E-Step (14 seconds). 
Completed M-Step (0 seconds). 
calculate log likelihood 
convergence.check is 2.119129e-05 
Model Terminated Before Convergence Reached 
9 models in net 
Initialization with topicScore. 
Initializing factors using Topic SCORE algorithm.
Initializing loadings by running 10 SCD updates.
......................................................................................................
Completed E-Step (19 seconds). 
Completed M-Step (0 seconds). 
calculate log likelihood 
Completing Iteration 1 (approx. per word bound = -35.443) 
......................................................................................................
Completed E-Step (15 seconds). 
Completed M-Step (0 seconds). 
calculate log likelihood 
convergence.check is 6.1891e-05 
Completing Iteration 2 (approx. per word bound = -35.441, relative change = 6.189e-05) 
......................................................................................................
Completed E-Step (14 seconds). 
Completed M-Step (0 seconds). 
calculate log likelihood 
convergence.check is 2.147942e-05 
Model Terminated Before Convergence Reached 
10 models in net 
Initialization with topicScore. 
Initializing factors using Topic SCORE algorithm.
Initializing loadings by running 10 SCD updates.
......................................................................................................
Completed E-Step (19 seconds). 
Completed M-Step (0 seconds). 
calculate log likelihood 
Completing Iteration 1 (approx. per word bound = -35.442) 
......................................................................................................
Completed E-Step (16 seconds). 
Completed M-Step (0 seconds). 
calculate log likelihood 
convergence.check is 5.791701e-05 
Completing Iteration 2 (approx. per word bound = -35.440, relative change = 5.792e-05) 
......................................................................................................
Completed E-Step (14 seconds). 
Completed M-Step (0 seconds). 
calculate log likelihood 
convergence.check is 2.152707e-05 
Model Terminated Before Convergence Reached 
11 models in net 
Beginning Spectral Initialization 
	 Calculating the gram matrix...
	 Finding anchor words...
 	.....
	 Recovering initialization...
 	......
Initialization complete.
......................................................................................................
Completed E-Step (26 seconds). 
Completed M-Step (0 seconds). 
calculate log likelihood 
Completing Iteration 1 (approx. per word bound = -35.492) 
......................................................................................................
Completed E-Step (15 seconds). 
Completed M-Step (0 seconds). 
calculate log likelihood 
convergence.check is 0.0008251236 
Completing Iteration 2 (approx. per word bound = -35.463, relative change = 8.251e-04) 
......................................................................................................
Completed E-Step (14 seconds). 
Completed M-Step (0 seconds). 
calculate log likelihood 
convergence.check is 0.0004738389 
Model Terminated Before Convergence Reached 
12 models in net 
Beginning Random Initialization 
Initialization with Poisson NMF 
......................................................................................................
Completed E-Step (25 seconds). 
Completed M-Step (0 seconds). 
calculate log likelihood 
Completing Iteration 1 (approx. per word bound = -46.374) 
......................................................................................................
Completed E-Step (16 seconds). 
Completed M-Step (0 seconds). 
calculate log likelihood 
convergence.check is 0.2332961 
Completing Iteration 2 (approx. per word bound = -35.555, relative change = 2.333e-01) 
......................................................................................................
Completed E-Step (15 seconds). 
Completed M-Step (0 seconds). 
calculate log likelihood 
convergence.check is 0.000208572 
Model Terminated Before Convergence Reached 
13 models in net 
Beginning Random Initialization 
Initialization with Poisson NMF 
......................................................................................................
Completed E-Step (30 seconds). 
Completed M-Step (0 seconds). 
calculate log likelihood 
Completing Iteration 1 (approx. per word bound = -46.255) 
......................................................................................................
Completed E-Step (16 seconds). 
Completed M-Step (0 seconds). 
calculate log likelihood 
convergence.check is 0.2313609 
Completing Iteration 2 (approx. per word bound = -35.554, relative change = 2.314e-01) 
......................................................................................................
Completed E-Step (15 seconds). 
Completed M-Step (0 seconds). 
calculate log likelihood 
convergence.check is 0.000207536 
Model Terminated Before Convergence Reached 
14 models in net 
Beginning Random Initialization 
Initialization with Poisson NMF 
......................................................................................................
Completed E-Step (25 seconds). 
Completed M-Step (0 seconds). 
calculate log likelihood 
Completing Iteration 1 (approx. per word bound = -46.653) 
......................................................................................................
Completed E-Step (16 seconds). 
Completed M-Step (0 seconds). 
calculate log likelihood 
convergence.check is 0.2380556 
Completing Iteration 2 (approx. per word bound = -35.547, relative change = 2.381e-01) 
......................................................................................................
Completed E-Step (16 seconds). 
Completed M-Step (0 seconds). 
calculate log likelihood 
convergence.check is 0.0001918345 
Model Terminated Before Convergence Reached 
15 models in net 
Beginning Random Initialization 
Initialization with Poisson NMF 
......................................................................................................
Completed E-Step (28 seconds). 
Completed M-Step (0 seconds). 
calculate log likelihood 
Completing Iteration 1 (approx. per word bound = -46.415) 
......................................................................................................
Completed E-Step (16 seconds). 
Completed M-Step (0 seconds). 
calculate log likelihood 
convergence.check is 0.234012 
Completing Iteration 2 (approx. per word bound = -35.554, relative change = 2.340e-01) 
......................................................................................................
Completed E-Step (16 seconds). 
Completed M-Step (0 seconds). 
calculate log likelihood 
convergence.check is 0.000246028 
Model Terminated Before Convergence Reached 
16 models in net 
Beginning Random Initialization 
Initialization with Poisson NMF 
......................................................................................................
Completed E-Step (25 seconds). 
Completed M-Step (0 seconds). 
calculate log likelihood 
Completing Iteration 1 (approx. per word bound = -46.291) 
......................................................................................................
Completed E-Step (18 seconds). 
Completed M-Step (0 seconds). 
calculate log likelihood 
convergence.check is 0.2319261 
Completing Iteration 2 (approx. per word bound = -35.555, relative change = 2.319e-01) 
......................................................................................................
Completed E-Step (16 seconds). 
Completed M-Step (0 seconds). 
calculate log likelihood 
convergence.check is 0.0001629744 
Model Terminated Before Convergence Reached 
17 models in net 
Beginning Random Initialization 
Initialization with Poisson NMF 
......................................................................................................
Completed E-Step (26 seconds). 
Completed M-Step (0 seconds). 
calculate log likelihood 
Completing Iteration 1 (approx. per word bound = -46.571) 
......................................................................................................
Completed E-Step (15 seconds). 
Completed M-Step (0 seconds). 
calculate log likelihood 
convergence.check is 0.236751 
Completing Iteration 2 (approx. per word bound = -35.545, relative change = 2.368e-01) 
......................................................................................................
Completed E-Step (15 seconds). 
Completed M-Step (0 seconds). 
calculate log likelihood 
convergence.check is 0.0002003325 
Model Terminated Before Convergence Reached 
18 models in net 
Beginning Random Initialization 
Initialization with Poisson NMF 
......................................................................................................
Completed E-Step (25 seconds). 
Completed M-Step (0 seconds). 
calculate log likelihood 
Completing Iteration 1 (approx. per word bound = -46.101) 
......................................................................................................
Completed E-Step (15 seconds). 
Completed M-Step (0 seconds). 
calculate log likelihood 
convergence.check is 0.2288685 
Completing Iteration 2 (approx. per word bound = -35.550, relative change = 2.289e-01) 
......................................................................................................
Completed E-Step (15 seconds). 
Completed M-Step (0 seconds). 
calculate log likelihood 
convergence.check is 0.0001133455 
Model Terminated Before Convergence Reached 
19 models in net 
Beginning Random Initialization 
Initialization with Poisson NMF 
......................................................................................................
Completed E-Step (29 seconds). 
Completed M-Step (0 seconds). 
calculate log likelihood 
Completing Iteration 1 (approx. per word bound = -46.436) 
......................................................................................................
Completed E-Step (17 seconds). 
Completed M-Step (0 seconds). 
calculate log likelihood 
convergence.check is 0.2344025 
Completing Iteration 2 (approx. per word bound = -35.552, relative change = 2.344e-01) 
......................................................................................................
Completed E-Step (15 seconds). 
Completed M-Step (0 seconds). 
calculate log likelihood 
convergence.check is 0.0002610587 
Model Terminated Before Convergence Reached 
20 models in net 
Beginning Random Initialization 
Initialization with Poisson NMF 
......................................................................................................
Completed E-Step (26 seconds). 
Completed M-Step (0 seconds). 
calculate log likelihood 
Completing Iteration 1 (approx. per word bound = -46.916) 
......................................................................................................
Completed E-Step (16 seconds). 
Completed M-Step (0 seconds). 
calculate log likelihood 
convergence.check is 0.2425202 
Completing Iteration 2 (approx. per word bound = -35.538, relative change = 2.425e-01) 
......................................................................................................
Completed E-Step (16 seconds). 
Completed M-Step (0 seconds). 
calculate log likelihood 
convergence.check is 0.0002873993 
Model Terminated Before Convergence Reached 
21 models in net 
Beginning Random Initialization 
Initialization with Poisson NMF 
......................................................................................................
Completed E-Step (29 seconds). 
Completed M-Step (0 seconds). 
calculate log likelihood 
Completing Iteration 1 (approx. per word bound = -46.388) 
......................................................................................................
Completed E-Step (19 seconds). 
Completed M-Step (0 seconds). 
calculate log likelihood 
convergence.check is 0.2335615 
Completing Iteration 2 (approx. per word bound = -35.554, relative change = 2.336e-01) 
......................................................................................................
Completed E-Step (16 seconds). 
Completed M-Step (0 seconds). 
calculate log likelihood 
convergence.check is 0.0002531703 
Model Terminated Before Convergence Reached 
Running select models 
1 select model run 
Initialization with topicScore. 
Initializing factors using Topic SCORE algorithm.
Initializing loadings by running 10 SCD updates.
......................................................................................................
Completed E-Step (17 seconds). 
Completed M-Step (0 seconds). 
calculate log likelihood 
Completing Iteration 1 (approx. per word bound = -35.442) 
......................................................................................................
Completed E-Step (16 seconds). 
Completed M-Step (0 seconds). 
calculate log likelihood 
convergence.check is 5.604869e-05 
Completing Iteration 2 (approx. per word bound = -35.440, relative change = 5.605e-05) 
......................................................................................................
Completed E-Step (15 seconds). 
Completed M-Step (0 seconds). 
calculate log likelihood 
convergence.check is 2.100661e-05 
Completing Iteration 3 (approx. per word bound = -35.439, relative change = 2.101e-05) 
......................................................................................................
Completed E-Step (15 seconds). 
Completed M-Step (0 seconds). 
calculate log likelihood 
convergence.check is 1.722763e-05 
Completing Iteration 4 (approx. per word bound = -35.439, relative change = 1.723e-05) 
......................................................................................................
Completed E-Step (14 seconds). 
Completed M-Step (0 seconds). 
calculate log likelihood 
convergence.check is 1.532903e-05 
Completing Iteration 5 (approx. per word bound = -35.438, relative change = 1.533e-05) 
Topic 1: Gene1480, Gene623, Gene908, Gene610, Gene1251 
 Topic 2: Gene623, Gene908, Gene926, Gene1044, Gene1251 
 Topic 3: Gene1480, Gene862, Gene474, Gene610, Gene662 
 Topic 4: Gene926, Gene739, Gene1480, Gene908, Gene862 
 Topic 5: Gene195, Gene873, Gene1164, Gene1217, Gene862 
......................................................................................................
Completed E-Step (15 seconds). 
Completed M-Step (0 seconds). 
calculate log likelihood 
convergence.check is 1.383658e-05 
Completing Iteration 6 (approx. per word bound = -35.438, relative change = 1.384e-05) 
......................................................................................................
Completed E-Step (15 seconds). 
Completed M-Step (0 seconds). 
calculate log likelihood 
convergence.check is 1.288934e-05 
Completing Iteration 7 (approx. per word bound = -35.437, relative change = 1.289e-05) 
......................................................................................................
Completed E-Step (15 seconds). 
Completed M-Step (0 seconds). 
calculate log likelihood 
convergence.check is 1.187229e-05 
Completing Iteration 8 (approx. per word bound = -35.437, relative change = 1.187e-05) 
......................................................................................................
Completed E-Step (15 seconds). 
Completed M-Step (0 seconds). 
calculate log likelihood 
convergence.check is 1.108419e-05 
Completing Iteration 9 (approx. per word bound = -35.436, relative change = 1.108e-05) 
......................................................................................................
Completed E-Step (15 seconds). 
Completed M-Step (0 seconds). 
calculate log likelihood 
convergence.check is 9.883543e-06 
Completing Iteration 10 (approx. per word bound = -35.436, relative change = 9.884e-06) 
Topic 1: Gene1480, Gene623, Gene908, Gene610, Gene1251 
 Topic 2: Gene623, Gene908, Gene926, Gene1044, Gene1251 
 Topic 3: Gene1480, Gene862, Gene474, Gene662, Gene610 
 Topic 4: Gene926, Gene739, Gene1480, Gene908, Gene862 
 Topic 5: Gene195, Gene873, Gene1164, Gene1217, Gene862 
......................................................................................................
Completed E-Step (15 seconds). 
Completed M-Step (0 seconds). 
calculate log likelihood 
convergence.check is 9.484152e-06 
Completing Iteration 11 (approx. per word bound = -35.436, relative change = 9.484e-06) 
......................................................................................................
Completed E-Step (15 seconds). 
Completed M-Step (0 seconds). 
calculate log likelihood 
convergence.check is 8.715255e-06 
Completing Iteration 12 (approx. per word bound = -35.435, relative change = 8.715e-06) 
......................................................................................................
Completed E-Step (15 seconds). 
Completed M-Step (0 seconds). 
calculate log likelihood 
convergence.check is 8.033726e-06 
Completing Iteration 13 (approx. per word bound = -35.435, relative change = 8.034e-06) 
......................................................................................................
Completed E-Step (15 seconds). 
Completed M-Step (0 seconds). 
calculate log likelihood 
convergence.check is 7.310153e-06 
Completing Iteration 14 (approx. per word bound = -35.435, relative change = 7.310e-06) 
......................................................................................................
Completed E-Step (15 seconds). 
Completed M-Step (0 seconds). 
calculate log likelihood 
convergence.check is 6.547133e-06 
Completing Iteration 15 (approx. per word bound = -35.434, relative change = 6.547e-06) 
Topic 1: Gene1480, Gene623, Gene908, Gene610, Gene1251 
 Topic 2: Gene623, Gene908, Gene926, Gene1335, Gene1044 
 Topic 3: Gene1480, Gene862, Gene474, Gene610, Gene1164 
 Topic 4: Gene926, Gene739, Gene1480, Gene908, Gene1164 
 Topic 5: Gene195, Gene873, Gene1164, Gene862, Gene1217 
......................................................................................................
Completed E-Step (15 seconds). 
Completed M-Step (0 seconds). 
calculate log likelihood 
convergence.check is 6.423818e-06 
Completing Iteration 16 (approx. per word bound = -35.434, relative change = 6.424e-06) 
......................................................................................................
Completed E-Step (15 seconds). 
Completed M-Step (0 seconds). 
calculate log likelihood 
convergence.check is 5.506004e-06 
Completing Iteration 17 (approx. per word bound = -35.434, relative change = 5.506e-06) 
......................................................................................................
Completed E-Step (15 seconds). 
Completed M-Step (0 seconds). 
calculate log likelihood 
convergence.check is 5.104934e-06 
Completing Iteration 18 (approx. per word bound = -35.434, relative change = 5.105e-06) 
......................................................................................................
Completed E-Step (15 seconds). 
Completed M-Step (0 seconds). 
calculate log likelihood 
convergence.check is 4.846699e-06 
Completing Iteration 19 (approx. per word bound = -35.434, relative change = 4.847e-06) 
......................................................................................................
Completed E-Step (14 seconds). 
Completed M-Step (0 seconds). 
calculate log likelihood 
convergence.check is 4.38963e-06 
Completing Iteration 20 (approx. per word bound = -35.434, relative change = 4.390e-06) 
Topic 1: Gene1480, Gene908, Gene623, Gene610, Gene1251 
 Topic 2: Gene623, Gene908, Gene926, Gene1335, Gene1044 
 Topic 3: Gene1480, Gene862, Gene474, Gene1164, Gene610 
 Topic 4: Gene926, Gene739, Gene1480, Gene908, Gene1164 
 Topic 5: Gene195, Gene873, Gene1164, Gene862, Gene474 
......................................................................................................
Completed E-Step (14 seconds). 
Completed M-Step (0 seconds). 
calculate log likelihood 
convergence.check is 4.477065e-06 
Completing Iteration 21 (approx. per word bound = -35.433, relative change = 4.477e-06) 
......................................................................................................
Completed E-Step (14 seconds). 
Completed M-Step (0 seconds). 
calculate log likelihood 
convergence.check is 3.812503e-06 
Completing Iteration 22 (approx. per word bound = -35.433, relative change = 3.813e-06) 
......................................................................................................
Completed E-Step (14 seconds). 
Completed M-Step (0 seconds). 
calculate log likelihood 
convergence.check is 3.512212e-06 
Completing Iteration 23 (approx. per word bound = -35.433, relative change = 3.512e-06) 
......................................................................................................
Completed E-Step (13 seconds). 
Completed M-Step (0 seconds). 
calculate log likelihood 
convergence.check is 3.157593e-06 
Completing Iteration 24 (approx. per word bound = -35.433, relative change = 3.158e-06) 
......................................................................................................
Completed E-Step (13 seconds). 
Completed M-Step (0 seconds). 
calculate log likelihood 
convergence.check is 3.112007e-06 
Completing Iteration 25 (approx. per word bound = -35.433, relative change = 3.112e-06) 
Topic 1: Gene1480, Gene908, Gene623, Gene610, Gene1044 
 Topic 2: Gene623, Gene908, Gene926, Gene1335, Gene1044 
 Topic 3: Gene1480, Gene862, Gene1164, Gene474, Gene610 
 Topic 4: Gene926, Gene739, Gene1480, Gene908, Gene1164 
 Topic 5: Gene195, Gene873, Gene1164, Gene862, Gene474 
......................................................................................................
Completed E-Step (12 seconds). 
Completed M-Step (0 seconds). 
calculate log likelihood 
convergence.check is 2.850818e-06 
Completing Iteration 26 (approx. per word bound = -35.433, relative change = 2.851e-06) 
......................................................................................................
Completed E-Step (12 seconds). 
Completed M-Step (0 seconds). 
calculate log likelihood 
convergence.check is 2.665231e-06 
Completing Iteration 27 (approx. per word bound = -35.433, relative change = 2.665e-06) 
......................................................................................................
Completed E-Step (11 seconds). 
Completed M-Step (0 seconds). 
calculate log likelihood 
convergence.check is 2.537164e-06 
Completing Iteration 28 (approx. per word bound = -35.433, relative change = 2.537e-06) 
......................................................................................................
Completed E-Step (11 seconds). 
Completed M-Step (0 seconds). 
calculate log likelihood 
convergence.check is 2.449139e-06 
Completing Iteration 29 (approx. per word bound = -35.433, relative change = 2.449e-06) 
......................................................................................................
Completed E-Step (7 seconds). 
Completed M-Step (0 seconds). 
calculate log likelihood 
convergence.check is 2.439304e-06 
Completing Iteration 30 (approx. per word bound = -35.432, relative change = 2.439e-06) 
Topic 1: Gene1480, Gene908, Gene623, Gene610, Gene1044 
 Topic 2: Gene623, Gene908, Gene926, Gene1335, Gene1044 
 Topic 3: Gene1480, Gene862, Gene1164, Gene926, Gene474 
 Topic 4: Gene926, Gene739, Gene1480, Gene908, Gene1164 
 Topic 5: Gene195, Gene873, Gene1164, Gene862, Gene474 
......................................................................................................
Completed E-Step (8 seconds). 
Completed M-Step (0 seconds). 
calculate log likelihood 
convergence.check is 2.181628e-06 
Completing Iteration 31 (approx. per word bound = -35.432, relative change = 2.182e-06) 
......................................................................................................
Completed E-Step (7 seconds). 
Completed M-Step (0 seconds). 
calculate log likelihood 
convergence.check is 2.064787e-06 
Completing Iteration 32 (approx. per word bound = -35.432, relative change = 2.065e-06) 
......................................................................................................
Completed E-Step (7 seconds). 
Completed M-Step (0 seconds). 
calculate log likelihood 
convergence.check is 1.990379e-06 
Completing Iteration 33 (approx. per word bound = -35.432, relative change = 1.990e-06) 
......................................................................................................
Completed E-Step (7 seconds). 
Completed M-Step (0 seconds). 
calculate log likelihood 
convergence.check is 1.842964e-06 
Completing Iteration 34 (approx. per word bound = -35.432, relative change = 1.843e-06) 
......................................................................................................
Completed E-Step (9 seconds). 
Completed M-Step (0 seconds). 
calculate log likelihood 
convergence.check is 1.835485e-06 
Completing Iteration 35 (approx. per word bound = -35.432, relative change = 1.835e-06) 
Topic 1: Gene1480, Gene908, Gene623, Gene610, Gene1044 
 Topic 2: Gene623, Gene908, Gene926, Gene1335, Gene1251 
 Topic 3: Gene1480, Gene862, Gene926, Gene1164, Gene474 
 Topic 4: Gene926, Gene739, Gene1480, Gene908, Gene1164 
 Topic 5: Gene195, Gene873, Gene1164, Gene862, Gene474 
......................................................................................................
Completed E-Step (10 seconds). 
Completed M-Step (0 seconds). 
calculate log likelihood 
convergence.check is 1.710555e-06 
Completing Iteration 36 (approx. per word bound = -35.432, relative change = 1.711e-06) 
......................................................................................................
Completed E-Step (10 seconds). 
Completed M-Step (0 seconds). 
calculate log likelihood 
convergence.check is 1.648025e-06 
Completing Iteration 37 (approx. per word bound = -35.432, relative change = 1.648e-06) 
......................................................................................................
Completed E-Step (10 seconds). 
Completed M-Step (0 seconds). 
calculate log likelihood 
convergence.check is 1.533391e-06 
Completing Iteration 38 (approx. per word bound = -35.432, relative change = 1.533e-06) 
......................................................................................................
Completed E-Step (10 seconds). 
Completed M-Step (0 seconds). 
calculate log likelihood 
convergence.check is 1.537755e-06 
Completing Iteration 39 (approx. per word bound = -35.432, relative change = 1.538e-06) 
......................................................................................................
Completed E-Step (10 seconds). 
Completed M-Step (0 seconds). 
calculate log likelihood 
convergence.check is 1.456351e-06 
Completing Iteration 40 (approx. per word bound = -35.432, relative change = 1.456e-06) 
Topic 1: Gene1480, Gene908, Gene623, Gene610, Gene1044 
 Topic 2: Gene623, Gene908, Gene926, Gene1335, Gene1251 
 Topic 3: Gene1480, Gene926, Gene862, Gene1164, Gene474 
 Topic 4: Gene926, Gene1480, Gene739, Gene908, Gene1164 
 Topic 5: Gene195, Gene873, Gene1164, Gene862, Gene474 
......................................................................................................
Completed E-Step (10 seconds). 
Completed M-Step (0 seconds). 
calculate log likelihood 
convergence.check is 1.413335e-06 
Completing Iteration 41 (approx. per word bound = -35.432, relative change = 1.413e-06) 
......................................................................................................
Completed E-Step (10 seconds). 
Completed M-Step (0 seconds). 
calculate log likelihood 
convergence.check is 1.321289e-06 
Completing Iteration 42 (approx. per word bound = -35.432, relative change = 1.321e-06) 
......................................................................................................
Completed E-Step (10 seconds). 
Completed M-Step (0 seconds). 
calculate log likelihood 
convergence.check is 1.28088e-06 
Completing Iteration 43 (approx. per word bound = -35.432, relative change = 1.281e-06) 
......................................................................................................
Completed E-Step (10 seconds). 
Completed M-Step (0 seconds). 
calculate log likelihood 
convergence.check is 1.184005e-06 
Completing Iteration 44 (approx. per word bound = -35.432, relative change = 1.184e-06) 
......................................................................................................
Completed E-Step (10 seconds). 
Completed M-Step (0 seconds). 
calculate log likelihood 
convergence.check is 1.250522e-06 
Completing Iteration 45 (approx. per word bound = -35.432, relative change = 1.251e-06) 
Topic 1: Gene1480, Gene908, Gene623, Gene610, Gene1044 
 Topic 2: Gene623, Gene908, Gene926, Gene1335, Gene1251 
 Topic 3: Gene1480, Gene926, Gene862, Gene1164, Gene474 
 Topic 4: Gene926, Gene1480, Gene739, Gene908, Gene1164 
 Topic 5: Gene195, Gene873, Gene1164, Gene862, Gene474 
......................................................................................................
Completed E-Step (10 seconds). 
Completed M-Step (0 seconds). 
calculate log likelihood 
convergence.check is 1.079154e-06 
Completing Iteration 46 (approx. per word bound = -35.432, relative change = 1.079e-06) 
......................................................................................................
Completed E-Step (10 seconds). 
Completed M-Step (0 seconds). 
calculate log likelihood 
convergence.check is 1.130536e-06 
Completing Iteration 47 (approx. per word bound = -35.432, relative change = 1.131e-06) 
......................................................................................................
Completed E-Step (9 seconds). 
Completed M-Step (0 seconds). 
calculate log likelihood 
convergence.check is 1.09797e-06 
Completing Iteration 48 (approx. per word bound = -35.431, relative change = 1.098e-06) 
......................................................................................................
Completed E-Step (9 seconds). 
Completed M-Step (0 seconds). 
calculate log likelihood 
convergence.check is 1.092437e-06 
Completing Iteration 49 (approx. per word bound = -35.431, relative change = 1.092e-06) 
......................................................................................................
Completed E-Step (9 seconds). 
Completed M-Step (0 seconds). 
calculate log likelihood 
convergence.check is 9.077229e-07 
Model Converged 
2 select model run 
Initialization with topicScore. 
Initializing factors using Topic SCORE algorithm.
Initializing loadings by running 10 SCD updates.
......................................................................................................
Completed E-Step (17 seconds). 
Completed M-Step (0 seconds). 
calculate log likelihood 
Completing Iteration 1 (approx. per word bound = -35.442) 
......................................................................................................
Completed E-Step (14 seconds). 
Completed M-Step (0 seconds). 
calculate log likelihood 
convergence.check is 5.798349e-05 
Completing Iteration 2 (approx. per word bound = -35.440, relative change = 5.798e-05) 
......................................................................................................
Completed E-Step (14 seconds). 
Completed M-Step (0 seconds). 
calculate log likelihood 
convergence.check is 2.157623e-05 
Completing Iteration 3 (approx. per word bound = -35.439, relative change = 2.158e-05) 
......................................................................................................
Completed E-Step (14 seconds). 
Completed M-Step (0 seconds). 
calculate log likelihood 
convergence.check is 1.764269e-05 
Completing Iteration 4 (approx. per word bound = -35.439, relative change = 1.764e-05) 
......................................................................................................
Completed E-Step (14 seconds). 
Completed M-Step (0 seconds). 
calculate log likelihood 
convergence.check is 1.560113e-05 
Completing Iteration 5 (approx. per word bound = -35.438, relative change = 1.560e-05) 
Topic 1: Gene1480, Gene623, Gene908, Gene610, Gene1251 
 Topic 2: Gene623, Gene908, Gene926, Gene1044, Gene1251 
 Topic 3: Gene1480, Gene862, Gene474, Gene610, Gene662 
 Topic 4: Gene926, Gene739, Gene1480, Gene908, Gene862 
 Topic 5: Gene195, Gene873, Gene1164, Gene1217, Gene862 
......................................................................................................
Completed E-Step (15 seconds). 
Completed M-Step (0 seconds). 
calculate log likelihood 
convergence.check is 1.407281e-05 
Completing Iteration 6 (approx. per word bound = -35.438, relative change = 1.407e-05) 
......................................................................................................
Completed E-Step (14 seconds). 
Completed M-Step (0 seconds). 
calculate log likelihood 
convergence.check is 1.293636e-05 
Completing Iteration 7 (approx. per word bound = -35.437, relative change = 1.294e-05) 
......................................................................................................
Completed E-Step (15 seconds). 
Completed M-Step (0 seconds). 
calculate log likelihood 
convergence.check is 1.185915e-05 
Completing Iteration 8 (approx. per word bound = -35.437, relative change = 1.186e-05) 
......................................................................................................
Completed E-Step (14 seconds). 
Completed M-Step (0 seconds). 
calculate log likelihood 
convergence.check is 1.116427e-05 
Completing Iteration 9 (approx. per word bound = -35.437, relative change = 1.116e-05) 
......................................................................................................
Completed E-Step (15 seconds). 
Completed M-Step (0 seconds). 
calculate log likelihood 
convergence.check is 1.004236e-05 
Completing Iteration 10 (approx. per word bound = -35.436, relative change = 1.004e-05) 
Topic 1: Gene1480, Gene623, Gene908, Gene610, Gene1251 
 Topic 2: Gene623, Gene908, Gene926, Gene1044, Gene1251 
 Topic 3: Gene1480, Gene862, Gene474, Gene610, Gene662 
 Topic 4: Gene926, Gene739, Gene1480, Gene908, Gene862 
 Topic 5: Gene195, Gene873, Gene1164, Gene1217, Gene862 
......................................................................................................
Completed E-Step (15 seconds). 
Completed M-Step (0 seconds). 
calculate log likelihood 
convergence.check is 9.202863e-06 
Completing Iteration 11 (approx. per word bound = -35.436, relative change = 9.203e-06) 
......................................................................................................
Completed E-Step (15 seconds). 
Completed M-Step (0 seconds). 
calculate log likelihood 
convergence.check is 8.489808e-06 
Completing Iteration 12 (approx. per word bound = -35.436, relative change = 8.490e-06) 
......................................................................................................
Completed E-Step (15 seconds). 
Completed M-Step (0 seconds). 
calculate log likelihood 
convergence.check is 7.784696e-06 
Completing Iteration 13 (approx. per word bound = -35.435, relative change = 7.785e-06) 
......................................................................................................
Completed E-Step (15 seconds). 
Completed M-Step (0 seconds). 
calculate log likelihood 
convergence.check is 7.271708e-06 
Completing Iteration 14 (approx. per word bound = -35.435, relative change = 7.272e-06) 
......................................................................................................
Completed E-Step (14 seconds). 
Completed M-Step (0 seconds). 
calculate log likelihood 
convergence.check is 6.636896e-06 
Completing Iteration 15 (approx. per word bound = -35.435, relative change = 6.637e-06) 
Topic 1: Gene1480, Gene623, Gene908, Gene610, Gene1251 
 Topic 2: Gene623, Gene908, Gene926, Gene1335, Gene1044 
 Topic 3: Gene1480, Gene862, Gene610, Gene474, Gene662 
 Topic 4: Gene926, Gene739, Gene1480, Gene908, Gene862 
 Topic 5: Gene195, Gene873, Gene1164, Gene862, Gene1217 
......................................................................................................
Completed E-Step (15 seconds). 
Completed M-Step (0 seconds). 
calculate log likelihood 
convergence.check is 6.320138e-06 
Completing Iteration 16 (approx. per word bound = -35.435, relative change = 6.320e-06) 
......................................................................................................
Completed E-Step (14 seconds). 
Completed M-Step (0 seconds). 
calculate log likelihood 
convergence.check is 5.501949e-06 
Completing Iteration 17 (approx. per word bound = -35.434, relative change = 5.502e-06) 
......................................................................................................
Completed E-Step (14 seconds). 
Completed M-Step (0 seconds). 
calculate log likelihood 
convergence.check is 5.351085e-06 
Completing Iteration 18 (approx. per word bound = -35.434, relative change = 5.351e-06) 
......................................................................................................
Completed E-Step (15 seconds). 
Completed M-Step (0 seconds). 
calculate log likelihood 
convergence.check is 5.057716e-06 
Completing Iteration 19 (approx. per word bound = -35.434, relative change = 5.058e-06) 
......................................................................................................
Completed E-Step (14 seconds). 
Completed M-Step (0 seconds). 
calculate log likelihood 
convergence.check is 4.849531e-06 
Completing Iteration 20 (approx. per word bound = -35.434, relative change = 4.850e-06) 
Topic 1: Gene1480, Gene908, Gene623, Gene610, Gene1251 
 Topic 2: Gene623, Gene908, Gene926, Gene1335, Gene1044 
 Topic 3: Gene1480, Gene862, Gene610, Gene474, Gene1164 
 Topic 4: Gene926, Gene739, Gene1480, Gene908, Gene1164 
 Topic 5: Gene195, Gene873, Gene1164, Gene862, Gene1217 
......................................................................................................
Completed E-Step (14 seconds). 
Completed M-Step (0 seconds). 
calculate log likelihood 
convergence.check is 4.206545e-06 
Completing Iteration 21 (approx. per word bound = -35.434, relative change = 4.207e-06) 
......................................................................................................
Completed E-Step (14 seconds). 
Completed M-Step (0 seconds). 
calculate log likelihood 
convergence.check is 4.09654e-06 
Completing Iteration 22 (approx. per word bound = -35.434, relative change = 4.097e-06) 
......................................................................................................
Completed E-Step (13 seconds). 
Completed M-Step (0 seconds). 
calculate log likelihood 
convergence.check is 3.666949e-06 
Completing Iteration 23 (approx. per word bound = -35.433, relative change = 3.667e-06) 
......................................................................................................
Completed E-Step (13 seconds). 
Completed M-Step (0 seconds). 
calculate log likelihood 
convergence.check is 3.298901e-06 
Completing Iteration 24 (approx. per word bound = -35.433, relative change = 3.299e-06) 
......................................................................................................
Completed E-Step (13 seconds). 
Completed M-Step (0 seconds). 
calculate log likelihood 
convergence.check is 3.325781e-06 
Completing Iteration 25 (approx. per word bound = -35.433, relative change = 3.326e-06) 
Topic 1: Gene1480, Gene908, Gene623, Gene610, Gene1044 
 Topic 2: Gene623, Gene908, Gene926, Gene1335, Gene1044 
 Topic 3: Gene1480, Gene862, Gene610, Gene474, Gene1164 
 Topic 4: Gene926, Gene739, Gene1480, Gene908, Gene1164 
 Topic 5: Gene195, Gene873, Gene1164, Gene862, Gene474 
......................................................................................................
Completed E-Step (12 seconds). 
Completed M-Step (0 seconds). 
calculate log likelihood 
convergence.check is 2.991302e-06 
Completing Iteration 26 (approx. per word bound = -35.433, relative change = 2.991e-06) 
......................................................................................................
Completed E-Step (12 seconds). 
Completed M-Step (0 seconds). 
calculate log likelihood 
convergence.check is 2.723368e-06 
Completing Iteration 27 (approx. per word bound = -35.433, relative change = 2.723e-06) 
......................................................................................................
Completed E-Step (14 seconds). 
Completed M-Step (0 seconds). 
calculate log likelihood 
convergence.check is 2.506443e-06 
Completing Iteration 28 (approx. per word bound = -35.433, relative change = 2.506e-06) 
......................................................................................................
Completed E-Step (11 seconds). 
Completed M-Step (0 seconds). 
calculate log likelihood 
convergence.check is 2.506198e-06 
Completing Iteration 29 (approx. per word bound = -35.433, relative change = 2.506e-06) 
......................................................................................................
Completed E-Step (11 seconds). 
Completed M-Step (0 seconds). 
calculate log likelihood 
convergence.check is 2.393583e-06 
Completing Iteration 30 (approx. per word bound = -35.433, relative change = 2.394e-06) 
Topic 1: Gene1480, Gene908, Gene623, Gene610, Gene1044 
 Topic 2: Gene623, Gene908, Gene926, Gene1335, Gene1044 
 Topic 3: Gene1480, Gene862, Gene1164, Gene610, Gene474 
 Topic 4: Gene926, Gene739, Gene1480, Gene908, Gene1164 
 Topic 5: Gene195, Gene873, Gene1164, Gene862, Gene474 
......................................................................................................
Completed E-Step (11 seconds). 
Completed M-Step (0 seconds). 
calculate log likelihood 
convergence.check is 2.347387e-06 
Completing Iteration 31 (approx. per word bound = -35.433, relative change = 2.347e-06) 
......................................................................................................
Completed E-Step (10 seconds). 
Completed M-Step (0 seconds). 
calculate log likelihood 
convergence.check is 2.11859e-06 
Completing Iteration 32 (approx. per word bound = -35.433, relative change = 2.119e-06) 
......................................................................................................
Completed E-Step (11 seconds). 
Completed M-Step (0 seconds). 
calculate log likelihood 
convergence.check is 1.935705e-06 
Completing Iteration 33 (approx. per word bound = -35.432, relative change = 1.936e-06) 
......................................................................................................
Completed E-Step (11 seconds). 
Completed M-Step (0 seconds). 
calculate log likelihood 
convergence.check is 1.916894e-06 
Completing Iteration 34 (approx. per word bound = -35.432, relative change = 1.917e-06) 
......................................................................................................
Completed E-Step (11 seconds). 
Completed M-Step (0 seconds). 
calculate log likelihood 
convergence.check is 1.796341e-06 
Completing Iteration 35 (approx. per word bound = -35.432, relative change = 1.796e-06) 
Topic 1: Gene1480, Gene908, Gene623, Gene610, Gene1044 
 Topic 2: Gene623, Gene908, Gene926, Gene1335, Gene1044 
 Topic 3: Gene1480, Gene862, Gene926, Gene1164, Gene474 
 Topic 4: Gene926, Gene739, Gene1480, Gene908, Gene1164 
 Topic 5: Gene195, Gene873, Gene1164, Gene862, Gene474 
......................................................................................................
Completed E-Step (10 seconds). 
Completed M-Step (0 seconds). 
calculate log likelihood 
convergence.check is 1.786054e-06 
Completing Iteration 36 (approx. per word bound = -35.432, relative change = 1.786e-06) 
......................................................................................................
Completed E-Step (10 seconds). 
Completed M-Step (0 seconds). 
calculate log likelihood 
convergence.check is 1.594707e-06 
Completing Iteration 37 (approx. per word bound = -35.432, relative change = 1.595e-06) 
......................................................................................................
Completed E-Step (10 seconds). 
Completed M-Step (0 seconds). 
calculate log likelihood 
convergence.check is 1.640945e-06 
Completing Iteration 38 (approx. per word bound = -35.432, relative change = 1.641e-06) 
......................................................................................................
Completed E-Step (10 seconds). 
Completed M-Step (0 seconds). 
calculate log likelihood 
convergence.check is 1.512458e-06 
Completing Iteration 39 (approx. per word bound = -35.432, relative change = 1.512e-06) 
......................................................................................................
Completed E-Step (10 seconds). 
Completed M-Step (0 seconds). 
calculate log likelihood 
convergence.check is 1.803841e-06 
Completing Iteration 40 (approx. per word bound = -35.432, relative change = 1.804e-06) 
Topic 1: Gene1480, Gene908, Gene623, Gene610, Gene1044 
 Topic 2: Gene623, Gene908, Gene926, Gene1335, Gene662 
 Topic 3: Gene1480, Gene862, Gene926, Gene1164, Gene474 
 Topic 4: Gene926, Gene739, Gene1480, Gene908, Gene1164 
 Topic 5: Gene195, Gene873, Gene1164, Gene862, Gene474 
......................................................................................................
Completed E-Step (10 seconds). 
Completed M-Step (0 seconds). 
calculate log likelihood 
convergence.check is 1.529372e-06 
Completing Iteration 41 (approx. per word bound = -35.432, relative change = 1.529e-06) 
......................................................................................................
Completed E-Step (10 seconds). 
Completed M-Step (0 seconds). 
calculate log likelihood 
convergence.check is 1.387552e-06 
Completing Iteration 42 (approx. per word bound = -35.432, relative change = 1.388e-06) 
......................................................................................................
Completed E-Step (10 seconds). 
Completed M-Step (0 seconds). 
calculate log likelihood 
convergence.check is 1.300646e-06 
Completing Iteration 43 (approx. per word bound = -35.432, relative change = 1.301e-06) 
......................................................................................................
Completed E-Step (10 seconds). 
Completed M-Step (0 seconds). 
calculate log likelihood 
convergence.check is 1.278674e-06 
Completing Iteration 44 (approx. per word bound = -35.432, relative change = 1.279e-06) 
......................................................................................................
Completed E-Step (10 seconds). 
Completed M-Step (0 seconds). 
calculate log likelihood 
convergence.check is 1.255029e-06 
Completing Iteration 45 (approx. per word bound = -35.432, relative change = 1.255e-06) 
Topic 1: Gene1480, Gene908, Gene623, Gene610, Gene1044 
 Topic 2: Gene623, Gene908, Gene926, Gene1335, Gene662 
 Topic 3: Gene1480, Gene926, Gene862, Gene1164, Gene474 
 Topic 4: Gene926, Gene1480, Gene739, Gene908, Gene1164 
 Topic 5: Gene195, Gene873, Gene1164, Gene862, Gene474 
......................................................................................................
Completed E-Step (10 seconds). 
Completed M-Step (0 seconds). 
calculate log likelihood 
convergence.check is 1.120241e-06 
Completing Iteration 46 (approx. per word bound = -35.432, relative change = 1.120e-06) 
......................................................................................................
Completed E-Step (10 seconds). 
Completed M-Step (0 seconds). 
calculate log likelihood 
convergence.check is 1.362321e-06 
Completing Iteration 47 (approx. per word bound = -35.432, relative change = 1.362e-06) 
......................................................................................................
Completed E-Step (9 seconds). 
Completed M-Step (0 seconds). 
calculate log likelihood 
convergence.check is 1.096241e-06 
Completing Iteration 48 (approx. per word bound = -35.432, relative change = 1.096e-06) 
......................................................................................................
Completed E-Step (9 seconds). 
Completed M-Step (0 seconds). 
calculate log likelihood 
convergence.check is 1.046003e-06 
Completing Iteration 49 (approx. per word bound = -35.432, relative change = 1.046e-06) 
......................................................................................................
Completed E-Step (9 seconds). 
Completed M-Step (0 seconds). 
calculate log likelihood 
convergence.check is 1.095216e-06 
Completing Iteration 50 (approx. per word bound = -35.432, relative change = 1.095e-06) 
Topic 1: Gene1480, Gene908, Gene623, Gene610, Gene1044 
 Topic 2: Gene623, Gene908, Gene926, Gene1335, Gene662 
 Topic 3: Gene1480, Gene926, Gene862, Gene1164, Gene474 
 Topic 4: Gene926, Gene1480, Gene739, Gene908, Gene1164 
 Topic 5: Gene195, Gene873, Gene1164, Gene862, Gene474 
......................................................................................................
Completed E-Step (9 seconds). 
Completed M-Step (0 seconds). 
calculate log likelihood 
convergence.check is 1.00841e-06 
Completing Iteration 51 (approx. per word bound = -35.432, relative change = 1.008e-06) 
......................................................................................................
Completed E-Step (10 seconds). 
Completed M-Step (0 seconds). 
calculate log likelihood 
convergence.check is 8.724763e-07 
Model Converged 
3 select model run 
Initialization with topicScore. 
Initializing factors using Topic SCORE algorithm.
Initializing loadings by running 10 SCD updates.
......................................................................................................
Completed E-Step (18 seconds). 
Completed M-Step (0 seconds). 
calculate log likelihood 
Completing Iteration 1 (approx. per word bound = -35.442) 
......................................................................................................
Completed E-Step (16 seconds). 
Completed M-Step (0 seconds). 
calculate log likelihood 
convergence.check is 5.791701e-05 
Completing Iteration 2 (approx. per word bound = -35.440, relative change = 5.792e-05) 
......................................................................................................
Completed E-Step (15 seconds). 
Completed M-Step (0 seconds). 
calculate log likelihood 
convergence.check is 2.152707e-05 
Completing Iteration 3 (approx. per word bound = -35.439, relative change = 2.153e-05) 
......................................................................................................
Completed E-Step (14 seconds). 
Completed M-Step (0 seconds). 
calculate log likelihood 
convergence.check is 1.771108e-05 
Completing Iteration 4 (approx. per word bound = -35.439, relative change = 1.771e-05) 
......................................................................................................
Completed E-Step (15 seconds). 
Completed M-Step (0 seconds). 
calculate log likelihood 
convergence.check is 1.558634e-05 
Completing Iteration 5 (approx. per word bound = -35.438, relative change = 1.559e-05) 
Topic 1: Gene1480, Gene623, Gene908, Gene610, Gene1251 
 Topic 2: Gene623, Gene908, Gene926, Gene1044, Gene1251 
 Topic 3: Gene1480, Gene862, Gene474, Gene610, Gene662 
 Topic 4: Gene926, Gene739, Gene1480, Gene908, Gene862 
 Topic 5: Gene195, Gene873, Gene1164, Gene1217, Gene862 
......................................................................................................
Completed E-Step (15 seconds). 
Completed M-Step (0 seconds). 
calculate log likelihood 
convergence.check is 1.403553e-05 
Completing Iteration 6 (approx. per word bound = -35.438, relative change = 1.404e-05) 
......................................................................................................
Completed E-Step (15 seconds). 
Completed M-Step (0 seconds). 
calculate log likelihood 
convergence.check is 1.283306e-05 
Completing Iteration 7 (approx. per word bound = -35.437, relative change = 1.283e-05) 
......................................................................................................
Completed E-Step (14 seconds). 
Completed M-Step (0 seconds). 
calculate log likelihood 
convergence.check is 1.19069e-05 
Completing Iteration 8 (approx. per word bound = -35.437, relative change = 1.191e-05) 
......................................................................................................
Completed E-Step (15 seconds). 
Completed M-Step (0 seconds). 
calculate log likelihood 
convergence.check is 1.111227e-05 
Completing Iteration 9 (approx. per word bound = -35.437, relative change = 1.111e-05) 
......................................................................................................
Completed E-Step (15 seconds). 
Completed M-Step (0 seconds). 
calculate log likelihood 
convergence.check is 1.003587e-05 
Completing Iteration 10 (approx. per word bound = -35.436, relative change = 1.004e-05) 
Topic 1: Gene1480, Gene623, Gene908, Gene610, Gene1251 
 Topic 2: Gene623, Gene908, Gene926, Gene1044, Gene1251 
 Topic 3: Gene1480, Gene862, Gene474, Gene610, Gene662 
 Topic 4: Gene926, Gene739, Gene1480, Gene908, Gene862 
 Topic 5: Gene195, Gene873, Gene1164, Gene1217, Gene862 
......................................................................................................
Completed E-Step (15 seconds). 
Completed M-Step (0 seconds). 
calculate log likelihood 
convergence.check is 9.204986e-06 
Completing Iteration 11 (approx. per word bound = -35.436, relative change = 9.205e-06) 
......................................................................................................
Completed E-Step (15 seconds). 
Completed M-Step (0 seconds). 
calculate log likelihood 
convergence.check is 8.51895e-06 
Completing Iteration 12 (approx. per word bound = -35.436, relative change = 8.519e-06) 
......................................................................................................
Completed E-Step (15 seconds). 
Completed M-Step (0 seconds). 
calculate log likelihood 
convergence.check is 7.710138e-06 
Completing Iteration 13 (approx. per word bound = -35.435, relative change = 7.710e-06) 
......................................................................................................
Completed E-Step (16 seconds). 
Completed M-Step (0 seconds). 
calculate log likelihood 
convergence.check is 7.275194e-06 
Completing Iteration 14 (approx. per word bound = -35.435, relative change = 7.275e-06) 
......................................................................................................
Completed E-Step (15 seconds). 
Completed M-Step (0 seconds). 
calculate log likelihood 
convergence.check is 6.674173e-06 
Completing Iteration 15 (approx. per word bound = -35.435, relative change = 6.674e-06) 
Topic 1: Gene1480, Gene623, Gene908, Gene610, Gene1251 
 Topic 2: Gene623, Gene908, Gene926, Gene1335, Gene1044 
 Topic 3: Gene1480, Gene862, Gene610, Gene474, Gene662 
 Topic 4: Gene926, Gene739, Gene1480, Gene908, Gene862 
 Topic 5: Gene195, Gene873, Gene1164, Gene862, Gene1217 
......................................................................................................
Completed E-Step (15 seconds). 
Completed M-Step (0 seconds). 
calculate log likelihood 
convergence.check is 6.280115e-06 
Completing Iteration 16 (approx. per word bound = -35.435, relative change = 6.280e-06) 
......................................................................................................
Completed E-Step (15 seconds). 
Completed M-Step (0 seconds). 
calculate log likelihood 
convergence.check is 5.501366e-06 
Completing Iteration 17 (approx. per word bound = -35.434, relative change = 5.501e-06) 
......................................................................................................
Completed E-Step (15 seconds). 
Completed M-Step (0 seconds). 
calculate log likelihood 
convergence.check is 5.283902e-06 
Completing Iteration 18 (approx. per word bound = -35.434, relative change = 5.284e-06) 
......................................................................................................
Completed E-Step (15 seconds). 
Completed M-Step (0 seconds). 
calculate log likelihood 
convergence.check is 4.979871e-06 
Completing Iteration 19 (approx. per word bound = -35.434, relative change = 4.980e-06) 
......................................................................................................
Completed E-Step (15 seconds). 
Completed M-Step (0 seconds). 
calculate log likelihood 
convergence.check is 4.867266e-06 
Completing Iteration 20 (approx. per word bound = -35.434, relative change = 4.867e-06) 
Topic 1: Gene1480, Gene908, Gene623, Gene610, Gene1251 
 Topic 2: Gene623, Gene908, Gene926, Gene1335, Gene1044 
 Topic 3: Gene1480, Gene862, Gene610, Gene474, Gene1164 
 Topic 4: Gene926, Gene739, Gene1480, Gene908, Gene1164 
 Topic 5: Gene195, Gene873, Gene1164, Gene862, Gene1217 
......................................................................................................
Completed E-Step (14 seconds). 
Completed M-Step (0 seconds). 
calculate log likelihood 
convergence.check is 4.243032e-06 
Completing Iteration 21 (approx. per word bound = -35.434, relative change = 4.243e-06) 
......................................................................................................
Completed E-Step (14 seconds). 
Completed M-Step (0 seconds). 
calculate log likelihood 
convergence.check is 4.210921e-06 
Completing Iteration 22 (approx. per word bound = -35.434, relative change = 4.211e-06) 
......................................................................................................
Completed E-Step (14 seconds). 
Completed M-Step (0 seconds). 
calculate log likelihood 
convergence.check is 3.832331e-06 
Completing Iteration 23 (approx. per word bound = -35.433, relative change = 3.832e-06) 
......................................................................................................
Completed E-Step (13 seconds). 
Completed M-Step (0 seconds). 
calculate log likelihood 
convergence.check is 3.286103e-06 
Completing Iteration 24 (approx. per word bound = -35.433, relative change = 3.286e-06) 
......................................................................................................
Completed E-Step (13 seconds). 
Completed M-Step (0 seconds). 
calculate log likelihood 
convergence.check is 3.524825e-06 
Completing Iteration 25 (approx. per word bound = -35.433, relative change = 3.525e-06) 
Topic 1: Gene1480, Gene908, Gene623, Gene610, Gene1044 
 Topic 2: Gene623, Gene908, Gene926, Gene1335, Gene1044 
 Topic 3: Gene1480, Gene862, Gene610, Gene474, Gene1164 
 Topic 4: Gene926, Gene739, Gene1480, Gene908, Gene1164 
 Topic 5: Gene195, Gene873, Gene1164, Gene862, Gene474 
......................................................................................................
Completed E-Step (13 seconds). 
Completed M-Step (0 seconds). 
calculate log likelihood 
convergence.check is 2.955807e-06 
Completing Iteration 26 (approx. per word bound = -35.433, relative change = 2.956e-06) 
......................................................................................................
Completed E-Step (12 seconds). 
Completed M-Step (0 seconds). 
calculate log likelihood 
convergence.check is 2.796328e-06 
Completing Iteration 27 (approx. per word bound = -35.433, relative change = 2.796e-06) 
......................................................................................................
Completed E-Step (12 seconds). 
Completed M-Step (0 seconds). 
calculate log likelihood 
convergence.check is 2.609356e-06 
Completing Iteration 28 (approx. per word bound = -35.433, relative change = 2.609e-06) 
......................................................................................................
Completed E-Step (13 seconds). 
Completed M-Step (0 seconds). 
calculate log likelihood 
convergence.check is 2.460755e-06 
Completing Iteration 29 (approx. per word bound = -35.433, relative change = 2.461e-06) 
......................................................................................................
Completed E-Step (11 seconds). 
Completed M-Step (0 seconds). 
calculate log likelihood 
convergence.check is 2.423158e-06 
Completing Iteration 30 (approx. per word bound = -35.433, relative change = 2.423e-06) 
Topic 1: Gene1480, Gene908, Gene623, Gene610, Gene1044 
 Topic 2: Gene623, Gene908, Gene926, Gene1335, Gene1044 
 Topic 3: Gene1480, Gene862, Gene1164, Gene610, Gene474 
 Topic 4: Gene926, Gene739, Gene1480, Gene908, Gene1164 
 Topic 5: Gene195, Gene873, Gene1164, Gene862, Gene474 
......................................................................................................
Completed E-Step (11 seconds). 
Completed M-Step (0 seconds). 
calculate log likelihood 
convergence.check is 2.395476e-06 
Completing Iteration 31 (approx. per word bound = -35.433, relative change = 2.395e-06) 
......................................................................................................
Completed E-Step (11 seconds). 
Completed M-Step (0 seconds). 
calculate log likelihood 
convergence.check is 2.054792e-06 
Completing Iteration 32 (approx. per word bound = -35.433, relative change = 2.055e-06) 
......................................................................................................
Completed E-Step (11 seconds). 
Completed M-Step (0 seconds). 
calculate log likelihood 
convergence.check is 1.997489e-06 
Completing Iteration 33 (approx. per word bound = -35.432, relative change = 1.997e-06) 
......................................................................................................
Completed E-Step (10 seconds). 
Completed M-Step (0 seconds). 
calculate log likelihood 
convergence.check is 1.937868e-06 
Completing Iteration 34 (approx. per word bound = -35.432, relative change = 1.938e-06) 
......................................................................................................
Completed E-Step (10 seconds). 
Completed M-Step (0 seconds). 
calculate log likelihood 
convergence.check is 1.837846e-06 
Completing Iteration 35 (approx. per word bound = -35.432, relative change = 1.838e-06) 
Topic 1: Gene1480, Gene908, Gene623, Gene610, Gene1044 
 Topic 2: Gene623, Gene908, Gene926, Gene1335, Gene1044 
 Topic 3: Gene1480, Gene862, Gene926, Gene1164, Gene474 
 Topic 4: Gene926, Gene739, Gene1480, Gene908, Gene1164 
 Topic 5: Gene195, Gene873, Gene1164, Gene862, Gene474 
......................................................................................................
Completed E-Step (10 seconds). 
Completed M-Step (0 seconds). 
calculate log likelihood 
convergence.check is 1.764628e-06 
Completing Iteration 36 (approx. per word bound = -35.432, relative change = 1.765e-06) 
......................................................................................................
Completed E-Step (10 seconds). 
Completed M-Step (0 seconds). 
calculate log likelihood 
convergence.check is 1.673664e-06 
Completing Iteration 37 (approx. per word bound = -35.432, relative change = 1.674e-06) 
......................................................................................................
Completed E-Step (10 seconds). 
Completed M-Step (0 seconds). 
calculate log likelihood 
convergence.check is 1.664225e-06 
Completing Iteration 38 (approx. per word bound = -35.432, relative change = 1.664e-06) 
......................................................................................................
Completed E-Step (10 seconds). 
Completed M-Step (0 seconds). 
calculate log likelihood 
convergence.check is 1.542173e-06 
Completing Iteration 39 (approx. per word bound = -35.432, relative change = 1.542e-06) 
......................................................................................................
Completed E-Step (10 seconds). 
Completed M-Step (0 seconds). 
calculate log likelihood 
convergence.check is 1.498327e-06 
Completing Iteration 40 (approx. per word bound = -35.432, relative change = 1.498e-06) 
Topic 1: Gene1480, Gene908, Gene623, Gene610, Gene1044 
 Topic 2: Gene623, Gene908, Gene926, Gene1335, Gene662 
 Topic 3: Gene1480, Gene862, Gene926, Gene1164, Gene474 
 Topic 4: Gene926, Gene739, Gene1480, Gene908, Gene1164 
 Topic 5: Gene195, Gene873, Gene1164, Gene862, Gene474 
......................................................................................................
Completed E-Step (10 seconds). 
Completed M-Step (0 seconds). 
calculate log likelihood 
convergence.check is 1.419122e-06 
Completing Iteration 41 (approx. per word bound = -35.432, relative change = 1.419e-06) 
......................................................................................................
Completed E-Step (10 seconds). 
Completed M-Step (0 seconds). 
calculate log likelihood 
convergence.check is 1.374003e-06 
Completing Iteration 42 (approx. per word bound = -35.432, relative change = 1.374e-06) 
......................................................................................................
Completed E-Step (10 seconds). 
Completed M-Step (0 seconds). 
calculate log likelihood 
convergence.check is 1.335894e-06 
Completing Iteration 43 (approx. per word bound = -35.432, relative change = 1.336e-06) 
......................................................................................................
Completed E-Step (10 seconds). 
Completed M-Step (0 seconds). 
calculate log likelihood 
convergence.check is 1.526392e-06 
Completing Iteration 44 (approx. per word bound = -35.432, relative change = 1.526e-06) 
......................................................................................................
Completed E-Step (10 seconds). 
Completed M-Step (0 seconds). 
calculate log likelihood 
convergence.check is 1.188411e-06 
Completing Iteration 45 (approx. per word bound = -35.432, relative change = 1.188e-06) 
Topic 1: Gene1480, Gene908, Gene623, Gene610, Gene1044 
 Topic 2: Gene623, Gene908, Gene926, Gene1335, Gene662 
 Topic 3: Gene1480, Gene926, Gene862, Gene1164, Gene474 
 Topic 4: Gene926, Gene1480, Gene739, Gene908, Gene1164 
 Topic 5: Gene195, Gene873, Gene1164, Gene862, Gene474 
......................................................................................................
Completed E-Step (10 seconds). 
Completed M-Step (0 seconds). 
calculate log likelihood 
convergence.check is 1.177712e-06 
Completing Iteration 46 (approx. per word bound = -35.432, relative change = 1.178e-06) 
......................................................................................................
Completed E-Step (10 seconds). 
Completed M-Step (0 seconds). 
calculate log likelihood 
convergence.check is 1.132719e-06 
Completing Iteration 47 (approx. per word bound = -35.432, relative change = 1.133e-06) 
......................................................................................................
Completed E-Step (10 seconds). 
Completed M-Step (0 seconds). 
calculate log likelihood 
convergence.check is 1.144586e-06 
Completing Iteration 48 (approx. per word bound = -35.432, relative change = 1.145e-06) 
......................................................................................................
Completed E-Step (9 seconds). 
Completed M-Step (0 seconds). 
calculate log likelihood 
convergence.check is 1.069718e-06 
Completing Iteration 49 (approx. per word bound = -35.432, relative change = 1.070e-06) 
......................................................................................................
Completed E-Step (9 seconds). 
Completed M-Step (0 seconds). 
calculate log likelihood 
convergence.check is 1.084522e-06 
Completing Iteration 50 (approx. per word bound = -35.432, relative change = 1.085e-06) 
Topic 1: Gene1480, Gene908, Gene623, Gene610, Gene1044 
 Topic 2: Gene623, Gene908, Gene926, Gene1335, Gene662 
 Topic 3: Gene1480, Gene926, Gene862, Gene1164, Gene474 
 Topic 4: Gene926, Gene1480, Gene739, Gene908, Gene1164 
 Topic 5: Gene195, Gene873, Gene1164, Gene862, Gene474 
......................................................................................................
Completed E-Step (9 seconds). 
Completed M-Step (0 seconds). 
calculate log likelihood 
convergence.check is 9.396894e-07 
Model Converged 
