sims_1715988651_pos_L1_c5.rds 
Found 6 batches
Using null model in ComBat-seq.
Adjusting for 0 covariate(s) or covariate level(s)
Estimating dispersions
Fitting the GLM model
Shrinkage off - using GLM estimates for parameters
Adjusting the data
Batch Effect Removed 
        R/alignCorpus.R R/asSTMCorpus.R R/checkBeta.R R/cloud.R
value   ?               ?               ?             ?        
visible FALSE           FALSE           FALSE         FALSE    
        R/CompositionChange.R R/convertCorpus.R R/estimateEffect.R
value   ?                     ?                 ?                 
visible FALSE                 FALSE             FALSE             
        R/estimateMixedEffect.R R/exclusivity.R R/findThoughts.R R/findTopic.R
value   ?                       ?               ?                ?            
visible FALSE                   FALSE           FALSE            FALSE        
        R/fitNewDocuments.R R/heldout.R R/jeffreyskappa.R R/labelTopics.R
value   ?                   ?           ?                 ?              
visible FALSE               FALSE       FALSE             FALSE          
        R/makeDesignMatrix.R R/manyTopics.R R/multiSTM.R R/optimalK.R
value   ?                    ?              ?            ?           
visible FALSE                FALSE          FALSE        FALSE       
        R/permute.R R/plot.estimateEffect.R R/plot.fixedEffect.R
value   ?           ?                       ?                   
visible FALSE       FALSE                   FALSE               
        R/plot.searchK.R R/plot.STM.R R/plotModels.R R/plotQuote.R
value   ?                ?            ?              ?            
visible FALSE            FALSE        FALSE          FALSE        
        R/plotRemoved.R R/plottingutilfns.R R/plotTopicLoess.R
value   ?               ?                   ?                 
visible FALSE           FALSE               FALSE             
        R/prepDocuments.R R/prepsce.R R/produce_cmatrix.R R/RcppExports.R
value   ?                 ?           ?                   ?              
visible FALSE             FALSE       FALSE               FALSE          
        R/readCorpus.R R/residuals.R R/s.R R/sageLabels.R R/scSTM.R
value   ?              ?             ?     ?              ?        
visible FALSE          FALSE         FALSE FALSE          FALSE    
        R/selectModel.R R/semanticCoherence.R R/simBetas.R R/spectral.R
value   ?               ?                     ?            ?           
visible FALSE           FALSE                 FALSE        FALSE       
        R/stm-package.R R/stm.control.R R/STMbound.R R/STMconvergence.R
value   NULL            ?               ?            ?                 
visible TRUE            FALSE           FALSE        FALSE             
        R/STMestep.R R/STMfunctions.R R/STMinit.R R/STMinitLikelihood.R
value   ?            ?                ?           ?                    
visible FALSE        FALSE            FALSE       FALSE                
        R/STMlncpp.R R/STMmnreg.R R/STMmu.R R/STMoptbeta.R R/STMreport.R
value   ?            ?            ?         ?              ?            
visible FALSE        FALSE        FALSE     FALSE          FALSE        
        R/STMsigma.R R/STMsigs.R R/STMsubset.R R/summary.STM.R R/tau.R
value   ?            ?           ?             ?               ?      
visible FALSE        FALSE       FALSE         FALSE           FALSE  
        R/textProcessor.R R/thetaPosterior.R R/toLDAvis.R R/topicCorr.R
value   ?                 ?                  ?            ?            
visible FALSE             FALSE              FALSE        FALSE        
        R/topicLasso.R R/topicQuality.R R/writeLdac.R R/zzz.R
value   ?              ?                ?             ?      
visible FALSE          FALSE            FALSE         FALSE  
Removing 1 of 699 genes (1 of 1711419 tokens) due to frequency 
Your Dataset now has 3587 cells, 698 genes and 1711418 tokens. 
Casting net 
1 models in net 
Initialization with topicScore. 
Initializing factors using Topic SCORE algorithm.
Initializing loadings by running 10 SCD updates.
......................................................................................................
Completed E-Step (13 seconds). 
Completed M-Step (0 seconds). 
calculate log likelihood 
Completing Iteration 1 (approx. per word bound = -31.191) 
......................................................................................................
Completed E-Step (11 seconds). 
Completed M-Step (0 seconds). 
calculate log likelihood 
convergence.check is 8.202394e-05 
Completing Iteration 2 (approx. per word bound = -31.188, relative change = 8.202e-05) 
......................................................................................................
Completed E-Step (10 seconds). 
Completed M-Step (0 seconds). 
calculate log likelihood 
convergence.check is 5.889176e-05 
Model Terminated Before Convergence Reached 
2 models in net 
Initialization with topicScore. 
Initializing factors using Topic SCORE algorithm.
Initializing loadings by running 10 SCD updates.
......................................................................................................
Completed E-Step (10 seconds). 
Completed M-Step (0 seconds). 
calculate log likelihood 
Completing Iteration 1 (approx. per word bound = -31.210) 
......................................................................................................
Completed E-Step (10 seconds). 
Completed M-Step (0 seconds). 
calculate log likelihood 
convergence.check is 0.0001987638 
Completing Iteration 2 (approx. per word bound = -31.204, relative change = 1.988e-04) 
......................................................................................................
Completed E-Step (10 seconds). 
Completed M-Step (0 seconds). 
calculate log likelihood 
convergence.check is 0.0001421873 
Model Terminated Before Convergence Reached 
3 models in net 
Initialization with topicScore. 
Initializing factors using Topic SCORE algorithm.
Initializing loadings by running 10 SCD updates.
......................................................................................................
Completed E-Step (6 seconds). 
Completed M-Step (0 seconds). 
calculate log likelihood 
Completing Iteration 1 (approx. per word bound = -31.168) 
......................................................................................................
Completed E-Step (10 seconds). 
Completed M-Step (0 seconds). 
calculate log likelihood 
convergence.check is 3.143244e-05 
Completing Iteration 2 (approx. per word bound = -31.167, relative change = 3.143e-05) 
......................................................................................................
Completed E-Step (9 seconds). 
Completed M-Step (0 seconds). 
calculate log likelihood 
convergence.check is 2.450785e-05 
Model Terminated Before Convergence Reached 
4 models in net 
Initialization with topicScore. 
Initializing factors using Topic SCORE algorithm.
Initializing loadings by running 10 SCD updates.
......................................................................................................
Completed E-Step (14 seconds). 
Completed M-Step (0 seconds). 
calculate log likelihood 
Completing Iteration 1 (approx. per word bound = -31.192) 
......................................................................................................
Completed E-Step (11 seconds). 
Completed M-Step (0 seconds). 
calculate log likelihood 
convergence.check is 7.774222e-05 
Completing Iteration 2 (approx. per word bound = -31.190, relative change = 7.774e-05) 
......................................................................................................
Completed E-Step (11 seconds). 
Completed M-Step (0 seconds). 
calculate log likelihood 
convergence.check is 5.917238e-05 
Model Terminated Before Convergence Reached 
5 models in net 
Initialization with topicScore. 
Initializing factors using Topic SCORE algorithm.
Initializing loadings by running 10 SCD updates.
......................................................................................................
Completed E-Step (5 seconds). 
Completed M-Step (0 seconds). 
calculate log likelihood 
Completing Iteration 1 (approx. per word bound = -31.153) 
......................................................................................................
Completed E-Step (10 seconds). 
Completed M-Step (0 seconds). 
calculate log likelihood 
convergence.check is 2.795172e-05 
Completing Iteration 2 (approx. per word bound = -31.152, relative change = 2.795e-05) 
......................................................................................................
Completed E-Step (10 seconds). 
Completed M-Step (0 seconds). 
calculate log likelihood 
convergence.check is 1.73214e-05 
Model Terminated Before Convergence Reached 
6 models in net 
Initialization with topicScore. 
Initializing factors using Topic SCORE algorithm.
Initializing loadings by running 10 SCD updates.
......................................................................................................
Completed E-Step (10 seconds). 
Completed M-Step (0 seconds). 
calculate log likelihood 
Completing Iteration 1 (approx. per word bound = -31.211) 
......................................................................................................
Completed E-Step (9 seconds). 
Completed M-Step (0 seconds). 
calculate log likelihood 
convergence.check is 0.0002008255 
Completing Iteration 2 (approx. per word bound = -31.205, relative change = 2.008e-04) 
......................................................................................................
Completed E-Step (9 seconds). 
Completed M-Step (0 seconds). 
calculate log likelihood 
convergence.check is 0.0001459563 
Model Terminated Before Convergence Reached 
7 models in net 
Initialization with topicScore. 
Initializing factors using Topic SCORE algorithm.
Initializing loadings by running 10 SCD updates.
......................................................................................................
Completed E-Step (4 seconds). 
Completed M-Step (0 seconds). 
calculate log likelihood 
Completing Iteration 1 (approx. per word bound = -31.153) 
......................................................................................................
Completed E-Step (9 seconds). 
Completed M-Step (0 seconds). 
calculate log likelihood 
convergence.check is 1.642948e-05 
Completing Iteration 2 (approx. per word bound = -31.153, relative change = 1.643e-05) 
......................................................................................................
Completed E-Step (9 seconds). 
Completed M-Step (0 seconds). 
calculate log likelihood 
convergence.check is 1.253655e-05 
Model Terminated Before Convergence Reached 
8 models in net 
Initialization with topicScore. 
Initializing factors using Topic SCORE algorithm.
Initializing loadings by running 10 SCD updates.
......................................................................................................
Completed E-Step (6 seconds). 
Completed M-Step (0 seconds). 
calculate log likelihood 
Completing Iteration 1 (approx. per word bound = -31.169) 
......................................................................................................
Completed E-Step (10 seconds). 
Completed M-Step (0 seconds). 
calculate log likelihood 
convergence.check is 2.956279e-05 
Completing Iteration 2 (approx. per word bound = -31.168, relative change = 2.956e-05) 
......................................................................................................
Completed E-Step (10 seconds). 
Completed M-Step (0 seconds). 
calculate log likelihood 
convergence.check is 2.277856e-05 
Model Terminated Before Convergence Reached 
9 models in net 
Initialization with topicScore. 
Initializing factors using Topic SCORE algorithm.
Initializing loadings by running 10 SCD updates.
......................................................................................................
Completed E-Step (5 seconds). 
Completed M-Step (0 seconds). 
calculate log likelihood 
Completing Iteration 1 (approx. per word bound = -31.170) 
......................................................................................................
Completed E-Step (10 seconds). 
Completed M-Step (0 seconds). 
calculate log likelihood 
convergence.check is 3.028953e-05 
Completing Iteration 2 (approx. per word bound = -31.169, relative change = 3.029e-05) 
......................................................................................................
Completed E-Step (10 seconds). 
Completed M-Step (0 seconds). 
calculate log likelihood 
convergence.check is 2.341084e-05 
Model Terminated Before Convergence Reached 
10 models in net 
Initialization with topicScore. 
Initializing factors using Topic SCORE algorithm.
Initializing loadings by running 10 SCD updates.
......................................................................................................
Completed E-Step (7 seconds). 
Completed M-Step (0 seconds). 
calculate log likelihood 
Completing Iteration 1 (approx. per word bound = -31.169) 
......................................................................................................
Completed E-Step (10 seconds). 
Completed M-Step (0 seconds). 
calculate log likelihood 
convergence.check is 3.235826e-05 
Completing Iteration 2 (approx. per word bound = -31.168, relative change = 3.236e-05) 
......................................................................................................
Completed E-Step (10 seconds). 
Completed M-Step (0 seconds). 
calculate log likelihood 
convergence.check is 2.507245e-05 
Model Terminated Before Convergence Reached 
11 models in net 
Beginning Spectral Initialization 
	 Calculating the gram matrix...
	 Finding anchor words...
 	.....
	 Recovering initialization...
 	......
Initialization complete.
......................................................................................................
Completed E-Step (17 seconds). 
Completed M-Step (0 seconds). 
calculate log likelihood 
Completing Iteration 1 (approx. per word bound = -31.208) 
......................................................................................................
Completed E-Step (10 seconds). 
Completed M-Step (0 seconds). 
calculate log likelihood 
convergence.check is 0.002010881 
Completing Iteration 2 (approx. per word bound = -31.146, relative change = 2.011e-03) 
......................................................................................................
Completed E-Step (8 seconds). 
Completed M-Step (0 seconds). 
calculate log likelihood 
convergence.check is 0.000194986 
Model Terminated Before Convergence Reached 
12 models in net 
Beginning Random Initialization 
Initialization with Poisson NMF 
......................................................................................................
Completed E-Step (17 seconds). 
Completed M-Step (0 seconds). 
calculate log likelihood 
Completing Iteration 1 (approx. per word bound = -41.601) 
......................................................................................................
Completed E-Step (10 seconds). 
Completed M-Step (0 seconds). 
calculate log likelihood 
convergence.check is 0.2471662 
Completing Iteration 2 (approx. per word bound = -31.319, relative change = 2.472e-01) 
......................................................................................................
Completed E-Step (10 seconds). 
Completed M-Step (0 seconds). 
calculate log likelihood 
convergence.check is 0.0003258267 
Model Terminated Before Convergence Reached 
13 models in net 
Beginning Random Initialization 
Initialization with Poisson NMF 
......................................................................................................
Completed E-Step (16 seconds). 
Completed M-Step (0 seconds). 
calculate log likelihood 
Completing Iteration 1 (approx. per word bound = -41.788) 
......................................................................................................
Completed E-Step (10 seconds). 
Completed M-Step (0 seconds). 
calculate log likelihood 
convergence.check is 0.250685 
Completing Iteration 2 (approx. per word bound = -31.312, relative change = 2.507e-01) 
......................................................................................................
Completed E-Step (10 seconds). 
Completed M-Step (0 seconds). 
calculate log likelihood 
convergence.check is 0.0004136163 
Model Terminated Before Convergence Reached 
14 models in net 
Beginning Random Initialization 
Initialization with Poisson NMF 
......................................................................................................
Completed E-Step (17 seconds). 
Completed M-Step (0 seconds). 
calculate log likelihood 
Completing Iteration 1 (approx. per word bound = -42.014) 
......................................................................................................
Completed E-Step (10 seconds). 
Completed M-Step (0 seconds). 
calculate log likelihood 
convergence.check is 0.2545456 
Completing Iteration 2 (approx. per word bound = -31.319, relative change = 2.545e-01) 
......................................................................................................
Completed E-Step (9 seconds). 
Completed M-Step (0 seconds). 
calculate log likelihood 
convergence.check is 0.0002627522 
Model Terminated Before Convergence Reached 
15 models in net 
Beginning Random Initialization 
Initialization with Poisson NMF 
......................................................................................................
Completed E-Step (19 seconds). 
Completed M-Step (0 seconds). 
calculate log likelihood 
Completing Iteration 1 (approx. per word bound = -41.559) 
......................................................................................................
Completed E-Step (10 seconds). 
Completed M-Step (0 seconds). 
calculate log likelihood 
convergence.check is 0.2463519 
Completing Iteration 2 (approx. per word bound = -31.321, relative change = 2.464e-01) 
......................................................................................................
Completed E-Step (10 seconds). 
Completed M-Step (0 seconds). 
calculate log likelihood 
convergence.check is 0.0004307027 
Model Terminated Before Convergence Reached 
16 models in net 
Beginning Random Initialization 
Initialization with Poisson NMF 
......................................................................................................
Completed E-Step (19 seconds). 
Completed M-Step (0 seconds). 
calculate log likelihood 
Completing Iteration 1 (approx. per word bound = -41.795) 
......................................................................................................
Completed E-Step (10 seconds). 
Completed M-Step (0 seconds). 
calculate log likelihood 
convergence.check is 0.2505784 
Completing Iteration 2 (approx. per word bound = -31.322, relative change = 2.506e-01) 
......................................................................................................
Completed E-Step (10 seconds). 
Completed M-Step (0 seconds). 
calculate log likelihood 
convergence.check is 0.0003278137 
Model Terminated Before Convergence Reached 
17 models in net 
Beginning Random Initialization 
Initialization with Poisson NMF 
......................................................................................................
Completed E-Step (15 seconds). 
Completed M-Step (0 seconds). 
calculate log likelihood 
Completing Iteration 1 (approx. per word bound = -41.111) 
......................................................................................................
Completed E-Step (10 seconds). 
Completed M-Step (0 seconds). 
calculate log likelihood 
convergence.check is 0.2382149 
Completing Iteration 2 (approx. per word bound = -31.318, relative change = 2.382e-01) 
......................................................................................................
Completed E-Step (10 seconds). 
Completed M-Step (0 seconds). 
calculate log likelihood 
convergence.check is 0.0003305364 
Model Terminated Before Convergence Reached 
18 models in net 
Beginning Random Initialization 
Initialization with Poisson NMF 
......................................................................................................
Completed E-Step (18 seconds). 
Completed M-Step (0 seconds). 
calculate log likelihood 
Completing Iteration 1 (approx. per word bound = -41.756) 
......................................................................................................
Completed E-Step (12 seconds). 
Completed M-Step (0 seconds). 
calculate log likelihood 
convergence.check is 0.2498494 
Completing Iteration 2 (approx. per word bound = -31.323, relative change = 2.498e-01) 
......................................................................................................
Completed E-Step (10 seconds). 
Completed M-Step (0 seconds). 
calculate log likelihood 
convergence.check is 0.0007548798 
Model Terminated Before Convergence Reached 
19 models in net 
Beginning Random Initialization 
Initialization with Poisson NMF 
......................................................................................................
Completed E-Step (16 seconds). 
Completed M-Step (0 seconds). 
calculate log likelihood 
Completing Iteration 1 (approx. per word bound = -41.559) 
......................................................................................................
Completed E-Step (10 seconds). 
Completed M-Step (0 seconds). 
calculate log likelihood 
convergence.check is 0.2463533 
Completing Iteration 2 (approx. per word bound = -31.320, relative change = 2.464e-01) 
......................................................................................................
Completed E-Step (10 seconds). 
Completed M-Step (0 seconds). 
calculate log likelihood 
convergence.check is 0.0004786164 
Model Terminated Before Convergence Reached 
20 models in net 
Beginning Random Initialization 
Initialization with Poisson NMF 
......................................................................................................
Completed E-Step (17 seconds). 
Completed M-Step (0 seconds). 
calculate log likelihood 
Completing Iteration 1 (approx. per word bound = -41.762) 
......................................................................................................
Completed E-Step (12 seconds). 
Completed M-Step (0 seconds). 
calculate log likelihood 
convergence.check is 0.2498696 
Completing Iteration 2 (approx. per word bound = -31.327, relative change = 2.499e-01) 
......................................................................................................
Completed E-Step (11 seconds). 
Completed M-Step (0 seconds). 
calculate log likelihood 
convergence.check is 0.00071868 
Model Terminated Before Convergence Reached 
21 models in net 
Beginning Random Initialization 
Initialization with Poisson NMF 
......................................................................................................
Completed E-Step (18 seconds). 
Completed M-Step (0 seconds). 
calculate log likelihood 
Completing Iteration 1 (approx. per word bound = -41.947) 
......................................................................................................
Completed E-Step (9 seconds). 
Completed M-Step (0 seconds). 
calculate log likelihood 
convergence.check is 0.2533638 
Completing Iteration 2 (approx. per word bound = -31.319, relative change = 2.534e-01) 
......................................................................................................
Completed E-Step (9 seconds). 
Completed M-Step (0 seconds). 
calculate log likelihood 
convergence.check is 0.000409793 
Model Terminated Before Convergence Reached 
Running select models 
1 select model run 
Beginning Spectral Initialization 
	 Calculating the gram matrix...
	 Finding anchor words...
 	.....
	 Recovering initialization...
 	......
Initialization complete.
......................................................................................................
Completed E-Step (17 seconds). 
Completed M-Step (0 seconds). 
calculate log likelihood 
Completing Iteration 1 (approx. per word bound = -31.208) 
......................................................................................................
Completed E-Step (8 seconds). 
Completed M-Step (0 seconds). 
calculate log likelihood 
convergence.check is 0.002010881 
Completing Iteration 2 (approx. per word bound = -31.146, relative change = 2.011e-03) 
......................................................................................................
Completed E-Step (8 seconds). 
Completed M-Step (0 seconds). 
calculate log likelihood 
convergence.check is 0.000194986 
Completing Iteration 3 (approx. per word bound = -31.140, relative change = 1.950e-04) 
......................................................................................................
Completed E-Step (8 seconds). 
Completed M-Step (0 seconds). 
calculate log likelihood 
convergence.check is 3.762552e-05 
Completing Iteration 4 (approx. per word bound = -31.138, relative change = 3.763e-05) 
......................................................................................................
Completed E-Step (8 seconds). 
Completed M-Step (0 seconds). 
calculate log likelihood 
convergence.check is 1.590983e-05 
Completing Iteration 5 (approx. per word bound = -31.138, relative change = 1.591e-05) 
Topic 1: Gene702, Gene146, Gene1266, Gene1483, Gene315 
 Topic 2: Gene1067, Gene146, Gene51, Gene775, Gene1105 
 Topic 3: Gene146, Gene647, Gene1239, Gene51, Gene1405 
 Topic 4: Gene146, Gene51, Gene1405, Gene404, Gene917 
 Topic 5: Gene146, Gene51, Gene404, Gene1105, Gene1067 
......................................................................................................
Completed E-Step (7 seconds). 
Completed M-Step (0 seconds). 
calculate log likelihood 
convergence.check is 9.139761e-06 
Completing Iteration 6 (approx. per word bound = -31.138, relative change = 9.140e-06) 
......................................................................................................
Completed E-Step (7 seconds). 
Completed M-Step (0 seconds). 
calculate log likelihood 
convergence.check is 6.341541e-06 
Completing Iteration 7 (approx. per word bound = -31.137, relative change = 6.342e-06) 
......................................................................................................
Completed E-Step (7 seconds). 
Completed M-Step (0 seconds). 
calculate log likelihood 
convergence.check is 4.708341e-06 
Completing Iteration 8 (approx. per word bound = -31.137, relative change = 4.708e-06) 
......................................................................................................
Completed E-Step (7 seconds). 
Completed M-Step (0 seconds). 
calculate log likelihood 
convergence.check is 3.694791e-06 
Completing Iteration 9 (approx. per word bound = -31.137, relative change = 3.695e-06) 
......................................................................................................
Completed E-Step (9 seconds). 
Completed M-Step (0 seconds). 
calculate log likelihood 
convergence.check is 2.880873e-06 
Completing Iteration 10 (approx. per word bound = -31.137, relative change = 2.881e-06) 
Topic 1: Gene702, Gene146, Gene1266, Gene1483, Gene315 
 Topic 2: Gene1067, Gene146, Gene775, Gene51, Gene1105 
 Topic 3: Gene146, Gene647, Gene1239, Gene1484, Gene1405 
 Topic 4: Gene146, Gene51, Gene1405, Gene404, Gene917 
 Topic 5: Gene146, Gene51, Gene404, Gene1105, Gene1067 
......................................................................................................
Completed E-Step (7 seconds). 
Completed M-Step (0 seconds). 
calculate log likelihood 
convergence.check is 2.443255e-06 
Completing Iteration 11 (approx. per word bound = -31.137, relative change = 2.443e-06) 
......................................................................................................
Completed E-Step (7 seconds). 
Completed M-Step (0 seconds). 
calculate log likelihood 
convergence.check is 2.333802e-06 
Completing Iteration 12 (approx. per word bound = -31.137, relative change = 2.334e-06) 
......................................................................................................
Completed E-Step (7 seconds). 
Completed M-Step (0 seconds). 
calculate log likelihood 
convergence.check is 1.931254e-06 
Completing Iteration 13 (approx. per word bound = -31.137, relative change = 1.931e-06) 
......................................................................................................
Completed E-Step (7 seconds). 
Completed M-Step (0 seconds). 
calculate log likelihood 
convergence.check is 1.325343e-06 
Completing Iteration 14 (approx. per word bound = -31.137, relative change = 1.325e-06) 
......................................................................................................
Completed E-Step (7 seconds). 
Completed M-Step (0 seconds). 
calculate log likelihood 
convergence.check is 1.313401e-06 
Completing Iteration 15 (approx. per word bound = -31.137, relative change = 1.313e-06) 
Topic 1: Gene702, Gene146, Gene1266, Gene1483, Gene315 
 Topic 2: Gene1067, Gene146, Gene775, Gene51, Gene1105 
 Topic 3: Gene146, Gene647, Gene1239, Gene1484, Gene1405 
 Topic 4: Gene146, Gene51, Gene1405, Gene404, Gene917 
 Topic 5: Gene146, Gene51, Gene404, Gene1105, Gene1067 
......................................................................................................
Completed E-Step (7 seconds). 
Completed M-Step (0 seconds). 
calculate log likelihood 
convergence.check is 1.165965e-06 
Completing Iteration 16 (approx. per word bound = -31.137, relative change = 1.166e-06) 
......................................................................................................
Completed E-Step (7 seconds). 
Completed M-Step (0 seconds). 
calculate log likelihood 
convergence.check is 9.691283e-07 
Model Converged 
2 select model run 
Initialization with topicScore. 
Initializing factors using Topic SCORE algorithm.
Initializing loadings by running 10 SCD updates.
......................................................................................................
Completed E-Step (5 seconds). 
Completed M-Step (0 seconds). 
calculate log likelihood 
Completing Iteration 1 (approx. per word bound = -31.153) 
......................................................................................................
Completed E-Step (11 seconds). 
Completed M-Step (0 seconds). 
calculate log likelihood 
convergence.check is 2.795172e-05 
Completing Iteration 2 (approx. per word bound = -31.152, relative change = 2.795e-05) 
......................................................................................................
Completed E-Step (10 seconds). 
Completed M-Step (0 seconds). 
calculate log likelihood 
convergence.check is 1.73214e-05 
Completing Iteration 3 (approx. per word bound = -31.151, relative change = 1.732e-05) 
......................................................................................................
Completed E-Step (10 seconds). 
Completed M-Step (0 seconds). 
calculate log likelihood 
convergence.check is 1.513102e-05 
Completing Iteration 4 (approx. per word bound = -31.151, relative change = 1.513e-05) 
......................................................................................................
Completed E-Step (10 seconds). 
Completed M-Step (0 seconds). 
calculate log likelihood 
convergence.check is 1.372507e-05 
Completing Iteration 5 (approx. per word bound = -31.150, relative change = 1.373e-05) 
Topic 1: Gene1067, Gene775, Gene1105, Gene717, Gene51 
 Topic 2: Gene146, Gene1405, Gene51, Gene917, Gene775 
 Topic 3: Gene51, Gene146, Gene404, Gene1402, Gene606 
 Topic 4: Gene647, Gene1239, Gene146, Gene1405, Gene1484 
 Topic 5: Gene702, Gene146, Gene1266, Gene1483, Gene315 
......................................................................................................
Completed E-Step (10 seconds). 
Completed M-Step (0 seconds). 
calculate log likelihood 
convergence.check is 1.247455e-05 
Completing Iteration 6 (approx. per word bound = -31.150, relative change = 1.247e-05) 
......................................................................................................
Completed E-Step (10 seconds). 
Completed M-Step (0 seconds). 
calculate log likelihood 
convergence.check is 1.13781e-05 
Completing Iteration 7 (approx. per word bound = -31.150, relative change = 1.138e-05) 
......................................................................................................
Completed E-Step (10 seconds). 
Completed M-Step (0 seconds). 
calculate log likelihood 
convergence.check is 1.054482e-05 
Completing Iteration 8 (approx. per word bound = -31.149, relative change = 1.054e-05) 
......................................................................................................
Completed E-Step (9 seconds). 
Completed M-Step (0 seconds). 
calculate log likelihood 
convergence.check is 9.682485e-06 
Completing Iteration 9 (approx. per word bound = -31.149, relative change = 9.682e-06) 
......................................................................................................
Completed E-Step (10 seconds). 
Completed M-Step (0 seconds). 
calculate log likelihood 
convergence.check is 9.015704e-06 
Completing Iteration 10 (approx. per word bound = -31.149, relative change = 9.016e-06) 
Topic 1: Gene1067, Gene775, Gene1105, Gene717, Gene51 
 Topic 2: Gene146, Gene1405, Gene51, Gene917, Gene775 
 Topic 3: Gene146, Gene51, Gene404, Gene1402, Gene606 
 Topic 4: Gene647, Gene1239, Gene146, Gene1405, Gene1484 
 Topic 5: Gene702, Gene146, Gene1266, Gene1483, Gene315 
......................................................................................................
Completed E-Step (9 seconds). 
Completed M-Step (0 seconds). 
calculate log likelihood 
convergence.check is 8.34107e-06 
Completing Iteration 11 (approx. per word bound = -31.148, relative change = 8.341e-06) 
......................................................................................................
Completed E-Step (9 seconds). 
Completed M-Step (0 seconds). 
calculate log likelihood 
convergence.check is 7.765742e-06 
Completing Iteration 12 (approx. per word bound = -31.148, relative change = 7.766e-06) 
......................................................................................................
Completed E-Step (9 seconds). 
Completed M-Step (0 seconds). 
calculate log likelihood 
convergence.check is 7.25842e-06 
Completing Iteration 13 (approx. per word bound = -31.148, relative change = 7.258e-06) 
......................................................................................................
Completed E-Step (9 seconds). 
Completed M-Step (0 seconds). 
calculate log likelihood 
convergence.check is 6.684182e-06 
Completing Iteration 14 (approx. per word bound = -31.148, relative change = 6.684e-06) 
......................................................................................................
Completed E-Step (9 seconds). 
Completed M-Step (0 seconds). 
calculate log likelihood 
convergence.check is 6.287504e-06 
Completing Iteration 15 (approx. per word bound = -31.147, relative change = 6.288e-06) 
Topic 1: Gene1067, Gene775, Gene1105, Gene717, Gene51 
 Topic 2: Gene146, Gene1405, Gene51, Gene917, Gene775 
 Topic 3: Gene146, Gene51, Gene404, Gene1402, Gene1105 
 Topic 4: Gene647, Gene1239, Gene146, Gene1405, Gene1484 
 Topic 5: Gene702, Gene146, Gene1266, Gene1483, Gene315 
......................................................................................................
Completed E-Step (9 seconds). 
Completed M-Step (0 seconds). 
calculate log likelihood 
convergence.check is 5.884341e-06 
Completing Iteration 16 (approx. per word bound = -31.147, relative change = 5.884e-06) 
......................................................................................................
Completed E-Step (9 seconds). 
Completed M-Step (0 seconds). 
calculate log likelihood 
convergence.check is 5.413538e-06 
Completing Iteration 17 (approx. per word bound = -31.147, relative change = 5.414e-06) 
......................................................................................................
Completed E-Step (9 seconds). 
Completed M-Step (0 seconds). 
calculate log likelihood 
convergence.check is 5.123765e-06 
Completing Iteration 18 (approx. per word bound = -31.147, relative change = 5.124e-06) 
......................................................................................................
Completed E-Step (8 seconds). 
Completed M-Step (0 seconds). 
calculate log likelihood 
convergence.check is 4.781299e-06 
Completing Iteration 19 (approx. per word bound = -31.147, relative change = 4.781e-06) 
......................................................................................................
Completed E-Step (8 seconds). 
Completed M-Step (0 seconds). 
calculate log likelihood 
convergence.check is 4.48792e-06 
Completing Iteration 20 (approx. per word bound = -31.147, relative change = 4.488e-06) 
Topic 1: Gene1067, Gene775, Gene1105, Gene717, Gene51 
 Topic 2: Gene146, Gene1405, Gene51, Gene917, Gene775 
 Topic 3: Gene146, Gene51, Gene404, Gene1402, Gene1105 
 Topic 4: Gene647, Gene1239, Gene146, Gene1484, Gene1405 
 Topic 5: Gene702, Gene146, Gene1266, Gene1483, Gene315 
......................................................................................................
Completed E-Step (8 seconds). 
Completed M-Step (0 seconds). 
calculate log likelihood 
convergence.check is 4.12033e-06 
Completing Iteration 21 (approx. per word bound = -31.147, relative change = 4.120e-06) 
......................................................................................................
Completed E-Step (8 seconds). 
Completed M-Step (0 seconds). 
calculate log likelihood 
convergence.check is 3.8645e-06 
Completing Iteration 22 (approx. per word bound = -31.146, relative change = 3.865e-06) 
......................................................................................................
Completed E-Step (8 seconds). 
Completed M-Step (0 seconds). 
calculate log likelihood 
convergence.check is 3.625196e-06 
Completing Iteration 23 (approx. per word bound = -31.146, relative change = 3.625e-06) 
......................................................................................................
Completed E-Step (7 seconds). 
Completed M-Step (0 seconds). 
calculate log likelihood 
convergence.check is 3.414185e-06 
Completing Iteration 24 (approx. per word bound = -31.146, relative change = 3.414e-06) 
......................................................................................................
Completed E-Step (7 seconds). 
Completed M-Step (0 seconds). 
calculate log likelihood 
convergence.check is 3.165454e-06 
Completing Iteration 25 (approx. per word bound = -31.146, relative change = 3.165e-06) 
Topic 1: Gene1067, Gene775, Gene1105, Gene717, Gene51 
 Topic 2: Gene146, Gene1405, Gene51, Gene917, Gene775 
 Topic 3: Gene146, Gene51, Gene404, Gene1402, Gene1105 
 Topic 4: Gene647, Gene1239, Gene146, Gene1484, Gene1405 
 Topic 5: Gene702, Gene146, Gene1266, Gene1483, Gene315 
......................................................................................................
Completed E-Step (7 seconds). 
Completed M-Step (0 seconds). 
calculate log likelihood 
convergence.check is 2.976394e-06 
Completing Iteration 26 (approx. per word bound = -31.146, relative change = 2.976e-06) 
......................................................................................................
Completed E-Step (7 seconds). 
Completed M-Step (0 seconds). 
calculate log likelihood 
convergence.check is 2.792594e-06 
Completing Iteration 27 (approx. per word bound = -31.146, relative change = 2.793e-06) 
......................................................................................................
Completed E-Step (7 seconds). 
Completed M-Step (0 seconds). 
calculate log likelihood 
convergence.check is 2.55829e-06 
Completing Iteration 28 (approx. per word bound = -31.146, relative change = 2.558e-06) 
......................................................................................................
Completed E-Step (7 seconds). 
Completed M-Step (0 seconds). 
calculate log likelihood 
convergence.check is 2.406475e-06 
Completing Iteration 29 (approx. per word bound = -31.146, relative change = 2.406e-06) 
......................................................................................................
Completed E-Step (7 seconds). 
Completed M-Step (0 seconds). 
calculate log likelihood 
convergence.check is 2.269283e-06 
Completing Iteration 30 (approx. per word bound = -31.146, relative change = 2.269e-06) 
Topic 1: Gene1067, Gene775, Gene1105, Gene717, Gene51 
 Topic 2: Gene146, Gene1405, Gene51, Gene917, Gene775 
 Topic 3: Gene146, Gene51, Gene404, Gene1402, Gene1105 
 Topic 4: Gene647, Gene1239, Gene146, Gene1484, Gene1405 
 Topic 5: Gene702, Gene146, Gene1266, Gene1483, Gene315 
......................................................................................................
Completed E-Step (6 seconds). 
Completed M-Step (0 seconds). 
calculate log likelihood 
convergence.check is 2.192716e-06 
Completing Iteration 31 (approx. per word bound = -31.146, relative change = 2.193e-06) 
......................................................................................................
Completed E-Step (7 seconds). 
Completed M-Step (0 seconds). 
calculate log likelihood 
convergence.check is 1.946853e-06 
Completing Iteration 32 (approx. per word bound = -31.146, relative change = 1.947e-06) 
......................................................................................................
Completed E-Step (6 seconds). 
Completed M-Step (0 seconds). 
calculate log likelihood 
convergence.check is 1.822296e-06 
Completing Iteration 33 (approx. per word bound = -31.146, relative change = 1.822e-06) 
......................................................................................................
Completed E-Step (6 seconds). 
Completed M-Step (0 seconds). 
calculate log likelihood 
convergence.check is 1.693434e-06 
Completing Iteration 34 (approx. per word bound = -31.145, relative change = 1.693e-06) 
......................................................................................................
Completed E-Step (6 seconds). 
Completed M-Step (0 seconds). 
calculate log likelihood 
convergence.check is 1.624554e-06 
Completing Iteration 35 (approx. per word bound = -31.145, relative change = 1.625e-06) 
Topic 1: Gene1067, Gene775, Gene1105, Gene717, Gene51 
 Topic 2: Gene146, Gene1405, Gene51, Gene917, Gene775 
 Topic 3: Gene146, Gene51, Gene404, Gene1402, Gene1105 
 Topic 4: Gene647, Gene1239, Gene146, Gene1484, Gene1405 
 Topic 5: Gene702, Gene146, Gene1266, Gene1483, Gene315 
......................................................................................................
Completed E-Step (6 seconds). 
Completed M-Step (0 seconds). 
calculate log likelihood 
convergence.check is 1.51526e-06 
Completing Iteration 36 (approx. per word bound = -31.145, relative change = 1.515e-06) 
......................................................................................................
Completed E-Step (6 seconds). 
Completed M-Step (0 seconds). 
calculate log likelihood 
convergence.check is 1.457482e-06 
Completing Iteration 37 (approx. per word bound = -31.145, relative change = 1.457e-06) 
......................................................................................................
Completed E-Step (6 seconds). 
Completed M-Step (0 seconds). 
calculate log likelihood 
convergence.check is 1.407667e-06 
Completing Iteration 38 (approx. per word bound = -31.145, relative change = 1.408e-06) 
......................................................................................................
Completed E-Step (6 seconds). 
Completed M-Step (0 seconds). 
calculate log likelihood 
convergence.check is 1.194918e-06 
Completing Iteration 39 (approx. per word bound = -31.145, relative change = 1.195e-06) 
......................................................................................................
Completed E-Step (5 seconds). 
Completed M-Step (0 seconds). 
calculate log likelihood 
convergence.check is 1.202059e-06 
Completing Iteration 40 (approx. per word bound = -31.145, relative change = 1.202e-06) 
Topic 1: Gene1067, Gene775, Gene1105, Gene717, Gene51 
 Topic 2: Gene146, Gene1405, Gene51, Gene917, Gene775 
 Topic 3: Gene146, Gene51, Gene404, Gene1402, Gene1105 
 Topic 4: Gene647, Gene1239, Gene146, Gene1484, Gene1405 
 Topic 5: Gene702, Gene146, Gene1266, Gene1483, Gene315 
......................................................................................................
Completed E-Step (5 seconds). 
Completed M-Step (0 seconds). 
calculate log likelihood 
convergence.check is 1.143067e-06 
Completing Iteration 41 (approx. per word bound = -31.145, relative change = 1.143e-06) 
......................................................................................................
Completed E-Step (5 seconds). 
Completed M-Step (0 seconds). 
calculate log likelihood 
convergence.check is 9.433396e-07 
Model Converged 
3 select model run 
Initialization with topicScore. 
Initializing factors using Topic SCORE algorithm.
Initializing loadings by running 10 SCD updates.
......................................................................................................
Completed E-Step (4 seconds). 
Completed M-Step (0 seconds). 
calculate log likelihood 
Completing Iteration 1 (approx. per word bound = -31.153) 
......................................................................................................
Completed E-Step (9 seconds). 
Completed M-Step (0 seconds). 
calculate log likelihood 
convergence.check is 1.642948e-05 
Completing Iteration 2 (approx. per word bound = -31.153, relative change = 1.643e-05) 
......................................................................................................
Completed E-Step (10 seconds). 
Completed M-Step (0 seconds). 
calculate log likelihood 
convergence.check is 1.253655e-05 
Completing Iteration 3 (approx. per word bound = -31.152, relative change = 1.254e-05) 
......................................................................................................
Completed E-Step (9 seconds). 
Completed M-Step (0 seconds). 
calculate log likelihood 
convergence.check is 1.18876e-05 
Completing Iteration 4 (approx. per word bound = -31.152, relative change = 1.189e-05) 
......................................................................................................
Completed E-Step (9 seconds). 
Completed M-Step (0 seconds). 
calculate log likelihood 
convergence.check is 1.125271e-05 
Completing Iteration 5 (approx. per word bound = -31.152, relative change = 1.125e-05) 
Topic 1: Gene51, Gene146, Gene404, Gene1402, Gene1105 
 Topic 2: Gene146, Gene1405, Gene917, Gene51, Gene1484 
 Topic 3: Gene647, Gene1239, Gene146, Gene1484, Gene1405 
 Topic 4: Gene1067, Gene775, Gene717, Gene1105, Gene51 
 Topic 5: Gene702, Gene146, Gene1266, Gene1483, Gene315 
......................................................................................................
Completed E-Step (9 seconds). 
Completed M-Step (0 seconds). 
calculate log likelihood 
convergence.check is 1.065991e-05 
Completing Iteration 6 (approx. per word bound = -31.151, relative change = 1.066e-05) 
......................................................................................................
Completed E-Step (9 seconds). 
Completed M-Step (0 seconds). 
calculate log likelihood 
convergence.check is 1.011629e-05 
Completing Iteration 7 (approx. per word bound = -31.151, relative change = 1.012e-05) 
......................................................................................................
Completed E-Step (9 seconds). 
Completed M-Step (0 seconds). 
calculate log likelihood 
convergence.check is 9.613776e-06 
Completing Iteration 8 (approx. per word bound = -31.151, relative change = 9.614e-06) 
......................................................................................................
Completed E-Step (9 seconds). 
Completed M-Step (0 seconds). 
calculate log likelihood 
convergence.check is 9.147007e-06 
Completing Iteration 9 (approx. per word bound = -31.151, relative change = 9.147e-06) 
......................................................................................................
Completed E-Step (9 seconds). 
Completed M-Step (0 seconds). 
calculate log likelihood 
convergence.check is 8.714578e-06 
Completing Iteration 10 (approx. per word bound = -31.150, relative change = 8.715e-06) 
Topic 1: Gene51, Gene146, Gene404, Gene1402, Gene1105 
 Topic 2: Gene146, Gene1405, Gene917, Gene51, Gene1484 
 Topic 3: Gene647, Gene1239, Gene146, Gene1484, Gene1405 
 Topic 4: Gene1067, Gene775, Gene717, Gene1105, Gene51 
 Topic 5: Gene702, Gene146, Gene1266, Gene1483, Gene315 
......................................................................................................
Completed E-Step (9 seconds). 
Completed M-Step (0 seconds). 
calculate log likelihood 
convergence.check is 8.30873e-06 
Completing Iteration 11 (approx. per word bound = -31.150, relative change = 8.309e-06) 
......................................................................................................
Completed E-Step (9 seconds). 
Completed M-Step (0 seconds). 
calculate log likelihood 
convergence.check is 7.934073e-06 
Completing Iteration 12 (approx. per word bound = -31.150, relative change = 7.934e-06) 
......................................................................................................
Completed E-Step (9 seconds). 
Completed M-Step (0 seconds). 
calculate log likelihood 
convergence.check is 7.578263e-06 
Completing Iteration 13 (approx. per word bound = -31.150, relative change = 7.578e-06) 
......................................................................................................
Completed E-Step (8 seconds). 
Completed M-Step (0 seconds). 
calculate log likelihood 
convergence.check is 7.244453e-06 
Completing Iteration 14 (approx. per word bound = -31.149, relative change = 7.244e-06) 
......................................................................................................
Completed E-Step (8 seconds). 
Completed M-Step (0 seconds). 
calculate log likelihood 
convergence.check is 6.928883e-06 
Completing Iteration 15 (approx. per word bound = -31.149, relative change = 6.929e-06) 
Topic 1: Gene51, Gene146, Gene404, Gene1402, Gene1105 
 Topic 2: Gene146, Gene1405, Gene51, Gene917, Gene1484 
 Topic 3: Gene647, Gene1239, Gene146, Gene1484, Gene1405 
 Topic 4: Gene1067, Gene775, Gene717, Gene1105, Gene51 
 Topic 5: Gene702, Gene146, Gene1266, Gene1483, Gene315 
......................................................................................................
Completed E-Step (8 seconds). 
Completed M-Step (0 seconds). 
calculate log likelihood 
convergence.check is 6.629244e-06 
Completing Iteration 16 (approx. per word bound = -31.149, relative change = 6.629e-06) 
......................................................................................................
Completed E-Step (8 seconds). 
Completed M-Step (0 seconds). 
calculate log likelihood 
convergence.check is 6.345105e-06 
Completing Iteration 17 (approx. per word bound = -31.149, relative change = 6.345e-06) 
......................................................................................................
Completed E-Step (8 seconds). 
Completed M-Step (0 seconds). 
calculate log likelihood 
convergence.check is 6.066946e-06 
Completing Iteration 18 (approx. per word bound = -31.148, relative change = 6.067e-06) 
......................................................................................................
Completed E-Step (8 seconds). 
Completed M-Step (0 seconds). 
calculate log likelihood 
convergence.check is 5.803895e-06 
Completing Iteration 19 (approx. per word bound = -31.148, relative change = 5.804e-06) 
......................................................................................................
Completed E-Step (8 seconds). 
Completed M-Step (0 seconds). 
calculate log likelihood 
convergence.check is 5.563519e-06 
Completing Iteration 20 (approx. per word bound = -31.148, relative change = 5.564e-06) 
Topic 1: Gene51, Gene146, Gene404, Gene1402, Gene1105 
 Topic 2: Gene146, Gene1405, Gene51, Gene917, Gene1484 
 Topic 3: Gene647, Gene1239, Gene146, Gene1484, Gene1405 
 Topic 4: Gene1067, Gene775, Gene717, Gene1105, Gene51 
 Topic 5: Gene702, Gene146, Gene1266, Gene1483, Gene315 
......................................................................................................
Completed E-Step (8 seconds). 
Completed M-Step (0 seconds). 
calculate log likelihood 
convergence.check is 5.294629e-06 
Completing Iteration 21 (approx. per word bound = -31.148, relative change = 5.295e-06) 
......................................................................................................
Completed E-Step (8 seconds). 
Completed M-Step (0 seconds). 
calculate log likelihood 
convergence.check is 5.086719e-06 
Completing Iteration 22 (approx. per word bound = -31.148, relative change = 5.087e-06) 
......................................................................................................
Completed E-Step (8 seconds). 
Completed M-Step (0 seconds). 
calculate log likelihood 
convergence.check is 4.83994e-06 
Completing Iteration 23 (approx. per word bound = -31.148, relative change = 4.840e-06) 
......................................................................................................
Completed E-Step (8 seconds). 
Completed M-Step (0 seconds). 
calculate log likelihood 
convergence.check is 4.639096e-06 
Completing Iteration 24 (approx. per word bound = -31.148, relative change = 4.639e-06) 
......................................................................................................
Completed E-Step (8 seconds). 
Completed M-Step (0 seconds). 
calculate log likelihood 
convergence.check is 4.456402e-06 
Completing Iteration 25 (approx. per word bound = -31.147, relative change = 4.456e-06) 
Topic 1: Gene51, Gene146, Gene404, Gene1402, Gene1105 
 Topic 2: Gene146, Gene1405, Gene51, Gene917, Gene1484 
 Topic 3: Gene647, Gene1239, Gene146, Gene1484, Gene1405 
 Topic 4: Gene1067, Gene775, Gene717, Gene1105, Gene51 
 Topic 5: Gene702, Gene146, Gene1266, Gene1483, Gene315 
......................................................................................................
Completed E-Step (8 seconds). 
Completed M-Step (0 seconds). 
calculate log likelihood 
convergence.check is 4.157875e-06 
Completing Iteration 26 (approx. per word bound = -31.147, relative change = 4.158e-06) 
......................................................................................................
Completed E-Step (8 seconds). 
Completed M-Step (0 seconds). 
calculate log likelihood 
convergence.check is 3.984198e-06 
Completing Iteration 27 (approx. per word bound = -31.147, relative change = 3.984e-06) 
......................................................................................................
Completed E-Step (7 seconds). 
Completed M-Step (0 seconds). 
calculate log likelihood 
convergence.check is 3.885013e-06 
Completing Iteration 28 (approx. per word bound = -31.147, relative change = 3.885e-06) 
......................................................................................................
Completed E-Step (8 seconds). 
Completed M-Step (0 seconds). 
calculate log likelihood 
convergence.check is 3.703329e-06 
Completing Iteration 29 (approx. per word bound = -31.147, relative change = 3.703e-06) 
......................................................................................................
Completed E-Step (7 seconds). 
Completed M-Step (0 seconds). 
calculate log likelihood 
convergence.check is 3.486589e-06 
Completing Iteration 30 (approx. per word bound = -31.147, relative change = 3.487e-06) 
Topic 1: Gene51, Gene146, Gene404, Gene1402, Gene1105 
 Topic 2: Gene146, Gene1405, Gene51, Gene917, Gene1484 
 Topic 3: Gene647, Gene1239, Gene146, Gene1484, Gene1405 
 Topic 4: Gene1067, Gene775, Gene717, Gene1105, Gene51 
 Topic 5: Gene702, Gene146, Gene1266, Gene1483, Gene315 
......................................................................................................
Completed E-Step (7 seconds). 
Completed M-Step (0 seconds). 
calculate log likelihood 
convergence.check is 3.363765e-06 
Completing Iteration 31 (approx. per word bound = -31.147, relative change = 3.364e-06) 
......................................................................................................
Completed E-Step (7 seconds). 
Completed M-Step (0 seconds). 
calculate log likelihood 
convergence.check is 3.129214e-06 
Completing Iteration 32 (approx. per word bound = -31.147, relative change = 3.129e-06) 
......................................................................................................
Completed E-Step (7 seconds). 
Completed M-Step (0 seconds). 
calculate log likelihood 
convergence.check is 2.981889e-06 
Completing Iteration 33 (approx. per word bound = -31.146, relative change = 2.982e-06) 
......................................................................................................
Completed E-Step (7 seconds). 
Completed M-Step (0 seconds). 
calculate log likelihood 
convergence.check is 2.796672e-06 
Completing Iteration 34 (approx. per word bound = -31.146, relative change = 2.797e-06) 
......................................................................................................
Completed E-Step (7 seconds). 
Completed M-Step (0 seconds). 
calculate log likelihood 
convergence.check is 2.79324e-06 
Completing Iteration 35 (approx. per word bound = -31.146, relative change = 2.793e-06) 
Topic 1: Gene146, Gene51, Gene404, Gene1402, Gene1105 
 Topic 2: Gene146, Gene1405, Gene51, Gene917, Gene1484 
 Topic 3: Gene647, Gene1239, Gene146, Gene1484, Gene1405 
 Topic 4: Gene1067, Gene775, Gene717, Gene1105, Gene51 
 Topic 5: Gene702, Gene146, Gene1266, Gene1483, Gene315 
......................................................................................................
Completed E-Step (7 seconds). 
Completed M-Step (0 seconds). 
calculate log likelihood 
convergence.check is 2.562229e-06 
Completing Iteration 36 (approx. per word bound = -31.146, relative change = 2.562e-06) 
......................................................................................................
Completed E-Step (7 seconds). 
Completed M-Step (0 seconds). 
calculate log likelihood 
convergence.check is 2.514928e-06 
Completing Iteration 37 (approx. per word bound = -31.146, relative change = 2.515e-06) 
......................................................................................................
Completed E-Step (7 seconds). 
Completed M-Step (0 seconds). 
calculate log likelihood 
convergence.check is 2.315706e-06 
Completing Iteration 38 (approx. per word bound = -31.146, relative change = 2.316e-06) 
......................................................................................................
Completed E-Step (7 seconds). 
Completed M-Step (0 seconds). 
calculate log likelihood 
convergence.check is 2.269894e-06 
Completing Iteration 39 (approx. per word bound = -31.146, relative change = 2.270e-06) 
......................................................................................................
Completed E-Step (7 seconds). 
Completed M-Step (0 seconds). 
calculate log likelihood 
convergence.check is 2.154653e-06 
Completing Iteration 40 (approx. per word bound = -31.146, relative change = 2.155e-06) 
Topic 1: Gene146, Gene51, Gene404, Gene1402, Gene1105 
 Topic 2: Gene146, Gene1405, Gene51, Gene917, Gene1484 
 Topic 3: Gene647, Gene1239, Gene146, Gene1484, Gene1405 
 Topic 4: Gene1067, Gene775, Gene717, Gene1105, Gene51 
 Topic 5: Gene702, Gene146, Gene1266, Gene1483, Gene315 
......................................................................................................
Completed E-Step (7 seconds). 
Completed M-Step (0 seconds). 
calculate log likelihood 
convergence.check is 2.019645e-06 
Completing Iteration 41 (approx. per word bound = -31.146, relative change = 2.020e-06) 
......................................................................................................
Completed E-Step (7 seconds). 
Completed M-Step (0 seconds). 
calculate log likelihood 
convergence.check is 1.870201e-06 
Completing Iteration 42 (approx. per word bound = -31.146, relative change = 1.870e-06) 
......................................................................................................
Completed E-Step (7 seconds). 
Completed M-Step (0 seconds). 
calculate log likelihood 
convergence.check is 1.866391e-06 
Completing Iteration 43 (approx. per word bound = -31.146, relative change = 1.866e-06) 
......................................................................................................
Completed E-Step (7 seconds). 
Completed M-Step (0 seconds). 
calculate log likelihood 
convergence.check is 1.677439e-06 
Completing Iteration 44 (approx. per word bound = -31.146, relative change = 1.677e-06) 
......................................................................................................
Completed E-Step (6 seconds). 
Completed M-Step (0 seconds). 
calculate log likelihood 
convergence.check is 1.67987e-06 
Completing Iteration 45 (approx. per word bound = -31.146, relative change = 1.680e-06) 
Topic 1: Gene146, Gene51, Gene404, Gene1402, Gene1105 
 Topic 2: Gene146, Gene1405, Gene51, Gene917, Gene1484 
 Topic 3: Gene647, Gene146, Gene1239, Gene1484, Gene1405 
 Topic 4: Gene1067, Gene775, Gene717, Gene1105, Gene51 
 Topic 5: Gene702, Gene146, Gene1266, Gene1483, Gene315 
......................................................................................................
Completed E-Step (8 seconds). 
Completed M-Step (0 seconds). 
calculate log likelihood 
convergence.check is 1.568187e-06 
Completing Iteration 46 (approx. per word bound = -31.146, relative change = 1.568e-06) 
......................................................................................................
Completed E-Step (6 seconds). 
Completed M-Step (0 seconds). 
calculate log likelihood 
convergence.check is 1.416195e-06 
Completing Iteration 47 (approx. per word bound = -31.146, relative change = 1.416e-06) 
......................................................................................................
Completed E-Step (6 seconds). 
Completed M-Step (0 seconds). 
calculate log likelihood 
convergence.check is 1.422007e-06 
Completing Iteration 48 (approx. per word bound = -31.146, relative change = 1.422e-06) 
......................................................................................................
Completed E-Step (6 seconds). 
Completed M-Step (0 seconds). 
calculate log likelihood 
convergence.check is 1.330639e-06 
Completing Iteration 49 (approx. per word bound = -31.145, relative change = 1.331e-06) 
......................................................................................................
Completed E-Step (6 seconds). 
Completed M-Step (0 seconds). 
calculate log likelihood 
convergence.check is 1.260997e-06 
Completing Iteration 50 (approx. per word bound = -31.145, relative change = 1.261e-06) 
Topic 1: Gene146, Gene51, Gene404, Gene1402, Gene1105 
 Topic 2: Gene146, Gene1405, Gene51, Gene917, Gene1484 
 Topic 3: Gene647, Gene146, Gene1239, Gene1484, Gene1405 
 Topic 4: Gene1067, Gene775, Gene717, Gene1105, Gene51 
 Topic 5: Gene702, Gene146, Gene1266, Gene1483, Gene315 
......................................................................................................
Completed E-Step (6 seconds). 
Completed M-Step (0 seconds). 
calculate log likelihood 
convergence.check is 1.189278e-06 
Completing Iteration 51 (approx. per word bound = -31.145, relative change = 1.189e-06) 
......................................................................................................
Completed E-Step (6 seconds). 
Completed M-Step (0 seconds). 
calculate log likelihood 
convergence.check is 1.067741e-06 
Completing Iteration 52 (approx. per word bound = -31.145, relative change = 1.068e-06) 
......................................................................................................
Completed E-Step (6 seconds). 
Completed M-Step (0 seconds). 
calculate log likelihood 
convergence.check is 1.076748e-06 
Completing Iteration 53 (approx. per word bound = -31.145, relative change = 1.077e-06) 
......................................................................................................
Completed E-Step (5 seconds). 
Completed M-Step (0 seconds). 
calculate log likelihood 
convergence.check is 1.00406e-06 
Completing Iteration 54 (approx. per word bound = -31.145, relative change = 1.004e-06) 
......................................................................................................
Completed E-Step (5 seconds). 
Completed M-Step (0 seconds). 
calculate log likelihood 
convergence.check is 9.495133e-07 
Model Converged 
