sims_1715991439_pos_L2_c5.rds 
Found 6 batches
Using null model in ComBat-seq.
Adjusting for 0 covariate(s) or covariate level(s)
Estimating dispersions
Fitting the GLM model
Shrinkage off - using GLM estimates for parameters
Adjusting the data
Batch Effect Removed 
        R/alignCorpus.R R/asSTMCorpus.R R/checkBeta.R R/cloud.R
value   ?               ?               ?             ?        
visible FALSE           FALSE           FALSE         FALSE    
        R/CompositionChange.R R/convertCorpus.R R/estimateEffect.R
value   ?                     ?                 ?                 
visible FALSE                 FALSE             FALSE             
        R/estimateMixedEffect.R R/exclusivity.R R/findThoughts.R R/findTopic.R
value   ?                       ?               ?                ?            
visible FALSE                   FALSE           FALSE            FALSE        
        R/fitNewDocuments.R R/heldout.R R/jeffreyskappa.R R/labelTopics.R
value   ?                   ?           ?                 ?              
visible FALSE               FALSE       FALSE             FALSE          
        R/makeDesignMatrix.R R/manyTopics.R R/multiSTM.R R/optimalK.R
value   ?                    ?              ?            ?           
visible FALSE                FALSE          FALSE        FALSE       
        R/permute.R R/plot.estimateEffect.R R/plot.fixedEffect.R
value   ?           ?                       ?                   
visible FALSE       FALSE                   FALSE               
        R/plot.searchK.R R/plot.STM.R R/plotModels.R R/plotQuote.R
value   ?                ?            ?              ?            
visible FALSE            FALSE        FALSE          FALSE        
        R/plotRemoved.R R/plottingutilfns.R R/plotTopicLoess.R
value   ?               ?                   ?                 
visible FALSE           FALSE               FALSE             
        R/prepDocuments.R R/prepsce.R R/produce_cmatrix.R R/RcppExports.R
value   ?                 ?           ?                   ?              
visible FALSE             FALSE       FALSE               FALSE          
        R/readCorpus.R R/residuals.R R/s.R R/sageLabels.R R/scSTM.R
value   ?              ?             ?     ?              ?        
visible FALSE          FALSE         FALSE FALSE          FALSE    
        R/selectModel.R R/semanticCoherence.R R/simBetas.R R/spectral.R
value   ?               ?                     ?            ?           
visible FALSE           FALSE                 FALSE        FALSE       
        R/stm-package.R R/stm.control.R R/STMbound.R R/STMconvergence.R
value   NULL            ?               ?            ?                 
visible TRUE            FALSE           FALSE        FALSE             
        R/STMestep.R R/STMfunctions.R R/STMinit.R R/STMinitLikelihood.R
value   ?            ?                ?           ?                    
visible FALSE        FALSE            FALSE       FALSE                
        R/STMlncpp.R R/STMmnreg.R R/STMmu.R R/STMoptbeta.R R/STMreport.R
value   ?            ?            ?         ?              ?            
visible FALSE        FALSE        FALSE     FALSE          FALSE        
        R/STMsigma.R R/STMsigs.R R/STMsubset.R R/summary.STM.R R/tau.R
value   ?            ?           ?             ?               ?      
visible FALSE        FALSE       FALSE         FALSE           FALSE  
        R/textProcessor.R R/thetaPosterior.R R/toLDAvis.R R/topicCorr.R
value   ?                 ?                  ?            ?            
visible FALSE             FALSE              FALSE        FALSE        
        R/topicLasso.R R/topicQuality.R R/writeLdac.R R/zzz.R
value   ?              ?                ?             ?      
visible FALSE          FALSE            FALSE         FALSE  
Removing 2 of 749 genes (2 of 1932800 tokens) due to frequency 
Your Dataset now has 3591 cells, 747 genes and 1932798 tokens. 
Casting net 
1 models in net 
Initialization with topicScore. 
Initializing factors using Topic SCORE algorithm.
Initializing loadings by running 10 SCD updates.
......................................................................................................
Completed E-Step (18 seconds). 
Completed M-Step (0 seconds). 
calculate log likelihood 
Completing Iteration 1 (approx. per word bound = -43.509) 
......................................................................................................
Completed E-Step (14 seconds). 
Completed M-Step (0 seconds). 
calculate log likelihood 
convergence.check is 0.0002718852 
Completing Iteration 2 (approx. per word bound = -43.497, relative change = 2.719e-04) 
......................................................................................................
Completed E-Step (14 seconds). 
Completed M-Step (0 seconds). 
calculate log likelihood 
convergence.check is 0.0002660962 
Model Terminated Before Convergence Reached 
2 models in net 
Initialization with topicScore. 
Initializing factors using Topic SCORE algorithm.
Initializing loadings by running 10 SCD updates.
......................................................................................................
Completed E-Step (16 seconds). 
Completed M-Step (0 seconds). 
calculate log likelihood 
Completing Iteration 1 (approx. per word bound = -43.432) 
......................................................................................................
Completed E-Step (15 seconds). 
Completed M-Step (0 seconds). 
calculate log likelihood 
convergence.check is 4.626969e-05 
Completing Iteration 2 (approx. per word bound = -43.430, relative change = 4.627e-05) 
......................................................................................................
Completed E-Step (14 seconds). 
Completed M-Step (0 seconds). 
calculate log likelihood 
convergence.check is 3.009835e-05 
Model Terminated Before Convergence Reached 
3 models in net 
Initialization with topicScore. 
Initializing factors using Topic SCORE algorithm.
Initializing loadings by running 10 SCD updates.
......................................................................................................
Completed E-Step (17 seconds). 
Completed M-Step (0 seconds). 
calculate log likelihood 
Completing Iteration 1 (approx. per word bound = -43.427) 
......................................................................................................
Completed E-Step (13 seconds). 
Completed M-Step (0 seconds). 
calculate log likelihood 
convergence.check is 3.506678e-05 
Completing Iteration 2 (approx. per word bound = -43.425, relative change = 3.507e-05) 
......................................................................................................
Completed E-Step (13 seconds). 
Completed M-Step (0 seconds). 
calculate log likelihood 
convergence.check is 2.206279e-05 
Model Terminated Before Convergence Reached 
4 models in net 
Initialization with topicScore. 
Initializing factors using Topic SCORE algorithm.
Initializing loadings by running 10 SCD updates.
......................................................................................................
Completed E-Step (15 seconds). 
Completed M-Step (0 seconds). 
calculate log likelihood 
Completing Iteration 1 (approx. per word bound = -43.488) 
......................................................................................................
Completed E-Step (14 seconds). 
Completed M-Step (0 seconds). 
calculate log likelihood 
convergence.check is 6.236218e-05 
Completing Iteration 2 (approx. per word bound = -43.486, relative change = 6.236e-05) 
......................................................................................................
Completed E-Step (14 seconds). 
Completed M-Step (0 seconds). 
calculate log likelihood 
convergence.check is 3.835523e-05 
Model Terminated Before Convergence Reached 
5 models in net 
Initialization with topicScore. 
Initializing factors using Topic SCORE algorithm.
Initializing loadings by running 10 SCD updates.
......................................................................................................
Completed E-Step (18 seconds). 
Completed M-Step (0 seconds). 
calculate log likelihood 
Completing Iteration 1 (approx. per word bound = -43.430) 
......................................................................................................
Completed E-Step (14 seconds). 
Completed M-Step (0 seconds). 
calculate log likelihood 
convergence.check is 2.858144e-05 
Completing Iteration 2 (approx. per word bound = -43.429, relative change = 2.858e-05) 
......................................................................................................
Completed E-Step (14 seconds). 
Completed M-Step (0 seconds). 
calculate log likelihood 
convergence.check is 2.220341e-05 
Model Terminated Before Convergence Reached 
6 models in net 
Initialization with topicScore. 
Initializing factors using Topic SCORE algorithm.
Initializing loadings by running 10 SCD updates.
......................................................................................................
Completed E-Step (15 seconds). 
Completed M-Step (0 seconds). 
calculate log likelihood 
Completing Iteration 1 (approx. per word bound = -43.428) 
......................................................................................................
Completed E-Step (14 seconds). 
Completed M-Step (0 seconds). 
calculate log likelihood 
convergence.check is 3.638407e-05 
Completing Iteration 2 (approx. per word bound = -43.426, relative change = 3.638e-05) 
......................................................................................................
Completed E-Step (14 seconds). 
Completed M-Step (0 seconds). 
calculate log likelihood 
convergence.check is 2.158643e-05 
Model Terminated Before Convergence Reached 
7 models in net 
Initialization with topicScore. 
Initializing factors using Topic SCORE algorithm.
Initializing loadings by running 10 SCD updates.
......................................................................................................
Completed E-Step (16 seconds). 
Completed M-Step (0 seconds). 
calculate log likelihood 
Completing Iteration 1 (approx. per word bound = -43.429) 
......................................................................................................
Completed E-Step (15 seconds). 
Completed M-Step (0 seconds). 
calculate log likelihood 
convergence.check is 3.03938e-05 
Completing Iteration 2 (approx. per word bound = -43.428, relative change = 3.039e-05) 
......................................................................................................
Completed E-Step (15 seconds). 
Completed M-Step (0 seconds). 
calculate log likelihood 
convergence.check is 2.386199e-05 
Model Terminated Before Convergence Reached 
8 models in net 
Initialization with topicScore. 
Initializing factors using Topic SCORE algorithm.
Initializing loadings by running 10 SCD updates.
......................................................................................................
Completed E-Step (15 seconds). 
Completed M-Step (0 seconds). 
calculate log likelihood 
Completing Iteration 1 (approx. per word bound = -43.427) 
......................................................................................................
Completed E-Step (15 seconds). 
Completed M-Step (0 seconds). 
calculate log likelihood 
convergence.check is 2.563565e-05 
Completing Iteration 2 (approx. per word bound = -43.426, relative change = 2.564e-05) 
......................................................................................................
Completed E-Step (15 seconds). 
Completed M-Step (0 seconds). 
calculate log likelihood 
convergence.check is 1.888024e-05 
Model Terminated Before Convergence Reached 
9 models in net 
Initialization with topicScore. 
Initializing factors using Topic SCORE algorithm.
Initializing loadings by running 10 SCD updates.
......................................................................................................
Completed E-Step (15 seconds). 
Completed M-Step (0 seconds). 
calculate log likelihood 
Completing Iteration 1 (approx. per word bound = -43.428) 
......................................................................................................
Completed E-Step (15 seconds). 
Completed M-Step (0 seconds). 
calculate log likelihood 
convergence.check is 3.660164e-05 
Completing Iteration 2 (approx. per word bound = -43.426, relative change = 3.660e-05) 
......................................................................................................
Completed E-Step (14 seconds). 
Completed M-Step (0 seconds). 
calculate log likelihood 
convergence.check is 2.111306e-05 
Model Terminated Before Convergence Reached 
10 models in net 
Initialization with topicScore. 
Initializing factors using Topic SCORE algorithm.
Initializing loadings by running 10 SCD updates.
......................................................................................................
Completed E-Step (16 seconds). 
Completed M-Step (0 seconds). 
calculate log likelihood 
Completing Iteration 1 (approx. per word bound = -43.426) 
......................................................................................................
Completed E-Step (14 seconds). 
Completed M-Step (0 seconds). 
calculate log likelihood 
convergence.check is 2.580078e-05 
Completing Iteration 2 (approx. per word bound = -43.425, relative change = 2.580e-05) 
......................................................................................................
Completed E-Step (14 seconds). 
Completed M-Step (0 seconds). 
calculate log likelihood 
convergence.check is 1.901844e-05 
Model Terminated Before Convergence Reached 
11 models in net 
Beginning Spectral Initialization 
	 Calculating the gram matrix...
	 Finding anchor words...
 	.....
	 Recovering initialization...
 	.......
Initialization complete.
......................................................................................................
Completed E-Step (25 seconds). 
Completed M-Step (0 seconds). 
calculate log likelihood 
Completing Iteration 1 (approx. per word bound = -43.497) 
......................................................................................................
Completed E-Step (15 seconds). 
Completed M-Step (0 seconds). 
calculate log likelihood 
convergence.check is 0.001367574 
Completing Iteration 2 (approx. per word bound = -43.437, relative change = 1.368e-03) 
......................................................................................................
Completed E-Step (13 seconds). 
Completed M-Step (0 seconds). 
calculate log likelihood 
convergence.check is 0.000418716 
Model Terminated Before Convergence Reached 
12 models in net 
Beginning Random Initialization 
Initialization with Poisson NMF 
......................................................................................................
Completed E-Step (24 seconds). 
Completed M-Step (0 seconds). 
calculate log likelihood 
Completing Iteration 1 (approx. per word bound = -55.624) 
......................................................................................................
Completed E-Step (14 seconds). 
Completed M-Step (0 seconds). 
calculate log likelihood 
convergence.check is 0.2161835 
Completing Iteration 2 (approx. per word bound = -43.599, relative change = 2.162e-01) 
......................................................................................................
Completed E-Step (14 seconds). 
Completed M-Step (0 seconds). 
calculate log likelihood 
convergence.check is 0.0003094067 
Model Terminated Before Convergence Reached 
13 models in net 
Beginning Random Initialization 
Initialization with Poisson NMF 
......................................................................................................
Completed E-Step (23 seconds). 
Completed M-Step (0 seconds). 
calculate log likelihood 
Completing Iteration 1 (approx. per word bound = -55.631) 
......................................................................................................
Completed E-Step (14 seconds). 
Completed M-Step (0 seconds). 
calculate log likelihood 
convergence.check is 0.2162284 
Completing Iteration 2 (approx. per word bound = -43.602, relative change = 2.162e-01) 
......................................................................................................
Completed E-Step (14 seconds). 
Completed M-Step (0 seconds). 
calculate log likelihood 
convergence.check is 0.0002832768 
Model Terminated Before Convergence Reached 
14 models in net 
Beginning Random Initialization 
Initialization with Poisson NMF 
......................................................................................................
Completed E-Step (24 seconds). 
Completed M-Step (0 seconds). 
calculate log likelihood 
Completing Iteration 1 (approx. per word bound = -55.832) 
......................................................................................................
Completed E-Step (15 seconds). 
Completed M-Step (0 seconds). 
calculate log likelihood 
convergence.check is 0.2192845 
Completing Iteration 2 (approx. per word bound = -43.589, relative change = 2.193e-01) 
......................................................................................................
Completed E-Step (15 seconds). 
Completed M-Step (0 seconds). 
calculate log likelihood 
convergence.check is 0.0004368811 
Model Terminated Before Convergence Reached 
15 models in net 
Beginning Random Initialization 
Initialization with Poisson NMF 
......................................................................................................
Completed E-Step (25 seconds). 
Completed M-Step (0 seconds). 
calculate log likelihood 
Completing Iteration 1 (approx. per word bound = -55.843) 
......................................................................................................
Completed E-Step (16 seconds). 
Completed M-Step (0 seconds). 
calculate log likelihood 
convergence.check is 0.2190803 
Completing Iteration 2 (approx. per word bound = -43.609, relative change = 2.191e-01) 
......................................................................................................
Completed E-Step (15 seconds). 
Completed M-Step (0 seconds). 
calculate log likelihood 
convergence.check is 0.0002789032 
Model Terminated Before Convergence Reached 
16 models in net 
Beginning Random Initialization 
Initialization with Poisson NMF 
......................................................................................................
Completed E-Step (23 seconds). 
Completed M-Step (0 seconds). 
calculate log likelihood 
Completing Iteration 1 (approx. per word bound = -56.383) 
......................................................................................................
Completed E-Step (14 seconds). 
Completed M-Step (0 seconds). 
calculate log likelihood 
convergence.check is 0.2266192 
Completing Iteration 2 (approx. per word bound = -43.606, relative change = 2.266e-01) 
......................................................................................................
Completed E-Step (15 seconds). 
Completed M-Step (0 seconds). 
calculate log likelihood 
convergence.check is 0.0001381795 
Model Terminated Before Convergence Reached 
17 models in net 
Beginning Random Initialization 
Initialization with Poisson NMF 
......................................................................................................
Completed E-Step (24 seconds). 
Completed M-Step (0 seconds). 
calculate log likelihood 
Completing Iteration 1 (approx. per word bound = -56.096) 
......................................................................................................
Completed E-Step (14 seconds). 
Completed M-Step (0 seconds). 
calculate log likelihood 
convergence.check is 0.2227658 
Completing Iteration 2 (approx. per word bound = -43.600, relative change = 2.228e-01) 
......................................................................................................
Completed E-Step (14 seconds). 
Completed M-Step (0 seconds). 
calculate log likelihood 
convergence.check is 0.0002867596 
Model Terminated Before Convergence Reached 
18 models in net 
Beginning Random Initialization 
Initialization with Poisson NMF 
......................................................................................................
Completed E-Step (22 seconds). 
Completed M-Step (0 seconds). 
calculate log likelihood 
Completing Iteration 1 (approx. per word bound = -55.915) 
......................................................................................................
Completed E-Step (15 seconds). 
Completed M-Step (0 seconds). 
calculate log likelihood 
convergence.check is 0.2204284 
Completing Iteration 2 (approx. per word bound = -43.590, relative change = 2.204e-01) 
......................................................................................................
Completed E-Step (15 seconds). 
Completed M-Step (0 seconds). 
calculate log likelihood 
convergence.check is 0.0002522642 
Model Terminated Before Convergence Reached 
19 models in net 
Beginning Random Initialization 
Initialization with Poisson NMF 
......................................................................................................
Completed E-Step (25 seconds). 
Completed M-Step (0 seconds). 
calculate log likelihood 
Completing Iteration 1 (approx. per word bound = -55.995) 
......................................................................................................
Completed E-Step (16 seconds). 
Completed M-Step (0 seconds). 
calculate log likelihood 
convergence.check is 0.2213372 
Completing Iteration 2 (approx. per word bound = -43.601, relative change = 2.213e-01) 
......................................................................................................
Completed E-Step (14 seconds). 
Completed M-Step (0 seconds). 
calculate log likelihood 
convergence.check is 0.0001509168 
Model Terminated Before Convergence Reached 
20 models in net 
Beginning Random Initialization 
Initialization with Poisson NMF 
......................................................................................................
Completed E-Step (23 seconds). 
Completed M-Step (0 seconds). 
calculate log likelihood 
Completing Iteration 1 (approx. per word bound = -55.511) 
......................................................................................................
Completed E-Step (15 seconds). 
Completed M-Step (0 seconds). 
calculate log likelihood 
convergence.check is 0.2145463 
Completing Iteration 2 (approx. per word bound = -43.601, relative change = 2.145e-01) 
......................................................................................................
Completed E-Step (14 seconds). 
Completed M-Step (0 seconds). 
calculate log likelihood 
convergence.check is 0.000288544 
Model Terminated Before Convergence Reached 
21 models in net 
Beginning Random Initialization 
Initialization with Poisson NMF 
......................................................................................................
Completed E-Step (24 seconds). 
Completed M-Step (0 seconds). 
calculate log likelihood 
Completing Iteration 1 (approx. per word bound = -55.881) 
......................................................................................................
Completed E-Step (14 seconds). 
Completed M-Step (0 seconds). 
calculate log likelihood 
convergence.check is 0.2196847 
Completing Iteration 2 (approx. per word bound = -43.605, relative change = 2.197e-01) 
......................................................................................................
Completed E-Step (15 seconds). 
Completed M-Step (0 seconds). 
calculate log likelihood 
convergence.check is 0.0001627765 
Model Terminated Before Convergence Reached 
Running select models 
1 select model run 
Beginning Spectral Initialization 
	 Calculating the gram matrix...
	 Finding anchor words...
 	.....
	 Recovering initialization...
 	.......
Initialization complete.
......................................................................................................
Completed E-Step (25 seconds). 
Completed M-Step (0 seconds). 
calculate log likelihood 
Completing Iteration 1 (approx. per word bound = -43.497) 
......................................................................................................
Completed E-Step (15 seconds). 
Completed M-Step (0 seconds). 
calculate log likelihood 
convergence.check is 0.001367574 
Completing Iteration 2 (approx. per word bound = -43.437, relative change = 1.368e-03) 
......................................................................................................
Completed E-Step (13 seconds). 
Completed M-Step (0 seconds). 
calculate log likelihood 
convergence.check is 0.000418716 
Completing Iteration 3 (approx. per word bound = -43.419, relative change = 4.187e-04) 
......................................................................................................
Completed E-Step (11 seconds). 
Completed M-Step (0 seconds). 
calculate log likelihood 
convergence.check is 0.0001582876 
Completing Iteration 4 (approx. per word bound = -43.412, relative change = 1.583e-04) 
......................................................................................................
Completed E-Step (10 seconds). 
Completed M-Step (0 seconds). 
calculate log likelihood 
convergence.check is 7.172734e-05 
Completing Iteration 5 (approx. per word bound = -43.409, relative change = 7.173e-05) 
Topic 1: Gene1221, Gene1072, Gene1393, Gene983, Gene1041 
 Topic 2: Gene1079, Gene1436, Gene966, Gene1393, Gene76 
 Topic 3: Gene966, Gene1393, Gene983, Gene1041, Gene1310 
 Topic 4: Gene983, Gene1393, Gene1072, Gene1041, Gene1310 
 Topic 5: Gene1436, Gene1072, Gene1221, Gene983, Gene1393 
......................................................................................................
Completed E-Step (10 seconds). 
Completed M-Step (0 seconds). 
calculate log likelihood 
convergence.check is 3.269967e-05 
Completing Iteration 6 (approx. per word bound = -43.408, relative change = 3.270e-05) 
......................................................................................................
Completed E-Step (9 seconds). 
Completed M-Step (0 seconds). 
calculate log likelihood 
convergence.check is 1.45302e-05 
Completing Iteration 7 (approx. per word bound = -43.407, relative change = 1.453e-05) 
......................................................................................................
Completed E-Step (9 seconds). 
Completed M-Step (0 seconds). 
calculate log likelihood 
convergence.check is 8.939031e-06 
Completing Iteration 8 (approx. per word bound = -43.407, relative change = 8.939e-06) 
......................................................................................................
Completed E-Step (9 seconds). 
Completed M-Step (0 seconds). 
calculate log likelihood 
convergence.check is 3.641547e-06 
Completing Iteration 9 (approx. per word bound = -43.407, relative change = 3.642e-06) 
......................................................................................................
Completed E-Step (8 seconds). 
Completed M-Step (0 seconds). 
calculate log likelihood 
convergence.check is 1.568368e-06 
Completing Iteration 10 (approx. per word bound = -43.406, relative change = 1.568e-06) 
Topic 1: Gene1221, Gene1072, Gene1393, Gene983, Gene1041 
 Topic 2: Gene1079, Gene1436, Gene966, Gene76, Gene1393 
 Topic 3: Gene966, Gene1393, Gene983, Gene1041, Gene1310 
 Topic 4: Gene1072, Gene983, Gene1393, Gene1041, Gene1310 
 Topic 5: Gene1436, Gene1072, Gene983, Gene1393, Gene1041 
......................................................................................................
Completed E-Step (8 seconds). 
Completed M-Step (0 seconds). 
calculate log likelihood 
convergence.check is 1.26787e-06 
Completing Iteration 11 (approx. per word bound = -43.406, relative change = 1.268e-06) 
......................................................................................................
Completed E-Step (7 seconds). 
Completed M-Step (0 seconds). 
calculate log likelihood 
convergence.check is 7.435638e-07 
Model Converged 
2 select model run 
Initialization with topicScore. 
Initializing factors using Topic SCORE algorithm.
Initializing loadings by running 10 SCD updates.
......................................................................................................
Completed E-Step (15 seconds). 
Completed M-Step (0 seconds). 
calculate log likelihood 
Completing Iteration 1 (approx. per word bound = -43.426) 
......................................................................................................
Completed E-Step (15 seconds). 
Completed M-Step (0 seconds). 
calculate log likelihood 
convergence.check is 2.580078e-05 
Completing Iteration 2 (approx. per word bound = -43.425, relative change = 2.580e-05) 
......................................................................................................
Completed E-Step (15 seconds). 
Completed M-Step (0 seconds). 
calculate log likelihood 
convergence.check is 1.901844e-05 
Completing Iteration 3 (approx. per word bound = -43.424, relative change = 1.902e-05) 
......................................................................................................
Completed E-Step (15 seconds). 
Completed M-Step (0 seconds). 
calculate log likelihood 
convergence.check is 1.679938e-05 
Completing Iteration 4 (approx. per word bound = -43.423, relative change = 1.680e-05) 
......................................................................................................
Completed E-Step (15 seconds). 
Completed M-Step (0 seconds). 
calculate log likelihood 
convergence.check is 1.491155e-05 
Completing Iteration 5 (approx. per word bound = -43.423, relative change = 1.491e-05) 
Topic 1: Gene1072, Gene983, Gene1041, Gene276, Gene1310 
 Topic 2: Gene1436, Gene1072, Gene983, Gene1041, Gene1310 
 Topic 3: Gene1221, Gene1072, Gene1231, Gene986, Gene983 
 Topic 4: Gene966, Gene844, Gene983, Gene1041, Gene276 
 Topic 5: Gene1079, Gene76, Gene1436, Gene966, Gene1393 
......................................................................................................
Completed E-Step (15 seconds). 
Completed M-Step (0 seconds). 
calculate log likelihood 
convergence.check is 1.303327e-05 
Completing Iteration 6 (approx. per word bound = -43.422, relative change = 1.303e-05) 
......................................................................................................
Completed E-Step (14 seconds). 
Completed M-Step (0 seconds). 
calculate log likelihood 
convergence.check is 1.158356e-05 
Completing Iteration 7 (approx. per word bound = -43.422, relative change = 1.158e-05) 
......................................................................................................
Completed E-Step (14 seconds). 
Completed M-Step (0 seconds). 
calculate log likelihood 
convergence.check is 1.027009e-05 
Completing Iteration 8 (approx. per word bound = -43.421, relative change = 1.027e-05) 
......................................................................................................
Completed E-Step (14 seconds). 
Completed M-Step (0 seconds). 
calculate log likelihood 
convergence.check is 9.237142e-06 
Completing Iteration 9 (approx. per word bound = -43.421, relative change = 9.237e-06) 
......................................................................................................
Completed E-Step (14 seconds). 
Completed M-Step (0 seconds). 
calculate log likelihood 
convergence.check is 8.534089e-06 
Completing Iteration 10 (approx. per word bound = -43.420, relative change = 8.534e-06) 
Topic 1: Gene1072, Gene983, Gene1041, Gene276, Gene1310 
 Topic 2: Gene1436, Gene1072, Gene983, Gene1041, Gene1310 
 Topic 3: Gene1221, Gene1072, Gene1231, Gene986, Gene983 
 Topic 4: Gene966, Gene844, Gene983, Gene1041, Gene276 
 Topic 5: Gene1079, Gene76, Gene1436, Gene966, Gene1393 
......................................................................................................
Completed E-Step (13 seconds). 
Completed M-Step (0 seconds). 
calculate log likelihood 
convergence.check is 7.750797e-06 
Completing Iteration 11 (approx. per word bound = -43.420, relative change = 7.751e-06) 
......................................................................................................
Completed E-Step (13 seconds). 
Completed M-Step (0 seconds). 
calculate log likelihood 
convergence.check is 6.692772e-06 
Completing Iteration 12 (approx. per word bound = -43.420, relative change = 6.693e-06) 
......................................................................................................
Completed E-Step (13 seconds). 
Completed M-Step (0 seconds). 
calculate log likelihood 
convergence.check is 6.425771e-06 
Completing Iteration 13 (approx. per word bound = -43.419, relative change = 6.426e-06) 
......................................................................................................
Completed E-Step (12 seconds). 
Completed M-Step (0 seconds). 
calculate log likelihood 
convergence.check is 5.873809e-06 
Completing Iteration 14 (approx. per word bound = -43.419, relative change = 5.874e-06) 
......................................................................................................
Completed E-Step (12 seconds). 
Completed M-Step (0 seconds). 
calculate log likelihood 
convergence.check is 5.519845e-06 
Completing Iteration 15 (approx. per word bound = -43.419, relative change = 5.520e-06) 
Topic 1: Gene1072, Gene983, Gene1041, Gene276, Gene1310 
 Topic 2: Gene1436, Gene1072, Gene983, Gene1310, Gene1041 
 Topic 3: Gene1221, Gene1072, Gene1231, Gene983, Gene1041 
 Topic 4: Gene966, Gene983, Gene1041, Gene844, Gene276 
 Topic 5: Gene1079, Gene76, Gene1436, Gene966, Gene1393 
......................................................................................................
Completed E-Step (12 seconds). 
Completed M-Step (0 seconds). 
calculate log likelihood 
convergence.check is 4.961518e-06 
Completing Iteration 16 (approx. per word bound = -43.419, relative change = 4.962e-06) 
......................................................................................................
Completed E-Step (12 seconds). 
Completed M-Step (0 seconds). 
calculate log likelihood 
convergence.check is 4.618533e-06 
Completing Iteration 17 (approx. per word bound = -43.418, relative change = 4.619e-06) 
......................................................................................................
Completed E-Step (12 seconds). 
Completed M-Step (0 seconds). 
calculate log likelihood 
convergence.check is 4.271388e-06 
Completing Iteration 18 (approx. per word bound = -43.418, relative change = 4.271e-06) 
......................................................................................................
Completed E-Step (11 seconds). 
Completed M-Step (0 seconds). 
calculate log likelihood 
convergence.check is 4.016907e-06 
Completing Iteration 19 (approx. per word bound = -43.418, relative change = 4.017e-06) 
......................................................................................................
Completed E-Step (11 seconds). 
Completed M-Step (0 seconds). 
calculate log likelihood 
convergence.check is 3.812822e-06 
Completing Iteration 20 (approx. per word bound = -43.418, relative change = 3.813e-06) 
Topic 1: Gene1072, Gene1041, Gene983, Gene276, Gene1310 
 Topic 2: Gene1436, Gene1072, Gene1310, Gene983, Gene1041 
 Topic 3: Gene1221, Gene1072, Gene1231, Gene983, Gene1041 
 Topic 4: Gene966, Gene1041, Gene983, Gene844, Gene276 
 Topic 5: Gene1079, Gene1436, Gene76, Gene966, Gene1393 
......................................................................................................
Completed E-Step (11 seconds). 
Completed M-Step (0 seconds). 
calculate log likelihood 
convergence.check is 3.546508e-06 
Completing Iteration 21 (approx. per word bound = -43.418, relative change = 3.547e-06) 
......................................................................................................
Completed E-Step (11 seconds). 
Completed M-Step (0 seconds). 
calculate log likelihood 
convergence.check is 3.337289e-06 
Completing Iteration 22 (approx. per word bound = -43.418, relative change = 3.337e-06) 
......................................................................................................
Completed E-Step (11 seconds). 
Completed M-Step (0 seconds). 
calculate log likelihood 
convergence.check is 3.203668e-06 
Completing Iteration 23 (approx. per word bound = -43.418, relative change = 3.204e-06) 
......................................................................................................
Completed E-Step (10 seconds). 
Completed M-Step (0 seconds). 
calculate log likelihood 
convergence.check is 2.860671e-06 
Completing Iteration 24 (approx. per word bound = -43.417, relative change = 2.861e-06) 
......................................................................................................
Completed E-Step (10 seconds). 
Completed M-Step (0 seconds). 
calculate log likelihood 
convergence.check is 2.826115e-06 
Completing Iteration 25 (approx. per word bound = -43.417, relative change = 2.826e-06) 
Topic 1: Gene1072, Gene1041, Gene983, Gene276, Gene1310 
 Topic 2: Gene1436, Gene1072, Gene1310, Gene1041, Gene983 
 Topic 3: Gene1221, Gene1072, Gene1231, Gene1041, Gene983 
 Topic 4: Gene966, Gene1041, Gene983, Gene844, Gene276 
 Topic 5: Gene1079, Gene1436, Gene76, Gene966, Gene1393 
......................................................................................................
Completed E-Step (10 seconds). 
Completed M-Step (0 seconds). 
calculate log likelihood 
convergence.check is 2.620023e-06 
Completing Iteration 26 (approx. per word bound = -43.417, relative change = 2.620e-06) 
......................................................................................................
Completed E-Step (10 seconds). 
Completed M-Step (0 seconds). 
calculate log likelihood 
convergence.check is 2.545437e-06 
Completing Iteration 27 (approx. per word bound = -43.417, relative change = 2.545e-06) 
......................................................................................................
Completed E-Step (10 seconds). 
Completed M-Step (0 seconds). 
calculate log likelihood 
convergence.check is 2.416282e-06 
Completing Iteration 28 (approx. per word bound = -43.417, relative change = 2.416e-06) 
......................................................................................................
Completed E-Step (9 seconds). 
Completed M-Step (0 seconds). 
calculate log likelihood 
convergence.check is 2.242467e-06 
Completing Iteration 29 (approx. per word bound = -43.417, relative change = 2.242e-06) 
......................................................................................................
Completed E-Step (9 seconds). 
Completed M-Step (0 seconds). 
calculate log likelihood 
convergence.check is 2.135452e-06 
Completing Iteration 30 (approx. per word bound = -43.417, relative change = 2.135e-06) 
Topic 1: Gene1041, Gene1072, Gene276, Gene983, Gene1310 
 Topic 2: Gene1436, Gene1072, Gene1310, Gene1041, Gene983 
 Topic 3: Gene1221, Gene1072, Gene1041, Gene983, Gene1231 
 Topic 4: Gene966, Gene1041, Gene983, Gene844, Gene276 
 Topic 5: Gene1079, Gene1436, Gene76, Gene966, Gene1393 
......................................................................................................
Completed E-Step (9 seconds). 
Completed M-Step (0 seconds). 
calculate log likelihood 
convergence.check is 2.094594e-06 
Completing Iteration 31 (approx. per word bound = -43.417, relative change = 2.095e-06) 
......................................................................................................
Completed E-Step (9 seconds). 
Completed M-Step (0 seconds). 
calculate log likelihood 
convergence.check is 2.008971e-06 
Completing Iteration 32 (approx. per word bound = -43.417, relative change = 2.009e-06) 
......................................................................................................
Completed E-Step (9 seconds). 
Completed M-Step (0 seconds). 
calculate log likelihood 
convergence.check is 1.844874e-06 
Completing Iteration 33 (approx. per word bound = -43.417, relative change = 1.845e-06) 
......................................................................................................
Completed E-Step (9 seconds). 
Completed M-Step (0 seconds). 
calculate log likelihood 
convergence.check is 1.83997e-06 
Completing Iteration 34 (approx. per word bound = -43.416, relative change = 1.840e-06) 
......................................................................................................
Completed E-Step (8 seconds). 
Completed M-Step (0 seconds). 
calculate log likelihood 
convergence.check is 1.700943e-06 
Completing Iteration 35 (approx. per word bound = -43.416, relative change = 1.701e-06) 
Topic 1: Gene1041, Gene1072, Gene276, Gene983, Gene1310 
 Topic 2: Gene1436, Gene1072, Gene1310, Gene1041, Gene983 
 Topic 3: Gene1221, Gene1072, Gene1041, Gene983, Gene1231 
 Topic 4: Gene966, Gene1041, Gene983, Gene844, Gene276 
 Topic 5: Gene1079, Gene1436, Gene76, Gene966, Gene1393 
......................................................................................................
Completed E-Step (8 seconds). 
Completed M-Step (0 seconds). 
calculate log likelihood 
convergence.check is 1.633177e-06 
Completing Iteration 36 (approx. per word bound = -43.416, relative change = 1.633e-06) 
......................................................................................................
Completed E-Step (8 seconds). 
Completed M-Step (0 seconds). 
calculate log likelihood 
convergence.check is 1.604777e-06 
Completing Iteration 37 (approx. per word bound = -43.416, relative change = 1.605e-06) 
......................................................................................................
Completed E-Step (8 seconds). 
Completed M-Step (0 seconds). 
calculate log likelihood 
convergence.check is 1.475699e-06 
Completing Iteration 38 (approx. per word bound = -43.416, relative change = 1.476e-06) 
......................................................................................................
Completed E-Step (8 seconds). 
Completed M-Step (0 seconds). 
calculate log likelihood 
convergence.check is 1.473647e-06 
Completing Iteration 39 (approx. per word bound = -43.416, relative change = 1.474e-06) 
......................................................................................................
Completed E-Step (8 seconds). 
Completed M-Step (0 seconds). 
calculate log likelihood 
convergence.check is 1.436583e-06 
Completing Iteration 40 (approx. per word bound = -43.416, relative change = 1.437e-06) 
Topic 1: Gene1041, Gene1072, Gene276, Gene983, Gene1310 
 Topic 2: Gene1436, Gene1072, Gene1310, Gene1041, Gene983 
 Topic 3: Gene1221, Gene1072, Gene1041, Gene983, Gene1231 
 Topic 4: Gene966, Gene1041, Gene983, Gene844, Gene276 
 Topic 5: Gene1079, Gene1436, Gene76, Gene966, Gene1393 
......................................................................................................
Completed E-Step (8 seconds). 
Completed M-Step (0 seconds). 
calculate log likelihood 
convergence.check is 1.362333e-06 
Completing Iteration 41 (approx. per word bound = -43.416, relative change = 1.362e-06) 
......................................................................................................
Completed E-Step (8 seconds). 
Completed M-Step (0 seconds). 
calculate log likelihood 
convergence.check is 1.209706e-06 
Completing Iteration 42 (approx. per word bound = -43.416, relative change = 1.210e-06) 
......................................................................................................
Completed E-Step (8 seconds). 
Completed M-Step (0 seconds). 
calculate log likelihood 
convergence.check is 1.242804e-06 
Completing Iteration 43 (approx. per word bound = -43.416, relative change = 1.243e-06) 
......................................................................................................
Completed E-Step (7 seconds). 
Completed M-Step (0 seconds). 
calculate log likelihood 
convergence.check is 1.17756e-06 
Completing Iteration 44 (approx. per word bound = -43.416, relative change = 1.178e-06) 
......................................................................................................
Completed E-Step (7 seconds). 
Completed M-Step (0 seconds). 
calculate log likelihood 
convergence.check is 1.107098e-06 
Completing Iteration 45 (approx. per word bound = -43.416, relative change = 1.107e-06) 
Topic 1: Gene1041, Gene1072, Gene276, Gene983, Gene1310 
 Topic 2: Gene1436, Gene1072, Gene1310, Gene1041, Gene983 
 Topic 3: Gene1221, Gene1072, Gene1041, Gene983, Gene986 
 Topic 4: Gene966, Gene1041, Gene983, Gene844, Gene276 
 Topic 5: Gene1079, Gene1436, Gene76, Gene966, Gene1393 
......................................................................................................
Completed E-Step (7 seconds). 
Completed M-Step (0 seconds). 
calculate log likelihood 
convergence.check is 1.018197e-06 
Completing Iteration 46 (approx. per word bound = -43.416, relative change = 1.018e-06) 
......................................................................................................
Completed E-Step (8 seconds). 
Completed M-Step (0 seconds). 
calculate log likelihood 
convergence.check is 1.025281e-06 
Completing Iteration 47 (approx. per word bound = -43.416, relative change = 1.025e-06) 
......................................................................................................
Completed E-Step (7 seconds). 
Completed M-Step (0 seconds). 
calculate log likelihood 
convergence.check is 9.939562e-07 
Model Converged 
3 select model run 
Initialization with topicScore. 
Initializing factors using Topic SCORE algorithm.
Initializing loadings by running 10 SCD updates.
......................................................................................................
Completed E-Step (17 seconds). 
Completed M-Step (0 seconds). 
calculate log likelihood 
Completing Iteration 1 (approx. per word bound = -43.427) 
......................................................................................................
Completed E-Step (14 seconds). 
Completed M-Step (0 seconds). 
calculate log likelihood 
convergence.check is 3.506678e-05 
Completing Iteration 2 (approx. per word bound = -43.425, relative change = 3.507e-05) 
......................................................................................................
Completed E-Step (14 seconds). 
Completed M-Step (0 seconds). 
calculate log likelihood 
convergence.check is 2.206279e-05 
Completing Iteration 3 (approx. per word bound = -43.424, relative change = 2.206e-05) 
......................................................................................................
Completed E-Step (14 seconds). 
Completed M-Step (0 seconds). 
calculate log likelihood 
convergence.check is 1.854496e-05 
Completing Iteration 4 (approx. per word bound = -43.423, relative change = 1.854e-05) 
......................................................................................................
Completed E-Step (14 seconds). 
Completed M-Step (0 seconds). 
calculate log likelihood 
convergence.check is 1.614614e-05 
Completing Iteration 5 (approx. per word bound = -43.423, relative change = 1.615e-05) 
Topic 1: Gene1072, Gene983, Gene1041, Gene1221, Gene1310 
 Topic 2: Gene1221, Gene1072, Gene983, Gene1041, Gene1310 
 Topic 3: Gene1436, Gene276, Gene1072, Gene983, Gene1041 
 Topic 4: Gene966, Gene844, Gene983, Gene1041, Gene1393 
 Topic 5: Gene1079, Gene76, Gene966, Gene1436, Gene1393 
......................................................................................................
Completed E-Step (14 seconds). 
Completed M-Step (0 seconds). 
calculate log likelihood 
convergence.check is 1.446875e-05 
Completing Iteration 6 (approx. per word bound = -43.422, relative change = 1.447e-05) 
......................................................................................................
Completed E-Step (14 seconds). 
Completed M-Step (0 seconds). 
calculate log likelihood 
convergence.check is 1.293671e-05 
Completing Iteration 7 (approx. per word bound = -43.422, relative change = 1.294e-05) 
......................................................................................................
Completed E-Step (14 seconds). 
Completed M-Step (0 seconds). 
calculate log likelihood 
convergence.check is 1.175193e-05 
Completing Iteration 8 (approx. per word bound = -43.421, relative change = 1.175e-05) 
......................................................................................................
Completed E-Step (14 seconds). 
Completed M-Step (0 seconds). 
calculate log likelihood 
convergence.check is 1.069077e-05 
Completing Iteration 9 (approx. per word bound = -43.421, relative change = 1.069e-05) 
......................................................................................................
Completed E-Step (14 seconds). 
Completed M-Step (0 seconds). 
calculate log likelihood 
convergence.check is 9.914229e-06 
Completing Iteration 10 (approx. per word bound = -43.420, relative change = 9.914e-06) 
Topic 1: Gene1072, Gene983, Gene1041, Gene1221, Gene1310 
 Topic 2: Gene1221, Gene1072, Gene983, Gene1041, Gene1310 
 Topic 3: Gene1436, Gene276, Gene1072, Gene983, Gene1041 
 Topic 4: Gene966, Gene983, Gene844, Gene1041, Gene1393 
 Topic 5: Gene1079, Gene76, Gene1436, Gene966, Gene1393 
......................................................................................................
Completed E-Step (14 seconds). 
Completed M-Step (0 seconds). 
calculate log likelihood 
convergence.check is 8.773232e-06 
Completing Iteration 11 (approx. per word bound = -43.420, relative change = 8.773e-06) 
......................................................................................................
Completed E-Step (14 seconds). 
Completed M-Step (0 seconds). 
calculate log likelihood 
convergence.check is 8.325891e-06 
Completing Iteration 12 (approx. per word bound = -43.419, relative change = 8.326e-06) 
......................................................................................................
Completed E-Step (14 seconds). 
Completed M-Step (0 seconds). 
calculate log likelihood 
convergence.check is 7.378397e-06 
Completing Iteration 13 (approx. per word bound = -43.419, relative change = 7.378e-06) 
......................................................................................................
Completed E-Step (13 seconds). 
Completed M-Step (0 seconds). 
calculate log likelihood 
convergence.check is 6.920376e-06 
Completing Iteration 14 (approx. per word bound = -43.419, relative change = 6.920e-06) 
......................................................................................................
Completed E-Step (13 seconds). 
Completed M-Step (0 seconds). 
calculate log likelihood 
convergence.check is 6.659915e-06 
Completing Iteration 15 (approx. per word bound = -43.418, relative change = 6.660e-06) 
Topic 1: Gene1072, Gene1041, Gene983, Gene1221, Gene1310 
 Topic 2: Gene1221, Gene1072, Gene1310, Gene1041, Gene983 
 Topic 3: Gene1436, Gene1072, Gene276, Gene983, Gene1041 
 Topic 4: Gene966, Gene1041, Gene983, Gene844, Gene1310 
 Topic 5: Gene1079, Gene76, Gene1436, Gene966, Gene1393 
......................................................................................................
Completed E-Step (13 seconds). 
Completed M-Step (0 seconds). 
calculate log likelihood 
convergence.check is 5.637484e-06 
Completing Iteration 16 (approx. per word bound = -43.418, relative change = 5.637e-06) 
......................................................................................................
Completed E-Step (13 seconds). 
Completed M-Step (0 seconds). 
calculate log likelihood 
convergence.check is 5.516934e-06 
Completing Iteration 17 (approx. per word bound = -43.418, relative change = 5.517e-06) 
......................................................................................................
Completed E-Step (13 seconds). 
Completed M-Step (0 seconds). 
calculate log likelihood 
convergence.check is 5.340287e-06 
Completing Iteration 18 (approx. per word bound = -43.418, relative change = 5.340e-06) 
......................................................................................................
Completed E-Step (13 seconds). 
Completed M-Step (0 seconds). 
calculate log likelihood 
convergence.check is 4.52997e-06 
Completing Iteration 19 (approx. per word bound = -43.418, relative change = 4.530e-06) 
......................................................................................................
Completed E-Step (12 seconds). 
Completed M-Step (0 seconds). 
calculate log likelihood 
convergence.check is 4.525132e-06 
Completing Iteration 20 (approx. per word bound = -43.417, relative change = 4.525e-06) 
Topic 1: Gene1072, Gene1041, Gene983, Gene1221, Gene1310 
 Topic 2: Gene1221, Gene1072, Gene1310, Gene1041, Gene983 
 Topic 3: Gene1436, Gene1072, Gene276, Gene1041, Gene983 
 Topic 4: Gene966, Gene1041, Gene844, Gene983, Gene1310 
 Topic 5: Gene1079, Gene76, Gene1436, Gene966, Gene1393 
......................................................................................................
Completed E-Step (13 seconds). 
Completed M-Step (0 seconds). 
calculate log likelihood 
convergence.check is 4.219099e-06 
Completing Iteration 21 (approx. per word bound = -43.417, relative change = 4.219e-06) 
......................................................................................................
Completed E-Step (12 seconds). 
Completed M-Step (0 seconds). 
calculate log likelihood 
convergence.check is 3.911771e-06 
Completing Iteration 22 (approx. per word bound = -43.417, relative change = 3.912e-06) 
......................................................................................................
Completed E-Step (12 seconds). 
Completed M-Step (0 seconds). 
calculate log likelihood 
convergence.check is 3.715454e-06 
Completing Iteration 23 (approx. per word bound = -43.417, relative change = 3.715e-06) 
......................................................................................................
Completed E-Step (13 seconds). 
Completed M-Step (0 seconds). 
calculate log likelihood 
convergence.check is 3.48271e-06 
Completing Iteration 24 (approx. per word bound = -43.417, relative change = 3.483e-06) 
......................................................................................................
Completed E-Step (11 seconds). 
Completed M-Step (0 seconds). 
calculate log likelihood 
convergence.check is 3.286298e-06 
Completing Iteration 25 (approx. per word bound = -43.417, relative change = 3.286e-06) 
Topic 1: Gene1072, Gene1041, Gene983, Gene1310, Gene1221 
 Topic 2: Gene1221, Gene1072, Gene1310, Gene1041, Gene983 
 Topic 3: Gene1436, Gene1072, Gene276, Gene1041, Gene983 
 Topic 4: Gene966, Gene1041, Gene844, Gene983, Gene1310 
 Topic 5: Gene1079, Gene76, Gene1436, Gene966, Gene1393 
......................................................................................................
Completed E-Step (11 seconds). 
Completed M-Step (0 seconds). 
calculate log likelihood 
convergence.check is 3.045773e-06 
Completing Iteration 26 (approx. per word bound = -43.416, relative change = 3.046e-06) 
......................................................................................................
Completed E-Step (11 seconds). 
Completed M-Step (0 seconds). 
calculate log likelihood 
convergence.check is 3.062126e-06 
Completing Iteration 27 (approx. per word bound = -43.416, relative change = 3.062e-06) 
......................................................................................................
Completed E-Step (11 seconds). 
Completed M-Step (0 seconds). 
calculate log likelihood 
convergence.check is 2.798009e-06 
Completing Iteration 28 (approx. per word bound = -43.416, relative change = 2.798e-06) 
......................................................................................................
Completed E-Step (11 seconds). 
Completed M-Step (0 seconds). 
calculate log likelihood 
convergence.check is 2.423251e-06 
Completing Iteration 29 (approx. per word bound = -43.416, relative change = 2.423e-06) 
......................................................................................................
Completed E-Step (10 seconds). 
Completed M-Step (0 seconds). 
calculate log likelihood 
convergence.check is 2.488307e-06 
Completing Iteration 30 (approx. per word bound = -43.416, relative change = 2.488e-06) 
Topic 1: Gene1072, Gene1041, Gene983, Gene1310, Gene1221 
 Topic 2: Gene1221, Gene1072, Gene1310, Gene1041, Gene983 
 Topic 3: Gene1436, Gene1072, Gene276, Gene1041, Gene983 
 Topic 4: Gene966, Gene1041, Gene844, Gene983, Gene1310 
 Topic 5: Gene1079, Gene76, Gene1436, Gene966, Gene1393 
......................................................................................................
Completed E-Step (10 seconds). 
Completed M-Step (0 seconds). 
calculate log likelihood 
convergence.check is 2.241463e-06 
Completing Iteration 31 (approx. per word bound = -43.416, relative change = 2.241e-06) 
......................................................................................................
Completed E-Step (10 seconds). 
Completed M-Step (0 seconds). 
calculate log likelihood 
convergence.check is 2.206385e-06 
Completing Iteration 32 (approx. per word bound = -43.416, relative change = 2.206e-06) 
......................................................................................................
Completed E-Step (10 seconds). 
Completed M-Step (0 seconds). 
calculate log likelihood 
convergence.check is 2.006373e-06 
Completing Iteration 33 (approx. per word bound = -43.416, relative change = 2.006e-06) 
......................................................................................................
Completed E-Step (10 seconds). 
Completed M-Step (0 seconds). 
calculate log likelihood 
convergence.check is 2.035543e-06 
Completing Iteration 34 (approx. per word bound = -43.416, relative change = 2.036e-06) 
......................................................................................................
Completed E-Step (9 seconds). 
Completed M-Step (0 seconds). 
calculate log likelihood 
convergence.check is 1.862403e-06 
Completing Iteration 35 (approx. per word bound = -43.416, relative change = 1.862e-06) 
Topic 1: Gene1072, Gene1041, Gene983, Gene1310, Gene138 
 Topic 2: Gene1221, Gene1072, Gene1310, Gene1041, Gene983 
 Topic 3: Gene1436, Gene1072, Gene276, Gene1041, Gene983 
 Topic 4: Gene966, Gene1041, Gene844, Gene983, Gene1310 
 Topic 5: Gene1079, Gene76, Gene1436, Gene966, Gene1393 
......................................................................................................
Completed E-Step (9 seconds). 
Completed M-Step (0 seconds). 
calculate log likelihood 
convergence.check is 1.712889e-06 
Completing Iteration 36 (approx. per word bound = -43.415, relative change = 1.713e-06) 
......................................................................................................
Completed E-Step (10 seconds). 
Completed M-Step (0 seconds). 
calculate log likelihood 
convergence.check is 1.786809e-06 
Completing Iteration 37 (approx. per word bound = -43.415, relative change = 1.787e-06) 
......................................................................................................
Completed E-Step (9 seconds). 
Completed M-Step (0 seconds). 
calculate log likelihood 
convergence.check is 1.4798e-06 
Completing Iteration 38 (approx. per word bound = -43.415, relative change = 1.480e-06) 
......................................................................................................
Completed E-Step (9 seconds). 
Completed M-Step (0 seconds). 
calculate log likelihood 
convergence.check is 1.563149e-06 
Completing Iteration 39 (approx. per word bound = -43.415, relative change = 1.563e-06) 
......................................................................................................
Completed E-Step (9 seconds). 
Completed M-Step (0 seconds). 
calculate log likelihood 
convergence.check is 1.397458e-06 
Completing Iteration 40 (approx. per word bound = -43.415, relative change = 1.397e-06) 
Topic 1: Gene1072, Gene1041, Gene1310, Gene983, Gene138 
 Topic 2: Gene1221, Gene1072, Gene1310, Gene1041, Gene983 
 Topic 3: Gene1436, Gene1072, Gene276, Gene1041, Gene983 
 Topic 4: Gene966, Gene1041, Gene844, Gene983, Gene1310 
 Topic 5: Gene1079, Gene76, Gene1436, Gene966, Gene1393 
......................................................................................................
Completed E-Step (9 seconds). 
Completed M-Step (0 seconds). 
calculate log likelihood 
convergence.check is 1.442632e-06 
Completing Iteration 41 (approx. per word bound = -43.415, relative change = 1.443e-06) 
......................................................................................................
Completed E-Step (9 seconds). 
Completed M-Step (0 seconds). 
calculate log likelihood 
convergence.check is 1.311077e-06 
Completing Iteration 42 (approx. per word bound = -43.415, relative change = 1.311e-06) 
......................................................................................................
Completed E-Step (9 seconds). 
Completed M-Step (0 seconds). 
calculate log likelihood 
convergence.check is 1.254987e-06 
Completing Iteration 43 (approx. per word bound = -43.415, relative change = 1.255e-06) 
......................................................................................................
Completed E-Step (9 seconds). 
Completed M-Step (0 seconds). 
calculate log likelihood 
convergence.check is 1.135629e-06 
Completing Iteration 44 (approx. per word bound = -43.415, relative change = 1.136e-06) 
......................................................................................................
Completed E-Step (9 seconds). 
Completed M-Step (0 seconds). 
calculate log likelihood 
convergence.check is 1.229909e-06 
Completing Iteration 45 (approx. per word bound = -43.415, relative change = 1.230e-06) 
Topic 1: Gene1072, Gene1041, Gene1310, Gene983, Gene138 
 Topic 2: Gene1221, Gene1072, Gene1310, Gene1041, Gene983 
 Topic 3: Gene1436, Gene1072, Gene276, Gene1041, Gene983 
 Topic 4: Gene966, Gene844, Gene1041, Gene1310, Gene983 
 Topic 5: Gene1079, Gene76, Gene966, Gene1436, Gene1393 
......................................................................................................
Completed E-Step (9 seconds). 
Completed M-Step (0 seconds). 
calculate log likelihood 
convergence.check is 1.016179e-06 
Completing Iteration 46 (approx. per word bound = -43.415, relative change = 1.016e-06) 
......................................................................................................
Completed E-Step (9 seconds). 
Completed M-Step (0 seconds). 
calculate log likelihood 
convergence.check is 1.063853e-06 
Completing Iteration 47 (approx. per word bound = -43.415, relative change = 1.064e-06) 
......................................................................................................
Completed E-Step (8 seconds). 
Completed M-Step (0 seconds). 
calculate log likelihood 
convergence.check is 9.982177e-07 
Model Converged 
