sims_1715756502_neg_L1_c3.rds 
Found 10 batches
Using null model in ComBat-seq.
Adjusting for 0 covariate(s) or covariate level(s)
Estimating dispersions
Fitting the GLM model
Shrinkage off - using GLM estimates for parameters
Adjusting the data
Batch Effect Removed 
        R/alignCorpus.R R/asSTMCorpus.R R/checkBeta.R R/cloud.R
value   ?               ?               ?             ?        
visible FALSE           FALSE           FALSE         FALSE    
        R/CompositionChange.R R/convertCorpus.R R/estimateEffect.R
value   ?                     ?                 ?                 
visible FALSE                 FALSE             FALSE             
        R/estimateMixedEffect.R R/exclusivity.R R/findThoughts.R R/findTopic.R
value   ?                       ?               ?                ?            
visible FALSE                   FALSE           FALSE            FALSE        
        R/fitNewDocuments.R R/heldout.R R/jeffreyskappa.R R/labelTopics.R
value   ?                   ?           ?                 ?              
visible FALSE               FALSE       FALSE             FALSE          
        R/makeDesignMatrix.R R/manyTopics.R R/multiSTM.R R/optimalK.R
value   ?                    ?              ?            ?           
visible FALSE                FALSE          FALSE        FALSE       
        R/permute.R R/plot.estimateEffect.R R/plot.fixedEffect.R
value   ?           ?                       ?                   
visible FALSE       FALSE                   FALSE               
        R/plot.searchK.R R/plot.STM.R R/plotModels.R R/plotQuote.R
value   ?                ?            ?              ?            
visible FALSE            FALSE        FALSE          FALSE        
        R/plotRemoved.R R/plottingutilfns.R R/plotTopicLoess.R
value   ?               ?                   ?                 
visible FALSE           FALSE               FALSE             
        R/prepDocuments.R R/prepsce.R R/produce_cmatrix.R R/RcppExports.R
value   ?                 ?           ?                   ?              
visible FALSE             FALSE       FALSE               FALSE          
        R/readCorpus.R R/residuals.R R/s.R R/sageLabels.R R/scSTM.R
value   ?              ?             ?     ?              ?        
visible FALSE          FALSE         FALSE FALSE          FALSE    
        R/selectModel.R R/semanticCoherence.R R/simBetas.R R/spectral.R
value   ?               ?                     ?            ?           
visible FALSE           FALSE                 FALSE        FALSE       
        R/stm-package.R R/stm.control.R R/STMbound.R R/STMconvergence.R
value   NULL            ?               ?            ?                 
visible TRUE            FALSE           FALSE        FALSE             
        R/STMestep.R R/STMfunctions.R R/STMinit.R R/STMinitLikelihood.R
value   ?            ?                ?           ?                    
visible FALSE        FALSE            FALSE       FALSE                
        R/STMlncpp.R R/STMmnreg.R R/STMmu.R R/STMoptbeta.R R/STMreport.R
value   ?            ?            ?         ?              ?            
visible FALSE        FALSE        FALSE     FALSE          FALSE        
        R/STMsigma.R R/STMsigs.R R/STMsubset.R R/summary.STM.R R/tau.R
value   ?            ?           ?             ?               ?      
visible FALSE        FALSE       FALSE         FALSE           FALSE  
        R/textProcessor.R R/thetaPosterior.R R/toLDAvis.R R/topicCorr.R
value   ?                 ?                  ?            ?            
visible FALSE             FALSE              FALSE        FALSE        
        R/topicLasso.R R/topicQuality.R R/writeLdac.R R/zzz.R
value   ?              ?                ?             ?      
visible FALSE          FALSE            FALSE         FALSE  
Removing 1 of 860 genes (1 of 1189064 tokens) due to frequency 
Your Dataset now has 1992 cells, 859 genes and 1189063 tokens. 
Casting net 
1 models in net 
Initialization with topicScore. 
Initializing factors using Topic SCORE algorithm.
Initializing loadings by running 10 SCD updates.
........................................................................................................
Completed E-Step (6 seconds). 
Completed M-Step (0 seconds). 
calculate log likelihood 
Completing Iteration 1 (approx. per word bound = -47.055) 
........................................................................................................
Completed E-Step (5 seconds). 
Completed M-Step (0 seconds). 
calculate log likelihood 
convergence.check is 0.2779126 
Completing Iteration 2 (approx. per word bound = -33.977, relative change = 2.779e-01) 
........................................................................................................
Completed E-Step (5 seconds). 
Completed M-Step (0 seconds). 
calculate log likelihood 
convergence.check is 1.713191e-05 
Model Terminated Before Convergence Reached 
2 models in net 
Initialization with topicScore. 
Initializing factors using Topic SCORE algorithm.
Initializing loadings by running 10 SCD updates.
........................................................................................................
Completed E-Step (2 seconds). 
Completed M-Step (0 seconds). 
calculate log likelihood 
Completing Iteration 1 (approx. per word bound = -42.807) 
........................................................................................................
Completed E-Step (5 seconds). 
Completed M-Step (0 seconds). 
calculate log likelihood 
convergence.check is 0.2063977 
Completing Iteration 2 (approx. per word bound = -33.971, relative change = 2.064e-01) 
........................................................................................................
Completed E-Step (5 seconds). 
Completed M-Step (0 seconds). 
calculate log likelihood 
convergence.check is 4.829964e-06 
Model Terminated Before Convergence Reached 
3 models in net 
Initialization with topicScore. 
Initializing factors using Topic SCORE algorithm.
Initializing loadings by running 10 SCD updates.
........................................................................................................
Completed E-Step (2 seconds). 
Completed M-Step (0 seconds). 
calculate log likelihood 
Completing Iteration 1 (approx. per word bound = -42.778) 
........................................................................................................
Completed E-Step (4 seconds). 
Completed M-Step (0 seconds). 
calculate log likelihood 
convergence.check is 0.2059334 
Completing Iteration 2 (approx. per word bound = -33.968, relative change = 2.059e-01) 
........................................................................................................
Completed E-Step (4 seconds). 
Completed M-Step (0 seconds). 
calculate log likelihood 
convergence.check is 3.646592e-06 
Model Terminated Before Convergence Reached 
4 models in net 
Initialization with topicScore. 
Initializing factors using Topic SCORE algorithm.
Initializing loadings by running 10 SCD updates.
........................................................................................................
Completed E-Step (5 seconds). 
Completed M-Step (0 seconds). 
calculate log likelihood 
Completing Iteration 1 (approx. per word bound = -42.847) 
........................................................................................................
Completed E-Step (4 seconds). 
Completed M-Step (0 seconds). 
calculate log likelihood 
convergence.check is 0.207196 
Completing Iteration 2 (approx. per word bound = -33.970, relative change = 2.072e-01) 
........................................................................................................
Completed E-Step (4 seconds). 
Completed M-Step (0 seconds). 
calculate log likelihood 
convergence.check is 5.021769e-06 
Model Terminated Before Convergence Reached 
5 models in net 
Initialization with topicScore. 
Initializing factors using Topic SCORE algorithm.
Initializing loadings by running 10 SCD updates.
........................................................................................................
Completed E-Step (3 seconds). 
Completed M-Step (0 seconds). 
calculate log likelihood 
Completing Iteration 1 (approx. per word bound = -42.689) 
........................................................................................................
Completed E-Step (4 seconds). 
Completed M-Step (0 seconds). 
calculate log likelihood 
convergence.check is 0.2042821 
Completing Iteration 2 (approx. per word bound = -33.968, relative change = 2.043e-01) 
........................................................................................................
Completed E-Step (4 seconds). 
Completed M-Step (0 seconds). 
calculate log likelihood 
convergence.check is 3.718277e-06 
Model Terminated Before Convergence Reached 
6 models in net 
Initialization with topicScore. 
Initializing factors using Topic SCORE algorithm.
Initializing loadings by running 10 SCD updates.
........................................................................................................
Completed E-Step (5 seconds). 
Completed M-Step (0 seconds). 
calculate log likelihood 
Completing Iteration 1 (approx. per word bound = -43.356) 
........................................................................................................
Completed E-Step (4 seconds). 
Completed M-Step (0 seconds). 
calculate log likelihood 
convergence.check is 0.2165067 
Completing Iteration 2 (approx. per word bound = -33.970, relative change = 2.165e-01) 
........................................................................................................
Completed E-Step (4 seconds). 
Completed M-Step (0 seconds). 
calculate log likelihood 
convergence.check is 5.34284e-06 
Model Terminated Before Convergence Reached 
7 models in net 
Initialization with topicScore. 
Initializing factors using Topic SCORE algorithm.
Initializing loadings by running 10 SCD updates.
........................................................................................................
Completed E-Step (4 seconds). 
Completed M-Step (0 seconds). 
calculate log likelihood 
Completing Iteration 1 (approx. per word bound = -43.357) 
........................................................................................................
Completed E-Step (4 seconds). 
Completed M-Step (0 seconds). 
calculate log likelihood 
convergence.check is 0.2165144 
Completing Iteration 2 (approx. per word bound = -33.970, relative change = 2.165e-01) 
........................................................................................................
Completed E-Step (5 seconds). 
Completed M-Step (0 seconds). 
calculate log likelihood 
convergence.check is 5.359332e-06 
Model Terminated Before Convergence Reached 
8 models in net 
Initialization with topicScore. 
Initializing factors using Topic SCORE algorithm.
Initializing loadings by running 10 SCD updates.
........................................................................................................
Completed E-Step (5 seconds). 
Completed M-Step (0 seconds). 
calculate log likelihood 
Completing Iteration 1 (approx. per word bound = -42.980) 
........................................................................................................
Completed E-Step (4 seconds). 
Completed M-Step (0 seconds). 
calculate log likelihood 
convergence.check is 0.2096366 
Completing Iteration 2 (approx. per word bound = -33.970, relative change = 2.096e-01) 
........................................................................................................
Completed E-Step (4 seconds). 
Completed M-Step (0 seconds). 
calculate log likelihood 
convergence.check is 5.337991e-06 
Model Terminated Before Convergence Reached 
9 models in net 
Initialization with topicScore. 
Initializing factors using Topic SCORE algorithm.
Initializing loadings by running 10 SCD updates.
........................................................................................................
Completed E-Step (2 seconds). 
Completed M-Step (0 seconds). 
calculate log likelihood 
Completing Iteration 1 (approx. per word bound = -42.778) 
........................................................................................................
Completed E-Step (4 seconds). 
Completed M-Step (0 seconds). 
calculate log likelihood 
convergence.check is 0.2059334 
Completing Iteration 2 (approx. per word bound = -33.968, relative change = 2.059e-01) 
........................................................................................................
Completed E-Step (4 seconds). 
Completed M-Step (0 seconds). 
calculate log likelihood 
convergence.check is 3.646596e-06 
Model Terminated Before Convergence Reached 
10 models in net 
Initialization with topicScore. 
Initializing factors using Topic SCORE algorithm.
Initializing loadings by running 10 SCD updates.
........................................................................................................
Completed E-Step (5 seconds). 
Completed M-Step (0 seconds). 
calculate log likelihood 
Completing Iteration 1 (approx. per word bound = -43.356) 
........................................................................................................
Completed E-Step (4 seconds). 
Completed M-Step (0 seconds). 
calculate log likelihood 
convergence.check is 0.2165067 
Completing Iteration 2 (approx. per word bound = -33.970, relative change = 2.165e-01) 
........................................................................................................
Completed E-Step (4 seconds). 
Completed M-Step (0 seconds). 
calculate log likelihood 
convergence.check is 5.34284e-06 
Model Terminated Before Convergence Reached 
11 models in net 
Initialization with topicScore. 
Initializing factors using Topic SCORE algorithm.
Initializing loadings by running 10 SCD updates.
........................................................................................................
Completed E-Step (4 seconds). 
Completed M-Step (0 seconds). 
calculate log likelihood 
Completing Iteration 1 (approx. per word bound = -43.373) 
........................................................................................................
Completed E-Step (5 seconds). 
Completed M-Step (0 seconds). 
calculate log likelihood 
convergence.check is 0.2168156 
Completing Iteration 2 (approx. per word bound = -33.969, relative change = 2.168e-01) 
........................................................................................................
Completed E-Step (5 seconds). 
Completed M-Step (0 seconds). 
calculate log likelihood 
convergence.check is 5.244664e-06 
Model Terminated Before Convergence Reached 
12 models in net 
Initialization with topicScore. 
Initializing factors using Topic SCORE algorithm.
Initializing loadings by running 10 SCD updates.
........................................................................................................
Completed E-Step (5 seconds). 
Completed M-Step (0 seconds). 
calculate log likelihood 
Completing Iteration 1 (approx. per word bound = -43.357) 
........................................................................................................
Completed E-Step (6 seconds). 
Completed M-Step (0 seconds). 
calculate log likelihood 
convergence.check is 0.2165144 
Completing Iteration 2 (approx. per word bound = -33.970, relative change = 2.165e-01) 
........................................................................................................
Completed E-Step (4 seconds). 
Completed M-Step (0 seconds). 
calculate log likelihood 
convergence.check is 5.359332e-06 
Model Terminated Before Convergence Reached 
13 models in net 
Initialization with topicScore. 
Initializing factors using Topic SCORE algorithm.
Initializing loadings by running 10 SCD updates.
........................................................................................................
Completed E-Step (2 seconds). 
Completed M-Step (0 seconds). 
calculate log likelihood 
Completing Iteration 1 (approx. per word bound = -42.778) 
........................................................................................................
Completed E-Step (4 seconds). 
Completed M-Step (0 seconds). 
calculate log likelihood 
convergence.check is 0.2059334 
Completing Iteration 2 (approx. per word bound = -33.968, relative change = 2.059e-01) 
........................................................................................................
Completed E-Step (4 seconds). 
Completed M-Step (0 seconds). 
calculate log likelihood 
convergence.check is 3.646592e-06 
Model Terminated Before Convergence Reached 
14 models in net 
Initialization with topicScore. 
Initializing factors using Topic SCORE algorithm.
Initializing loadings by running 10 SCD updates.
........................................................................................................
Completed E-Step (4 seconds). 
Completed M-Step (0 seconds). 
calculate log likelihood 
Completing Iteration 1 (approx. per word bound = -42.643) 
........................................................................................................
Completed E-Step (5 seconds). 
Completed M-Step (0 seconds). 
calculate log likelihood 
convergence.check is 0.2034216 
Completing Iteration 2 (approx. per word bound = -33.968, relative change = 2.034e-01) 
........................................................................................................
Completed E-Step (5 seconds). 
Completed M-Step (0 seconds). 
calculate log likelihood 
convergence.check is 4.621223e-06 
Model Terminated Before Convergence Reached 
15 models in net 
Initialization with topicScore. 
Initializing factors using Topic SCORE algorithm.
Initializing loadings by running 10 SCD updates.
........................................................................................................
Completed E-Step (2 seconds). 
Completed M-Step (0 seconds). 
calculate log likelihood 
Completing Iteration 1 (approx. per word bound = -42.642) 
........................................................................................................
Completed E-Step (5 seconds). 
Completed M-Step (0 seconds). 
calculate log likelihood 
convergence.check is 0.2033849 
Completing Iteration 2 (approx. per word bound = -33.969, relative change = 2.034e-01) 
........................................................................................................
Completed E-Step (5 seconds). 
Completed M-Step (0 seconds). 
calculate log likelihood 
convergence.check is 4.116247e-06 
Model Terminated Before Convergence Reached 
16 models in net 
Initialization with topicScore. 
Initializing factors using Topic SCORE algorithm.
Initializing loadings by running 10 SCD updates.
........................................................................................................
Completed E-Step (5 seconds). 
Completed M-Step (0 seconds). 
calculate log likelihood 
Completing Iteration 1 (approx. per word bound = -43.357) 
........................................................................................................
Completed E-Step (4 seconds). 
Completed M-Step (0 seconds). 
calculate log likelihood 
convergence.check is 0.2165144 
Completing Iteration 2 (approx. per word bound = -33.970, relative change = 2.165e-01) 
........................................................................................................
Completed E-Step (5 seconds). 
Completed M-Step (0 seconds). 
calculate log likelihood 
convergence.check is 5.359332e-06 
Model Terminated Before Convergence Reached 
17 models in net 
Initialization with topicScore. 
Initializing factors using Topic SCORE algorithm.
Initializing loadings by running 10 SCD updates.
........................................................................................................
Completed E-Step (5 seconds). 
Completed M-Step (0 seconds). 
calculate log likelihood 
Completing Iteration 1 (approx. per word bound = -45.557) 
........................................................................................................
Completed E-Step (5 seconds). 
Completed M-Step (0 seconds). 
calculate log likelihood 
convergence.check is 0.2541378 
Completing Iteration 2 (approx. per word bound = -33.979, relative change = 2.541e-01) 
........................................................................................................
Completed E-Step (5 seconds). 
Completed M-Step (0 seconds). 
calculate log likelihood 
convergence.check is 1.156643e-05 
Model Terminated Before Convergence Reached 
18 models in net 
Initialization with topicScore. 
Initializing factors using Topic SCORE algorithm.
Initializing loadings by running 10 SCD updates.
........................................................................................................
Completed E-Step (4 seconds). 
Completed M-Step (0 seconds). 
calculate log likelihood 
Completing Iteration 1 (approx. per word bound = -42.650) 
........................................................................................................
Completed E-Step (5 seconds). 
Completed M-Step (0 seconds). 
calculate log likelihood 
convergence.check is 0.2035644 
Completing Iteration 2 (approx. per word bound = -33.968, relative change = 2.036e-01) 
........................................................................................................
Completed E-Step (5 seconds). 
Completed M-Step (0 seconds). 
calculate log likelihood 
convergence.check is 4.645313e-06 
Model Terminated Before Convergence Reached 
19 models in net 
Initialization with topicScore. 
Initializing factors using Topic SCORE algorithm.
Initializing loadings by running 10 SCD updates.
........................................................................................................
Completed E-Step (5 seconds). 
Completed M-Step (0 seconds). 
calculate log likelihood 
Completing Iteration 1 (approx. per word bound = -47.055) 
........................................................................................................
Completed E-Step (5 seconds). 
Completed M-Step (0 seconds). 
calculate log likelihood 
convergence.check is 0.2779126 
Completing Iteration 2 (approx. per word bound = -33.977, relative change = 2.779e-01) 
........................................................................................................
Completed E-Step (5 seconds). 
Completed M-Step (0 seconds). 
calculate log likelihood 
convergence.check is 1.713191e-05 
Model Terminated Before Convergence Reached 
20 models in net 
Initialization with topicScore. 
Initializing factors using Topic SCORE algorithm.
Initializing loadings by running 10 SCD updates.
........................................................................................................
Completed E-Step (2 seconds). 
Completed M-Step (0 seconds). 
calculate log likelihood 
Completing Iteration 1 (approx. per word bound = -42.807) 
........................................................................................................
Completed E-Step (5 seconds). 
Completed M-Step (0 seconds). 
calculate log likelihood 
convergence.check is 0.2063977 
Completing Iteration 2 (approx. per word bound = -33.971, relative change = 2.064e-01) 
........................................................................................................
Completed E-Step (5 seconds). 
Completed M-Step (0 seconds). 
calculate log likelihood 
convergence.check is 4.829964e-06 
Model Terminated Before Convergence Reached 
21 models in net 
Beginning Spectral Initialization 
	 Calculating the gram matrix...
	 Finding anchor words...
 	...
	 Recovering initialization...
 	........
Initialization complete.
........................................................................................................
Completed E-Step (7 seconds). 
Completed M-Step (0 seconds). 
calculate log likelihood 
Completing Iteration 1 (approx. per word bound = -45.013) 
........................................................................................................
Completed E-Step (5 seconds). 
Completed M-Step (0 seconds). 
calculate log likelihood 
convergence.check is 0.05248601 
Completing Iteration 2 (approx. per word bound = -42.650, relative change = 5.249e-02) 
........................................................................................................
Completed E-Step (2 seconds). 
Completed M-Step (0 seconds). 
calculate log likelihood 
convergence.check is 0.001307571 
Model Terminated Before Convergence Reached 
22 models in net 
Beginning Random Initialization 
Initialization with Poisson NMF 
........................................................................................................
Completed E-Step (9 seconds). 
Completed M-Step (0 seconds). 
calculate log likelihood 
Completing Iteration 1 (approx. per word bound = -65.170) 
........................................................................................................
Completed E-Step (5 seconds). 
Completed M-Step (0 seconds). 
calculate log likelihood 
convergence.check is 0.4771511 
Completing Iteration 2 (approx. per word bound = -34.074, relative change = 4.772e-01) 
........................................................................................................
Completed E-Step (4 seconds). 
Completed M-Step (0 seconds). 
calculate log likelihood 
convergence.check is 2.074478e-05 
Model Terminated Before Convergence Reached 
23 models in net 
Beginning Random Initialization 
Initialization with Poisson NMF 
........................................................................................................
Completed E-Step (7 seconds). 
Completed M-Step (0 seconds). 
calculate log likelihood 
Completing Iteration 1 (approx. per word bound = -53.660) 
........................................................................................................
Completed E-Step (5 seconds). 
Completed M-Step (0 seconds). 
calculate log likelihood 
convergence.check is 0.3643677 
Completing Iteration 2 (approx. per word bound = -34.108, relative change = 3.644e-01) 
........................................................................................................
Completed E-Step (5 seconds). 
Completed M-Step (0 seconds). 
calculate log likelihood 
convergence.check is 0.001061488 
Model Terminated Before Convergence Reached 
24 models in net 
Beginning Random Initialization 
Initialization with Poisson NMF 
........................................................................................................
Completed E-Step (8 seconds). 
Completed M-Step (0 seconds). 
calculate log likelihood 
Completing Iteration 1 (approx. per word bound = -52.794) 
........................................................................................................
Completed E-Step (5 seconds). 
Completed M-Step (0 seconds). 
calculate log likelihood 
convergence.check is 0.3545665 
Completing Iteration 2 (approx. per word bound = -34.075, relative change = 3.546e-01) 
........................................................................................................
Completed E-Step (5 seconds). 
Completed M-Step (0 seconds). 
calculate log likelihood 
convergence.check is 4.64021e-05 
Model Terminated Before Convergence Reached 
25 models in net 
Beginning Random Initialization 
Initialization with Poisson NMF 
........................................................................................................
Completed E-Step (7 seconds). 
Completed M-Step (0 seconds). 
calculate log likelihood 
Completing Iteration 1 (approx. per word bound = -54.310) 
........................................................................................................
Completed E-Step (5 seconds). 
Completed M-Step (0 seconds). 
calculate log likelihood 
convergence.check is 0.3642042 
Completing Iteration 2 (approx. per word bound = -34.530, relative change = 3.642e-01) 
........................................................................................................
Completed E-Step (5 seconds). 
Completed M-Step (0 seconds). 
calculate log likelihood 
convergence.check is 0.01289946 
Model Terminated Before Convergence Reached 
26 models in net 
Beginning Random Initialization 
Initialization with Poisson NMF 
........................................................................................................
Completed E-Step (9 seconds). 
Completed M-Step (0 seconds). 
calculate log likelihood 
Completing Iteration 1 (approx. per word bound = -53.075) 
........................................................................................................
Completed E-Step (6 seconds). 
Completed M-Step (0 seconds). 
calculate log likelihood 
convergence.check is 0.3580553 
Completing Iteration 2 (approx. per word bound = -34.071, relative change = 3.581e-01) 
........................................................................................................
Completed E-Step (6 seconds). 
Completed M-Step (0 seconds). 
calculate log likelihood 
convergence.check is 2.415427e-05 
Model Terminated Before Convergence Reached 
27 models in net 
Beginning Random Initialization 
Initialization with Poisson NMF 
........................................................................................................
Completed E-Step (7 seconds). 
Completed M-Step (0 seconds). 
calculate log likelihood 
Completing Iteration 1 (approx. per word bound = -52.697) 
........................................................................................................
Completed E-Step (6 seconds). 
Completed M-Step (0 seconds). 
calculate log likelihood 
convergence.check is 0.3534141 
Completing Iteration 2 (approx. per word bound = -34.073, relative change = 3.534e-01) 
........................................................................................................
Completed E-Step (5 seconds). 
Completed M-Step (0 seconds). 
calculate log likelihood 
convergence.check is 1.885948e-05 
Model Terminated Before Convergence Reached 
28 models in net 
Beginning Random Initialization 
Initialization with Poisson NMF 
........................................................................................................
Completed E-Step (8 seconds). 
Completed M-Step (0 seconds). 
calculate log likelihood 
Completing Iteration 1 (approx. per word bound = -53.505) 
........................................................................................................
Completed E-Step (4 seconds). 
Completed M-Step (0 seconds). 
calculate log likelihood 
convergence.check is 0.3631526 
Completing Iteration 2 (approx. per word bound = -34.075, relative change = 3.632e-01) 
........................................................................................................
Completed E-Step (5 seconds). 
Completed M-Step (0 seconds). 
calculate log likelihood 
convergence.check is 1.481271e-05 
Model Terminated Before Convergence Reached 
29 models in net 
Beginning Random Initialization 
Initialization with Poisson NMF 
........................................................................................................
Completed E-Step (7 seconds). 
Completed M-Step (0 seconds). 
calculate log likelihood 
Completing Iteration 1 (approx. per word bound = -52.364) 
........................................................................................................
Completed E-Step (5 seconds). 
Completed M-Step (0 seconds). 
calculate log likelihood 
convergence.check is 0.3489551 
Completing Iteration 2 (approx. per word bound = -34.091, relative change = 3.490e-01) 
........................................................................................................
Completed E-Step (5 seconds). 
Completed M-Step (0 seconds). 
calculate log likelihood 
convergence.check is 0.0005778151 
Model Terminated Before Convergence Reached 
30 models in net 
Beginning Random Initialization 
Initialization with Poisson NMF 
........................................................................................................
Completed E-Step (8 seconds). 
Completed M-Step (0 seconds). 
calculate log likelihood 
Completing Iteration 1 (approx. per word bound = -52.407) 
........................................................................................................
Completed E-Step (5 seconds). 
Completed M-Step (0 seconds). 
calculate log likelihood 
convergence.check is 0.3498399 
Completing Iteration 2 (approx. per word bound = -34.073, relative change = 3.498e-01) 
........................................................................................................
Completed E-Step (5 seconds). 
Completed M-Step (0 seconds). 
calculate log likelihood 
convergence.check is 3.291878e-05 
Model Terminated Before Convergence Reached 
31 models in net 
Beginning Random Initialization 
Initialization with Poisson NMF 
........................................................................................................
Completed E-Step (7 seconds). 
Completed M-Step (0 seconds). 
calculate log likelihood 
Completing Iteration 1 (approx. per word bound = -52.549) 
........................................................................................................
Completed E-Step (4 seconds). 
Completed M-Step (0 seconds). 
calculate log likelihood 
convergence.check is 0.3495091 
Completing Iteration 2 (approx. per word bound = -34.183, relative change = 3.495e-01) 
........................................................................................................
Completed E-Step (5 seconds). 
Completed M-Step (0 seconds). 
calculate log likelihood 
convergence.check is 0.003229676 
Model Terminated Before Convergence Reached 
32 models in net 
Beginning Random Initialization 
Initialization with Poisson NMF 
........................................................................................................
Completed E-Step (9 seconds). 
Completed M-Step (0 seconds). 
calculate log likelihood 
Completing Iteration 1 (approx. per word bound = -62.606) 
........................................................................................................
Completed E-Step (5 seconds). 
Completed M-Step (0 seconds). 
calculate log likelihood 
convergence.check is 0.4557916 
Completing Iteration 2 (approx. per word bound = -34.071, relative change = 4.558e-01) 
........................................................................................................
Completed E-Step (5 seconds). 
Completed M-Step (0 seconds). 
calculate log likelihood 
convergence.check is 5.02325e-05 
Model Terminated Before Convergence Reached 
33 models in net 
Beginning Random Initialization 
Initialization with Poisson NMF 
........................................................................................................
Completed E-Step (7 seconds). 
Completed M-Step (0 seconds). 
calculate log likelihood 
Completing Iteration 1 (approx. per word bound = -52.362) 
........................................................................................................
Completed E-Step (6 seconds). 
Completed M-Step (0 seconds). 
calculate log likelihood 
convergence.check is 0.3483076 
Completing Iteration 2 (approx. per word bound = -34.124, relative change = 3.483e-01) 
........................................................................................................
Completed E-Step (6 seconds). 
Completed M-Step (0 seconds). 
calculate log likelihood 
convergence.check is 0.0015203 
Model Terminated Before Convergence Reached 
34 models in net 
Beginning Random Initialization 
Initialization with Poisson NMF 
........................................................................................................
Completed E-Step (8 seconds). 
Completed M-Step (0 seconds). 
calculate log likelihood 
Completing Iteration 1 (approx. per word bound = -54.926) 
........................................................................................................
Completed E-Step (4 seconds). 
Completed M-Step (0 seconds). 
calculate log likelihood 
convergence.check is 0.3764808 
Completing Iteration 2 (approx. per word bound = -34.248, relative change = 3.765e-01) 
........................................................................................................
Completed E-Step (4 seconds). 
Completed M-Step (0 seconds). 
calculate log likelihood 
convergence.check is 0.005066535 
Model Terminated Before Convergence Reached 
35 models in net 
Beginning Random Initialization 
Initialization with Poisson NMF 
........................................................................................................
Completed E-Step (7 seconds). 
Completed M-Step (0 seconds). 
calculate log likelihood 
Completing Iteration 1 (approx. per word bound = -53.237) 
........................................................................................................
Completed E-Step (5 seconds). 
Completed M-Step (0 seconds). 
calculate log likelihood 
convergence.check is 0.3598784 
Completing Iteration 2 (approx. per word bound = -34.078, relative change = 3.599e-01) 
........................................................................................................
Completed E-Step (5 seconds). 
Completed M-Step (0 seconds). 
calculate log likelihood 
convergence.check is 0.0001568398 
Model Terminated Before Convergence Reached 
36 models in net 
Beginning Random Initialization 
Initialization with Poisson NMF 
........................................................................................................
Completed E-Step (8 seconds). 
Completed M-Step (0 seconds). 
calculate log likelihood 
Completing Iteration 1 (approx. per word bound = -52.443) 
........................................................................................................
Completed E-Step (5 seconds). 
Completed M-Step (0 seconds). 
calculate log likelihood 
convergence.check is 0.3502281 
Completing Iteration 2 (approx. per word bound = -34.076, relative change = 3.502e-01) 
........................................................................................................
Completed E-Step (5 seconds). 
Completed M-Step (0 seconds). 
calculate log likelihood 
convergence.check is 0.0001029998 
Model Terminated Before Convergence Reached 
37 models in net 
Beginning Random Initialization 
Initialization with Poisson NMF 
........................................................................................................
Completed E-Step (7 seconds). 
Completed M-Step (0 seconds). 
calculate log likelihood 
Completing Iteration 1 (approx. per word bound = -53.939) 
........................................................................................................
Completed E-Step (5 seconds). 
Completed M-Step (0 seconds). 
calculate log likelihood 
convergence.check is 0.3683201 
Completing Iteration 2 (approx. per word bound = -34.072, relative change = 3.683e-01) 
........................................................................................................
Completed E-Step (5 seconds). 
Completed M-Step (0 seconds). 
calculate log likelihood 
convergence.check is 1.945525e-05 
Model Terminated Before Convergence Reached 
38 models in net 
Beginning Random Initialization 
Initialization with Poisson NMF 
........................................................................................................
Completed E-Step (8 seconds). 
Completed M-Step (0 seconds). 
calculate log likelihood 
Completing Iteration 1 (approx. per word bound = -52.584) 
........................................................................................................
Completed E-Step (4 seconds). 
Completed M-Step (0 seconds). 
calculate log likelihood 
convergence.check is 0.3511441 
Completing Iteration 2 (approx. per word bound = -34.119, relative change = 3.511e-01) 
........................................................................................................
Completed E-Step (5 seconds). 
Completed M-Step (0 seconds). 
calculate log likelihood 
convergence.check is 0.001487641 
Model Terminated Before Convergence Reached 
39 models in net 
Beginning Random Initialization 
Initialization with Poisson NMF 
........................................................................................................
Completed E-Step (7 seconds). 
Completed M-Step (0 seconds). 
calculate log likelihood 
Completing Iteration 1 (approx. per word bound = -52.837) 
........................................................................................................
Completed E-Step (4 seconds). 
Completed M-Step (0 seconds). 
calculate log likelihood 
convergence.check is 0.3551058 
Completing Iteration 2 (approx. per word bound = -34.074, relative change = 3.551e-01) 
........................................................................................................
Completed E-Step (5 seconds). 
Completed M-Step (0 seconds). 
calculate log likelihood 
convergence.check is 1.74909e-05 
Model Terminated Before Convergence Reached 
40 models in net 
Beginning Random Initialization 
Initialization with Poisson NMF 
........................................................................................................
Completed E-Step (8 seconds). 
Completed M-Step (0 seconds). 
calculate log likelihood 
Completing Iteration 1 (approx. per word bound = -52.830) 
........................................................................................................
Completed E-Step (5 seconds). 
Completed M-Step (0 seconds). 
calculate log likelihood 
convergence.check is 0.3549999 
Completing Iteration 2 (approx. per word bound = -34.076, relative change = 3.550e-01) 
........................................................................................................
Completed E-Step (5 seconds). 
Completed M-Step (0 seconds). 
calculate log likelihood 
convergence.check is 0.0001092093 
Model Terminated Before Convergence Reached 
41 models in net 
Beginning Random Initialization 
Initialization with Poisson NMF 
........................................................................................................
Completed E-Step (8 seconds). 
Completed M-Step (0 seconds). 
calculate log likelihood 
Completing Iteration 1 (approx. per word bound = -54.542) 
........................................................................................................
Completed E-Step (5 seconds). 
Completed M-Step (0 seconds). 
calculate log likelihood 
convergence.check is 0.375343 
Completing Iteration 2 (approx. per word bound = -34.070, relative change = 3.753e-01) 
........................................................................................................
Completed E-Step (5 seconds). 
Completed M-Step (0 seconds). 
calculate log likelihood 
convergence.check is 5.481552e-05 
Model Terminated Before Convergence Reached 
Running select models 
1 select model run 
Initialization with topicScore. 
Initializing factors using Topic SCORE algorithm.
Initializing loadings by running 10 SCD updates.
........................................................................................................
Completed E-Step (2 seconds). 
Completed M-Step (0 seconds). 
calculate log likelihood 
Completing Iteration 1 (approx. per word bound = -42.689) 
........................................................................................................
Completed E-Step (4 seconds). 
Completed M-Step (0 seconds). 
calculate log likelihood 
convergence.check is 0.2042821 
Completing Iteration 2 (approx. per word bound = -33.968, relative change = 2.043e-01) 
........................................................................................................
Completed E-Step (4 seconds). 
Completed M-Step (0 seconds). 
calculate log likelihood 
convergence.check is 3.718277e-06 
Completing Iteration 3 (approx. per word bound = -33.968, relative change = 3.718e-06) 
........................................................................................................
Completed E-Step (4 seconds). 
Completed M-Step (0 seconds). 
calculate log likelihood 
convergence.check is 3.191172e-06 
Completing Iteration 4 (approx. per word bound = -33.968, relative change = 3.191e-06) 
........................................................................................................
Completed E-Step (4 seconds). 
Completed M-Step (0 seconds). 
calculate log likelihood 
convergence.check is 2.90803e-06 
Completing Iteration 5 (approx. per word bound = -33.968, relative change = 2.908e-06) 
Topic 1: Gene1297, Gene1888, Gene923, Gene361, Gene605 
 Topic 2: Gene500, Gene1548, Gene1888, Gene795, Gene115 
 Topic 3: Gene419, Gene930, Gene1297, Gene1888, Gene262 
........................................................................................................
Completed E-Step (4 seconds). 
Completed M-Step (0 seconds). 
calculate log likelihood 
convergence.check is 2.659162e-06 
Completing Iteration 6 (approx. per word bound = -33.968, relative change = 2.659e-06) 
........................................................................................................
Completed E-Step (4 seconds). 
Completed M-Step (0 seconds). 
calculate log likelihood 
convergence.check is 2.444357e-06 
Completing Iteration 7 (approx. per word bound = -33.968, relative change = 2.444e-06) 
........................................................................................................
Completed E-Step (3 seconds). 
Completed M-Step (0 seconds). 
calculate log likelihood 
convergence.check is 2.259412e-06 
Completing Iteration 8 (approx. per word bound = -33.967, relative change = 2.259e-06) 
........................................................................................................
Completed E-Step (3 seconds). 
Completed M-Step (0 seconds). 
calculate log likelihood 
convergence.check is 2.085619e-06 
Completing Iteration 9 (approx. per word bound = -33.967, relative change = 2.086e-06) 
........................................................................................................
Completed E-Step (4 seconds). 
Completed M-Step (0 seconds). 
calculate log likelihood 
convergence.check is 1.93969e-06 
Completing Iteration 10 (approx. per word bound = -33.967, relative change = 1.940e-06) 
Topic 1: Gene1297, Gene1888, Gene923, Gene361, Gene605 
 Topic 2: Gene500, Gene1548, Gene1888, Gene795, Gene1297 
 Topic 3: Gene419, Gene930, Gene1297, Gene1888, Gene262 
........................................................................................................
Completed E-Step (3 seconds). 
Completed M-Step (0 seconds). 
calculate log likelihood 
convergence.check is 1.808577e-06 
Completing Iteration 11 (approx. per word bound = -33.967, relative change = 1.809e-06) 
........................................................................................................
Completed E-Step (4 seconds). 
Completed M-Step (0 seconds). 
calculate log likelihood 
convergence.check is 1.693855e-06 
Completing Iteration 12 (approx. per word bound = -33.967, relative change = 1.694e-06) 
........................................................................................................
Completed E-Step (3 seconds). 
Completed M-Step (0 seconds). 
calculate log likelihood 
convergence.check is 1.592009e-06 
Completing Iteration 13 (approx. per word bound = -33.967, relative change = 1.592e-06) 
........................................................................................................
Completed E-Step (4 seconds). 
Completed M-Step (0 seconds). 
calculate log likelihood 
convergence.check is 1.500895e-06 
Completing Iteration 14 (approx. per word bound = -33.967, relative change = 1.501e-06) 
........................................................................................................
Completed E-Step (3 seconds). 
Completed M-Step (0 seconds). 
calculate log likelihood 
convergence.check is 1.418687e-06 
Completing Iteration 15 (approx. per word bound = -33.967, relative change = 1.419e-06) 
Topic 1: Gene1297, Gene1888, Gene923, Gene361, Gene605 
 Topic 2: Gene500, Gene1548, Gene1888, Gene795, Gene1297 
 Topic 3: Gene419, Gene930, Gene1297, Gene1888, Gene262 
........................................................................................................
Completed E-Step (4 seconds). 
Completed M-Step (0 seconds). 
calculate log likelihood 
convergence.check is 1.343342e-06 
Completing Iteration 16 (approx. per word bound = -33.967, relative change = 1.343e-06) 
........................................................................................................
Completed E-Step (4 seconds). 
Completed M-Step (0 seconds). 
calculate log likelihood 
convergence.check is 1.278481e-06 
Completing Iteration 17 (approx. per word bound = -33.967, relative change = 1.278e-06) 
........................................................................................................
Completed E-Step (3 seconds). 
Completed M-Step (0 seconds). 
calculate log likelihood 
convergence.check is 1.214629e-06 
Completing Iteration 18 (approx. per word bound = -33.967, relative change = 1.215e-06) 
........................................................................................................
Completed E-Step (3 seconds). 
Completed M-Step (0 seconds). 
calculate log likelihood 
convergence.check is 1.160877e-06 
Completing Iteration 19 (approx. per word bound = -33.967, relative change = 1.161e-06) 
........................................................................................................
Completed E-Step (3 seconds). 
Completed M-Step (0 seconds). 
calculate log likelihood 
convergence.check is 1.107652e-06 
Completing Iteration 20 (approx. per word bound = -33.967, relative change = 1.108e-06) 
Topic 1: Gene1297, Gene1888, Gene923, Gene361, Gene605 
 Topic 2: Gene500, Gene1548, Gene1888, Gene795, Gene1297 
 Topic 3: Gene419, Gene930, Gene1297, Gene1888, Gene262 
........................................................................................................
Completed E-Step (3 seconds). 
Completed M-Step (0 seconds). 
calculate log likelihood 
convergence.check is 1.062659e-06 
Completing Iteration 21 (approx. per word bound = -33.967, relative change = 1.063e-06) 
........................................................................................................
Completed E-Step (3 seconds). 
Completed M-Step (0 seconds). 
calculate log likelihood 
convergence.check is 1.017302e-06 
Completing Iteration 22 (approx. per word bound = -33.967, relative change = 1.017e-06) 
........................................................................................................
Completed E-Step (3 seconds). 
Completed M-Step (0 seconds). 
calculate log likelihood 
convergence.check is 9.799938e-07 
Model Converged 
2 select model run 
Initialization with topicScore. 
Initializing factors using Topic SCORE algorithm.
Initializing loadings by running 10 SCD updates.
........................................................................................................
Completed E-Step (3 seconds). 
Completed M-Step (0 seconds). 
calculate log likelihood 
Completing Iteration 1 (approx. per word bound = -42.650) 
........................................................................................................
Completed E-Step (6 seconds). 
Completed M-Step (0 seconds). 
calculate log likelihood 
convergence.check is 0.2035644 
Completing Iteration 2 (approx. per word bound = -33.968, relative change = 2.036e-01) 
........................................................................................................
Completed E-Step (5 seconds). 
Completed M-Step (0 seconds). 
calculate log likelihood 
convergence.check is 4.645313e-06 
Completing Iteration 3 (approx. per word bound = -33.968, relative change = 4.645e-06) 
........................................................................................................
Completed E-Step (4 seconds). 
Completed M-Step (0 seconds). 
calculate log likelihood 
convergence.check is 3.748648e-06 
Completing Iteration 4 (approx. per word bound = -33.968, relative change = 3.749e-06) 
........................................................................................................
Completed E-Step (4 seconds). 
Completed M-Step (0 seconds). 
calculate log likelihood 
convergence.check is 3.353631e-06 
Completing Iteration 5 (approx. per word bound = -33.968, relative change = 3.354e-06) 
Topic 1: Gene1297, Gene1888, Gene923, Gene361, Gene605 
 Topic 2: Gene419, Gene930, Gene1297, Gene1888, Gene262 
 Topic 3: Gene500, Gene1548, Gene795, Gene1888, Gene115 
........................................................................................................
Completed E-Step (4 seconds). 
Completed M-Step (0 seconds). 
calculate log likelihood 
convergence.check is 3.070928e-06 
Completing Iteration 6 (approx. per word bound = -33.968, relative change = 3.071e-06) 
........................................................................................................
Completed E-Step (4 seconds). 
Completed M-Step (0 seconds). 
calculate log likelihood 
convergence.check is 2.54471e-06 
Completing Iteration 7 (approx. per word bound = -33.968, relative change = 2.545e-06) 
........................................................................................................
Completed E-Step (4 seconds). 
Completed M-Step (0 seconds). 
calculate log likelihood 
convergence.check is 2.548769e-06 
Completing Iteration 8 (approx. per word bound = -33.967, relative change = 2.549e-06) 
........................................................................................................
Completed E-Step (4 seconds). 
Completed M-Step (0 seconds). 
calculate log likelihood 
convergence.check is 2.300335e-06 
Completing Iteration 9 (approx. per word bound = -33.967, relative change = 2.300e-06) 
........................................................................................................
Completed E-Step (4 seconds). 
Completed M-Step (0 seconds). 
calculate log likelihood 
convergence.check is 2.014983e-06 
Completing Iteration 10 (approx. per word bound = -33.967, relative change = 2.015e-06) 
Topic 1: Gene1297, Gene1888, Gene923, Gene361, Gene605 
 Topic 2: Gene419, Gene930, Gene1297, Gene1888, Gene262 
 Topic 3: Gene500, Gene1548, Gene1888, Gene795, Gene1297 
........................................................................................................
Completed E-Step (4 seconds). 
Completed M-Step (0 seconds). 
calculate log likelihood 
convergence.check is 1.7814e-06 
Completing Iteration 11 (approx. per word bound = -33.967, relative change = 1.781e-06) 
........................................................................................................
Completed E-Step (4 seconds). 
Completed M-Step (0 seconds). 
calculate log likelihood 
convergence.check is 1.789801e-06 
Completing Iteration 12 (approx. per word bound = -33.967, relative change = 1.790e-06) 
........................................................................................................
Completed E-Step (4 seconds). 
Completed M-Step (0 seconds). 
calculate log likelihood 
convergence.check is 1.642777e-06 
Completing Iteration 13 (approx. per word bound = -33.967, relative change = 1.643e-06) 
........................................................................................................
Completed E-Step (4 seconds). 
Completed M-Step (0 seconds). 
calculate log likelihood 
convergence.check is 1.405209e-06 
Completing Iteration 14 (approx. per word bound = -33.967, relative change = 1.405e-06) 
........................................................................................................
Completed E-Step (3 seconds). 
Completed M-Step (0 seconds). 
calculate log likelihood 
convergence.check is 1.436641e-06 
Completing Iteration 15 (approx. per word bound = -33.967, relative change = 1.437e-06) 
Topic 1: Gene1297, Gene1888, Gene923, Gene361, Gene605 
 Topic 2: Gene419, Gene930, Gene1297, Gene1888, Gene262 
 Topic 3: Gene500, Gene1548, Gene1888, Gene795, Gene1297 
........................................................................................................
Completed E-Step (3 seconds). 
Completed M-Step (0 seconds). 
calculate log likelihood 
convergence.check is 1.226179e-06 
Completing Iteration 16 (approx. per word bound = -33.967, relative change = 1.226e-06) 
........................................................................................................
Completed E-Step (3 seconds). 
Completed M-Step (0 seconds). 
calculate log likelihood 
convergence.check is 1.266376e-06 
Completing Iteration 17 (approx. per word bound = -33.967, relative change = 1.266e-06) 
........................................................................................................
Completed E-Step (3 seconds). 
Completed M-Step (0 seconds). 
calculate log likelihood 
convergence.check is 1.159352e-06 
Completing Iteration 18 (approx. per word bound = -33.967, relative change = 1.159e-06) 
........................................................................................................
Completed E-Step (3 seconds). 
Completed M-Step (0 seconds). 
calculate log likelihood 
convergence.check is 9.926029e-07 
Model Converged 
3 select model run 
Initialization with topicScore. 
Initializing factors using Topic SCORE algorithm.
Initializing loadings by running 10 SCD updates.
........................................................................................................
Completed E-Step (3 seconds). 
Completed M-Step (0 seconds). 
calculate log likelihood 
Completing Iteration 1 (approx. per word bound = -42.643) 
........................................................................................................
Completed E-Step (7 seconds). 
Completed M-Step (0 seconds). 
calculate log likelihood 
convergence.check is 0.2034216 
Completing Iteration 2 (approx. per word bound = -33.968, relative change = 2.034e-01) 
........................................................................................................
Completed E-Step (5 seconds). 
Completed M-Step (0 seconds). 
calculate log likelihood 
convergence.check is 4.621223e-06 
Completing Iteration 3 (approx. per word bound = -33.968, relative change = 4.621e-06) 
........................................................................................................
Completed E-Step (5 seconds). 
Completed M-Step (0 seconds). 
calculate log likelihood 
convergence.check is 3.823142e-06 
Completing Iteration 4 (approx. per word bound = -33.968, relative change = 3.823e-06) 
........................................................................................................
Completed E-Step (4 seconds). 
Completed M-Step (0 seconds). 
calculate log likelihood 
convergence.check is 3.484366e-06 
Completing Iteration 5 (approx. per word bound = -33.968, relative change = 3.484e-06) 
Topic 1: Gene419, Gene930, Gene1297, Gene1888, Gene262 
 Topic 2: Gene1297, Gene1888, Gene923, Gene361, Gene605 
 Topic 3: Gene500, Gene1548, Gene795, Gene1888, Gene115 
........................................................................................................
Completed E-Step (4 seconds). 
Completed M-Step (0 seconds). 
calculate log likelihood 
convergence.check is 2.877829e-06 
Completing Iteration 6 (approx. per word bound = -33.968, relative change = 2.878e-06) 
........................................................................................................
Completed E-Step (4 seconds). 
Completed M-Step (0 seconds). 
calculate log likelihood 
convergence.check is 2.894822e-06 
Completing Iteration 7 (approx. per word bound = -33.968, relative change = 2.895e-06) 
........................................................................................................
Completed E-Step (4 seconds). 
Completed M-Step (0 seconds). 
calculate log likelihood 
convergence.check is 2.569611e-06 
Completing Iteration 8 (approx. per word bound = -33.968, relative change = 2.570e-06) 
........................................................................................................
Completed E-Step (4 seconds). 
Completed M-Step (0 seconds). 
calculate log likelihood 
convergence.check is 2.265647e-06 
Completing Iteration 9 (approx. per word bound = -33.968, relative change = 2.266e-06) 
........................................................................................................
Completed E-Step (4 seconds). 
Completed M-Step (0 seconds). 
calculate log likelihood 
convergence.check is 1.982581e-06 
Completing Iteration 10 (approx. per word bound = -33.967, relative change = 1.983e-06) 
Topic 1: Gene419, Gene930, Gene1297, Gene1888, Gene262 
 Topic 2: Gene1297, Gene1888, Gene923, Gene361, Gene605 
 Topic 3: Gene500, Gene1548, Gene1888, Gene795, Gene1297 
........................................................................................................
Completed E-Step (4 seconds). 
Completed M-Step (0 seconds). 
calculate log likelihood 
convergence.check is 1.989424e-06 
Completing Iteration 11 (approx. per word bound = -33.967, relative change = 1.989e-06) 
........................................................................................................
Completed E-Step (4 seconds). 
Completed M-Step (0 seconds). 
calculate log likelihood 
convergence.check is 1.829873e-06 
Completing Iteration 12 (approx. per word bound = -33.967, relative change = 1.830e-06) 
........................................................................................................
Completed E-Step (4 seconds). 
Completed M-Step (0 seconds). 
calculate log likelihood 
convergence.check is 1.571213e-06 
Completing Iteration 13 (approx. per word bound = -33.967, relative change = 1.571e-06) 
........................................................................................................
Completed E-Step (4 seconds). 
Completed M-Step (0 seconds). 
calculate log likelihood 
convergence.check is 1.593694e-06 
Completing Iteration 14 (approx. per word bound = -33.967, relative change = 1.594e-06) 
........................................................................................................
Completed E-Step (4 seconds). 
Completed M-Step (0 seconds). 
calculate log likelihood 
convergence.check is 1.36489e-06 
Completing Iteration 15 (approx. per word bound = -33.967, relative change = 1.365e-06) 
Topic 1: Gene419, Gene930, Gene1297, Gene1888, Gene262 
 Topic 2: Gene1297, Gene1888, Gene923, Gene361, Gene605 
 Topic 3: Gene500, Gene1548, Gene1888, Gene795, Gene1297 
........................................................................................................
Completed E-Step (3 seconds). 
Completed M-Step (0 seconds). 
calculate log likelihood 
convergence.check is 1.399986e-06 
Completing Iteration 16 (approx. per word bound = -33.967, relative change = 1.400e-06) 
........................................................................................................
Completed E-Step (3 seconds). 
Completed M-Step (0 seconds). 
calculate log likelihood 
convergence.check is 1.28717e-06 
Completing Iteration 17 (approx. per word bound = -33.967, relative change = 1.287e-06) 
........................................................................................................
Completed E-Step (3 seconds). 
Completed M-Step (0 seconds). 
calculate log likelihood 
convergence.check is 1.103546e-06 
Completing Iteration 18 (approx. per word bound = -33.967, relative change = 1.104e-06) 
........................................................................................................
Completed E-Step (3 seconds). 
Completed M-Step (0 seconds). 
calculate log likelihood 
convergence.check is 1.172951e-06 
Completing Iteration 19 (approx. per word bound = -33.967, relative change = 1.173e-06) 
........................................................................................................
Completed E-Step (3 seconds). 
Completed M-Step (0 seconds). 
calculate log likelihood 
convergence.check is 1.079355e-06 
Completing Iteration 20 (approx. per word bound = -33.967, relative change = 1.079e-06) 
Topic 1: Gene419, Gene1297, Gene930, Gene1888, Gene262 
 Topic 2: Gene1297, Gene1888, Gene923, Gene361, Gene605 
 Topic 3: Gene500, Gene1548, Gene1888, Gene795, Gene1297 
........................................................................................................
Completed E-Step (3 seconds). 
Completed M-Step (0 seconds). 
calculate log likelihood 
convergence.check is 9.35129e-07 
Model Converged 
4 select model run 
Initialization with topicScore. 
Initializing factors using Topic SCORE algorithm.
Initializing loadings by running 10 SCD updates.
........................................................................................................
Completed E-Step (2 seconds). 
Completed M-Step (0 seconds). 
calculate log likelihood 
Completing Iteration 1 (approx. per word bound = -42.778) 
........................................................................................................
Completed E-Step (4 seconds). 
Completed M-Step (0 seconds). 
calculate log likelihood 
convergence.check is 0.2059334 
Completing Iteration 2 (approx. per word bound = -33.968, relative change = 2.059e-01) 
........................................................................................................
Completed E-Step (4 seconds). 
Completed M-Step (0 seconds). 
calculate log likelihood 
convergence.check is 3.646596e-06 
Completing Iteration 3 (approx. per word bound = -33.968, relative change = 3.647e-06) 
........................................................................................................
Completed E-Step (4 seconds). 
Completed M-Step (0 seconds). 
calculate log likelihood 
convergence.check is 3.161623e-06 
Completing Iteration 4 (approx. per word bound = -33.968, relative change = 3.162e-06) 
........................................................................................................
Completed E-Step (4 seconds). 
Completed M-Step (0 seconds). 
calculate log likelihood 
convergence.check is 2.896308e-06 
Completing Iteration 5 (approx. per word bound = -33.968, relative change = 2.896e-06) 
Topic 1: Gene1297, Gene1888, Gene923, Gene361, Gene605 
 Topic 2: Gene500, Gene1548, Gene1888, Gene795, Gene115 
 Topic 3: Gene419, Gene930, Gene1297, Gene1888, Gene262 
........................................................................................................
Completed E-Step (4 seconds). 
Completed M-Step (0 seconds). 
calculate log likelihood 
convergence.check is 2.660208e-06 
Completing Iteration 6 (approx. per word bound = -33.968, relative change = 2.660e-06) 
........................................................................................................
Completed E-Step (4 seconds). 
Completed M-Step (0 seconds). 
calculate log likelihood 
convergence.check is 2.455521e-06 
Completing Iteration 7 (approx. per word bound = -33.968, relative change = 2.456e-06) 
........................................................................................................
Completed E-Step (4 seconds). 
Completed M-Step (0 seconds). 
calculate log likelihood 
convergence.check is 2.284263e-06 
Completing Iteration 8 (approx. per word bound = -33.968, relative change = 2.284e-06) 
........................................................................................................
Completed E-Step (4 seconds). 
Completed M-Step (0 seconds). 
calculate log likelihood 
convergence.check is 2.118307e-06 
Completing Iteration 9 (approx. per word bound = -33.968, relative change = 2.118e-06) 
........................................................................................................
Completed E-Step (4 seconds). 
Completed M-Step (0 seconds). 
calculate log likelihood 
convergence.check is 1.979873e-06 
Completing Iteration 10 (approx. per word bound = -33.968, relative change = 1.980e-06) 
Topic 1: Gene1297, Gene1888, Gene923, Gene361, Gene605 
 Topic 2: Gene500, Gene1548, Gene1888, Gene795, Gene1297 
 Topic 3: Gene419, Gene930, Gene1297, Gene1888, Gene262 
........................................................................................................
Completed E-Step (4 seconds). 
Completed M-Step (0 seconds). 
calculate log likelihood 
convergence.check is 1.856814e-06 
Completing Iteration 11 (approx. per word bound = -33.968, relative change = 1.857e-06) 
........................................................................................................
Completed E-Step (4 seconds). 
Completed M-Step (0 seconds). 
calculate log likelihood 
convergence.check is 1.746767e-06 
Completing Iteration 12 (approx. per word bound = -33.968, relative change = 1.747e-06) 
........................................................................................................
Completed E-Step (4 seconds). 
Completed M-Step (0 seconds). 
calculate log likelihood 
convergence.check is 1.650879e-06 
Completing Iteration 13 (approx. per word bound = -33.967, relative change = 1.651e-06) 
........................................................................................................
Completed E-Step (4 seconds). 
Completed M-Step (0 seconds). 
calculate log likelihood 
convergence.check is 1.564184e-06 
Completing Iteration 14 (approx. per word bound = -33.967, relative change = 1.564e-06) 
........................................................................................................
Completed E-Step (4 seconds). 
Completed M-Step (0 seconds). 
calculate log likelihood 
convergence.check is 1.485954e-06 
Completing Iteration 15 (approx. per word bound = -33.967, relative change = 1.486e-06) 
Topic 1: Gene1297, Gene1888, Gene923, Gene361, Gene605 
 Topic 2: Gene500, Gene1548, Gene1888, Gene795, Gene1297 
 Topic 3: Gene419, Gene930, Gene1297, Gene1888, Gene262 
........................................................................................................
Completed E-Step (4 seconds). 
Completed M-Step (0 seconds). 
calculate log likelihood 
convergence.check is 1.416077e-06 
Completing Iteration 16 (approx. per word bound = -33.967, relative change = 1.416e-06) 
........................................................................................................
Completed E-Step (4 seconds). 
Completed M-Step (0 seconds). 
calculate log likelihood 
convergence.check is 1.351756e-06 
Completing Iteration 17 (approx. per word bound = -33.967, relative change = 1.352e-06) 
........................................................................................................
Completed E-Step (4 seconds). 
Completed M-Step (0 seconds). 
calculate log likelihood 
convergence.check is 1.294649e-06 
Completing Iteration 18 (approx. per word bound = -33.967, relative change = 1.295e-06) 
........................................................................................................
Completed E-Step (3 seconds). 
Completed M-Step (0 seconds). 
calculate log likelihood 
convergence.check is 1.241257e-06 
Completing Iteration 19 (approx. per word bound = -33.967, relative change = 1.241e-06) 
........................................................................................................
Completed E-Step (4 seconds). 
Completed M-Step (0 seconds). 
calculate log likelihood 
convergence.check is 1.193317e-06 
Completing Iteration 20 (approx. per word bound = -33.967, relative change = 1.193e-06) 
Topic 1: Gene1297, Gene1888, Gene923, Gene361, Gene605 
 Topic 2: Gene500, Gene1548, Gene1888, Gene795, Gene1297 
 Topic 3: Gene419, Gene930, Gene1297, Gene1888, Gene262 
........................................................................................................
Completed E-Step (3 seconds). 
Completed M-Step (0 seconds). 
calculate log likelihood 
convergence.check is 1.148048e-06 
Completing Iteration 21 (approx. per word bound = -33.967, relative change = 1.148e-06) 
........................................................................................................
Completed E-Step (4 seconds). 
Completed M-Step (0 seconds). 
calculate log likelihood 
convergence.check is 1.107773e-06 
Completing Iteration 22 (approx. per word bound = -33.967, relative change = 1.108e-06) 
........................................................................................................
Completed E-Step (3 seconds). 
Completed M-Step (0 seconds). 
calculate log likelihood 
convergence.check is 1.069112e-06 
Completing Iteration 23 (approx. per word bound = -33.967, relative change = 1.069e-06) 
........................................................................................................
Completed E-Step (3 seconds). 
Completed M-Step (0 seconds). 
calculate log likelihood 
convergence.check is 1.035363e-06 
Completing Iteration 24 (approx. per word bound = -33.967, relative change = 1.035e-06) 
........................................................................................................
Completed E-Step (3 seconds). 
Completed M-Step (0 seconds). 
calculate log likelihood 
convergence.check is 1.001452e-06 
Completing Iteration 25 (approx. per word bound = -33.967, relative change = 1.001e-06) 
Topic 1: Gene1297, Gene1888, Gene923, Gene361, Gene605 
 Topic 2: Gene500, Gene1548, Gene1888, Gene795, Gene1297 
 Topic 3: Gene419, Gene930, Gene1297, Gene1888, Gene262 
........................................................................................................
Completed E-Step (3 seconds). 
Completed M-Step (0 seconds). 
calculate log likelihood 
convergence.check is 9.715056e-07 
Model Converged 
5 select model run 
Initialization with topicScore. 
Initializing factors using Topic SCORE algorithm.
Initializing loadings by running 10 SCD updates.
........................................................................................................
Completed E-Step (3 seconds). 
Completed M-Step (0 seconds). 
calculate log likelihood 
Completing Iteration 1 (approx. per word bound = -42.778) 
........................................................................................................
Completed E-Step (6 seconds). 
Completed M-Step (0 seconds). 
calculate log likelihood 
convergence.check is 0.2059334 
Completing Iteration 2 (approx. per word bound = -33.968, relative change = 2.059e-01) 
........................................................................................................
Completed E-Step (4 seconds). 
Completed M-Step (0 seconds). 
calculate log likelihood 
convergence.check is 3.646592e-06 
Completing Iteration 3 (approx. per word bound = -33.968, relative change = 3.647e-06) 
........................................................................................................
Completed E-Step (4 seconds). 
Completed M-Step (0 seconds). 
calculate log likelihood 
convergence.check is 3.161623e-06 
Completing Iteration 4 (approx. per word bound = -33.968, relative change = 3.162e-06) 
........................................................................................................
Completed E-Step (4 seconds). 
Completed M-Step (0 seconds). 
calculate log likelihood 
convergence.check is 2.896308e-06 
Completing Iteration 5 (approx. per word bound = -33.968, relative change = 2.896e-06) 
Topic 1: Gene1297, Gene1888, Gene923, Gene361, Gene605 
 Topic 2: Gene500, Gene1548, Gene1888, Gene795, Gene115 
 Topic 3: Gene419, Gene930, Gene1297, Gene1888, Gene262 
........................................................................................................
Completed E-Step (5 seconds). 
Completed M-Step (0 seconds). 
calculate log likelihood 
convergence.check is 2.660208e-06 
Completing Iteration 6 (approx. per word bound = -33.968, relative change = 2.660e-06) 
........................................................................................................
Completed E-Step (4 seconds). 
Completed M-Step (0 seconds). 
calculate log likelihood 
convergence.check is 2.455521e-06 
Completing Iteration 7 (approx. per word bound = -33.968, relative change = 2.456e-06) 
........................................................................................................
Completed E-Step (4 seconds). 
Completed M-Step (0 seconds). 
calculate log likelihood 
convergence.check is 2.284263e-06 
Completing Iteration 8 (approx. per word bound = -33.968, relative change = 2.284e-06) 
........................................................................................................
Completed E-Step (3 seconds). 
Completed M-Step (0 seconds). 
calculate log likelihood 
convergence.check is 2.118307e-06 
Completing Iteration 9 (approx. per word bound = -33.968, relative change = 2.118e-06) 
........................................................................................................
Completed E-Step (3 seconds). 
Completed M-Step (0 seconds). 
calculate log likelihood 
convergence.check is 1.979873e-06 
Completing Iteration 10 (approx. per word bound = -33.968, relative change = 1.980e-06) 
Topic 1: Gene1297, Gene1888, Gene923, Gene361, Gene605 
 Topic 2: Gene500, Gene1548, Gene1888, Gene795, Gene1297 
 Topic 3: Gene419, Gene930, Gene1297, Gene1888, Gene262 
........................................................................................................
Completed E-Step (3 seconds). 
Completed M-Step (0 seconds). 
calculate log likelihood 
convergence.check is 1.856814e-06 
Completing Iteration 11 (approx. per word bound = -33.968, relative change = 1.857e-06) 
........................................................................................................
Completed E-Step (3 seconds). 
Completed M-Step (0 seconds). 
calculate log likelihood 
convergence.check is 1.746764e-06 
Completing Iteration 12 (approx. per word bound = -33.968, relative change = 1.747e-06) 
........................................................................................................
Completed E-Step (3 seconds). 
Completed M-Step (0 seconds). 
calculate log likelihood 
convergence.check is 1.650868e-06 
Completing Iteration 13 (approx. per word bound = -33.967, relative change = 1.651e-06) 
........................................................................................................
Completed E-Step (3 seconds). 
Completed M-Step (0 seconds). 
calculate log likelihood 
convergence.check is 1.564195e-06 
Completing Iteration 14 (approx. per word bound = -33.967, relative change = 1.564e-06) 
........................................................................................................
Completed E-Step (3 seconds). 
Completed M-Step (0 seconds). 
calculate log likelihood 
convergence.check is 1.48597e-06 
Completing Iteration 15 (approx. per word bound = -33.967, relative change = 1.486e-06) 
Topic 1: Gene1297, Gene1888, Gene923, Gene361, Gene605 
 Topic 2: Gene500, Gene1548, Gene1888, Gene795, Gene1297 
 Topic 3: Gene419, Gene930, Gene1297, Gene1888, Gene262 
........................................................................................................
Completed E-Step (3 seconds). 
Completed M-Step (0 seconds). 
calculate log likelihood 
convergence.check is 1.416079e-06 
Completing Iteration 16 (approx. per word bound = -33.967, relative change = 1.416e-06) 
........................................................................................................
Completed E-Step (3 seconds). 
Completed M-Step (0 seconds). 
calculate log likelihood 
convergence.check is 1.35173e-06 
Completing Iteration 17 (approx. per word bound = -33.967, relative change = 1.352e-06) 
........................................................................................................
Completed E-Step (3 seconds). 
Completed M-Step (0 seconds). 
calculate log likelihood 
convergence.check is 1.294696e-06 
Completing Iteration 18 (approx. per word bound = -33.967, relative change = 1.295e-06) 
........................................................................................................
Completed E-Step (3 seconds). 
Completed M-Step (0 seconds). 
calculate log likelihood 
convergence.check is 1.241151e-06 
Completing Iteration 19 (approx. per word bound = -33.967, relative change = 1.241e-06) 
........................................................................................................
Completed E-Step (3 seconds). 
Completed M-Step (0 seconds). 
calculate log likelihood 
convergence.check is 1.193412e-06 
Completing Iteration 20 (approx. per word bound = -33.967, relative change = 1.193e-06) 
Topic 1: Gene1297, Gene1888, Gene923, Gene361, Gene605 
 Topic 2: Gene500, Gene1548, Gene1888, Gene795, Gene1297 
 Topic 3: Gene419, Gene930, Gene1297, Gene1888, Gene262 
........................................................................................................
Completed E-Step (3 seconds). 
Completed M-Step (0 seconds). 
calculate log likelihood 
convergence.check is 1.148039e-06 
Completing Iteration 21 (approx. per word bound = -33.967, relative change = 1.148e-06) 
........................................................................................................
Completed E-Step (3 seconds). 
Completed M-Step (0 seconds). 
calculate log likelihood 
convergence.check is 1.107842e-06 
Completing Iteration 22 (approx. per word bound = -33.967, relative change = 1.108e-06) 
........................................................................................................
Completed E-Step (3 seconds). 
Completed M-Step (0 seconds). 
calculate log likelihood 
convergence.check is 1.069059e-06 
Completing Iteration 23 (approx. per word bound = -33.967, relative change = 1.069e-06) 
........................................................................................................
Completed E-Step (3 seconds). 
Completed M-Step (0 seconds). 
calculate log likelihood 
convergence.check is 1.035536e-06 
Completing Iteration 24 (approx. per word bound = -33.967, relative change = 1.036e-06) 
........................................................................................................
Completed E-Step (3 seconds). 
Completed M-Step (0 seconds). 
calculate log likelihood 
convergence.check is 1.001531e-06 
Completing Iteration 25 (approx. per word bound = -33.967, relative change = 1.002e-06) 
Topic 1: Gene1297, Gene1888, Gene923, Gene361, Gene605 
 Topic 2: Gene500, Gene1548, Gene1888, Gene795, Gene1297 
 Topic 3: Gene419, Gene930, Gene1297, Gene1888, Gene262 
........................................................................................................
Completed E-Step (3 seconds). 
Completed M-Step (0 seconds). 
calculate log likelihood 
convergence.check is 9.715855e-07 
Model Converged 
