sims_1715966361_neg_L1_c3.rds 
Found 10 batches
Using null model in ComBat-seq.
Adjusting for 0 covariate(s) or covariate level(s)
Estimating dispersions
Fitting the GLM model
Shrinkage off - using GLM estimates for parameters
Adjusting the data
Batch Effect Removed 
        R/alignCorpus.R R/asSTMCorpus.R R/checkBeta.R R/cloud.R
value   ?               ?               ?             ?        
visible FALSE           FALSE           FALSE         FALSE    
        R/CompositionChange.R R/convertCorpus.R R/estimateEffect.R
value   ?                     ?                 ?                 
visible FALSE                 FALSE             FALSE             
        R/estimateMixedEffect.R R/exclusivity.R R/findThoughts.R R/findTopic.R
value   ?                       ?               ?                ?            
visible FALSE                   FALSE           FALSE            FALSE        
        R/fitNewDocuments.R R/heldout.R R/jeffreyskappa.R R/labelTopics.R
value   ?                   ?           ?                 ?              
visible FALSE               FALSE       FALSE             FALSE          
        R/makeDesignMatrix.R R/manyTopics.R R/multiSTM.R R/optimalK.R
value   ?                    ?              ?            ?           
visible FALSE                FALSE          FALSE        FALSE       
        R/permute.R R/plot.estimateEffect.R R/plot.fixedEffect.R
value   ?           ?                       ?                   
visible FALSE       FALSE                   FALSE               
        R/plot.searchK.R R/plot.STM.R R/plotModels.R R/plotQuote.R
value   ?                ?            ?              ?            
visible FALSE            FALSE        FALSE          FALSE        
        R/plotRemoved.R R/plottingutilfns.R R/plotTopicLoess.R
value   ?               ?                   ?                 
visible FALSE           FALSE               FALSE             
        R/prepDocuments.R R/prepsce.R R/produce_cmatrix.R R/RcppExports.R
value   ?                 ?           ?                   ?              
visible FALSE             FALSE       FALSE               FALSE          
        R/readCorpus.R R/residuals.R R/s.R R/sageLabels.R R/scSTM.R
value   ?              ?             ?     ?              ?        
visible FALSE          FALSE         FALSE FALSE          FALSE    
        R/selectModel.R R/semanticCoherence.R R/simBetas.R R/spectral.R
value   ?               ?                     ?            ?           
visible FALSE           FALSE                 FALSE        FALSE       
        R/stm-package.R R/stm.control.R R/STMbound.R R/STMconvergence.R
value   NULL            ?               ?            ?                 
visible TRUE            FALSE           FALSE        FALSE             
        R/STMestep.R R/STMfunctions.R R/STMinit.R R/STMinitLikelihood.R
value   ?            ?                ?           ?                    
visible FALSE        FALSE            FALSE       FALSE                
        R/STMlncpp.R R/STMmnreg.R R/STMmu.R R/STMoptbeta.R R/STMreport.R
value   ?            ?            ?         ?              ?            
visible FALSE        FALSE        FALSE     FALSE          FALSE        
        R/STMsigma.R R/STMsigs.R R/STMsubset.R R/summary.STM.R R/tau.R
value   ?            ?           ?             ?               ?      
visible FALSE        FALSE       FALSE         FALSE           FALSE  
        R/textProcessor.R R/thetaPosterior.R R/toLDAvis.R R/topicCorr.R
value   ?                 ?                  ?            ?            
visible FALSE             FALSE              FALSE        FALSE        
        R/topicLasso.R R/topicQuality.R R/writeLdac.R R/zzz.R
value   ?              ?                ?             ?      
visible FALSE          FALSE            FALSE         FALSE  
Removing 2 of 858 genes (2 of 1160010 tokens) due to frequency 
Your Dataset now has 1995 cells, 856 genes and 1160008 tokens. 
Casting net 
1 models in net 
Initialization with topicScore. 
Initializing factors using Topic SCORE algorithm.
Initializing loadings by running 10 SCD updates.
.........................................................................................................
Completed E-Step (5 seconds). 
Completed M-Step (0 seconds). 
calculate log likelihood 
Completing Iteration 1 (approx. per word bound = -189.872) 
.........................................................................................................
Completed E-Step (7 seconds). 
Completed M-Step (0 seconds). 
calculate log likelihood 
convergence.check is 0.8428474 
Completing Iteration 2 (approx. per word bound = -29.839, relative change = 8.428e-01) 
.........................................................................................................
Completed E-Step (7 seconds). 
Completed M-Step (0 seconds). 
calculate log likelihood 
convergence.check is 0.0001029668 
Model Terminated Before Convergence Reached 
2 models in net 
Initialization with topicScore. 
Initializing factors using Topic SCORE algorithm.
Initializing loadings by running 10 SCD updates.
.........................................................................................................
Completed E-Step (7 seconds). 
Completed M-Step (0 seconds). 
calculate log likelihood 
Completing Iteration 1 (approx. per word bound = -75.086) 
.........................................................................................................
Completed E-Step (6 seconds). 
Completed M-Step (0 seconds). 
calculate log likelihood 
convergence.check is 0.6026067 
Completing Iteration 2 (approx. per word bound = -29.839, relative change = 6.026e-01) 
.........................................................................................................
Completed E-Step (6 seconds). 
Completed M-Step (0 seconds). 
calculate log likelihood 
convergence.check is 0.0001570389 
Model Terminated Before Convergence Reached 
3 models in net 
Initialization with topicScore. 
Initializing factors using Topic SCORE algorithm.
Initializing loadings by running 10 SCD updates.
.........................................................................................................
Completed E-Step (3 seconds). 
Completed M-Step (0 seconds). 
calculate log likelihood 
Completing Iteration 1 (approx. per word bound = -37.301) 
.........................................................................................................
Completed E-Step (5 seconds). 
Completed M-Step (0 seconds). 
calculate log likelihood 
convergence.check is 0.2001396 
Completing Iteration 2 (approx. per word bound = -29.836, relative change = 2.001e-01) 
.........................................................................................................
Completed E-Step (5 seconds). 
Completed M-Step (0 seconds). 
calculate log likelihood 
convergence.check is 3.150082e-06 
Model Terminated Before Convergence Reached 
4 models in net 
Initialization with topicScore. 
Initializing factors using Topic SCORE algorithm.
Initializing loadings by running 10 SCD updates.
.........................................................................................................
Completed E-Step (3 seconds). 
Completed M-Step (0 seconds). 
calculate log likelihood 
Completing Iteration 1 (approx. per word bound = -37.369) 
.........................................................................................................
Completed E-Step (5 seconds). 
Completed M-Step (0 seconds). 
calculate log likelihood 
convergence.check is 0.2015929 
Completing Iteration 2 (approx. per word bound = -29.836, relative change = 2.016e-01) 
.........................................................................................................
Completed E-Step (6 seconds). 
Completed M-Step (0 seconds). 
calculate log likelihood 
convergence.check is 2.765336e-06 
Model Terminated Before Convergence Reached 
5 models in net 
Initialization with topicScore. 
Initializing factors using Topic SCORE algorithm.
Initializing loadings by running 10 SCD updates.
.........................................................................................................
Completed E-Step (4 seconds). 
Completed M-Step (0 seconds). 
calculate log likelihood 
Completing Iteration 1 (approx. per word bound = -38.634) 
.........................................................................................................
Completed E-Step (7 seconds). 
Completed M-Step (0 seconds). 
calculate log likelihood 
convergence.check is 0.2276891 
Completing Iteration 2 (approx. per word bound = -29.837, relative change = 2.277e-01) 
.........................................................................................................
Completed E-Step (7 seconds). 
Completed M-Step (0 seconds). 
calculate log likelihood 
convergence.check is 4.843902e-06 
Model Terminated Before Convergence Reached 
6 models in net 
Initialization with topicScore. 
Initializing factors using Topic SCORE algorithm.
Initializing loadings by running 10 SCD updates.
.........................................................................................................
Completed E-Step (3 seconds). 
Completed M-Step (0 seconds). 
calculate log likelihood 
Completing Iteration 1 (approx. per word bound = -37.320) 
.........................................................................................................
Completed E-Step (5 seconds). 
Completed M-Step (0 seconds). 
calculate log likelihood 
convergence.check is 0.2005451 
Completing Iteration 2 (approx. per word bound = -29.836, relative change = 2.005e-01) 
.........................................................................................................
Completed E-Step (5 seconds). 
Completed M-Step (0 seconds). 
calculate log likelihood 
convergence.check is 2.880589e-06 
Model Terminated Before Convergence Reached 
7 models in net 
Initialization with topicScore. 
Initializing factors using Topic SCORE algorithm.
Initializing loadings by running 10 SCD updates.
.........................................................................................................
Completed E-Step (3 seconds). 
Completed M-Step (0 seconds). 
calculate log likelihood 
Completing Iteration 1 (approx. per word bound = -37.310) 
.........................................................................................................
Completed E-Step (5 seconds). 
Completed M-Step (0 seconds). 
calculate log likelihood 
convergence.check is 0.2003346 
Completing Iteration 2 (approx. per word bound = -29.836, relative change = 2.003e-01) 
.........................................................................................................
Completed E-Step (5 seconds). 
Completed M-Step (0 seconds). 
calculate log likelihood 
convergence.check is 3.063001e-06 
Model Terminated Before Convergence Reached 
8 models in net 
Initialization with topicScore. 
Initializing factors using Topic SCORE algorithm.
Initializing loadings by running 10 SCD updates.
.........................................................................................................
Completed E-Step (3 seconds). 
Completed M-Step (0 seconds). 
calculate log likelihood 
Completing Iteration 1 (approx. per word bound = -37.335) 
.........................................................................................................
Completed E-Step (5 seconds). 
Completed M-Step (0 seconds). 
calculate log likelihood 
convergence.check is 0.2008676 
Completing Iteration 2 (approx. per word bound = -29.836, relative change = 2.009e-01) 
.........................................................................................................
Completed E-Step (6 seconds). 
Completed M-Step (0 seconds). 
calculate log likelihood 
convergence.check is 2.907428e-06 
Model Terminated Before Convergence Reached 
9 models in net 
Initialization with topicScore. 
Initializing factors using Topic SCORE algorithm.
Initializing loadings by running 10 SCD updates.
.........................................................................................................
Completed E-Step (3 seconds). 
Completed M-Step (0 seconds). 
calculate log likelihood 
Completing Iteration 1 (approx. per word bound = -37.369) 
.........................................................................................................
Completed E-Step (5 seconds). 
Completed M-Step (0 seconds). 
calculate log likelihood 
convergence.check is 0.2015929 
Completing Iteration 2 (approx. per word bound = -29.836, relative change = 2.016e-01) 
.........................................................................................................
Completed E-Step (5 seconds). 
Completed M-Step (0 seconds). 
calculate log likelihood 
convergence.check is 2.765336e-06 
Model Terminated Before Convergence Reached 
10 models in net 
Initialization with topicScore. 
Initializing factors using Topic SCORE algorithm.
Initializing loadings by running 10 SCD updates.
.........................................................................................................
Completed E-Step (5 seconds). 
Completed M-Step (0 seconds). 
calculate log likelihood 
Completing Iteration 1 (approx. per word bound = -41.917) 
.........................................................................................................
Completed E-Step (7 seconds). 
Completed M-Step (0 seconds). 
calculate log likelihood 
convergence.check is 0.2881925 
Completing Iteration 2 (approx. per word bound = -29.837, relative change = 2.882e-01) 
.........................................................................................................
Completed E-Step (7 seconds). 
Completed M-Step (0 seconds). 
calculate log likelihood 
convergence.check is 1.809252e-05 
Model Terminated Before Convergence Reached 
11 models in net 
Initialization with topicScore. 
Initializing factors using Topic SCORE algorithm.
Initializing loadings by running 10 SCD updates.
.........................................................................................................
Completed E-Step (5 seconds). 
Completed M-Step (0 seconds). 
calculate log likelihood 
Completing Iteration 1 (approx. per word bound = -98.337) 
.........................................................................................................
Completed E-Step (7 seconds). 
Completed M-Step (0 seconds). 
calculate log likelihood 
convergence.check is 0.696573 
Completing Iteration 2 (approx. per word bound = -29.838, relative change = 6.966e-01) 
.........................................................................................................
Completed E-Step (7 seconds). 
Completed M-Step (0 seconds). 
calculate log likelihood 
convergence.check is 8.324312e-05 
Model Terminated Before Convergence Reached 
12 models in net 
Initialization with topicScore. 
Initializing factors using Topic SCORE algorithm.
Initializing loadings by running 10 SCD updates.
.........................................................................................................
Completed E-Step (3 seconds). 
Completed M-Step (0 seconds). 
calculate log likelihood 
Completing Iteration 1 (approx. per word bound = -37.301) 
.........................................................................................................
Completed E-Step (5 seconds). 
Completed M-Step (0 seconds). 
calculate log likelihood 
convergence.check is 0.2001395 
Completing Iteration 2 (approx. per word bound = -29.836, relative change = 2.001e-01) 
.........................................................................................................
Completed E-Step (5 seconds). 
Completed M-Step (0 seconds). 
calculate log likelihood 
convergence.check is 3.146334e-06 
Model Terminated Before Convergence Reached 
13 models in net 
Initialization with topicScore. 
Initializing factors using Topic SCORE algorithm.
Initializing loadings by running 10 SCD updates.
.........................................................................................................
Completed E-Step (5 seconds). 
Completed M-Step (0 seconds). 
calculate log likelihood 
Completing Iteration 1 (approx. per word bound = -38.834) 
.........................................................................................................
Completed E-Step (7 seconds). 
Completed M-Step (0 seconds). 
calculate log likelihood 
convergence.check is 0.2317493 
Completing Iteration 2 (approx. per word bound = -29.835, relative change = 2.317e-01) 
.........................................................................................................
Completed E-Step (7 seconds). 
Completed M-Step (0 seconds). 
calculate log likelihood 
convergence.check is 2.860242e-05 
Model Terminated Before Convergence Reached 
14 models in net 
Initialization with topicScore. 
Initializing factors using Topic SCORE algorithm.
Initializing loadings by running 10 SCD updates.
.........................................................................................................
Completed E-Step (5 seconds). 
Completed M-Step (0 seconds). 
calculate log likelihood 
Completing Iteration 1 (approx. per word bound = -37.369) 
.........................................................................................................
Completed E-Step (5 seconds). 
Completed M-Step (0 seconds). 
calculate log likelihood 
convergence.check is 0.2015929 
Completing Iteration 2 (approx. per word bound = -29.836, relative change = 2.016e-01) 
.........................................................................................................
Completed E-Step (5 seconds). 
Completed M-Step (0 seconds). 
calculate log likelihood 
convergence.check is 2.765336e-06 
Model Terminated Before Convergence Reached 
15 models in net 
Initialization with topicScore. 
Initializing factors using Topic SCORE algorithm.
Initializing loadings by running 10 SCD updates.
.........................................................................................................
Completed E-Step (3 seconds). 
Completed M-Step (0 seconds). 
calculate log likelihood 
Completing Iteration 1 (approx. per word bound = -37.353) 
.........................................................................................................
Completed E-Step (5 seconds). 
Completed M-Step (0 seconds). 
calculate log likelihood 
convergence.check is 0.2012549 
Completing Iteration 2 (approx. per word bound = -29.836, relative change = 2.013e-01) 
.........................................................................................................
Completed E-Step (5 seconds). 
Completed M-Step (0 seconds). 
calculate log likelihood 
convergence.check is 2.820174e-06 
Model Terminated Before Convergence Reached 
16 models in net 
Initialization with topicScore. 
Initializing factors using Topic SCORE algorithm.
Initializing loadings by running 10 SCD updates.
.........................................................................................................
Completed E-Step (3 seconds). 
Completed M-Step (0 seconds). 
calculate log likelihood 
Completing Iteration 1 (approx. per word bound = -37.880) 
.........................................................................................................
Completed E-Step (7 seconds). 
Completed M-Step (0 seconds). 
calculate log likelihood 
convergence.check is 0.2123108 
Completing Iteration 2 (approx. per word bound = -29.838, relative change = 2.123e-01) 
.........................................................................................................
Completed E-Step (6 seconds). 
Completed M-Step (0 seconds). 
calculate log likelihood 
convergence.check is 3.934296e-06 
Model Terminated Before Convergence Reached 
17 models in net 
Initialization with topicScore. 
Initializing factors using Topic SCORE algorithm.
Initializing loadings by running 10 SCD updates.
.........................................................................................................
Completed E-Step (3 seconds). 
Completed M-Step (0 seconds). 
calculate log likelihood 
Completing Iteration 1 (approx. per word bound = -37.815) 
.........................................................................................................
Completed E-Step (6 seconds). 
Completed M-Step (0 seconds). 
calculate log likelihood 
convergence.check is 0.2109459 
Completing Iteration 2 (approx. per word bound = -29.838, relative change = 2.109e-01) 
.........................................................................................................
Completed E-Step (6 seconds). 
Completed M-Step (0 seconds). 
calculate log likelihood 
convergence.check is 3.784489e-06 
Model Terminated Before Convergence Reached 
18 models in net 
Initialization with topicScore. 
Initializing factors using Topic SCORE algorithm.
Initializing loadings by running 10 SCD updates.
.........................................................................................................
Completed E-Step (3 seconds). 
Completed M-Step (0 seconds). 
calculate log likelihood 
Completing Iteration 1 (approx. per word bound = -37.369) 
.........................................................................................................
Completed E-Step (5 seconds). 
Completed M-Step (0 seconds). 
calculate log likelihood 
convergence.check is 0.2015942 
Completing Iteration 2 (approx. per word bound = -29.836, relative change = 2.016e-01) 
.........................................................................................................
Completed E-Step (5 seconds). 
Completed M-Step (0 seconds). 
calculate log likelihood 
convergence.check is 2.767488e-06 
Model Terminated Before Convergence Reached 
19 models in net 
Initialization with topicScore. 
Initializing factors using Topic SCORE algorithm.
Initializing loadings by running 10 SCD updates.
.........................................................................................................
Completed E-Step (4 seconds). 
Completed M-Step (0 seconds). 
calculate log likelihood 
Completing Iteration 1 (approx. per word bound = -107.070) 
.........................................................................................................
Completed E-Step (7 seconds). 
Completed M-Step (0 seconds). 
calculate log likelihood 
convergence.check is 0.7213144 
Completing Iteration 2 (approx. per word bound = -29.839, relative change = 7.213e-01) 
.........................................................................................................
Completed E-Step (7 seconds). 
Completed M-Step (0 seconds). 
calculate log likelihood 
convergence.check is 0.0001057921 
Model Terminated Before Convergence Reached 
20 models in net 
Initialization with topicScore. 
Initializing factors using Topic SCORE algorithm.
Initializing loadings by running 10 SCD updates.
.........................................................................................................
Completed E-Step (5 seconds). 
Completed M-Step (0 seconds). 
calculate log likelihood 
Completing Iteration 1 (approx. per word bound = -37.353) 
.........................................................................................................
Completed E-Step (5 seconds). 
Completed M-Step (0 seconds). 
calculate log likelihood 
convergence.check is 0.2012562 
Completing Iteration 2 (approx. per word bound = -29.836, relative change = 2.013e-01) 
.........................................................................................................
Completed E-Step (5 seconds). 
Completed M-Step (0 seconds). 
calculate log likelihood 
convergence.check is 2.823426e-06 
Model Terminated Before Convergence Reached 
21 models in net 
Beginning Spectral Initialization 
	 Calculating the gram matrix...
	 Finding anchor words...
 	...
	 Recovering initialization...
 	........
Initialization complete.
.........................................................................................................
Completed E-Step (14 seconds). 
Completed M-Step (0 seconds). 
calculate log likelihood 
Completing Iteration 1 (approx. per word bound = -38.362) 
.........................................................................................................
Completed E-Step (6 seconds). 
Completed M-Step (0 seconds). 
calculate log likelihood 
convergence.check is 0.05421443 
Completing Iteration 2 (approx. per word bound = -36.282, relative change = 5.421e-02) 
.........................................................................................................
Completed E-Step (5 seconds). 
Completed M-Step (0 seconds). 
calculate log likelihood 
convergence.check is 0.004566256 
Model Terminated Before Convergence Reached 
22 models in net 
Beginning Random Initialization 
Initialization with Poisson NMF 
.........................................................................................................
Completed E-Step (10 seconds). 
Completed M-Step (0 seconds). 
calculate log likelihood 
Completing Iteration 1 (approx. per word bound = -47.939) 
.........................................................................................................
Completed E-Step (6 seconds). 
Completed M-Step (0 seconds). 
calculate log likelihood 
convergence.check is 0.3755389 
Completing Iteration 2 (approx. per word bound = -29.936, relative change = 3.755e-01) 
.........................................................................................................
Completed E-Step (7 seconds). 
Completed M-Step (0 seconds). 
calculate log likelihood 
convergence.check is 0.0001072416 
Model Terminated Before Convergence Reached 
23 models in net 
Beginning Random Initialization 
Initialization with Poisson NMF 
.........................................................................................................
Completed E-Step (11 seconds). 
Completed M-Step (0 seconds). 
calculate log likelihood 
Completing Iteration 1 (approx. per word bound = -46.653) 
.........................................................................................................
Completed E-Step (6 seconds). 
Completed M-Step (0 seconds). 
calculate log likelihood 
convergence.check is 0.3583683 
Completing Iteration 2 (approx. per word bound = -29.934, relative change = 3.584e-01) 
.........................................................................................................
Completed E-Step (7 seconds). 
Completed M-Step (0 seconds). 
calculate log likelihood 
convergence.check is 9.124513e-05 
Model Terminated Before Convergence Reached 
24 models in net 
Beginning Random Initialization 
Initialization with Poisson NMF 
.........................................................................................................
Completed E-Step (9 seconds). 
Completed M-Step (0 seconds). 
calculate log likelihood 
Completing Iteration 1 (approx. per word bound = -47.442) 
.........................................................................................................
Completed E-Step (6 seconds). 
Completed M-Step (0 seconds). 
calculate log likelihood 
convergence.check is 0.369079 
Completing Iteration 2 (approx. per word bound = -29.932, relative change = 3.691e-01) 
.........................................................................................................
Completed E-Step (6 seconds). 
Completed M-Step (0 seconds). 
calculate log likelihood 
convergence.check is 5.132823e-05 
Model Terminated Before Convergence Reached 
25 models in net 
Beginning Random Initialization 
Initialization with Poisson NMF 
.........................................................................................................
Completed E-Step (8 seconds). 
Completed M-Step (0 seconds). 
calculate log likelihood 
Completing Iteration 1 (approx. per word bound = -46.610) 
.........................................................................................................
Completed E-Step (6 seconds). 
Completed M-Step (0 seconds). 
calculate log likelihood 
convergence.check is 0.3575466 
Completing Iteration 2 (approx. per word bound = -29.945, relative change = 3.575e-01) 
.........................................................................................................
Completed E-Step (6 seconds). 
Completed M-Step (0 seconds). 
calculate log likelihood 
convergence.check is 0.0003955096 
Model Terminated Before Convergence Reached 
26 models in net 
Beginning Random Initialization 
Initialization with Poisson NMF 
.........................................................................................................
Completed E-Step (11 seconds). 
Completed M-Step (0 seconds). 
calculate log likelihood 
Completing Iteration 1 (approx. per word bound = -46.699) 
.........................................................................................................
Completed E-Step (6 seconds). 
Completed M-Step (0 seconds). 
calculate log likelihood 
convergence.check is 0.3589811 
Completing Iteration 2 (approx. per word bound = -29.935, relative change = 3.590e-01) 
.........................................................................................................
Completed E-Step (6 seconds). 
Completed M-Step (0 seconds). 
calculate log likelihood 
convergence.check is 0.0002346436 
Model Terminated Before Convergence Reached 
27 models in net 
Beginning Random Initialization 
Initialization with Poisson NMF 
.........................................................................................................
Completed E-Step (11 seconds). 
Completed M-Step (0 seconds). 
calculate log likelihood 
Completing Iteration 1 (approx. per word bound = -48.028) 
.........................................................................................................
Completed E-Step (6 seconds). 
Completed M-Step (0 seconds). 
calculate log likelihood 
convergence.check is 0.3767457 
Completing Iteration 2 (approx. per word bound = -29.934, relative change = 3.767e-01) 
.........................................................................................................
Completed E-Step (6 seconds). 
Completed M-Step (0 seconds). 
calculate log likelihood 
convergence.check is 2.298411e-05 
Model Terminated Before Convergence Reached 
28 models in net 
Beginning Random Initialization 
Initialization with Poisson NMF 
.........................................................................................................
Completed E-Step (10 seconds). 
Completed M-Step (0 seconds). 
calculate log likelihood 
Completing Iteration 1 (approx. per word bound = -48.561) 
.........................................................................................................
Completed E-Step (7 seconds). 
Completed M-Step (0 seconds). 
calculate log likelihood 
convergence.check is 0.3836161 
Completing Iteration 2 (approx. per word bound = -29.932, relative change = 3.836e-01) 
.........................................................................................................
Completed E-Step (7 seconds). 
Completed M-Step (0 seconds). 
calculate log likelihood 
convergence.check is 2.195109e-05 
Model Terminated Before Convergence Reached 
29 models in net 
Beginning Random Initialization 
Initialization with Poisson NMF 
.........................................................................................................
Completed E-Step (10 seconds). 
Completed M-Step (0 seconds). 
calculate log likelihood 
Completing Iteration 1 (approx. per word bound = -59.078) 
.........................................................................................................
Completed E-Step (7 seconds). 
Completed M-Step (0 seconds). 
calculate log likelihood 
convergence.check is 0.4933739 
Completing Iteration 2 (approx. per word bound = -29.930, relative change = 4.934e-01) 
.........................................................................................................
Completed E-Step (7 seconds). 
Completed M-Step (0 seconds). 
calculate log likelihood 
convergence.check is 5.734649e-05 
Model Terminated Before Convergence Reached 
30 models in net 
Beginning Random Initialization 
Initialization with Poisson NMF 
.........................................................................................................
Completed E-Step (11 seconds). 
Completed M-Step (0 seconds). 
calculate log likelihood 
Completing Iteration 1 (approx. per word bound = -46.448) 
.........................................................................................................
Completed E-Step (6 seconds). 
Completed M-Step (0 seconds). 
calculate log likelihood 
convergence.check is 0.3552005 
Completing Iteration 2 (approx. per word bound = -29.949, relative change = 3.552e-01) 
.........................................................................................................
Completed E-Step (6 seconds). 
Completed M-Step (0 seconds). 
calculate log likelihood 
convergence.check is 0.000709836 
Model Terminated Before Convergence Reached 
31 models in net 
Beginning Random Initialization 
Initialization with Poisson NMF 
.........................................................................................................
Completed E-Step (10 seconds). 
Completed M-Step (0 seconds). 
calculate log likelihood 
Completing Iteration 1 (approx. per word bound = -50.384) 
.........................................................................................................
Completed E-Step (6 seconds). 
Completed M-Step (0 seconds). 
calculate log likelihood 
convergence.check is 0.4058657 
Completing Iteration 2 (approx. per word bound = -29.935, relative change = 4.059e-01) 
.........................................................................................................
Completed E-Step (6 seconds). 
Completed M-Step (0 seconds). 
calculate log likelihood 
convergence.check is 5.504485e-05 
Model Terminated Before Convergence Reached 
32 models in net 
Beginning Random Initialization 
Initialization with Poisson NMF 
.........................................................................................................
Completed E-Step (9 seconds). 
Completed M-Step (0 seconds). 
calculate log likelihood 
Completing Iteration 1 (approx. per word bound = -46.812) 
.........................................................................................................
Completed E-Step (6 seconds). 
Completed M-Step (0 seconds). 
calculate log likelihood 
convergence.check is 0.3593826 
Completing Iteration 2 (approx. per word bound = -29.989, relative change = 3.594e-01) 
.........................................................................................................
Completed E-Step (7 seconds). 
Completed M-Step (0 seconds). 
calculate log likelihood 
convergence.check is 0.001909497 
Model Terminated Before Convergence Reached 
33 models in net 
Beginning Random Initialization 
Initialization with Poisson NMF 
.........................................................................................................
Completed E-Step (11 seconds). 
Completed M-Step (0 seconds). 
calculate log likelihood 
Completing Iteration 1 (approx. per word bound = -46.458) 
.........................................................................................................
Completed E-Step (7 seconds). 
Completed M-Step (0 seconds). 
calculate log likelihood 
convergence.check is 0.3557245 
Completing Iteration 2 (approx. per word bound = -29.932, relative change = 3.557e-01) 
.........................................................................................................
Completed E-Step (7 seconds). 
Completed M-Step (0 seconds). 
calculate log likelihood 
convergence.check is 0.000269106 
Model Terminated Before Convergence Reached 
34 models in net 
Beginning Random Initialization 
Initialization with Poisson NMF 
.........................................................................................................
Completed E-Step (11 seconds). 
Completed M-Step (0 seconds). 
calculate log likelihood 
Completing Iteration 1 (approx. per word bound = -46.902) 
.........................................................................................................
Completed E-Step (6 seconds). 
Completed M-Step (0 seconds). 
calculate log likelihood 
convergence.check is 0.3618467 
Completing Iteration 2 (approx. per word bound = -29.931, relative change = 3.618e-01) 
.........................................................................................................
Completed E-Step (6 seconds). 
Completed M-Step (0 seconds). 
calculate log likelihood 
convergence.check is 4.371074e-05 
Model Terminated Before Convergence Reached 
35 models in net 
Beginning Random Initialization 
Initialization with Poisson NMF 
.........................................................................................................
Completed E-Step (9 seconds). 
Completed M-Step (0 seconds). 
calculate log likelihood 
Completing Iteration 1 (approx. per word bound = -47.115) 
.........................................................................................................
Completed E-Step (6 seconds). 
Completed M-Step (0 seconds). 
calculate log likelihood 
convergence.check is 0.3646317 
Completing Iteration 2 (approx. per word bound = -29.936, relative change = 3.646e-01) 
.........................................................................................................
Completed E-Step (5 seconds). 
Completed M-Step (0 seconds). 
calculate log likelihood 
convergence.check is 8.378207e-05 
Model Terminated Before Convergence Reached 
36 models in net 
Beginning Random Initialization 
Initialization with Poisson NMF 
.........................................................................................................
Completed E-Step (10 seconds). 
Completed M-Step (0 seconds). 
calculate log likelihood 
Completing Iteration 1 (approx. per word bound = -48.352) 
.........................................................................................................
Completed E-Step (6 seconds). 
Completed M-Step (0 seconds). 
calculate log likelihood 
convergence.check is 0.3706367 
Completing Iteration 2 (approx. per word bound = -30.431, relative change = 3.706e-01) 
.........................................................................................................
Completed E-Step (8 seconds). 
Completed M-Step (0 seconds). 
calculate log likelihood 
convergence.check is 0.01642017 
Model Terminated Before Convergence Reached 
37 models in net 
Beginning Random Initialization 
Initialization with Poisson NMF 
.........................................................................................................
Completed E-Step (9 seconds). 
Completed M-Step (0 seconds). 
calculate log likelihood 
Completing Iteration 1 (approx. per word bound = -46.284) 
.........................................................................................................
Completed E-Step (6 seconds). 
Completed M-Step (0 seconds). 
calculate log likelihood 
convergence.check is 0.3532603 
Completing Iteration 2 (approx. per word bound = -29.934, relative change = 3.533e-01) 
.........................................................................................................
Completed E-Step (6 seconds). 
Completed M-Step (0 seconds). 
calculate log likelihood 
convergence.check is 9.567854e-06 
Model Terminated Before Convergence Reached 
38 models in net 
Beginning Random Initialization 
Initialization with Poisson NMF 
.........................................................................................................
Completed E-Step (8 seconds). 
Completed M-Step (0 seconds). 
calculate log likelihood 
Completing Iteration 1 (approx. per word bound = -46.703) 
.........................................................................................................
Completed E-Step (4 seconds). 
Completed M-Step (0 seconds). 
calculate log likelihood 
convergence.check is 0.3590839 
Completing Iteration 2 (approx. per word bound = -29.933, relative change = 3.591e-01) 
.........................................................................................................
Completed E-Step (4 seconds). 
Completed M-Step (0 seconds). 
calculate log likelihood 
convergence.check is 2.504486e-05 
Model Terminated Before Convergence Reached 
39 models in net 
Beginning Random Initialization 
Initialization with Poisson NMF 
.........................................................................................................
Completed E-Step (10 seconds). 
Completed M-Step (0 seconds). 
calculate log likelihood 
Completing Iteration 1 (approx. per word bound = -49.036) 
.........................................................................................................
Completed E-Step (5 seconds). 
Completed M-Step (0 seconds). 
calculate log likelihood 
convergence.check is 0.3895491 
Completing Iteration 2 (approx. per word bound = -29.934, relative change = 3.895e-01) 
.........................................................................................................
Completed E-Step (6 seconds). 
Completed M-Step (0 seconds). 
calculate log likelihood 
convergence.check is 9.598358e-06 
Model Terminated Before Convergence Reached 
40 models in net 
Beginning Random Initialization 
Initialization with Poisson NMF 
.........................................................................................................
Completed E-Step (9 seconds). 
Completed M-Step (0 seconds). 
calculate log likelihood 
Completing Iteration 1 (approx. per word bound = -46.669) 
.........................................................................................................
Completed E-Step (7 seconds). 
Completed M-Step (0 seconds). 
calculate log likelihood 
convergence.check is 0.358247 
Completing Iteration 2 (approx. per word bound = -29.950, relative change = 3.582e-01) 
.........................................................................................................
Completed E-Step (7 seconds). 
Completed M-Step (0 seconds). 
calculate log likelihood 
convergence.check is 0.0005685466 
Model Terminated Before Convergence Reached 
41 models in net 
Beginning Random Initialization 
Initialization with Poisson NMF 
.........................................................................................................
Completed E-Step (10 seconds). 
Completed M-Step (0 seconds). 
calculate log likelihood 
Completing Iteration 1 (approx. per word bound = -46.432) 
.........................................................................................................
Completed E-Step (7 seconds). 
Completed M-Step (0 seconds). 
calculate log likelihood 
convergence.check is 0.3553366 
Completing Iteration 2 (approx. per word bound = -29.933, relative change = 3.553e-01) 
.........................................................................................................
Completed E-Step (6 seconds). 
Completed M-Step (0 seconds). 
calculate log likelihood 
convergence.check is 1.969816e-05 
Model Terminated Before Convergence Reached 
Running select models 
1 select model run 
Initialization with topicScore. 
Initializing factors using Topic SCORE algorithm.
Initializing loadings by running 10 SCD updates.
.........................................................................................................
Completed E-Step (5 seconds). 
Completed M-Step (0 seconds). 
calculate log likelihood 
Completing Iteration 1 (approx. per word bound = -38.834) 
.........................................................................................................
Completed E-Step (7 seconds). 
Completed M-Step (0 seconds). 
calculate log likelihood 
convergence.check is 0.2317493 
Completing Iteration 2 (approx. per word bound = -29.835, relative change = 2.317e-01) 
.........................................................................................................
Completed E-Step (7 seconds). 
Completed M-Step (0 seconds). 
calculate log likelihood 
convergence.check is 2.860242e-05 
Completing Iteration 3 (approx. per word bound = -29.834, relative change = 2.860e-05) 
.........................................................................................................
Completed E-Step (6 seconds). 
Completed M-Step (0 seconds). 
calculate log likelihood 
convergence.check is 2.847656e-06 
Completing Iteration 4 (approx. per word bound = -29.834, relative change = 2.848e-06) 
.........................................................................................................
Completed E-Step (6 seconds). 
Completed M-Step (0 seconds). 
calculate log likelihood 
convergence.check is 2.346603e-06 
Completing Iteration 5 (approx. per word bound = -29.834, relative change = 2.347e-06) 
Topic 1: Gene1712, Gene438, Gene802, Gene359, Gene1493 
 Topic 2: Gene1712, Gene802, Gene922, Gene1856, Gene273 
 Topic 3: Gene294, Gene675, Gene1712, Gene1626, Gene1619 
.........................................................................................................
Completed E-Step (6 seconds). 
Completed M-Step (0 seconds). 
calculate log likelihood 
convergence.check is 2.059098e-06 
Completing Iteration 6 (approx. per word bound = -29.834, relative change = 2.059e-06) 
.........................................................................................................
Completed E-Step (5 seconds). 
Completed M-Step (0 seconds). 
calculate log likelihood 
convergence.check is 1.811047e-06 
Completing Iteration 7 (approx. per word bound = -29.834, relative change = 1.811e-06) 
.........................................................................................................
Completed E-Step (6 seconds). 
Completed M-Step (0 seconds). 
calculate log likelihood 
convergence.check is 1.642519e-06 
Completing Iteration 8 (approx. per word bound = -29.833, relative change = 1.643e-06) 
.........................................................................................................
Completed E-Step (5 seconds). 
Completed M-Step (0 seconds). 
calculate log likelihood 
convergence.check is 1.486178e-06 
Completing Iteration 9 (approx. per word bound = -29.833, relative change = 1.486e-06) 
.........................................................................................................
Completed E-Step (5 seconds). 
Completed M-Step (0 seconds). 
calculate log likelihood 
convergence.check is 1.397197e-06 
Completing Iteration 10 (approx. per word bound = -29.833, relative change = 1.397e-06) 
Topic 1: Gene1712, Gene438, Gene802, Gene359, Gene1493 
 Topic 2: Gene1712, Gene802, Gene922, Gene1856, Gene273 
 Topic 3: Gene294, Gene1712, Gene675, Gene1626, Gene1619 
.........................................................................................................
Completed E-Step (5 seconds). 
Completed M-Step (0 seconds). 
calculate log likelihood 
convergence.check is 1.306565e-06 
Completing Iteration 11 (approx. per word bound = -29.833, relative change = 1.307e-06) 
.........................................................................................................
Completed E-Step (5 seconds). 
Completed M-Step (0 seconds). 
calculate log likelihood 
convergence.check is 1.124598e-06 
Completing Iteration 12 (approx. per word bound = -29.833, relative change = 1.125e-06) 
.........................................................................................................
Completed E-Step (5 seconds). 
Completed M-Step (0 seconds). 
calculate log likelihood 
convergence.check is 1.262166e-06 
Completing Iteration 13 (approx. per word bound = -29.833, relative change = 1.262e-06) 
.........................................................................................................
Completed E-Step (5 seconds). 
Completed M-Step (0 seconds). 
calculate log likelihood 
convergence.check is 1.011177e-06 
Completing Iteration 14 (approx. per word bound = -29.833, relative change = 1.011e-06) 
.........................................................................................................
Completed E-Step (5 seconds). 
Completed M-Step (0 seconds). 
calculate log likelihood 
convergence.check is 1.12216e-06 
Completing Iteration 15 (approx. per word bound = -29.833, relative change = 1.122e-06) 
Topic 1: Gene1712, Gene438, Gene802, Gene359, Gene1493 
 Topic 2: Gene1712, Gene802, Gene922, Gene1856, Gene273 
 Topic 3: Gene294, Gene1712, Gene675, Gene1626, Gene1619 
.........................................................................................................
Completed E-Step (5 seconds). 
Completed M-Step (0 seconds). 
calculate log likelihood 
convergence.check is 9.80801e-07 
Model Converged 
2 select model run 
Initialization with topicScore. 
Initializing factors using Topic SCORE algorithm.
Initializing loadings by running 10 SCD updates.
.........................................................................................................
Completed E-Step (6 seconds). 
Completed M-Step (0 seconds). 
calculate log likelihood 
Completing Iteration 1 (approx. per word bound = -75.086) 
.........................................................................................................
Completed E-Step (7 seconds). 
Completed M-Step (0 seconds). 
calculate log likelihood 
convergence.check is 0.6026067 
Completing Iteration 2 (approx. per word bound = -29.839, relative change = 6.026e-01) 
.........................................................................................................
Completed E-Step (7 seconds). 
Completed M-Step (0 seconds). 
calculate log likelihood 
convergence.check is 0.0001570389 
Completing Iteration 3 (approx. per word bound = -29.834, relative change = 1.570e-04) 
.........................................................................................................
Completed E-Step (7 seconds). 
Completed M-Step (0 seconds). 
calculate log likelihood 
convergence.check is 4.533981e-06 
Completing Iteration 4 (approx. per word bound = -29.834, relative change = 4.534e-06) 
.........................................................................................................
Completed E-Step (7 seconds). 
Completed M-Step (0 seconds). 
calculate log likelihood 
convergence.check is 2.080591e-06 
Completing Iteration 5 (approx. per word bound = -29.834, relative change = 2.081e-06) 
Topic 1: Gene1712, Gene802, Gene922, Gene273, Gene1715 
 Topic 2: Gene1712, Gene438, Gene802, Gene359, Gene1493 
 Topic 3: Gene294, Gene1712, Gene675, Gene1626, Gene1379 
.........................................................................................................
Completed E-Step (7 seconds). 
Completed M-Step (0 seconds). 
calculate log likelihood 
convergence.check is 2.041025e-06 
Completing Iteration 6 (approx. per word bound = -29.834, relative change = 2.041e-06) 
.........................................................................................................
Completed E-Step (7 seconds). 
Completed M-Step (0 seconds). 
calculate log likelihood 
convergence.check is 1.833272e-06 
Completing Iteration 7 (approx. per word bound = -29.834, relative change = 1.833e-06) 
.........................................................................................................
Completed E-Step (6 seconds). 
Completed M-Step (0 seconds). 
calculate log likelihood 
convergence.check is 1.503389e-06 
Completing Iteration 8 (approx. per word bound = -29.833, relative change = 1.503e-06) 
.........................................................................................................
Completed E-Step (6 seconds). 
Completed M-Step (0 seconds). 
calculate log likelihood 
convergence.check is 1.450453e-06 
Completing Iteration 9 (approx. per word bound = -29.833, relative change = 1.450e-06) 
.........................................................................................................
Completed E-Step (6 seconds). 
Completed M-Step (0 seconds). 
calculate log likelihood 
convergence.check is 1.325663e-06 
Completing Iteration 10 (approx. per word bound = -29.833, relative change = 1.326e-06) 
Topic 1: Gene1712, Gene802, Gene922, Gene273, Gene1856 
 Topic 2: Gene1712, Gene438, Gene802, Gene359, Gene1493 
 Topic 3: Gene294, Gene1712, Gene675, Gene1626, Gene1379 
.........................................................................................................
Completed E-Step (5 seconds). 
Completed M-Step (0 seconds). 
calculate log likelihood 
convergence.check is 1.316074e-06 
Completing Iteration 11 (approx. per word bound = -29.833, relative change = 1.316e-06) 
.........................................................................................................
Completed E-Step (5 seconds). 
Completed M-Step (0 seconds). 
calculate log likelihood 
convergence.check is 1.187804e-06 
Completing Iteration 12 (approx. per word bound = -29.833, relative change = 1.188e-06) 
.........................................................................................................
Completed E-Step (5 seconds). 
Completed M-Step (0 seconds). 
calculate log likelihood 
convergence.check is 1.042165e-06 
Completing Iteration 13 (approx. per word bound = -29.833, relative change = 1.042e-06) 
.........................................................................................................
Completed E-Step (5 seconds). 
Completed M-Step (0 seconds). 
calculate log likelihood 
convergence.check is 9.723662e-07 
Model Converged 
3 select model run 
Initialization with topicScore. 
Initializing factors using Topic SCORE algorithm.
Initializing loadings by running 10 SCD updates.
.........................................................................................................
Completed E-Step (4 seconds). 
Completed M-Step (0 seconds). 
calculate log likelihood 
Completing Iteration 1 (approx. per word bound = -37.310) 
.........................................................................................................
Completed E-Step (5 seconds). 
Completed M-Step (0 seconds). 
calculate log likelihood 
convergence.check is 0.2003346 
Completing Iteration 2 (approx. per word bound = -29.836, relative change = 2.003e-01) 
.........................................................................................................
Completed E-Step (6 seconds). 
Completed M-Step (0 seconds). 
calculate log likelihood 
convergence.check is 3.063001e-06 
Completing Iteration 3 (approx. per word bound = -29.836, relative change = 3.063e-06) 
.........................................................................................................
Completed E-Step (5 seconds). 
Completed M-Step (0 seconds). 
calculate log likelihood 
convergence.check is 2.669092e-06 
Completing Iteration 4 (approx. per word bound = -29.835, relative change = 2.669e-06) 
.........................................................................................................
Completed E-Step (5 seconds). 
Completed M-Step (0 seconds). 
calculate log likelihood 
convergence.check is 2.495742e-06 
Completing Iteration 5 (approx. per word bound = -29.835, relative change = 2.496e-06) 
Topic 1: Gene1712, Gene438, Gene802, Gene359, Gene1493 
 Topic 2: Gene1712, Gene922, Gene802, Gene1856, Gene1715 
 Topic 3: Gene294, Gene675, Gene1626, Gene1712, Gene1619 
.........................................................................................................
Completed E-Step (5 seconds). 
Completed M-Step (0 seconds). 
calculate log likelihood 
convergence.check is 2.350136e-06 
Completing Iteration 6 (approx. per word bound = -29.835, relative change = 2.350e-06) 
.........................................................................................................
Completed E-Step (5 seconds). 
Completed M-Step (0 seconds). 
calculate log likelihood 
convergence.check is 2.217727e-06 
Completing Iteration 7 (approx. per word bound = -29.835, relative change = 2.218e-06) 
.........................................................................................................
Completed E-Step (5 seconds). 
Completed M-Step (0 seconds). 
calculate log likelihood 
convergence.check is 2.102073e-06 
Completing Iteration 8 (approx. per word bound = -29.835, relative change = 2.102e-06) 
.........................................................................................................
Completed E-Step (5 seconds). 
Completed M-Step (0 seconds). 
calculate log likelihood 
convergence.check is 1.993639e-06 
Completing Iteration 9 (approx. per word bound = -29.835, relative change = 1.994e-06) 
.........................................................................................................
Completed E-Step (5 seconds). 
Completed M-Step (0 seconds). 
calculate log likelihood 
convergence.check is 1.899068e-06 
Completing Iteration 10 (approx. per word bound = -29.835, relative change = 1.899e-06) 
Topic 1: Gene1712, Gene438, Gene802, Gene359, Gene1493 
 Topic 2: Gene1712, Gene802, Gene922, Gene1856, Gene1715 
 Topic 3: Gene294, Gene675, Gene1626, Gene1712, Gene1619 
.........................................................................................................
Completed E-Step (5 seconds). 
Completed M-Step (0 seconds). 
calculate log likelihood 
convergence.check is 1.80932e-06 
Completing Iteration 11 (approx. per word bound = -29.835, relative change = 1.809e-06) 
.........................................................................................................
Completed E-Step (5 seconds). 
Completed M-Step (0 seconds). 
calculate log likelihood 
convergence.check is 1.72857e-06 
Completing Iteration 12 (approx. per word bound = -29.835, relative change = 1.729e-06) 
.........................................................................................................
Completed E-Step (5 seconds). 
Completed M-Step (0 seconds). 
calculate log likelihood 
convergence.check is 1.654272e-06 
Completing Iteration 13 (approx. per word bound = -29.835, relative change = 1.654e-06) 
.........................................................................................................
Completed E-Step (5 seconds). 
Completed M-Step (0 seconds). 
calculate log likelihood 
convergence.check is 1.586361e-06 
Completing Iteration 14 (approx. per word bound = -29.835, relative change = 1.586e-06) 
.........................................................................................................
Completed E-Step (5 seconds). 
Completed M-Step (0 seconds). 
calculate log likelihood 
convergence.check is 1.522119e-06 
Completing Iteration 15 (approx. per word bound = -29.835, relative change = 1.522e-06) 
Topic 1: Gene1712, Gene438, Gene802, Gene359, Gene1493 
 Topic 2: Gene1712, Gene802, Gene922, Gene1856, Gene1715 
 Topic 3: Gene294, Gene675, Gene1626, Gene1712, Gene1619 
.........................................................................................................
Completed E-Step (5 seconds). 
Completed M-Step (0 seconds). 
calculate log likelihood 
convergence.check is 1.463465e-06 
Completing Iteration 16 (approx. per word bound = -29.835, relative change = 1.463e-06) 
.........................................................................................................
Completed E-Step (5 seconds). 
Completed M-Step (0 seconds). 
calculate log likelihood 
convergence.check is 1.394703e-06 
Completing Iteration 17 (approx. per word bound = -29.835, relative change = 1.395e-06) 
.........................................................................................................
Completed E-Step (5 seconds). 
Completed M-Step (0 seconds). 
calculate log likelihood 
convergence.check is 1.367822e-06 
Completing Iteration 18 (approx. per word bound = -29.835, relative change = 1.368e-06) 
.........................................................................................................
Completed E-Step (4 seconds). 
Completed M-Step (0 seconds). 
calculate log likelihood 
convergence.check is 1.311527e-06 
Completing Iteration 19 (approx. per word bound = -29.835, relative change = 1.312e-06) 
.........................................................................................................
Completed E-Step (4 seconds). 
Completed M-Step (0 seconds). 
calculate log likelihood 
convergence.check is 1.263397e-06 
Completing Iteration 20 (approx. per word bound = -29.835, relative change = 1.263e-06) 
Topic 1: Gene1712, Gene438, Gene802, Gene359, Gene1493 
 Topic 2: Gene1712, Gene802, Gene922, Gene1856, Gene1715 
 Topic 3: Gene294, Gene675, Gene1626, Gene1712, Gene1619 
.........................................................................................................
Completed E-Step (4 seconds). 
Completed M-Step (0 seconds). 
calculate log likelihood 
convergence.check is 1.22048e-06 
Completing Iteration 21 (approx. per word bound = -29.835, relative change = 1.220e-06) 
.........................................................................................................
Completed E-Step (4 seconds). 
Completed M-Step (0 seconds). 
calculate log likelihood 
convergence.check is 1.17914e-06 
Completing Iteration 22 (approx. per word bound = -29.835, relative change = 1.179e-06) 
.........................................................................................................
Completed E-Step (4 seconds). 
Completed M-Step (0 seconds). 
calculate log likelihood 
convergence.check is 1.141062e-06 
Completing Iteration 23 (approx. per word bound = -29.834, relative change = 1.141e-06) 
.........................................................................................................
Completed E-Step (4 seconds). 
Completed M-Step (0 seconds). 
calculate log likelihood 
convergence.check is 1.103546e-06 
Completing Iteration 24 (approx. per word bound = -29.834, relative change = 1.104e-06) 
.........................................................................................................
Completed E-Step (4 seconds). 
Completed M-Step (0 seconds). 
calculate log likelihood 
convergence.check is 1.068625e-06 
Completing Iteration 25 (approx. per word bound = -29.834, relative change = 1.069e-06) 
Topic 1: Gene1712, Gene438, Gene802, Gene359, Gene1493 
 Topic 2: Gene1712, Gene802, Gene922, Gene1856, Gene1715 
 Topic 3: Gene294, Gene675, Gene1712, Gene1626, Gene1619 
.........................................................................................................
Completed E-Step (4 seconds). 
Completed M-Step (0 seconds). 
calculate log likelihood 
convergence.check is 1.03445e-06 
Completing Iteration 26 (approx. per word bound = -29.834, relative change = 1.034e-06) 
.........................................................................................................
Completed E-Step (4 seconds). 
Completed M-Step (0 seconds). 
calculate log likelihood 
convergence.check is 1.001414e-06 
Completing Iteration 27 (approx. per word bound = -29.834, relative change = 1.001e-06) 
.........................................................................................................
Completed E-Step (4 seconds). 
Completed M-Step (0 seconds). 
calculate log likelihood 
convergence.check is 9.698725e-07 
Model Converged 
4 select model run 
Initialization with topicScore. 
Initializing factors using Topic SCORE algorithm.
Initializing loadings by running 10 SCD updates.
.........................................................................................................
Completed E-Step (4 seconds). 
Completed M-Step (0 seconds). 
calculate log likelihood 
Completing Iteration 1 (approx. per word bound = -37.301) 
.........................................................................................................
Completed E-Step (6 seconds). 
Completed M-Step (0 seconds). 
calculate log likelihood 
convergence.check is 0.2001396 
Completing Iteration 2 (approx. per word bound = -29.836, relative change = 2.001e-01) 
.........................................................................................................
Completed E-Step (6 seconds). 
Completed M-Step (0 seconds). 
calculate log likelihood 
convergence.check is 3.150082e-06 
Completing Iteration 3 (approx. per word bound = -29.836, relative change = 3.150e-06) 
.........................................................................................................
Completed E-Step (6 seconds). 
Completed M-Step (0 seconds). 
calculate log likelihood 
convergence.check is 2.76603e-06 
Completing Iteration 4 (approx. per word bound = -29.836, relative change = 2.766e-06) 
.........................................................................................................
Completed E-Step (7 seconds). 
Completed M-Step (0 seconds). 
calculate log likelihood 
convergence.check is 2.575068e-06 
Completing Iteration 5 (approx. per word bound = -29.835, relative change = 2.575e-06) 
Topic 1: Gene1712, Gene922, Gene802, Gene1856, Gene1715 
 Topic 2: Gene1712, Gene438, Gene802, Gene359, Gene1493 
 Topic 3: Gene294, Gene675, Gene1626, Gene1712, Gene1619 
.........................................................................................................
Completed E-Step (5 seconds). 
Completed M-Step (0 seconds). 
calculate log likelihood 
convergence.check is 2.450902e-06 
Completing Iteration 6 (approx. per word bound = -29.835, relative change = 2.451e-06) 
.........................................................................................................
Completed E-Step (5 seconds). 
Completed M-Step (0 seconds). 
calculate log likelihood 
convergence.check is 2.304413e-06 
Completing Iteration 7 (approx. per word bound = -29.835, relative change = 2.304e-06) 
.........................................................................................................
Completed E-Step (5 seconds). 
Completed M-Step (0 seconds). 
calculate log likelihood 
convergence.check is 2.180833e-06 
Completing Iteration 8 (approx. per word bound = -29.835, relative change = 2.181e-06) 
.........................................................................................................
Completed E-Step (5 seconds). 
Completed M-Step (0 seconds). 
calculate log likelihood 
convergence.check is 2.068234e-06 
Completing Iteration 9 (approx. per word bound = -29.835, relative change = 2.068e-06) 
.........................................................................................................
Completed E-Step (5 seconds). 
Completed M-Step (0 seconds). 
calculate log likelihood 
convergence.check is 1.965893e-06 
Completing Iteration 10 (approx. per word bound = -29.835, relative change = 1.966e-06) 
Topic 1: Gene1712, Gene802, Gene922, Gene1856, Gene1715 
 Topic 2: Gene1712, Gene438, Gene802, Gene359, Gene1493 
 Topic 3: Gene294, Gene675, Gene1626, Gene1712, Gene1619 
.........................................................................................................
Completed E-Step (5 seconds). 
Completed M-Step (0 seconds). 
calculate log likelihood 
convergence.check is 1.873225e-06 
Completing Iteration 11 (approx. per word bound = -29.835, relative change = 1.873e-06) 
.........................................................................................................
Completed E-Step (5 seconds). 
Completed M-Step (0 seconds). 
calculate log likelihood 
convergence.check is 1.786901e-06 
Completing Iteration 12 (approx. per word bound = -29.835, relative change = 1.787e-06) 
.........................................................................................................
Completed E-Step (5 seconds). 
Completed M-Step (0 seconds). 
calculate log likelihood 
convergence.check is 1.708438e-06 
Completing Iteration 13 (approx. per word bound = -29.835, relative change = 1.708e-06) 
.........................................................................................................
Completed E-Step (5 seconds). 
Completed M-Step (0 seconds). 
calculate log likelihood 
convergence.check is 1.634704e-06 
Completing Iteration 14 (approx. per word bound = -29.835, relative change = 1.635e-06) 
.........................................................................................................
Completed E-Step (5 seconds). 
Completed M-Step (0 seconds). 
calculate log likelihood 
convergence.check is 1.567112e-06 
Completing Iteration 15 (approx. per word bound = -29.835, relative change = 1.567e-06) 
Topic 1: Gene1712, Gene802, Gene922, Gene1856, Gene1715 
 Topic 2: Gene1712, Gene438, Gene802, Gene359, Gene1493 
 Topic 3: Gene294, Gene675, Gene1626, Gene1712, Gene1619 
.........................................................................................................
Completed E-Step (5 seconds). 
Completed M-Step (0 seconds). 
calculate log likelihood 
convergence.check is 1.504143e-06 
Completing Iteration 16 (approx. per word bound = -29.835, relative change = 1.504e-06) 
.........................................................................................................
Completed E-Step (5 seconds). 
Completed M-Step (0 seconds). 
calculate log likelihood 
convergence.check is 1.445143e-06 
Completing Iteration 17 (approx. per word bound = -29.835, relative change = 1.445e-06) 
.........................................................................................................
Completed E-Step (4 seconds). 
Completed M-Step (0 seconds). 
calculate log likelihood 
convergence.check is 1.391137e-06 
Completing Iteration 18 (approx. per word bound = -29.835, relative change = 1.391e-06) 
.........................................................................................................
Completed E-Step (4 seconds). 
Completed M-Step (0 seconds). 
calculate log likelihood 
convergence.check is 1.338803e-06 
Completing Iteration 19 (approx. per word bound = -29.835, relative change = 1.339e-06) 
.........................................................................................................
Completed E-Step (4 seconds). 
Completed M-Step (0 seconds). 
calculate log likelihood 
convergence.check is 1.28909e-06 
Completing Iteration 20 (approx. per word bound = -29.835, relative change = 1.289e-06) 
Topic 1: Gene1712, Gene802, Gene922, Gene1856, Gene1715 
 Topic 2: Gene1712, Gene438, Gene802, Gene359, Gene1493 
 Topic 3: Gene294, Gene675, Gene1626, Gene1712, Gene1619 
.........................................................................................................
Completed E-Step (4 seconds). 
Completed M-Step (0 seconds). 
calculate log likelihood 
convergence.check is 1.244757e-06 
Completing Iteration 21 (approx. per word bound = -29.835, relative change = 1.245e-06) 
.........................................................................................................
Completed E-Step (4 seconds). 
Completed M-Step (0 seconds). 
calculate log likelihood 
convergence.check is 1.200761e-06 
Completing Iteration 22 (approx. per word bound = -29.835, relative change = 1.201e-06) 
.........................................................................................................
Completed E-Step (4 seconds). 
Completed M-Step (0 seconds). 
calculate log likelihood 
convergence.check is 1.161266e-06 
Completing Iteration 23 (approx. per word bound = -29.835, relative change = 1.161e-06) 
.........................................................................................................
Completed E-Step (4 seconds). 
Completed M-Step (0 seconds). 
calculate log likelihood 
convergence.check is 1.121297e-06 
Completing Iteration 24 (approx. per word bound = -29.835, relative change = 1.121e-06) 
.........................................................................................................
Completed E-Step (4 seconds). 
Completed M-Step (0 seconds). 
calculate log likelihood 
convergence.check is 1.085271e-06 
Completing Iteration 25 (approx. per word bound = -29.835, relative change = 1.085e-06) 
Topic 1: Gene1712, Gene802, Gene922, Gene1856, Gene1715 
 Topic 2: Gene1712, Gene438, Gene802, Gene359, Gene1493 
 Topic 3: Gene294, Gene675, Gene1626, Gene1712, Gene1619 
.........................................................................................................
Completed E-Step (4 seconds). 
Completed M-Step (0 seconds). 
calculate log likelihood 
convergence.check is 1.049337e-06 
Completing Iteration 26 (approx. per word bound = -29.834, relative change = 1.049e-06) 
.........................................................................................................
Completed E-Step (4 seconds). 
Completed M-Step (0 seconds). 
calculate log likelihood 
convergence.check is 1.016659e-06 
Completing Iteration 27 (approx. per word bound = -29.834, relative change = 1.017e-06) 
.........................................................................................................
Completed E-Step (4 seconds). 
Completed M-Step (0 seconds). 
calculate log likelihood 
convergence.check is 9.834076e-07 
Model Converged 
5 select model run 
Initialization with topicScore. 
Initializing factors using Topic SCORE algorithm.
Initializing loadings by running 10 SCD updates.
.........................................................................................................
Completed E-Step (4 seconds). 
Completed M-Step (0 seconds). 
calculate log likelihood 
Completing Iteration 1 (approx. per word bound = -37.301) 
.........................................................................................................
Completed E-Step (5 seconds). 
Completed M-Step (0 seconds). 
calculate log likelihood 
convergence.check is 0.2001395 
Completing Iteration 2 (approx. per word bound = -29.836, relative change = 2.001e-01) 
.........................................................................................................
Completed E-Step (5 seconds). 
Completed M-Step (0 seconds). 
calculate log likelihood 
convergence.check is 3.146334e-06 
Completing Iteration 3 (approx. per word bound = -29.836, relative change = 3.146e-06) 
.........................................................................................................
Completed E-Step (5 seconds). 
Completed M-Step (0 seconds). 
calculate log likelihood 
convergence.check is 2.76834e-06 
Completing Iteration 4 (approx. per word bound = -29.836, relative change = 2.768e-06) 
.........................................................................................................
Completed E-Step (5 seconds). 
Completed M-Step (0 seconds). 
calculate log likelihood 
convergence.check is 2.57558e-06 
Completing Iteration 5 (approx. per word bound = -29.835, relative change = 2.576e-06) 
Topic 1: Gene1712, Gene438, Gene802, Gene359, Gene1493 
 Topic 2: Gene1712, Gene922, Gene802, Gene1856, Gene1715 
 Topic 3: Gene294, Gene675, Gene1626, Gene1712, Gene1619 
.........................................................................................................
Completed E-Step (5 seconds). 
Completed M-Step (0 seconds). 
calculate log likelihood 
convergence.check is 2.453234e-06 
Completing Iteration 6 (approx. per word bound = -29.835, relative change = 2.453e-06) 
.........................................................................................................
Completed E-Step (5 seconds). 
Completed M-Step (0 seconds). 
calculate log likelihood 
convergence.check is 2.303896e-06 
Completing Iteration 7 (approx. per word bound = -29.835, relative change = 2.304e-06) 
.........................................................................................................
Completed E-Step (5 seconds). 
Completed M-Step (0 seconds). 
calculate log likelihood 
convergence.check is 2.181738e-06 
Completing Iteration 8 (approx. per word bound = -29.835, relative change = 2.182e-06) 
.........................................................................................................
Completed E-Step (5 seconds). 
Completed M-Step (0 seconds). 
calculate log likelihood 
convergence.check is 2.067612e-06 
Completing Iteration 9 (approx. per word bound = -29.835, relative change = 2.068e-06) 
.........................................................................................................
Completed E-Step (5 seconds). 
Completed M-Step (0 seconds). 
calculate log likelihood 
convergence.check is 1.967416e-06 
Completing Iteration 10 (approx. per word bound = -29.835, relative change = 1.967e-06) 
Topic 1: Gene1712, Gene438, Gene802, Gene359, Gene1493 
 Topic 2: Gene1712, Gene802, Gene922, Gene1856, Gene1715 
 Topic 3: Gene294, Gene675, Gene1626, Gene1712, Gene1619 
.........................................................................................................
Completed E-Step (5 seconds). 
Completed M-Step (0 seconds). 
calculate log likelihood 
convergence.check is 1.872466e-06 
Completing Iteration 11 (approx. per word bound = -29.835, relative change = 1.872e-06) 
.........................................................................................................
Completed E-Step (5 seconds). 
Completed M-Step (0 seconds). 
calculate log likelihood 
convergence.check is 1.78775e-06 
Completing Iteration 12 (approx. per word bound = -29.835, relative change = 1.788e-06) 
.........................................................................................................
Completed E-Step (5 seconds). 
Completed M-Step (0 seconds). 
calculate log likelihood 
convergence.check is 1.707656e-06 
Completing Iteration 13 (approx. per word bound = -29.835, relative change = 1.708e-06) 
.........................................................................................................
Completed E-Step (5 seconds). 
Completed M-Step (0 seconds). 
calculate log likelihood 
convergence.check is 1.635113e-06 
Completing Iteration 14 (approx. per word bound = -29.835, relative change = 1.635e-06) 
.........................................................................................................
Completed E-Step (4 seconds). 
Completed M-Step (0 seconds). 
calculate log likelihood 
convergence.check is 1.566356e-06 
Completing Iteration 15 (approx. per word bound = -29.835, relative change = 1.566e-06) 
Topic 1: Gene1712, Gene438, Gene802, Gene359, Gene1493 
 Topic 2: Gene1712, Gene802, Gene922, Gene1856, Gene1715 
 Topic 3: Gene294, Gene675, Gene1626, Gene1712, Gene1619 
.........................................................................................................
Completed E-Step (5 seconds). 
Completed M-Step (0 seconds). 
calculate log likelihood 
convergence.check is 1.505076e-06 
Completing Iteration 16 (approx. per word bound = -29.835, relative change = 1.505e-06) 
.........................................................................................................
Completed E-Step (5 seconds). 
Completed M-Step (0 seconds). 
calculate log likelihood 
convergence.check is 1.444893e-06 
Completing Iteration 17 (approx. per word bound = -29.835, relative change = 1.445e-06) 
.........................................................................................................
Completed E-Step (4 seconds). 
Completed M-Step (0 seconds). 
calculate log likelihood 
convergence.check is 1.39592e-06 
Completing Iteration 18 (approx. per word bound = -29.835, relative change = 1.396e-06) 
.........................................................................................................
Completed E-Step (4 seconds). 
Completed M-Step (0 seconds). 
calculate log likelihood 
convergence.check is 1.335258e-06 
Completing Iteration 19 (approx. per word bound = -29.835, relative change = 1.335e-06) 
.........................................................................................................
Completed E-Step (4 seconds). 
Completed M-Step (0 seconds). 
calculate log likelihood 
convergence.check is 1.28927e-06 
Completing Iteration 20 (approx. per word bound = -29.835, relative change = 1.289e-06) 
Topic 1: Gene1712, Gene438, Gene802, Gene359, Gene1493 
 Topic 2: Gene1712, Gene802, Gene922, Gene1856, Gene1715 
 Topic 3: Gene294, Gene675, Gene1626, Gene1712, Gene1619 
.........................................................................................................
Completed E-Step (4 seconds). 
Completed M-Step (0 seconds). 
calculate log likelihood 
convergence.check is 1.243929e-06 
Completing Iteration 21 (approx. per word bound = -29.835, relative change = 1.244e-06) 
.........................................................................................................
Completed E-Step (4 seconds). 
Completed M-Step (0 seconds). 
calculate log likelihood 
convergence.check is 1.201315e-06 
Completing Iteration 22 (approx. per word bound = -29.835, relative change = 1.201e-06) 
.........................................................................................................
Completed E-Step (4 seconds). 
Completed M-Step (0 seconds). 
calculate log likelihood 
convergence.check is 1.160508e-06 
Completing Iteration 23 (approx. per word bound = -29.835, relative change = 1.161e-06) 
.........................................................................................................
Completed E-Step (4 seconds). 
Completed M-Step (0 seconds). 
calculate log likelihood 
convergence.check is 1.121707e-06 
Completing Iteration 24 (approx. per word bound = -29.835, relative change = 1.122e-06) 
.........................................................................................................
Completed E-Step (4 seconds). 
Completed M-Step (0 seconds). 
calculate log likelihood 
convergence.check is 1.084947e-06 
Completing Iteration 25 (approx. per word bound = -29.835, relative change = 1.085e-06) 
Topic 1: Gene1712, Gene438, Gene802, Gene359, Gene1493 
 Topic 2: Gene1712, Gene802, Gene922, Gene1856, Gene1715 
 Topic 3: Gene294, Gene675, Gene1626, Gene1712, Gene1619 
.........................................................................................................
Completed E-Step (4 seconds). 
Completed M-Step (0 seconds). 
calculate log likelihood 
convergence.check is 1.049787e-06 
Completing Iteration 26 (approx. per word bound = -29.834, relative change = 1.050e-06) 
.........................................................................................................
Completed E-Step (4 seconds). 
Completed M-Step (0 seconds). 
calculate log likelihood 
convergence.check is 1.016361e-06 
Completing Iteration 27 (approx. per word bound = -29.834, relative change = 1.016e-06) 
.........................................................................................................
Completed E-Step (4 seconds). 
Completed M-Step (0 seconds). 
calculate log likelihood 
convergence.check is 9.838899e-07 
Model Converged 
