sims_1716024630_neg_L1_c5.rds 
Found 6 batches
Using null model in ComBat-seq.
Adjusting for 0 covariate(s) or covariate level(s)
Estimating dispersions
Fitting the GLM model
Shrinkage off - using GLM estimates for parameters
Adjusting the data
Batch Effect Removed 
        R/alignCorpus.R R/asSTMCorpus.R R/checkBeta.R R/cloud.R
value   ?               ?               ?             ?        
visible FALSE           FALSE           FALSE         FALSE    
        R/CompositionChange.R R/convertCorpus.R R/estimateEffect.R
value   ?                     ?                 ?                 
visible FALSE                 FALSE             FALSE             
        R/estimateMixedEffect.R R/exclusivity.R R/findThoughts.R R/findTopic.R
value   ?                       ?               ?                ?            
visible FALSE                   FALSE           FALSE            FALSE        
        R/fitNewDocuments.R R/heldout.R R/jeffreyskappa.R R/labelTopics.R
value   ?                   ?           ?                 ?              
visible FALSE               FALSE       FALSE             FALSE          
        R/makeDesignMatrix.R R/manyTopics.R R/multiSTM.R R/optimalK.R
value   ?                    ?              ?            ?           
visible FALSE                FALSE          FALSE        FALSE       
        R/permute.R R/plot.estimateEffect.R R/plot.fixedEffect.R
value   ?           ?                       ?                   
visible FALSE       FALSE                   FALSE               
        R/plot.searchK.R R/plot.STM.R R/plotModels.R R/plotQuote.R
value   ?                ?            ?              ?            
visible FALSE            FALSE        FALSE          FALSE        
        R/plotRemoved.R R/plottingutilfns.R R/plotTopicLoess.R
value   ?               ?                   ?                 
visible FALSE           FALSE               FALSE             
        R/prepDocuments.R R/prepsce.R R/produce_cmatrix.R R/RcppExports.R
value   ?                 ?           ?                   ?              
visible FALSE             FALSE       FALSE               FALSE          
        R/readCorpus.R R/residuals.R R/s.R R/sageLabels.R R/scSTM.R
value   ?              ?             ?     ?              ?        
visible FALSE          FALSE         FALSE FALSE          FALSE    
        R/selectModel.R R/semanticCoherence.R R/simBetas.R R/spectral.R
value   ?               ?                     ?            ?           
visible FALSE           FALSE                 FALSE        FALSE       
        R/stm-package.R R/stm.control.R R/STMbound.R R/STMconvergence.R
value   NULL            ?               ?            ?                 
visible TRUE            FALSE           FALSE        FALSE             
        R/STMestep.R R/STMfunctions.R R/STMinit.R R/STMinitLikelihood.R
value   ?            ?                ?           ?                    
visible FALSE        FALSE            FALSE       FALSE                
        R/STMlncpp.R R/STMmnreg.R R/STMmu.R R/STMoptbeta.R R/STMreport.R
value   ?            ?            ?         ?              ?            
visible FALSE        FALSE        FALSE     FALSE          FALSE        
        R/STMsigma.R R/STMsigs.R R/STMsubset.R R/summary.STM.R R/tau.R
value   ?            ?           ?             ?               ?      
visible FALSE        FALSE       FALSE         FALSE           FALSE  
        R/textProcessor.R R/thetaPosterior.R R/toLDAvis.R R/topicCorr.R
value   ?                 ?                  ?            ?            
visible FALSE             FALSE              FALSE        FALSE        
        R/topicLasso.R R/topicQuality.R R/writeLdac.R R/zzz.R
value   ?              ?                ?             ?      
visible FALSE          FALSE            FALSE         FALSE  
Casting net 
1 models in net 
Initialization with topicScore. 
Initializing factors using Topic SCORE algorithm.
Initializing loadings by running 10 SCD updates.
......................................................................................................
Completed E-Step (12 seconds). 
Completed M-Step (0 seconds). 
calculate log likelihood 
Completing Iteration 1 (approx. per word bound = -45.352) 
......................................................................................................
Completed E-Step (9 seconds). 
Completed M-Step (0 seconds). 
calculate log likelihood 
convergence.check is 0.0001769865 
Completing Iteration 2 (approx. per word bound = -45.344, relative change = 1.770e-04) 
......................................................................................................
Completed E-Step (9 seconds). 
Completed M-Step (0 seconds). 
calculate log likelihood 
convergence.check is 8.556802e-05 
Model Terminated Before Convergence Reached 
2 models in net 
Initialization with topicScore. 
Initializing factors using Topic SCORE algorithm.
Initializing loadings by running 10 SCD updates.
......................................................................................................
Completed E-Step (12 seconds). 
Completed M-Step (0 seconds). 
calculate log likelihood 
Completing Iteration 1 (approx. per word bound = -45.396) 
......................................................................................................
Completed E-Step (10 seconds). 
Completed M-Step (0 seconds). 
calculate log likelihood 
convergence.check is 9.976892e-05 
Completing Iteration 2 (approx. per word bound = -45.392, relative change = 9.977e-05) 
......................................................................................................
Completed E-Step (10 seconds). 
Completed M-Step (0 seconds). 
calculate log likelihood 
convergence.check is 6.496338e-05 
Model Terminated Before Convergence Reached 
3 models in net 
Initialization with topicScore. 
Initializing factors using Topic SCORE algorithm.
Initializing loadings by running 10 SCD updates.
......................................................................................................
Completed E-Step (13 seconds). 
Completed M-Step (0 seconds). 
calculate log likelihood 
Completing Iteration 1 (approx. per word bound = -45.357) 
......................................................................................................
Completed E-Step (10 seconds). 
Completed M-Step (0 seconds). 
calculate log likelihood 
convergence.check is 0.0001143574 
Completing Iteration 2 (approx. per word bound = -45.352, relative change = 1.144e-04) 
......................................................................................................
Completed E-Step (10 seconds). 
Completed M-Step (0 seconds). 
calculate log likelihood 
convergence.check is 7.970019e-05 
Model Terminated Before Convergence Reached 
4 models in net 
Initialization with topicScore. 
Initializing factors using Topic SCORE algorithm.
Initializing loadings by running 10 SCD updates.
......................................................................................................
Completed E-Step (12 seconds). 
Completed M-Step (0 seconds). 
calculate log likelihood 
Completing Iteration 1 (approx. per word bound = -45.362) 
......................................................................................................
Completed E-Step (10 seconds). 
Completed M-Step (0 seconds). 
calculate log likelihood 
convergence.check is 0.0002392173 
Completing Iteration 2 (approx. per word bound = -45.351, relative change = 2.392e-04) 
......................................................................................................
Completed E-Step (10 seconds). 
Completed M-Step (0 seconds). 
calculate log likelihood 
convergence.check is 0.0001278836 
Model Terminated Before Convergence Reached 
5 models in net 
Initialization with topicScore. 
Initializing factors using Topic SCORE algorithm.
Initializing loadings by running 10 SCD updates.
......................................................................................................
Completed E-Step (13 seconds). 
Completed M-Step (0 seconds). 
calculate log likelihood 
Completing Iteration 1 (approx. per word bound = -45.394) 
......................................................................................................
Completed E-Step (10 seconds). 
Completed M-Step (0 seconds). 
calculate log likelihood 
convergence.check is 0.0001416552 
Completing Iteration 2 (approx. per word bound = -45.388, relative change = 1.417e-04) 
......................................................................................................
Completed E-Step (10 seconds). 
Completed M-Step (0 seconds). 
calculate log likelihood 
convergence.check is 0.000102779 
Model Terminated Before Convergence Reached 
6 models in net 
Initialization with topicScore. 
Initializing factors using Topic SCORE algorithm.
Initializing loadings by running 10 SCD updates.
......................................................................................................
Completed E-Step (12 seconds). 
Completed M-Step (0 seconds). 
calculate log likelihood 
Completing Iteration 1 (approx. per word bound = -45.395) 
......................................................................................................
Completed E-Step (12 seconds). 
Completed M-Step (0 seconds). 
calculate log likelihood 
convergence.check is 0.0001381829 
Completing Iteration 2 (approx. per word bound = -45.388, relative change = 1.382e-04) 
......................................................................................................
Completed E-Step (10 seconds). 
Completed M-Step (0 seconds). 
calculate log likelihood 
convergence.check is 9.862143e-05 
Model Terminated Before Convergence Reached 
7 models in net 
Initialization with topicScore. 
Initializing factors using Topic SCORE algorithm.
Initializing loadings by running 10 SCD updates.
......................................................................................................
Completed E-Step (12 seconds). 
Completed M-Step (0 seconds). 
calculate log likelihood 
Completing Iteration 1 (approx. per word bound = -45.394) 
......................................................................................................
Completed E-Step (10 seconds). 
Completed M-Step (0 seconds). 
calculate log likelihood 
convergence.check is 0.0001047447 
Completing Iteration 2 (approx. per word bound = -45.389, relative change = 1.047e-04) 
......................................................................................................
Completed E-Step (10 seconds). 
Completed M-Step (0 seconds). 
calculate log likelihood 
convergence.check is 7.1625e-05 
Model Terminated Before Convergence Reached 
8 models in net 
Initialization with topicScore. 
Initializing factors using Topic SCORE algorithm.
Initializing loadings by running 10 SCD updates.
......................................................................................................
Completed E-Step (12 seconds). 
Completed M-Step (0 seconds). 
calculate log likelihood 
Completing Iteration 1 (approx. per word bound = -45.349) 
......................................................................................................
Completed E-Step (10 seconds). 
Completed M-Step (0 seconds). 
calculate log likelihood 
convergence.check is 8.974065e-05 
Completing Iteration 2 (approx. per word bound = -45.345, relative change = 8.974e-05) 
......................................................................................................
Completed E-Step (10 seconds). 
Completed M-Step (0 seconds). 
calculate log likelihood 
convergence.check is 5.604683e-05 
Model Terminated Before Convergence Reached 
9 models in net 
Initialization with topicScore. 
Initializing factors using Topic SCORE algorithm.
Initializing loadings by running 10 SCD updates.
......................................................................................................
Completed E-Step (11 seconds). 
Completed M-Step (0 seconds). 
calculate log likelihood 
Completing Iteration 1 (approx. per word bound = -45.394) 
......................................................................................................
Completed E-Step (10 seconds). 
Completed M-Step (0 seconds). 
calculate log likelihood 
convergence.check is 0.000141933 
Completing Iteration 2 (approx. per word bound = -45.388, relative change = 1.419e-04) 
......................................................................................................
Completed E-Step (10 seconds). 
Completed M-Step (0 seconds). 
calculate log likelihood 
convergence.check is 9.902244e-05 
Model Terminated Before Convergence Reached 
10 models in net 
Initialization with topicScore. 
Initializing factors using Topic SCORE algorithm.
Initializing loadings by running 10 SCD updates.
......................................................................................................
Completed E-Step (12 seconds). 
Completed M-Step (0 seconds). 
calculate log likelihood 
Completing Iteration 1 (approx. per word bound = -45.391) 
......................................................................................................
Completed E-Step (10 seconds). 
Completed M-Step (0 seconds). 
calculate log likelihood 
convergence.check is 0.0001709624 
Completing Iteration 2 (approx. per word bound = -45.383, relative change = 1.710e-04) 
......................................................................................................
Completed E-Step (10 seconds). 
Completed M-Step (0 seconds). 
calculate log likelihood 
convergence.check is 0.0001251662 
Model Terminated Before Convergence Reached 
11 models in net 
Beginning Spectral Initialization 
	 Calculating the gram matrix...
	 Finding anchor words...
 	.....
	 Recovering initialization...
 	....
Initialization complete.
......................................................................................................
Completed E-Step (17 seconds). 
Completed M-Step (0 seconds). 
calculate log likelihood 
Completing Iteration 1 (approx. per word bound = -45.358) 
......................................................................................................
Completed E-Step (10 seconds). 
Completed M-Step (0 seconds). 
calculate log likelihood 
convergence.check is 0.0004119173 
Completing Iteration 2 (approx. per word bound = -45.340, relative change = 4.119e-04) 
......................................................................................................
Completed E-Step (8 seconds). 
Completed M-Step (0 seconds). 
calculate log likelihood 
convergence.check is 0.0002235885 
Model Terminated Before Convergence Reached 
12 models in net 
Beginning Random Initialization 
Initialization with Poisson NMF 
......................................................................................................
Completed E-Step (19 seconds). 
Completed M-Step (0 seconds). 
calculate log likelihood 
Completing Iteration 1 (approx. per word bound = -60.729) 
......................................................................................................
Completed E-Step (12 seconds). 
Completed M-Step (0 seconds). 
calculate log likelihood 
convergence.check is 0.2511962 
Completing Iteration 2 (approx. per word bound = -45.474, relative change = 2.512e-01) 
......................................................................................................
Completed E-Step (10 seconds). 
Completed M-Step (0 seconds). 
calculate log likelihood 
convergence.check is 0.0005331666 
Model Terminated Before Convergence Reached 
13 models in net 
Beginning Random Initialization 
Initialization with Poisson NMF 
......................................................................................................
Completed E-Step (17 seconds). 
Completed M-Step (0 seconds). 
calculate log likelihood 
Completing Iteration 1 (approx. per word bound = -60.125) 
......................................................................................................
Completed E-Step (11 seconds). 
Completed M-Step (0 seconds). 
calculate log likelihood 
convergence.check is 0.2435103 
Completing Iteration 2 (approx. per word bound = -45.484, relative change = 2.435e-01) 
......................................................................................................
Completed E-Step (10 seconds). 
Completed M-Step (0 seconds). 
calculate log likelihood 
convergence.check is 0.0004750075 
Model Terminated Before Convergence Reached 
14 models in net 
Beginning Random Initialization 
Initialization with Poisson NMF 
......................................................................................................
Completed E-Step (18 seconds). 
Completed M-Step (0 seconds). 
calculate log likelihood 
Completing Iteration 1 (approx. per word bound = -60.591) 
......................................................................................................
Completed E-Step (10 seconds). 
Completed M-Step (0 seconds). 
calculate log likelihood 
convergence.check is 0.2491417 
Completing Iteration 2 (approx. per word bound = -45.495, relative change = 2.491e-01) 
......................................................................................................
Completed E-Step (10 seconds). 
Completed M-Step (0 seconds). 
calculate log likelihood 
convergence.check is 0.0003089626 
Model Terminated Before Convergence Reached 
15 models in net 
Beginning Random Initialization 
Initialization with Poisson NMF 
......................................................................................................
Completed E-Step (16 seconds). 
Completed M-Step (0 seconds). 
calculate log likelihood 
Completing Iteration 1 (approx. per word bound = -60.555) 
......................................................................................................
Completed E-Step (9 seconds). 
Completed M-Step (0 seconds). 
calculate log likelihood 
convergence.check is 0.2487906 
Completing Iteration 2 (approx. per word bound = -45.489, relative change = 2.488e-01) 
......................................................................................................
Completed E-Step (9 seconds). 
Completed M-Step (0 seconds). 
calculate log likelihood 
convergence.check is 0.0002689908 
Model Terminated Before Convergence Reached 
16 models in net 
Beginning Random Initialization 
Initialization with Poisson NMF 
......................................................................................................
Completed E-Step (18 seconds). 
Completed M-Step (0 seconds). 
calculate log likelihood 
Completing Iteration 1 (approx. per word bound = -60.561) 
......................................................................................................
Completed E-Step (11 seconds). 
Completed M-Step (0 seconds). 
calculate log likelihood 
convergence.check is 0.2493157 
Completing Iteration 2 (approx. per word bound = -45.462, relative change = 2.493e-01) 
......................................................................................................
Completed E-Step (10 seconds). 
Completed M-Step (0 seconds). 
calculate log likelihood 
convergence.check is 0.0003222899 
Model Terminated Before Convergence Reached 
17 models in net 
Beginning Random Initialization 
Initialization with Poisson NMF 
......................................................................................................
Completed E-Step (17 seconds). 
Completed M-Step (0 seconds). 
calculate log likelihood 
Completing Iteration 1 (approx. per word bound = -59.711) 
......................................................................................................
Completed E-Step (9 seconds). 
Completed M-Step (0 seconds). 
calculate log likelihood 
convergence.check is 0.2381398 
Completing Iteration 2 (approx. per word bound = -45.491, relative change = 2.381e-01) 
......................................................................................................
Completed E-Step (11 seconds). 
Completed M-Step (0 seconds). 
calculate log likelihood 
convergence.check is 5.039877e-05 
Model Terminated Before Convergence Reached 
18 models in net 
Beginning Random Initialization 
Initialization with Poisson NMF 
......................................................................................................
Completed E-Step (19 seconds). 
Completed M-Step (0 seconds). 
calculate log likelihood 
Completing Iteration 1 (approx. per word bound = -59.648) 
......................................................................................................
Completed E-Step (12 seconds). 
Completed M-Step (0 seconds). 
calculate log likelihood 
convergence.check is 0.237375 
Completing Iteration 2 (approx. per word bound = -45.489, relative change = 2.374e-01) 
......................................................................................................
Completed E-Step (11 seconds). 
Completed M-Step (0 seconds). 
calculate log likelihood 
convergence.check is 0.0004040174 
Model Terminated Before Convergence Reached 
19 models in net 
Beginning Random Initialization 
Initialization with Poisson NMF 
......................................................................................................
Completed E-Step (20 seconds). 
Completed M-Step (0 seconds). 
calculate log likelihood 
Completing Iteration 1 (approx. per word bound = -60.673) 
......................................................................................................
Completed E-Step (12 seconds). 
Completed M-Step (0 seconds). 
calculate log likelihood 
convergence.check is 0.2502883 
Completing Iteration 2 (approx. per word bound = -45.487, relative change = 2.503e-01) 
......................................................................................................
Completed E-Step (11 seconds). 
Completed M-Step (0 seconds). 
calculate log likelihood 
convergence.check is 0.0001143559 
Model Terminated Before Convergence Reached 
20 models in net 
Beginning Random Initialization 
Initialization with Poisson NMF 
......................................................................................................
Completed E-Step (16 seconds). 
Completed M-Step (0 seconds). 
calculate log likelihood 
Completing Iteration 1 (approx. per word bound = -61.233) 
......................................................................................................
Completed E-Step (10 seconds). 
Completed M-Step (0 seconds). 
calculate log likelihood 
convergence.check is 0.257335 
Completing Iteration 2 (approx. per word bound = -45.476, relative change = 2.573e-01) 
......................................................................................................
Completed E-Step (10 seconds). 
Completed M-Step (0 seconds). 
calculate log likelihood 
convergence.check is 0.0001278635 
Model Terminated Before Convergence Reached 
21 models in net 
Beginning Random Initialization 
Initialization with Poisson NMF 
......................................................................................................
Completed E-Step (20 seconds). 
Completed M-Step (0 seconds). 
calculate log likelihood 
Completing Iteration 1 (approx. per word bound = -60.655) 
......................................................................................................
Completed E-Step (10 seconds). 
Completed M-Step (0 seconds). 
calculate log likelihood 
convergence.check is 0.2502022 
Completing Iteration 2 (approx. per word bound = -45.479, relative change = 2.502e-01) 
......................................................................................................
Completed E-Step (10 seconds). 
Completed M-Step (0 seconds). 
calculate log likelihood 
convergence.check is 0.0003650452 
Model Terminated Before Convergence Reached 
Running select models 
1 select model run 
Beginning Spectral Initialization 
	 Calculating the gram matrix...
	 Finding anchor words...
 	.....
	 Recovering initialization...
 	....
Initialization complete.
......................................................................................................
Completed E-Step (18 seconds). 
Completed M-Step (0 seconds). 
calculate log likelihood 
Completing Iteration 1 (approx. per word bound = -45.358) 
......................................................................................................
Completed E-Step (10 seconds). 
Completed M-Step (0 seconds). 
calculate log likelihood 
convergence.check is 0.0004119173 
Completing Iteration 2 (approx. per word bound = -45.340, relative change = 4.119e-04) 
......................................................................................................
Completed E-Step (8 seconds). 
Completed M-Step (0 seconds). 
calculate log likelihood 
convergence.check is 0.0002235885 
Completing Iteration 3 (approx. per word bound = -45.329, relative change = 2.236e-04) 
......................................................................................................
Completed E-Step (8 seconds). 
Completed M-Step (0 seconds). 
calculate log likelihood 
convergence.check is 6.533536e-05 
Completing Iteration 4 (approx. per word bound = -45.326, relative change = 6.534e-05) 
......................................................................................................
Completed E-Step (7 seconds). 
Completed M-Step (0 seconds). 
calculate log likelihood 
convergence.check is 2.616822e-05 
Completing Iteration 5 (approx. per word bound = -45.325, relative change = 2.617e-05) 
Topic 1: Gene822, Gene578, Gene658, Gene344, Gene415 
 Topic 2: Gene578, Gene658, Gene996, Gene374, Gene473 
 Topic 3: Gene822, Gene996, Gene578, Gene658, Gene724 
 Topic 4: Gene822, Gene578, Gene344, Gene658, Gene374 
 Topic 5: Gene578, Gene374, Gene473, Gene344, Gene658 
......................................................................................................
Completed E-Step (7 seconds). 
Completed M-Step (0 seconds). 
calculate log likelihood 
convergence.check is 1.35302e-05 
Completing Iteration 6 (approx. per word bound = -45.325, relative change = 1.353e-05) 
......................................................................................................
Completed E-Step (7 seconds). 
Completed M-Step (0 seconds). 
calculate log likelihood 
convergence.check is 8.325508e-06 
Completing Iteration 7 (approx. per word bound = -45.324, relative change = 8.326e-06) 
......................................................................................................
Completed E-Step (7 seconds). 
Completed M-Step (0 seconds). 
calculate log likelihood 
convergence.check is 6.368412e-06 
Completing Iteration 8 (approx. per word bound = -45.324, relative change = 6.368e-06) 
......................................................................................................
Completed E-Step (7 seconds). 
Completed M-Step (0 seconds). 
calculate log likelihood 
convergence.check is 5.348522e-06 
Completing Iteration 9 (approx. per word bound = -45.324, relative change = 5.349e-06) 
......................................................................................................
Completed E-Step (6 seconds). 
Completed M-Step (0 seconds). 
calculate log likelihood 
convergence.check is 4.609184e-06 
Completing Iteration 10 (approx. per word bound = -45.324, relative change = 4.609e-06) 
Topic 1: Gene822, Gene578, Gene658, Gene344, Gene415 
 Topic 2: Gene578, Gene658, Gene996, Gene374, Gene473 
 Topic 3: Gene822, Gene996, Gene578, Gene658, Gene724 
 Topic 4: Gene822, Gene578, Gene344, Gene658, Gene374 
 Topic 5: Gene578, Gene374, Gene473, Gene344, Gene658 
......................................................................................................
Completed E-Step (6 seconds). 
Completed M-Step (0 seconds). 
calculate log likelihood 
convergence.check is 4.115319e-06 
Completing Iteration 11 (approx. per word bound = -45.323, relative change = 4.115e-06) 
......................................................................................................
Completed E-Step (8 seconds). 
Completed M-Step (0 seconds). 
calculate log likelihood 
convergence.check is 3.782091e-06 
Completing Iteration 12 (approx. per word bound = -45.323, relative change = 3.782e-06) 
......................................................................................................
Completed E-Step (6 seconds). 
Completed M-Step (0 seconds). 
calculate log likelihood 
convergence.check is 3.367589e-06 
Completing Iteration 13 (approx. per word bound = -45.323, relative change = 3.368e-06) 
......................................................................................................
Completed E-Step (6 seconds). 
Completed M-Step (0 seconds). 
calculate log likelihood 
convergence.check is 2.843557e-06 
Completing Iteration 14 (approx. per word bound = -45.323, relative change = 2.844e-06) 
......................................................................................................
Completed E-Step (6 seconds). 
Completed M-Step (0 seconds). 
calculate log likelihood 
convergence.check is 2.781711e-06 
Completing Iteration 15 (approx. per word bound = -45.323, relative change = 2.782e-06) 
Topic 1: Gene822, Gene578, Gene658, Gene344, Gene415 
 Topic 2: Gene658, Gene578, Gene996, Gene374, Gene473 
 Topic 3: Gene822, Gene996, Gene578, Gene658, Gene724 
 Topic 4: Gene822, Gene578, Gene344, Gene658, Gene374 
 Topic 5: Gene578, Gene374, Gene473, Gene344, Gene658 
......................................................................................................
Completed E-Step (6 seconds). 
Completed M-Step (0 seconds). 
calculate log likelihood 
convergence.check is 2.586012e-06 
Completing Iteration 16 (approx. per word bound = -45.323, relative change = 2.586e-06) 
......................................................................................................
Completed E-Step (6 seconds). 
Completed M-Step (0 seconds). 
calculate log likelihood 
convergence.check is 2.428758e-06 
Completing Iteration 17 (approx. per word bound = -45.323, relative change = 2.429e-06) 
......................................................................................................
Completed E-Step (6 seconds). 
Completed M-Step (0 seconds). 
calculate log likelihood 
convergence.check is 2.380471e-06 
Completing Iteration 18 (approx. per word bound = -45.322, relative change = 2.380e-06) 
......................................................................................................
Completed E-Step (6 seconds). 
Completed M-Step (0 seconds). 
calculate log likelihood 
convergence.check is 2.178882e-06 
Completing Iteration 19 (approx. per word bound = -45.322, relative change = 2.179e-06) 
......................................................................................................
Completed E-Step (5 seconds). 
Completed M-Step (0 seconds). 
calculate log likelihood 
convergence.check is 1.834542e-06 
Completing Iteration 20 (approx. per word bound = -45.322, relative change = 1.835e-06) 
Topic 1: Gene822, Gene578, Gene658, Gene344, Gene415 
 Topic 2: Gene658, Gene578, Gene996, Gene374, Gene473 
 Topic 3: Gene822, Gene996, Gene578, Gene658, Gene724 
 Topic 4: Gene822, Gene578, Gene344, Gene658, Gene374 
 Topic 5: Gene578, Gene374, Gene473, Gene344, Gene658 
......................................................................................................
Completed E-Step (6 seconds). 
Completed M-Step (0 seconds). 
calculate log likelihood 
convergence.check is 2.0379e-06 
Completing Iteration 21 (approx. per word bound = -45.322, relative change = 2.038e-06) 
......................................................................................................
Completed E-Step (5 seconds). 
Completed M-Step (0 seconds). 
calculate log likelihood 
convergence.check is 1.7649e-06 
Completing Iteration 22 (approx. per word bound = -45.322, relative change = 1.765e-06) 
......................................................................................................
Completed E-Step (5 seconds). 
Completed M-Step (0 seconds). 
calculate log likelihood 
convergence.check is 1.758856e-06 
Completing Iteration 23 (approx. per word bound = -45.322, relative change = 1.759e-06) 
......................................................................................................
Completed E-Step (5 seconds). 
Completed M-Step (0 seconds). 
calculate log likelihood 
convergence.check is 1.721035e-06 
Completing Iteration 24 (approx. per word bound = -45.322, relative change = 1.721e-06) 
......................................................................................................
Completed E-Step (5 seconds). 
Completed M-Step (0 seconds). 
calculate log likelihood 
convergence.check is 1.393032e-06 
Completing Iteration 25 (approx. per word bound = -45.322, relative change = 1.393e-06) 
Topic 1: Gene822, Gene578, Gene658, Gene344, Gene415 
 Topic 2: Gene658, Gene578, Gene996, Gene374, Gene473 
 Topic 3: Gene822, Gene996, Gene578, Gene658, Gene724 
 Topic 4: Gene822, Gene578, Gene658, Gene344, Gene374 
 Topic 5: Gene578, Gene374, Gene473, Gene344, Gene658 
......................................................................................................
Completed E-Step (5 seconds). 
Completed M-Step (0 seconds). 
calculate log likelihood 
convergence.check is 1.69499e-06 
Completing Iteration 26 (approx. per word bound = -45.322, relative change = 1.695e-06) 
......................................................................................................
Completed E-Step (5 seconds). 
Completed M-Step (0 seconds). 
calculate log likelihood 
convergence.check is 1.536667e-06 
Completing Iteration 27 (approx. per word bound = -45.322, relative change = 1.537e-06) 
......................................................................................................
Completed E-Step (5 seconds). 
Completed M-Step (0 seconds). 
calculate log likelihood 
convergence.check is 1.652587e-06 
Completing Iteration 28 (approx. per word bound = -45.322, relative change = 1.653e-06) 
......................................................................................................
Completed E-Step (5 seconds). 
Completed M-Step (0 seconds). 
calculate log likelihood 
convergence.check is 1.374557e-06 
Completing Iteration 29 (approx. per word bound = -45.322, relative change = 1.375e-06) 
......................................................................................................
Completed E-Step (5 seconds). 
Completed M-Step (0 seconds). 
calculate log likelihood 
convergence.check is 1.511683e-06 
Completing Iteration 30 (approx. per word bound = -45.321, relative change = 1.512e-06) 
Topic 1: Gene822, Gene578, Gene658, Gene344, Gene415 
 Topic 2: Gene658, Gene578, Gene996, Gene374, Gene473 
 Topic 3: Gene822, Gene996, Gene578, Gene658, Gene724 
 Topic 4: Gene822, Gene578, Gene658, Gene344, Gene374 
 Topic 5: Gene578, Gene374, Gene473, Gene344, Gene658 
......................................................................................................
Completed E-Step (5 seconds). 
Completed M-Step (0 seconds). 
calculate log likelihood 
convergence.check is 1.744911e-06 
Completing Iteration 31 (approx. per word bound = -45.321, relative change = 1.745e-06) 
......................................................................................................
Completed E-Step (5 seconds). 
Completed M-Step (0 seconds). 
calculate log likelihood 
convergence.check is 1.184408e-06 
Completing Iteration 32 (approx. per word bound = -45.321, relative change = 1.184e-06) 
......................................................................................................
Completed E-Step (5 seconds). 
Completed M-Step (0 seconds). 
calculate log likelihood 
convergence.check is 1.164927e-06 
Completing Iteration 33 (approx. per word bound = -45.321, relative change = 1.165e-06) 
......................................................................................................
Completed E-Step (5 seconds). 
Completed M-Step (0 seconds). 
calculate log likelihood 
convergence.check is 1.328919e-06 
Completing Iteration 34 (approx. per word bound = -45.321, relative change = 1.329e-06) 
......................................................................................................
Completed E-Step (5 seconds). 
Completed M-Step (0 seconds). 
calculate log likelihood 
convergence.check is 1.544437e-06 
Completing Iteration 35 (approx. per word bound = -45.321, relative change = 1.544e-06) 
Topic 1: Gene822, Gene578, Gene658, Gene344, Gene415 
 Topic 2: Gene658, Gene578, Gene996, Gene374, Gene473 
 Topic 3: Gene822, Gene996, Gene578, Gene658, Gene724 
 Topic 4: Gene822, Gene578, Gene658, Gene344, Gene374 
 Topic 5: Gene578, Gene374, Gene473, Gene344, Gene658 
......................................................................................................
Completed E-Step (5 seconds). 
Completed M-Step (0 seconds). 
calculate log likelihood 
convergence.check is 1.102556e-06 
Completing Iteration 36 (approx. per word bound = -45.321, relative change = 1.103e-06) 
......................................................................................................
Completed E-Step (5 seconds). 
Completed M-Step (0 seconds). 
calculate log likelihood 
convergence.check is 1.25608e-06 
Completing Iteration 37 (approx. per word bound = -45.321, relative change = 1.256e-06) 
......................................................................................................
Completed E-Step (5 seconds). 
Completed M-Step (0 seconds). 
calculate log likelihood 
convergence.check is 1.335566e-06 
Completing Iteration 38 (approx. per word bound = -45.321, relative change = 1.336e-06) 
......................................................................................................
Completed E-Step (5 seconds). 
Completed M-Step (0 seconds). 
calculate log likelihood 
convergence.check is 1.279139e-06 
Completing Iteration 39 (approx. per word bound = -45.321, relative change = 1.279e-06) 
......................................................................................................
Completed E-Step (5 seconds). 
Completed M-Step (0 seconds). 
calculate log likelihood 
convergence.check is 1.274611e-06 
Completing Iteration 40 (approx. per word bound = -45.321, relative change = 1.275e-06) 
Topic 1: Gene822, Gene578, Gene658, Gene344, Gene415 
 Topic 2: Gene658, Gene578, Gene996, Gene374, Gene473 
 Topic 3: Gene822, Gene996, Gene578, Gene658, Gene724 
 Topic 4: Gene822, Gene578, Gene658, Gene344, Gene374 
 Topic 5: Gene578, Gene374, Gene473, Gene344, Gene658 
......................................................................................................
Completed E-Step (5 seconds). 
Completed M-Step (0 seconds). 
calculate log likelihood 
convergence.check is 1.406981e-06 
Completing Iteration 41 (approx. per word bound = -45.321, relative change = 1.407e-06) 
......................................................................................................
Completed E-Step (5 seconds). 
Completed M-Step (0 seconds). 
calculate log likelihood 
convergence.check is 1.609874e-06 
Completing Iteration 42 (approx. per word bound = -45.321, relative change = 1.610e-06) 
......................................................................................................
Completed E-Step (5 seconds). 
Completed M-Step (0 seconds). 
calculate log likelihood 
convergence.check is 1.051648e-06 
Completing Iteration 43 (approx. per word bound = -45.321, relative change = 1.052e-06) 
......................................................................................................
Completed E-Step (5 seconds). 
Completed M-Step (0 seconds). 
calculate log likelihood 
convergence.check is 1.414749e-06 
Completing Iteration 44 (approx. per word bound = -45.321, relative change = 1.415e-06) 
......................................................................................................
Completed E-Step (5 seconds). 
Completed M-Step (0 seconds). 
calculate log likelihood 
convergence.check is 1.067368e-06 
Completing Iteration 45 (approx. per word bound = -45.321, relative change = 1.067e-06) 
Topic 1: Gene822, Gene578, Gene658, Gene344, Gene415 
 Topic 2: Gene658, Gene996, Gene578, Gene374, Gene473 
 Topic 3: Gene822, Gene996, Gene578, Gene658, Gene724 
 Topic 4: Gene822, Gene578, Gene658, Gene344, Gene374 
 Topic 5: Gene578, Gene374, Gene473, Gene344, Gene658 
......................................................................................................
Completed E-Step (5 seconds). 
Completed M-Step (0 seconds). 
calculate log likelihood 
convergence.check is 1.414468e-06 
Completing Iteration 46 (approx. per word bound = -45.321, relative change = 1.414e-06) 
......................................................................................................
Completed E-Step (5 seconds). 
Completed M-Step (0 seconds). 
calculate log likelihood 
convergence.check is 1.320048e-06 
Completing Iteration 47 (approx. per word bound = -45.320, relative change = 1.320e-06) 
......................................................................................................
Completed E-Step (5 seconds). 
Completed M-Step (0 seconds). 
calculate log likelihood 
convergence.check is 1.341576e-06 
Completing Iteration 48 (approx. per word bound = -45.320, relative change = 1.342e-06) 
......................................................................................................
Completed E-Step (5 seconds). 
Completed M-Step (0 seconds). 
calculate log likelihood 
convergence.check is 1.303673e-06 
Completing Iteration 49 (approx. per word bound = -45.320, relative change = 1.304e-06) 
......................................................................................................
Completed E-Step (5 seconds). 
Completed M-Step (0 seconds). 
calculate log likelihood 
convergence.check is 1.149691e-06 
Completing Iteration 50 (approx. per word bound = -45.320, relative change = 1.150e-06) 
Topic 1: Gene822, Gene578, Gene658, Gene344, Gene415 
 Topic 2: Gene658, Gene996, Gene374, Gene578, Gene473 
 Topic 3: Gene822, Gene996, Gene578, Gene658, Gene724 
 Topic 4: Gene822, Gene578, Gene658, Gene344, Gene374 
 Topic 5: Gene578, Gene374, Gene473, Gene344, Gene658 
......................................................................................................
Completed E-Step (5 seconds). 
Completed M-Step (0 seconds). 
calculate log likelihood 
convergence.check is 8.719672e-07 
Model Converged 
2 select model run 
Initialization with topicScore. 
Initializing factors using Topic SCORE algorithm.
Initializing loadings by running 10 SCD updates.
......................................................................................................
Completed E-Step (12 seconds). 
Completed M-Step (0 seconds). 
calculate log likelihood 
Completing Iteration 1 (approx. per word bound = -45.352) 
......................................................................................................
Completed E-Step (9 seconds). 
Completed M-Step (0 seconds). 
calculate log likelihood 
convergence.check is 0.0001769865 
Completing Iteration 2 (approx. per word bound = -45.344, relative change = 1.770e-04) 
......................................................................................................
Completed E-Step (9 seconds). 
Completed M-Step (0 seconds). 
calculate log likelihood 
convergence.check is 8.556802e-05 
Completing Iteration 3 (approx. per word bound = -45.340, relative change = 8.557e-05) 
......................................................................................................
Completed E-Step (9 seconds). 
Completed M-Step (0 seconds). 
calculate log likelihood 
convergence.check is 4.998276e-05 
Completing Iteration 4 (approx. per word bound = -45.338, relative change = 4.998e-05) 
......................................................................................................
Completed E-Step (9 seconds). 
Completed M-Step (0 seconds). 
calculate log likelihood 
convergence.check is 3.223927e-05 
Completing Iteration 5 (approx. per word bound = -45.336, relative change = 3.224e-05) 
Topic 1: Gene822, Gene578, Gene344, Gene415, Gene60 
 Topic 2: Gene822, Gene996, Gene658, Gene871, Gene369 
 Topic 3: Gene658, Gene822, Gene996, Gene369, Gene871 
 Topic 4: Gene473, Gene374, Gene725, Gene344, Gene578 
 Topic 5: Gene578, Gene374, Gene344, Gene399, Gene473 
......................................................................................................
Completed E-Step (9 seconds). 
Completed M-Step (0 seconds). 
calculate log likelihood 
convergence.check is 2.249822e-05 
Completing Iteration 6 (approx. per word bound = -45.335, relative change = 2.250e-05) 
......................................................................................................
Completed E-Step (9 seconds). 
Completed M-Step (0 seconds). 
calculate log likelihood 
convergence.check is 1.718835e-05 
Completing Iteration 7 (approx. per word bound = -45.334, relative change = 1.719e-05) 
......................................................................................................
Completed E-Step (11 seconds). 
Completed M-Step (0 seconds). 
calculate log likelihood 
convergence.check is 1.408605e-05 
Completing Iteration 8 (approx. per word bound = -45.334, relative change = 1.409e-05) 
......................................................................................................
Completed E-Step (9 seconds). 
Completed M-Step (0 seconds). 
calculate log likelihood 
convergence.check is 1.180215e-05 
Completing Iteration 9 (approx. per word bound = -45.333, relative change = 1.180e-05) 
......................................................................................................
Completed E-Step (8 seconds). 
Completed M-Step (0 seconds). 
calculate log likelihood 
convergence.check is 1.005295e-05 
Completing Iteration 10 (approx. per word bound = -45.333, relative change = 1.005e-05) 
Topic 1: Gene822, Gene578, Gene344, Gene415, Gene60 
 Topic 2: Gene822, Gene996, Gene658, Gene871, Gene369 
 Topic 3: Gene658, Gene822, Gene369, Gene996, Gene309 
 Topic 4: Gene473, Gene374, Gene725, Gene344, Gene658 
 Topic 5: Gene578, Gene374, Gene344, Gene399, Gene473 
......................................................................................................
Completed E-Step (8 seconds). 
Completed M-Step (0 seconds). 
calculate log likelihood 
convergence.check is 9.116934e-06 
Completing Iteration 11 (approx. per word bound = -45.332, relative change = 9.117e-06) 
......................................................................................................
Completed E-Step (8 seconds). 
Completed M-Step (0 seconds). 
calculate log likelihood 
convergence.check is 8.144283e-06 
Completing Iteration 12 (approx. per word bound = -45.332, relative change = 8.144e-06) 
......................................................................................................
Completed E-Step (8 seconds). 
Completed M-Step (0 seconds). 
calculate log likelihood 
convergence.check is 7.011138e-06 
Completing Iteration 13 (approx. per word bound = -45.332, relative change = 7.011e-06) 
......................................................................................................
Completed E-Step (8 seconds). 
Completed M-Step (0 seconds). 
calculate log likelihood 
convergence.check is 6.426673e-06 
Completing Iteration 14 (approx. per word bound = -45.331, relative change = 6.427e-06) 
......................................................................................................
Completed E-Step (8 seconds). 
Completed M-Step (0 seconds). 
calculate log likelihood 
convergence.check is 5.86905e-06 
Completing Iteration 15 (approx. per word bound = -45.331, relative change = 5.869e-06) 
Topic 1: Gene822, Gene578, Gene415, Gene344, Gene60 
 Topic 2: Gene822, Gene996, Gene658, Gene871, Gene578 
 Topic 3: Gene822, Gene658, Gene996, Gene369, Gene309 
 Topic 4: Gene473, Gene374, Gene658, Gene725, Gene344 
 Topic 5: Gene578, Gene374, Gene344, Gene399, Gene473 
......................................................................................................
Completed E-Step (8 seconds). 
Completed M-Step (0 seconds). 
calculate log likelihood 
convergence.check is 5.170204e-06 
Completing Iteration 16 (approx. per word bound = -45.331, relative change = 5.170e-06) 
......................................................................................................
Completed E-Step (8 seconds). 
Completed M-Step (0 seconds). 
calculate log likelihood 
convergence.check is 5.137473e-06 
Completing Iteration 17 (approx. per word bound = -45.331, relative change = 5.137e-06) 
......................................................................................................
Completed E-Step (8 seconds). 
Completed M-Step (0 seconds). 
calculate log likelihood 
convergence.check is 4.049619e-06 
Completing Iteration 18 (approx. per word bound = -45.331, relative change = 4.050e-06) 
......................................................................................................
Completed E-Step (8 seconds). 
Completed M-Step (0 seconds). 
calculate log likelihood 
convergence.check is 4.125601e-06 
Completing Iteration 19 (approx. per word bound = -45.330, relative change = 4.126e-06) 
......................................................................................................
Completed E-Step (7 seconds). 
Completed M-Step (0 seconds). 
calculate log likelihood 
convergence.check is 3.507667e-06 
Completing Iteration 20 (approx. per word bound = -45.330, relative change = 3.508e-06) 
Topic 1: Gene822, Gene578, Gene415, Gene344, Gene60 
 Topic 2: Gene822, Gene996, Gene658, Gene578, Gene871 
 Topic 3: Gene822, Gene658, Gene996, Gene369, Gene309 
 Topic 4: Gene473, Gene374, Gene658, Gene725, Gene344 
 Topic 5: Gene578, Gene374, Gene344, Gene399, Gene473 
......................................................................................................
Completed E-Step (7 seconds). 
Completed M-Step (0 seconds). 
calculate log likelihood 
convergence.check is 3.320964e-06 
Completing Iteration 21 (approx. per word bound = -45.330, relative change = 3.321e-06) 
......................................................................................................
Completed E-Step (8 seconds). 
Completed M-Step (0 seconds). 
calculate log likelihood 
convergence.check is 3.155809e-06 
Completing Iteration 22 (approx. per word bound = -45.330, relative change = 3.156e-06) 
......................................................................................................
Completed E-Step (7 seconds). 
Completed M-Step (0 seconds). 
calculate log likelihood 
convergence.check is 2.640787e-06 
Completing Iteration 23 (approx. per word bound = -45.330, relative change = 2.641e-06) 
......................................................................................................
Completed E-Step (7 seconds). 
Completed M-Step (0 seconds). 
calculate log likelihood 
convergence.check is 2.499428e-06 
Completing Iteration 24 (approx. per word bound = -45.330, relative change = 2.499e-06) 
......................................................................................................
Completed E-Step (7 seconds). 
Completed M-Step (0 seconds). 
calculate log likelihood 
convergence.check is 2.331221e-06 
Completing Iteration 25 (approx. per word bound = -45.330, relative change = 2.331e-06) 
Topic 1: Gene822, Gene578, Gene415, Gene344, Gene60 
 Topic 2: Gene822, Gene996, Gene658, Gene578, Gene871 
 Topic 3: Gene822, Gene658, Gene996, Gene369, Gene309 
 Topic 4: Gene473, Gene374, Gene658, Gene725, Gene344 
 Topic 5: Gene578, Gene374, Gene344, Gene399, Gene473 
......................................................................................................
Completed E-Step (7 seconds). 
Completed M-Step (0 seconds). 
calculate log likelihood 
convergence.check is 2.234705e-06 
Completing Iteration 26 (approx. per word bound = -45.329, relative change = 2.235e-06) 
......................................................................................................
Completed E-Step (7 seconds). 
Completed M-Step (0 seconds). 
calculate log likelihood 
convergence.check is 1.929217e-06 
Completing Iteration 27 (approx. per word bound = -45.329, relative change = 1.929e-06) 
......................................................................................................
Completed E-Step (6 seconds). 
Completed M-Step (0 seconds). 
calculate log likelihood 
convergence.check is 1.759659e-06 
Completing Iteration 28 (approx. per word bound = -45.329, relative change = 1.760e-06) 
......................................................................................................
Completed E-Step (6 seconds). 
Completed M-Step (0 seconds). 
calculate log likelihood 
convergence.check is 1.602853e-06 
Completing Iteration 29 (approx. per word bound = -45.329, relative change = 1.603e-06) 
......................................................................................................
Completed E-Step (6 seconds). 
Completed M-Step (0 seconds). 
calculate log likelihood 
convergence.check is 1.679876e-06 
Completing Iteration 30 (approx. per word bound = -45.329, relative change = 1.680e-06) 
Topic 1: Gene822, Gene578, Gene415, Gene344, Gene60 
 Topic 2: Gene822, Gene996, Gene658, Gene578, Gene871 
 Topic 3: Gene822, Gene658, Gene996, Gene369, Gene309 
 Topic 4: Gene473, Gene374, Gene658, Gene725, Gene344 
 Topic 5: Gene578, Gene374, Gene344, Gene399, Gene473 
......................................................................................................
Completed E-Step (6 seconds). 
Completed M-Step (0 seconds). 
calculate log likelihood 
convergence.check is 1.441563e-06 
Completing Iteration 31 (approx. per word bound = -45.329, relative change = 1.442e-06) 
......................................................................................................
Completed E-Step (6 seconds). 
Completed M-Step (0 seconds). 
calculate log likelihood 
convergence.check is 1.343609e-06 
Completing Iteration 32 (approx. per word bound = -45.329, relative change = 1.344e-06) 
......................................................................................................
Completed E-Step (6 seconds). 
Completed M-Step (0 seconds). 
calculate log likelihood 
convergence.check is 1.174205e-06 
Completing Iteration 33 (approx. per word bound = -45.329, relative change = 1.174e-06) 
......................................................................................................
Completed E-Step (6 seconds). 
Completed M-Step (0 seconds). 
calculate log likelihood 
convergence.check is 1.164635e-06 
Completing Iteration 34 (approx. per word bound = -45.329, relative change = 1.165e-06) 
......................................................................................................
Completed E-Step (6 seconds). 
Completed M-Step (0 seconds). 
calculate log likelihood 
convergence.check is 1.071154e-06 
Completing Iteration 35 (approx. per word bound = -45.329, relative change = 1.071e-06) 
Topic 1: Gene822, Gene578, Gene415, Gene344, Gene60 
 Topic 2: Gene822, Gene996, Gene658, Gene578, Gene871 
 Topic 3: Gene822, Gene658, Gene996, Gene369, Gene309 
 Topic 4: Gene473, Gene658, Gene374, Gene725, Gene344 
 Topic 5: Gene578, Gene374, Gene344, Gene399, Gene473 
......................................................................................................
Completed E-Step (6 seconds). 
Completed M-Step (0 seconds). 
calculate log likelihood 
convergence.check is 9.604923e-07 
Model Converged 
3 select model run 
Initialization with topicScore. 
Initializing factors using Topic SCORE algorithm.
Initializing loadings by running 10 SCD updates.
......................................................................................................
Completed E-Step (12 seconds). 
Completed M-Step (0 seconds). 
calculate log likelihood 
Completing Iteration 1 (approx. per word bound = -45.349) 
......................................................................................................
Completed E-Step (11 seconds). 
Completed M-Step (0 seconds). 
calculate log likelihood 
convergence.check is 8.974065e-05 
Completing Iteration 2 (approx. per word bound = -45.345, relative change = 8.974e-05) 
......................................................................................................
Completed E-Step (11 seconds). 
Completed M-Step (0 seconds). 
calculate log likelihood 
convergence.check is 5.604683e-05 
Completing Iteration 3 (approx. per word bound = -45.342, relative change = 5.605e-05) 
......................................................................................................
Completed E-Step (10 seconds). 
Completed M-Step (0 seconds). 
calculate log likelihood 
convergence.check is 4.146017e-05 
Completing Iteration 4 (approx. per word bound = -45.340, relative change = 4.146e-05) 
......................................................................................................
Completed E-Step (10 seconds). 
Completed M-Step (0 seconds). 
calculate log likelihood 
convergence.check is 3.186211e-05 
Completing Iteration 5 (approx. per word bound = -45.339, relative change = 3.186e-05) 
Topic 1: Gene822, Gene996, Gene578, Gene658, Gene724 
 Topic 2: Gene822, Gene578, Gene344, Gene724, Gene725 
 Topic 3: Gene658, Gene822, Gene344, Gene374, Gene724 
 Topic 4: Gene415, Gene60, Gene658, Gene996, Gene75 
 Topic 5: Gene473, Gene374, Gene578, Gene344, Gene725 
......................................................................................................
Completed E-Step (10 seconds). 
Completed M-Step (0 seconds). 
calculate log likelihood 
convergence.check is 2.523602e-05 
Completing Iteration 6 (approx. per word bound = -45.338, relative change = 2.524e-05) 
......................................................................................................
Completed E-Step (10 seconds). 
Completed M-Step (0 seconds). 
calculate log likelihood 
convergence.check is 2.083678e-05 
Completing Iteration 7 (approx. per word bound = -45.337, relative change = 2.084e-05) 
......................................................................................................
Completed E-Step (10 seconds). 
Completed M-Step (0 seconds). 
calculate log likelihood 
convergence.check is 1.781386e-05 
Completing Iteration 8 (approx. per word bound = -45.336, relative change = 1.781e-05) 
......................................................................................................
Completed E-Step (10 seconds). 
Completed M-Step (0 seconds). 
calculate log likelihood 
convergence.check is 1.55254e-05 
Completing Iteration 9 (approx. per word bound = -45.335, relative change = 1.553e-05) 
......................................................................................................
Completed E-Step (10 seconds). 
Completed M-Step (0 seconds). 
calculate log likelihood 
convergence.check is 1.407108e-05 
Completing Iteration 10 (approx. per word bound = -45.335, relative change = 1.407e-05) 
Topic 1: Gene822, Gene996, Gene578, Gene658, Gene724 
 Topic 2: Gene822, Gene578, Gene344, Gene724, Gene871 
 Topic 3: Gene658, Gene822, Gene344, Gene374, Gene399 
 Topic 4: Gene415, Gene60, Gene658, Gene996, Gene75 
 Topic 5: Gene473, Gene374, Gene578, Gene344, Gene725 
......................................................................................................
Completed E-Step (10 seconds). 
Completed M-Step (0 seconds). 
calculate log likelihood 
convergence.check is 1.281418e-05 
Completing Iteration 11 (approx. per word bound = -45.334, relative change = 1.281e-05) 
......................................................................................................
Completed E-Step (9 seconds). 
Completed M-Step (0 seconds). 
calculate log likelihood 
convergence.check is 1.167919e-05 
Completing Iteration 12 (approx. per word bound = -45.333, relative change = 1.168e-05) 
......................................................................................................
Completed E-Step (9 seconds). 
Completed M-Step (0 seconds). 
calculate log likelihood 
convergence.check is 1.113736e-05 
Completing Iteration 13 (approx. per word bound = -45.333, relative change = 1.114e-05) 
......................................................................................................
Completed E-Step (11 seconds). 
Completed M-Step (0 seconds). 
calculate log likelihood 
convergence.check is 1.035025e-05 
Completing Iteration 14 (approx. per word bound = -45.333, relative change = 1.035e-05) 
......................................................................................................
Completed E-Step (9 seconds). 
Completed M-Step (0 seconds). 
calculate log likelihood 
convergence.check is 1.004688e-05 
Completing Iteration 15 (approx. per word bound = -45.332, relative change = 1.005e-05) 
Topic 1: Gene822, Gene996, Gene578, Gene658, Gene724 
 Topic 2: Gene822, Gene578, Gene344, Gene724, Gene871 
 Topic 3: Gene658, Gene822, Gene344, Gene374, Gene399 
 Topic 4: Gene415, Gene60, Gene658, Gene996, Gene75 
 Topic 5: Gene473, Gene374, Gene578, Gene344, Gene725 
......................................................................................................
Completed E-Step (8 seconds). 
Completed M-Step (0 seconds). 
calculate log likelihood 
convergence.check is 9.133959e-06 
Completing Iteration 16 (approx. per word bound = -45.332, relative change = 9.134e-06) 
......................................................................................................
Completed E-Step (9 seconds). 
Completed M-Step (0 seconds). 
calculate log likelihood 
convergence.check is 8.789707e-06 
Completing Iteration 17 (approx. per word bound = -45.331, relative change = 8.790e-06) 
......................................................................................................
Completed E-Step (9 seconds). 
Completed M-Step (0 seconds). 
calculate log likelihood 
convergence.check is 8.295696e-06 
Completing Iteration 18 (approx. per word bound = -45.331, relative change = 8.296e-06) 
......................................................................................................
Completed E-Step (8 seconds). 
Completed M-Step (0 seconds). 
calculate log likelihood 
convergence.check is 7.737089e-06 
Completing Iteration 19 (approx. per word bound = -45.331, relative change = 7.737e-06) 
......................................................................................................
Completed E-Step (8 seconds). 
Completed M-Step (0 seconds). 
calculate log likelihood 
convergence.check is 7.253866e-06 
Completing Iteration 20 (approx. per word bound = -45.330, relative change = 7.254e-06) 
Topic 1: Gene822, Gene996, Gene578, Gene658, Gene724 
 Topic 2: Gene822, Gene578, Gene344, Gene724, Gene871 
 Topic 3: Gene658, Gene822, Gene344, Gene399, Gene374 
 Topic 4: Gene415, Gene60, Gene658, Gene996, Gene75 
 Topic 5: Gene473, Gene374, Gene578, Gene344, Gene725 
......................................................................................................
Completed E-Step (8 seconds). 
Completed M-Step (0 seconds). 
calculate log likelihood 
convergence.check is 6.69023e-06 
Completing Iteration 21 (approx. per word bound = -45.330, relative change = 6.690e-06) 
......................................................................................................
Completed E-Step (8 seconds). 
Completed M-Step (0 seconds). 
calculate log likelihood 
convergence.check is 6.208541e-06 
Completing Iteration 22 (approx. per word bound = -45.330, relative change = 6.209e-06) 
......................................................................................................
Completed E-Step (8 seconds). 
Completed M-Step (0 seconds). 
calculate log likelihood 
convergence.check is 5.675327e-06 
Completing Iteration 23 (approx. per word bound = -45.329, relative change = 5.675e-06) 
......................................................................................................
Completed E-Step (8 seconds). 
Completed M-Step (0 seconds). 
calculate log likelihood 
convergence.check is 5.208157e-06 
Completing Iteration 24 (approx. per word bound = -45.329, relative change = 5.208e-06) 
......................................................................................................
Completed E-Step (8 seconds). 
Completed M-Step (0 seconds). 
calculate log likelihood 
convergence.check is 4.693412e-06 
Completing Iteration 25 (approx. per word bound = -45.329, relative change = 4.693e-06) 
Topic 1: Gene822, Gene996, Gene578, Gene658, Gene724 
 Topic 2: Gene822, Gene578, Gene344, Gene724, Gene871 
 Topic 3: Gene658, Gene822, Gene344, Gene399, Gene374 
 Topic 4: Gene415, Gene60, Gene658, Gene996, Gene75 
 Topic 5: Gene473, Gene374, Gene578, Gene344, Gene725 
......................................................................................................
Completed E-Step (8 seconds). 
Completed M-Step (0 seconds). 
calculate log likelihood 
convergence.check is 4.236101e-06 
Completing Iteration 26 (approx. per word bound = -45.329, relative change = 4.236e-06) 
......................................................................................................
Completed E-Step (8 seconds). 
Completed M-Step (0 seconds). 
calculate log likelihood 
convergence.check is 3.814954e-06 
Completing Iteration 27 (approx. per word bound = -45.329, relative change = 3.815e-06) 
......................................................................................................
Completed E-Step (8 seconds). 
Completed M-Step (0 seconds). 
calculate log likelihood 
convergence.check is 3.442547e-06 
Completing Iteration 28 (approx. per word bound = -45.328, relative change = 3.443e-06) 
......................................................................................................
Completed E-Step (8 seconds). 
Completed M-Step (0 seconds). 
calculate log likelihood 
convergence.check is 3.140347e-06 
Completing Iteration 29 (approx. per word bound = -45.328, relative change = 3.140e-06) 
......................................................................................................
Completed E-Step (8 seconds). 
Completed M-Step (0 seconds). 
calculate log likelihood 
convergence.check is 3.020691e-06 
Completing Iteration 30 (approx. per word bound = -45.328, relative change = 3.021e-06) 
Topic 1: Gene822, Gene996, Gene578, Gene658, Gene724 
 Topic 2: Gene822, Gene578, Gene344, Gene724, Gene871 
 Topic 3: Gene658, Gene822, Gene344, Gene399, Gene374 
 Topic 4: Gene415, Gene658, Gene60, Gene996, Gene75 
 Topic 5: Gene473, Gene578, Gene374, Gene344, Gene725 
......................................................................................................
Completed E-Step (7 seconds). 
Completed M-Step (0 seconds). 
calculate log likelihood 
convergence.check is 2.343769e-06 
Completing Iteration 31 (approx. per word bound = -45.328, relative change = 2.344e-06) 
......................................................................................................
Completed E-Step (7 seconds). 
Completed M-Step (0 seconds). 
calculate log likelihood 
convergence.check is 2.356208e-06 
Completing Iteration 32 (approx. per word bound = -45.328, relative change = 2.356e-06) 
......................................................................................................
Completed E-Step (7 seconds). 
Completed M-Step (0 seconds). 
calculate log likelihood 
convergence.check is 2.112793e-06 
Completing Iteration 33 (approx. per word bound = -45.328, relative change = 2.113e-06) 
......................................................................................................
Completed E-Step (7 seconds). 
Completed M-Step (0 seconds). 
calculate log likelihood 
convergence.check is 1.934124e-06 
Completing Iteration 34 (approx. per word bound = -45.328, relative change = 1.934e-06) 
......................................................................................................
Completed E-Step (7 seconds). 
Completed M-Step (0 seconds). 
calculate log likelihood 
convergence.check is 1.781961e-06 
Completing Iteration 35 (approx. per word bound = -45.328, relative change = 1.782e-06) 
Topic 1: Gene822, Gene996, Gene578, Gene658, Gene724 
 Topic 2: Gene822, Gene578, Gene344, Gene724, Gene871 
 Topic 3: Gene658, Gene822, Gene344, Gene399, Gene374 
 Topic 4: Gene658, Gene415, Gene60, Gene996, Gene75 
 Topic 5: Gene473, Gene578, Gene374, Gene344, Gene725 
......................................................................................................
Completed E-Step (7 seconds). 
Completed M-Step (0 seconds). 
calculate log likelihood 
convergence.check is 1.628768e-06 
Completing Iteration 36 (approx. per word bound = -45.328, relative change = 1.629e-06) 
......................................................................................................
Completed E-Step (7 seconds). 
Completed M-Step (0 seconds). 
calculate log likelihood 
convergence.check is 1.633101e-06 
Completing Iteration 37 (approx. per word bound = -45.327, relative change = 1.633e-06) 
......................................................................................................
Completed E-Step (7 seconds). 
Completed M-Step (0 seconds). 
calculate log likelihood 
convergence.check is 1.458565e-06 
Completing Iteration 38 (approx. per word bound = -45.327, relative change = 1.459e-06) 
......................................................................................................
Completed E-Step (7 seconds). 
Completed M-Step (0 seconds). 
calculate log likelihood 
convergence.check is 1.201734e-06 
Completing Iteration 39 (approx. per word bound = -45.327, relative change = 1.202e-06) 
......................................................................................................
Completed E-Step (6 seconds). 
Completed M-Step (0 seconds). 
calculate log likelihood 
convergence.check is 1.399729e-06 
Completing Iteration 40 (approx. per word bound = -45.327, relative change = 1.400e-06) 
Topic 1: Gene822, Gene996, Gene578, Gene658, Gene724 
 Topic 2: Gene822, Gene578, Gene344, Gene724, Gene871 
 Topic 3: Gene658, Gene822, Gene344, Gene399, Gene374 
 Topic 4: Gene658, Gene415, Gene60, Gene996, Gene75 
 Topic 5: Gene473, Gene578, Gene374, Gene344, Gene725 
......................................................................................................
Completed E-Step (6 seconds). 
Completed M-Step (0 seconds). 
calculate log likelihood 
convergence.check is 1.0084e-06 
Completing Iteration 41 (approx. per word bound = -45.327, relative change = 1.008e-06) 
......................................................................................................
Completed E-Step (6 seconds). 
Completed M-Step (0 seconds). 
calculate log likelihood 
convergence.check is 1.177878e-06 
Completing Iteration 42 (approx. per word bound = -45.327, relative change = 1.178e-06) 
......................................................................................................
Completed E-Step (6 seconds). 
Completed M-Step (0 seconds). 
calculate log likelihood 
convergence.check is 1.014651e-06 
Completing Iteration 43 (approx. per word bound = -45.327, relative change = 1.015e-06) 
......................................................................................................
Completed E-Step (6 seconds). 
Completed M-Step (0 seconds). 
calculate log likelihood 
convergence.check is 7.621853e-07 
Model Converged 
