sims_1715949548_pos_L3_c5.rds 
Found 6 batches
Using null model in ComBat-seq.
Adjusting for 0 covariate(s) or covariate level(s)
Estimating dispersions
Fitting the GLM model
Shrinkage off - using GLM estimates for parameters
Adjusting the data
Batch Effect Removed 
        R/alignCorpus.R R/asSTMCorpus.R R/checkBeta.R R/cloud.R
value   ?               ?               ?             ?        
visible FALSE           FALSE           FALSE         FALSE    
        R/CompositionChange.R R/convertCorpus.R R/estimateEffect.R
value   ?                     ?                 ?                 
visible FALSE                 FALSE             FALSE             
        R/estimateMixedEffect.R R/exclusivity.R R/findThoughts.R R/findTopic.R
value   ?                       ?               ?                ?            
visible FALSE                   FALSE           FALSE            FALSE        
        R/fitNewDocuments.R R/heldout.R R/jeffreyskappa.R R/labelTopics.R
value   ?                   ?           ?                 ?              
visible FALSE               FALSE       FALSE             FALSE          
        R/makeDesignMatrix.R R/manyTopics.R R/multiSTM.R R/optimalK.R
value   ?                    ?              ?            ?           
visible FALSE                FALSE          FALSE        FALSE       
        R/permute.R R/plot.estimateEffect.R R/plot.fixedEffect.R
value   ?           ?                       ?                   
visible FALSE       FALSE                   FALSE               
        R/plot.searchK.R R/plot.STM.R R/plotModels.R R/plotQuote.R
value   ?                ?            ?              ?            
visible FALSE            FALSE        FALSE          FALSE        
        R/plotRemoved.R R/plottingutilfns.R R/plotTopicLoess.R
value   ?               ?                   ?                 
visible FALSE           FALSE               FALSE             
        R/prepDocuments.R R/prepsce.R R/produce_cmatrix.R R/RcppExports.R
value   ?                 ?           ?                   ?              
visible FALSE             FALSE       FALSE               FALSE          
        R/readCorpus.R R/residuals.R R/s.R R/sageLabels.R R/scSTM.R
value   ?              ?             ?     ?              ?        
visible FALSE          FALSE         FALSE FALSE          FALSE    
        R/selectModel.R R/semanticCoherence.R R/simBetas.R R/spectral.R
value   ?               ?                     ?            ?           
visible FALSE           FALSE                 FALSE        FALSE       
        R/stm-package.R R/stm.control.R R/STMbound.R R/STMconvergence.R
value   NULL            ?               ?            ?                 
visible TRUE            FALSE           FALSE        FALSE             
        R/STMestep.R R/STMfunctions.R R/STMinit.R R/STMinitLikelihood.R
value   ?            ?                ?           ?                    
visible FALSE        FALSE            FALSE       FALSE                
        R/STMlncpp.R R/STMmnreg.R R/STMmu.R R/STMoptbeta.R R/STMreport.R
value   ?            ?            ?         ?              ?            
visible FALSE        FALSE        FALSE     FALSE          FALSE        
        R/STMsigma.R R/STMsigs.R R/STMsubset.R R/summary.STM.R R/tau.R
value   ?            ?           ?             ?               ?      
visible FALSE        FALSE       FALSE         FALSE           FALSE  
        R/textProcessor.R R/thetaPosterior.R R/toLDAvis.R R/topicCorr.R
value   ?                 ?                  ?            ?            
visible FALSE             FALSE              FALSE        FALSE        
        R/topicLasso.R R/topicQuality.R R/writeLdac.R R/zzz.R
value   ?              ?                ?             ?      
visible FALSE          FALSE            FALSE         FALSE  
Casting net 
1 models in net 
Initialization with topicScore. 
Initializing factors using Topic SCORE algorithm.
Initializing loadings by running 10 SCD updates.
......................................................................................................
Completed E-Step (4 seconds). 
Completed M-Step (0 seconds). 
calculate log likelihood 
Completing Iteration 1 (approx. per word bound = -39.966) 
......................................................................................................
Completed E-Step (12 seconds). 
Completed M-Step (0 seconds). 
calculate log likelihood 
convergence.check is 1.532602e-05 
Completing Iteration 2 (approx. per word bound = -39.965, relative change = 1.533e-05) 
......................................................................................................
Completed E-Step (12 seconds). 
Completed M-Step (0 seconds). 
calculate log likelihood 
convergence.check is 1.203851e-05 
Model Terminated Before Convergence Reached 
2 models in net 
Initialization with topicScore. 
Initializing factors using Topic SCORE algorithm.
Initializing loadings by running 10 SCD updates.
......................................................................................................
Completed E-Step (5 seconds). 
Completed M-Step (0 seconds). 
calculate log likelihood 
Completing Iteration 1 (approx. per word bound = -39.967) 
......................................................................................................
Completed E-Step (17 seconds). 
Completed M-Step (0 seconds). 
calculate log likelihood 
convergence.check is 1.855571e-05 
Completing Iteration 2 (approx. per word bound = -39.967, relative change = 1.856e-05) 
......................................................................................................
Completed E-Step (17 seconds). 
Completed M-Step (0 seconds). 
calculate log likelihood 
convergence.check is 1.513544e-05 
Model Terminated Before Convergence Reached 
3 models in net 
Initialization with topicScore. 
Initializing factors using Topic SCORE algorithm.
Initializing loadings by running 10 SCD updates.
......................................................................................................
Completed E-Step (7 seconds). 
Completed M-Step (0 seconds). 
calculate log likelihood 
Completing Iteration 1 (approx. per word bound = -39.967) 
......................................................................................................
Completed E-Step (16 seconds). 
Completed M-Step (0 seconds). 
calculate log likelihood 
convergence.check is 1.686934e-05 
Completing Iteration 2 (approx. per word bound = -39.966, relative change = 1.687e-05) 
......................................................................................................
Completed E-Step (15 seconds). 
Completed M-Step (0 seconds). 
calculate log likelihood 
convergence.check is 1.342379e-05 
Model Terminated Before Convergence Reached 
4 models in net 
Initialization with topicScore. 
Initializing factors using Topic SCORE algorithm.
Initializing loadings by running 10 SCD updates.
......................................................................................................
Completed E-Step (5 seconds). 
Completed M-Step (0 seconds). 
calculate log likelihood 
Completing Iteration 1 (approx. per word bound = -39.968) 
......................................................................................................
Completed E-Step (18 seconds). 
Completed M-Step (0 seconds). 
calculate log likelihood 
convergence.check is 2.020923e-05 
Completing Iteration 2 (approx. per word bound = -39.967, relative change = 2.021e-05) 
......................................................................................................
Completed E-Step (17 seconds). 
Completed M-Step (0 seconds). 
calculate log likelihood 
convergence.check is 1.669796e-05 
Model Terminated Before Convergence Reached 
5 models in net 
Initialization with topicScore. 
Initializing factors using Topic SCORE algorithm.
Initializing loadings by running 10 SCD updates.
......................................................................................................
Completed E-Step (4 seconds). 
Completed M-Step (0 seconds). 
calculate log likelihood 
Completing Iteration 1 (approx. per word bound = -39.969) 
......................................................................................................
Completed E-Step (13 seconds). 
Completed M-Step (0 seconds). 
calculate log likelihood 
convergence.check is 1.847816e-05 
Completing Iteration 2 (approx. per word bound = -39.968, relative change = 1.848e-05) 
......................................................................................................
Completed E-Step (13 seconds). 
Completed M-Step (0 seconds). 
calculate log likelihood 
convergence.check is 1.516963e-05 
Model Terminated Before Convergence Reached 
6 models in net 
Initialization with topicScore. 
Initializing factors using Topic SCORE algorithm.
Initializing loadings by running 10 SCD updates.
......................................................................................................
Completed E-Step (4 seconds). 
Completed M-Step (0 seconds). 
calculate log likelihood 
Completing Iteration 1 (approx. per word bound = -39.970) 
......................................................................................................
Completed E-Step (13 seconds). 
Completed M-Step (0 seconds). 
calculate log likelihood 
convergence.check is 2.075599e-05 
Completing Iteration 2 (approx. per word bound = -39.969, relative change = 2.076e-05) 
......................................................................................................
Completed E-Step (13 seconds). 
Completed M-Step (0 seconds). 
calculate log likelihood 
convergence.check is 1.73063e-05 
Model Terminated Before Convergence Reached 
7 models in net 
Initialization with topicScore. 
Initializing factors using Topic SCORE algorithm.
Initializing loadings by running 10 SCD updates.
......................................................................................................
Completed E-Step (4 seconds). 
Completed M-Step (0 seconds). 
calculate log likelihood 
Completing Iteration 1 (approx. per word bound = -39.968) 
......................................................................................................
Completed E-Step (15 seconds). 
Completed M-Step (0 seconds). 
calculate log likelihood 
convergence.check is 2.088098e-05 
Completing Iteration 2 (approx. per word bound = -39.967, relative change = 2.088e-05) 
......................................................................................................
Completed E-Step (14 seconds). 
Completed M-Step (0 seconds). 
calculate log likelihood 
convergence.check is 1.730639e-05 
Model Terminated Before Convergence Reached 
8 models in net 
Initialization with topicScore. 
Initializing factors using Topic SCORE algorithm.
Initializing loadings by running 10 SCD updates.
......................................................................................................
Completed E-Step (4 seconds). 
Completed M-Step (0 seconds). 
calculate log likelihood 
Completing Iteration 1 (approx. per word bound = -39.967) 
......................................................................................................
Completed E-Step (14 seconds). 
Completed M-Step (0 seconds). 
calculate log likelihood 
convergence.check is 1.681986e-05 
Completing Iteration 2 (approx. per word bound = -39.967, relative change = 1.682e-05) 
......................................................................................................
Completed E-Step (14 seconds). 
Completed M-Step (0 seconds). 
calculate log likelihood 
convergence.check is 1.342298e-05 
Model Terminated Before Convergence Reached 
9 models in net 
Initialization with topicScore. 
Initializing factors using Topic SCORE algorithm.
Initializing loadings by running 10 SCD updates.
......................................................................................................
Completed E-Step (6 seconds). 
Completed M-Step (0 seconds). 
calculate log likelihood 
Completing Iteration 1 (approx. per word bound = -39.967) 
......................................................................................................
Completed E-Step (13 seconds). 
Completed M-Step (0 seconds). 
calculate log likelihood 
convergence.check is 1.690485e-05 
Completing Iteration 2 (approx. per word bound = -39.967, relative change = 1.690e-05) 
......................................................................................................
Completed E-Step (13 seconds). 
Completed M-Step (0 seconds). 
calculate log likelihood 
convergence.check is 1.359318e-05 
Model Terminated Before Convergence Reached 
10 models in net 
Initialization with topicScore. 
Initializing factors using Topic SCORE algorithm.
Initializing loadings by running 10 SCD updates.
......................................................................................................
Completed E-Step (4 seconds). 
Completed M-Step (0 seconds). 
calculate log likelihood 
Completing Iteration 1 (approx. per word bound = -39.969) 
......................................................................................................
Completed E-Step (14 seconds). 
Completed M-Step (0 seconds). 
calculate log likelihood 
convergence.check is 2.133091e-05 
Completing Iteration 2 (approx. per word bound = -39.968, relative change = 2.133e-05) 
......................................................................................................
Completed E-Step (13 seconds). 
Completed M-Step (0 seconds). 
calculate log likelihood 
convergence.check is 1.770361e-05 
Model Terminated Before Convergence Reached 
11 models in net 
Beginning Spectral Initialization 
	 Calculating the gram matrix...
	 Finding anchor words...
 	.....
	 Recovering initialization...
 	......
Initialization complete.
......................................................................................................
Completed E-Step (19 seconds). 
Completed M-Step (0 seconds). 
calculate log likelihood 
Completing Iteration 1 (approx. per word bound = -40.032) 
......................................................................................................
Completed E-Step (9 seconds). 
Completed M-Step (0 seconds). 
calculate log likelihood 
convergence.check is 0.001310434 
Completing Iteration 2 (approx. per word bound = -39.980, relative change = 1.310e-03) 
......................................................................................................
Completed E-Step (8 seconds). 
Completed M-Step (0 seconds). 
calculate log likelihood 
convergence.check is 0.0003363938 
Model Terminated Before Convergence Reached 
12 models in net 
Beginning Random Initialization 
Initialization with Poisson NMF 
......................................................................................................
Completed E-Step (19 seconds). 
Completed M-Step (0 seconds). 
calculate log likelihood 
Completing Iteration 1 (approx. per word bound = -52.354) 
......................................................................................................
Completed E-Step (11 seconds). 
Completed M-Step (0 seconds). 
calculate log likelihood 
convergence.check is 0.23307 
Completing Iteration 2 (approx. per word bound = -40.152, relative change = 2.331e-01) 
......................................................................................................
Completed E-Step (10 seconds). 
Completed M-Step (0 seconds). 
calculate log likelihood 
convergence.check is 0.0001586387 
Model Terminated Before Convergence Reached 
13 models in net 
Beginning Random Initialization 
Initialization with Poisson NMF 
......................................................................................................
Completed E-Step (18 seconds). 
Completed M-Step (0 seconds). 
calculate log likelihood 
Completing Iteration 1 (approx. per word bound = -52.082) 
......................................................................................................
Completed E-Step (11 seconds). 
Completed M-Step (0 seconds). 
calculate log likelihood 
convergence.check is 0.2293709 
Completing Iteration 2 (approx. per word bound = -40.136, relative change = 2.294e-01) 
......................................................................................................
Completed E-Step (11 seconds). 
Completed M-Step (0 seconds). 
calculate log likelihood 
convergence.check is 0.0003639998 
Model Terminated Before Convergence Reached 
14 models in net 
Beginning Random Initialization 
Initialization with Poisson NMF 
......................................................................................................
Completed E-Step (22 seconds). 
Completed M-Step (0 seconds). 
calculate log likelihood 
Completing Iteration 1 (approx. per word bound = -52.059) 
......................................................................................................
Completed E-Step (13 seconds). 
Completed M-Step (0 seconds). 
calculate log likelihood 
convergence.check is 0.2287671 
Completing Iteration 2 (approx. per word bound = -40.150, relative change = 2.288e-01) 
......................................................................................................
Completed E-Step (12 seconds). 
Completed M-Step (0 seconds). 
calculate log likelihood 
convergence.check is 0.0002974738 
Model Terminated Before Convergence Reached 
15 models in net 
Beginning Random Initialization 
Initialization with Poisson NMF 
......................................................................................................
Completed E-Step (21 seconds). 
Completed M-Step (0 seconds). 
calculate log likelihood 
Completing Iteration 1 (approx. per word bound = -52.012) 
......................................................................................................
Completed E-Step (10 seconds). 
Completed M-Step (0 seconds). 
calculate log likelihood 
convergence.check is 0.2281749 
Completing Iteration 2 (approx. per word bound = -40.144, relative change = 2.282e-01) 
......................................................................................................
Completed E-Step (10 seconds). 
Completed M-Step (0 seconds). 
calculate log likelihood 
convergence.check is 0.0003519659 
Model Terminated Before Convergence Reached 
16 models in net 
Beginning Random Initialization 
Initialization with Poisson NMF 
......................................................................................................
Completed E-Step (19 seconds). 
Completed M-Step (0 seconds). 
calculate log likelihood 
Completing Iteration 1 (approx. per word bound = -52.318) 
......................................................................................................
Completed E-Step (12 seconds). 
Completed M-Step (0 seconds). 
calculate log likelihood 
convergence.check is 0.232843 
Completing Iteration 2 (approx. per word bound = -40.136, relative change = 2.328e-01) 
......................................................................................................
Completed E-Step (12 seconds). 
Completed M-Step (0 seconds). 
calculate log likelihood 
convergence.check is 0.0002501065 
Model Terminated Before Convergence Reached 
17 models in net 
Beginning Random Initialization 
Initialization with Poisson NMF 
......................................................................................................
Completed E-Step (19 seconds). 
Completed M-Step (0 seconds). 
calculate log likelihood 
Completing Iteration 1 (approx. per word bound = -51.937) 
......................................................................................................
Completed E-Step (11 seconds). 
Completed M-Step (0 seconds). 
calculate log likelihood 
convergence.check is 0.2270506 
Completing Iteration 2 (approx. per word bound = -40.145, relative change = 2.271e-01) 
......................................................................................................
Completed E-Step (11 seconds). 
Completed M-Step (0 seconds). 
calculate log likelihood 
convergence.check is 0.0001977412 
Model Terminated Before Convergence Reached 
18 models in net 
Beginning Random Initialization 
Initialization with Poisson NMF 
......................................................................................................
Completed E-Step (21 seconds). 
Completed M-Step (0 seconds). 
calculate log likelihood 
Completing Iteration 1 (approx. per word bound = -52.107) 
......................................................................................................
Completed E-Step (13 seconds). 
Completed M-Step (0 seconds). 
calculate log likelihood 
convergence.check is 0.2295784 
Completing Iteration 2 (approx. per word bound = -40.144, relative change = 2.296e-01) 
......................................................................................................
Completed E-Step (11 seconds). 
Completed M-Step (0 seconds). 
calculate log likelihood 
convergence.check is 0.0004584564 
Model Terminated Before Convergence Reached 
19 models in net 
Beginning Random Initialization 
Initialization with Poisson NMF 
......................................................................................................
Completed E-Step (17 seconds). 
Completed M-Step (0 seconds). 
calculate log likelihood 
Completing Iteration 1 (approx. per word bound = -52.722) 
......................................................................................................
Completed E-Step (12 seconds). 
Completed M-Step (0 seconds). 
calculate log likelihood 
convergence.check is 0.2386127 
Completing Iteration 2 (approx. per word bound = -40.142, relative change = 2.386e-01) 
......................................................................................................
Completed E-Step (11 seconds). 
Completed M-Step (0 seconds). 
calculate log likelihood 
convergence.check is 0.00021436 
Model Terminated Before Convergence Reached 
20 models in net 
Beginning Random Initialization 
Initialization with Poisson NMF 
......................................................................................................
Completed E-Step (18 seconds). 
Completed M-Step (0 seconds). 
calculate log likelihood 
Completing Iteration 1 (approx. per word bound = -52.404) 
......................................................................................................
Completed E-Step (11 seconds). 
Completed M-Step (0 seconds). 
calculate log likelihood 
convergence.check is 0.2338926 
Completing Iteration 2 (approx. per word bound = -40.147, relative change = 2.339e-01) 
......................................................................................................
Completed E-Step (10 seconds). 
Completed M-Step (0 seconds). 
calculate log likelihood 
convergence.check is 0.0002043108 
Model Terminated Before Convergence Reached 
21 models in net 
Beginning Random Initialization 
Initialization with Poisson NMF 
......................................................................................................
Completed E-Step (19 seconds). 
Completed M-Step (0 seconds). 
calculate log likelihood 
Completing Iteration 1 (approx. per word bound = -52.342) 
......................................................................................................
Completed E-Step (12 seconds). 
Completed M-Step (0 seconds). 
calculate log likelihood 
convergence.check is 0.2328715 
Completing Iteration 2 (approx. per word bound = -40.153, relative change = 2.329e-01) 
......................................................................................................
Completed E-Step (12 seconds). 
Completed M-Step (0 seconds). 
calculate log likelihood 
convergence.check is 0.0002384873 
Model Terminated Before Convergence Reached 
Running select models 
1 select model run 
Initialization with topicScore. 
Initializing factors using Topic SCORE algorithm.
Initializing loadings by running 10 SCD updates.
......................................................................................................
Completed E-Step (4 seconds). 
Completed M-Step (0 seconds). 
calculate log likelihood 
Completing Iteration 1 (approx. per word bound = -39.966) 
......................................................................................................
Completed E-Step (14 seconds). 
Completed M-Step (0 seconds). 
calculate log likelihood 
convergence.check is 1.532602e-05 
Completing Iteration 2 (approx. per word bound = -39.965, relative change = 1.533e-05) 
......................................................................................................
Completed E-Step (14 seconds). 
Completed M-Step (0 seconds). 
calculate log likelihood 
convergence.check is 1.203851e-05 
Completing Iteration 3 (approx. per word bound = -39.965, relative change = 1.204e-05) 
......................................................................................................
Completed E-Step (15 seconds). 
Completed M-Step (0 seconds). 
calculate log likelihood 
convergence.check is 1.115436e-05 
Completing Iteration 4 (approx. per word bound = -39.964, relative change = 1.115e-05) 
......................................................................................................
Completed E-Step (14 seconds). 
Completed M-Step (0 seconds). 
calculate log likelihood 
convergence.check is 1.031067e-05 
Completing Iteration 5 (approx. per word bound = -39.964, relative change = 1.031e-05) 
Topic 1: Gene1157, Gene250, Gene448, Gene1065, Gene329 
 Topic 2: Gene933, Gene1481, Gene448, Gene1065, Gene329 
 Topic 3: Gene350, Gene207, Gene394, Gene110, Gene664 
 Topic 4: Gene4, Gene1308, Gene226, Gene250, Gene1481 
 Topic 5: Gene1131, Gene886, Gene583, Gene1481, Gene1252 
......................................................................................................
Completed E-Step (13 seconds). 
Completed M-Step (0 seconds). 
calculate log likelihood 
convergence.check is 9.53759e-06 
Completing Iteration 6 (approx. per word bound = -39.963, relative change = 9.538e-06) 
......................................................................................................
Completed E-Step (12 seconds). 
Completed M-Step (0 seconds). 
calculate log likelihood 
convergence.check is 8.836292e-06 
Completing Iteration 7 (approx. per word bound = -39.963, relative change = 8.836e-06) 
......................................................................................................
Completed E-Step (13 seconds). 
Completed M-Step (0 seconds). 
calculate log likelihood 
convergence.check is 8.196446e-06 
Completing Iteration 8 (approx. per word bound = -39.963, relative change = 8.196e-06) 
......................................................................................................
Completed E-Step (12 seconds). 
Completed M-Step (0 seconds). 
calculate log likelihood 
convergence.check is 7.615491e-06 
Completing Iteration 9 (approx. per word bound = -39.962, relative change = 7.615e-06) 
......................................................................................................
Completed E-Step (12 seconds). 
Completed M-Step (0 seconds). 
calculate log likelihood 
convergence.check is 7.084406e-06 
Completing Iteration 10 (approx. per word bound = -39.962, relative change = 7.084e-06) 
Topic 1: Gene1157, Gene250, Gene448, Gene1065, Gene329 
 Topic 2: Gene933, Gene1481, Gene448, Gene1065, Gene329 
 Topic 3: Gene350, Gene207, Gene394, Gene110, Gene664 
 Topic 4: Gene4, Gene1308, Gene226, Gene250, Gene1481 
 Topic 5: Gene1131, Gene886, Gene583, Gene1481, Gene1252 
......................................................................................................
Completed E-Step (12 seconds). 
Completed M-Step (0 seconds). 
calculate log likelihood 
convergence.check is 6.608697e-06 
Completing Iteration 11 (approx. per word bound = -39.962, relative change = 6.609e-06) 
......................................................................................................
Completed E-Step (12 seconds). 
Completed M-Step (0 seconds). 
calculate log likelihood 
convergence.check is 6.161199e-06 
Completing Iteration 12 (approx. per word bound = -39.962, relative change = 6.161e-06) 
......................................................................................................
Completed E-Step (11 seconds). 
Completed M-Step (0 seconds). 
calculate log likelihood 
convergence.check is 5.764559e-06 
Completing Iteration 13 (approx. per word bound = -39.961, relative change = 5.765e-06) 
......................................................................................................
Completed E-Step (12 seconds). 
Completed M-Step (0 seconds). 
calculate log likelihood 
convergence.check is 5.405139e-06 
Completing Iteration 14 (approx. per word bound = -39.961, relative change = 5.405e-06) 
......................................................................................................
Completed E-Step (11 seconds). 
Completed M-Step (0 seconds). 
calculate log likelihood 
convergence.check is 5.077217e-06 
Completing Iteration 15 (approx. per word bound = -39.961, relative change = 5.077e-06) 
Topic 1: Gene1157, Gene448, Gene250, Gene1065, Gene329 
 Topic 2: Gene933, Gene1481, Gene448, Gene1065, Gene329 
 Topic 3: Gene350, Gene207, Gene394, Gene110, Gene664 
 Topic 4: Gene4, Gene1308, Gene226, Gene250, Gene1481 
 Topic 5: Gene886, Gene1131, Gene583, Gene1481, Gene1252 
......................................................................................................
Completed E-Step (11 seconds). 
Completed M-Step (0 seconds). 
calculate log likelihood 
convergence.check is 4.769332e-06 
Completing Iteration 16 (approx. per word bound = -39.961, relative change = 4.769e-06) 
......................................................................................................
Completed E-Step (11 seconds). 
Completed M-Step (0 seconds). 
calculate log likelihood 
convergence.check is 4.499748e-06 
Completing Iteration 17 (approx. per word bound = -39.960, relative change = 4.500e-06) 
......................................................................................................
Completed E-Step (11 seconds). 
Completed M-Step (0 seconds). 
calculate log likelihood 
convergence.check is 4.248408e-06 
Completing Iteration 18 (approx. per word bound = -39.960, relative change = 4.248e-06) 
......................................................................................................
Completed E-Step (11 seconds). 
Completed M-Step (0 seconds). 
calculate log likelihood 
convergence.check is 4.01867e-06 
Completing Iteration 19 (approx. per word bound = -39.960, relative change = 4.019e-06) 
......................................................................................................
Completed E-Step (13 seconds). 
Completed M-Step (0 seconds). 
calculate log likelihood 
convergence.check is 3.805598e-06 
Completing Iteration 20 (approx. per word bound = -39.960, relative change = 3.806e-06) 
Topic 1: Gene1157, Gene448, Gene250, Gene1065, Gene329 
 Topic 2: Gene933, Gene1481, Gene448, Gene1065, Gene329 
 Topic 3: Gene350, Gene207, Gene394, Gene110, Gene664 
 Topic 4: Gene4, Gene1308, Gene226, Gene250, Gene1481 
 Topic 5: Gene886, Gene1131, Gene583, Gene1481, Gene1252 
......................................................................................................
Completed E-Step (14 seconds). 
Completed M-Step (0 seconds). 
calculate log likelihood 
convergence.check is 3.607584e-06 
Completing Iteration 21 (approx. per word bound = -39.960, relative change = 3.608e-06) 
......................................................................................................
Completed E-Step (14 seconds). 
Completed M-Step (0 seconds). 
calculate log likelihood 
convergence.check is 3.424683e-06 
Completing Iteration 22 (approx. per word bound = -39.960, relative change = 3.425e-06) 
......................................................................................................
Completed E-Step (11 seconds). 
Completed M-Step (0 seconds). 
calculate log likelihood 
convergence.check is 3.25443e-06 
Completing Iteration 23 (approx. per word bound = -39.960, relative change = 3.254e-06) 
......................................................................................................
Completed E-Step (10 seconds). 
Completed M-Step (0 seconds). 
calculate log likelihood 
convergence.check is 3.097385e-06 
Completing Iteration 24 (approx. per word bound = -39.959, relative change = 3.097e-06) 
......................................................................................................
Completed E-Step (11 seconds). 
Completed M-Step (0 seconds). 
calculate log likelihood 
convergence.check is 2.945142e-06 
Completing Iteration 25 (approx. per word bound = -39.959, relative change = 2.945e-06) 
Topic 1: Gene1157, Gene448, Gene250, Gene1065, Gene329 
 Topic 2: Gene933, Gene1481, Gene448, Gene1065, Gene329 
 Topic 3: Gene350, Gene207, Gene394, Gene110, Gene664 
 Topic 4: Gene4, Gene1308, Gene226, Gene250, Gene1481 
 Topic 5: Gene886, Gene1131, Gene583, Gene1481, Gene1252 
......................................................................................................
Completed E-Step (9 seconds). 
Completed M-Step (0 seconds). 
calculate log likelihood 
convergence.check is 2.803965e-06 
Completing Iteration 26 (approx. per word bound = -39.959, relative change = 2.804e-06) 
......................................................................................................
Completed E-Step (9 seconds). 
Completed M-Step (0 seconds). 
calculate log likelihood 
convergence.check is 2.668979e-06 
Completing Iteration 27 (approx. per word bound = -39.959, relative change = 2.669e-06) 
......................................................................................................
Completed E-Step (8 seconds). 
Completed M-Step (0 seconds). 
calculate log likelihood 
convergence.check is 2.595161e-06 
Completing Iteration 28 (approx. per word bound = -39.959, relative change = 2.595e-06) 
......................................................................................................
Completed E-Step (8 seconds). 
Completed M-Step (0 seconds). 
calculate log likelihood 
convergence.check is 2.373125e-06 
Completing Iteration 29 (approx. per word bound = -39.959, relative change = 2.373e-06) 
......................................................................................................
Completed E-Step (8 seconds). 
Completed M-Step (0 seconds). 
calculate log likelihood 
convergence.check is 2.316064e-06 
Completing Iteration 30 (approx. per word bound = -39.959, relative change = 2.316e-06) 
Topic 1: Gene1157, Gene448, Gene250, Gene1065, Gene1387 
 Topic 2: Gene933, Gene1481, Gene448, Gene1065, Gene329 
 Topic 3: Gene350, Gene207, Gene394, Gene110, Gene664 
 Topic 4: Gene4, Gene1308, Gene226, Gene250, Gene1481 
 Topic 5: Gene886, Gene1131, Gene583, Gene1481, Gene250 
......................................................................................................
Completed E-Step (8 seconds). 
Completed M-Step (0 seconds). 
calculate log likelihood 
convergence.check is 2.208586e-06 
Completing Iteration 31 (approx. per word bound = -39.959, relative change = 2.209e-06) 
......................................................................................................
Completed E-Step (8 seconds). 
Completed M-Step (0 seconds). 
calculate log likelihood 
convergence.check is 2.107941e-06 
Completing Iteration 32 (approx. per word bound = -39.959, relative change = 2.108e-06) 
......................................................................................................
Completed E-Step (7 seconds). 
Completed M-Step (0 seconds). 
calculate log likelihood 
convergence.check is 2.027642e-06 
Completing Iteration 33 (approx. per word bound = -39.959, relative change = 2.028e-06) 
......................................................................................................
Completed E-Step (8 seconds). 
Completed M-Step (0 seconds). 
calculate log likelihood 
convergence.check is 1.941111e-06 
Completing Iteration 34 (approx. per word bound = -39.959, relative change = 1.941e-06) 
......................................................................................................
Completed E-Step (7 seconds). 
Completed M-Step (0 seconds). 
calculate log likelihood 
convergence.check is 1.861454e-06 
Completing Iteration 35 (approx. per word bound = -39.958, relative change = 1.861e-06) 
Topic 1: Gene1157, Gene448, Gene250, Gene1065, Gene1387 
 Topic 2: Gene933, Gene1481, Gene448, Gene1065, Gene329 
 Topic 3: Gene350, Gene207, Gene394, Gene110, Gene664 
 Topic 4: Gene4, Gene1308, Gene226, Gene250, Gene1481 
 Topic 5: Gene886, Gene1131, Gene583, Gene1481, Gene250 
......................................................................................................
Completed E-Step (7 seconds). 
Completed M-Step (0 seconds). 
calculate log likelihood 
convergence.check is 1.852161e-06 
Completing Iteration 36 (approx. per word bound = -39.958, relative change = 1.852e-06) 
......................................................................................................
Completed E-Step (7 seconds). 
Completed M-Step (0 seconds). 
calculate log likelihood 
convergence.check is 1.673628e-06 
Completing Iteration 37 (approx. per word bound = -39.958, relative change = 1.674e-06) 
......................................................................................................
Completed E-Step (7 seconds). 
Completed M-Step (0 seconds). 
calculate log likelihood 
convergence.check is 1.73968e-06 
Completing Iteration 38 (approx. per word bound = -39.958, relative change = 1.740e-06) 
......................................................................................................
Completed E-Step (7 seconds). 
Completed M-Step (0 seconds). 
calculate log likelihood 
convergence.check is 1.543238e-06 
Completing Iteration 39 (approx. per word bound = -39.958, relative change = 1.543e-06) 
......................................................................................................
Completed E-Step (7 seconds). 
Completed M-Step (0 seconds). 
calculate log likelihood 
convergence.check is 1.608926e-06 
Completing Iteration 40 (approx. per word bound = -39.958, relative change = 1.609e-06) 
Topic 1: Gene448, Gene1157, Gene1065, Gene250, Gene1387 
 Topic 2: Gene933, Gene1481, Gene448, Gene329, Gene1065 
 Topic 3: Gene350, Gene207, Gene394, Gene110, Gene664 
 Topic 4: Gene4, Gene1308, Gene226, Gene250, Gene1481 
 Topic 5: Gene886, Gene1131, Gene583, Gene1481, Gene250 
......................................................................................................
Completed E-Step (7 seconds). 
Completed M-Step (0 seconds). 
calculate log likelihood 
convergence.check is 1.593707e-06 
Completing Iteration 41 (approx. per word bound = -39.958, relative change = 1.594e-06) 
......................................................................................................
Completed E-Step (7 seconds). 
Completed M-Step (0 seconds). 
calculate log likelihood 
convergence.check is 1.56543e-06 
Completing Iteration 42 (approx. per word bound = -39.958, relative change = 1.565e-06) 
......................................................................................................
Completed E-Step (7 seconds). 
Completed M-Step (0 seconds). 
calculate log likelihood 
convergence.check is 1.423242e-06 
Completing Iteration 43 (approx. per word bound = -39.958, relative change = 1.423e-06) 
......................................................................................................
Completed E-Step (7 seconds). 
Completed M-Step (0 seconds). 
calculate log likelihood 
convergence.check is 1.509495e-06 
Completing Iteration 44 (approx. per word bound = -39.958, relative change = 1.509e-06) 
......................................................................................................
Completed E-Step (6 seconds). 
Completed M-Step (0 seconds). 
calculate log likelihood 
convergence.check is 1.359793e-06 
Completing Iteration 45 (approx. per word bound = -39.958, relative change = 1.360e-06) 
Topic 1: Gene448, Gene1157, Gene1065, Gene250, Gene1387 
 Topic 2: Gene933, Gene1481, Gene448, Gene329, Gene1065 
 Topic 3: Gene350, Gene207, Gene394, Gene110, Gene664 
 Topic 4: Gene4, Gene1308, Gene226, Gene250, Gene1481 
 Topic 5: Gene886, Gene1131, Gene583, Gene1481, Gene250 
......................................................................................................
Completed E-Step (6 seconds). 
Completed M-Step (0 seconds). 
calculate log likelihood 
convergence.check is 1.444915e-06 
Completing Iteration 46 (approx. per word bound = -39.958, relative change = 1.445e-06) 
......................................................................................................
Completed E-Step (6 seconds). 
Completed M-Step (0 seconds). 
calculate log likelihood 
convergence.check is 1.234316e-06 
Completing Iteration 47 (approx. per word bound = -39.958, relative change = 1.234e-06) 
......................................................................................................
Completed E-Step (6 seconds). 
Completed M-Step (0 seconds). 
calculate log likelihood 
convergence.check is 1.341945e-06 
Completing Iteration 48 (approx. per word bound = -39.958, relative change = 1.342e-06) 
......................................................................................................
Completed E-Step (6 seconds). 
Completed M-Step (0 seconds). 
calculate log likelihood 
convergence.check is 1.18113e-06 
Completing Iteration 49 (approx. per word bound = -39.958, relative change = 1.181e-06) 
......................................................................................................
Completed E-Step (6 seconds). 
Completed M-Step (0 seconds). 
calculate log likelihood 
convergence.check is 1.205764e-06 
Completing Iteration 50 (approx. per word bound = -39.958, relative change = 1.206e-06) 
Topic 1: Gene448, Gene1157, Gene1065, Gene250, Gene1387 
 Topic 2: Gene933, Gene1481, Gene448, Gene329, Gene1065 
 Topic 3: Gene350, Gene207, Gene394, Gene110, Gene664 
 Topic 4: Gene4, Gene1308, Gene226, Gene250, Gene1481 
 Topic 5: Gene886, Gene1131, Gene583, Gene1481, Gene250 
......................................................................................................
Completed E-Step (6 seconds). 
Completed M-Step (0 seconds). 
calculate log likelihood 
convergence.check is 1.091482e-06 
Completing Iteration 51 (approx. per word bound = -39.957, relative change = 1.091e-06) 
......................................................................................................
Completed E-Step (6 seconds). 
Completed M-Step (0 seconds). 
calculate log likelihood 
convergence.check is 8.913026e-07 
Model Converged 
2 select model run 
Initialization with topicScore. 
Initializing factors using Topic SCORE algorithm.
Initializing loadings by running 10 SCD updates.
......................................................................................................
Completed E-Step (4 seconds). 
Completed M-Step (0 seconds). 
calculate log likelihood 
Completing Iteration 1 (approx. per word bound = -39.967) 
......................................................................................................
Completed E-Step (12 seconds). 
Completed M-Step (0 seconds). 
calculate log likelihood 
convergence.check is 1.686934e-05 
Completing Iteration 2 (approx. per word bound = -39.966, relative change = 1.687e-05) 
......................................................................................................
Completed E-Step (13 seconds). 
Completed M-Step (0 seconds). 
calculate log likelihood 
convergence.check is 1.342379e-05 
Completing Iteration 3 (approx. per word bound = -39.965, relative change = 1.342e-05) 
......................................................................................................
Completed E-Step (12 seconds). 
Completed M-Step (0 seconds). 
calculate log likelihood 
convergence.check is 1.251073e-05 
Completing Iteration 4 (approx. per word bound = -39.965, relative change = 1.251e-05) 
......................................................................................................
Completed E-Step (11 seconds). 
Completed M-Step (0 seconds). 
calculate log likelihood 
convergence.check is 1.157862e-05 
Completing Iteration 5 (approx. per word bound = -39.964, relative change = 1.158e-05) 
Topic 1: Gene1157, Gene250, Gene448, Gene1065, Gene329 
 Topic 2: Gene933, Gene1481, Gene448, Gene1065, Gene226 
 Topic 3: Gene350, Gene207, Gene394, Gene110, Gene664 
 Topic 4: Gene4, Gene1308, Gene226, Gene250, Gene1481 
 Topic 5: Gene1131, Gene886, Gene583, Gene1481, Gene1252 
......................................................................................................
Completed E-Step (12 seconds). 
Completed M-Step (0 seconds). 
calculate log likelihood 
convergence.check is 1.071402e-05 
Completing Iteration 6 (approx. per word bound = -39.964, relative change = 1.071e-05) 
......................................................................................................
Completed E-Step (12 seconds). 
Completed M-Step (0 seconds). 
calculate log likelihood 
convergence.check is 9.923437e-06 
Completing Iteration 7 (approx. per word bound = -39.964, relative change = 9.923e-06) 
......................................................................................................
Completed E-Step (11 seconds). 
Completed M-Step (0 seconds). 
calculate log likelihood 
convergence.check is 9.193908e-06 
Completing Iteration 8 (approx. per word bound = -39.963, relative change = 9.194e-06) 
......................................................................................................
Completed E-Step (12 seconds). 
Completed M-Step (0 seconds). 
calculate log likelihood 
convergence.check is 8.533941e-06 
Completing Iteration 9 (approx. per word bound = -39.963, relative change = 8.534e-06) 
......................................................................................................
Completed E-Step (11 seconds). 
Completed M-Step (0 seconds). 
calculate log likelihood 
convergence.check is 7.949786e-06 
Completing Iteration 10 (approx. per word bound = -39.963, relative change = 7.950e-06) 
Topic 1: Gene1157, Gene250, Gene448, Gene1065, Gene329 
 Topic 2: Gene933, Gene1481, Gene448, Gene1065, Gene1387 
 Topic 3: Gene350, Gene207, Gene394, Gene110, Gene664 
 Topic 4: Gene4, Gene1308, Gene226, Gene250, Gene1481 
 Topic 5: Gene1131, Gene886, Gene583, Gene1481, Gene1252 
......................................................................................................
Completed E-Step (12 seconds). 
Completed M-Step (0 seconds). 
calculate log likelihood 
convergence.check is 7.377391e-06 
Completing Iteration 11 (approx. per word bound = -39.962, relative change = 7.377e-06) 
......................................................................................................
Completed E-Step (12 seconds). 
Completed M-Step (0 seconds). 
calculate log likelihood 
convergence.check is 6.882154e-06 
Completing Iteration 12 (approx. per word bound = -39.962, relative change = 6.882e-06) 
......................................................................................................
Completed E-Step (12 seconds). 
Completed M-Step (0 seconds). 
calculate log likelihood 
convergence.check is 6.428416e-06 
Completing Iteration 13 (approx. per word bound = -39.962, relative change = 6.428e-06) 
......................................................................................................
Completed E-Step (11 seconds). 
Completed M-Step (0 seconds). 
calculate log likelihood 
convergence.check is 6.025686e-06 
Completing Iteration 14 (approx. per word bound = -39.962, relative change = 6.026e-06) 
......................................................................................................
Completed E-Step (11 seconds). 
Completed M-Step (0 seconds). 
calculate log likelihood 
convergence.check is 5.625115e-06 
Completing Iteration 15 (approx. per word bound = -39.961, relative change = 5.625e-06) 
Topic 1: Gene1157, Gene250, Gene1065, Gene448, Gene329 
 Topic 2: Gene933, Gene1481, Gene448, Gene1387, Gene1065 
 Topic 3: Gene350, Gene207, Gene394, Gene110, Gene664 
 Topic 4: Gene4, Gene1308, Gene226, Gene250, Gene1481 
 Topic 5: Gene1131, Gene886, Gene583, Gene1481, Gene1252 
......................................................................................................
Completed E-Step (10 seconds). 
Completed M-Step (0 seconds). 
calculate log likelihood 
convergence.check is 5.302094e-06 
Completing Iteration 16 (approx. per word bound = -39.961, relative change = 5.302e-06) 
......................................................................................................
Completed E-Step (10 seconds). 
Completed M-Step (0 seconds). 
calculate log likelihood 
convergence.check is 5.0028e-06 
Completing Iteration 17 (approx. per word bound = -39.961, relative change = 5.003e-06) 
......................................................................................................
Completed E-Step (10 seconds). 
Completed M-Step (0 seconds). 
calculate log likelihood 
convergence.check is 4.693615e-06 
Completing Iteration 18 (approx. per word bound = -39.961, relative change = 4.694e-06) 
......................................................................................................
Completed E-Step (10 seconds). 
Completed M-Step (0 seconds). 
calculate log likelihood 
convergence.check is 4.452974e-06 
Completing Iteration 19 (approx. per word bound = -39.961, relative change = 4.453e-06) 
......................................................................................................
Completed E-Step (10 seconds). 
Completed M-Step (0 seconds). 
calculate log likelihood 
convergence.check is 4.223099e-06 
Completing Iteration 20 (approx. per word bound = -39.960, relative change = 4.223e-06) 
Topic 1: Gene1157, Gene250, Gene1065, Gene448, Gene329 
 Topic 2: Gene933, Gene1481, Gene448, Gene1387, Gene1065 
 Topic 3: Gene350, Gene207, Gene394, Gene110, Gene664 
 Topic 4: Gene4, Gene1308, Gene226, Gene250, Gene1481 
 Topic 5: Gene1131, Gene886, Gene583, Gene1481, Gene1252 
......................................................................................................
Completed E-Step (10 seconds). 
Completed M-Step (0 seconds). 
calculate log likelihood 
convergence.check is 4.028073e-06 
Completing Iteration 21 (approx. per word bound = -39.960, relative change = 4.028e-06) 
......................................................................................................
Completed E-Step (10 seconds). 
Completed M-Step (0 seconds). 
calculate log likelihood 
convergence.check is 3.752529e-06 
Completing Iteration 22 (approx. per word bound = -39.960, relative change = 3.753e-06) 
......................................................................................................
Completed E-Step (10 seconds). 
Completed M-Step (0 seconds). 
calculate log likelihood 
convergence.check is 3.597001e-06 
Completing Iteration 23 (approx. per word bound = -39.960, relative change = 3.597e-06) 
......................................................................................................
Completed E-Step (11 seconds). 
Completed M-Step (0 seconds). 
calculate log likelihood 
convergence.check is 3.424371e-06 
Completing Iteration 24 (approx. per word bound = -39.960, relative change = 3.424e-06) 
......................................................................................................
Completed E-Step (9 seconds). 
Completed M-Step (0 seconds). 
calculate log likelihood 
convergence.check is 3.245614e-06 
Completing Iteration 25 (approx. per word bound = -39.960, relative change = 3.246e-06) 
Topic 1: Gene1157, Gene250, Gene1065, Gene448, Gene329 
 Topic 2: Gene933, Gene1481, Gene448, Gene1387, Gene1065 
 Topic 3: Gene350, Gene207, Gene394, Gene110, Gene664 
 Topic 4: Gene4, Gene1308, Gene226, Gene250, Gene1481 
 Topic 5: Gene886, Gene1131, Gene583, Gene1481, Gene1252 
......................................................................................................
Completed E-Step (9 seconds). 
Completed M-Step (0 seconds). 
calculate log likelihood 
convergence.check is 3.179298e-06 
Completing Iteration 26 (approx. per word bound = -39.960, relative change = 3.179e-06) 
......................................................................................................
Completed E-Step (8 seconds). 
Completed M-Step (0 seconds). 
calculate log likelihood 
convergence.check is 3.004296e-06 
Completing Iteration 27 (approx. per word bound = -39.959, relative change = 3.004e-06) 
......................................................................................................
Completed E-Step (8 seconds). 
Completed M-Step (0 seconds). 
calculate log likelihood 
convergence.check is 2.85803e-06 
Completing Iteration 28 (approx. per word bound = -39.959, relative change = 2.858e-06) 
......................................................................................................
Completed E-Step (8 seconds). 
Completed M-Step (0 seconds). 
calculate log likelihood 
convergence.check is 2.752598e-06 
Completing Iteration 29 (approx. per word bound = -39.959, relative change = 2.753e-06) 
......................................................................................................
Completed E-Step (8 seconds). 
Completed M-Step (0 seconds). 
calculate log likelihood 
convergence.check is 2.627241e-06 
Completing Iteration 30 (approx. per word bound = -39.959, relative change = 2.627e-06) 
Topic 1: Gene1157, Gene250, Gene1065, Gene448, Gene329 
 Topic 2: Gene933, Gene1481, Gene448, Gene1387, Gene329 
 Topic 3: Gene350, Gene207, Gene394, Gene110, Gene664 
 Topic 4: Gene4, Gene1308, Gene226, Gene250, Gene1481 
 Topic 5: Gene886, Gene1131, Gene583, Gene1481, Gene1252 
......................................................................................................
Completed E-Step (8 seconds). 
Completed M-Step (0 seconds). 
calculate log likelihood 
convergence.check is 2.592896e-06 
Completing Iteration 31 (approx. per word bound = -39.959, relative change = 2.593e-06) 
......................................................................................................
Completed E-Step (8 seconds). 
Completed M-Step (0 seconds). 
calculate log likelihood 
convergence.check is 2.380775e-06 
Completing Iteration 32 (approx. per word bound = -39.959, relative change = 2.381e-06) 
......................................................................................................
Completed E-Step (8 seconds). 
Completed M-Step (0 seconds). 
calculate log likelihood 
convergence.check is 2.345317e-06 
Completing Iteration 33 (approx. per word bound = -39.959, relative change = 2.345e-06) 
......................................................................................................
Completed E-Step (8 seconds). 
Completed M-Step (0 seconds). 
calculate log likelihood 
convergence.check is 2.250059e-06 
Completing Iteration 34 (approx. per word bound = -39.959, relative change = 2.250e-06) 
......................................................................................................
Completed E-Step (8 seconds). 
Completed M-Step (0 seconds). 
calculate log likelihood 
convergence.check is 2.170938e-06 
Completing Iteration 35 (approx. per word bound = -39.959, relative change = 2.171e-06) 
Topic 1: Gene1157, Gene1065, Gene250, Gene448, Gene329 
 Topic 2: Gene933, Gene1481, Gene448, Gene1387, Gene329 
 Topic 3: Gene350, Gene207, Gene394, Gene110, Gene664 
 Topic 4: Gene4, Gene1308, Gene226, Gene250, Gene1481 
 Topic 5: Gene886, Gene1131, Gene583, Gene1481, Gene1252 
......................................................................................................
Completed E-Step (8 seconds). 
Completed M-Step (0 seconds). 
calculate log likelihood 
convergence.check is 2.107566e-06 
Completing Iteration 36 (approx. per word bound = -39.959, relative change = 2.108e-06) 
......................................................................................................
Completed E-Step (10 seconds). 
Completed M-Step (0 seconds). 
calculate log likelihood 
convergence.check is 2.051852e-06 
Completing Iteration 37 (approx. per word bound = -39.958, relative change = 2.052e-06) 
......................................................................................................
Completed E-Step (11 seconds). 
Completed M-Step (0 seconds). 
calculate log likelihood 
convergence.check is 1.963603e-06 
Completing Iteration 38 (approx. per word bound = -39.958, relative change = 1.964e-06) 
......................................................................................................
Completed E-Step (11 seconds). 
Completed M-Step (0 seconds). 
calculate log likelihood 
convergence.check is 1.813866e-06 
Completing Iteration 39 (approx. per word bound = -39.958, relative change = 1.814e-06) 
......................................................................................................
Completed E-Step (9 seconds). 
Completed M-Step (0 seconds). 
calculate log likelihood 
convergence.check is 1.848056e-06 
Completing Iteration 40 (approx. per word bound = -39.958, relative change = 1.848e-06) 
Topic 1: Gene1157, Gene1065, Gene250, Gene448, Gene329 
 Topic 2: Gene933, Gene1481, Gene448, Gene1387, Gene329 
 Topic 3: Gene350, Gene207, Gene394, Gene110, Gene664 
 Topic 4: Gene4, Gene1308, Gene226, Gene250, Gene1481 
 Topic 5: Gene886, Gene1131, Gene583, Gene1481, Gene1252 
......................................................................................................
Completed E-Step (8 seconds). 
Completed M-Step (0 seconds). 
calculate log likelihood 
convergence.check is 1.864894e-06 
Completing Iteration 41 (approx. per word bound = -39.958, relative change = 1.865e-06) 
......................................................................................................
Completed E-Step (8 seconds). 
Completed M-Step (0 seconds). 
calculate log likelihood 
convergence.check is 1.584536e-06 
Completing Iteration 42 (approx. per word bound = -39.958, relative change = 1.585e-06) 
......................................................................................................
Completed E-Step (8 seconds). 
Completed M-Step (0 seconds). 
calculate log likelihood 
convergence.check is 1.597897e-06 
Completing Iteration 43 (approx. per word bound = -39.958, relative change = 1.598e-06) 
......................................................................................................
Completed E-Step (8 seconds). 
Completed M-Step (0 seconds). 
calculate log likelihood 
convergence.check is 1.571121e-06 
Completing Iteration 44 (approx. per word bound = -39.958, relative change = 1.571e-06) 
......................................................................................................
Completed E-Step (7 seconds). 
Completed M-Step (0 seconds). 
calculate log likelihood 
convergence.check is 1.55671e-06 
Completing Iteration 45 (approx. per word bound = -39.958, relative change = 1.557e-06) 
Topic 1: Gene1157, Gene1065, Gene250, Gene448, Gene329 
 Topic 2: Gene933, Gene1481, Gene448, Gene1387, Gene329 
 Topic 3: Gene350, Gene207, Gene110, Gene394, Gene664 
 Topic 4: Gene4, Gene1308, Gene226, Gene250, Gene1481 
 Topic 5: Gene886, Gene1131, Gene583, Gene1481, Gene1252 
......................................................................................................
Completed E-Step (6 seconds). 
Completed M-Step (0 seconds). 
calculate log likelihood 
convergence.check is 1.464748e-06 
Completing Iteration 46 (approx. per word bound = -39.958, relative change = 1.465e-06) 
......................................................................................................
Completed E-Step (6 seconds). 
Completed M-Step (0 seconds). 
calculate log likelihood 
convergence.check is 1.404789e-06 
Completing Iteration 47 (approx. per word bound = -39.958, relative change = 1.405e-06) 
......................................................................................................
Completed E-Step (6 seconds). 
Completed M-Step (0 seconds). 
calculate log likelihood 
convergence.check is 1.383161e-06 
Completing Iteration 48 (approx. per word bound = -39.958, relative change = 1.383e-06) 
......................................................................................................
Completed E-Step (6 seconds). 
Completed M-Step (0 seconds). 
calculate log likelihood 
convergence.check is 1.317066e-06 
Completing Iteration 49 (approx. per word bound = -39.958, relative change = 1.317e-06) 
......................................................................................................
Completed E-Step (6 seconds). 
Completed M-Step (0 seconds). 
calculate log likelihood 
convergence.check is 1.345548e-06 
Completing Iteration 50 (approx. per word bound = -39.958, relative change = 1.346e-06) 
Topic 1: Gene1157, Gene1065, Gene448, Gene250, Gene329 
 Topic 2: Gene933, Gene1481, Gene448, Gene1387, Gene329 
 Topic 3: Gene350, Gene207, Gene110, Gene394, Gene664 
 Topic 4: Gene4, Gene1308, Gene226, Gene250, Gene1481 
 Topic 5: Gene886, Gene1131, Gene583, Gene1481, Gene1252 
......................................................................................................
Completed E-Step (6 seconds). 
Completed M-Step (0 seconds). 
calculate log likelihood 
convergence.check is 1.200703e-06 
Completing Iteration 51 (approx. per word bound = -39.958, relative change = 1.201e-06) 
......................................................................................................
Completed E-Step (6 seconds). 
Completed M-Step (0 seconds). 
calculate log likelihood 
convergence.check is 1.198828e-06 
Completing Iteration 52 (approx. per word bound = -39.958, relative change = 1.199e-06) 
......................................................................................................
Completed E-Step (6 seconds). 
Completed M-Step (0 seconds). 
calculate log likelihood 
convergence.check is 1.19258e-06 
Completing Iteration 53 (approx. per word bound = -39.957, relative change = 1.193e-06) 
......................................................................................................
Completed E-Step (6 seconds). 
Completed M-Step (0 seconds). 
calculate log likelihood 
convergence.check is 1.107796e-06 
Completing Iteration 54 (approx. per word bound = -39.957, relative change = 1.108e-06) 
......................................................................................................
Completed E-Step (6 seconds). 
Completed M-Step (0 seconds). 
calculate log likelihood 
convergence.check is 1.103017e-06 
Completing Iteration 55 (approx. per word bound = -39.957, relative change = 1.103e-06) 
Topic 1: Gene1157, Gene1065, Gene448, Gene329, Gene250 
 Topic 2: Gene933, Gene1481, Gene448, Gene1387, Gene329 
 Topic 3: Gene350, Gene207, Gene110, Gene394, Gene664 
 Topic 4: Gene4, Gene1308, Gene226, Gene250, Gene1481 
 Topic 5: Gene886, Gene1131, Gene583, Gene1481, Gene1252 
......................................................................................................
Completed E-Step (6 seconds). 
Completed M-Step (0 seconds). 
calculate log likelihood 
convergence.check is 1.019182e-06 
Completing Iteration 56 (approx. per word bound = -39.957, relative change = 1.019e-06) 
......................................................................................................
Completed E-Step (6 seconds). 
Completed M-Step (0 seconds). 
calculate log likelihood 
convergence.check is 1.00126e-06 
Completing Iteration 57 (approx. per word bound = -39.957, relative change = 1.001e-06) 
......................................................................................................
Completed E-Step (6 seconds). 
Completed M-Step (0 seconds). 
calculate log likelihood 
convergence.check is 1.024417e-06 
Completing Iteration 58 (approx. per word bound = -39.957, relative change = 1.024e-06) 
......................................................................................................
Completed E-Step (6 seconds). 
Completed M-Step (0 seconds). 
calculate log likelihood 
convergence.check is 9.144579e-07 
Model Converged 
3 select model run 
Initialization with topicScore. 
Initializing factors using Topic SCORE algorithm.
Initializing loadings by running 10 SCD updates.
......................................................................................................
Completed E-Step (5 seconds). 
Completed M-Step (0 seconds). 
calculate log likelihood 
Completing Iteration 1 (approx. per word bound = -39.967) 
......................................................................................................
Completed E-Step (14 seconds). 
Completed M-Step (0 seconds). 
calculate log likelihood 
convergence.check is 1.855571e-05 
Completing Iteration 2 (approx. per word bound = -39.967, relative change = 1.856e-05) 
......................................................................................................
Completed E-Step (14 seconds). 
Completed M-Step (0 seconds). 
calculate log likelihood 
convergence.check is 1.513544e-05 
Completing Iteration 3 (approx. per word bound = -39.966, relative change = 1.514e-05) 
......................................................................................................
Completed E-Step (14 seconds). 
Completed M-Step (0 seconds). 
calculate log likelihood 
convergence.check is 1.390644e-05 
Completing Iteration 4 (approx. per word bound = -39.966, relative change = 1.391e-05) 
......................................................................................................
Completed E-Step (14 seconds). 
Completed M-Step (0 seconds). 
calculate log likelihood 
convergence.check is 1.273537e-05 
Completing Iteration 5 (approx. per word bound = -39.965, relative change = 1.274e-05) 
Topic 1: Gene1157, Gene250, Gene448, Gene1065, Gene1387 
 Topic 2: Gene933, Gene1481, Gene448, Gene1065, Gene226 
 Topic 3: Gene350, Gene207, Gene394, Gene110, Gene664 
 Topic 4: Gene4, Gene1308, Gene226, Gene250, Gene1481 
 Topic 5: Gene886, Gene1131, Gene583, Gene1481, Gene1252 
......................................................................................................
Completed E-Step (14 seconds). 
Completed M-Step (0 seconds). 
calculate log likelihood 
convergence.check is 1.166926e-05 
Completing Iteration 6 (approx. per word bound = -39.965, relative change = 1.167e-05) 
......................................................................................................
Completed E-Step (13 seconds). 
Completed M-Step (0 seconds). 
calculate log likelihood 
convergence.check is 1.069403e-05 
Completing Iteration 7 (approx. per word bound = -39.964, relative change = 1.069e-05) 
......................................................................................................
Completed E-Step (12 seconds). 
Completed M-Step (0 seconds). 
calculate log likelihood 
convergence.check is 9.821457e-06 
Completing Iteration 8 (approx. per word bound = -39.964, relative change = 9.821e-06) 
......................................................................................................
Completed E-Step (13 seconds). 
Completed M-Step (0 seconds). 
calculate log likelihood 
convergence.check is 9.0145e-06 
Completing Iteration 9 (approx. per word bound = -39.963, relative change = 9.015e-06) 
......................................................................................................
Completed E-Step (12 seconds). 
Completed M-Step (0 seconds). 
calculate log likelihood 
convergence.check is 8.307098e-06 
Completing Iteration 10 (approx. per word bound = -39.963, relative change = 8.307e-06) 
Topic 1: Gene1157, Gene250, Gene448, Gene1065, Gene329 
 Topic 2: Gene933, Gene1481, Gene448, Gene1065, Gene226 
 Topic 3: Gene350, Gene207, Gene394, Gene110, Gene664 
 Topic 4: Gene4, Gene1308, Gene226, Gene250, Gene1481 
 Topic 5: Gene886, Gene1131, Gene583, Gene1481, Gene1252 
......................................................................................................
Completed E-Step (12 seconds). 
Completed M-Step (0 seconds). 
calculate log likelihood 
convergence.check is 7.659057e-06 
Completing Iteration 11 (approx. per word bound = -39.963, relative change = 7.659e-06) 
......................................................................................................
Completed E-Step (12 seconds). 
Completed M-Step (0 seconds). 
calculate log likelihood 
convergence.check is 7.057143e-06 
Completing Iteration 12 (approx. per word bound = -39.962, relative change = 7.057e-06) 
......................................................................................................
Completed E-Step (11 seconds). 
Completed M-Step (0 seconds). 
calculate log likelihood 
convergence.check is 6.583258e-06 
Completing Iteration 13 (approx. per word bound = -39.962, relative change = 6.583e-06) 
......................................................................................................
Completed E-Step (11 seconds). 
Completed M-Step (0 seconds). 
calculate log likelihood 
convergence.check is 6.080962e-06 
Completing Iteration 14 (approx. per word bound = -39.962, relative change = 6.081e-06) 
......................................................................................................
Completed E-Step (11 seconds). 
Completed M-Step (0 seconds). 
calculate log likelihood 
convergence.check is 5.660073e-06 
Completing Iteration 15 (approx. per word bound = -39.962, relative change = 5.660e-06) 
Topic 1: Gene1157, Gene250, Gene448, Gene1065, Gene329 
 Topic 2: Gene933, Gene1481, Gene448, Gene1065, Gene1387 
 Topic 3: Gene350, Gene207, Gene394, Gene110, Gene664 
 Topic 4: Gene4, Gene1308, Gene226, Gene250, Gene1481 
 Topic 5: Gene886, Gene1131, Gene583, Gene1481, Gene1252 
......................................................................................................
Completed E-Step (12 seconds). 
Completed M-Step (0 seconds). 
calculate log likelihood 
convergence.check is 5.266542e-06 
Completing Iteration 16 (approx. per word bound = -39.962, relative change = 5.267e-06) 
......................................................................................................
Completed E-Step (12 seconds). 
Completed M-Step (0 seconds). 
calculate log likelihood 
convergence.check is 4.951006e-06 
Completing Iteration 17 (approx. per word bound = -39.961, relative change = 4.951e-06) 
......................................................................................................
Completed E-Step (11 seconds). 
Completed M-Step (0 seconds). 
calculate log likelihood 
convergence.check is 4.622791e-06 
Completing Iteration 18 (approx. per word bound = -39.961, relative change = 4.623e-06) 
......................................................................................................
Completed E-Step (11 seconds). 
Completed M-Step (0 seconds). 
calculate log likelihood 
convergence.check is 4.369813e-06 
Completing Iteration 19 (approx. per word bound = -39.961, relative change = 4.370e-06) 
......................................................................................................
Completed E-Step (11 seconds). 
Completed M-Step (0 seconds). 
calculate log likelihood 
convergence.check is 4.063307e-06 
Completing Iteration 20 (approx. per word bound = -39.961, relative change = 4.063e-06) 
Topic 1: Gene1157, Gene250, Gene1065, Gene448, Gene329 
 Topic 2: Gene933, Gene1481, Gene448, Gene1387, Gene1065 
 Topic 3: Gene350, Gene207, Gene394, Gene110, Gene664 
 Topic 4: Gene4, Gene1308, Gene226, Gene250, Gene1481 
 Topic 5: Gene886, Gene1131, Gene583, Gene1481, Gene1252 
......................................................................................................
Completed E-Step (11 seconds). 
Completed M-Step (0 seconds). 
calculate log likelihood 
convergence.check is 3.870289e-06 
Completing Iteration 21 (approx. per word bound = -39.961, relative change = 3.870e-06) 
......................................................................................................
Completed E-Step (11 seconds). 
Completed M-Step (0 seconds). 
calculate log likelihood 
convergence.check is 3.625888e-06 
Completing Iteration 22 (approx. per word bound = -39.961, relative change = 3.626e-06) 
......................................................................................................
Completed E-Step (11 seconds). 
Completed M-Step (0 seconds). 
calculate log likelihood 
convergence.check is 3.473123e-06 
Completing Iteration 23 (approx. per word bound = -39.960, relative change = 3.473e-06) 
......................................................................................................
Completed E-Step (10 seconds). 
Completed M-Step (0 seconds). 
calculate log likelihood 
convergence.check is 3.258742e-06 
Completing Iteration 24 (approx. per word bound = -39.960, relative change = 3.259e-06) 
......................................................................................................
Completed E-Step (11 seconds). 
Completed M-Step (0 seconds). 
calculate log likelihood 
convergence.check is 3.125117e-06 
Completing Iteration 25 (approx. per word bound = -39.960, relative change = 3.125e-06) 
Topic 1: Gene1157, Gene250, Gene1065, Gene448, Gene329 
 Topic 2: Gene933, Gene1481, Gene448, Gene1387, Gene1065 
 Topic 3: Gene350, Gene207, Gene394, Gene110, Gene664 
 Topic 4: Gene4, Gene1308, Gene226, Gene250, Gene1481 
 Topic 5: Gene886, Gene1131, Gene583, Gene1481, Gene1252 
......................................................................................................
Completed E-Step (11 seconds). 
Completed M-Step (0 seconds). 
calculate log likelihood 
convergence.check is 2.935849e-06 
Completing Iteration 26 (approx. per word bound = -39.960, relative change = 2.936e-06) 
......................................................................................................
Completed E-Step (9 seconds). 
Completed M-Step (0 seconds). 
calculate log likelihood 
convergence.check is 2.845709e-06 
Completing Iteration 27 (approx. per word bound = -39.960, relative change = 2.846e-06) 
......................................................................................................
Completed E-Step (9 seconds). 
Completed M-Step (0 seconds). 
calculate log likelihood 
convergence.check is 2.684535e-06 
Completing Iteration 28 (approx. per word bound = -39.960, relative change = 2.685e-06) 
......................................................................................................
Completed E-Step (9 seconds). 
Completed M-Step (0 seconds). 
calculate log likelihood 
convergence.check is 2.634429e-06 
Completing Iteration 29 (approx. per word bound = -39.960, relative change = 2.634e-06) 
......................................................................................................
Completed E-Step (8 seconds). 
Completed M-Step (0 seconds). 
calculate log likelihood 
convergence.check is 2.43946e-06 
Completing Iteration 30 (approx. per word bound = -39.960, relative change = 2.439e-06) 
Topic 1: Gene1157, Gene250, Gene1065, Gene448, Gene329 
 Topic 2: Gene933, Gene1481, Gene448, Gene1387, Gene1065 
 Topic 3: Gene350, Gene207, Gene394, Gene110, Gene664 
 Topic 4: Gene4, Gene1308, Gene226, Gene250, Gene1481 
 Topic 5: Gene886, Gene1131, Gene1481, Gene583, Gene1252 
......................................................................................................
Completed E-Step (9 seconds). 
Completed M-Step (0 seconds). 
calculate log likelihood 
convergence.check is 2.39469e-06 
Completing Iteration 31 (approx. per word bound = -39.959, relative change = 2.395e-06) 
......................................................................................................
Completed E-Step (9 seconds). 
Completed M-Step (0 seconds). 
calculate log likelihood 
convergence.check is 2.279042e-06 
Completing Iteration 32 (approx. per word bound = -39.959, relative change = 2.279e-06) 
......................................................................................................
Completed E-Step (9 seconds). 
Completed M-Step (0 seconds). 
calculate log likelihood 
convergence.check is 2.227276e-06 
Completing Iteration 33 (approx. per word bound = -39.959, relative change = 2.227e-06) 
......................................................................................................
Completed E-Step (10 seconds). 
Completed M-Step (0 seconds). 
calculate log likelihood 
convergence.check is 2.174016e-06 
Completing Iteration 34 (approx. per word bound = -39.959, relative change = 2.174e-06) 
......................................................................................................
Completed E-Step (9 seconds). 
Completed M-Step (0 seconds). 
calculate log likelihood 
convergence.check is 2.120191e-06 
Completing Iteration 35 (approx. per word bound = -39.959, relative change = 2.120e-06) 
Topic 1: Gene1157, Gene250, Gene1065, Gene448, Gene329 
 Topic 2: Gene933, Gene1481, Gene448, Gene1387, Gene1065 
 Topic 3: Gene350, Gene207, Gene394, Gene110, Gene664 
 Topic 4: Gene4, Gene1308, Gene226, Gene250, Gene1481 
 Topic 5: Gene886, Gene1131, Gene1481, Gene583, Gene1252 
......................................................................................................
Completed E-Step (8 seconds). 
Completed M-Step (0 seconds). 
calculate log likelihood 
convergence.check is 1.853846e-06 
Completing Iteration 36 (approx. per word bound = -39.959, relative change = 1.854e-06) 
......................................................................................................
Completed E-Step (8 seconds). 
Completed M-Step (0 seconds). 
calculate log likelihood 
convergence.check is 1.984121e-06 
Completing Iteration 37 (approx. per word bound = -39.959, relative change = 1.984e-06) 
......................................................................................................
Completed E-Step (8 seconds). 
Completed M-Step (0 seconds). 
calculate log likelihood 
convergence.check is 1.876198e-06 
Completing Iteration 38 (approx. per word bound = -39.959, relative change = 1.876e-06) 
......................................................................................................
Completed E-Step (8 seconds). 
Completed M-Step (0 seconds). 
calculate log likelihood 
convergence.check is 1.819164e-06 
Completing Iteration 39 (approx. per word bound = -39.959, relative change = 1.819e-06) 
......................................................................................................
Completed E-Step (7 seconds). 
Completed M-Step (0 seconds). 
calculate log likelihood 
convergence.check is 1.76937e-06 
Completing Iteration 40 (approx. per word bound = -39.959, relative change = 1.769e-06) 
Topic 1: Gene1157, Gene1065, Gene250, Gene448, Gene329 
 Topic 2: Gene933, Gene1481, Gene448, Gene1387, Gene1065 
 Topic 3: Gene350, Gene207, Gene394, Gene110, Gene664 
 Topic 4: Gene4, Gene1308, Gene226, Gene250, Gene1481 
 Topic 5: Gene886, Gene1131, Gene1481, Gene583, Gene1252 
......................................................................................................
Completed E-Step (7 seconds). 
Completed M-Step (0 seconds). 
calculate log likelihood 
convergence.check is 1.717032e-06 
Completing Iteration 41 (approx. per word bound = -39.959, relative change = 1.717e-06) 
......................................................................................................
Completed E-Step (7 seconds). 
Completed M-Step (0 seconds). 
calculate log likelihood 
convergence.check is 1.676218e-06 
Completing Iteration 42 (approx. per word bound = -39.959, relative change = 1.676e-06) 
......................................................................................................
Completed E-Step (7 seconds). 
Completed M-Step (0 seconds). 
calculate log likelihood 
convergence.check is 1.64812e-06 
Completing Iteration 43 (approx. per word bound = -39.959, relative change = 1.648e-06) 
......................................................................................................
Completed E-Step (8 seconds). 
Completed M-Step (0 seconds). 
calculate log likelihood 
convergence.check is 1.55506e-06 
Completing Iteration 44 (approx. per word bound = -39.958, relative change = 1.555e-06) 
......................................................................................................
Completed E-Step (7 seconds). 
Completed M-Step (0 seconds). 
calculate log likelihood 
convergence.check is 1.568205e-06 
Completing Iteration 45 (approx. per word bound = -39.958, relative change = 1.568e-06) 
Topic 1: Gene1157, Gene1065, Gene250, Gene448, Gene329 
 Topic 2: Gene933, Gene1481, Gene448, Gene1387, Gene1065 
 Topic 3: Gene350, Gene207, Gene394, Gene110, Gene664 
 Topic 4: Gene4, Gene1308, Gene226, Gene250, Gene1481 
 Topic 5: Gene886, Gene1131, Gene1481, Gene583, Gene1252 
......................................................................................................
Completed E-Step (7 seconds). 
Completed M-Step (0 seconds). 
calculate log likelihood 
convergence.check is 1.436937e-06 
Completing Iteration 46 (approx. per word bound = -39.958, relative change = 1.437e-06) 
......................................................................................................
Completed E-Step (7 seconds). 
Completed M-Step (0 seconds). 
calculate log likelihood 
convergence.check is 1.49234e-06 
Completing Iteration 47 (approx. per word bound = -39.958, relative change = 1.492e-06) 
......................................................................................................
Completed E-Step (7 seconds). 
Completed M-Step (0 seconds). 
calculate log likelihood 
convergence.check is 1.467251e-06 
Completing Iteration 48 (approx. per word bound = -39.958, relative change = 1.467e-06) 
......................................................................................................
Completed E-Step (7 seconds). 
Completed M-Step (0 seconds). 
calculate log likelihood 
convergence.check is 1.355519e-06 
Completing Iteration 49 (approx. per word bound = -39.958, relative change = 1.356e-06) 
......................................................................................................
Completed E-Step (7 seconds). 
Completed M-Step (0 seconds). 
calculate log likelihood 
convergence.check is 1.357842e-06 
Completing Iteration 50 (approx. per word bound = -39.958, relative change = 1.358e-06) 
Topic 1: Gene1157, Gene1065, Gene250, Gene448, Gene329 
 Topic 2: Gene933, Gene1481, Gene448, Gene1387, Gene1065 
 Topic 3: Gene350, Gene207, Gene110, Gene394, Gene664 
 Topic 4: Gene4, Gene1308, Gene226, Gene250, Gene1481 
 Topic 5: Gene886, Gene1131, Gene1481, Gene583, Gene1252 
......................................................................................................
Completed E-Step (7 seconds). 
Completed M-Step (0 seconds). 
calculate log likelihood 
convergence.check is 1.299634e-06 
Completing Iteration 51 (approx. per word bound = -39.958, relative change = 1.300e-06) 
......................................................................................................
Completed E-Step (7 seconds). 
Completed M-Step (0 seconds). 
calculate log likelihood 
convergence.check is 1.33109e-06 
Completing Iteration 52 (approx. per word bound = -39.958, relative change = 1.331e-06) 
......................................................................................................
Completed E-Step (7 seconds). 
Completed M-Step (0 seconds). 
calculate log likelihood 
convergence.check is 1.223465e-06 
Completing Iteration 53 (approx. per word bound = -39.958, relative change = 1.223e-06) 
......................................................................................................
Completed E-Step (7 seconds). 
Completed M-Step (0 seconds). 
calculate log likelihood 
convergence.check is 1.237743e-06 
Completing Iteration 54 (approx. per word bound = -39.958, relative change = 1.238e-06) 
......................................................................................................
Completed E-Step (6 seconds). 
Completed M-Step (0 seconds). 
calculate log likelihood 
convergence.check is 1.206272e-06 
Completing Iteration 55 (approx. per word bound = -39.958, relative change = 1.206e-06) 
Topic 1: Gene1157, Gene1065, Gene448, Gene250, Gene329 
 Topic 2: Gene933, Gene1481, Gene448, Gene1387, Gene1065 
 Topic 3: Gene350, Gene207, Gene110, Gene394, Gene664 
 Topic 4: Gene4, Gene1308, Gene226, Gene250, Gene1481 
 Topic 5: Gene886, Gene1131, Gene1481, Gene583, Gene1252 
......................................................................................................
Completed E-Step (6 seconds). 
Completed M-Step (0 seconds). 
calculate log likelihood 
convergence.check is 1.144832e-06 
Completing Iteration 56 (approx. per word bound = -39.958, relative change = 1.145e-06) 
......................................................................................................
Completed E-Step (6 seconds). 
Completed M-Step (0 seconds). 
calculate log likelihood 
convergence.check is 1.050103e-06 
Completing Iteration 57 (approx. per word bound = -39.958, relative change = 1.050e-06) 
......................................................................................................
Completed E-Step (6 seconds). 
Completed M-Step (0 seconds). 
calculate log likelihood 
convergence.check is 1.156177e-06 
Completing Iteration 58 (approx. per word bound = -39.958, relative change = 1.156e-06) 
......................................................................................................
Completed E-Step (6 seconds). 
Completed M-Step (0 seconds). 
calculate log likelihood 
convergence.check is 1.107195e-06 
Completing Iteration 59 (approx. per word bound = -39.958, relative change = 1.107e-06) 
......................................................................................................
Completed E-Step (7 seconds). 
Completed M-Step (0 seconds). 
calculate log likelihood 
convergence.check is 1.016618e-06 
Completing Iteration 60 (approx. per word bound = -39.958, relative change = 1.017e-06) 
Topic 1: Gene1157, Gene1065, Gene448, Gene250, Gene329 
 Topic 2: Gene933, Gene1481, Gene448, Gene1387, Gene1065 
 Topic 3: Gene350, Gene207, Gene110, Gene394, Gene1481 
 Topic 4: Gene4, Gene1308, Gene226, Gene250, Gene1481 
 Topic 5: Gene886, Gene1131, Gene1481, Gene583, Gene1252 
......................................................................................................
Completed E-Step (7 seconds). 
Completed M-Step (0 seconds). 
calculate log likelihood 
convergence.check is 9.831853e-07 
Model Converged 
