sims_1715965124_pos_L1_c5.rds 
Found 6 batches
Using null model in ComBat-seq.
Adjusting for 0 covariate(s) or covariate level(s)
Estimating dispersions
Fitting the GLM model
Shrinkage off - using GLM estimates for parameters
Adjusting the data
Batch Effect Removed 
        R/alignCorpus.R R/asSTMCorpus.R R/checkBeta.R R/cloud.R
value   ?               ?               ?             ?        
visible FALSE           FALSE           FALSE         FALSE    
        R/CompositionChange.R R/convertCorpus.R R/estimateEffect.R
value   ?                     ?                 ?                 
visible FALSE                 FALSE             FALSE             
        R/estimateMixedEffect.R R/exclusivity.R R/findThoughts.R R/findTopic.R
value   ?                       ?               ?                ?            
visible FALSE                   FALSE           FALSE            FALSE        
        R/fitNewDocuments.R R/heldout.R R/jeffreyskappa.R R/labelTopics.R
value   ?                   ?           ?                 ?              
visible FALSE               FALSE       FALSE             FALSE          
        R/makeDesignMatrix.R R/manyTopics.R R/multiSTM.R R/optimalK.R
value   ?                    ?              ?            ?           
visible FALSE                FALSE          FALSE        FALSE       
        R/permute.R R/plot.estimateEffect.R R/plot.fixedEffect.R
value   ?           ?                       ?                   
visible FALSE       FALSE                   FALSE               
        R/plot.searchK.R R/plot.STM.R R/plotModels.R R/plotQuote.R
value   ?                ?            ?              ?            
visible FALSE            FALSE        FALSE          FALSE        
        R/plotRemoved.R R/plottingutilfns.R R/plotTopicLoess.R
value   ?               ?                   ?                 
visible FALSE           FALSE               FALSE             
        R/prepDocuments.R R/prepsce.R R/produce_cmatrix.R R/RcppExports.R
value   ?                 ?           ?                   ?              
visible FALSE             FALSE       FALSE               FALSE          
        R/readCorpus.R R/residuals.R R/s.R R/sageLabels.R R/scSTM.R
value   ?              ?             ?     ?              ?        
visible FALSE          FALSE         FALSE FALSE          FALSE    
        R/selectModel.R R/semanticCoherence.R R/simBetas.R R/spectral.R
value   ?               ?                     ?            ?           
visible FALSE           FALSE                 FALSE        FALSE       
        R/stm-package.R R/stm.control.R R/STMbound.R R/STMconvergence.R
value   NULL            ?               ?            ?                 
visible TRUE            FALSE           FALSE        FALSE             
        R/STMestep.R R/STMfunctions.R R/STMinit.R R/STMinitLikelihood.R
value   ?            ?                ?           ?                    
visible FALSE        FALSE            FALSE       FALSE                
        R/STMlncpp.R R/STMmnreg.R R/STMmu.R R/STMoptbeta.R R/STMreport.R
value   ?            ?            ?         ?              ?            
visible FALSE        FALSE        FALSE     FALSE          FALSE        
        R/STMsigma.R R/STMsigs.R R/STMsubset.R R/summary.STM.R R/tau.R
value   ?            ?           ?             ?               ?      
visible FALSE        FALSE       FALSE         FALSE           FALSE  
        R/textProcessor.R R/thetaPosterior.R R/toLDAvis.R R/topicCorr.R
value   ?                 ?                  ?            ?            
visible FALSE             FALSE              FALSE        FALSE        
        R/topicLasso.R R/topicQuality.R R/writeLdac.R R/zzz.R
value   ?              ?                ?             ?      
visible FALSE          FALSE            FALSE         FALSE  
Removing 1 of 757 genes (1 of 1949490 tokens) due to frequency 
Your Dataset now has 3573 cells, 756 genes and 1949489 tokens. 
Casting net 
1 models in net 
Initialization with topicScore. 
Initializing factors using Topic SCORE algorithm.
Initializing loadings by running 10 SCD updates.
......................................................................................................
Completed E-Step (11 seconds). 
Completed M-Step (0 seconds). 
calculate log likelihood 
Completing Iteration 1 (approx. per word bound = -44.283) 
......................................................................................................
Completed E-Step (11 seconds). 
Completed M-Step (0 seconds). 
calculate log likelihood 
convergence.check is 0.0001256549 
Completing Iteration 2 (approx. per word bound = -44.277, relative change = 1.257e-04) 
......................................................................................................
Completed E-Step (12 seconds). 
Completed M-Step (0 seconds). 
calculate log likelihood 
convergence.check is 7.213996e-05 
Model Terminated Before Convergence Reached 
2 models in net 
Initialization with topicScore. 
Initializing factors using Topic SCORE algorithm.
Initializing loadings by running 10 SCD updates.
......................................................................................................
Completed E-Step (11 seconds). 
Completed M-Step (0 seconds). 
calculate log likelihood 
Completing Iteration 1 (approx. per word bound = -44.280) 
......................................................................................................
Completed E-Step (12 seconds). 
Completed M-Step (0 seconds). 
calculate log likelihood 
convergence.check is 0.0001291684 
Completing Iteration 2 (approx. per word bound = -44.274, relative change = 1.292e-04) 
......................................................................................................
Completed E-Step (11 seconds). 
Completed M-Step (0 seconds). 
calculate log likelihood 
convergence.check is 7.371637e-05 
Model Terminated Before Convergence Reached 
3 models in net 
Initialization with topicScore. 
Initializing factors using Topic SCORE algorithm.
Initializing loadings by running 10 SCD updates.
......................................................................................................
Completed E-Step (12 seconds). 
Completed M-Step (0 seconds). 
calculate log likelihood 
Completing Iteration 1 (approx. per word bound = -44.276) 
......................................................................................................
Completed E-Step (11 seconds). 
Completed M-Step (0 seconds). 
calculate log likelihood 
convergence.check is 0.0001283331 
Completing Iteration 2 (approx. per word bound = -44.271, relative change = 1.283e-04) 
......................................................................................................
Completed E-Step (11 seconds). 
Completed M-Step (0 seconds). 
calculate log likelihood 
convergence.check is 7.276491e-05 
Model Terminated Before Convergence Reached 
4 models in net 
Initialization with topicScore. 
Initializing factors using Topic SCORE algorithm.
Initializing loadings by running 10 SCD updates.
......................................................................................................
Completed E-Step (10 seconds). 
Completed M-Step (0 seconds). 
calculate log likelihood 
Completing Iteration 1 (approx. per word bound = -44.283) 
......................................................................................................
Completed E-Step (12 seconds). 
Completed M-Step (0 seconds). 
calculate log likelihood 
convergence.check is 0.0001277901 
Completing Iteration 2 (approx. per word bound = -44.277, relative change = 1.278e-04) 
......................................................................................................
Completed E-Step (11 seconds). 
Completed M-Step (0 seconds). 
calculate log likelihood 
convergence.check is 7.323115e-05 
Model Terminated Before Convergence Reached 
5 models in net 
Initialization with topicScore. 
Initializing factors using Topic SCORE algorithm.
Initializing loadings by running 10 SCD updates.
......................................................................................................
Completed E-Step (12 seconds). 
Completed M-Step (0 seconds). 
calculate log likelihood 
Completing Iteration 1 (approx. per word bound = -44.276) 
......................................................................................................
Completed E-Step (11 seconds). 
Completed M-Step (0 seconds). 
calculate log likelihood 
convergence.check is 0.0001202838 
Completing Iteration 2 (approx. per word bound = -44.270, relative change = 1.203e-04) 
......................................................................................................
Completed E-Step (11 seconds). 
Completed M-Step (0 seconds). 
calculate log likelihood 
convergence.check is 6.459626e-05 
Model Terminated Before Convergence Reached 
6 models in net 
Initialization with topicScore. 
Initializing factors using Topic SCORE algorithm.
Initializing loadings by running 10 SCD updates.
......................................................................................................
Completed E-Step (10 seconds). 
Completed M-Step (0 seconds). 
calculate log likelihood 
Completing Iteration 1 (approx. per word bound = -44.275) 
......................................................................................................
Completed E-Step (11 seconds). 
Completed M-Step (0 seconds). 
calculate log likelihood 
convergence.check is 0.0001181494 
Completing Iteration 2 (approx. per word bound = -44.270, relative change = 1.181e-04) 
......................................................................................................
Completed E-Step (11 seconds). 
Completed M-Step (0 seconds). 
calculate log likelihood 
convergence.check is 6.573511e-05 
Model Terminated Before Convergence Reached 
7 models in net 
Initialization with topicScore. 
Initializing factors using Topic SCORE algorithm.
Initializing loadings by running 10 SCD updates.
......................................................................................................
Completed E-Step (13 seconds). 
Completed M-Step (0 seconds). 
calculate log likelihood 
Completing Iteration 1 (approx. per word bound = -44.284) 
......................................................................................................
Completed E-Step (11 seconds). 
Completed M-Step (0 seconds). 
calculate log likelihood 
convergence.check is 0.0001294511 
Completing Iteration 2 (approx. per word bound = -44.278, relative change = 1.295e-04) 
......................................................................................................
Completed E-Step (11 seconds). 
Completed M-Step (0 seconds). 
calculate log likelihood 
convergence.check is 8.825708e-05 
Model Terminated Before Convergence Reached 
8 models in net 
Initialization with topicScore. 
Initializing factors using Topic SCORE algorithm.
Initializing loadings by running 10 SCD updates.
......................................................................................................
Completed E-Step (15 seconds). 
Completed M-Step (0 seconds). 
calculate log likelihood 
Completing Iteration 1 (approx. per word bound = -44.337) 
......................................................................................................
Completed E-Step (12 seconds). 
Completed M-Step (0 seconds). 
calculate log likelihood 
convergence.check is 0.0004116307 
Completing Iteration 2 (approx. per word bound = -44.318, relative change = 4.116e-04) 
......................................................................................................
Completed E-Step (10 seconds). 
Completed M-Step (0 seconds). 
calculate log likelihood 
convergence.check is 0.0001939324 
Model Terminated Before Convergence Reached 
9 models in net 
Initialization with topicScore. 
Initializing factors using Topic SCORE algorithm.
Initializing loadings by running 10 SCD updates.
......................................................................................................
Completed E-Step (10 seconds). 
Completed M-Step (0 seconds). 
calculate log likelihood 
Completing Iteration 1 (approx. per word bound = -44.306) 
......................................................................................................
Completed E-Step (10 seconds). 
Completed M-Step (0 seconds). 
calculate log likelihood 
convergence.check is 0.0001324995 
Completing Iteration 2 (approx. per word bound = -44.300, relative change = 1.325e-04) 
......................................................................................................
Completed E-Step (11 seconds). 
Completed M-Step (0 seconds). 
calculate log likelihood 
convergence.check is 8.14253e-05 
Model Terminated Before Convergence Reached 
10 models in net 
Initialization with topicScore. 
Initializing factors using Topic SCORE algorithm.
Initializing loadings by running 10 SCD updates.
......................................................................................................
Completed E-Step (8 seconds). 
Completed M-Step (0 seconds). 
calculate log likelihood 
Completing Iteration 1 (approx. per word bound = -44.246) 
......................................................................................................
Completed E-Step (10 seconds). 
Completed M-Step (0 seconds). 
calculate log likelihood 
convergence.check is 5.517755e-05 
Completing Iteration 2 (approx. per word bound = -44.243, relative change = 5.518e-05) 
......................................................................................................
Completed E-Step (11 seconds). 
Completed M-Step (0 seconds). 
calculate log likelihood 
convergence.check is 2.898201e-05 
Model Terminated Before Convergence Reached 
11 models in net 
Beginning Spectral Initialization 
	 Calculating the gram matrix...
	 Finding anchor words...
 	.....
	 Recovering initialization...
 	.......
Initialization complete.
......................................................................................................
Completed E-Step (20 seconds). 
Completed M-Step (0 seconds). 
calculate log likelihood 
Completing Iteration 1 (approx. per word bound = -44.248) 
......................................................................................................
Completed E-Step (10 seconds). 
Completed M-Step (0 seconds). 
calculate log likelihood 
convergence.check is 0.0001906857 
Completing Iteration 2 (approx. per word bound = -44.239, relative change = 1.907e-04) 
......................................................................................................
Completed E-Step (9 seconds). 
Completed M-Step (0 seconds). 
calculate log likelihood 
convergence.check is 0.0001212776 
Model Terminated Before Convergence Reached 
12 models in net 
Beginning Random Initialization 
Initialization with Poisson NMF 
......................................................................................................
Completed E-Step (15 seconds). 
Completed M-Step (0 seconds). 
calculate log likelihood 
Completing Iteration 1 (approx. per word bound = -56.504) 
......................................................................................................
Completed E-Step (10 seconds). 
Completed M-Step (0 seconds). 
calculate log likelihood 
convergence.check is 0.2127957 
Completing Iteration 2 (approx. per word bound = -44.480, relative change = 2.128e-01) 
......................................................................................................
Completed E-Step (11 seconds). 
Completed M-Step (0 seconds). 
calculate log likelihood 
convergence.check is 0.000452576 
Model Terminated Before Convergence Reached 
13 models in net 
Beginning Random Initialization 
Initialization with Poisson NMF 
......................................................................................................
Completed E-Step (19 seconds). 
Completed M-Step (0 seconds). 
calculate log likelihood 
Completing Iteration 1 (approx. per word bound = -56.574) 
......................................................................................................
Completed E-Step (11 seconds). 
Completed M-Step (0 seconds). 
calculate log likelihood 
convergence.check is 0.2135857 
Completing Iteration 2 (approx. per word bound = -44.491, relative change = 2.136e-01) 
......................................................................................................
Completed E-Step (11 seconds). 
Completed M-Step (0 seconds). 
calculate log likelihood 
convergence.check is 0.000504192 
Model Terminated Before Convergence Reached 
14 models in net 
Beginning Random Initialization 
Initialization with Poisson NMF 
......................................................................................................
Completed E-Step (18 seconds). 
Completed M-Step (0 seconds). 
calculate log likelihood 
Completing Iteration 1 (approx. per word bound = -56.756) 
......................................................................................................
Completed E-Step (12 seconds). 
Completed M-Step (0 seconds). 
calculate log likelihood 
convergence.check is 0.2159426 
Completing Iteration 2 (approx. per word bound = -44.500, relative change = 2.159e-01) 
......................................................................................................
Completed E-Step (11 seconds). 
Completed M-Step (0 seconds). 
calculate log likelihood 
convergence.check is 0.0006050815 
Model Terminated Before Convergence Reached 
15 models in net 
Beginning Random Initialization 
Initialization with Poisson NMF 
......................................................................................................
Completed E-Step (20 seconds). 
Completed M-Step (0 seconds). 
calculate log likelihood 
Completing Iteration 1 (approx. per word bound = -56.258) 
......................................................................................................
Completed E-Step (13 seconds). 
Completed M-Step (0 seconds). 
calculate log likelihood 
convergence.check is 0.2091879 
Completing Iteration 2 (approx. per word bound = -44.490, relative change = 2.092e-01) 
......................................................................................................
Completed E-Step (11 seconds). 
Completed M-Step (0 seconds). 
calculate log likelihood 
convergence.check is 0.0006189528 
Model Terminated Before Convergence Reached 
16 models in net 
Beginning Random Initialization 
Initialization with Poisson NMF 
......................................................................................................
Completed E-Step (17 seconds). 
Completed M-Step (0 seconds). 
calculate log likelihood 
Completing Iteration 1 (approx. per word bound = -56.760) 
......................................................................................................
Completed E-Step (10 seconds). 
Completed M-Step (0 seconds). 
calculate log likelihood 
convergence.check is 0.2161303 
Completing Iteration 2 (approx. per word bound = -44.493, relative change = 2.161e-01) 
......................................................................................................
Completed E-Step (10 seconds). 
Completed M-Step (0 seconds). 
calculate log likelihood 
convergence.check is 0.000415208 
Model Terminated Before Convergence Reached 
17 models in net 
Beginning Random Initialization 
Initialization with Poisson NMF 
......................................................................................................
Completed E-Step (20 seconds). 
Completed M-Step (0 seconds). 
calculate log likelihood 
Completing Iteration 1 (approx. per word bound = -56.963) 
......................................................................................................
Completed E-Step (11 seconds). 
Completed M-Step (0 seconds). 
calculate log likelihood 
convergence.check is 0.2189809 
Completing Iteration 2 (approx. per word bound = -44.489, relative change = 2.190e-01) 
......................................................................................................
Completed E-Step (11 seconds). 
Completed M-Step (0 seconds). 
calculate log likelihood 
convergence.check is 0.0003194255 
Model Terminated Before Convergence Reached 
18 models in net 
Beginning Random Initialization 
Initialization with Poisson NMF 
......................................................................................................
Completed E-Step (18 seconds). 
Completed M-Step (0 seconds). 
calculate log likelihood 
Completing Iteration 1 (approx. per word bound = -56.797) 
......................................................................................................
Completed E-Step (11 seconds). 
Completed M-Step (0 seconds). 
calculate log likelihood 
convergence.check is 0.2169483 
Completing Iteration 2 (approx. per word bound = -44.475, relative change = 2.169e-01) 
......................................................................................................
Completed E-Step (12 seconds). 
Completed M-Step (0 seconds). 
calculate log likelihood 
convergence.check is 0.0008198974 
Model Terminated Before Convergence Reached 
19 models in net 
Beginning Random Initialization 
Initialization with Poisson NMF 
......................................................................................................
Completed E-Step (22 seconds). 
Completed M-Step (0 seconds). 
calculate log likelihood 
Completing Iteration 1 (approx. per word bound = -57.013) 
......................................................................................................
Completed E-Step (13 seconds). 
Completed M-Step (0 seconds). 
calculate log likelihood 
convergence.check is 0.2198124 
Completing Iteration 2 (approx. per word bound = -44.481, relative change = 2.198e-01) 
......................................................................................................
Completed E-Step (12 seconds). 
Completed M-Step (0 seconds). 
calculate log likelihood 
convergence.check is 0.0003108816 
Model Terminated Before Convergence Reached 
20 models in net 
Beginning Random Initialization 
Initialization with Poisson NMF 
......................................................................................................
Completed E-Step (21 seconds). 
Completed M-Step (0 seconds). 
calculate log likelihood 
Completing Iteration 1 (approx. per word bound = -56.794) 
......................................................................................................
Completed E-Step (11 seconds). 
Completed M-Step (0 seconds). 
calculate log likelihood 
convergence.check is 0.2171643 
Completing Iteration 2 (approx. per word bound = -44.461, relative change = 2.172e-01) 
......................................................................................................
Completed E-Step (9 seconds). 
Completed M-Step (0 seconds). 
calculate log likelihood 
convergence.check is 0.001280067 
Model Terminated Before Convergence Reached 
21 models in net 
Beginning Random Initialization 
Initialization with Poisson NMF 
......................................................................................................
Completed E-Step (18 seconds). 
Completed M-Step (0 seconds). 
calculate log likelihood 
Completing Iteration 1 (approx. per word bound = -56.677) 
......................................................................................................
Completed E-Step (12 seconds). 
Completed M-Step (0 seconds). 
calculate log likelihood 
convergence.check is 0.2149765 
Completing Iteration 2 (approx. per word bound = -44.493, relative change = 2.150e-01) 
......................................................................................................
Completed E-Step (11 seconds). 
Completed M-Step (0 seconds). 
calculate log likelihood 
convergence.check is 0.0002092959 
Model Terminated Before Convergence Reached 
Running select models 
1 select model run 
Beginning Spectral Initialization 
	 Calculating the gram matrix...
	 Finding anchor words...
 	.....
	 Recovering initialization...
 	.......
Initialization complete.
......................................................................................................
Completed E-Step (20 seconds). 
Completed M-Step (0 seconds). 
calculate log likelihood 
Completing Iteration 1 (approx. per word bound = -44.248) 
......................................................................................................
Completed E-Step (10 seconds). 
Completed M-Step (0 seconds). 
calculate log likelihood 
convergence.check is 0.0001906857 
Completing Iteration 2 (approx. per word bound = -44.239, relative change = 1.907e-04) 
......................................................................................................
Completed E-Step (11 seconds). 
Completed M-Step (0 seconds). 
calculate log likelihood 
convergence.check is 0.0001212776 
Completing Iteration 3 (approx. per word bound = -44.234, relative change = 1.213e-04) 
......................................................................................................
Completed E-Step (9 seconds). 
Completed M-Step (0 seconds). 
calculate log likelihood 
convergence.check is 0.0001049498 
Completing Iteration 4 (approx. per word bound = -44.229, relative change = 1.049e-04) 
......................................................................................................
Completed E-Step (9 seconds). 
Completed M-Step (0 seconds). 
calculate log likelihood 
convergence.check is 8.28586e-05 
Completing Iteration 5 (approx. per word bound = -44.226, relative change = 8.286e-05) 
Topic 1: Gene1284, Gene78, Gene132, Gene149, Gene1163 
 Topic 2: Gene899, Gene149, Gene132, Gene183, Gene1284 
 Topic 3: Gene899, Gene755, Gene873, Gene132, Gene442 
 Topic 4: Gene1284, Gene149, Gene132, Gene899, Gene442 
 Topic 5: Gene183, Gene899, Gene1477, Gene132, Gene149 
......................................................................................................
Completed E-Step (9 seconds). 
Completed M-Step (0 seconds). 
calculate log likelihood 
convergence.check is 6.695357e-05 
Completing Iteration 6 (approx. per word bound = -44.223, relative change = 6.695e-05) 
......................................................................................................
Completed E-Step (8 seconds). 
Completed M-Step (0 seconds). 
calculate log likelihood 
convergence.check is 5.551724e-05 
Completing Iteration 7 (approx. per word bound = -44.220, relative change = 5.552e-05) 
......................................................................................................
Completed E-Step (8 seconds). 
Completed M-Step (0 seconds). 
calculate log likelihood 
convergence.check is 4.056502e-05 
Completing Iteration 8 (approx. per word bound = -44.218, relative change = 4.057e-05) 
......................................................................................................
Completed E-Step (8 seconds). 
Completed M-Step (0 seconds). 
calculate log likelihood 
convergence.check is 3.075335e-05 
Completing Iteration 9 (approx. per word bound = -44.217, relative change = 3.075e-05) 
......................................................................................................
Completed E-Step (8 seconds). 
Completed M-Step (0 seconds). 
calculate log likelihood 
convergence.check is 2.291104e-05 
Completing Iteration 10 (approx. per word bound = -44.216, relative change = 2.291e-05) 
Topic 1: Gene1284, Gene78, Gene132, Gene755, Gene1163 
 Topic 2: Gene899, Gene132, Gene149, Gene183, Gene442 
 Topic 3: Gene899, Gene755, Gene873, Gene442, Gene132 
 Topic 4: Gene1284, Gene149, Gene899, Gene132, Gene78 
 Topic 5: Gene183, Gene899, Gene1477, Gene132, Gene149 
......................................................................................................
Completed E-Step (8 seconds). 
Completed M-Step (0 seconds). 
calculate log likelihood 
convergence.check is 1.742957e-05 
Completing Iteration 11 (approx. per word bound = -44.215, relative change = 1.743e-05) 
......................................................................................................
Completed E-Step (8 seconds). 
Completed M-Step (0 seconds). 
calculate log likelihood 
convergence.check is 1.307725e-05 
Completing Iteration 12 (approx. per word bound = -44.215, relative change = 1.308e-05) 
......................................................................................................
Completed E-Step (8 seconds). 
Completed M-Step (0 seconds). 
calculate log likelihood 
convergence.check is 9.774988e-06 
Completing Iteration 13 (approx. per word bound = -44.214, relative change = 9.775e-06) 
......................................................................................................
Completed E-Step (7 seconds). 
Completed M-Step (0 seconds). 
calculate log likelihood 
convergence.check is 7.656876e-06 
Completing Iteration 14 (approx. per word bound = -44.214, relative change = 7.657e-06) 
......................................................................................................
Completed E-Step (7 seconds). 
Completed M-Step (0 seconds). 
calculate log likelihood 
convergence.check is 6.035828e-06 
Completing Iteration 15 (approx. per word bound = -44.214, relative change = 6.036e-06) 
Topic 1: Gene1284, Gene78, Gene132, Gene755, Gene1163 
 Topic 2: Gene899, Gene132, Gene149, Gene183, Gene442 
 Topic 3: Gene899, Gene755, Gene873, Gene442, Gene1284 
 Topic 4: Gene1284, Gene149, Gene899, Gene132, Gene78 
 Topic 5: Gene183, Gene899, Gene1477, Gene132, Gene149 
......................................................................................................
Completed E-Step (7 seconds). 
Completed M-Step (0 seconds). 
calculate log likelihood 
convergence.check is 4.602082e-06 
Completing Iteration 16 (approx. per word bound = -44.213, relative change = 4.602e-06) 
......................................................................................................
Completed E-Step (8 seconds). 
Completed M-Step (0 seconds). 
calculate log likelihood 
convergence.check is 3.906762e-06 
Completing Iteration 17 (approx. per word bound = -44.213, relative change = 3.907e-06) 
......................................................................................................
Completed E-Step (7 seconds). 
Completed M-Step (0 seconds). 
calculate log likelihood 
convergence.check is 3.086709e-06 
Completing Iteration 18 (approx. per word bound = -44.213, relative change = 3.087e-06) 
......................................................................................................
Completed E-Step (7 seconds). 
Completed M-Step (0 seconds). 
calculate log likelihood 
convergence.check is 2.642584e-06 
Completing Iteration 19 (approx. per word bound = -44.213, relative change = 2.643e-06) 
......................................................................................................
Completed E-Step (7 seconds). 
Completed M-Step (0 seconds). 
calculate log likelihood 
convergence.check is 2.180095e-06 
Completing Iteration 20 (approx. per word bound = -44.213, relative change = 2.180e-06) 
Topic 1: Gene1284, Gene78, Gene132, Gene755, Gene442 
 Topic 2: Gene899, Gene132, Gene149, Gene183, Gene442 
 Topic 3: Gene899, Gene755, Gene873, Gene1284, Gene442 
 Topic 4: Gene1284, Gene149, Gene899, Gene132, Gene78 
 Topic 5: Gene183, Gene899, Gene1477, Gene132, Gene149 
......................................................................................................
Completed E-Step (7 seconds). 
Completed M-Step (0 seconds). 
calculate log likelihood 
convergence.check is 1.868951e-06 
Completing Iteration 21 (approx. per word bound = -44.213, relative change = 1.869e-06) 
......................................................................................................
Completed E-Step (7 seconds). 
Completed M-Step (0 seconds). 
calculate log likelihood 
convergence.check is 1.635982e-06 
Completing Iteration 22 (approx. per word bound = -44.213, relative change = 1.636e-06) 
......................................................................................................
Completed E-Step (7 seconds). 
Completed M-Step (0 seconds). 
calculate log likelihood 
convergence.check is 1.396518e-06 
Completing Iteration 23 (approx. per word bound = -44.213, relative change = 1.397e-06) 
......................................................................................................
Completed E-Step (7 seconds). 
Completed M-Step (0 seconds). 
calculate log likelihood 
convergence.check is 1.25572e-06 
Completing Iteration 24 (approx. per word bound = -44.213, relative change = 1.256e-06) 
......................................................................................................
Completed E-Step (6 seconds). 
Completed M-Step (0 seconds). 
calculate log likelihood 
convergence.check is 9.500257e-07 
Model Converged 
2 select model run 
Initialization with topicScore. 
Initializing factors using Topic SCORE algorithm.
Initializing loadings by running 10 SCD updates.
......................................................................................................
Completed E-Step (7 seconds). 
Completed M-Step (0 seconds). 
calculate log likelihood 
Completing Iteration 1 (approx. per word bound = -44.246) 
......................................................................................................
Completed E-Step (11 seconds). 
Completed M-Step (0 seconds). 
calculate log likelihood 
convergence.check is 5.517755e-05 
Completing Iteration 2 (approx. per word bound = -44.243, relative change = 5.518e-05) 
......................................................................................................
Completed E-Step (11 seconds). 
Completed M-Step (0 seconds). 
calculate log likelihood 
convergence.check is 2.898201e-05 
Completing Iteration 3 (approx. per word bound = -44.242, relative change = 2.898e-05) 
......................................................................................................
Completed E-Step (11 seconds). 
Completed M-Step (0 seconds). 
calculate log likelihood 
convergence.check is 2.173613e-05 
Completing Iteration 4 (approx. per word bound = -44.241, relative change = 2.174e-05) 
......................................................................................................
Completed E-Step (11 seconds). 
Completed M-Step (0 seconds). 
calculate log likelihood 
convergence.check is 1.829975e-05 
Completing Iteration 5 (approx. per word bound = -44.240, relative change = 1.830e-05) 
Topic 1: Gene149, Gene1284, Gene899, Gene132, Gene442 
 Topic 2: Gene132, Gene899, Gene149, Gene442, Gene1221 
 Topic 3: Gene183, Gene1477, Gene899, Gene149, Gene132 
 Topic 4: Gene873, Gene755, Gene899, Gene1191, Gene442 
 Topic 5: Gene1284, Gene78, Gene132, Gene1163, Gene755 
......................................................................................................
Completed E-Step (12 seconds). 
Completed M-Step (0 seconds). 
calculate log likelihood 
convergence.check is 1.589951e-05 
Completing Iteration 6 (approx. per word bound = -44.239, relative change = 1.590e-05) 
......................................................................................................
Completed E-Step (11 seconds). 
Completed M-Step (0 seconds). 
calculate log likelihood 
convergence.check is 1.455364e-05 
Completing Iteration 7 (approx. per word bound = -44.239, relative change = 1.455e-05) 
......................................................................................................
Completed E-Step (11 seconds). 
Completed M-Step (0 seconds). 
calculate log likelihood 
convergence.check is 1.314136e-05 
Completing Iteration 8 (approx. per word bound = -44.238, relative change = 1.314e-05) 
......................................................................................................
Completed E-Step (11 seconds). 
Completed M-Step (0 seconds). 
calculate log likelihood 
convergence.check is 1.218876e-05 
Completing Iteration 9 (approx. per word bound = -44.238, relative change = 1.219e-05) 
......................................................................................................
Completed E-Step (11 seconds). 
Completed M-Step (0 seconds). 
calculate log likelihood 
convergence.check is 1.148989e-05 
Completing Iteration 10 (approx. per word bound = -44.237, relative change = 1.149e-05) 
Topic 1: Gene149, Gene1284, Gene899, Gene132, Gene442 
 Topic 2: Gene132, Gene899, Gene442, Gene149, Gene1221 
 Topic 3: Gene183, Gene1477, Gene899, Gene149, Gene132 
 Topic 4: Gene873, Gene755, Gene899, Gene1191, Gene442 
 Topic 5: Gene1284, Gene78, Gene132, Gene1163, Gene755 
......................................................................................................
Completed E-Step (10 seconds). 
Completed M-Step (0 seconds). 
calculate log likelihood 
convergence.check is 1.059434e-05 
Completing Iteration 11 (approx. per word bound = -44.237, relative change = 1.059e-05) 
......................................................................................................
Completed E-Step (10 seconds). 
Completed M-Step (0 seconds). 
calculate log likelihood 
convergence.check is 9.966523e-06 
Completing Iteration 12 (approx. per word bound = -44.236, relative change = 9.967e-06) 
......................................................................................................
Completed E-Step (10 seconds). 
Completed M-Step (0 seconds). 
calculate log likelihood 
convergence.check is 9.410156e-06 
Completing Iteration 13 (approx. per word bound = -44.236, relative change = 9.410e-06) 
......................................................................................................
Completed E-Step (12 seconds). 
Completed M-Step (0 seconds). 
calculate log likelihood 
convergence.check is 8.948689e-06 
Completing Iteration 14 (approx. per word bound = -44.235, relative change = 8.949e-06) 
......................................................................................................
Completed E-Step (9 seconds). 
Completed M-Step (0 seconds). 
calculate log likelihood 
convergence.check is 8.334985e-06 
Completing Iteration 15 (approx. per word bound = -44.235, relative change = 8.335e-06) 
Topic 1: Gene149, Gene1284, Gene899, Gene132, Gene442 
 Topic 2: Gene899, Gene132, Gene442, Gene149, Gene1221 
 Topic 3: Gene183, Gene1477, Gene899, Gene149, Gene132 
 Topic 4: Gene873, Gene755, Gene899, Gene1191, Gene442 
 Topic 5: Gene1284, Gene78, Gene132, Gene1163, Gene755 
......................................................................................................
Completed E-Step (9 seconds). 
Completed M-Step (0 seconds). 
calculate log likelihood 
convergence.check is 7.865267e-06 
Completing Iteration 16 (approx. per word bound = -44.235, relative change = 7.865e-06) 
......................................................................................................
Completed E-Step (9 seconds). 
Completed M-Step (0 seconds). 
calculate log likelihood 
convergence.check is 7.374879e-06 
Completing Iteration 17 (approx. per word bound = -44.234, relative change = 7.375e-06) 
......................................................................................................
Completed E-Step (9 seconds). 
Completed M-Step (0 seconds). 
calculate log likelihood 
convergence.check is 6.983857e-06 
Completing Iteration 18 (approx. per word bound = -44.234, relative change = 6.984e-06) 
......................................................................................................
Completed E-Step (9 seconds). 
Completed M-Step (0 seconds). 
calculate log likelihood 
convergence.check is 6.718173e-06 
Completing Iteration 19 (approx. per word bound = -44.234, relative change = 6.718e-06) 
......................................................................................................
Completed E-Step (9 seconds). 
Completed M-Step (0 seconds). 
calculate log likelihood 
convergence.check is 6.201825e-06 
Completing Iteration 20 (approx. per word bound = -44.234, relative change = 6.202e-06) 
Topic 1: Gene149, Gene1284, Gene132, Gene899, Gene442 
 Topic 2: Gene899, Gene132, Gene442, Gene149, Gene1221 
 Topic 3: Gene183, Gene1477, Gene899, Gene149, Gene132 
 Topic 4: Gene873, Gene755, Gene899, Gene442, Gene1191 
 Topic 5: Gene1284, Gene78, Gene132, Gene755, Gene1163 
......................................................................................................
Completed E-Step (9 seconds). 
Completed M-Step (0 seconds). 
calculate log likelihood 
convergence.check is 5.862743e-06 
Completing Iteration 21 (approx. per word bound = -44.233, relative change = 5.863e-06) 
......................................................................................................
Completed E-Step (8 seconds). 
Completed M-Step (0 seconds). 
calculate log likelihood 
convergence.check is 5.589354e-06 
Completing Iteration 22 (approx. per word bound = -44.233, relative change = 5.589e-06) 
......................................................................................................
Completed E-Step (8 seconds). 
Completed M-Step (0 seconds). 
calculate log likelihood 
convergence.check is 5.230256e-06 
Completing Iteration 23 (approx. per word bound = -44.233, relative change = 5.230e-06) 
......................................................................................................
Completed E-Step (8 seconds). 
Completed M-Step (0 seconds). 
calculate log likelihood 
convergence.check is 5.050597e-06 
Completing Iteration 24 (approx. per word bound = -44.233, relative change = 5.051e-06) 
......................................................................................................
Completed E-Step (8 seconds). 
Completed M-Step (0 seconds). 
calculate log likelihood 
convergence.check is 4.679057e-06 
Completing Iteration 25 (approx. per word bound = -44.232, relative change = 4.679e-06) 
Topic 1: Gene149, Gene1284, Gene132, Gene899, Gene442 
 Topic 2: Gene899, Gene132, Gene442, Gene149, Gene1221 
 Topic 3: Gene183, Gene1477, Gene899, Gene149, Gene132 
 Topic 4: Gene873, Gene755, Gene899, Gene442, Gene1191 
 Topic 5: Gene1284, Gene78, Gene132, Gene755, Gene1163 
......................................................................................................
Completed E-Step (8 seconds). 
Completed M-Step (0 seconds). 
calculate log likelihood 
convergence.check is 4.418434e-06 
Completing Iteration 26 (approx. per word bound = -44.232, relative change = 4.418e-06) 
......................................................................................................
Completed E-Step (8 seconds). 
Completed M-Step (0 seconds). 
calculate log likelihood 
convergence.check is 4.117874e-06 
Completing Iteration 27 (approx. per word bound = -44.232, relative change = 4.118e-06) 
......................................................................................................
Completed E-Step (8 seconds). 
Completed M-Step (0 seconds). 
calculate log likelihood 
convergence.check is 3.892549e-06 
Completing Iteration 28 (approx. per word bound = -44.232, relative change = 3.893e-06) 
......................................................................................................
Completed E-Step (8 seconds). 
Completed M-Step (0 seconds). 
calculate log likelihood 
convergence.check is 3.793311e-06 
Completing Iteration 29 (approx. per word bound = -44.232, relative change = 3.793e-06) 
......................................................................................................
Completed E-Step (8 seconds). 
Completed M-Step (0 seconds). 
calculate log likelihood 
convergence.check is 3.462001e-06 
Completing Iteration 30 (approx. per word bound = -44.232, relative change = 3.462e-06) 
Topic 1: Gene149, Gene1284, Gene132, Gene899, Gene442 
 Topic 2: Gene899, Gene132, Gene442, Gene149, Gene1221 
 Topic 3: Gene183, Gene1477, Gene899, Gene149, Gene132 
 Topic 4: Gene873, Gene755, Gene899, Gene442, Gene1191 
 Topic 5: Gene1284, Gene78, Gene132, Gene755, Gene1163 
......................................................................................................
Completed E-Step (7 seconds). 
Completed M-Step (0 seconds). 
calculate log likelihood 
convergence.check is 3.210411e-06 
Completing Iteration 31 (approx. per word bound = -44.231, relative change = 3.210e-06) 
......................................................................................................
Completed E-Step (7 seconds). 
Completed M-Step (0 seconds). 
calculate log likelihood 
convergence.check is 3.012991e-06 
Completing Iteration 32 (approx. per word bound = -44.231, relative change = 3.013e-06) 
......................................................................................................
Completed E-Step (7 seconds). 
Completed M-Step (0 seconds). 
calculate log likelihood 
convergence.check is 2.825032e-06 
Completing Iteration 33 (approx. per word bound = -44.231, relative change = 2.825e-06) 
......................................................................................................
Completed E-Step (7 seconds). 
Completed M-Step (0 seconds). 
calculate log likelihood 
convergence.check is 2.629266e-06 
Completing Iteration 34 (approx. per word bound = -44.231, relative change = 2.629e-06) 
......................................................................................................
Completed E-Step (7 seconds). 
Completed M-Step (0 seconds). 
calculate log likelihood 
convergence.check is 2.5761e-06 
Completing Iteration 35 (approx. per word bound = -44.231, relative change = 2.576e-06) 
Topic 1: Gene149, Gene1284, Gene132, Gene899, Gene442 
 Topic 2: Gene899, Gene132, Gene442, Gene149, Gene1221 
 Topic 3: Gene183, Gene1477, Gene899, Gene149, Gene132 
 Topic 4: Gene873, Gene755, Gene899, Gene442, Gene1191 
 Topic 5: Gene1284, Gene78, Gene132, Gene755, Gene1163 
......................................................................................................
Completed E-Step (7 seconds). 
Completed M-Step (0 seconds). 
calculate log likelihood 
convergence.check is 2.282609e-06 
Completing Iteration 36 (approx. per word bound = -44.231, relative change = 2.283e-06) 
......................................................................................................
Completed E-Step (7 seconds). 
Completed M-Step (0 seconds). 
calculate log likelihood 
convergence.check is 2.148061e-06 
Completing Iteration 37 (approx. per word bound = -44.231, relative change = 2.148e-06) 
......................................................................................................
Completed E-Step (7 seconds). 
Completed M-Step (0 seconds). 
calculate log likelihood 
convergence.check is 2.009667e-06 
Completing Iteration 38 (approx. per word bound = -44.231, relative change = 2.010e-06) 
......................................................................................................
Completed E-Step (7 seconds). 
Completed M-Step (0 seconds). 
calculate log likelihood 
convergence.check is 1.871213e-06 
Completing Iteration 39 (approx. per word bound = -44.231, relative change = 1.871e-06) 
......................................................................................................
Completed E-Step (7 seconds). 
Completed M-Step (0 seconds). 
calculate log likelihood 
convergence.check is 1.724888e-06 
Completing Iteration 40 (approx. per word bound = -44.230, relative change = 1.725e-06) 
Topic 1: Gene149, Gene1284, Gene132, Gene899, Gene442 
 Topic 2: Gene899, Gene132, Gene442, Gene149, Gene1221 
 Topic 3: Gene183, Gene1477, Gene899, Gene149, Gene132 
 Topic 4: Gene873, Gene755, Gene899, Gene442, Gene1191 
 Topic 5: Gene1284, Gene78, Gene132, Gene755, Gene1163 
......................................................................................................
Completed E-Step (7 seconds). 
Completed M-Step (0 seconds). 
calculate log likelihood 
convergence.check is 1.595419e-06 
Completing Iteration 41 (approx. per word bound = -44.230, relative change = 1.595e-06) 
......................................................................................................
Completed E-Step (6 seconds). 
Completed M-Step (0 seconds). 
calculate log likelihood 
convergence.check is 1.457736e-06 
Completing Iteration 42 (approx. per word bound = -44.230, relative change = 1.458e-06) 
......................................................................................................
Completed E-Step (6 seconds). 
Completed M-Step (0 seconds). 
calculate log likelihood 
convergence.check is 1.430497e-06 
Completing Iteration 43 (approx. per word bound = -44.230, relative change = 1.430e-06) 
......................................................................................................
Completed E-Step (6 seconds). 
Completed M-Step (0 seconds). 
calculate log likelihood 
convergence.check is 1.281917e-06 
Completing Iteration 44 (approx. per word bound = -44.230, relative change = 1.282e-06) 
......................................................................................................
Completed E-Step (6 seconds). 
Completed M-Step (0 seconds). 
calculate log likelihood 
convergence.check is 1.204883e-06 
Completing Iteration 45 (approx. per word bound = -44.230, relative change = 1.205e-06) 
Topic 1: Gene149, Gene1284, Gene132, Gene899, Gene442 
 Topic 2: Gene899, Gene132, Gene442, Gene149, Gene1221 
 Topic 3: Gene183, Gene1477, Gene899, Gene149, Gene132 
 Topic 4: Gene873, Gene755, Gene899, Gene442, Gene1191 
 Topic 5: Gene1284, Gene78, Gene132, Gene755, Gene1163 
......................................................................................................
Completed E-Step (6 seconds). 
Completed M-Step (0 seconds). 
calculate log likelihood 
convergence.check is 1.110862e-06 
Completing Iteration 46 (approx. per word bound = -44.230, relative change = 1.111e-06) 
......................................................................................................
Completed E-Step (6 seconds). 
Completed M-Step (0 seconds). 
calculate log likelihood 
convergence.check is 1.060142e-06 
Completing Iteration 47 (approx. per word bound = -44.230, relative change = 1.060e-06) 
......................................................................................................
Completed E-Step (6 seconds). 
Completed M-Step (0 seconds). 
calculate log likelihood 
convergence.check is 9.792026e-07 
Model Converged 
3 select model run 
Initialization with topicScore. 
Initializing factors using Topic SCORE algorithm.
Initializing loadings by running 10 SCD updates.
......................................................................................................
Completed E-Step (12 seconds). 
Completed M-Step (0 seconds). 
calculate log likelihood 
Completing Iteration 1 (approx. per word bound = -44.275) 
......................................................................................................
Completed E-Step (12 seconds). 
Completed M-Step (0 seconds). 
calculate log likelihood 
convergence.check is 0.0001181494 
Completing Iteration 2 (approx. per word bound = -44.270, relative change = 1.181e-04) 
......................................................................................................
Completed E-Step (12 seconds). 
Completed M-Step (0 seconds). 
calculate log likelihood 
convergence.check is 6.573511e-05 
Completing Iteration 3 (approx. per word bound = -44.267, relative change = 6.574e-05) 
......................................................................................................
Completed E-Step (12 seconds). 
Completed M-Step (0 seconds). 
calculate log likelihood 
convergence.check is 5.210365e-05 
Completing Iteration 4 (approx. per word bound = -44.265, relative change = 5.210e-05) 
......................................................................................................
Completed E-Step (11 seconds). 
Completed M-Step (0 seconds). 
calculate log likelihood 
convergence.check is 4.372668e-05 
Completing Iteration 5 (approx. per word bound = -44.263, relative change = 4.373e-05) 
Topic 1: Gene1284, Gene149, Gene132, Gene78, Gene442 
 Topic 2: Gene899, Gene132, Gene149, Gene1221, Gene353 
 Topic 3: Gene1284, Gene78, Gene132, Gene755, Gene1163 
 Topic 4: Gene183, Gene1477, Gene899, Gene149, Gene315 
 Topic 5: Gene873, Gene899, Gene755, Gene1191, Gene1221 
......................................................................................................
Completed E-Step (11 seconds). 
Completed M-Step (0 seconds). 
calculate log likelihood 
convergence.check is 3.836449e-05 
Completing Iteration 6 (approx. per word bound = -44.261, relative change = 3.836e-05) 
......................................................................................................
Completed E-Step (11 seconds). 
Completed M-Step (0 seconds). 
calculate log likelihood 
convergence.check is 3.458522e-05 
Completing Iteration 7 (approx. per word bound = -44.260, relative change = 3.459e-05) 
......................................................................................................
Completed E-Step (11 seconds). 
Completed M-Step (0 seconds). 
calculate log likelihood 
convergence.check is 3.174062e-05 
Completing Iteration 8 (approx. per word bound = -44.258, relative change = 3.174e-05) 
......................................................................................................
Completed E-Step (12 seconds). 
Completed M-Step (0 seconds). 
calculate log likelihood 
convergence.check is 2.937079e-05 
Completing Iteration 9 (approx. per word bound = -44.257, relative change = 2.937e-05) 
......................................................................................................
Completed E-Step (12 seconds). 
Completed M-Step (0 seconds). 
calculate log likelihood 
convergence.check is 2.737678e-05 
Completing Iteration 10 (approx. per word bound = -44.256, relative change = 2.738e-05) 
Topic 1: Gene1284, Gene149, Gene78, Gene132, Gene442 
 Topic 2: Gene899, Gene132, Gene149, Gene1221, Gene353 
 Topic 3: Gene1284, Gene78, Gene132, Gene755, Gene1163 
 Topic 4: Gene183, Gene1477, Gene899, Gene149, Gene315 
 Topic 5: Gene873, Gene899, Gene755, Gene1191, Gene1221 
......................................................................................................
Completed E-Step (12 seconds). 
Completed M-Step (0 seconds). 
calculate log likelihood 
convergence.check is 2.561632e-05 
Completing Iteration 11 (approx. per word bound = -44.255, relative change = 2.562e-05) 
......................................................................................................
Completed E-Step (12 seconds). 
Completed M-Step (0 seconds). 
calculate log likelihood 
convergence.check is 2.400293e-05 
Completing Iteration 12 (approx. per word bound = -44.254, relative change = 2.400e-05) 
......................................................................................................
Completed E-Step (11 seconds). 
Completed M-Step (0 seconds). 
calculate log likelihood 
convergence.check is 2.250875e-05 
Completing Iteration 13 (approx. per word bound = -44.253, relative change = 2.251e-05) 
......................................................................................................
Completed E-Step (11 seconds). 
Completed M-Step (0 seconds). 
calculate log likelihood 
convergence.check is 2.116946e-05 
Completing Iteration 14 (approx. per word bound = -44.252, relative change = 2.117e-05) 
......................................................................................................
Completed E-Step (12 seconds). 
Completed M-Step (0 seconds). 
calculate log likelihood 
convergence.check is 1.97684e-05 
Completing Iteration 15 (approx. per word bound = -44.251, relative change = 1.977e-05) 
Topic 1: Gene1284, Gene149, Gene78, Gene132, Gene442 
 Topic 2: Gene899, Gene132, Gene149, Gene1221, Gene442 
 Topic 3: Gene1284, Gene78, Gene132, Gene755, Gene1163 
 Topic 4: Gene183, Gene1477, Gene899, Gene149, Gene315 
 Topic 5: Gene873, Gene899, Gene755, Gene1191, Gene1221 
......................................................................................................
Completed E-Step (11 seconds). 
Completed M-Step (0 seconds). 
calculate log likelihood 
convergence.check is 1.847258e-05 
Completing Iteration 16 (approx. per word bound = -44.250, relative change = 1.847e-05) 
......................................................................................................
Completed E-Step (10 seconds). 
Completed M-Step (0 seconds). 
calculate log likelihood 
convergence.check is 1.720612e-05 
Completing Iteration 17 (approx. per word bound = -44.249, relative change = 1.721e-05) 
......................................................................................................
Completed E-Step (11 seconds). 
Completed M-Step (0 seconds). 
calculate log likelihood 
convergence.check is 1.597674e-05 
Completing Iteration 18 (approx. per word bound = -44.248, relative change = 1.598e-05) 
......................................................................................................
Completed E-Step (11 seconds). 
Completed M-Step (0 seconds). 
calculate log likelihood 
convergence.check is 1.48214e-05 
Completing Iteration 19 (approx. per word bound = -44.248, relative change = 1.482e-05) 
......................................................................................................
Completed E-Step (11 seconds). 
Completed M-Step (0 seconds). 
calculate log likelihood 
convergence.check is 1.373199e-05 
Completing Iteration 20 (approx. per word bound = -44.247, relative change = 1.373e-05) 
Topic 1: Gene1284, Gene149, Gene78, Gene132, Gene442 
 Topic 2: Gene899, Gene132, Gene149, Gene442, Gene1221 
 Topic 3: Gene1284, Gene78, Gene132, Gene755, Gene1163 
 Topic 4: Gene183, Gene1477, Gene899, Gene149, Gene315 
 Topic 5: Gene873, Gene899, Gene755, Gene1191, Gene1221 
......................................................................................................
Completed E-Step (11 seconds). 
Completed M-Step (0 seconds). 
calculate log likelihood 
convergence.check is 1.284218e-05 
Completing Iteration 21 (approx. per word bound = -44.247, relative change = 1.284e-05) 
......................................................................................................
Completed E-Step (10 seconds). 
Completed M-Step (0 seconds). 
calculate log likelihood 
convergence.check is 1.173084e-05 
Completing Iteration 22 (approx. per word bound = -44.246, relative change = 1.173e-05) 
......................................................................................................
Completed E-Step (10 seconds). 
Completed M-Step (0 seconds). 
calculate log likelihood 
convergence.check is 1.096643e-05 
Completing Iteration 23 (approx. per word bound = -44.246, relative change = 1.097e-05) 
......................................................................................................
Completed E-Step (10 seconds). 
Completed M-Step (0 seconds). 
calculate log likelihood 
convergence.check is 1.009387e-05 
Completing Iteration 24 (approx. per word bound = -44.245, relative change = 1.009e-05) 
......................................................................................................
Completed E-Step (10 seconds). 
Completed M-Step (0 seconds). 
calculate log likelihood 
convergence.check is 9.361364e-06 
Completing Iteration 25 (approx. per word bound = -44.245, relative change = 9.361e-06) 
Topic 1: Gene1284, Gene149, Gene78, Gene132, Gene442 
 Topic 2: Gene899, Gene132, Gene149, Gene442, Gene1221 
 Topic 3: Gene1284, Gene78, Gene132, Gene755, Gene1163 
 Topic 4: Gene183, Gene1477, Gene899, Gene149, Gene315 
 Topic 5: Gene873, Gene899, Gene755, Gene1191, Gene442 
......................................................................................................
Completed E-Step (10 seconds). 
Completed M-Step (0 seconds). 
calculate log likelihood 
convergence.check is 8.184445e-06 
Completing Iteration 26 (approx. per word bound = -44.244, relative change = 8.184e-06) 
......................................................................................................
Completed E-Step (10 seconds). 
Completed M-Step (0 seconds). 
calculate log likelihood 
convergence.check is 7.756513e-06 
Completing Iteration 27 (approx. per word bound = -44.244, relative change = 7.757e-06) 
......................................................................................................
Completed E-Step (10 seconds). 
Completed M-Step (0 seconds). 
calculate log likelihood 
convergence.check is 7.288792e-06 
Completing Iteration 28 (approx. per word bound = -44.244, relative change = 7.289e-06) 
......................................................................................................
Completed E-Step (10 seconds). 
Completed M-Step (0 seconds). 
calculate log likelihood 
convergence.check is 6.632277e-06 
Completing Iteration 29 (approx. per word bound = -44.243, relative change = 6.632e-06) 
......................................................................................................
Completed E-Step (10 seconds). 
Completed M-Step (0 seconds). 
calculate log likelihood 
convergence.check is 6.265395e-06 
Completing Iteration 30 (approx. per word bound = -44.243, relative change = 6.265e-06) 
Topic 1: Gene1284, Gene149, Gene78, Gene132, Gene442 
 Topic 2: Gene899, Gene132, Gene149, Gene442, Gene1221 
 Topic 3: Gene1284, Gene78, Gene132, Gene755, Gene1163 
 Topic 4: Gene183, Gene1477, Gene899, Gene149, Gene315 
 Topic 5: Gene873, Gene899, Gene755, Gene1191, Gene442 
......................................................................................................
Completed E-Step (9 seconds). 
Completed M-Step (0 seconds). 
calculate log likelihood 
convergence.check is 5.665747e-06 
Completing Iteration 31 (approx. per word bound = -44.243, relative change = 5.666e-06) 
......................................................................................................
Completed E-Step (9 seconds). 
Completed M-Step (0 seconds). 
calculate log likelihood 
convergence.check is 5.366994e-06 
Completing Iteration 32 (approx. per word bound = -44.243, relative change = 5.367e-06) 
......................................................................................................
Completed E-Step (9 seconds). 
Completed M-Step (0 seconds). 
calculate log likelihood 
convergence.check is 4.966384e-06 
Completing Iteration 33 (approx. per word bound = -44.242, relative change = 4.966e-06) 
......................................................................................................
Completed E-Step (9 seconds). 
Completed M-Step (0 seconds). 
calculate log likelihood 
convergence.check is 4.649303e-06 
Completing Iteration 34 (approx. per word bound = -44.242, relative change = 4.649e-06) 
......................................................................................................
Completed E-Step (9 seconds). 
Completed M-Step (0 seconds). 
calculate log likelihood 
convergence.check is 4.308891e-06 
Completing Iteration 35 (approx. per word bound = -44.242, relative change = 4.309e-06) 
Topic 1: Gene1284, Gene149, Gene78, Gene132, Gene442 
 Topic 2: Gene899, Gene132, Gene149, Gene442, Gene1221 
 Topic 3: Gene1284, Gene78, Gene132, Gene755, Gene1163 
 Topic 4: Gene183, Gene1477, Gene899, Gene149, Gene315 
 Topic 5: Gene873, Gene899, Gene755, Gene1191, Gene442 
......................................................................................................
Completed E-Step (9 seconds). 
Completed M-Step (0 seconds). 
calculate log likelihood 
convergence.check is 4.03792e-06 
Completing Iteration 36 (approx. per word bound = -44.242, relative change = 4.038e-06) 
......................................................................................................
Completed E-Step (9 seconds). 
Completed M-Step (0 seconds). 
calculate log likelihood 
convergence.check is 3.767663e-06 
Completing Iteration 37 (approx. per word bound = -44.242, relative change = 3.768e-06) 
......................................................................................................
Completed E-Step (9 seconds). 
Completed M-Step (0 seconds). 
calculate log likelihood 
convergence.check is 3.559995e-06 
Completing Iteration 38 (approx. per word bound = -44.242, relative change = 3.560e-06) 
......................................................................................................
Completed E-Step (8 seconds). 
Completed M-Step (0 seconds). 
calculate log likelihood 
convergence.check is 2.984141e-06 
Completing Iteration 39 (approx. per word bound = -44.241, relative change = 2.984e-06) 
......................................................................................................
Completed E-Step (8 seconds). 
Completed M-Step (0 seconds). 
calculate log likelihood 
convergence.check is 3.193576e-06 
Completing Iteration 40 (approx. per word bound = -44.241, relative change = 3.194e-06) 
Topic 1: Gene1284, Gene149, Gene78, Gene132, Gene442 
 Topic 2: Gene899, Gene132, Gene149, Gene442, Gene353 
 Topic 3: Gene1284, Gene78, Gene132, Gene755, Gene1163 
 Topic 4: Gene183, Gene1477, Gene899, Gene149, Gene315 
 Topic 5: Gene873, Gene899, Gene755, Gene1191, Gene442 
......................................................................................................
Completed E-Step (8 seconds). 
Completed M-Step (0 seconds). 
calculate log likelihood 
convergence.check is 2.98277e-06 
Completing Iteration 41 (approx. per word bound = -44.241, relative change = 2.983e-06) 
......................................................................................................
Completed E-Step (8 seconds). 
Completed M-Step (0 seconds). 
calculate log likelihood 
convergence.check is 2.856252e-06 
Completing Iteration 42 (approx. per word bound = -44.241, relative change = 2.856e-06) 
......................................................................................................
Completed E-Step (8 seconds). 
Completed M-Step (0 seconds). 
calculate log likelihood 
convergence.check is 2.737716e-06 
Completing Iteration 43 (approx. per word bound = -44.241, relative change = 2.738e-06) 
......................................................................................................
Completed E-Step (8 seconds). 
Completed M-Step (0 seconds). 
calculate log likelihood 
convergence.check is 2.627644e-06 
Completing Iteration 44 (approx. per word bound = -44.241, relative change = 2.628e-06) 
......................................................................................................
Completed E-Step (8 seconds). 
Completed M-Step (0 seconds). 
calculate log likelihood 
convergence.check is 2.525268e-06 
Completing Iteration 45 (approx. per word bound = -44.241, relative change = 2.525e-06) 
Topic 1: Gene1284, Gene149, Gene78, Gene132, Gene442 
 Topic 2: Gene899, Gene132, Gene149, Gene442, Gene353 
 Topic 3: Gene1284, Gene78, Gene132, Gene755, Gene1163 
 Topic 4: Gene183, Gene1477, Gene899, Gene149, Gene315 
 Topic 5: Gene873, Gene899, Gene755, Gene1191, Gene442 
......................................................................................................
Completed E-Step (8 seconds). 
Completed M-Step (0 seconds). 
calculate log likelihood 
convergence.check is 2.518164e-06 
Completing Iteration 46 (approx. per word bound = -44.241, relative change = 2.518e-06) 
......................................................................................................
Completed E-Step (7 seconds). 
Completed M-Step (0 seconds). 
calculate log likelihood 
convergence.check is 2.408584e-06 
Completing Iteration 47 (approx. per word bound = -44.240, relative change = 2.409e-06) 
......................................................................................................
Completed E-Step (7 seconds). 
Completed M-Step (0 seconds). 
calculate log likelihood 
convergence.check is 2.375323e-06 
Completing Iteration 48 (approx. per word bound = -44.240, relative change = 2.375e-06) 
......................................................................................................
Completed E-Step (7 seconds). 
Completed M-Step (0 seconds). 
calculate log likelihood 
convergence.check is 2.301274e-06 
Completing Iteration 49 (approx. per word bound = -44.240, relative change = 2.301e-06) 
......................................................................................................
Completed E-Step (7 seconds). 
Completed M-Step (0 seconds). 
calculate log likelihood 
convergence.check is 2.320919e-06 
Completing Iteration 50 (approx. per word bound = -44.240, relative change = 2.321e-06) 
Topic 1: Gene1284, Gene149, Gene78, Gene132, Gene442 
 Topic 2: Gene899, Gene132, Gene149, Gene442, Gene353 
 Topic 3: Gene1284, Gene78, Gene132, Gene755, Gene1163 
 Topic 4: Gene183, Gene1477, Gene899, Gene149, Gene315 
 Topic 5: Gene873, Gene899, Gene755, Gene1191, Gene442 
......................................................................................................
Completed E-Step (7 seconds). 
Completed M-Step (0 seconds). 
calculate log likelihood 
convergence.check is 2.293575e-06 
Completing Iteration 51 (approx. per word bound = -44.240, relative change = 2.294e-06) 
......................................................................................................
Completed E-Step (7 seconds). 
Completed M-Step (0 seconds). 
calculate log likelihood 
convergence.check is 2.261923e-06 
Completing Iteration 52 (approx. per word bound = -44.240, relative change = 2.262e-06) 
......................................................................................................
Completed E-Step (7 seconds). 
Completed M-Step (0 seconds). 
calculate log likelihood 
convergence.check is 2.214232e-06 
Completing Iteration 53 (approx. per word bound = -44.240, relative change = 2.214e-06) 
......................................................................................................
Completed E-Step (7 seconds). 
Completed M-Step (0 seconds). 
calculate log likelihood 
convergence.check is 2.200056e-06 
Completing Iteration 54 (approx. per word bound = -44.240, relative change = 2.200e-06) 
......................................................................................................
Completed E-Step (6 seconds). 
Completed M-Step (0 seconds). 
calculate log likelihood 
convergence.check is 2.116737e-06 
Completing Iteration 55 (approx. per word bound = -44.240, relative change = 2.117e-06) 
Topic 1: Gene1284, Gene149, Gene78, Gene132, Gene442 
 Topic 2: Gene899, Gene132, Gene149, Gene442, Gene353 
 Topic 3: Gene1284, Gene78, Gene132, Gene755, Gene1163 
 Topic 4: Gene183, Gene1477, Gene899, Gene149, Gene315 
 Topic 5: Gene873, Gene899, Gene755, Gene183, Gene442 
......................................................................................................
Completed E-Step (7 seconds). 
Completed M-Step (0 seconds). 
calculate log likelihood 
convergence.check is 2.034246e-06 
Completing Iteration 56 (approx. per word bound = -44.240, relative change = 2.034e-06) 
......................................................................................................
Completed E-Step (6 seconds). 
Completed M-Step (0 seconds). 
calculate log likelihood 
convergence.check is 1.955085e-06 
Completing Iteration 57 (approx. per word bound = -44.239, relative change = 1.955e-06) 
......................................................................................................
Completed E-Step (6 seconds). 
Completed M-Step (0 seconds). 
calculate log likelihood 
convergence.check is 1.882301e-06 
Completing Iteration 58 (approx. per word bound = -44.239, relative change = 1.882e-06) 
......................................................................................................
Completed E-Step (6 seconds). 
Completed M-Step (0 seconds). 
calculate log likelihood 
convergence.check is 1.779488e-06 
Completing Iteration 59 (approx. per word bound = -44.239, relative change = 1.779e-06) 
......................................................................................................
Completed E-Step (6 seconds). 
Completed M-Step (0 seconds). 
calculate log likelihood 
convergence.check is 1.703529e-06 
Completing Iteration 60 (approx. per word bound = -44.239, relative change = 1.704e-06) 
Topic 1: Gene1284, Gene149, Gene78, Gene132, Gene442 
 Topic 2: Gene899, Gene132, Gene149, Gene442, Gene1221 
 Topic 3: Gene1284, Gene78, Gene132, Gene755, Gene1163 
 Topic 4: Gene183, Gene1477, Gene899, Gene149, Gene315 
 Topic 5: Gene873, Gene899, Gene755, Gene183, Gene442 
......................................................................................................
Completed E-Step (6 seconds). 
Completed M-Step (0 seconds). 
calculate log likelihood 
convergence.check is 1.637943e-06 
Completing Iteration 61 (approx. per word bound = -44.239, relative change = 1.638e-06) 
......................................................................................................
Completed E-Step (6 seconds). 
Completed M-Step (0 seconds). 
calculate log likelihood 
convergence.check is 1.568848e-06 
Completing Iteration 62 (approx. per word bound = -44.239, relative change = 1.569e-06) 
......................................................................................................
Completed E-Step (6 seconds). 
Completed M-Step (0 seconds). 
calculate log likelihood 
convergence.check is 1.503034e-06 
Completing Iteration 63 (approx. per word bound = -44.239, relative change = 1.503e-06) 
......................................................................................................
Completed E-Step (6 seconds). 
Completed M-Step (0 seconds). 
calculate log likelihood 
convergence.check is 1.453767e-06 
Completing Iteration 64 (approx. per word bound = -44.239, relative change = 1.454e-06) 
......................................................................................................
Completed E-Step (6 seconds). 
Completed M-Step (0 seconds). 
calculate log likelihood 
convergence.check is 1.382142e-06 
Completing Iteration 65 (approx. per word bound = -44.239, relative change = 1.382e-06) 
Topic 1: Gene1284, Gene149, Gene78, Gene132, Gene442 
 Topic 2: Gene899, Gene132, Gene149, Gene442, Gene1221 
 Topic 3: Gene1284, Gene78, Gene132, Gene755, Gene1163 
 Topic 4: Gene183, Gene1477, Gene899, Gene149, Gene315 
 Topic 5: Gene873, Gene899, Gene755, Gene183, Gene442 
......................................................................................................
Completed E-Step (6 seconds). 
Completed M-Step (0 seconds). 
calculate log likelihood 
convergence.check is 1.351645e-06 
Completing Iteration 66 (approx. per word bound = -44.239, relative change = 1.352e-06) 
......................................................................................................
Completed E-Step (5 seconds). 
Completed M-Step (0 seconds). 
calculate log likelihood 
convergence.check is 1.273352e-06 
Completing Iteration 67 (approx. per word bound = -44.239, relative change = 1.273e-06) 
......................................................................................................
Completed E-Step (6 seconds). 
Completed M-Step (0 seconds). 
calculate log likelihood 
convergence.check is 1.245158e-06 
Completing Iteration 68 (approx. per word bound = -44.239, relative change = 1.245e-06) 
......................................................................................................
Completed E-Step (5 seconds). 
Completed M-Step (0 seconds). 
calculate log likelihood 
convergence.check is 1.204708e-06 
Completing Iteration 69 (approx. per word bound = -44.239, relative change = 1.205e-06) 
......................................................................................................
Completed E-Step (6 seconds). 
Completed M-Step (0 seconds). 
calculate log likelihood 
convergence.check is 1.202552e-06 
Completing Iteration 70 (approx. per word bound = -44.239, relative change = 1.203e-06) 
Topic 1: Gene1284, Gene149, Gene78, Gene132, Gene442 
 Topic 2: Gene899, Gene132, Gene149, Gene442, Gene1221 
 Topic 3: Gene1284, Gene78, Gene132, Gene755, Gene1163 
 Topic 4: Gene183, Gene1477, Gene899, Gene149, Gene315 
 Topic 5: Gene873, Gene899, Gene755, Gene183, Gene442 
......................................................................................................
Completed E-Step (5 seconds). 
Completed M-Step (0 seconds). 
calculate log likelihood 
convergence.check is 1.134476e-06 
Completing Iteration 71 (approx. per word bound = -44.239, relative change = 1.134e-06) 
......................................................................................................
Completed E-Step (6 seconds). 
Completed M-Step (0 seconds). 
calculate log likelihood 
convergence.check is 1.02053e-06 
Completing Iteration 72 (approx. per word bound = -44.239, relative change = 1.021e-06) 
......................................................................................................
Completed E-Step (5 seconds). 
Completed M-Step (0 seconds). 
calculate log likelihood 
convergence.check is 9.77989e-07 
Model Converged 
