sims_1716278559_neg_L1_c9.rds 
Found 6 batches
Using null model in ComBat-seq.
Adjusting for 0 covariate(s) or covariate level(s)
Estimating dispersions
Fitting the GLM model
Shrinkage off - using GLM estimates for parameters
Adjusting the data
Batch Effect Removed 
        R/alignCorpus.R R/asSTMCorpus.R R/checkBeta.R R/cloud.R
value   ?               ?               ?             ?        
visible FALSE           FALSE           FALSE         FALSE    
        R/CompositionChange.R R/convertCorpus.R R/estimateEffect.R
value   ?                     ?                 ?                 
visible FALSE                 FALSE             FALSE             
        R/estimateMixedEffect.R R/exclusivity.R R/findThoughts.R R/findTopic.R
value   ?                       ?               ?                ?            
visible FALSE                   FALSE           FALSE            FALSE        
        R/fitNewDocuments.R R/heldout.R R/jeffreyskappa.R R/labelTopics.R
value   ?                   ?           ?                 ?              
visible FALSE               FALSE       FALSE             FALSE          
        R/makeDesignMatrix.R R/manyTopics.R R/multiSTM.R R/optimalK.R
value   ?                    ?              ?            ?           
visible FALSE                FALSE          FALSE        FALSE       
        R/permute.R R/plot.estimateEffect.R R/plot.fixedEffect.R
value   ?           ?                       ?                   
visible FALSE       FALSE                   FALSE               
        R/plot.searchK.R R/plot.STM.R R/plotModels.R R/plotQuote.R
value   ?                ?            ?              ?            
visible FALSE            FALSE        FALSE          FALSE        
        R/plotRemoved.R R/plottingutilfns.R R/plotTopicLoess.R
value   ?               ?                   ?                 
visible FALSE           FALSE               FALSE             
        R/prepDocuments.R R/prepsce.R R/produce_cmatrix.R R/RcppExports.R
value   ?                 ?           ?                   ?              
visible FALSE             FALSE       FALSE               FALSE          
        R/readCorpus.R R/residuals.R R/s.R R/sageLabels.R R/scSTM.R
value   ?              ?             ?     ?              ?        
visible FALSE          FALSE         FALSE FALSE          FALSE    
        R/selectModel.R R/semanticCoherence.R R/simBetas.R R/spectral.R
value   ?               ?                     ?            ?           
visible FALSE           FALSE                 FALSE        FALSE       
        R/stm-package.R R/stm.control.R R/STMbound.R R/STMconvergence.R
value   NULL            ?               ?            ?                 
visible TRUE            FALSE           FALSE        FALSE             
        R/STMestep.R R/STMfunctions.R R/STMinit.R R/STMinitLikelihood.R
value   ?            ?                ?           ?                    
visible FALSE        FALSE            FALSE       FALSE                
        R/STMlncpp.R R/STMmnreg.R R/STMmu.R R/STMoptbeta.R R/STMreport.R
value   ?            ?            ?         ?              ?            
visible FALSE        FALSE        FALSE     FALSE          FALSE        
        R/STMsigma.R R/STMsigs.R R/STMsubset.R R/summary.STM.R R/tau.R
value   ?            ?           ?             ?               ?      
visible FALSE        FALSE       FALSE         FALSE           FALSE  
        R/textProcessor.R R/thetaPosterior.R R/toLDAvis.R R/topicCorr.R
value   ?                 ?                  ?            ?            
visible FALSE             FALSE              FALSE        FALSE        
        R/topicLasso.R R/topicQuality.R R/writeLdac.R R/zzz.R
value   ?              ?                ?             ?      
visible FALSE          FALSE            FALSE         FALSE  
Casting net 
1 models in net 
Initialization with topicScore. 
Initializing factors using Topic SCORE algorithm.
Initializing loadings by running 10 SCD updates.
......................................................................................................
Completed E-Step (13 seconds). 
Completed M-Step (0 seconds). 
calculate log likelihood 
Completing Iteration 1 (approx. per word bound = -59.096) 
......................................................................................................
Completed E-Step (16 seconds). 
Completed M-Step (0 seconds). 
calculate log likelihood 
convergence.check is 4.668557e-05 
Completing Iteration 2 (approx. per word bound = -59.093, relative change = 4.669e-05) 
......................................................................................................
Completed E-Step (20 seconds). 
Completed M-Step (0 seconds). 
calculate log likelihood 
convergence.check is 3.613997e-05 
Model Terminated Before Convergence Reached 
2 models in net 
Initialization with topicScore. 
Initializing factors using Topic SCORE algorithm.
Initializing loadings by running 10 SCD updates.
......................................................................................................
Completed E-Step (22 seconds). 
Completed M-Step (0 seconds). 
calculate log likelihood 
Completing Iteration 1 (approx. per word bound = -59.088) 
......................................................................................................
Completed E-Step (20 seconds). 
Completed M-Step (0 seconds). 
calculate log likelihood 
convergence.check is 5.059177e-05 
Completing Iteration 2 (approx. per word bound = -59.085, relative change = 5.059e-05) 
......................................................................................................
Completed E-Step (22 seconds). 
Completed M-Step (0 seconds). 
calculate log likelihood 
convergence.check is 3.832957e-05 
Model Terminated Before Convergence Reached 
3 models in net 
Initialization with topicScore. 
Initializing factors using Topic SCORE algorithm.
Initializing loadings by running 10 SCD updates.
......................................................................................................
Completed E-Step (25 seconds). 
Completed M-Step (0 seconds). 
calculate log likelihood 
Completing Iteration 1 (approx. per word bound = -59.110) 
......................................................................................................
Completed E-Step (19 seconds). 
Completed M-Step (0 seconds). 
calculate log likelihood 
convergence.check is 0.0001710114 
Completing Iteration 2 (approx. per word bound = -59.100, relative change = 1.710e-04) 
......................................................................................................
Completed E-Step (19 seconds). 
Completed M-Step (0 seconds). 
calculate log likelihood 
convergence.check is 0.0001013794 
Model Terminated Before Convergence Reached 
4 models in net 
Initialization with topicScore. 
Initializing factors using Topic SCORE algorithm.
Initializing loadings by running 10 SCD updates.
......................................................................................................
Completed E-Step (23 seconds). 
Completed M-Step (0 seconds). 
calculate log likelihood 
Completing Iteration 1 (approx. per word bound = -59.086) 
......................................................................................................
Completed E-Step (20 seconds). 
Completed M-Step (0 seconds). 
calculate log likelihood 
convergence.check is 3.419019e-05 
Completing Iteration 2 (approx. per word bound = -59.084, relative change = 3.419e-05) 
......................................................................................................
Completed E-Step (20 seconds). 
Completed M-Step (0 seconds). 
calculate log likelihood 
convergence.check is 2.902287e-05 
Model Terminated Before Convergence Reached 
5 models in net 
Initialization with topicScore. 
Initializing factors using Topic SCORE algorithm.
Initializing loadings by running 10 SCD updates.
......................................................................................................
Completed E-Step (24 seconds). 
Completed M-Step (0 seconds). 
calculate log likelihood 
Completing Iteration 1 (approx. per word bound = -59.107) 
......................................................................................................
Completed E-Step (19 seconds). 
Completed M-Step (0 seconds). 
calculate log likelihood 
convergence.check is 9.448123e-05 
Completing Iteration 2 (approx. per word bound = -59.101, relative change = 9.448e-05) 
......................................................................................................
Completed E-Step (19 seconds). 
Completed M-Step (0 seconds). 
calculate log likelihood 
convergence.check is 8.684444e-05 
Model Terminated Before Convergence Reached 
6 models in net 
Initialization with topicScore. 
Initializing factors using Topic SCORE algorithm.
Initializing loadings by running 10 SCD updates.
......................................................................................................
Completed E-Step (22 seconds). 
Completed M-Step (0 seconds). 
calculate log likelihood 
Completing Iteration 1 (approx. per word bound = -59.095) 
......................................................................................................
Completed E-Step (21 seconds). 
Completed M-Step (0 seconds). 
calculate log likelihood 
convergence.check is 7.457276e-05 
Completing Iteration 2 (approx. per word bound = -59.090, relative change = 7.457e-05) 
......................................................................................................
Completed E-Step (21 seconds). 
Completed M-Step (0 seconds). 
calculate log likelihood 
convergence.check is 5.887406e-05 
Model Terminated Before Convergence Reached 
7 models in net 
Initialization with topicScore. 
Initializing factors using Topic SCORE algorithm.
Initializing loadings by running 10 SCD updates.
......................................................................................................
Completed E-Step (30 seconds). 
Completed M-Step (0 seconds). 
calculate log likelihood 
Completing Iteration 1 (approx. per word bound = -59.152) 
......................................................................................................
Completed E-Step (18 seconds). 
Completed M-Step (0 seconds). 
calculate log likelihood 
convergence.check is 0.0001882266 
Completing Iteration 2 (approx. per word bound = -59.141, relative change = 1.882e-04) 
......................................................................................................
Completed E-Step (18 seconds). 
Completed M-Step (0 seconds). 
calculate log likelihood 
convergence.check is 0.0001381744 
Model Terminated Before Convergence Reached 
8 models in net 
Initialization with topicScore. 
Initializing factors using Topic SCORE algorithm.
Initializing loadings by running 10 SCD updates.
......................................................................................................
Completed E-Step (35 seconds). 
Completed M-Step (0 seconds). 
calculate log likelihood 
Completing Iteration 1 (approx. per word bound = -59.166) 
......................................................................................................
Completed E-Step (21 seconds). 
Completed M-Step (0 seconds). 
calculate log likelihood 
convergence.check is 0.0003031852 
Completing Iteration 2 (approx. per word bound = -59.148, relative change = 3.032e-04) 
......................................................................................................
Completed E-Step (18 seconds). 
Completed M-Step (0 seconds). 
calculate log likelihood 
convergence.check is 0.000211796 
Model Terminated Before Convergence Reached 
9 models in net 
Initialization with topicScore. 
Initializing factors using Topic SCORE algorithm.
Initializing loadings by running 10 SCD updates.
......................................................................................................
Completed E-Step (14 seconds). 
Completed M-Step (0 seconds). 
calculate log likelihood 
Completing Iteration 1 (approx. per word bound = -59.092) 
......................................................................................................
Completed E-Step (11 seconds). 
Completed M-Step (0 seconds). 
calculate log likelihood 
convergence.check is 4.131928e-05 
Completing Iteration 2 (approx. per word bound = -59.089, relative change = 4.132e-05) 
......................................................................................................
Completed E-Step (11 seconds). 
Completed M-Step (0 seconds). 
calculate log likelihood 
convergence.check is 3.244319e-05 
Model Terminated Before Convergence Reached 
10 models in net 
Initialization with topicScore. 
Initializing factors using Topic SCORE algorithm.
Initializing loadings by running 10 SCD updates.
......................................................................................................
Completed E-Step (14 seconds). 
Completed M-Step (0 seconds). 
calculate log likelihood 
Completing Iteration 1 (approx. per word bound = -59.105) 
......................................................................................................
Completed E-Step (12 seconds). 
Completed M-Step (0 seconds). 
calculate log likelihood 
convergence.check is 0.0001202336 
Completing Iteration 2 (approx. per word bound = -59.098, relative change = 1.202e-04) 
......................................................................................................
Completed E-Step (12 seconds). 
Completed M-Step (0 seconds). 
calculate log likelihood 
convergence.check is 0.0001129767 
Model Terminated Before Convergence Reached 
11 models in net 
Beginning Spectral Initialization 
	 Calculating the gram matrix...
	 Finding anchor words...
 	.........
	 Recovering initialization...
 	....
Initialization complete.
......................................................................................................
Completed E-Step (15 seconds). 
Completed M-Step (0 seconds). 
calculate log likelihood 
Completing Iteration 1 (approx. per word bound = -59.177) 
......................................................................................................
Completed E-Step (17 seconds). 
Completed M-Step (0 seconds). 
calculate log likelihood 
convergence.check is 0.001335575 
Completing Iteration 2 (approx. per word bound = -59.098, relative change = 1.336e-03) 
......................................................................................................
Completed E-Step (14 seconds). 
Completed M-Step (0 seconds). 
calculate log likelihood 
convergence.check is 0.0007020864 
Model Terminated Before Convergence Reached 
12 models in net 
Beginning Random Initialization 
Initialization with Poisson NMF 
......................................................................................................
Completed E-Step (31 seconds). 
Completed M-Step (0 seconds). 
calculate log likelihood 
Completing Iteration 1 (approx. per word bound = -76.092) 
......................................................................................................
Completed E-Step (19 seconds). 
Completed M-Step (0 seconds). 
calculate log likelihood 
convergence.check is 0.222135 
Completing Iteration 2 (approx. per word bound = -59.190, relative change = 2.221e-01) 
......................................................................................................
Completed E-Step (18 seconds). 
Completed M-Step (0 seconds). 
calculate log likelihood 
convergence.check is 0.0003140637 
Model Terminated Before Convergence Reached 
13 models in net 
Beginning Random Initialization 
Initialization with Poisson NMF 
......................................................................................................
Completed E-Step (29 seconds). 
Completed M-Step (0 seconds). 
calculate log likelihood 
Completing Iteration 1 (approx. per word bound = -75.814) 
......................................................................................................
Completed E-Step (20 seconds). 
Completed M-Step (0 seconds). 
calculate log likelihood 
convergence.check is 0.2190771 
Completing Iteration 2 (approx. per word bound = -59.205, relative change = 2.191e-01) 
......................................................................................................
Completed E-Step (19 seconds). 
Completed M-Step (0 seconds). 
calculate log likelihood 
convergence.check is 0.0001491099 
Model Terminated Before Convergence Reached 
14 models in net 
Beginning Random Initialization 
Initialization with Poisson NMF 
......................................................................................................
Completed E-Step (33 seconds). 
Completed M-Step (0 seconds). 
calculate log likelihood 
Completing Iteration 1 (approx. per word bound = -76.170) 
......................................................................................................
Completed E-Step (24 seconds). 
Completed M-Step (0 seconds). 
calculate log likelihood 
convergence.check is 0.2226959 
Completing Iteration 2 (approx. per word bound = -59.207, relative change = 2.227e-01) 
......................................................................................................
Completed E-Step (20 seconds). 
Completed M-Step (0 seconds). 
calculate log likelihood 
convergence.check is 0.0001490314 
Model Terminated Before Convergence Reached 
15 models in net 
Beginning Random Initialization 
Initialization with Poisson NMF 
......................................................................................................
Completed E-Step (36 seconds). 
Completed M-Step (0 seconds). 
calculate log likelihood 
Completing Iteration 1 (approx. per word bound = -75.941) 
......................................................................................................
Completed E-Step (25 seconds). 
Completed M-Step (0 seconds). 
calculate log likelihood 
convergence.check is 0.2203608 
Completing Iteration 2 (approx. per word bound = -59.206, relative change = 2.204e-01) 
......................................................................................................
Completed E-Step (22 seconds). 
Completed M-Step (0 seconds). 
calculate log likelihood 
convergence.check is 0.0001689815 
Model Terminated Before Convergence Reached 
16 models in net 
Beginning Random Initialization 
Initialization with Poisson NMF 
......................................................................................................
Completed E-Step (31 seconds). 
Completed M-Step (0 seconds). 
calculate log likelihood 
Completing Iteration 1 (approx. per word bound = -76.391) 
......................................................................................................
Completed E-Step (23 seconds). 
Completed M-Step (0 seconds). 
calculate log likelihood 
convergence.check is 0.2250042 
Completing Iteration 2 (approx. per word bound = -59.203, relative change = 2.250e-01) 
......................................................................................................
Completed E-Step (20 seconds). 
Completed M-Step (0 seconds). 
calculate log likelihood 
convergence.check is 0.0001555905 
Model Terminated Before Convergence Reached 
17 models in net 
Beginning Random Initialization 
Initialization with Poisson NMF 
......................................................................................................
Completed E-Step (34 seconds). 
Completed M-Step (0 seconds). 
calculate log likelihood 
Completing Iteration 1 (approx. per word bound = -76.124) 
......................................................................................................
Completed E-Step (21 seconds). 
Completed M-Step (0 seconds). 
calculate log likelihood 
convergence.check is 0.2221862 
Completing Iteration 2 (approx. per word bound = -59.211, relative change = 2.222e-01) 
......................................................................................................
Completed E-Step (20 seconds). 
Completed M-Step (0 seconds). 
calculate log likelihood 
convergence.check is 0.0001853778 
Model Terminated Before Convergence Reached 
18 models in net 
Beginning Random Initialization 
Initialization with Poisson NMF 
......................................................................................................
Completed E-Step (33 seconds). 
Completed M-Step (0 seconds). 
calculate log likelihood 
Completing Iteration 1 (approx. per word bound = -76.423) 
......................................................................................................
Completed E-Step (25 seconds). 
Completed M-Step (0 seconds). 
calculate log likelihood 
convergence.check is 0.2253238 
Completing Iteration 2 (approx. per word bound = -59.203, relative change = 2.253e-01) 
......................................................................................................
Completed E-Step (21 seconds). 
Completed M-Step (0 seconds). 
calculate log likelihood 
convergence.check is 0.0002377569 
Model Terminated Before Convergence Reached 
19 models in net 
Beginning Random Initialization 
Initialization with Poisson NMF 
......................................................................................................
Completed E-Step (36 seconds). 
Completed M-Step (0 seconds). 
calculate log likelihood 
Completing Iteration 1 (approx. per word bound = -76.476) 
......................................................................................................
Completed E-Step (24 seconds). 
Completed M-Step (0 seconds). 
calculate log likelihood 
convergence.check is 0.2258235 
Completing Iteration 2 (approx. per word bound = -59.206, relative change = 2.258e-01) 
......................................................................................................
Completed E-Step (22 seconds). 
Completed M-Step (0 seconds). 
calculate log likelihood 
convergence.check is 0.0001767997 
Model Terminated Before Convergence Reached 
20 models in net 
Beginning Random Initialization 
Initialization with Poisson NMF 
......................................................................................................
Completed E-Step (33 seconds). 
Completed M-Step (0 seconds). 
calculate log likelihood 
Completing Iteration 1 (approx. per word bound = -76.729) 
......................................................................................................
Completed E-Step (23 seconds). 
Completed M-Step (0 seconds). 
calculate log likelihood 
convergence.check is 0.228555 
Completing Iteration 2 (approx. per word bound = -59.192, relative change = 2.286e-01) 
......................................................................................................
Completed E-Step (19 seconds). 
Completed M-Step (0 seconds). 
calculate log likelihood 
convergence.check is 0.0001796078 
Model Terminated Before Convergence Reached 
21 models in net 
Beginning Random Initialization 
Initialization with Poisson NMF 
......................................................................................................
Completed E-Step (34 seconds). 
Completed M-Step (0 seconds). 
calculate log likelihood 
Completing Iteration 1 (approx. per word bound = -75.834) 
......................................................................................................
Completed E-Step (21 seconds). 
Completed M-Step (0 seconds). 
calculate log likelihood 
convergence.check is 0.21928 
Completing Iteration 2 (approx. per word bound = -59.205, relative change = 2.193e-01) 
......................................................................................................
Completed E-Step (20 seconds). 
Completed M-Step (0 seconds). 
calculate log likelihood 
convergence.check is 0.0002643192 
Model Terminated Before Convergence Reached 
Running select models 
1 select model run 
Beginning Spectral Initialization 
	 Calculating the gram matrix...
	 Finding anchor words...
 	.........
	 Recovering initialization...
 	....
Initialization complete.
......................................................................................................
Completed E-Step (20 seconds). 
Completed M-Step (0 seconds). 
calculate log likelihood 
Completing Iteration 1 (approx. per word bound = -59.177) 
......................................................................................................
Completed E-Step (18 seconds). 
Completed M-Step (0 seconds). 
calculate log likelihood 
convergence.check is 0.001335575 
Completing Iteration 2 (approx. per word bound = -59.098, relative change = 1.336e-03) 
......................................................................................................
Completed E-Step (15 seconds). 
Completed M-Step (0 seconds). 
calculate log likelihood 
convergence.check is 0.0007020864 
Completing Iteration 3 (approx. per word bound = -59.056, relative change = 7.021e-04) 
......................................................................................................
Completed E-Step (13 seconds). 
Completed M-Step (0 seconds). 
calculate log likelihood 
convergence.check is 0.0001405536 
Completing Iteration 4 (approx. per word bound = -59.048, relative change = 1.406e-04) 
......................................................................................................
Completed E-Step (13 seconds). 
Completed M-Step (0 seconds). 
calculate log likelihood 
convergence.check is 5.605451e-05 
Completing Iteration 5 (approx. per word bound = -59.044, relative change = 5.605e-05) 
Topic 1: Gene698, Gene242, Gene500, Gene652, Gene909 
 Topic 2: Gene242, Gene500, Gene909, Gene652, Gene521 
 Topic 3: Gene242, Gene478, Gene500, Gene698, Gene909 
 Topic 4: Gene652, Gene242, Gene500, Gene698, Gene909 
 Topic 5: Gene242, Gene366, Gene500, Gene521, Gene909 
 Topic 6: Gene242, Gene500, Gene698, Gene909, Gene366 
 Topic 7: Gene242, Gene366, Gene521, Gene500, Gene698 
 Topic 8: Gene242, Gene500, Gene909, Gene366, Gene698 
 Topic 9: Gene242, Gene500, Gene909, Gene366, Gene521 
......................................................................................................
Completed E-Step (12 seconds). 
Completed M-Step (0 seconds). 
calculate log likelihood 
convergence.check is 2.409893e-05 
Completing Iteration 6 (approx. per word bound = -59.043, relative change = 2.410e-05) 
......................................................................................................
Completed E-Step (11 seconds). 
Completed M-Step (0 seconds). 
calculate log likelihood 
convergence.check is 1.202988e-05 
Completing Iteration 7 (approx. per word bound = -59.042, relative change = 1.203e-05) 
......................................................................................................
Completed E-Step (11 seconds). 
Completed M-Step (0 seconds). 
calculate log likelihood 
convergence.check is 8.468672e-06 
Completing Iteration 8 (approx. per word bound = -59.042, relative change = 8.469e-06) 
......................................................................................................
Completed E-Step (10 seconds). 
Completed M-Step (0 seconds). 
calculate log likelihood 
convergence.check is 5.191837e-06 
Completing Iteration 9 (approx. per word bound = -59.042, relative change = 5.192e-06) 
......................................................................................................
Completed E-Step (10 seconds). 
Completed M-Step (0 seconds). 
calculate log likelihood 
convergence.check is 3.925935e-06 
Completing Iteration 10 (approx. per word bound = -59.041, relative change = 3.926e-06) 
Topic 1: Gene698, Gene242, Gene500, Gene652, Gene909 
 Topic 2: Gene242, Gene909, Gene500, Gene270, Gene652 
 Topic 3: Gene242, Gene478, Gene500, Gene698, Gene673 
 Topic 4: Gene652, Gene242, Gene500, Gene698, Gene909 
 Topic 5: Gene242, Gene366, Gene500, Gene521, Gene909 
 Topic 6: Gene242, Gene500, Gene698, Gene366, Gene909 
 Topic 7: Gene242, Gene366, Gene521, Gene500, Gene698 
 Topic 8: Gene242, Gene500, Gene909, Gene366, Gene698 
 Topic 9: Gene242, Gene500, Gene909, Gene521, Gene366 
......................................................................................................
Completed E-Step (10 seconds). 
Completed M-Step (0 seconds). 
calculate log likelihood 
convergence.check is 3.297894e-06 
Completing Iteration 11 (approx. per word bound = -59.041, relative change = 3.298e-06) 
......................................................................................................
Completed E-Step (9 seconds). 
Completed M-Step (0 seconds). 
calculate log likelihood 
convergence.check is 1.949047e-06 
Completing Iteration 12 (approx. per word bound = -59.041, relative change = 1.949e-06) 
......................................................................................................
Completed E-Step (9 seconds). 
Completed M-Step (0 seconds). 
calculate log likelihood 
convergence.check is 1.984354e-06 
Completing Iteration 13 (approx. per word bound = -59.041, relative change = 1.984e-06) 
......................................................................................................
Completed E-Step (9 seconds). 
Completed M-Step (0 seconds). 
calculate log likelihood 
convergence.check is 1.981222e-06 
Completing Iteration 14 (approx. per word bound = -59.041, relative change = 1.981e-06) 
......................................................................................................
Completed E-Step (9 seconds). 
Completed M-Step (0 seconds). 
calculate log likelihood 
convergence.check is 1.640858e-06 
Completing Iteration 15 (approx. per word bound = -59.041, relative change = 1.641e-06) 
Topic 1: Gene698, Gene242, Gene500, Gene652, Gene909 
 Topic 2: Gene242, Gene909, Gene270, Gene500, Gene521 
 Topic 3: Gene242, Gene478, Gene500, Gene698, Gene673 
 Topic 4: Gene652, Gene242, Gene500, Gene698, Gene909 
 Topic 5: Gene242, Gene500, Gene366, Gene521, Gene909 
 Topic 6: Gene242, Gene500, Gene698, Gene366, Gene765 
 Topic 7: Gene242, Gene366, Gene521, Gene500, Gene698 
 Topic 8: Gene242, Gene500, Gene909, Gene366, Gene698 
 Topic 9: Gene242, Gene500, Gene909, Gene521, Gene366 
......................................................................................................
Completed E-Step (9 seconds). 
Completed M-Step (0 seconds). 
calculate log likelihood 
convergence.check is 1.11048e-06 
Completing Iteration 16 (approx. per word bound = -59.041, relative change = 1.110e-06) 
......................................................................................................
Completed E-Step (9 seconds). 
Completed M-Step (0 seconds). 
calculate log likelihood 
convergence.check is 8.913106e-07 
Model Converged 
2 select model run 
Initialization with topicScore. 
Initializing factors using Topic SCORE algorithm.
Initializing loadings by running 10 SCD updates.
......................................................................................................
Completed E-Step (23 seconds). 
Completed M-Step (0 seconds). 
calculate log likelihood 
Completing Iteration 1 (approx. per word bound = -59.086) 
......................................................................................................
Completed E-Step (20 seconds). 
Completed M-Step (0 seconds). 
calculate log likelihood 
convergence.check is 3.419019e-05 
Completing Iteration 2 (approx. per word bound = -59.084, relative change = 3.419e-05) 
......................................................................................................
Completed E-Step (20 seconds). 
Completed M-Step (0 seconds). 
calculate log likelihood 
convergence.check is 2.902287e-05 
Completing Iteration 3 (approx. per word bound = -59.082, relative change = 2.902e-05) 
......................................................................................................
Completed E-Step (20 seconds). 
Completed M-Step (0 seconds). 
calculate log likelihood 
convergence.check is 2.635214e-05 
Completing Iteration 4 (approx. per word bound = -59.080, relative change = 2.635e-05) 
......................................................................................................
Completed E-Step (20 seconds). 
Completed M-Step (0 seconds). 
calculate log likelihood 
convergence.check is 2.383369e-05 
Completing Iteration 5 (approx. per word bound = -59.079, relative change = 2.383e-05) 
Topic 1: Gene909, Gene652, Gene500, Gene366, Gene10 
 Topic 2: Gene652, Gene366, Gene605, Gene909, Gene559 
 Topic 3: Gene500, Gene242, Gene700, Gene478, Gene673 
 Topic 4: Gene521, Gene605, Gene909, Gene500, Gene981 
 Topic 5: Gene242, Gene478, Gene673, Gene500, Gene700 
 Topic 6: Gene765, Gene605, Gene242, Gene366, Gene521 
 Topic 7: Gene652, Gene242, Gene500, Gene981, Gene10 
 Topic 8: Gene366, Gene521, Gene725, Gene242, Gene605 
 Topic 9: Gene698, Gene366, Gene521, Gene143, Gene478 
......................................................................................................
Completed E-Step (20 seconds). 
Completed M-Step (0 seconds). 
calculate log likelihood 
convergence.check is 2.157502e-05 
Completing Iteration 6 (approx. per word bound = -59.078, relative change = 2.158e-05) 
......................................................................................................
Completed E-Step (19 seconds). 
Completed M-Step (0 seconds). 
calculate log likelihood 
convergence.check is 1.943282e-05 
Completing Iteration 7 (approx. per word bound = -59.076, relative change = 1.943e-05) 
......................................................................................................
Completed E-Step (19 seconds). 
Completed M-Step (0 seconds). 
calculate log likelihood 
convergence.check is 1.788276e-05 
Completing Iteration 8 (approx. per word bound = -59.075, relative change = 1.788e-05) 
......................................................................................................
Completed E-Step (19 seconds). 
Completed M-Step (0 seconds). 
calculate log likelihood 
convergence.check is 1.633971e-05 
Completing Iteration 9 (approx. per word bound = -59.074, relative change = 1.634e-05) 
......................................................................................................
Completed E-Step (18 seconds). 
Completed M-Step (0 seconds). 
calculate log likelihood 
convergence.check is 1.483474e-05 
Completing Iteration 10 (approx. per word bound = -59.074, relative change = 1.483e-05) 
Topic 1: Gene909, Gene652, Gene500, Gene366, Gene10 
 Topic 2: Gene652, Gene366, Gene605, Gene559, Gene909 
 Topic 3: Gene500, Gene242, Gene700, Gene478, Gene673 
 Topic 4: Gene605, Gene521, Gene909, Gene500, Gene981 
 Topic 5: Gene242, Gene478, Gene673, Gene500, Gene700 
 Topic 6: Gene765, Gene605, Gene242, Gene366, Gene521 
 Topic 7: Gene242, Gene652, Gene500, Gene981, Gene10 
 Topic 8: Gene366, Gene521, Gene725, Gene242, Gene605 
 Topic 9: Gene698, Gene366, Gene521, Gene143, Gene478 
......................................................................................................
Completed E-Step (18 seconds). 
Completed M-Step (0 seconds). 
calculate log likelihood 
convergence.check is 1.386709e-05 
Completing Iteration 11 (approx. per word bound = -59.073, relative change = 1.387e-05) 
......................................................................................................
Completed E-Step (19 seconds). 
Completed M-Step (0 seconds). 
calculate log likelihood 
convergence.check is 1.290173e-05 
Completing Iteration 12 (approx. per word bound = -59.072, relative change = 1.290e-05) 
......................................................................................................
Completed E-Step (16 seconds). 
Completed M-Step (0 seconds). 
calculate log likelihood 
convergence.check is 1.205387e-05 
Completing Iteration 13 (approx. per word bound = -59.071, relative change = 1.205e-05) 
......................................................................................................
Completed E-Step (16 seconds). 
Completed M-Step (0 seconds). 
calculate log likelihood 
convergence.check is 1.102244e-05 
Completing Iteration 14 (approx. per word bound = -59.071, relative change = 1.102e-05) 
......................................................................................................
Completed E-Step (16 seconds). 
Completed M-Step (0 seconds). 
calculate log likelihood 
convergence.check is 1.049284e-05 
Completing Iteration 15 (approx. per word bound = -59.070, relative change = 1.049e-05) 
Topic 1: Gene909, Gene652, Gene500, Gene366, Gene10 
 Topic 2: Gene652, Gene366, Gene605, Gene559, Gene909 
 Topic 3: Gene500, Gene478, Gene700, Gene242, Gene673 
 Topic 4: Gene605, Gene521, Gene909, Gene981, Gene500 
 Topic 5: Gene242, Gene478, Gene673, Gene500, Gene909 
 Topic 6: Gene765, Gene242, Gene605, Gene521, Gene366 
 Topic 7: Gene242, Gene652, Gene500, Gene981, Gene10 
 Topic 8: Gene366, Gene521, Gene725, Gene242, Gene605 
 Topic 9: Gene698, Gene366, Gene521, Gene143, Gene478 
......................................................................................................
Completed E-Step (16 seconds). 
Completed M-Step (0 seconds). 
calculate log likelihood 
convergence.check is 9.787738e-06 
Completing Iteration 16 (approx. per word bound = -59.069, relative change = 9.788e-06) 
......................................................................................................
Completed E-Step (15 seconds). 
Completed M-Step (0 seconds). 
calculate log likelihood 
convergence.check is 9.181216e-06 
Completing Iteration 17 (approx. per word bound = -59.069, relative change = 9.181e-06) 
......................................................................................................
Completed E-Step (15 seconds). 
Completed M-Step (0 seconds). 
calculate log likelihood 
convergence.check is 8.756709e-06 
Completing Iteration 18 (approx. per word bound = -59.068, relative change = 8.757e-06) 
......................................................................................................
Completed E-Step (16 seconds). 
Completed M-Step (0 seconds). 
calculate log likelihood 
convergence.check is 8.276421e-06 
Completing Iteration 19 (approx. per word bound = -59.068, relative change = 8.276e-06) 
......................................................................................................
Completed E-Step (16 seconds). 
Completed M-Step (0 seconds). 
calculate log likelihood 
convergence.check is 7.919188e-06 
Completing Iteration 20 (approx. per word bound = -59.067, relative change = 7.919e-06) 
Topic 1: Gene909, Gene652, Gene500, Gene366, Gene10 
 Topic 2: Gene652, Gene605, Gene366, Gene559, Gene909 
 Topic 3: Gene500, Gene478, Gene700, Gene242, Gene673 
 Topic 4: Gene605, Gene521, Gene909, Gene981, Gene500 
 Topic 5: Gene242, Gene478, Gene673, Gene500, Gene909 
 Topic 6: Gene765, Gene242, Gene605, Gene521, Gene366 
 Topic 7: Gene242, Gene652, Gene500, Gene981, Gene10 
 Topic 8: Gene366, Gene521, Gene725, Gene242, Gene605 
 Topic 9: Gene698, Gene366, Gene521, Gene143, Gene478 
......................................................................................................
Completed E-Step (15 seconds). 
Completed M-Step (0 seconds). 
calculate log likelihood 
convergence.check is 7.531839e-06 
Completing Iteration 21 (approx. per word bound = -59.067, relative change = 7.532e-06) 
......................................................................................................
Completed E-Step (15 seconds). 
Completed M-Step (0 seconds). 
calculate log likelihood 
convergence.check is 7.127362e-06 
Completing Iteration 22 (approx. per word bound = -59.067, relative change = 7.127e-06) 
......................................................................................................
Completed E-Step (15 seconds). 
Completed M-Step (0 seconds). 
calculate log likelihood 
convergence.check is 6.7592e-06 
Completing Iteration 23 (approx. per word bound = -59.066, relative change = 6.759e-06) 
......................................................................................................
Completed E-Step (15 seconds). 
Completed M-Step (0 seconds). 
calculate log likelihood 
convergence.check is 6.4702e-06 
Completing Iteration 24 (approx. per word bound = -59.066, relative change = 6.470e-06) 
......................................................................................................
Completed E-Step (14 seconds). 
Completed M-Step (0 seconds). 
calculate log likelihood 
convergence.check is 6.223173e-06 
Completing Iteration 25 (approx. per word bound = -59.065, relative change = 6.223e-06) 
Topic 1: Gene909, Gene652, Gene366, Gene500, Gene10 
 Topic 2: Gene652, Gene605, Gene366, Gene559, Gene698 
 Topic 3: Gene500, Gene478, Gene700, Gene242, Gene673 
 Topic 4: Gene605, Gene521, Gene909, Gene981, Gene500 
 Topic 5: Gene242, Gene478, Gene673, Gene500, Gene909 
 Topic 6: Gene765, Gene242, Gene605, Gene521, Gene366 
 Topic 7: Gene242, Gene652, Gene500, Gene981, Gene10 
 Topic 8: Gene366, Gene521, Gene242, Gene725, Gene605 
 Topic 9: Gene698, Gene366, Gene521, Gene143, Gene478 
......................................................................................................
Completed E-Step (14 seconds). 
Completed M-Step (0 seconds). 
calculate log likelihood 
convergence.check is 6.022892e-06 
Completing Iteration 26 (approx. per word bound = -59.065, relative change = 6.023e-06) 
......................................................................................................
Completed E-Step (14 seconds). 
Completed M-Step (0 seconds). 
calculate log likelihood 
convergence.check is 5.620894e-06 
Completing Iteration 27 (approx. per word bound = -59.065, relative change = 5.621e-06) 
......................................................................................................
Completed E-Step (14 seconds). 
Completed M-Step (0 seconds). 
calculate log likelihood 
convergence.check is 5.505371e-06 
Completing Iteration 28 (approx. per word bound = -59.064, relative change = 5.505e-06) 
......................................................................................................
Completed E-Step (14 seconds). 
Completed M-Step (0 seconds). 
calculate log likelihood 
convergence.check is 5.485046e-06 
Completing Iteration 29 (approx. per word bound = -59.064, relative change = 5.485e-06) 
......................................................................................................
Completed E-Step (13 seconds). 
Completed M-Step (0 seconds). 
calculate log likelihood 
convergence.check is 5.287227e-06 
Completing Iteration 30 (approx. per word bound = -59.064, relative change = 5.287e-06) 
Topic 1: Gene909, Gene652, Gene366, Gene10, Gene500 
 Topic 2: Gene652, Gene605, Gene366, Gene559, Gene698 
 Topic 3: Gene500, Gene478, Gene700, Gene242, Gene673 
 Topic 4: Gene605, Gene521, Gene909, Gene981, Gene500 
 Topic 5: Gene242, Gene478, Gene673, Gene500, Gene909 
 Topic 6: Gene765, Gene242, Gene605, Gene521, Gene366 
 Topic 7: Gene242, Gene652, Gene500, Gene981, Gene10 
 Topic 8: Gene366, Gene521, Gene242, Gene725, Gene605 
 Topic 9: Gene698, Gene366, Gene521, Gene143, Gene478 
......................................................................................................
Completed E-Step (13 seconds). 
Completed M-Step (0 seconds). 
calculate log likelihood 
convergence.check is 4.939722e-06 
Completing Iteration 31 (approx. per word bound = -59.063, relative change = 4.940e-06) 
......................................................................................................
Completed E-Step (13 seconds). 
Completed M-Step (0 seconds). 
calculate log likelihood 
convergence.check is 4.724179e-06 
Completing Iteration 32 (approx. per word bound = -59.063, relative change = 4.724e-06) 
......................................................................................................
Completed E-Step (13 seconds). 
Completed M-Step (0 seconds). 
calculate log likelihood 
convergence.check is 4.747213e-06 
Completing Iteration 33 (approx. per word bound = -59.063, relative change = 4.747e-06) 
......................................................................................................
Completed E-Step (13 seconds). 
Completed M-Step (0 seconds). 
calculate log likelihood 
convergence.check is 4.641324e-06 
Completing Iteration 34 (approx. per word bound = -59.063, relative change = 4.641e-06) 
......................................................................................................
Completed E-Step (12 seconds). 
Completed M-Step (0 seconds). 
calculate log likelihood 
convergence.check is 4.349095e-06 
Completing Iteration 35 (approx. per word bound = -59.062, relative change = 4.349e-06) 
Topic 1: Gene909, Gene652, Gene366, Gene10, Gene500 
 Topic 2: Gene652, Gene605, Gene366, Gene698, Gene559 
 Topic 3: Gene500, Gene478, Gene700, Gene673, Gene242 
 Topic 4: Gene605, Gene521, Gene981, Gene909, Gene500 
 Topic 5: Gene242, Gene478, Gene673, Gene500, Gene909 
 Topic 6: Gene765, Gene242, Gene605, Gene521, Gene366 
 Topic 7: Gene242, Gene652, Gene500, Gene981, Gene10 
 Topic 8: Gene366, Gene521, Gene242, Gene725, Gene605 
 Topic 9: Gene698, Gene366, Gene521, Gene143, Gene478 
......................................................................................................
Completed E-Step (13 seconds). 
Completed M-Step (0 seconds). 
calculate log likelihood 
convergence.check is 4.298736e-06 
Completing Iteration 36 (approx. per word bound = -59.062, relative change = 4.299e-06) 
......................................................................................................
Completed E-Step (13 seconds). 
Completed M-Step (0 seconds). 
calculate log likelihood 
convergence.check is 4.238983e-06 
Completing Iteration 37 (approx. per word bound = -59.062, relative change = 4.239e-06) 
......................................................................................................
Completed E-Step (12 seconds). 
Completed M-Step (0 seconds). 
calculate log likelihood 
convergence.check is 4.154804e-06 
Completing Iteration 38 (approx. per word bound = -59.062, relative change = 4.155e-06) 
......................................................................................................
Completed E-Step (12 seconds). 
Completed M-Step (0 seconds). 
calculate log likelihood 
convergence.check is 3.913908e-06 
Completing Iteration 39 (approx. per word bound = -59.061, relative change = 3.914e-06) 
......................................................................................................
Completed E-Step (11 seconds). 
Completed M-Step (0 seconds). 
calculate log likelihood 
convergence.check is 3.874588e-06 
Completing Iteration 40 (approx. per word bound = -59.061, relative change = 3.875e-06) 
Topic 1: Gene909, Gene652, Gene366, Gene10, Gene500 
 Topic 2: Gene652, Gene605, Gene366, Gene698, Gene559 
 Topic 3: Gene500, Gene478, Gene700, Gene673, Gene242 
 Topic 4: Gene605, Gene521, Gene981, Gene909, Gene500 
 Topic 5: Gene242, Gene478, Gene673, Gene500, Gene909 
 Topic 6: Gene765, Gene242, Gene605, Gene521, Gene366 
 Topic 7: Gene242, Gene652, Gene500, Gene981, Gene10 
 Topic 8: Gene366, Gene521, Gene725, Gene242, Gene605 
 Topic 9: Gene698, Gene366, Gene521, Gene143, Gene478 
......................................................................................................
Completed E-Step (12 seconds). 
Completed M-Step (0 seconds). 
calculate log likelihood 
convergence.check is 3.758525e-06 
Completing Iteration 41 (approx. per word bound = -59.061, relative change = 3.759e-06) 
......................................................................................................
Completed E-Step (12 seconds). 
Completed M-Step (0 seconds). 
calculate log likelihood 
convergence.check is 3.706369e-06 
Completing Iteration 42 (approx. per word bound = -59.061, relative change = 3.706e-06) 
......................................................................................................
Completed E-Step (12 seconds). 
Completed M-Step (0 seconds). 
calculate log likelihood 
convergence.check is 3.649435e-06 
Completing Iteration 43 (approx. per word bound = -59.060, relative change = 3.649e-06) 
......................................................................................................
Completed E-Step (11 seconds). 
Completed M-Step (0 seconds). 
calculate log likelihood 
convergence.check is 3.381466e-06 
Completing Iteration 44 (approx. per word bound = -59.060, relative change = 3.381e-06) 
......................................................................................................
Completed E-Step (11 seconds). 
Completed M-Step (0 seconds). 
calculate log likelihood 
convergence.check is 3.39866e-06 
Completing Iteration 45 (approx. per word bound = -59.060, relative change = 3.399e-06) 
Topic 1: Gene909, Gene652, Gene366, Gene10, Gene500 
 Topic 2: Gene652, Gene605, Gene366, Gene698, Gene559 
 Topic 3: Gene500, Gene478, Gene700, Gene673, Gene242 
 Topic 4: Gene605, Gene521, Gene981, Gene909, Gene500 
 Topic 5: Gene242, Gene478, Gene673, Gene500, Gene909 
 Topic 6: Gene765, Gene242, Gene605, Gene521, Gene366 
 Topic 7: Gene242, Gene652, Gene500, Gene981, Gene10 
 Topic 8: Gene366, Gene521, Gene725, Gene242, Gene605 
 Topic 9: Gene698, Gene366, Gene521, Gene143, Gene478 
......................................................................................................
Completed E-Step (11 seconds). 
Completed M-Step (0 seconds). 
calculate log likelihood 
convergence.check is 3.17731e-06 
Completing Iteration 46 (approx. per word bound = -59.060, relative change = 3.177e-06) 
......................................................................................................
Completed E-Step (11 seconds). 
Completed M-Step (0 seconds). 
calculate log likelihood 
convergence.check is 3.309618e-06 
Completing Iteration 47 (approx. per word bound = -59.060, relative change = 3.310e-06) 
......................................................................................................
Completed E-Step (11 seconds). 
Completed M-Step (0 seconds). 
calculate log likelihood 
convergence.check is 3.261989e-06 
Completing Iteration 48 (approx. per word bound = -59.059, relative change = 3.262e-06) 
......................................................................................................
Completed E-Step (11 seconds). 
Completed M-Step (0 seconds). 
calculate log likelihood 
convergence.check is 3.107972e-06 
Completing Iteration 49 (approx. per word bound = -59.059, relative change = 3.108e-06) 
......................................................................................................
Completed E-Step (11 seconds). 
Completed M-Step (0 seconds). 
calculate log likelihood 
convergence.check is 3.035499e-06 
Completing Iteration 50 (approx. per word bound = -59.059, relative change = 3.035e-06) 
Topic 1: Gene909, Gene652, Gene366, Gene10, Gene500 
 Topic 2: Gene652, Gene605, Gene698, Gene366, Gene559 
 Topic 3: Gene478, Gene500, Gene700, Gene673, Gene242 
 Topic 4: Gene605, Gene521, Gene981, Gene500, Gene909 
 Topic 5: Gene242, Gene478, Gene673, Gene909, Gene500 
 Topic 6: Gene765, Gene242, Gene605, Gene521, Gene366 
 Topic 7: Gene242, Gene500, Gene652, Gene10, Gene981 
 Topic 8: Gene366, Gene521, Gene725, Gene242, Gene605 
 Topic 9: Gene698, Gene366, Gene521, Gene143, Gene478 
......................................................................................................
Completed E-Step (11 seconds). 
Completed M-Step (0 seconds). 
calculate log likelihood 
convergence.check is 3.008414e-06 
Completing Iteration 51 (approx. per word bound = -59.059, relative change = 3.008e-06) 
......................................................................................................
Completed E-Step (11 seconds). 
Completed M-Step (0 seconds). 
calculate log likelihood 
convergence.check is 2.692848e-06 
Completing Iteration 52 (approx. per word bound = -59.059, relative change = 2.693e-06) 
......................................................................................................
Completed E-Step (11 seconds). 
Completed M-Step (0 seconds). 
calculate log likelihood 
convergence.check is 2.742015e-06 
Completing Iteration 53 (approx. per word bound = -59.059, relative change = 2.742e-06) 
......................................................................................................
Completed E-Step (11 seconds). 
Completed M-Step (0 seconds). 
calculate log likelihood 
convergence.check is 2.728128e-06 
Completing Iteration 54 (approx. per word bound = -59.058, relative change = 2.728e-06) 
......................................................................................................
Completed E-Step (11 seconds). 
Completed M-Step (0 seconds). 
calculate log likelihood 
convergence.check is 2.708465e-06 
Completing Iteration 55 (approx. per word bound = -59.058, relative change = 2.708e-06) 
Topic 1: Gene909, Gene652, Gene366, Gene10, Gene500 
 Topic 2: Gene652, Gene605, Gene698, Gene366, Gene559 
 Topic 3: Gene478, Gene500, Gene700, Gene673, Gene242 
 Topic 4: Gene605, Gene521, Gene981, Gene500, Gene909 
 Topic 5: Gene242, Gene478, Gene673, Gene909, Gene500 
 Topic 6: Gene765, Gene242, Gene605, Gene521, Gene366 
 Topic 7: Gene242, Gene500, Gene652, Gene10, Gene700 
 Topic 8: Gene366, Gene521, Gene725, Gene242, Gene605 
 Topic 9: Gene698, Gene366, Gene521, Gene143, Gene478 
......................................................................................................
Completed E-Step (11 seconds). 
Completed M-Step (0 seconds). 
calculate log likelihood 
convergence.check is 2.459003e-06 
Completing Iteration 56 (approx. per word bound = -59.058, relative change = 2.459e-06) 
......................................................................................................
Completed E-Step (10 seconds). 
Completed M-Step (0 seconds). 
calculate log likelihood 
convergence.check is 2.300758e-06 
Completing Iteration 57 (approx. per word bound = -59.058, relative change = 2.301e-06) 
......................................................................................................
Completed E-Step (10 seconds). 
Completed M-Step (0 seconds). 
calculate log likelihood 
convergence.check is 2.527238e-06 
Completing Iteration 58 (approx. per word bound = -59.058, relative change = 2.527e-06) 
......................................................................................................
Completed E-Step (10 seconds). 
Completed M-Step (0 seconds). 
calculate log likelihood 
convergence.check is 2.441392e-06 
Completing Iteration 59 (approx. per word bound = -59.058, relative change = 2.441e-06) 
......................................................................................................
Completed E-Step (10 seconds). 
Completed M-Step (0 seconds). 
calculate log likelihood 
convergence.check is 2.300524e-06 
Completing Iteration 60 (approx. per word bound = -59.058, relative change = 2.301e-06) 
Topic 1: Gene909, Gene652, Gene366, Gene10, Gene700 
 Topic 2: Gene652, Gene605, Gene698, Gene366, Gene521 
 Topic 3: Gene478, Gene500, Gene700, Gene673, Gene242 
 Topic 4: Gene605, Gene521, Gene981, Gene500, Gene909 
 Topic 5: Gene242, Gene478, Gene673, Gene909, Gene500 
 Topic 6: Gene765, Gene242, Gene605, Gene521, Gene366 
 Topic 7: Gene242, Gene500, Gene652, Gene700, Gene10 
 Topic 8: Gene366, Gene521, Gene725, Gene242, Gene605 
 Topic 9: Gene698, Gene366, Gene521, Gene143, Gene478 
......................................................................................................
Completed E-Step (10 seconds). 
Completed M-Step (0 seconds). 
calculate log likelihood 
convergence.check is 2.320136e-06 
Completing Iteration 61 (approx. per word bound = -59.057, relative change = 2.320e-06) 
......................................................................................................
Completed E-Step (10 seconds). 
Completed M-Step (0 seconds). 
calculate log likelihood 
convergence.check is 2.232133e-06 
Completing Iteration 62 (approx. per word bound = -59.057, relative change = 2.232e-06) 
......................................................................................................
Completed E-Step (10 seconds). 
Completed M-Step (0 seconds). 
calculate log likelihood 
convergence.check is 2.076316e-06 
Completing Iteration 63 (approx. per word bound = -59.057, relative change = 2.076e-06) 
......................................................................................................
Completed E-Step (10 seconds). 
Completed M-Step (0 seconds). 
calculate log likelihood 
convergence.check is 2.15815e-06 
Completing Iteration 64 (approx. per word bound = -59.057, relative change = 2.158e-06) 
......................................................................................................
Completed E-Step (10 seconds). 
Completed M-Step (0 seconds). 
calculate log likelihood 
convergence.check is 2.039822e-06 
Completing Iteration 65 (approx. per word bound = -59.057, relative change = 2.040e-06) 
Topic 1: Gene909, Gene652, Gene366, Gene10, Gene700 
 Topic 2: Gene652, Gene605, Gene698, Gene366, Gene521 
 Topic 3: Gene478, Gene500, Gene700, Gene673, Gene242 
 Topic 4: Gene605, Gene521, Gene981, Gene500, Gene909 
 Topic 5: Gene242, Gene478, Gene673, Gene909, Gene500 
 Topic 6: Gene765, Gene242, Gene605, Gene521, Gene366 
 Topic 7: Gene242, Gene500, Gene652, Gene909, Gene700 
 Topic 8: Gene366, Gene521, Gene725, Gene242, Gene605 
 Topic 9: Gene698, Gene366, Gene521, Gene143, Gene478 
......................................................................................................
Completed E-Step (10 seconds). 
Completed M-Step (0 seconds). 
calculate log likelihood 
convergence.check is 2.121294e-06 
Completing Iteration 66 (approx. per word bound = -59.057, relative change = 2.121e-06) 
......................................................................................................
Completed E-Step (10 seconds). 
Completed M-Step (0 seconds). 
calculate log likelihood 
convergence.check is 2.021968e-06 
Completing Iteration 67 (approx. per word bound = -59.057, relative change = 2.022e-06) 
......................................................................................................
Completed E-Step (9 seconds). 
Completed M-Step (0 seconds). 
calculate log likelihood 
convergence.check is 1.816456e-06 
Completing Iteration 68 (approx. per word bound = -59.057, relative change = 1.816e-06) 
......................................................................................................
Completed E-Step (12 seconds). 
Completed M-Step (0 seconds). 
calculate log likelihood 
convergence.check is 1.987226e-06 
Completing Iteration 69 (approx. per word bound = -59.056, relative change = 1.987e-06) 
......................................................................................................
Completed E-Step (9 seconds). 
Completed M-Step (0 seconds). 
calculate log likelihood 
convergence.check is 1.846965e-06 
Completing Iteration 70 (approx. per word bound = -59.056, relative change = 1.847e-06) 
Topic 1: Gene909, Gene652, Gene366, Gene10, Gene700 
 Topic 2: Gene652, Gene605, Gene698, Gene366, Gene521 
 Topic 3: Gene478, Gene500, Gene700, Gene673, Gene242 
 Topic 4: Gene605, Gene521, Gene981, Gene500, Gene909 
 Topic 5: Gene242, Gene673, Gene478, Gene909, Gene500 
 Topic 6: Gene765, Gene242, Gene605, Gene521, Gene366 
 Topic 7: Gene242, Gene500, Gene652, Gene909, Gene700 
 Topic 8: Gene366, Gene521, Gene725, Gene242, Gene605 
 Topic 9: Gene698, Gene366, Gene521, Gene143, Gene478 
......................................................................................................
Completed E-Step (9 seconds). 
Completed M-Step (0 seconds). 
calculate log likelihood 
convergence.check is 1.827468e-06 
Completing Iteration 71 (approx. per word bound = -59.056, relative change = 1.827e-06) 
......................................................................................................
Completed E-Step (9 seconds). 
Completed M-Step (0 seconds). 
calculate log likelihood 
convergence.check is 1.517313e-06 
Completing Iteration 72 (approx. per word bound = -59.056, relative change = 1.517e-06) 
......................................................................................................
Completed E-Step (9 seconds). 
Completed M-Step (0 seconds). 
calculate log likelihood 
convergence.check is 1.296369e-06 
Completing Iteration 73 (approx. per word bound = -59.056, relative change = 1.296e-06) 
......................................................................................................
Completed E-Step (9 seconds). 
Completed M-Step (0 seconds). 
calculate log likelihood 
convergence.check is 1.456046e-06 
Completing Iteration 74 (approx. per word bound = -59.056, relative change = 1.456e-06) 
......................................................................................................
Completed E-Step (9 seconds). 
Completed M-Step (0 seconds). 
calculate log likelihood 
convergence.check is 1.573925e-06 
Completing Iteration 75 (approx. per word bound = -59.056, relative change = 1.574e-06) 
Topic 1: Gene909, Gene652, Gene366, Gene10, Gene700 
 Topic 2: Gene652, Gene605, Gene698, Gene366, Gene521 
 Topic 3: Gene478, Gene500, Gene700, Gene673, Gene242 
 Topic 4: Gene605, Gene521, Gene981, Gene500, Gene366 
 Topic 5: Gene242, Gene673, Gene478, Gene909, Gene500 
 Topic 6: Gene765, Gene242, Gene605, Gene521, Gene366 
 Topic 7: Gene242, Gene500, Gene652, Gene909, Gene700 
 Topic 8: Gene366, Gene521, Gene725, Gene242, Gene605 
 Topic 9: Gene698, Gene366, Gene521, Gene143, Gene478 
......................................................................................................
Completed E-Step (9 seconds). 
Completed M-Step (0 seconds). 
calculate log likelihood 
convergence.check is 1.491957e-06 
Completing Iteration 76 (approx. per word bound = -59.056, relative change = 1.492e-06) 
......................................................................................................
Completed E-Step (9 seconds). 
Completed M-Step (0 seconds). 
calculate log likelihood 
convergence.check is 1.371476e-06 
Completing Iteration 77 (approx. per word bound = -59.056, relative change = 1.371e-06) 
......................................................................................................
Completed E-Step (9 seconds). 
Completed M-Step (0 seconds). 
calculate log likelihood 
convergence.check is 1.449333e-06 
Completing Iteration 78 (approx. per word bound = -59.056, relative change = 1.449e-06) 
......................................................................................................
Completed E-Step (9 seconds). 
Completed M-Step (0 seconds). 
calculate log likelihood 
convergence.check is 1.522685e-06 
Completing Iteration 79 (approx. per word bound = -59.056, relative change = 1.523e-06) 
......................................................................................................
Completed E-Step (9 seconds). 
Completed M-Step (0 seconds). 
calculate log likelihood 
convergence.check is 1.387873e-06 
Completing Iteration 80 (approx. per word bound = -59.056, relative change = 1.388e-06) 
Topic 1: Gene909, Gene652, Gene366, Gene10, Gene700 
 Topic 2: Gene652, Gene605, Gene698, Gene366, Gene521 
 Topic 3: Gene478, Gene500, Gene700, Gene673, Gene242 
 Topic 4: Gene605, Gene521, Gene981, Gene500, Gene366 
 Topic 5: Gene242, Gene673, Gene478, Gene909, Gene500 
 Topic 6: Gene765, Gene242, Gene605, Gene521, Gene366 
 Topic 7: Gene242, Gene500, Gene652, Gene909, Gene700 
 Topic 8: Gene366, Gene521, Gene725, Gene242, Gene605 
 Topic 9: Gene698, Gene366, Gene521, Gene143, Gene478 
......................................................................................................
Completed E-Step (8 seconds). 
Completed M-Step (0 seconds). 
calculate log likelihood 
convergence.check is 1.266414e-06 
Completing Iteration 81 (approx. per word bound = -59.055, relative change = 1.266e-06) 
......................................................................................................
Completed E-Step (8 seconds). 
Completed M-Step (0 seconds). 
calculate log likelihood 
convergence.check is 1.546523e-06 
Completing Iteration 82 (approx. per word bound = -59.055, relative change = 1.547e-06) 
......................................................................................................
Completed E-Step (8 seconds). 
Completed M-Step (0 seconds). 
calculate log likelihood 
convergence.check is 1.186989e-06 
Completing Iteration 83 (approx. per word bound = -59.055, relative change = 1.187e-06) 
......................................................................................................
Completed E-Step (8 seconds). 
Completed M-Step (0 seconds). 
calculate log likelihood 
convergence.check is 1.324765e-06 
Completing Iteration 84 (approx. per word bound = -59.055, relative change = 1.325e-06) 
......................................................................................................
Completed E-Step (8 seconds). 
Completed M-Step (0 seconds). 
calculate log likelihood 
convergence.check is 1.023793e-06 
Completing Iteration 85 (approx. per word bound = -59.055, relative change = 1.024e-06) 
Topic 1: Gene909, Gene652, Gene366, Gene10, Gene700 
 Topic 2: Gene652, Gene605, Gene698, Gene366, Gene521 
 Topic 3: Gene478, Gene500, Gene700, Gene673, Gene242 
 Topic 4: Gene605, Gene521, Gene981, Gene500, Gene366 
 Topic 5: Gene242, Gene673, Gene478, Gene909, Gene500 
 Topic 6: Gene242, Gene765, Gene605, Gene521, Gene366 
 Topic 7: Gene242, Gene500, Gene652, Gene909, Gene700 
 Topic 8: Gene366, Gene521, Gene725, Gene242, Gene605 
 Topic 9: Gene698, Gene366, Gene521, Gene143, Gene478 
......................................................................................................
Completed E-Step (8 seconds). 
Completed M-Step (0 seconds). 
calculate log likelihood 
convergence.check is 1.187488e-06 
Completing Iteration 86 (approx. per word bound = -59.055, relative change = 1.187e-06) 
......................................................................................................
Completed E-Step (8 seconds). 
Completed M-Step (0 seconds). 
calculate log likelihood 
convergence.check is 1.064034e-06 
Completing Iteration 87 (approx. per word bound = -59.055, relative change = 1.064e-06) 
......................................................................................................
Completed E-Step (8 seconds). 
Completed M-Step (0 seconds). 
calculate log likelihood 
convergence.check is 1.227874e-06 
Completing Iteration 88 (approx. per word bound = -59.055, relative change = 1.228e-06) 
......................................................................................................
Completed E-Step (8 seconds). 
Completed M-Step (0 seconds). 
calculate log likelihood 
convergence.check is 9.02916e-07 
Model Converged 
3 select model run 
Initialization with topicScore. 
Initializing factors using Topic SCORE algorithm.
Initializing loadings by running 10 SCD updates.
......................................................................................................
Completed E-Step (23 seconds). 
Completed M-Step (0 seconds). 
calculate log likelihood 
Completing Iteration 1 (approx. per word bound = -59.088) 
......................................................................................................
Completed E-Step (20 seconds). 
Completed M-Step (0 seconds). 
calculate log likelihood 
convergence.check is 5.059177e-05 
Completing Iteration 2 (approx. per word bound = -59.085, relative change = 5.059e-05) 
......................................................................................................
Completed E-Step (21 seconds). 
Completed M-Step (0 seconds). 
calculate log likelihood 
convergence.check is 3.832957e-05 
Completing Iteration 3 (approx. per word bound = -59.083, relative change = 3.833e-05) 
......................................................................................................
Completed E-Step (20 seconds). 
Completed M-Step (0 seconds). 
calculate log likelihood 
convergence.check is 3.527321e-05 
Completing Iteration 4 (approx. per word bound = -59.081, relative change = 3.527e-05) 
......................................................................................................
Completed E-Step (21 seconds). 
Completed M-Step (0 seconds). 
calculate log likelihood 
convergence.check is 3.226004e-05 
Completing Iteration 5 (approx. per word bound = -59.079, relative change = 3.226e-05) 
Topic 1: Gene652, Gene909, Gene366, Gene478, Gene559 
 Topic 2: Gene909, Gene366, Gene500, Gene981, Gene652 
 Topic 3: Gene500, Gene700, Gene250, Gene763, Gene521 
 Topic 4: Gene909, Gene652, Gene242, Gene500, Gene261 
 Topic 5: Gene698, Gene521, Gene605, Gene500, Gene366 
 Topic 6: Gene500, Gene652, Gene242, Gene698, Gene981 
 Topic 7: Gene242, Gene765, Gene366, Gene605, Gene909 
 Topic 8: Gene242, Gene366, Gene725, Gene652, Gene521 
 Topic 9: Gene698, Gene478, Gene673, Gene500, Gene700 
......................................................................................................
Completed E-Step (20 seconds). 
Completed M-Step (0 seconds). 
calculate log likelihood 
convergence.check is 2.964232e-05 
Completing Iteration 6 (approx. per word bound = -59.077, relative change = 2.964e-05) 
......................................................................................................
Completed E-Step (20 seconds). 
Completed M-Step (0 seconds). 
calculate log likelihood 
convergence.check is 2.73155e-05 
Completing Iteration 7 (approx. per word bound = -59.076, relative change = 2.732e-05) 
......................................................................................................
Completed E-Step (20 seconds). 
Completed M-Step (0 seconds). 
calculate log likelihood 
convergence.check is 2.544329e-05 
Completing Iteration 8 (approx. per word bound = -59.074, relative change = 2.544e-05) 
......................................................................................................
Completed E-Step (20 seconds). 
Completed M-Step (0 seconds). 
calculate log likelihood 
convergence.check is 2.317434e-05 
Completing Iteration 9 (approx. per word bound = -59.073, relative change = 2.317e-05) 
......................................................................................................
Completed E-Step (20 seconds). 
Completed M-Step (0 seconds). 
calculate log likelihood 
convergence.check is 2.106347e-05 
Completing Iteration 10 (approx. per word bound = -59.071, relative change = 2.106e-05) 
Topic 1: Gene652, Gene909, Gene366, Gene478, Gene559 
 Topic 2: Gene909, Gene366, Gene652, Gene500, Gene981 
 Topic 3: Gene500, Gene700, Gene250, Gene763, Gene521 
 Topic 4: Gene909, Gene652, Gene242, Gene981, Gene261 
 Topic 5: Gene698, Gene521, Gene605, Gene500, Gene366 
 Topic 6: Gene500, Gene698, Gene652, Gene242, Gene981 
 Topic 7: Gene242, Gene765, Gene366, Gene605, Gene10 
 Topic 8: Gene242, Gene366, Gene725, Gene652, Gene521 
 Topic 9: Gene698, Gene478, Gene673, Gene500, Gene700 
......................................................................................................
Completed E-Step (19 seconds). 
Completed M-Step (0 seconds). 
calculate log likelihood 
convergence.check is 1.907514e-05 
Completing Iteration 11 (approx. per word bound = -59.070, relative change = 1.908e-05) 
......................................................................................................
Completed E-Step (19 seconds). 
Completed M-Step (0 seconds). 
calculate log likelihood 
convergence.check is 1.771344e-05 
Completing Iteration 12 (approx. per word bound = -59.069, relative change = 1.771e-05) 
......................................................................................................
Completed E-Step (19 seconds). 
Completed M-Step (0 seconds). 
calculate log likelihood 
convergence.check is 1.593518e-05 
Completing Iteration 13 (approx. per word bound = -59.068, relative change = 1.594e-05) 
......................................................................................................
Completed E-Step (19 seconds). 
Completed M-Step (0 seconds). 
calculate log likelihood 
convergence.check is 1.454932e-05 
Completing Iteration 14 (approx. per word bound = -59.067, relative change = 1.455e-05) 
......................................................................................................
Completed E-Step (19 seconds). 
Completed M-Step (0 seconds). 
calculate log likelihood 
convergence.check is 1.331699e-05 
Completing Iteration 15 (approx. per word bound = -59.067, relative change = 1.332e-05) 
Topic 1: Gene652, Gene909, Gene366, Gene478, Gene559 
 Topic 2: Gene909, Gene366, Gene652, Gene698, Gene270 
 Topic 3: Gene500, Gene700, Gene763, Gene521, Gene250 
 Topic 4: Gene909, Gene242, Gene652, Gene981, Gene500 
 Topic 5: Gene698, Gene521, Gene605, Gene500, Gene366 
 Topic 6: Gene698, Gene500, Gene652, Gene242, Gene981 
 Topic 7: Gene242, Gene765, Gene366, Gene605, Gene10 
 Topic 8: Gene242, Gene366, Gene725, Gene652, Gene521 
 Topic 9: Gene698, Gene478, Gene673, Gene500, Gene700 
......................................................................................................
Completed E-Step (18 seconds). 
Completed M-Step (0 seconds). 
calculate log likelihood 
convergence.check is 1.227115e-05 
Completing Iteration 16 (approx. per word bound = -59.066, relative change = 1.227e-05) 
......................................................................................................
Completed E-Step (17 seconds). 
Completed M-Step (0 seconds). 
calculate log likelihood 
convergence.check is 1.146154e-05 
Completing Iteration 17 (approx. per word bound = -59.065, relative change = 1.146e-05) 
......................................................................................................
Completed E-Step (17 seconds). 
Completed M-Step (0 seconds). 
calculate log likelihood 
convergence.check is 1.064641e-05 
Completing Iteration 18 (approx. per word bound = -59.065, relative change = 1.065e-05) 
......................................................................................................
Completed E-Step (17 seconds). 
Completed M-Step (0 seconds). 
calculate log likelihood 
convergence.check is 1.01103e-05 
Completing Iteration 19 (approx. per word bound = -59.064, relative change = 1.011e-05) 
......................................................................................................
Completed E-Step (19 seconds). 
Completed M-Step (0 seconds). 
calculate log likelihood 
convergence.check is 9.416764e-06 
Completing Iteration 20 (approx. per word bound = -59.063, relative change = 9.417e-06) 
Topic 1: Gene652, Gene909, Gene366, Gene478, Gene559 
 Topic 2: Gene909, Gene366, Gene652, Gene698, Gene270 
 Topic 3: Gene500, Gene700, Gene763, Gene521, Gene250 
 Topic 4: Gene909, Gene242, Gene652, Gene981, Gene500 
 Topic 5: Gene698, Gene521, Gene605, Gene500, Gene366 
 Topic 6: Gene698, Gene500, Gene652, Gene242, Gene981 
 Topic 7: Gene242, Gene765, Gene366, Gene605, Gene10 
 Topic 8: Gene242, Gene366, Gene725, Gene521, Gene652 
 Topic 9: Gene698, Gene478, Gene673, Gene500, Gene700 
......................................................................................................
Completed E-Step (16 seconds). 
Completed M-Step (0 seconds). 
calculate log likelihood 
convergence.check is 8.920615e-06 
Completing Iteration 21 (approx. per word bound = -59.063, relative change = 8.921e-06) 
......................................................................................................
Completed E-Step (16 seconds). 
Completed M-Step (0 seconds). 
calculate log likelihood 
convergence.check is 8.460005e-06 
Completing Iteration 22 (approx. per word bound = -59.062, relative change = 8.460e-06) 
......................................................................................................
Completed E-Step (16 seconds). 
Completed M-Step (0 seconds). 
calculate log likelihood 
convergence.check is 7.902677e-06 
Completing Iteration 23 (approx. per word bound = -59.062, relative change = 7.903e-06) 
......................................................................................................
Completed E-Step (15 seconds). 
Completed M-Step (0 seconds). 
calculate log likelihood 
convergence.check is 7.691965e-06 
Completing Iteration 24 (approx. per word bound = -59.062, relative change = 7.692e-06) 
......................................................................................................
Completed E-Step (15 seconds). 
Completed M-Step (0 seconds). 
calculate log likelihood 
convergence.check is 7.267129e-06 
Completing Iteration 25 (approx. per word bound = -59.061, relative change = 7.267e-06) 
Topic 1: Gene652, Gene909, Gene366, Gene478, Gene559 
 Topic 2: Gene909, Gene366, Gene698, Gene652, Gene270 
 Topic 3: Gene500, Gene700, Gene521, Gene763, Gene725 
 Topic 4: Gene909, Gene242, Gene652, Gene981, Gene500 
 Topic 5: Gene698, Gene521, Gene605, Gene500, Gene366 
 Topic 6: Gene698, Gene652, Gene500, Gene242, Gene981 
 Topic 7: Gene242, Gene765, Gene366, Gene605, Gene10 
 Topic 8: Gene242, Gene366, Gene725, Gene521, Gene652 
 Topic 9: Gene698, Gene478, Gene673, Gene500, Gene700 
......................................................................................................
Completed E-Step (15 seconds). 
Completed M-Step (0 seconds). 
calculate log likelihood 
convergence.check is 7.335207e-06 
Completing Iteration 26 (approx. per word bound = -59.061, relative change = 7.335e-06) 
......................................................................................................
Completed E-Step (15 seconds). 
Completed M-Step (0 seconds). 
calculate log likelihood 
convergence.check is 6.638818e-06 
Completing Iteration 27 (approx. per word bound = -59.060, relative change = 6.639e-06) 
......................................................................................................
Completed E-Step (15 seconds). 
Completed M-Step (0 seconds). 
calculate log likelihood 
convergence.check is 6.627798e-06 
Completing Iteration 28 (approx. per word bound = -59.060, relative change = 6.628e-06) 
......................................................................................................
Completed E-Step (14 seconds). 
Completed M-Step (0 seconds). 
calculate log likelihood 
convergence.check is 6.284249e-06 
Completing Iteration 29 (approx. per word bound = -59.060, relative change = 6.284e-06) 
......................................................................................................
Completed E-Step (14 seconds). 
Completed M-Step (0 seconds). 
calculate log likelihood 
convergence.check is 6.300251e-06 
Completing Iteration 30 (approx. per word bound = -59.059, relative change = 6.300e-06) 
Topic 1: Gene652, Gene909, Gene478, Gene366, Gene559 
 Topic 2: Gene909, Gene366, Gene698, Gene652, Gene270 
 Topic 3: Gene500, Gene700, Gene521, Gene763, Gene725 
 Topic 4: Gene909, Gene242, Gene652, Gene981, Gene500 
 Topic 5: Gene698, Gene521, Gene605, Gene500, Gene366 
 Topic 6: Gene698, Gene652, Gene500, Gene242, Gene981 
 Topic 7: Gene242, Gene765, Gene366, Gene605, Gene10 
 Topic 8: Gene242, Gene366, Gene521, Gene725, Gene652 
 Topic 9: Gene698, Gene478, Gene673, Gene500, Gene242 
......................................................................................................
Completed E-Step (14 seconds). 
Completed M-Step (0 seconds). 
calculate log likelihood 
convergence.check is 5.779446e-06 
Completing Iteration 31 (approx. per word bound = -59.059, relative change = 5.779e-06) 
......................................................................................................
Completed E-Step (14 seconds). 
Completed M-Step (0 seconds). 
calculate log likelihood 
convergence.check is 5.714918e-06 
Completing Iteration 32 (approx. per word bound = -59.058, relative change = 5.715e-06) 
......................................................................................................
Completed E-Step (14 seconds). 
Completed M-Step (0 seconds). 
calculate log likelihood 
convergence.check is 5.554263e-06 
Completing Iteration 33 (approx. per word bound = -59.058, relative change = 5.554e-06) 
......................................................................................................
Completed E-Step (14 seconds). 
Completed M-Step (0 seconds). 
calculate log likelihood 
convergence.check is 5.426219e-06 
Completing Iteration 34 (approx. per word bound = -59.058, relative change = 5.426e-06) 
......................................................................................................
Completed E-Step (14 seconds). 
Completed M-Step (0 seconds). 
calculate log likelihood 
convergence.check is 5.204364e-06 
Completing Iteration 35 (approx. per word bound = -59.058, relative change = 5.204e-06) 
Topic 1: Gene909, Gene652, Gene478, Gene366, Gene673 
 Topic 2: Gene909, Gene366, Gene698, Gene652, Gene270 
 Topic 3: Gene500, Gene700, Gene521, Gene763, Gene725 
 Topic 4: Gene242, Gene909, Gene652, Gene981, Gene500 
 Topic 5: Gene698, Gene521, Gene605, Gene500, Gene366 
 Topic 6: Gene698, Gene652, Gene500, Gene242, Gene981 
 Topic 7: Gene242, Gene765, Gene605, Gene366, Gene10 
 Topic 8: Gene242, Gene366, Gene521, Gene725, Gene652 
 Topic 9: Gene698, Gene478, Gene673, Gene500, Gene242 
......................................................................................................
Completed E-Step (13 seconds). 
Completed M-Step (0 seconds). 
calculate log likelihood 
convergence.check is 5.233059e-06 
Completing Iteration 36 (approx. per word bound = -59.057, relative change = 5.233e-06) 
......................................................................................................
Completed E-Step (13 seconds). 
Completed M-Step (0 seconds). 
calculate log likelihood 
convergence.check is 4.661631e-06 
Completing Iteration 37 (approx. per word bound = -59.057, relative change = 4.662e-06) 
......................................................................................................
Completed E-Step (13 seconds). 
Completed M-Step (0 seconds). 
calculate log likelihood 
convergence.check is 4.628469e-06 
Completing Iteration 38 (approx. per word bound = -59.057, relative change = 4.628e-06) 
......................................................................................................
Completed E-Step (13 seconds). 
Completed M-Step (0 seconds). 
calculate log likelihood 
convergence.check is 4.427652e-06 
Completing Iteration 39 (approx. per word bound = -59.056, relative change = 4.428e-06) 
......................................................................................................
Completed E-Step (12 seconds). 
Completed M-Step (0 seconds). 
calculate log likelihood 
convergence.check is 4.172831e-06 
Completing Iteration 40 (approx. per word bound = -59.056, relative change = 4.173e-06) 
Topic 1: Gene909, Gene652, Gene478, Gene366, Gene673 
 Topic 2: Gene909, Gene366, Gene698, Gene652, Gene270 
 Topic 3: Gene500, Gene700, Gene521, Gene763, Gene725 
 Topic 4: Gene242, Gene909, Gene652, Gene981, Gene500 
 Topic 5: Gene698, Gene521, Gene605, Gene500, Gene366 
 Topic 6: Gene698, Gene652, Gene242, Gene500, Gene981 
 Topic 7: Gene242, Gene765, Gene605, Gene366, Gene10 
 Topic 8: Gene242, Gene366, Gene521, Gene725, Gene652 
 Topic 9: Gene698, Gene478, Gene673, Gene500, Gene242 
......................................................................................................
Completed E-Step (12 seconds). 
Completed M-Step (0 seconds). 
calculate log likelihood 
convergence.check is 4.438849e-06 
Completing Iteration 41 (approx. per word bound = -59.056, relative change = 4.439e-06) 
......................................................................................................
Completed E-Step (12 seconds). 
Completed M-Step (0 seconds). 
calculate log likelihood 
convergence.check is 3.986694e-06 
Completing Iteration 42 (approx. per word bound = -59.056, relative change = 3.987e-06) 
......................................................................................................
Completed E-Step (12 seconds). 
Completed M-Step (0 seconds). 
calculate log likelihood 
convergence.check is 3.818598e-06 
Completing Iteration 43 (approx. per word bound = -59.055, relative change = 3.819e-06) 
......................................................................................................
Completed E-Step (12 seconds). 
Completed M-Step (0 seconds). 
calculate log likelihood 
convergence.check is 3.729732e-06 
Completing Iteration 44 (approx. per word bound = -59.055, relative change = 3.730e-06) 
......................................................................................................
Completed E-Step (12 seconds). 
Completed M-Step (0 seconds). 
calculate log likelihood 
convergence.check is 3.427936e-06 
Completing Iteration 45 (approx. per word bound = -59.055, relative change = 3.428e-06) 
Topic 1: Gene909, Gene652, Gene478, Gene366, Gene673 
 Topic 2: Gene909, Gene366, Gene698, Gene652, Gene270 
 Topic 3: Gene500, Gene700, Gene521, Gene763, Gene725 
 Topic 4: Gene242, Gene909, Gene652, Gene981, Gene500 
 Topic 5: Gene698, Gene521, Gene605, Gene500, Gene366 
 Topic 6: Gene698, Gene652, Gene242, Gene500, Gene981 
 Topic 7: Gene242, Gene765, Gene605, Gene366, Gene909 
 Topic 8: Gene242, Gene366, Gene521, Gene725, Gene652 
 Topic 9: Gene698, Gene478, Gene673, Gene500, Gene242 
......................................................................................................
Completed E-Step (12 seconds). 
Completed M-Step (0 seconds). 
calculate log likelihood 
convergence.check is 3.332665e-06 
Completing Iteration 46 (approx. per word bound = -59.055, relative change = 3.333e-06) 
......................................................................................................
Completed E-Step (12 seconds). 
Completed M-Step (0 seconds). 
calculate log likelihood 
convergence.check is 3.364739e-06 
Completing Iteration 47 (approx. per word bound = -59.055, relative change = 3.365e-06) 
......................................................................................................
Completed E-Step (11 seconds). 
Completed M-Step (0 seconds). 
calculate log likelihood 
convergence.check is 3.018591e-06 
Completing Iteration 48 (approx. per word bound = -59.054, relative change = 3.019e-06) 
......................................................................................................
Completed E-Step (11 seconds). 
Completed M-Step (0 seconds). 
calculate log likelihood 
convergence.check is 3.48526e-06 
Completing Iteration 49 (approx. per word bound = -59.054, relative change = 3.485e-06) 
......................................................................................................
Completed E-Step (11 seconds). 
Completed M-Step (0 seconds). 
calculate log likelihood 
convergence.check is 2.731256e-06 
Completing Iteration 50 (approx. per word bound = -59.054, relative change = 2.731e-06) 
Topic 1: Gene909, Gene652, Gene478, Gene366, Gene673 
 Topic 2: Gene909, Gene366, Gene698, Gene652, Gene270 
 Topic 3: Gene500, Gene700, Gene521, Gene763, Gene725 
 Topic 4: Gene242, Gene909, Gene652, Gene981, Gene500 
 Topic 5: Gene698, Gene521, Gene605, Gene500, Gene366 
 Topic 6: Gene698, Gene652, Gene242, Gene500, Gene981 
 Topic 7: Gene242, Gene765, Gene605, Gene909, Gene10 
 Topic 8: Gene242, Gene366, Gene521, Gene725, Gene652 
 Topic 9: Gene698, Gene478, Gene673, Gene500, Gene242 
......................................................................................................
Completed E-Step (11 seconds). 
Completed M-Step (0 seconds). 
calculate log likelihood 
convergence.check is 2.697931e-06 
Completing Iteration 51 (approx. per word bound = -59.054, relative change = 2.698e-06) 
......................................................................................................
Completed E-Step (11 seconds). 
Completed M-Step (0 seconds). 
calculate log likelihood 
convergence.check is 2.827663e-06 
Completing Iteration 52 (approx. per word bound = -59.054, relative change = 2.828e-06) 
......................................................................................................
Completed E-Step (11 seconds). 
Completed M-Step (0 seconds). 
calculate log likelihood 
convergence.check is 2.537546e-06 
Completing Iteration 53 (approx. per word bound = -59.054, relative change = 2.538e-06) 
......................................................................................................
Completed E-Step (11 seconds). 
Completed M-Step (0 seconds). 
calculate log likelihood 
convergence.check is 2.559616e-06 
Completing Iteration 54 (approx. per word bound = -59.053, relative change = 2.560e-06) 
......................................................................................................
Completed E-Step (11 seconds). 
Completed M-Step (0 seconds). 
calculate log likelihood 
convergence.check is 2.280864e-06 
Completing Iteration 55 (approx. per word bound = -59.053, relative change = 2.281e-06) 
Topic 1: Gene909, Gene652, Gene478, Gene366, Gene673 
 Topic 2: Gene909, Gene366, Gene698, Gene652, Gene270 
 Topic 3: Gene500, Gene700, Gene521, Gene763, Gene725 
 Topic 4: Gene242, Gene909, Gene652, Gene981, Gene500 
 Topic 5: Gene698, Gene521, Gene605, Gene500, Gene366 
 Topic 6: Gene698, Gene652, Gene242, Gene500, Gene981 
 Topic 7: Gene242, Gene765, Gene605, Gene909, Gene10 
 Topic 8: Gene242, Gene366, Gene521, Gene725, Gene652 
 Topic 9: Gene698, Gene478, Gene673, Gene500, Gene242 
......................................................................................................
Completed E-Step (11 seconds). 
Completed M-Step (0 seconds). 
calculate log likelihood 
convergence.check is 2.182041e-06 
Completing Iteration 56 (approx. per word bound = -59.053, relative change = 2.182e-06) 
......................................................................................................
Completed E-Step (10 seconds). 
Completed M-Step (0 seconds). 
calculate log likelihood 
convergence.check is 2.293869e-06 
Completing Iteration 57 (approx. per word bound = -59.053, relative change = 2.294e-06) 
......................................................................................................
Completed E-Step (10 seconds). 
Completed M-Step (0 seconds). 
calculate log likelihood 
convergence.check is 2.062557e-06 
Completing Iteration 58 (approx. per word bound = -59.053, relative change = 2.063e-06) 
......................................................................................................
Completed E-Step (10 seconds). 
Completed M-Step (0 seconds). 
calculate log likelihood 
convergence.check is 1.948868e-06 
Completing Iteration 59 (approx. per word bound = -59.053, relative change = 1.949e-06) 
......................................................................................................
Completed E-Step (10 seconds). 
Completed M-Step (0 seconds). 
calculate log likelihood 
convergence.check is 2.021714e-06 
Completing Iteration 60 (approx. per word bound = -59.053, relative change = 2.022e-06) 
Topic 1: Gene909, Gene652, Gene478, Gene366, Gene673 
 Topic 2: Gene909, Gene366, Gene698, Gene652, Gene270 
 Topic 3: Gene500, Gene700, Gene521, Gene763, Gene725 
 Topic 4: Gene242, Gene909, Gene652, Gene981, Gene500 
 Topic 5: Gene698, Gene521, Gene605, Gene500, Gene366 
 Topic 6: Gene698, Gene652, Gene242, Gene500, Gene981 
 Topic 7: Gene242, Gene765, Gene909, Gene605, Gene652 
 Topic 8: Gene242, Gene366, Gene521, Gene725, Gene652 
 Topic 9: Gene698, Gene478, Gene673, Gene500, Gene242 
......................................................................................................
Completed E-Step (10 seconds). 
Completed M-Step (0 seconds). 
calculate log likelihood 
convergence.check is 1.725303e-06 
Completing Iteration 61 (approx. per word bound = -59.053, relative change = 1.725e-06) 
......................................................................................................
Completed E-Step (10 seconds). 
Completed M-Step (0 seconds). 
calculate log likelihood 
convergence.check is 1.683898e-06 
Completing Iteration 62 (approx. per word bound = -59.052, relative change = 1.684e-06) 
......................................................................................................
Completed E-Step (11 seconds). 
Completed M-Step (0 seconds). 
calculate log likelihood 
convergence.check is 1.671176e-06 
Completing Iteration 63 (approx. per word bound = -59.052, relative change = 1.671e-06) 
......................................................................................................
Completed E-Step (10 seconds). 
Completed M-Step (0 seconds). 
calculate log likelihood 
convergence.check is 1.793213e-06 
Completing Iteration 64 (approx. per word bound = -59.052, relative change = 1.793e-06) 
......................................................................................................
Completed E-Step (9 seconds). 
Completed M-Step (0 seconds). 
calculate log likelihood 
convergence.check is 1.667807e-06 
Completing Iteration 65 (approx. per word bound = -59.052, relative change = 1.668e-06) 
Topic 1: Gene909, Gene652, Gene478, Gene366, Gene673 
 Topic 2: Gene909, Gene366, Gene698, Gene652, Gene270 
 Topic 3: Gene500, Gene700, Gene521, Gene763, Gene725 
 Topic 4: Gene242, Gene909, Gene652, Gene981, Gene500 
 Topic 5: Gene698, Gene521, Gene605, Gene500, Gene366 
 Topic 6: Gene698, Gene652, Gene242, Gene500, Gene981 
 Topic 7: Gene242, Gene765, Gene909, Gene605, Gene652 
 Topic 8: Gene242, Gene366, Gene521, Gene725, Gene652 
 Topic 9: Gene698, Gene478, Gene673, Gene500, Gene242 
......................................................................................................
Completed E-Step (9 seconds). 
Completed M-Step (0 seconds). 
calculate log likelihood 
convergence.check is 1.527135e-06 
Completing Iteration 66 (approx. per word bound = -59.052, relative change = 1.527e-06) 
......................................................................................................
Completed E-Step (9 seconds). 
Completed M-Step (0 seconds). 
calculate log likelihood 
convergence.check is 1.442048e-06 
Completing Iteration 67 (approx. per word bound = -59.052, relative change = 1.442e-06) 
......................................................................................................
Completed E-Step (9 seconds). 
Completed M-Step (0 seconds). 
calculate log likelihood 
convergence.check is 1.356545e-06 
Completing Iteration 68 (approx. per word bound = -59.052, relative change = 1.357e-06) 
......................................................................................................
Completed E-Step (7 seconds). 
Completed M-Step (0 seconds). 
calculate log likelihood 
convergence.check is 1.442888e-06 
Completing Iteration 69 (approx. per word bound = -59.052, relative change = 1.443e-06) 
......................................................................................................
Completed E-Step (6 seconds). 
Completed M-Step (0 seconds). 
calculate log likelihood 
convergence.check is 1.37189e-06 
Completing Iteration 70 (approx. per word bound = -59.052, relative change = 1.372e-06) 
Topic 1: Gene909, Gene652, Gene478, Gene366, Gene673 
 Topic 2: Gene909, Gene366, Gene698, Gene652, Gene270 
 Topic 3: Gene500, Gene700, Gene521, Gene763, Gene725 
 Topic 4: Gene242, Gene909, Gene652, Gene981, Gene500 
 Topic 5: Gene521, Gene698, Gene605, Gene500, Gene366 
 Topic 6: Gene698, Gene652, Gene242, Gene500, Gene981 
 Topic 7: Gene242, Gene765, Gene909, Gene652, Gene605 
 Topic 8: Gene242, Gene366, Gene521, Gene652, Gene725 
 Topic 9: Gene698, Gene478, Gene673, Gene500, Gene242 
......................................................................................................
Completed E-Step (6 seconds). 
Completed M-Step (0 seconds). 
calculate log likelihood 
convergence.check is 1.262764e-06 
Completing Iteration 71 (approx. per word bound = -59.052, relative change = 1.263e-06) 
......................................................................................................
Completed E-Step (5 seconds). 
Completed M-Step (0 seconds). 
calculate log likelihood 
convergence.check is 1.158611e-06 
Completing Iteration 72 (approx. per word bound = -59.052, relative change = 1.159e-06) 
......................................................................................................
Completed E-Step (5 seconds). 
Completed M-Step (0 seconds). 
calculate log likelihood 
convergence.check is 1.267709e-06 
Completing Iteration 73 (approx. per word bound = -59.052, relative change = 1.268e-06) 
......................................................................................................
Completed E-Step (5 seconds). 
Completed M-Step (0 seconds). 
calculate log likelihood 
convergence.check is 1.114724e-06 
Completing Iteration 74 (approx. per word bound = -59.051, relative change = 1.115e-06) 
......................................................................................................
Completed E-Step (5 seconds). 
Completed M-Step (0 seconds). 
calculate log likelihood 
convergence.check is 1.085963e-06 
Completing Iteration 75 (approx. per word bound = -59.051, relative change = 1.086e-06) 
Topic 1: Gene909, Gene652, Gene478, Gene366, Gene673 
 Topic 2: Gene909, Gene366, Gene698, Gene652, Gene270 
 Topic 3: Gene500, Gene700, Gene521, Gene725, Gene763 
 Topic 4: Gene242, Gene909, Gene652, Gene981, Gene500 
 Topic 5: Gene521, Gene698, Gene605, Gene500, Gene366 
 Topic 6: Gene698, Gene652, Gene242, Gene500, Gene981 
 Topic 7: Gene242, Gene765, Gene909, Gene652, Gene605 
 Topic 8: Gene242, Gene366, Gene521, Gene652, Gene725 
 Topic 9: Gene698, Gene478, Gene673, Gene500, Gene242 
......................................................................................................
Completed E-Step (6 seconds). 
Completed M-Step (0 seconds). 
calculate log likelihood 
convergence.check is 1.028998e-06 
Completing Iteration 76 (approx. per word bound = -59.051, relative change = 1.029e-06) 
......................................................................................................
Completed E-Step (9 seconds). 
Completed M-Step (0 seconds). 
calculate log likelihood 
convergence.check is 1.175056e-06 
Completing Iteration 77 (approx. per word bound = -59.051, relative change = 1.175e-06) 
......................................................................................................
Completed E-Step (9 seconds). 
Completed M-Step (0 seconds). 
calculate log likelihood 
convergence.check is 1.013391e-06 
Completing Iteration 78 (approx. per word bound = -59.051, relative change = 1.013e-06) 
......................................................................................................
Completed E-Step (9 seconds). 
Completed M-Step (0 seconds). 
calculate log likelihood 
convergence.check is 9.861111e-07 
Model Converged 
