sims_1715974451_neg_L1_c9.rds 
Found 6 batches
Using null model in ComBat-seq.
Adjusting for 0 covariate(s) or covariate level(s)
Estimating dispersions
Fitting the GLM model
Shrinkage off - using GLM estimates for parameters
Adjusting the data
Batch Effect Removed 
        R/alignCorpus.R R/asSTMCorpus.R R/checkBeta.R R/cloud.R
value   ?               ?               ?             ?        
visible FALSE           FALSE           FALSE         FALSE    
        R/CompositionChange.R R/convertCorpus.R R/estimateEffect.R
value   ?                     ?                 ?                 
visible FALSE                 FALSE             FALSE             
        R/estimateMixedEffect.R R/exclusivity.R R/findThoughts.R R/findTopic.R
value   ?                       ?               ?                ?            
visible FALSE                   FALSE           FALSE            FALSE        
        R/fitNewDocuments.R R/heldout.R R/jeffreyskappa.R R/labelTopics.R
value   ?                   ?           ?                 ?              
visible FALSE               FALSE       FALSE             FALSE          
        R/makeDesignMatrix.R R/manyTopics.R R/multiSTM.R R/optimalK.R
value   ?                    ?              ?            ?           
visible FALSE                FALSE          FALSE        FALSE       
        R/permute.R R/plot.estimateEffect.R R/plot.fixedEffect.R
value   ?           ?                       ?                   
visible FALSE       FALSE                   FALSE               
        R/plot.searchK.R R/plot.STM.R R/plotModels.R R/plotQuote.R
value   ?                ?            ?              ?            
visible FALSE            FALSE        FALSE          FALSE        
        R/plotRemoved.R R/plottingutilfns.R R/plotTopicLoess.R
value   ?               ?                   ?                 
visible FALSE           FALSE               FALSE             
        R/prepDocuments.R R/prepsce.R R/produce_cmatrix.R R/RcppExports.R
value   ?                 ?           ?                   ?              
visible FALSE             FALSE       FALSE               FALSE          
        R/readCorpus.R R/residuals.R R/s.R R/sageLabels.R R/scSTM.R
value   ?              ?             ?     ?              ?        
visible FALSE          FALSE         FALSE FALSE          FALSE    
        R/selectModel.R R/semanticCoherence.R R/simBetas.R R/spectral.R
value   ?               ?                     ?            ?           
visible FALSE           FALSE                 FALSE        FALSE       
        R/stm-package.R R/stm.control.R R/STMbound.R R/STMconvergence.R
value   NULL            ?               ?            ?                 
visible TRUE            FALSE           FALSE        FALSE             
        R/STMestep.R R/STMfunctions.R R/STMinit.R R/STMinitLikelihood.R
value   ?            ?                ?           ?                    
visible FALSE        FALSE            FALSE       FALSE                
        R/STMlncpp.R R/STMmnreg.R R/STMmu.R R/STMoptbeta.R R/STMreport.R
value   ?            ?            ?         ?              ?            
visible FALSE        FALSE        FALSE     FALSE          FALSE        
        R/STMsigma.R R/STMsigs.R R/STMsubset.R R/summary.STM.R R/tau.R
value   ?            ?           ?             ?               ?      
visible FALSE        FALSE       FALSE         FALSE           FALSE  
        R/textProcessor.R R/thetaPosterior.R R/toLDAvis.R R/topicCorr.R
value   ?                 ?                  ?            ?            
visible FALSE             FALSE              FALSE        FALSE        
        R/topicLasso.R R/topicQuality.R R/writeLdac.R R/zzz.R
value   ?              ?                ?             ?      
visible FALSE          FALSE            FALSE         FALSE  
Casting net 
1 models in net 
Initialization with topicScore. 
Initializing factors using Topic SCORE algorithm.
Initializing loadings by running 10 SCD updates.
......................................................................................................
Completed E-Step (28 seconds). 
Completed M-Step (0 seconds). 
calculate log likelihood 
Completing Iteration 1 (approx. per word bound = -54.621) 
......................................................................................................
Completed E-Step (17 seconds). 
Completed M-Step (0 seconds). 
calculate log likelihood 
convergence.check is 0.0002692515 
Completing Iteration 2 (approx. per word bound = -54.606, relative change = 2.693e-04) 
......................................................................................................
Completed E-Step (14 seconds). 
Completed M-Step (0 seconds). 
calculate log likelihood 
convergence.check is 0.0002176665 
Model Terminated Before Convergence Reached 
2 models in net 
Initialization with topicScore. 
Initializing factors using Topic SCORE algorithm.
Initializing loadings by running 10 SCD updates.
......................................................................................................
Completed E-Step (18 seconds). 
Completed M-Step (0 seconds). 
calculate log likelihood 
Completing Iteration 1 (approx. per word bound = -54.601) 
......................................................................................................
Completed E-Step (14 seconds). 
Completed M-Step (0 seconds). 
calculate log likelihood 
convergence.check is 0.0002320962 
Completing Iteration 2 (approx. per word bound = -54.588, relative change = 2.321e-04) 
......................................................................................................
Completed E-Step (15 seconds). 
Completed M-Step (0 seconds). 
calculate log likelihood 
convergence.check is 0.0001630114 
Model Terminated Before Convergence Reached 
3 models in net 
Initialization with topicScore. 
Initializing factors using Topic SCORE algorithm.
Initializing loadings by running 10 SCD updates.
......................................................................................................
Completed E-Step (27 seconds). 
Completed M-Step (0 seconds). 
calculate log likelihood 
Completing Iteration 1 (approx. per word bound = -54.627) 
......................................................................................................
Completed E-Step (23 seconds). 
Completed M-Step (0 seconds). 
calculate log likelihood 
convergence.check is 0.0001805016 
Completing Iteration 2 (approx. per word bound = -54.618, relative change = 1.805e-04) 
......................................................................................................
Completed E-Step (23 seconds). 
Completed M-Step (0 seconds). 
calculate log likelihood 
convergence.check is 0.0001418035 
Model Terminated Before Convergence Reached 
4 models in net 
Initialization with topicScore. 
Initializing factors using Topic SCORE algorithm.
Initializing loadings by running 10 SCD updates.
......................................................................................................
Completed E-Step (29 seconds). 
Completed M-Step (0 seconds). 
calculate log likelihood 
Completing Iteration 1 (approx. per word bound = -54.600) 
......................................................................................................
Completed E-Step (24 seconds). 
Completed M-Step (0 seconds). 
calculate log likelihood 
convergence.check is 0.0002470155 
Completing Iteration 2 (approx. per word bound = -54.586, relative change = 2.470e-04) 
......................................................................................................
Completed E-Step (24 seconds). 
Completed M-Step (0 seconds). 
calculate log likelihood 
convergence.check is 0.0001839954 
Model Terminated Before Convergence Reached 
5 models in net 
Initialization with topicScore. 
Initializing factors using Topic SCORE algorithm.
Initializing loadings by running 10 SCD updates.
......................................................................................................
Completed E-Step (29 seconds). 
Completed M-Step (0 seconds). 
calculate log likelihood 
Completing Iteration 1 (approx. per word bound = -54.592) 
......................................................................................................
Completed E-Step (23 seconds). 
Completed M-Step (0 seconds). 
calculate log likelihood 
convergence.check is 0.0001959821 
Completing Iteration 2 (approx. per word bound = -54.581, relative change = 1.960e-04) 
......................................................................................................
Completed E-Step (23 seconds). 
Completed M-Step (0 seconds). 
calculate log likelihood 
convergence.check is 0.0001215073 
Model Terminated Before Convergence Reached 
6 models in net 
Initialization with topicScore. 
Initializing factors using Topic SCORE algorithm.
Initializing loadings by running 10 SCD updates.
......................................................................................................
Completed E-Step (28 seconds). 
Completed M-Step (0 seconds). 
calculate log likelihood 
Completing Iteration 1 (approx. per word bound = -54.627) 
......................................................................................................
Completed E-Step (25 seconds). 
Completed M-Step (0 seconds). 
calculate log likelihood 
convergence.check is 0.0002280337 
Completing Iteration 2 (approx. per word bound = -54.615, relative change = 2.280e-04) 
......................................................................................................
Completed E-Step (25 seconds). 
Completed M-Step (0 seconds). 
calculate log likelihood 
convergence.check is 0.0001666146 
Model Terminated Before Convergence Reached 
7 models in net 
Initialization with topicScore. 
Initializing factors using Topic SCORE algorithm.
Initializing loadings by running 10 SCD updates.
......................................................................................................
Completed E-Step (30 seconds). 
Completed M-Step (0 seconds). 
calculate log likelihood 
Completing Iteration 1 (approx. per word bound = -54.606) 
......................................................................................................
Completed E-Step (24 seconds). 
Completed M-Step (0 seconds). 
calculate log likelihood 
convergence.check is 0.0003156519 
Completing Iteration 2 (approx. per word bound = -54.589, relative change = 3.157e-04) 
......................................................................................................
Completed E-Step (24 seconds). 
Completed M-Step (0 seconds). 
calculate log likelihood 
convergence.check is 0.0002218416 
Model Terminated Before Convergence Reached 
8 models in net 
Initialization with topicScore. 
Initializing factors using Topic SCORE algorithm.
Initializing loadings by running 10 SCD updates.
......................................................................................................
Completed E-Step (31 seconds). 
Completed M-Step (0 seconds). 
calculate log likelihood 
Completing Iteration 1 (approx. per word bound = -54.606) 
......................................................................................................
Completed E-Step (25 seconds). 
Completed M-Step (0 seconds). 
calculate log likelihood 
convergence.check is 0.0002946393 
Completing Iteration 2 (approx. per word bound = -54.590, relative change = 2.946e-04) 
......................................................................................................
Completed E-Step (25 seconds). 
Completed M-Step (0 seconds). 
calculate log likelihood 
convergence.check is 0.000205449 
Model Terminated Before Convergence Reached 
9 models in net 
Initialization with topicScore. 
Initializing factors using Topic SCORE algorithm.
Initializing loadings by running 10 SCD updates.
......................................................................................................
Completed E-Step (20 seconds). 
Completed M-Step (0 seconds). 
calculate log likelihood 
Completing Iteration 1 (approx. per word bound = -54.557) 
......................................................................................................
Completed E-Step (26 seconds). 
Completed M-Step (0 seconds). 
calculate log likelihood 
convergence.check is 6.775639e-05 
Completing Iteration 2 (approx. per word bound = -54.554, relative change = 6.776e-05) 
......................................................................................................
Completed E-Step (25 seconds). 
Completed M-Step (0 seconds). 
calculate log likelihood 
convergence.check is 4.14574e-05 
Model Terminated Before Convergence Reached 
10 models in net 
Initialization with topicScore. 
Initializing factors using Topic SCORE algorithm.
Initializing loadings by running 10 SCD updates.
......................................................................................................
Completed E-Step (20 seconds). 
Completed M-Step (0 seconds). 
calculate log likelihood 
Completing Iteration 1 (approx. per word bound = -54.594) 
......................................................................................................
Completed E-Step (15 seconds). 
Completed M-Step (0 seconds). 
calculate log likelihood 
convergence.check is 0.0001917653 
Completing Iteration 2 (approx. per word bound = -54.583, relative change = 1.918e-04) 
......................................................................................................
Completed E-Step (23 seconds). 
Completed M-Step (0 seconds). 
calculate log likelihood 
convergence.check is 0.0001385801 
Model Terminated Before Convergence Reached 
11 models in net 
Beginning Spectral Initialization 
	 Calculating the gram matrix...
	 Finding anchor words...
 	.........
	 Recovering initialization...
 	....
Initialization complete.
......................................................................................................
Completed E-Step (35 seconds). 
Completed M-Step (0 seconds). 
calculate log likelihood 
Completing Iteration 1 (approx. per word bound = -54.591) 
......................................................................................................
Completed E-Step (22 seconds). 
Completed M-Step (0 seconds). 
calculate log likelihood 
convergence.check is 0.0007815131 
Completing Iteration 2 (approx. per word bound = -54.549, relative change = 7.815e-04) 
......................................................................................................
Completed E-Step (21 seconds). 
Completed M-Step (0 seconds). 
calculate log likelihood 
convergence.check is 0.0001973523 
Model Terminated Before Convergence Reached 
12 models in net 
Beginning Random Initialization 
Initialization with Poisson NMF 
......................................................................................................
Completed E-Step (42 seconds). 
Completed M-Step (0 seconds). 
calculate log likelihood 
Completing Iteration 1 (approx. per word bound = -71.372) 
......................................................................................................
Completed E-Step (28 seconds). 
Completed M-Step (0 seconds). 
calculate log likelihood 
convergence.check is 0.233112 
Completing Iteration 2 (approx. per word bound = -54.734, relative change = 2.331e-01) 
......................................................................................................
Completed E-Step (26 seconds). 
Completed M-Step (0 seconds). 
calculate log likelihood 
convergence.check is 0.000385992 
Model Terminated Before Convergence Reached 
13 models in net 
Beginning Random Initialization 
Initialization with Poisson NMF 
......................................................................................................
Completed E-Step (39 seconds). 
Completed M-Step (0 seconds). 
calculate log likelihood 
Completing Iteration 1 (approx. per word bound = -71.255) 
......................................................................................................
Completed E-Step (30 seconds). 
Completed M-Step (0 seconds). 
calculate log likelihood 
convergence.check is 0.2318016 
Completing Iteration 2 (approx. per word bound = -54.738, relative change = 2.318e-01) 
......................................................................................................
Completed E-Step (26 seconds). 
Completed M-Step (0 seconds). 
calculate log likelihood 
convergence.check is 0.0006558475 
Model Terminated Before Convergence Reached 
14 models in net 
Beginning Random Initialization 
Initialization with Poisson NMF 
......................................................................................................
Completed E-Step (45 seconds). 
Completed M-Step (0 seconds). 
calculate log likelihood 
Completing Iteration 1 (approx. per word bound = -71.246) 
......................................................................................................
Completed E-Step (31 seconds). 
Completed M-Step (0 seconds). 
calculate log likelihood 
convergence.check is 0.2315145 
Completing Iteration 2 (approx. per word bound = -54.751, relative change = 2.315e-01) 
......................................................................................................
Completed E-Step (30 seconds). 
Completed M-Step (0 seconds). 
calculate log likelihood 
convergence.check is 0.000433341 
Model Terminated Before Convergence Reached 
15 models in net 
Beginning Random Initialization 
Initialization with Poisson NMF 
......................................................................................................
Completed E-Step (41 seconds). 
Completed M-Step (0 seconds). 
calculate log likelihood 
Completing Iteration 1 (approx. per word bound = -71.497) 
......................................................................................................
Completed E-Step (30 seconds). 
Completed M-Step (0 seconds). 
calculate log likelihood 
convergence.check is 0.2343502 
Completing Iteration 2 (approx. per word bound = -54.741, relative change = 2.344e-01) 
......................................................................................................
Completed E-Step (27 seconds). 
Completed M-Step (0 seconds). 
calculate log likelihood 
convergence.check is 0.0005450343 
Model Terminated Before Convergence Reached 
16 models in net 
Beginning Random Initialization 
Initialization with Poisson NMF 
......................................................................................................
Completed E-Step (46 seconds). 
Completed M-Step (0 seconds). 
calculate log likelihood 
Completing Iteration 1 (approx. per word bound = -70.337) 
......................................................................................................
Completed E-Step (31 seconds). 
Completed M-Step (0 seconds). 
calculate log likelihood 
convergence.check is 0.2217744 
Completing Iteration 2 (approx. per word bound = -54.738, relative change = 2.218e-01) 
......................................................................................................
Completed E-Step (24 seconds). 
Completed M-Step (0 seconds). 
calculate log likelihood 
convergence.check is 0.0007370284 
Model Terminated Before Convergence Reached 
17 models in net 
Beginning Random Initialization 
Initialization with Poisson NMF 
......................................................................................................
Completed E-Step (44 seconds). 
Completed M-Step (0 seconds). 
calculate log likelihood 
Completing Iteration 1 (approx. per word bound = -70.435) 
......................................................................................................
Completed E-Step (24 seconds). 
Completed M-Step (0 seconds). 
calculate log likelihood 
convergence.check is 0.2226983 
Completing Iteration 2 (approx. per word bound = -54.749, relative change = 2.227e-01) 
......................................................................................................
Completed E-Step (16 seconds). 
Completed M-Step (0 seconds). 
calculate log likelihood 
convergence.check is 0.000369295 
Model Terminated Before Convergence Reached 
18 models in net 
Beginning Random Initialization 
Initialization with Poisson NMF 
......................................................................................................
Completed E-Step (23 seconds). 
Completed M-Step (0 seconds). 
calculate log likelihood 
Completing Iteration 1 (approx. per word bound = -71.360) 
......................................................................................................
Completed E-Step (20 seconds). 
Completed M-Step (0 seconds). 
calculate log likelihood 
convergence.check is 0.2327921 
Completing Iteration 2 (approx. per word bound = -54.748, relative change = 2.328e-01) 
......................................................................................................
Completed E-Step (16 seconds). 
Completed M-Step (0 seconds). 
calculate log likelihood 
convergence.check is 0.0007701631 
Model Terminated Before Convergence Reached 
19 models in net 
Beginning Random Initialization 
Initialization with Poisson NMF 
......................................................................................................
Completed E-Step (24 seconds). 
Completed M-Step (0 seconds). 
calculate log likelihood 
Completing Iteration 1 (approx. per word bound = -70.295) 
......................................................................................................
Completed E-Step (18 seconds). 
Completed M-Step (0 seconds). 
calculate log likelihood 
convergence.check is 0.2212136 
Completing Iteration 2 (approx. per word bound = -54.745, relative change = 2.212e-01) 
......................................................................................................
Completed E-Step (26 seconds). 
Completed M-Step (0 seconds). 
calculate log likelihood 
convergence.check is 0.0005304597 
Model Terminated Before Convergence Reached 
20 models in net 
Beginning Random Initialization 
Initialization with Poisson NMF 
......................................................................................................
Completed E-Step (43 seconds). 
Completed M-Step (0 seconds). 
calculate log likelihood 
Completing Iteration 1 (approx. per word bound = -70.552) 
......................................................................................................
Completed E-Step (31 seconds). 
Completed M-Step (0 seconds). 
calculate log likelihood 
convergence.check is 0.2242053 
Completing Iteration 2 (approx. per word bound = -54.734, relative change = 2.242e-01) 
......................................................................................................
Completed E-Step (26 seconds). 
Completed M-Step (0 seconds). 
calculate log likelihood 
convergence.check is 0.0006643534 
Model Terminated Before Convergence Reached 
21 models in net 
Beginning Random Initialization 
Initialization with Poisson NMF 
......................................................................................................
Completed E-Step (42 seconds). 
Completed M-Step (0 seconds). 
calculate log likelihood 
Completing Iteration 1 (approx. per word bound = -70.294) 
......................................................................................................
Completed E-Step (28 seconds). 
Completed M-Step (0 seconds). 
calculate log likelihood 
convergence.check is 0.2211397 
Completing Iteration 2 (approx. per word bound = -54.749, relative change = 2.211e-01) 
......................................................................................................
Completed E-Step (26 seconds). 
Completed M-Step (0 seconds). 
calculate log likelihood 
convergence.check is 0.000506355 
Model Terminated Before Convergence Reached 
Running select models 
1 select model run 
Beginning Spectral Initialization 
	 Calculating the gram matrix...
	 Finding anchor words...
 	.........
	 Recovering initialization...
 	....
Initialization complete.
......................................................................................................
Completed E-Step (33 seconds). 
Completed M-Step (0 seconds). 
calculate log likelihood 
Completing Iteration 1 (approx. per word bound = -54.591) 
......................................................................................................
Completed E-Step (21 seconds). 
Completed M-Step (0 seconds). 
calculate log likelihood 
convergence.check is 0.0007815131 
Completing Iteration 2 (approx. per word bound = -54.549, relative change = 7.815e-04) 
......................................................................................................
Completed E-Step (20 seconds). 
Completed M-Step (0 seconds). 
calculate log likelihood 
convergence.check is 0.0001973523 
Completing Iteration 3 (approx. per word bound = -54.538, relative change = 1.974e-04) 
......................................................................................................
Completed E-Step (18 seconds). 
Completed M-Step (0 seconds). 
calculate log likelihood 
convergence.check is 0.000103986 
Completing Iteration 4 (approx. per word bound = -54.532, relative change = 1.040e-04) 
......................................................................................................
Completed E-Step (18 seconds). 
Completed M-Step (0 seconds). 
calculate log likelihood 
convergence.check is 6.239273e-05 
Completing Iteration 5 (approx. per word bound = -54.529, relative change = 6.239e-05) 
Topic 1: Gene996, Gene745, Gene221, Gene63, Gene989 
 Topic 2: Gene787, Gene735, Gene582, Gene652, Gene339 
 Topic 3: Gene652, Gene483, Gene952, Gene339, Gene4 
 Topic 4: Gene339, Gene735, Gene652, Gene805, Gene582 
 Topic 5: Gene281, Gene652, Gene339, Gene735, Gene612 
 Topic 6: Gene339, Gene652, Gene805, Gene507, Gene281 
 Topic 7: Gene483, Gene582, Gene652, Gene339, Gene735 
 Topic 8: Gene652, Gene339, Gene612, Gene507, Gene483 
 Topic 9: Gene652, Gene507, Gene996, Gene612, Gene281 
......................................................................................................
Completed E-Step (17 seconds). 
Completed M-Step (0 seconds). 
calculate log likelihood 
convergence.check is 3.553549e-05 
Completing Iteration 6 (approx. per word bound = -54.527, relative change = 3.554e-05) 
......................................................................................................
Completed E-Step (17 seconds). 
Completed M-Step (0 seconds). 
calculate log likelihood 
convergence.check is 1.99118e-05 
Completing Iteration 7 (approx. per word bound = -54.526, relative change = 1.991e-05) 
......................................................................................................
Completed E-Step (16 seconds). 
Completed M-Step (0 seconds). 
calculate log likelihood 
convergence.check is 1.231487e-05 
Completing Iteration 8 (approx. per word bound = -54.525, relative change = 1.231e-05) 
......................................................................................................
Completed E-Step (15 seconds). 
Completed M-Step (0 seconds). 
calculate log likelihood 
convergence.check is 8.087605e-06 
Completing Iteration 9 (approx. per word bound = -54.525, relative change = 8.088e-06) 
......................................................................................................
Completed E-Step (14 seconds). 
Completed M-Step (0 seconds). 
calculate log likelihood 
convergence.check is 6.598798e-06 
Completing Iteration 10 (approx. per word bound = -54.524, relative change = 6.599e-06) 
Topic 1: Gene996, Gene745, Gene221, Gene63, Gene989 
 Topic 2: Gene787, Gene735, Gene582, Gene652, Gene339 
 Topic 3: Gene652, Gene483, Gene952, Gene339, Gene4 
 Topic 4: Gene339, Gene735, Gene652, Gene805, Gene582 
 Topic 5: Gene281, Gene652, Gene339, Gene735, Gene612 
 Topic 6: Gene339, Gene652, Gene805, Gene507, Gene281 
 Topic 7: Gene483, Gene582, Gene652, Gene339, Gene735 
 Topic 8: Gene652, Gene339, Gene612, Gene507, Gene483 
 Topic 9: Gene507, Gene652, Gene996, Gene612, Gene63 
......................................................................................................
Completed E-Step (13 seconds). 
Completed M-Step (0 seconds). 
calculate log likelihood 
convergence.check is 4.228644e-06 
Completing Iteration 11 (approx. per word bound = -54.524, relative change = 4.229e-06) 
......................................................................................................
Completed E-Step (13 seconds). 
Completed M-Step (0 seconds). 
calculate log likelihood 
convergence.check is 3.953731e-06 
Completing Iteration 12 (approx. per word bound = -54.524, relative change = 3.954e-06) 
......................................................................................................
Completed E-Step (14 seconds). 
Completed M-Step (0 seconds). 
calculate log likelihood 
convergence.check is 3.372138e-06 
Completing Iteration 13 (approx. per word bound = -54.524, relative change = 3.372e-06) 
......................................................................................................
Completed E-Step (12 seconds). 
Completed M-Step (0 seconds). 
calculate log likelihood 
convergence.check is 2.416672e-06 
Completing Iteration 14 (approx. per word bound = -54.523, relative change = 2.417e-06) 
......................................................................................................
Completed E-Step (12 seconds). 
Completed M-Step (0 seconds). 
calculate log likelihood 
convergence.check is 3.075714e-06 
Completing Iteration 15 (approx. per word bound = -54.523, relative change = 3.076e-06) 
Topic 1: Gene996, Gene745, Gene221, Gene63, Gene989 
 Topic 2: Gene787, Gene735, Gene582, Gene652, Gene339 
 Topic 3: Gene652, Gene483, Gene952, Gene339, Gene4 
 Topic 4: Gene339, Gene735, Gene652, Gene805, Gene582 
 Topic 5: Gene281, Gene652, Gene339, Gene735, Gene612 
 Topic 6: Gene339, Gene652, Gene805, Gene507, Gene700 
 Topic 7: Gene483, Gene582, Gene652, Gene339, Gene735 
 Topic 8: Gene652, Gene339, Gene612, Gene507, Gene483 
 Topic 9: Gene507, Gene652, Gene996, Gene612, Gene63 
......................................................................................................
Completed E-Step (12 seconds). 
Completed M-Step (0 seconds). 
calculate log likelihood 
convergence.check is 1.578429e-06 
Completing Iteration 16 (approx. per word bound = -54.523, relative change = 1.578e-06) 
......................................................................................................
Completed E-Step (12 seconds). 
Completed M-Step (0 seconds). 
calculate log likelihood 
convergence.check is 2.919537e-06 
Completing Iteration 17 (approx. per word bound = -54.523, relative change = 2.920e-06) 
......................................................................................................
Completed E-Step (12 seconds). 
Completed M-Step (0 seconds). 
calculate log likelihood 
convergence.check is 2.041254e-06 
Completing Iteration 18 (approx. per word bound = -54.523, relative change = 2.041e-06) 
......................................................................................................
Completed E-Step (12 seconds). 
Completed M-Step (0 seconds). 
calculate log likelihood 
convergence.check is 1.80736e-06 
Completing Iteration 19 (approx. per word bound = -54.523, relative change = 1.807e-06) 
......................................................................................................
Completed E-Step (11 seconds). 
Completed M-Step (0 seconds). 
calculate log likelihood 
convergence.check is 2.383135e-06 
Completing Iteration 20 (approx. per word bound = -54.523, relative change = 2.383e-06) 
Topic 1: Gene996, Gene745, Gene221, Gene63, Gene989 
 Topic 2: Gene787, Gene735, Gene582, Gene652, Gene339 
 Topic 3: Gene483, Gene652, Gene952, Gene339, Gene4 
 Topic 4: Gene339, Gene735, Gene652, Gene805, Gene582 
 Topic 5: Gene281, Gene652, Gene735, Gene339, Gene612 
 Topic 6: Gene339, Gene652, Gene805, Gene507, Gene700 
 Topic 7: Gene483, Gene582, Gene652, Gene735, Gene339 
 Topic 8: Gene652, Gene339, Gene612, Gene507, Gene952 
 Topic 9: Gene507, Gene652, Gene996, Gene612, Gene63 
......................................................................................................
Completed E-Step (11 seconds). 
Completed M-Step (0 seconds). 
calculate log likelihood 
convergence.check is 1.995981e-06 
Completing Iteration 21 (approx. per word bound = -54.523, relative change = 1.996e-06) 
......................................................................................................
Completed E-Step (11 seconds). 
Completed M-Step (0 seconds). 
calculate log likelihood 
convergence.check is 1.715243e-06 
Completing Iteration 22 (approx. per word bound = -54.523, relative change = 1.715e-06) 
......................................................................................................
Completed E-Step (11 seconds). 
Completed M-Step (0 seconds). 
calculate log likelihood 
convergence.check is 1.882758e-06 
Completing Iteration 23 (approx. per word bound = -54.522, relative change = 1.883e-06) 
......................................................................................................
Completed E-Step (11 seconds). 
Completed M-Step (0 seconds). 
calculate log likelihood 
convergence.check is 1.863424e-06 
Completing Iteration 24 (approx. per word bound = -54.522, relative change = 1.863e-06) 
......................................................................................................
Completed E-Step (11 seconds). 
Completed M-Step (0 seconds). 
calculate log likelihood 
convergence.check is 1.577608e-06 
Completing Iteration 25 (approx. per word bound = -54.522, relative change = 1.578e-06) 
Topic 1: Gene996, Gene745, Gene221, Gene63, Gene989 
 Topic 2: Gene787, Gene735, Gene582, Gene652, Gene339 
 Topic 3: Gene483, Gene652, Gene952, Gene339, Gene4 
 Topic 4: Gene339, Gene735, Gene652, Gene805, Gene582 
 Topic 5: Gene281, Gene652, Gene735, Gene339, Gene612 
 Topic 6: Gene339, Gene652, Gene805, Gene507, Gene700 
 Topic 7: Gene483, Gene582, Gene652, Gene735, Gene339 
 Topic 8: Gene652, Gene339, Gene612, Gene507, Gene952 
 Topic 9: Gene507, Gene652, Gene996, Gene63, Gene612 
......................................................................................................
Completed E-Step (11 seconds). 
Completed M-Step (0 seconds). 
calculate log likelihood 
convergence.check is 1.536692e-06 
Completing Iteration 26 (approx. per word bound = -54.522, relative change = 1.537e-06) 
......................................................................................................
Completed E-Step (10 seconds). 
Completed M-Step (0 seconds). 
calculate log likelihood 
convergence.check is 1.598714e-06 
Completing Iteration 27 (approx. per word bound = -54.522, relative change = 1.599e-06) 
......................................................................................................
Completed E-Step (10 seconds). 
Completed M-Step (0 seconds). 
calculate log likelihood 
convergence.check is 1.533858e-06 
Completing Iteration 28 (approx. per word bound = -54.522, relative change = 1.534e-06) 
......................................................................................................
Completed E-Step (7 seconds). 
Completed M-Step (0 seconds). 
calculate log likelihood 
convergence.check is 1.015384e-06 
Completing Iteration 29 (approx. per word bound = -54.522, relative change = 1.015e-06) 
......................................................................................................
Completed E-Step (6 seconds). 
Completed M-Step (0 seconds). 
calculate log likelihood 
convergence.check is 1.670891e-06 
Completing Iteration 30 (approx. per word bound = -54.522, relative change = 1.671e-06) 
Topic 1: Gene996, Gene745, Gene221, Gene63, Gene989 
 Topic 2: Gene787, Gene735, Gene582, Gene652, Gene339 
 Topic 3: Gene483, Gene952, Gene652, Gene4, Gene339 
 Topic 4: Gene339, Gene735, Gene652, Gene805, Gene582 
 Topic 5: Gene281, Gene652, Gene735, Gene339, Gene612 
 Topic 6: Gene339, Gene652, Gene805, Gene507, Gene700 
 Topic 7: Gene483, Gene582, Gene652, Gene735, Gene339 
 Topic 8: Gene652, Gene339, Gene612, Gene952, Gene507 
 Topic 9: Gene507, Gene652, Gene996, Gene63, Gene612 
......................................................................................................
Completed E-Step (6 seconds). 
Completed M-Step (0 seconds). 
calculate log likelihood 
convergence.check is 1.632782e-06 
Completing Iteration 31 (approx. per word bound = -54.522, relative change = 1.633e-06) 
......................................................................................................
Completed E-Step (6 seconds). 
Completed M-Step (0 seconds). 
calculate log likelihood 
convergence.check is 1.234748e-06 
Completing Iteration 32 (approx. per word bound = -54.522, relative change = 1.235e-06) 
......................................................................................................
Completed E-Step (6 seconds). 
Completed M-Step (0 seconds). 
calculate log likelihood 
convergence.check is 1.135166e-06 
Completing Iteration 33 (approx. per word bound = -54.522, relative change = 1.135e-06) 
......................................................................................................
Completed E-Step (6 seconds). 
Completed M-Step (0 seconds). 
calculate log likelihood 
convergence.check is 1.522329e-06 
Completing Iteration 34 (approx. per word bound = -54.522, relative change = 1.522e-06) 
......................................................................................................
Completed E-Step (6 seconds). 
Completed M-Step (0 seconds). 
calculate log likelihood 
convergence.check is 1.486512e-06 
Completing Iteration 35 (approx. per word bound = -54.521, relative change = 1.487e-06) 
Topic 1: Gene996, Gene745, Gene221, Gene63, Gene989 
 Topic 2: Gene787, Gene735, Gene582, Gene652, Gene339 
 Topic 3: Gene483, Gene952, Gene652, Gene4, Gene339 
 Topic 4: Gene735, Gene339, Gene652, Gene805, Gene582 
 Topic 5: Gene281, Gene652, Gene735, Gene339, Gene612 
 Topic 6: Gene339, Gene652, Gene805, Gene507, Gene700 
 Topic 7: Gene483, Gene582, Gene652, Gene735, Gene339 
 Topic 8: Gene652, Gene339, Gene612, Gene952, Gene507 
 Topic 9: Gene507, Gene652, Gene996, Gene63, Gene612 
......................................................................................................
Completed E-Step (5 seconds). 
Completed M-Step (0 seconds). 
calculate log likelihood 
convergence.check is 8.837707e-07 
Model Converged 
2 select model run 
Initialization with topicScore. 
Initializing factors using Topic SCORE algorithm.
Initializing loadings by running 10 SCD updates.
......................................................................................................
Completed E-Step (10 seconds). 
Completed M-Step (0 seconds). 
calculate log likelihood 
Completing Iteration 1 (approx. per word bound = -54.557) 
......................................................................................................
Completed E-Step (13 seconds). 
Completed M-Step (0 seconds). 
calculate log likelihood 
convergence.check is 6.775639e-05 
Completing Iteration 2 (approx. per word bound = -54.554, relative change = 6.776e-05) 
......................................................................................................
Completed E-Step (13 seconds). 
Completed M-Step (0 seconds). 
calculate log likelihood 
convergence.check is 4.14574e-05 
Completing Iteration 3 (approx. per word bound = -54.551, relative change = 4.146e-05) 
......................................................................................................
Completed E-Step (15 seconds). 
Completed M-Step (0 seconds). 
calculate log likelihood 
convergence.check is 3.398381e-05 
Completing Iteration 4 (approx. per word bound = -54.549, relative change = 3.398e-05) 
......................................................................................................
Completed E-Step (24 seconds). 
Completed M-Step (0 seconds). 
calculate log likelihood 
convergence.check is 2.892703e-05 
Completing Iteration 5 (approx. per word bound = -54.548, relative change = 2.893e-05) 
Topic 1: Gene787, Gene339, Gene735, Gene293, Gene700 
 Topic 2: Gene63, Gene996, Gene484, Gene818, Gene612 
 Topic 3: Gene652, Gene952, Gene4, Gene759, Gene483 
 Topic 4: Gene652, Gene745, Gene735, Gene483, Gene611 
 Topic 5: Gene507, Gene612, Gene700, Gene759, Gene996 
 Topic 6: Gene339, Gene735, Gene805, Gene745, Gene952 
 Topic 7: Gene281, Gene339, Gene652, Gene735, Gene745 
 Topic 8: Gene483, Gene582, Gene698, Gene339, Gene612 
 Topic 9: Gene745, Gene996, Gene221, Gene989, Gene63 
......................................................................................................
Completed E-Step (24 seconds). 
Completed M-Step (0 seconds). 
calculate log likelihood 
convergence.check is 2.527617e-05 
Completing Iteration 6 (approx. per word bound = -54.546, relative change = 2.528e-05) 
......................................................................................................
Completed E-Step (25 seconds). 
Completed M-Step (0 seconds). 
calculate log likelihood 
convergence.check is 2.210531e-05 
Completing Iteration 7 (approx. per word bound = -54.545, relative change = 2.211e-05) 
......................................................................................................
Completed E-Step (22 seconds). 
Completed M-Step (0 seconds). 
calculate log likelihood 
convergence.check is 1.946414e-05 
Completing Iteration 8 (approx. per word bound = -54.544, relative change = 1.946e-05) 
......................................................................................................
Completed E-Step (22 seconds). 
Completed M-Step (0 seconds). 
calculate log likelihood 
convergence.check is 1.75103e-05 
Completing Iteration 9 (approx. per word bound = -54.543, relative change = 1.751e-05) 
......................................................................................................
Completed E-Step (22 seconds). 
Completed M-Step (0 seconds). 
calculate log likelihood 
convergence.check is 1.582913e-05 
Completing Iteration 10 (approx. per word bound = -54.542, relative change = 1.583e-05) 
Topic 1: Gene787, Gene339, Gene735, Gene293, Gene700 
 Topic 2: Gene996, Gene63, Gene484, Gene818, Gene700 
 Topic 3: Gene652, Gene952, Gene4, Gene483, Gene759 
 Topic 4: Gene652, Gene745, Gene735, Gene483, Gene611 
 Topic 5: Gene507, Gene612, Gene700, Gene759, Gene996 
 Topic 6: Gene339, Gene805, Gene735, Gene745, Gene952 
 Topic 7: Gene281, Gene735, Gene339, Gene652, Gene745 
 Topic 8: Gene483, Gene582, Gene698, Gene339, Gene612 
 Topic 9: Gene745, Gene996, Gene221, Gene989, Gene63 
......................................................................................................
Completed E-Step (22 seconds). 
Completed M-Step (0 seconds). 
calculate log likelihood 
convergence.check is 1.433424e-05 
Completing Iteration 11 (approx. per word bound = -54.542, relative change = 1.433e-05) 
......................................................................................................
Completed E-Step (21 seconds). 
Completed M-Step (0 seconds). 
calculate log likelihood 
convergence.check is 1.313609e-05 
Completing Iteration 12 (approx. per word bound = -54.541, relative change = 1.314e-05) 
......................................................................................................
Completed E-Step (21 seconds). 
Completed M-Step (0 seconds). 
calculate log likelihood 
convergence.check is 1.184689e-05 
Completing Iteration 13 (approx. per word bound = -54.540, relative change = 1.185e-05) 
......................................................................................................
Completed E-Step (20 seconds). 
Completed M-Step (0 seconds). 
calculate log likelihood 
convergence.check is 1.085989e-05 
Completing Iteration 14 (approx. per word bound = -54.540, relative change = 1.086e-05) 
......................................................................................................
Completed E-Step (20 seconds). 
Completed M-Step (0 seconds). 
calculate log likelihood 
convergence.check is 1.003002e-05 
Completing Iteration 15 (approx. per word bound = -54.539, relative change = 1.003e-05) 
Topic 1: Gene787, Gene339, Gene735, Gene293, Gene700 
 Topic 2: Gene996, Gene63, Gene484, Gene818, Gene700 
 Topic 3: Gene652, Gene952, Gene4, Gene483, Gene759 
 Topic 4: Gene652, Gene735, Gene745, Gene483, Gene611 
 Topic 5: Gene507, Gene612, Gene700, Gene759, Gene487 
 Topic 6: Gene339, Gene805, Gene735, Gene745, Gene611 
 Topic 7: Gene281, Gene735, Gene339, Gene652, Gene745 
 Topic 8: Gene483, Gene582, Gene698, Gene339, Gene612 
 Topic 9: Gene745, Gene996, Gene221, Gene989, Gene63 
......................................................................................................
Completed E-Step (19 seconds). 
Completed M-Step (0 seconds). 
calculate log likelihood 
convergence.check is 9.213057e-06 
Completing Iteration 16 (approx. per word bound = -54.539, relative change = 9.213e-06) 
......................................................................................................
Completed E-Step (20 seconds). 
Completed M-Step (0 seconds). 
calculate log likelihood 
convergence.check is 8.619851e-06 
Completing Iteration 17 (approx. per word bound = -54.538, relative change = 8.620e-06) 
......................................................................................................
Completed E-Step (19 seconds). 
Completed M-Step (0 seconds). 
calculate log likelihood 
convergence.check is 8.083974e-06 
Completing Iteration 18 (approx. per word bound = -54.538, relative change = 8.084e-06) 
......................................................................................................
Completed E-Step (19 seconds). 
Completed M-Step (0 seconds). 
calculate log likelihood 
convergence.check is 7.518518e-06 
Completing Iteration 19 (approx. per word bound = -54.537, relative change = 7.519e-06) 
......................................................................................................
Completed E-Step (18 seconds). 
Completed M-Step (0 seconds). 
calculate log likelihood 
convergence.check is 7.031963e-06 
Completing Iteration 20 (approx. per word bound = -54.537, relative change = 7.032e-06) 
Topic 1: Gene787, Gene339, Gene735, Gene293, Gene700 
 Topic 2: Gene996, Gene63, Gene484, Gene818, Gene700 
 Topic 3: Gene652, Gene952, Gene4, Gene483, Gene759 
 Topic 4: Gene652, Gene735, Gene745, Gene483, Gene611 
 Topic 5: Gene507, Gene612, Gene700, Gene759, Gene487 
 Topic 6: Gene339, Gene805, Gene735, Gene745, Gene611 
 Topic 7: Gene281, Gene735, Gene339, Gene652, Gene745 
 Topic 8: Gene483, Gene582, Gene698, Gene339, Gene612 
 Topic 9: Gene745, Gene996, Gene221, Gene989, Gene63 
......................................................................................................
Completed E-Step (19 seconds). 
Completed M-Step (0 seconds). 
calculate log likelihood 
convergence.check is 6.59614e-06 
Completing Iteration 21 (approx. per word bound = -54.537, relative change = 6.596e-06) 
......................................................................................................
Completed E-Step (18 seconds). 
Completed M-Step (0 seconds). 
calculate log likelihood 
convergence.check is 6.352809e-06 
Completing Iteration 22 (approx. per word bound = -54.536, relative change = 6.353e-06) 
......................................................................................................
Completed E-Step (18 seconds). 
Completed M-Step (0 seconds). 
calculate log likelihood 
convergence.check is 5.691875e-06 
Completing Iteration 23 (approx. per word bound = -54.536, relative change = 5.692e-06) 
......................................................................................................
Completed E-Step (17 seconds). 
Completed M-Step (0 seconds). 
calculate log likelihood 
convergence.check is 5.427188e-06 
Completing Iteration 24 (approx. per word bound = -54.536, relative change = 5.427e-06) 
......................................................................................................
Completed E-Step (16 seconds). 
Completed M-Step (0 seconds). 
calculate log likelihood 
convergence.check is 5.166602e-06 
Completing Iteration 25 (approx. per word bound = -54.535, relative change = 5.167e-06) 
Topic 1: Gene787, Gene339, Gene735, Gene293, Gene700 
 Topic 2: Gene996, Gene63, Gene484, Gene818, Gene700 
 Topic 3: Gene652, Gene952, Gene4, Gene483, Gene759 
 Topic 4: Gene652, Gene735, Gene745, Gene483, Gene611 
 Topic 5: Gene507, Gene612, Gene700, Gene759, Gene487 
 Topic 6: Gene339, Gene805, Gene735, Gene745, Gene611 
 Topic 7: Gene281, Gene735, Gene339, Gene652, Gene745 
 Topic 8: Gene483, Gene582, Gene698, Gene339, Gene612 
 Topic 9: Gene745, Gene996, Gene221, Gene989, Gene63 
......................................................................................................
Completed E-Step (17 seconds). 
Completed M-Step (0 seconds). 
calculate log likelihood 
convergence.check is 4.923192e-06 
Completing Iteration 26 (approx. per word bound = -54.535, relative change = 4.923e-06) 
......................................................................................................
Completed E-Step (17 seconds). 
Completed M-Step (0 seconds). 
calculate log likelihood 
convergence.check is 4.772492e-06 
Completing Iteration 27 (approx. per word bound = -54.535, relative change = 4.772e-06) 
......................................................................................................
Completed E-Step (17 seconds). 
Completed M-Step (0 seconds). 
calculate log likelihood 
convergence.check is 4.525077e-06 
Completing Iteration 28 (approx. per word bound = -54.535, relative change = 4.525e-06) 
......................................................................................................
Completed E-Step (17 seconds). 
Completed M-Step (0 seconds). 
calculate log likelihood 
convergence.check is 4.31277e-06 
Completing Iteration 29 (approx. per word bound = -54.534, relative change = 4.313e-06) 
......................................................................................................
Completed E-Step (16 seconds). 
Completed M-Step (0 seconds). 
calculate log likelihood 
convergence.check is 4.137711e-06 
Completing Iteration 30 (approx. per word bound = -54.534, relative change = 4.138e-06) 
Topic 1: Gene787, Gene339, Gene735, Gene293, Gene700 
 Topic 2: Gene996, Gene484, Gene63, Gene818, Gene700 
 Topic 3: Gene652, Gene952, Gene4, Gene483, Gene759 
 Topic 4: Gene652, Gene735, Gene745, Gene483, Gene611 
 Topic 5: Gene507, Gene612, Gene700, Gene759, Gene487 
 Topic 6: Gene339, Gene805, Gene735, Gene745, Gene611 
 Topic 7: Gene281, Gene735, Gene339, Gene652, Gene745 
 Topic 8: Gene483, Gene582, Gene698, Gene339, Gene612 
 Topic 9: Gene745, Gene996, Gene221, Gene989, Gene63 
......................................................................................................
Completed E-Step (15 seconds). 
Completed M-Step (0 seconds). 
calculate log likelihood 
convergence.check is 3.807108e-06 
Completing Iteration 31 (approx. per word bound = -54.534, relative change = 3.807e-06) 
......................................................................................................
Completed E-Step (15 seconds). 
Completed M-Step (0 seconds). 
calculate log likelihood 
convergence.check is 3.780629e-06 
Completing Iteration 32 (approx. per word bound = -54.534, relative change = 3.781e-06) 
......................................................................................................
Completed E-Step (15 seconds). 
Completed M-Step (0 seconds). 
calculate log likelihood 
convergence.check is 3.564481e-06 
Completing Iteration 33 (approx. per word bound = -54.533, relative change = 3.564e-06) 
......................................................................................................
Completed E-Step (14 seconds). 
Completed M-Step (0 seconds). 
calculate log likelihood 
convergence.check is 3.42136e-06 
Completing Iteration 34 (approx. per word bound = -54.533, relative change = 3.421e-06) 
......................................................................................................
Completed E-Step (15 seconds). 
Completed M-Step (0 seconds). 
calculate log likelihood 
convergence.check is 3.240021e-06 
Completing Iteration 35 (approx. per word bound = -54.533, relative change = 3.240e-06) 
Topic 1: Gene787, Gene339, Gene735, Gene293, Gene700 
 Topic 2: Gene996, Gene484, Gene818, Gene63, Gene700 
 Topic 3: Gene652, Gene952, Gene4, Gene483, Gene759 
 Topic 4: Gene652, Gene735, Gene745, Gene483, Gene611 
 Topic 5: Gene507, Gene612, Gene700, Gene759, Gene487 
 Topic 6: Gene339, Gene805, Gene735, Gene745, Gene221 
 Topic 7: Gene281, Gene735, Gene339, Gene652, Gene745 
 Topic 8: Gene483, Gene582, Gene698, Gene339, Gene612 
 Topic 9: Gene745, Gene996, Gene221, Gene989, Gene63 
......................................................................................................
Completed E-Step (14 seconds). 
Completed M-Step (0 seconds). 
calculate log likelihood 
convergence.check is 3.163169e-06 
Completing Iteration 36 (approx. per word bound = -54.533, relative change = 3.163e-06) 
......................................................................................................
Completed E-Step (14 seconds). 
Completed M-Step (0 seconds). 
calculate log likelihood 
convergence.check is 3.037106e-06 
Completing Iteration 37 (approx. per word bound = -54.533, relative change = 3.037e-06) 
......................................................................................................
Completed E-Step (14 seconds). 
Completed M-Step (0 seconds). 
calculate log likelihood 
convergence.check is 2.9423e-06 
Completing Iteration 38 (approx. per word bound = -54.533, relative change = 2.942e-06) 
......................................................................................................
Completed E-Step (13 seconds). 
Completed M-Step (0 seconds). 
calculate log likelihood 
convergence.check is 2.766215e-06 
Completing Iteration 39 (approx. per word bound = -54.532, relative change = 2.766e-06) 
......................................................................................................
Completed E-Step (13 seconds). 
Completed M-Step (0 seconds). 
calculate log likelihood 
convergence.check is 2.64738e-06 
Completing Iteration 40 (approx. per word bound = -54.532, relative change = 2.647e-06) 
Topic 1: Gene787, Gene339, Gene735, Gene293, Gene700 
 Topic 2: Gene996, Gene484, Gene818, Gene63, Gene700 
 Topic 3: Gene652, Gene952, Gene4, Gene483, Gene759 
 Topic 4: Gene652, Gene735, Gene745, Gene483, Gene611 
 Topic 5: Gene507, Gene612, Gene700, Gene759, Gene487 
 Topic 6: Gene339, Gene805, Gene735, Gene745, Gene221 
 Topic 7: Gene281, Gene735, Gene339, Gene652, Gene745 
 Topic 8: Gene483, Gene582, Gene698, Gene339, Gene612 
 Topic 9: Gene745, Gene996, Gene221, Gene989, Gene63 
......................................................................................................
Completed E-Step (13 seconds). 
Completed M-Step (0 seconds). 
calculate log likelihood 
convergence.check is 2.564641e-06 
Completing Iteration 41 (approx. per word bound = -54.532, relative change = 2.565e-06) 
......................................................................................................
Completed E-Step (14 seconds). 
Completed M-Step (0 seconds). 
calculate log likelihood 
convergence.check is 2.525054e-06 
Completing Iteration 42 (approx. per word bound = -54.532, relative change = 2.525e-06) 
......................................................................................................
Completed E-Step (14 seconds). 
Completed M-Step (0 seconds). 
calculate log likelihood 
convergence.check is 2.401578e-06 
Completing Iteration 43 (approx. per word bound = -54.532, relative change = 2.402e-06) 
......................................................................................................
Completed E-Step (13 seconds). 
Completed M-Step (0 seconds). 
calculate log likelihood 
convergence.check is 2.452875e-06 
Completing Iteration 44 (approx. per word bound = -54.532, relative change = 2.453e-06) 
......................................................................................................
Completed E-Step (13 seconds). 
Completed M-Step (0 seconds). 
calculate log likelihood 
convergence.check is 2.107089e-06 
Completing Iteration 45 (approx. per word bound = -54.532, relative change = 2.107e-06) 
Topic 1: Gene787, Gene339, Gene735, Gene293, Gene700 
 Topic 2: Gene996, Gene484, Gene818, Gene63, Gene700 
 Topic 3: Gene652, Gene952, Gene4, Gene483, Gene759 
 Topic 4: Gene652, Gene735, Gene745, Gene483, Gene611 
 Topic 5: Gene507, Gene612, Gene700, Gene759, Gene487 
 Topic 6: Gene339, Gene805, Gene735, Gene745, Gene221 
 Topic 7: Gene281, Gene735, Gene339, Gene652, Gene745 
 Topic 8: Gene483, Gene582, Gene698, Gene339, Gene612 
 Topic 9: Gene745, Gene996, Gene221, Gene989, Gene63 
......................................................................................................
Completed E-Step (13 seconds). 
Completed M-Step (0 seconds). 
calculate log likelihood 
convergence.check is 2.121092e-06 
Completing Iteration 46 (approx. per word bound = -54.532, relative change = 2.121e-06) 
......................................................................................................
Completed E-Step (12 seconds). 
Completed M-Step (0 seconds). 
calculate log likelihood 
convergence.check is 2.093476e-06 
Completing Iteration 47 (approx. per word bound = -54.531, relative change = 2.093e-06) 
......................................................................................................
Completed E-Step (12 seconds). 
Completed M-Step (0 seconds). 
calculate log likelihood 
convergence.check is 2.004821e-06 
Completing Iteration 48 (approx. per word bound = -54.531, relative change = 2.005e-06) 
......................................................................................................
Completed E-Step (12 seconds). 
Completed M-Step (0 seconds). 
calculate log likelihood 
convergence.check is 1.994222e-06 
Completing Iteration 49 (approx. per word bound = -54.531, relative change = 1.994e-06) 
......................................................................................................
Completed E-Step (13 seconds). 
Completed M-Step (0 seconds). 
calculate log likelihood 
convergence.check is 1.882225e-06 
Completing Iteration 50 (approx. per word bound = -54.531, relative change = 1.882e-06) 
Topic 1: Gene787, Gene339, Gene735, Gene293, Gene700 
 Topic 2: Gene996, Gene484, Gene818, Gene63, Gene700 
 Topic 3: Gene652, Gene952, Gene4, Gene483, Gene759 
 Topic 4: Gene652, Gene735, Gene745, Gene483, Gene611 
 Topic 5: Gene507, Gene612, Gene700, Gene759, Gene487 
 Topic 6: Gene339, Gene805, Gene735, Gene745, Gene221 
 Topic 7: Gene281, Gene735, Gene339, Gene652, Gene612 
 Topic 8: Gene483, Gene582, Gene698, Gene339, Gene612 
 Topic 9: Gene745, Gene996, Gene221, Gene989, Gene63 
......................................................................................................
Completed E-Step (12 seconds). 
Completed M-Step (0 seconds). 
calculate log likelihood 
convergence.check is 1.831261e-06 
Completing Iteration 51 (approx. per word bound = -54.531, relative change = 1.831e-06) 
......................................................................................................
Completed E-Step (12 seconds). 
Completed M-Step (0 seconds). 
calculate log likelihood 
convergence.check is 1.790958e-06 
Completing Iteration 52 (approx. per word bound = -54.531, relative change = 1.791e-06) 
......................................................................................................
Completed E-Step (12 seconds). 
Completed M-Step (0 seconds). 
calculate log likelihood 
convergence.check is 1.709514e-06 
Completing Iteration 53 (approx. per word bound = -54.531, relative change = 1.710e-06) 
......................................................................................................
Completed E-Step (14 seconds). 
Completed M-Step (0 seconds). 
calculate log likelihood 
convergence.check is 1.687753e-06 
Completing Iteration 54 (approx. per word bound = -54.531, relative change = 1.688e-06) 
......................................................................................................
Completed E-Step (12 seconds). 
Completed M-Step (0 seconds). 
calculate log likelihood 
convergence.check is 1.574828e-06 
Completing Iteration 55 (approx. per word bound = -54.531, relative change = 1.575e-06) 
Topic 1: Gene787, Gene339, Gene735, Gene293, Gene700 
 Topic 2: Gene996, Gene484, Gene818, Gene63, Gene700 
 Topic 3: Gene652, Gene952, Gene4, Gene483, Gene759 
 Topic 4: Gene652, Gene735, Gene745, Gene483, Gene611 
 Topic 5: Gene507, Gene612, Gene700, Gene759, Gene487 
 Topic 6: Gene339, Gene805, Gene735, Gene745, Gene221 
 Topic 7: Gene281, Gene735, Gene339, Gene652, Gene612 
 Topic 8: Gene483, Gene582, Gene698, Gene339, Gene612 
 Topic 9: Gene745, Gene996, Gene221, Gene989, Gene63 
......................................................................................................
Completed E-Step (11 seconds). 
Completed M-Step (0 seconds). 
calculate log likelihood 
convergence.check is 1.638727e-06 
Completing Iteration 56 (approx. per word bound = -54.531, relative change = 1.639e-06) 
......................................................................................................
Completed E-Step (11 seconds). 
Completed M-Step (0 seconds). 
calculate log likelihood 
convergence.check is 1.596785e-06 
Completing Iteration 57 (approx. per word bound = -54.530, relative change = 1.597e-06) 
......................................................................................................
Completed E-Step (11 seconds). 
Completed M-Step (0 seconds). 
calculate log likelihood 
convergence.check is 1.480184e-06 
Completing Iteration 58 (approx. per word bound = -54.530, relative change = 1.480e-06) 
......................................................................................................
Completed E-Step (11 seconds). 
Completed M-Step (0 seconds). 
calculate log likelihood 
convergence.check is 1.446855e-06 
Completing Iteration 59 (approx. per word bound = -54.530, relative change = 1.447e-06) 
......................................................................................................
Completed E-Step (11 seconds). 
Completed M-Step (0 seconds). 
calculate log likelihood 
convergence.check is 1.458814e-06 
Completing Iteration 60 (approx. per word bound = -54.530, relative change = 1.459e-06) 
Topic 1: Gene787, Gene339, Gene735, Gene293, Gene700 
 Topic 2: Gene996, Gene484, Gene818, Gene63, Gene652 
 Topic 3: Gene652, Gene952, Gene4, Gene483, Gene759 
 Topic 4: Gene652, Gene735, Gene745, Gene483, Gene611 
 Topic 5: Gene507, Gene612, Gene700, Gene759, Gene487 
 Topic 6: Gene339, Gene805, Gene735, Gene745, Gene221 
 Topic 7: Gene281, Gene735, Gene339, Gene652, Gene612 
 Topic 8: Gene483, Gene582, Gene698, Gene339, Gene612 
 Topic 9: Gene745, Gene996, Gene221, Gene989, Gene63 
......................................................................................................
Completed E-Step (11 seconds). 
Completed M-Step (0 seconds). 
calculate log likelihood 
convergence.check is 1.429802e-06 
Completing Iteration 61 (approx. per word bound = -54.530, relative change = 1.430e-06) 
......................................................................................................
Completed E-Step (11 seconds). 
Completed M-Step (0 seconds). 
calculate log likelihood 
convergence.check is 1.208219e-06 
Completing Iteration 62 (approx. per word bound = -54.530, relative change = 1.208e-06) 
......................................................................................................
Completed E-Step (11 seconds). 
Completed M-Step (0 seconds). 
calculate log likelihood 
convergence.check is 1.345271e-06 
Completing Iteration 63 (approx. per word bound = -54.530, relative change = 1.345e-06) 
......................................................................................................
Completed E-Step (11 seconds). 
Completed M-Step (0 seconds). 
calculate log likelihood 
convergence.check is 1.235992e-06 
Completing Iteration 64 (approx. per word bound = -54.530, relative change = 1.236e-06) 
......................................................................................................
Completed E-Step (11 seconds). 
Completed M-Step (0 seconds). 
calculate log likelihood 
convergence.check is 1.253397e-06 
Completing Iteration 65 (approx. per word bound = -54.530, relative change = 1.253e-06) 
Topic 1: Gene787, Gene339, Gene735, Gene293, Gene700 
 Topic 2: Gene996, Gene484, Gene818, Gene63, Gene652 
 Topic 3: Gene652, Gene952, Gene4, Gene483, Gene759 
 Topic 4: Gene652, Gene735, Gene745, Gene483, Gene611 
 Topic 5: Gene507, Gene612, Gene700, Gene759, Gene63 
 Topic 6: Gene339, Gene805, Gene735, Gene745, Gene221 
 Topic 7: Gene281, Gene735, Gene339, Gene652, Gene612 
 Topic 8: Gene483, Gene582, Gene698, Gene339, Gene612 
 Topic 9: Gene745, Gene996, Gene221, Gene989, Gene63 
......................................................................................................
Completed E-Step (11 seconds). 
Completed M-Step (0 seconds). 
calculate log likelihood 
convergence.check is 1.182672e-06 
Completing Iteration 66 (approx. per word bound = -54.530, relative change = 1.183e-06) 
......................................................................................................
Completed E-Step (11 seconds). 
Completed M-Step (0 seconds). 
calculate log likelihood 
convergence.check is 1.234588e-06 
Completing Iteration 67 (approx. per word bound = -54.530, relative change = 1.235e-06) 
......................................................................................................
Completed E-Step (10 seconds). 
Completed M-Step (0 seconds). 
calculate log likelihood 
convergence.check is 1.174655e-06 
Completing Iteration 68 (approx. per word bound = -54.530, relative change = 1.175e-06) 
......................................................................................................
Completed E-Step (10 seconds). 
Completed M-Step (0 seconds). 
calculate log likelihood 
convergence.check is 1.109336e-06 
Completing Iteration 69 (approx. per word bound = -54.530, relative change = 1.109e-06) 
......................................................................................................
Completed E-Step (10 seconds). 
Completed M-Step (0 seconds). 
calculate log likelihood 
convergence.check is 1.120814e-06 
Completing Iteration 70 (approx. per word bound = -54.530, relative change = 1.121e-06) 
Topic 1: Gene787, Gene339, Gene735, Gene293, Gene700 
 Topic 2: Gene996, Gene484, Gene818, Gene63, Gene652 
 Topic 3: Gene652, Gene952, Gene4, Gene483, Gene759 
 Topic 4: Gene652, Gene735, Gene745, Gene483, Gene611 
 Topic 5: Gene507, Gene612, Gene700, Gene759, Gene63 
 Topic 6: Gene339, Gene805, Gene735, Gene745, Gene221 
 Topic 7: Gene281, Gene735, Gene339, Gene652, Gene612 
 Topic 8: Gene483, Gene582, Gene698, Gene339, Gene612 
 Topic 9: Gene745, Gene996, Gene221, Gene989, Gene63 
......................................................................................................
Completed E-Step (11 seconds). 
Completed M-Step (0 seconds). 
calculate log likelihood 
convergence.check is 1.166259e-06 
Completing Iteration 71 (approx. per word bound = -54.529, relative change = 1.166e-06) 
......................................................................................................
Completed E-Step (11 seconds). 
Completed M-Step (0 seconds). 
calculate log likelihood 
convergence.check is 1.060013e-06 
Completing Iteration 72 (approx. per word bound = -54.529, relative change = 1.060e-06) 
......................................................................................................
Completed E-Step (11 seconds). 
Completed M-Step (0 seconds). 
calculate log likelihood 
convergence.check is 9.219793e-07 
Model Converged 
3 select model run 
Initialization with topicScore. 
Initializing factors using Topic SCORE algorithm.
Initializing loadings by running 10 SCD updates.
......................................................................................................
Completed E-Step (26 seconds). 
Completed M-Step (0 seconds). 
calculate log likelihood 
Completing Iteration 1 (approx. per word bound = -54.592) 
......................................................................................................
Completed E-Step (23 seconds). 
Completed M-Step (0 seconds). 
calculate log likelihood 
convergence.check is 0.0001959821 
Completing Iteration 2 (approx. per word bound = -54.581, relative change = 1.960e-04) 
......................................................................................................
Completed E-Step (22 seconds). 
Completed M-Step (0 seconds). 
calculate log likelihood 
convergence.check is 0.0001215073 
Completing Iteration 3 (approx. per word bound = -54.574, relative change = 1.215e-04) 
......................................................................................................
Completed E-Step (23 seconds). 
Completed M-Step (0 seconds). 
calculate log likelihood 
convergence.check is 9.073902e-05 
Completing Iteration 4 (approx. per word bound = -54.569, relative change = 9.074e-05) 
......................................................................................................
Completed E-Step (22 seconds). 
Completed M-Step (0 seconds). 
calculate log likelihood 
convergence.check is 7.563664e-05 
Completing Iteration 5 (approx. per word bound = -54.565, relative change = 7.564e-05) 
Topic 1: Gene582, Gene676, Gene109, Gene67, Gene546 
 Topic 2: Gene787, Gene735, Gene293, Gene339, Gene582 
 Topic 3: Gene652, Gene952, Gene4, Gene221, Gene339 
 Topic 4: Gene652, Gene745, Gene996, Gene507, Gene63 
 Topic 5: Gene759, Gene582, Gene735, Gene487, Gene483 
 Topic 6: Gene339, Gene805, Gene735, Gene507, Gene281 
 Topic 7: Gene483, Gene582, Gene735, Gene698, Gene759 
 Topic 8: Gene281, Gene735, Gene652, Gene339, Gene612 
 Topic 9: Gene996, Gene745, Gene63, Gene612, Gene221 
......................................................................................................
Completed E-Step (22 seconds). 
Completed M-Step (0 seconds). 
calculate log likelihood 
convergence.check is 7.424838e-05 
Completing Iteration 6 (approx. per word bound = -54.561, relative change = 7.425e-05) 
......................................................................................................
Completed E-Step (22 seconds). 
Completed M-Step (0 seconds). 
calculate log likelihood 
convergence.check is 8.574691e-05 
Completing Iteration 7 (approx. per word bound = -54.556, relative change = 8.575e-05) 
......................................................................................................
Completed E-Step (21 seconds). 
Completed M-Step (0 seconds). 
calculate log likelihood 
convergence.check is 0.0001007652 
Completing Iteration 8 (approx. per word bound = -54.551, relative change = 1.008e-04) 
......................................................................................................
Completed E-Step (22 seconds). 
Completed M-Step (0 seconds). 
calculate log likelihood 
convergence.check is 0.0001018082 
Completing Iteration 9 (approx. per word bound = -54.545, relative change = 1.018e-04) 
......................................................................................................
Completed E-Step (22 seconds). 
Completed M-Step (0 seconds). 
calculate log likelihood 
convergence.check is 8.492059e-05 
Completing Iteration 10 (approx. per word bound = -54.541, relative change = 8.492e-05) 
Topic 1: Gene582, Gene676, Gene67, Gene109, Gene546 
 Topic 2: Gene787, Gene735, Gene293, Gene339, Gene700 
 Topic 3: Gene652, Gene952, Gene4, Gene221, Gene339 
 Topic 4: Gene652, Gene996, Gene745, Gene507, Gene63 
 Topic 5: Gene759, Gene582, Gene735, Gene487, Gene483 
 Topic 6: Gene339, Gene805, Gene735, Gene281, Gene507 
 Topic 7: Gene483, Gene582, Gene735, Gene698, Gene759 
 Topic 8: Gene281, Gene735, Gene652, Gene339, Gene612 
 Topic 9: Gene996, Gene745, Gene221, Gene63, Gene989 
......................................................................................................
Completed E-Step (21 seconds). 
Completed M-Step (0 seconds). 
calculate log likelihood 
convergence.check is 5.693371e-05 
Completing Iteration 11 (approx. per word bound = -54.538, relative change = 5.693e-05) 
......................................................................................................
Completed E-Step (20 seconds). 
Completed M-Step (0 seconds). 
calculate log likelihood 
convergence.check is 3.157222e-05 
Completing Iteration 12 (approx. per word bound = -54.536, relative change = 3.157e-05) 
......................................................................................................
Completed E-Step (19 seconds). 
Completed M-Step (0 seconds). 
calculate log likelihood 
convergence.check is 2.033001e-05 
Completing Iteration 13 (approx. per word bound = -54.535, relative change = 2.033e-05) 
......................................................................................................
Completed E-Step (19 seconds). 
Completed M-Step (0 seconds). 
calculate log likelihood 
convergence.check is 1.32647e-05 
Completing Iteration 14 (approx. per word bound = -54.534, relative change = 1.326e-05) 
......................................................................................................
Completed E-Step (18 seconds). 
Completed M-Step (0 seconds). 
calculate log likelihood 
convergence.check is 9.058555e-06 
Completing Iteration 15 (approx. per word bound = -54.534, relative change = 9.059e-06) 
Topic 1: Gene582, Gene676, Gene67, Gene109, Gene546 
 Topic 2: Gene787, Gene735, Gene293, Gene339, Gene582 
 Topic 3: Gene952, Gene652, Gene4, Gene221, Gene339 
 Topic 4: Gene652, Gene996, Gene745, Gene507, Gene612 
 Topic 5: Gene759, Gene735, Gene582, Gene487, Gene483 
 Topic 6: Gene339, Gene805, Gene735, Gene281, Gene652 
 Topic 7: Gene483, Gene582, Gene735, Gene698, Gene759 
 Topic 8: Gene281, Gene735, Gene652, Gene339, Gene612 
 Topic 9: Gene996, Gene745, Gene221, Gene63, Gene989 
......................................................................................................
Completed E-Step (17 seconds). 
Completed M-Step (0 seconds). 
calculate log likelihood 
convergence.check is 6.97347e-06 
Completing Iteration 16 (approx. per word bound = -54.533, relative change = 6.973e-06) 
......................................................................................................
Completed E-Step (16 seconds). 
Completed M-Step (0 seconds). 
calculate log likelihood 
convergence.check is 5.36946e-06 
Completing Iteration 17 (approx. per word bound = -54.533, relative change = 5.369e-06) 
......................................................................................................
Completed E-Step (15 seconds). 
Completed M-Step (0 seconds). 
calculate log likelihood 
convergence.check is 4.761483e-06 
Completing Iteration 18 (approx. per word bound = -54.533, relative change = 4.761e-06) 
......................................................................................................
Completed E-Step (15 seconds). 
Completed M-Step (0 seconds). 
calculate log likelihood 
convergence.check is 4.267979e-06 
Completing Iteration 19 (approx. per word bound = -54.532, relative change = 4.268e-06) 
......................................................................................................
Completed E-Step (16 seconds). 
Completed M-Step (0 seconds). 
calculate log likelihood 
convergence.check is 3.853472e-06 
Completing Iteration 20 (approx. per word bound = -54.532, relative change = 3.853e-06) 
Topic 1: Gene582, Gene676, Gene67, Gene109, Gene546 
 Topic 2: Gene787, Gene735, Gene293, Gene339, Gene582 
 Topic 3: Gene952, Gene652, Gene4, Gene221, Gene339 
 Topic 4: Gene652, Gene996, Gene745, Gene507, Gene612 
 Topic 5: Gene735, Gene759, Gene582, Gene487, Gene483 
 Topic 6: Gene339, Gene805, Gene735, Gene281, Gene652 
 Topic 7: Gene483, Gene582, Gene698, Gene735, Gene759 
 Topic 8: Gene281, Gene735, Gene652, Gene339, Gene612 
 Topic 9: Gene996, Gene745, Gene221, Gene63, Gene989 
......................................................................................................
Completed E-Step (14 seconds). 
Completed M-Step (0 seconds). 
calculate log likelihood 
convergence.check is 3.216973e-06 
Completing Iteration 21 (approx. per word bound = -54.532, relative change = 3.217e-06) 
......................................................................................................
Completed E-Step (14 seconds). 
Completed M-Step (0 seconds). 
calculate log likelihood 
convergence.check is 3.085884e-06 
Completing Iteration 22 (approx. per word bound = -54.532, relative change = 3.086e-06) 
......................................................................................................
Completed E-Step (13 seconds). 
Completed M-Step (0 seconds). 
calculate log likelihood 
convergence.check is 2.543997e-06 
Completing Iteration 23 (approx. per word bound = -54.532, relative change = 2.544e-06) 
......................................................................................................
Completed E-Step (13 seconds). 
Completed M-Step (0 seconds). 
calculate log likelihood 
convergence.check is 2.633207e-06 
Completing Iteration 24 (approx. per word bound = -54.532, relative change = 2.633e-06) 
......................................................................................................
Completed E-Step (13 seconds). 
Completed M-Step (0 seconds). 
calculate log likelihood 
convergence.check is 2.354614e-06 
Completing Iteration 25 (approx. per word bound = -54.531, relative change = 2.355e-06) 
Topic 1: Gene582, Gene676, Gene67, Gene546, Gene109 
 Topic 2: Gene787, Gene735, Gene293, Gene339, Gene582 
 Topic 3: Gene952, Gene652, Gene4, Gene221, Gene339 
 Topic 4: Gene652, Gene996, Gene745, Gene507, Gene612 
 Topic 5: Gene735, Gene759, Gene582, Gene487, Gene483 
 Topic 6: Gene339, Gene805, Gene735, Gene281, Gene652 
 Topic 7: Gene483, Gene582, Gene698, Gene735, Gene759 
 Topic 8: Gene281, Gene735, Gene652, Gene339, Gene612 
 Topic 9: Gene996, Gene745, Gene221, Gene63, Gene989 
......................................................................................................
Completed E-Step (13 seconds). 
Completed M-Step (0 seconds). 
calculate log likelihood 
convergence.check is 2.13465e-06 
Completing Iteration 26 (approx. per word bound = -54.531, relative change = 2.135e-06) 
......................................................................................................
Completed E-Step (12 seconds). 
Completed M-Step (0 seconds). 
calculate log likelihood 
convergence.check is 1.975819e-06 
Completing Iteration 27 (approx. per word bound = -54.531, relative change = 1.976e-06) 
......................................................................................................
Completed E-Step (11 seconds). 
Completed M-Step (0 seconds). 
calculate log likelihood 
convergence.check is 1.992734e-06 
Completing Iteration 28 (approx. per word bound = -54.531, relative change = 1.993e-06) 
......................................................................................................
Completed E-Step (11 seconds). 
Completed M-Step (0 seconds). 
calculate log likelihood 
convergence.check is 1.657778e-06 
Completing Iteration 29 (approx. per word bound = -54.531, relative change = 1.658e-06) 
......................................................................................................
Completed E-Step (11 seconds). 
Completed M-Step (0 seconds). 
calculate log likelihood 
convergence.check is 1.815788e-06 
Completing Iteration 30 (approx. per word bound = -54.531, relative change = 1.816e-06) 
Topic 1: Gene582, Gene676, Gene67, Gene546, Gene109 
 Topic 2: Gene787, Gene735, Gene339, Gene293, Gene582 
 Topic 3: Gene952, Gene652, Gene4, Gene221, Gene339 
 Topic 4: Gene652, Gene996, Gene745, Gene507, Gene612 
 Topic 5: Gene735, Gene759, Gene582, Gene487, Gene483 
 Topic 6: Gene339, Gene805, Gene735, Gene281, Gene652 
 Topic 7: Gene483, Gene582, Gene698, Gene735, Gene759 
 Topic 8: Gene281, Gene735, Gene652, Gene339, Gene612 
 Topic 9: Gene996, Gene745, Gene221, Gene63, Gene989 
......................................................................................................
Completed E-Step (11 seconds). 
Completed M-Step (0 seconds). 
calculate log likelihood 
convergence.check is 1.757913e-06 
Completing Iteration 31 (approx. per word bound = -54.531, relative change = 1.758e-06) 
......................................................................................................
Completed E-Step (11 seconds). 
Completed M-Step (0 seconds). 
calculate log likelihood 
convergence.check is 1.408651e-06 
Completing Iteration 32 (approx. per word bound = -54.531, relative change = 1.409e-06) 
......................................................................................................
Completed E-Step (10 seconds). 
Completed M-Step (0 seconds). 
calculate log likelihood 
convergence.check is 2.687013e-07 
Model Converged 
