sims_1715992067_pos_L2_c9.rds 
Found 6 batches
Using null model in ComBat-seq.
Adjusting for 0 covariate(s) or covariate level(s)
Estimating dispersions
Fitting the GLM model
Shrinkage off - using GLM estimates for parameters
Adjusting the data
Batch Effect Removed 
        R/alignCorpus.R R/asSTMCorpus.R R/checkBeta.R R/cloud.R
value   ?               ?               ?             ?        
visible FALSE           FALSE           FALSE         FALSE    
        R/CompositionChange.R R/convertCorpus.R R/estimateEffect.R
value   ?                     ?                 ?                 
visible FALSE                 FALSE             FALSE             
        R/estimateMixedEffect.R R/exclusivity.R R/findThoughts.R R/findTopic.R
value   ?                       ?               ?                ?            
visible FALSE                   FALSE           FALSE            FALSE        
        R/fitNewDocuments.R R/heldout.R R/jeffreyskappa.R R/labelTopics.R
value   ?                   ?           ?                 ?              
visible FALSE               FALSE       FALSE             FALSE          
        R/makeDesignMatrix.R R/manyTopics.R R/multiSTM.R R/optimalK.R
value   ?                    ?              ?            ?           
visible FALSE                FALSE          FALSE        FALSE       
        R/permute.R R/plot.estimateEffect.R R/plot.fixedEffect.R
value   ?           ?                       ?                   
visible FALSE       FALSE                   FALSE               
        R/plot.searchK.R R/plot.STM.R R/plotModels.R R/plotQuote.R
value   ?                ?            ?              ?            
visible FALSE            FALSE        FALSE          FALSE        
        R/plotRemoved.R R/plottingutilfns.R R/plotTopicLoess.R
value   ?               ?                   ?                 
visible FALSE           FALSE               FALSE             
        R/prepDocuments.R R/prepsce.R R/produce_cmatrix.R R/RcppExports.R
value   ?                 ?           ?                   ?              
visible FALSE             FALSE       FALSE               FALSE          
        R/readCorpus.R R/residuals.R R/s.R R/sageLabels.R R/scSTM.R
value   ?              ?             ?     ?              ?        
visible FALSE          FALSE         FALSE FALSE          FALSE    
        R/selectModel.R R/semanticCoherence.R R/simBetas.R R/spectral.R
value   ?               ?                     ?            ?           
visible FALSE           FALSE                 FALSE        FALSE       
        R/stm-package.R R/stm.control.R R/STMbound.R R/STMconvergence.R
value   NULL            ?               ?            ?                 
visible TRUE            FALSE           FALSE        FALSE             
        R/STMestep.R R/STMfunctions.R R/STMinit.R R/STMinitLikelihood.R
value   ?            ?                ?           ?                    
visible FALSE        FALSE            FALSE       FALSE                
        R/STMlncpp.R R/STMmnreg.R R/STMmu.R R/STMoptbeta.R R/STMreport.R
value   ?            ?            ?         ?              ?            
visible FALSE        FALSE        FALSE     FALSE          FALSE        
        R/STMsigma.R R/STMsigs.R R/STMsubset.R R/summary.STM.R R/tau.R
value   ?            ?           ?             ?               ?      
visible FALSE        FALSE       FALSE         FALSE           FALSE  
        R/textProcessor.R R/thetaPosterior.R R/toLDAvis.R R/topicCorr.R
value   ?                 ?                  ?            ?            
visible FALSE             FALSE              FALSE        FALSE        
        R/topicLasso.R R/topicQuality.R R/writeLdac.R R/zzz.R
value   ?              ?                ?             ?      
visible FALSE          FALSE            FALSE         FALSE  
Casting net 
1 models in net 
Initialization with topicScore. 
Initializing factors using Topic SCORE algorithm.
Initializing loadings by running 10 SCD updates.
......................................................................................................
Completed E-Step (27 seconds). 
Completed M-Step (0 seconds). 
calculate log likelihood 
Completing Iteration 1 (approx. per word bound = -41.740) 
......................................................................................................
Completed E-Step (21 seconds). 
Completed M-Step (0 seconds). 
calculate log likelihood 
convergence.check is 0.0002012031 
Completing Iteration 2 (approx. per word bound = -41.732, relative change = 2.012e-04) 
......................................................................................................
Completed E-Step (21 seconds). 
Completed M-Step (0 seconds). 
calculate log likelihood 
convergence.check is 0.0001130698 
Model Terminated Before Convergence Reached 
2 models in net 
Initialization with topicScore. 
Initializing factors using Topic SCORE algorithm.
Initializing loadings by running 10 SCD updates.
......................................................................................................
Completed E-Step (31 seconds). 
Completed M-Step (0 seconds). 
calculate log likelihood 
Completing Iteration 1 (approx. per word bound = -41.799) 
......................................................................................................
Completed E-Step (21 seconds). 
Completed M-Step (0 seconds). 
calculate log likelihood 
convergence.check is 0.0005917365 
Completing Iteration 2 (approx. per word bound = -41.774, relative change = 5.917e-04) 
......................................................................................................
Completed E-Step (20 seconds). 
Completed M-Step (0 seconds). 
calculate log likelihood 
convergence.check is 0.0003168902 
Model Terminated Before Convergence Reached 
3 models in net 
Initialization with topicScore. 
Initializing factors using Topic SCORE algorithm.
Initializing loadings by running 10 SCD updates.
......................................................................................................
Completed E-Step (28 seconds). 
Completed M-Step (0 seconds). 
calculate log likelihood 
Completing Iteration 1 (approx. per word bound = -41.767) 
......................................................................................................
Completed E-Step (22 seconds). 
Completed M-Step (0 seconds). 
calculate log likelihood 
convergence.check is 0.0002822672 
Completing Iteration 2 (approx. per word bound = -41.755, relative change = 2.823e-04) 
......................................................................................................
Completed E-Step (21 seconds). 
Completed M-Step (0 seconds). 
calculate log likelihood 
convergence.check is 0.0001414277 
Model Terminated Before Convergence Reached 
4 models in net 
Initialization with topicScore. 
Initializing factors using Topic SCORE algorithm.
Initializing loadings by running 10 SCD updates.
......................................................................................................
Completed E-Step (25 seconds). 
Completed M-Step (0 seconds). 
calculate log likelihood 
Completing Iteration 1 (approx. per word bound = -41.759) 
......................................................................................................
Completed E-Step (21 seconds). 
Completed M-Step (0 seconds). 
calculate log likelihood 
convergence.check is 0.0002408688 
Completing Iteration 2 (approx. per word bound = -41.749, relative change = 2.409e-04) 
......................................................................................................
Completed E-Step (20 seconds). 
Completed M-Step (0 seconds). 
calculate log likelihood 
convergence.check is 0.0001289408 
Model Terminated Before Convergence Reached 
5 models in net 
Initialization with topicScore. 
Initializing factors using Topic SCORE algorithm.
Initializing loadings by running 10 SCD updates.
......................................................................................................
Completed E-Step (33 seconds). 
Completed M-Step (0 seconds). 
calculate log likelihood 
Completing Iteration 1 (approx. per word bound = -41.800) 
......................................................................................................
Completed E-Step (22 seconds). 
Completed M-Step (0 seconds). 
calculate log likelihood 
convergence.check is 0.0005798342 
Completing Iteration 2 (approx. per word bound = -41.776, relative change = 5.798e-04) 
......................................................................................................
Completed E-Step (21 seconds). 
Completed M-Step (0 seconds). 
calculate log likelihood 
convergence.check is 0.0002927219 
Model Terminated Before Convergence Reached 
6 models in net 
Initialization with topicScore. 
Initializing factors using Topic SCORE algorithm.
Initializing loadings by running 10 SCD updates.
......................................................................................................
Completed E-Step (32 seconds). 
Completed M-Step (0 seconds). 
calculate log likelihood 
Completing Iteration 1 (approx. per word bound = -41.815) 
......................................................................................................
Completed E-Step (21 seconds). 
Completed M-Step (0 seconds). 
calculate log likelihood 
convergence.check is 0.0005359791 
Completing Iteration 2 (approx. per word bound = -41.793, relative change = 5.360e-04) 
......................................................................................................
Completed E-Step (22 seconds). 
Completed M-Step (0 seconds). 
calculate log likelihood 
convergence.check is 0.0003566662 
Model Terminated Before Convergence Reached 
7 models in net 
Initialization with topicScore. 
Initializing factors using Topic SCORE algorithm.
Initializing loadings by running 10 SCD updates.
......................................................................................................
Completed E-Step (27 seconds). 
Completed M-Step (0 seconds). 
calculate log likelihood 
Completing Iteration 1 (approx. per word bound = -41.758) 
......................................................................................................
Completed E-Step (21 seconds). 
Completed M-Step (0 seconds). 
calculate log likelihood 
convergence.check is 0.0001842665 
Completing Iteration 2 (approx. per word bound = -41.750, relative change = 1.843e-04) 
......................................................................................................
Completed E-Step (20 seconds). 
Completed M-Step (0 seconds). 
calculate log likelihood 
convergence.check is 0.000110008 
Model Terminated Before Convergence Reached 
8 models in net 
Initialization with topicScore. 
Initializing factors using Topic SCORE algorithm.
Initializing loadings by running 10 SCD updates.
......................................................................................................
Completed E-Step (28 seconds). 
Completed M-Step (0 seconds). 
calculate log likelihood 
Completing Iteration 1 (approx. per word bound = -41.756) 
......................................................................................................
Completed E-Step (21 seconds). 
Completed M-Step (0 seconds). 
calculate log likelihood 
convergence.check is 0.0002610956 
Completing Iteration 2 (approx. per word bound = -41.745, relative change = 2.611e-04) 
......................................................................................................
Completed E-Step (21 seconds). 
Completed M-Step (0 seconds). 
calculate log likelihood 
convergence.check is 0.0001502352 
Model Terminated Before Convergence Reached 
9 models in net 
Initialization with topicScore. 
Initializing factors using Topic SCORE algorithm.
Initializing loadings by running 10 SCD updates.
......................................................................................................
Completed E-Step (30 seconds). 
Completed M-Step (0 seconds). 
calculate log likelihood 
Completing Iteration 1 (approx. per word bound = -41.778) 
......................................................................................................
Completed E-Step (21 seconds). 
Completed M-Step (0 seconds). 
calculate log likelihood 
convergence.check is 0.000372098 
Completing Iteration 2 (approx. per word bound = -41.762, relative change = 3.721e-04) 
......................................................................................................
Completed E-Step (20 seconds). 
Completed M-Step (0 seconds). 
calculate log likelihood 
convergence.check is 0.0002571136 
Model Terminated Before Convergence Reached 
10 models in net 
Initialization with topicScore. 
Initializing factors using Topic SCORE algorithm.
Initializing loadings by running 10 SCD updates.
......................................................................................................
Completed E-Step (29 seconds). 
Completed M-Step (0 seconds). 
calculate log likelihood 
Completing Iteration 1 (approx. per word bound = -41.779) 
......................................................................................................
Completed E-Step (21 seconds). 
Completed M-Step (0 seconds). 
calculate log likelihood 
convergence.check is 0.0003904043 
Completing Iteration 2 (approx. per word bound = -41.762, relative change = 3.904e-04) 
......................................................................................................
Completed E-Step (20 seconds). 
Completed M-Step (0 seconds). 
calculate log likelihood 
convergence.check is 0.0002258189 
Model Terminated Before Convergence Reached 
11 models in net 
Beginning Spectral Initialization 
	 Calculating the gram matrix...
	 Finding anchor words...
 	.........
	 Recovering initialization...
 	......
Initialization complete.
......................................................................................................
Completed E-Step (31 seconds). 
Completed M-Step (0 seconds). 
calculate log likelihood 
Completing Iteration 1 (approx. per word bound = -41.757) 
......................................................................................................
Completed E-Step (18 seconds). 
Completed M-Step (0 seconds). 
calculate log likelihood 
convergence.check is 0.001002337 
Completing Iteration 2 (approx. per word bound = -41.715, relative change = 1.002e-03) 
......................................................................................................
Completed E-Step (16 seconds). 
Completed M-Step (0 seconds). 
calculate log likelihood 
convergence.check is 0.0003876 
Model Terminated Before Convergence Reached 
12 models in net 
Beginning Random Initialization 
Initialization with Poisson NMF 
......................................................................................................
Completed E-Step (37 seconds). 
Completed M-Step (0 seconds). 
calculate log likelihood 
Completing Iteration 1 (approx. per word bound = -53.299) 
......................................................................................................
Completed E-Step (25 seconds). 
Completed M-Step (0 seconds). 
calculate log likelihood 
convergence.check is 0.2142075 
Completing Iteration 2 (approx. per word bound = -41.882, relative change = 2.142e-01) 
......................................................................................................
Completed E-Step (22 seconds). 
Completed M-Step (0 seconds). 
calculate log likelihood 
convergence.check is 0.0002999736 
Model Terminated Before Convergence Reached 
13 models in net 
Beginning Random Initialization 
Initialization with Poisson NMF 
......................................................................................................
Completed E-Step (30 seconds). 
Completed M-Step (0 seconds). 
calculate log likelihood 
Completing Iteration 1 (approx. per word bound = -53.128) 
......................................................................................................
Completed E-Step (17 seconds). 
Completed M-Step (0 seconds). 
calculate log likelihood 
convergence.check is 0.211446 
Completing Iteration 2 (approx. per word bound = -41.894, relative change = 2.114e-01) 
......................................................................................................
Completed E-Step (15 seconds). 
Completed M-Step (0 seconds). 
calculate log likelihood 
convergence.check is 0.0003895587 
Model Terminated Before Convergence Reached 
14 models in net 
Beginning Random Initialization 
Initialization with Poisson NMF 
......................................................................................................
Completed E-Step (24 seconds). 
Completed M-Step (0 seconds). 
calculate log likelihood 
Completing Iteration 1 (approx. per word bound = -52.913) 
......................................................................................................
Completed E-Step (16 seconds). 
Completed M-Step (0 seconds). 
calculate log likelihood 
convergence.check is 0.2083515 
Completing Iteration 2 (approx. per word bound = -41.889, relative change = 2.084e-01) 
......................................................................................................
Completed E-Step (14 seconds). 
Completed M-Step (0 seconds). 
calculate log likelihood 
convergence.check is 0.0004282027 
Model Terminated Before Convergence Reached 
15 models in net 
Beginning Random Initialization 
Initialization with Poisson NMF 
......................................................................................................
Completed E-Step (23 seconds). 
Completed M-Step (0 seconds). 
calculate log likelihood 
Completing Iteration 1 (approx. per word bound = -53.032) 
......................................................................................................
Completed E-Step (19 seconds). 
Completed M-Step (0 seconds). 
calculate log likelihood 
convergence.check is 0.2099612 
Completing Iteration 2 (approx. per word bound = -41.897, relative change = 2.100e-01) 
......................................................................................................
Completed E-Step (15 seconds). 
Completed M-Step (0 seconds). 
calculate log likelihood 
convergence.check is 0.0003574429 
Model Terminated Before Convergence Reached 
16 models in net 
Beginning Random Initialization 
Initialization with Poisson NMF 
......................................................................................................
Completed E-Step (25 seconds). 
Completed M-Step (0 seconds). 
calculate log likelihood 
Completing Iteration 1 (approx. per word bound = -52.905) 
......................................................................................................
Completed E-Step (18 seconds). 
Completed M-Step (0 seconds). 
calculate log likelihood 
convergence.check is 0.2082328 
Completing Iteration 2 (approx. per word bound = -41.888, relative change = 2.082e-01) 
......................................................................................................
Completed E-Step (24 seconds). 
Completed M-Step (0 seconds). 
calculate log likelihood 
convergence.check is 0.000516827 
Model Terminated Before Convergence Reached 
17 models in net 
Beginning Random Initialization 
Initialization with Poisson NMF 
......................................................................................................
Completed E-Step (40 seconds). 
Completed M-Step (0 seconds). 
calculate log likelihood 
Completing Iteration 1 (approx. per word bound = -52.647) 
......................................................................................................
Completed E-Step (28 seconds). 
Completed M-Step (0 seconds). 
calculate log likelihood 
convergence.check is 0.2042532 
Completing Iteration 2 (approx. per word bound = -41.894, relative change = 2.043e-01) 
......................................................................................................
Completed E-Step (25 seconds). 
Completed M-Step (0 seconds). 
calculate log likelihood 
convergence.check is 0.000470309 
Model Terminated Before Convergence Reached 
18 models in net 
Beginning Random Initialization 
Initialization with Poisson NMF 
......................................................................................................
Completed E-Step (43 seconds). 
Completed M-Step (0 seconds). 
calculate log likelihood 
Completing Iteration 1 (approx. per word bound = -53.338) 
......................................................................................................
Completed E-Step (31 seconds). 
Completed M-Step (0 seconds). 
calculate log likelihood 
convergence.check is 0.2145764 
Completing Iteration 2 (approx. per word bound = -41.893, relative change = 2.146e-01) 
......................................................................................................
Completed E-Step (28 seconds). 
Completed M-Step (0 seconds). 
calculate log likelihood 
convergence.check is 0.0002481776 
Model Terminated Before Convergence Reached 
19 models in net 
Beginning Random Initialization 
Initialization with Poisson NMF 
......................................................................................................
Completed E-Step (42 seconds). 
Completed M-Step (0 seconds). 
calculate log likelihood 
Completing Iteration 1 (approx. per word bound = -53.290) 
......................................................................................................
Completed E-Step (30 seconds). 
Completed M-Step (0 seconds). 
calculate log likelihood 
convergence.check is 0.2138669 
Completing Iteration 2 (approx. per word bound = -41.893, relative change = 2.139e-01) 
......................................................................................................
Completed E-Step (25 seconds). 
Completed M-Step (0 seconds). 
calculate log likelihood 
convergence.check is 0.0005534787 
Model Terminated Before Convergence Reached 
20 models in net 
Beginning Random Initialization 
Initialization with Poisson NMF 
......................................................................................................
Completed E-Step (39 seconds). 
Completed M-Step (0 seconds). 
calculate log likelihood 
Completing Iteration 1 (approx. per word bound = -52.654) 
......................................................................................................
Completed E-Step (31 seconds). 
Completed M-Step (0 seconds). 
calculate log likelihood 
convergence.check is 0.2043348 
Completing Iteration 2 (approx. per word bound = -41.895, relative change = 2.043e-01) 
......................................................................................................
Completed E-Step (26 seconds). 
Completed M-Step (0 seconds). 
calculate log likelihood 
convergence.check is 0.0004986388 
Model Terminated Before Convergence Reached 
21 models in net 
Beginning Random Initialization 
Initialization with Poisson NMF 
......................................................................................................
Completed E-Step (41 seconds). 
Completed M-Step (0 seconds). 
calculate log likelihood 
Completing Iteration 1 (approx. per word bound = -52.963) 
......................................................................................................
Completed E-Step (26 seconds). 
Completed M-Step (0 seconds). 
calculate log likelihood 
convergence.check is 0.2091456 
Completing Iteration 2 (approx. per word bound = -41.886, relative change = 2.091e-01) 
......................................................................................................
Completed E-Step (24 seconds). 
Completed M-Step (0 seconds). 
calculate log likelihood 
convergence.check is 0.0006353395 
Model Terminated Before Convergence Reached 
Running select models 
1 select model run 
Beginning Spectral Initialization 
	 Calculating the gram matrix...
	 Finding anchor words...
 	.........
	 Recovering initialization...
 	......
Initialization complete.
......................................................................................................
Completed E-Step (36 seconds). 
Completed M-Step (0 seconds). 
calculate log likelihood 
Completing Iteration 1 (approx. per word bound = -41.757) 
......................................................................................................
Completed E-Step (21 seconds). 
Completed M-Step (0 seconds). 
calculate log likelihood 
convergence.check is 0.001002337 
Completing Iteration 2 (approx. per word bound = -41.715, relative change = 1.002e-03) 
......................................................................................................
Completed E-Step (19 seconds). 
Completed M-Step (0 seconds). 
calculate log likelihood 
convergence.check is 0.0003876 
Completing Iteration 3 (approx. per word bound = -41.699, relative change = 3.876e-04) 
......................................................................................................
Completed E-Step (17 seconds). 
Completed M-Step (0 seconds). 
calculate log likelihood 
convergence.check is 0.000149453 
Completing Iteration 4 (approx. per word bound = -41.693, relative change = 1.495e-04) 
......................................................................................................
Completed E-Step (16 seconds). 
Completed M-Step (0 seconds). 
calculate log likelihood 
convergence.check is 6.693445e-05 
Completing Iteration 5 (approx. per word bound = -41.690, relative change = 6.693e-05) 
Topic 1: Gene463, Gene1439, Gene1009, Gene1365, Gene263 
 Topic 2: Gene1439, Gene71, Gene1009, Gene263, Gene183 
 Topic 3: Gene1310, Gene1009, Gene71, Gene183, Gene1403 
 Topic 4: Gene1009, Gene1237, Gene978, Gene1080, Gene120 
 Topic 5: Gene1009, Gene183, Gene463, Gene1365, Gene978 
 Topic 6: Gene1009, Gene120, Gene71, Gene1080, Gene1365 
 Topic 7: Gene71, Gene1009, Gene1375, Gene1080, Gene120 
 Topic 8: Gene1009, Gene183, Gene71, Gene1439, Gene1080 
 Topic 9: Gene211, Gene1009, Gene71, Gene183, Gene1080 
......................................................................................................
Completed E-Step (15 seconds). 
Completed M-Step (0 seconds). 
calculate log likelihood 
convergence.check is 2.974514e-05 
Completing Iteration 6 (approx. per word bound = -41.688, relative change = 2.975e-05) 
......................................................................................................
Completed E-Step (15 seconds). 
Completed M-Step (0 seconds). 
calculate log likelihood 
convergence.check is 1.465115e-05 
Completing Iteration 7 (approx. per word bound = -41.688, relative change = 1.465e-05) 
......................................................................................................
Completed E-Step (14 seconds). 
Completed M-Step (0 seconds). 
calculate log likelihood 
convergence.check is 8.45669e-06 
Completing Iteration 8 (approx. per word bound = -41.688, relative change = 8.457e-06) 
......................................................................................................
Completed E-Step (13 seconds). 
Completed M-Step (0 seconds). 
calculate log likelihood 
convergence.check is 3.55967e-06 
Completing Iteration 9 (approx. per word bound = -41.687, relative change = 3.560e-06) 
......................................................................................................
Completed E-Step (11 seconds). 
Completed M-Step (0 seconds). 
calculate log likelihood 
convergence.check is 2.538437e-06 
Completing Iteration 10 (approx. per word bound = -41.687, relative change = 2.538e-06) 
Topic 1: Gene463, Gene1009, Gene1439, Gene1365, Gene263 
 Topic 2: Gene1439, Gene71, Gene263, Gene1009, Gene183 
 Topic 3: Gene1310, Gene1009, Gene71, Gene1403, Gene183 
 Topic 4: Gene1009, Gene1237, Gene978, Gene1080, Gene120 
 Topic 5: Gene1009, Gene183, Gene463, Gene1365, Gene978 
 Topic 6: Gene1009, Gene120, Gene71, Gene1080, Gene1365 
 Topic 7: Gene71, Gene1009, Gene1375, Gene1080, Gene120 
 Topic 8: Gene183, Gene1009, Gene71, Gene1439, Gene1080 
 Topic 9: Gene211, Gene1009, Gene71, Gene183, Gene1080 
......................................................................................................
Completed E-Step (11 seconds). 
Completed M-Step (0 seconds). 
calculate log likelihood 
convergence.check is 1.225364e-06 
Completing Iteration 11 (approx. per word bound = -41.687, relative change = 1.225e-06) 
......................................................................................................
Completed E-Step (10 seconds). 
Completed M-Step (0 seconds). 
calculate log likelihood 
convergence.check is 1.060832e-06 
Completing Iteration 12 (approx. per word bound = -41.687, relative change = 1.061e-06) 
......................................................................................................
Completed E-Step (6 seconds). 
Completed M-Step (0 seconds). 
calculate log likelihood 
convergence.check is 1.172922e-06 
Completing Iteration 13 (approx. per word bound = -41.687, relative change = 1.173e-06) 
......................................................................................................
Completed E-Step (5 seconds). 
Completed M-Step (0 seconds). 
calculate log likelihood 
convergence.check is 4.739778e-07 
Model Converged 
2 select model run 
Initialization with topicScore. 
Initializing factors using Topic SCORE algorithm.
Initializing loadings by running 10 SCD updates.
......................................................................................................
Completed E-Step (18 seconds). 
Completed M-Step (0 seconds). 
calculate log likelihood 
Completing Iteration 1 (approx. per word bound = -41.740) 
......................................................................................................
Completed E-Step (15 seconds). 
Completed M-Step (0 seconds). 
calculate log likelihood 
convergence.check is 0.0002012031 
Completing Iteration 2 (approx. per word bound = -41.732, relative change = 2.012e-04) 
......................................................................................................
Completed E-Step (14 seconds). 
Completed M-Step (0 seconds). 
calculate log likelihood 
convergence.check is 0.0001130698 
Completing Iteration 3 (approx. per word bound = -41.727, relative change = 1.131e-04) 
......................................................................................................
Completed E-Step (15 seconds). 
Completed M-Step (0 seconds). 
calculate log likelihood 
convergence.check is 7.757239e-05 
Completing Iteration 4 (approx. per word bound = -41.724, relative change = 7.757e-05) 
......................................................................................................
Completed E-Step (13 seconds). 
Completed M-Step (0 seconds). 
calculate log likelihood 
convergence.check is 5.751894e-05 
Completing Iteration 5 (approx. per word bound = -41.721, relative change = 5.752e-05) 
Topic 1: Gene1310, Gene120, Gene1049, Gene1009, Gene71 
 Topic 2: Gene463, Gene1365, Gene71, Gene1428, Gene1310 
 Topic 3: Gene1439, Gene71, Gene183, Gene1119, Gene1080 
 Topic 4: Gene120, Gene1156, Gene1009, Gene1080, Gene481 
 Topic 5: Gene1009, Gene1365, Gene463, Gene1375, Gene1428 
 Topic 6: Gene1439, Gene263, Gene1009, Gene1365, Gene71 
 Topic 7: Gene71, Gene183, Gene48, Gene928, Gene1237 
 Topic 8: Gene211, Gene1428, Gene1310, Gene1403, Gene1375 
 Topic 9: Gene183, Gene1009, Gene1365, Gene978, Gene1237 
......................................................................................................
Completed E-Step (13 seconds). 
Completed M-Step (0 seconds). 
calculate log likelihood 
convergence.check is 4.476722e-05 
Completing Iteration 6 (approx. per word bound = -41.720, relative change = 4.477e-05) 
......................................................................................................
Completed E-Step (13 seconds). 
Completed M-Step (0 seconds). 
calculate log likelihood 
convergence.check is 3.605524e-05 
Completing Iteration 7 (approx. per word bound = -41.718, relative change = 3.606e-05) 
......................................................................................................
Completed E-Step (13 seconds). 
Completed M-Step (0 seconds). 
calculate log likelihood 
convergence.check is 3.033282e-05 
Completing Iteration 8 (approx. per word bound = -41.717, relative change = 3.033e-05) 
......................................................................................................
Completed E-Step (13 seconds). 
Completed M-Step (0 seconds). 
calculate log likelihood 
convergence.check is 2.582286e-05 
Completing Iteration 9 (approx. per word bound = -41.716, relative change = 2.582e-05) 
......................................................................................................
Completed E-Step (12 seconds). 
Completed M-Step (0 seconds). 
calculate log likelihood 
convergence.check is 2.276151e-05 
Completing Iteration 10 (approx. per word bound = -41.715, relative change = 2.276e-05) 
Topic 1: Gene1310, Gene1049, Gene120, Gene71, Gene1428 
 Topic 2: Gene463, Gene1365, Gene71, Gene1428, Gene999 
 Topic 3: Gene1439, Gene71, Gene183, Gene1119, Gene1080 
 Topic 4: Gene120, Gene1156, Gene1009, Gene1080, Gene1428 
 Topic 5: Gene1009, Gene1365, Gene1375, Gene463, Gene1428 
 Topic 6: Gene1439, Gene1009, Gene263, Gene1365, Gene71 
 Topic 7: Gene71, Gene183, Gene48, Gene928, Gene1237 
 Topic 8: Gene211, Gene1428, Gene1310, Gene1403, Gene1095 
 Topic 9: Gene183, Gene1009, Gene1365, Gene978, Gene1237 
......................................................................................................
Completed E-Step (12 seconds). 
Completed M-Step (0 seconds). 
calculate log likelihood 
convergence.check is 2.054027e-05 
Completing Iteration 11 (approx. per word bound = -41.714, relative change = 2.054e-05) 
......................................................................................................
Completed E-Step (12 seconds). 
Completed M-Step (0 seconds). 
calculate log likelihood 
convergence.check is 1.817092e-05 
Completing Iteration 12 (approx. per word bound = -41.713, relative change = 1.817e-05) 
......................................................................................................
Completed E-Step (12 seconds). 
Completed M-Step (0 seconds). 
calculate log likelihood 
convergence.check is 1.657175e-05 
Completing Iteration 13 (approx. per word bound = -41.712, relative change = 1.657e-05) 
......................................................................................................
Completed E-Step (12 seconds). 
Completed M-Step (0 seconds). 
calculate log likelihood 
convergence.check is 1.527876e-05 
Completing Iteration 14 (approx. per word bound = -41.712, relative change = 1.528e-05) 
......................................................................................................
Completed E-Step (11 seconds). 
Completed M-Step (0 seconds). 
calculate log likelihood 
convergence.check is 1.423382e-05 
Completing Iteration 15 (approx. per word bound = -41.711, relative change = 1.423e-05) 
Topic 1: Gene1310, Gene1049, Gene120, Gene1428, Gene71 
 Topic 2: Gene463, Gene1365, Gene71, Gene1428, Gene999 
 Topic 3: Gene1439, Gene71, Gene183, Gene1119, Gene1080 
 Topic 4: Gene120, Gene1156, Gene1080, Gene1009, Gene1428 
 Topic 5: Gene1009, Gene1365, Gene1375, Gene463, Gene1428 
 Topic 6: Gene1439, Gene1009, Gene263, Gene1365, Gene71 
 Topic 7: Gene71, Gene183, Gene48, Gene928, Gene1237 
 Topic 8: Gene211, Gene1428, Gene1310, Gene1403, Gene1095 
 Topic 9: Gene183, Gene978, Gene1009, Gene1365, Gene1237 
......................................................................................................
Completed E-Step (11 seconds). 
Completed M-Step (0 seconds). 
calculate log likelihood 
convergence.check is 1.308681e-05 
Completing Iteration 16 (approx. per word bound = -41.711, relative change = 1.309e-05) 
......................................................................................................
Completed E-Step (12 seconds). 
Completed M-Step (0 seconds). 
calculate log likelihood 
convergence.check is 1.18699e-05 
Completing Iteration 17 (approx. per word bound = -41.710, relative change = 1.187e-05) 
......................................................................................................
Completed E-Step (18 seconds). 
Completed M-Step (0 seconds). 
calculate log likelihood 
convergence.check is 1.145958e-05 
Completing Iteration 18 (approx. per word bound = -41.710, relative change = 1.146e-05) 
......................................................................................................
Completed E-Step (17 seconds). 
Completed M-Step (0 seconds). 
calculate log likelihood 
convergence.check is 1.058214e-05 
Completing Iteration 19 (approx. per word bound = -41.709, relative change = 1.058e-05) 
......................................................................................................
Completed E-Step (18 seconds). 
Completed M-Step (0 seconds). 
calculate log likelihood 
convergence.check is 9.808763e-06 
Completing Iteration 20 (approx. per word bound = -41.709, relative change = 9.809e-06) 
Topic 1: Gene1310, Gene1049, Gene120, Gene1428, Gene71 
 Topic 2: Gene463, Gene1365, Gene71, Gene1428, Gene999 
 Topic 3: Gene1439, Gene71, Gene183, Gene1119, Gene1080 
 Topic 4: Gene120, Gene1156, Gene1080, Gene1428, Gene928 
 Topic 5: Gene1009, Gene1365, Gene1375, Gene463, Gene1428 
 Topic 6: Gene1439, Gene1009, Gene263, Gene1365, Gene71 
 Topic 7: Gene71, Gene183, Gene48, Gene928, Gene1080 
 Topic 8: Gene211, Gene1428, Gene1310, Gene1403, Gene1095 
 Topic 9: Gene183, Gene978, Gene1009, Gene1365, Gene1237 
......................................................................................................
Completed E-Step (18 seconds). 
Completed M-Step (0 seconds). 
calculate log likelihood 
convergence.check is 9.415436e-06 
Completing Iteration 21 (approx. per word bound = -41.708, relative change = 9.415e-06) 
......................................................................................................
Completed E-Step (17 seconds). 
Completed M-Step (0 seconds). 
calculate log likelihood 
convergence.check is 8.735243e-06 
Completing Iteration 22 (approx. per word bound = -41.708, relative change = 8.735e-06) 
......................................................................................................
Completed E-Step (17 seconds). 
Completed M-Step (0 seconds). 
calculate log likelihood 
convergence.check is 8.254671e-06 
Completing Iteration 23 (approx. per word bound = -41.708, relative change = 8.255e-06) 
......................................................................................................
Completed E-Step (16 seconds). 
Completed M-Step (0 seconds). 
calculate log likelihood 
convergence.check is 7.836679e-06 
Completing Iteration 24 (approx. per word bound = -41.707, relative change = 7.837e-06) 
......................................................................................................
Completed E-Step (16 seconds). 
Completed M-Step (0 seconds). 
calculate log likelihood 
convergence.check is 7.217383e-06 
Completing Iteration 25 (approx. per word bound = -41.707, relative change = 7.217e-06) 
Topic 1: Gene1310, Gene1049, Gene1428, Gene120, Gene71 
 Topic 2: Gene463, Gene1365, Gene71, Gene1428, Gene999 
 Topic 3: Gene1439, Gene71, Gene183, Gene1119, Gene1080 
 Topic 4: Gene120, Gene1156, Gene1080, Gene1428, Gene928 
 Topic 5: Gene1009, Gene1365, Gene1375, Gene463, Gene1428 
 Topic 6: Gene1439, Gene1009, Gene263, Gene1365, Gene71 
 Topic 7: Gene71, Gene183, Gene48, Gene928, Gene1080 
 Topic 8: Gene211, Gene1428, Gene1310, Gene1403, Gene1095 
 Topic 9: Gene183, Gene978, Gene1009, Gene1365, Gene1237 
......................................................................................................
Completed E-Step (16 seconds). 
Completed M-Step (0 seconds). 
calculate log likelihood 
convergence.check is 7.051652e-06 
Completing Iteration 26 (approx. per word bound = -41.707, relative change = 7.052e-06) 
......................................................................................................
Completed E-Step (16 seconds). 
Completed M-Step (0 seconds). 
calculate log likelihood 
convergence.check is 6.557247e-06 
Completing Iteration 27 (approx. per word bound = -41.707, relative change = 6.557e-06) 
......................................................................................................
Completed E-Step (15 seconds). 
Completed M-Step (0 seconds). 
calculate log likelihood 
convergence.check is 6.429784e-06 
Completing Iteration 28 (approx. per word bound = -41.706, relative change = 6.430e-06) 
......................................................................................................
Completed E-Step (15 seconds). 
Completed M-Step (0 seconds). 
calculate log likelihood 
convergence.check is 5.525437e-06 
Completing Iteration 29 (approx. per word bound = -41.706, relative change = 5.525e-06) 
......................................................................................................
Completed E-Step (15 seconds). 
Completed M-Step (0 seconds). 
calculate log likelihood 
convergence.check is 5.606183e-06 
Completing Iteration 30 (approx. per word bound = -41.706, relative change = 5.606e-06) 
Topic 1: Gene1310, Gene1049, Gene1428, Gene71, Gene1009 
 Topic 2: Gene463, Gene1365, Gene71, Gene1428, Gene999 
 Topic 3: Gene1439, Gene71, Gene183, Gene933, Gene1080 
 Topic 4: Gene120, Gene1156, Gene1080, Gene1428, Gene928 
 Topic 5: Gene1009, Gene1365, Gene1375, Gene463, Gene1428 
 Topic 6: Gene1439, Gene1009, Gene263, Gene1365, Gene71 
 Topic 7: Gene71, Gene183, Gene48, Gene928, Gene1080 
 Topic 8: Gene211, Gene1428, Gene1403, Gene1310, Gene1095 
 Topic 9: Gene183, Gene978, Gene1009, Gene1365, Gene1237 
......................................................................................................
Completed E-Step (15 seconds). 
Completed M-Step (0 seconds). 
calculate log likelihood 
convergence.check is 5.023741e-06 
Completing Iteration 31 (approx. per word bound = -41.706, relative change = 5.024e-06) 
......................................................................................................
Completed E-Step (15 seconds). 
Completed M-Step (0 seconds). 
calculate log likelihood 
convergence.check is 5.059094e-06 
Completing Iteration 32 (approx. per word bound = -41.705, relative change = 5.059e-06) 
......................................................................................................
Completed E-Step (14 seconds). 
Completed M-Step (0 seconds). 
calculate log likelihood 
convergence.check is 4.578989e-06 
Completing Iteration 33 (approx. per word bound = -41.705, relative change = 4.579e-06) 
......................................................................................................
Completed E-Step (14 seconds). 
Completed M-Step (0 seconds). 
calculate log likelihood 
convergence.check is 4.599954e-06 
Completing Iteration 34 (approx. per word bound = -41.705, relative change = 4.600e-06) 
......................................................................................................
Completed E-Step (14 seconds). 
Completed M-Step (0 seconds). 
calculate log likelihood 
convergence.check is 4.223472e-06 
Completing Iteration 35 (approx. per word bound = -41.705, relative change = 4.223e-06) 
Topic 1: Gene1310, Gene1428, Gene1049, Gene1009, Gene71 
 Topic 2: Gene463, Gene1365, Gene71, Gene1428, Gene999 
 Topic 3: Gene1439, Gene71, Gene183, Gene933, Gene263 
 Topic 4: Gene120, Gene1156, Gene1080, Gene1428, Gene928 
 Topic 5: Gene1009, Gene1365, Gene1375, Gene463, Gene1428 
 Topic 6: Gene1439, Gene1009, Gene263, Gene1365, Gene71 
 Topic 7: Gene71, Gene183, Gene48, Gene928, Gene1080 
 Topic 8: Gene211, Gene1428, Gene1403, Gene1310, Gene1095 
 Topic 9: Gene183, Gene978, Gene1009, Gene1237, Gene1365 
......................................................................................................
Completed E-Step (14 seconds). 
Completed M-Step (0 seconds). 
calculate log likelihood 
convergence.check is 4.148875e-06 
Completing Iteration 36 (approx. per word bound = -41.705, relative change = 4.149e-06) 
......................................................................................................
Completed E-Step (14 seconds). 
Completed M-Step (0 seconds). 
calculate log likelihood 
convergence.check is 3.740004e-06 
Completing Iteration 37 (approx. per word bound = -41.705, relative change = 3.740e-06) 
......................................................................................................
Completed E-Step (14 seconds). 
Completed M-Step (0 seconds). 
calculate log likelihood 
convergence.check is 3.63992e-06 
Completing Iteration 38 (approx. per word bound = -41.704, relative change = 3.640e-06) 
......................................................................................................
Completed E-Step (13 seconds). 
Completed M-Step (0 seconds). 
calculate log likelihood 
convergence.check is 3.242116e-06 
Completing Iteration 39 (approx. per word bound = -41.704, relative change = 3.242e-06) 
......................................................................................................
Completed E-Step (13 seconds). 
Completed M-Step (0 seconds). 
calculate log likelihood 
convergence.check is 3.153096e-06 
Completing Iteration 40 (approx. per word bound = -41.704, relative change = 3.153e-06) 
Topic 1: Gene1310, Gene1009, Gene1428, Gene1049, Gene71 
 Topic 2: Gene463, Gene1365, Gene71, Gene1428, Gene999 
 Topic 3: Gene1439, Gene71, Gene183, Gene933, Gene263 
 Topic 4: Gene120, Gene1156, Gene1080, Gene1428, Gene928 
 Topic 5: Gene1009, Gene1365, Gene1375, Gene463, Gene1428 
 Topic 6: Gene1439, Gene1009, Gene263, Gene1365, Gene71 
 Topic 7: Gene71, Gene183, Gene48, Gene928, Gene1080 
 Topic 8: Gene211, Gene1428, Gene1403, Gene1310, Gene1095 
 Topic 9: Gene183, Gene978, Gene1009, Gene1237, Gene1365 
......................................................................................................
Completed E-Step (13 seconds). 
Completed M-Step (0 seconds). 
calculate log likelihood 
convergence.check is 3.068049e-06 
Completing Iteration 41 (approx. per word bound = -41.704, relative change = 3.068e-06) 
......................................................................................................
Completed E-Step (13 seconds). 
Completed M-Step (0 seconds). 
calculate log likelihood 
convergence.check is 2.834539e-06 
Completing Iteration 42 (approx. per word bound = -41.704, relative change = 2.835e-06) 
......................................................................................................
Completed E-Step (13 seconds). 
Completed M-Step (0 seconds). 
calculate log likelihood 
convergence.check is 2.7778e-06 
Completing Iteration 43 (approx. per word bound = -41.704, relative change = 2.778e-06) 
......................................................................................................
Completed E-Step (13 seconds). 
Completed M-Step (0 seconds). 
calculate log likelihood 
convergence.check is 2.696575e-06 
Completing Iteration 44 (approx. per word bound = -41.704, relative change = 2.697e-06) 
......................................................................................................
Completed E-Step (13 seconds). 
Completed M-Step (0 seconds). 
calculate log likelihood 
convergence.check is 2.505891e-06 
Completing Iteration 45 (approx. per word bound = -41.704, relative change = 2.506e-06) 
Topic 1: Gene1310, Gene1009, Gene1428, Gene1049, Gene71 
 Topic 2: Gene463, Gene1365, Gene71, Gene1428, Gene999 
 Topic 3: Gene1439, Gene71, Gene183, Gene933, Gene263 
 Topic 4: Gene120, Gene1156, Gene1080, Gene1428, Gene928 
 Topic 5: Gene1009, Gene1365, Gene1375, Gene463, Gene1428 
 Topic 6: Gene1439, Gene1009, Gene263, Gene1365, Gene71 
 Topic 7: Gene71, Gene183, Gene48, Gene928, Gene1080 
 Topic 8: Gene211, Gene1428, Gene1403, Gene1310, Gene1095 
 Topic 9: Gene183, Gene978, Gene1009, Gene1237, Gene1365 
......................................................................................................
Completed E-Step (13 seconds). 
Completed M-Step (0 seconds). 
calculate log likelihood 
convergence.check is 2.371139e-06 
Completing Iteration 46 (approx. per word bound = -41.703, relative change = 2.371e-06) 
......................................................................................................
Completed E-Step (13 seconds). 
Completed M-Step (0 seconds). 
calculate log likelihood 
convergence.check is 2.222856e-06 
Completing Iteration 47 (approx. per word bound = -41.703, relative change = 2.223e-06) 
......................................................................................................
Completed E-Step (13 seconds). 
Completed M-Step (0 seconds). 
calculate log likelihood 
convergence.check is 2.375462e-06 
Completing Iteration 48 (approx. per word bound = -41.703, relative change = 2.375e-06) 
......................................................................................................
Completed E-Step (12 seconds). 
Completed M-Step (0 seconds). 
calculate log likelihood 
convergence.check is 1.980743e-06 
Completing Iteration 49 (approx. per word bound = -41.703, relative change = 1.981e-06) 
......................................................................................................
Completed E-Step (12 seconds). 
Completed M-Step (0 seconds). 
calculate log likelihood 
convergence.check is 1.970766e-06 
Completing Iteration 50 (approx. per word bound = -41.703, relative change = 1.971e-06) 
Topic 1: Gene1310, Gene1009, Gene1428, Gene1049, Gene71 
 Topic 2: Gene463, Gene1365, Gene71, Gene1428, Gene999 
 Topic 3: Gene1439, Gene71, Gene183, Gene933, Gene263 
 Topic 4: Gene120, Gene1080, Gene1156, Gene1428, Gene928 
 Topic 5: Gene1009, Gene1365, Gene1375, Gene463, Gene1428 
 Topic 6: Gene1439, Gene1009, Gene263, Gene1365, Gene71 
 Topic 7: Gene71, Gene183, Gene48, Gene928, Gene1080 
 Topic 8: Gene211, Gene1428, Gene1403, Gene1310, Gene1095 
 Topic 9: Gene183, Gene978, Gene1009, Gene1237, Gene1365 
......................................................................................................
Completed E-Step (12 seconds). 
Completed M-Step (0 seconds). 
calculate log likelihood 
convergence.check is 1.880177e-06 
Completing Iteration 51 (approx. per word bound = -41.703, relative change = 1.880e-06) 
......................................................................................................
Completed E-Step (12 seconds). 
Completed M-Step (0 seconds). 
calculate log likelihood 
convergence.check is 1.935335e-06 
Completing Iteration 52 (approx. per word bound = -41.703, relative change = 1.935e-06) 
......................................................................................................
Completed E-Step (12 seconds). 
Completed M-Step (0 seconds). 
calculate log likelihood 
convergence.check is 1.775715e-06 
Completing Iteration 53 (approx. per word bound = -41.703, relative change = 1.776e-06) 
......................................................................................................
Completed E-Step (12 seconds). 
Completed M-Step (0 seconds). 
calculate log likelihood 
convergence.check is 1.763481e-06 
Completing Iteration 54 (approx. per word bound = -41.703, relative change = 1.763e-06) 
......................................................................................................
Completed E-Step (11 seconds). 
Completed M-Step (0 seconds). 
calculate log likelihood 
convergence.check is 1.618041e-06 
Completing Iteration 55 (approx. per word bound = -41.703, relative change = 1.618e-06) 
Topic 1: Gene1310, Gene1009, Gene1428, Gene1049, Gene71 
 Topic 2: Gene463, Gene1365, Gene71, Gene1428, Gene999 
 Topic 3: Gene1439, Gene71, Gene183, Gene933, Gene263 
 Topic 4: Gene120, Gene1428, Gene1080, Gene928, Gene1156 
 Topic 5: Gene1009, Gene1365, Gene1375, Gene463, Gene1428 
 Topic 6: Gene1439, Gene1009, Gene263, Gene1365, Gene71 
 Topic 7: Gene71, Gene183, Gene48, Gene928, Gene1080 
 Topic 8: Gene211, Gene1428, Gene1403, Gene1310, Gene1080 
 Topic 9: Gene183, Gene978, Gene1009, Gene1237, Gene1365 
......................................................................................................
Completed E-Step (12 seconds). 
Completed M-Step (0 seconds). 
calculate log likelihood 
convergence.check is 1.611787e-06 
Completing Iteration 56 (approx. per word bound = -41.703, relative change = 1.612e-06) 
......................................................................................................
Completed E-Step (11 seconds). 
Completed M-Step (0 seconds). 
calculate log likelihood 
convergence.check is 1.783287e-06 
Completing Iteration 57 (approx. per word bound = -41.703, relative change = 1.783e-06) 
......................................................................................................
Completed E-Step (11 seconds). 
Completed M-Step (0 seconds). 
calculate log likelihood 
convergence.check is 1.529235e-06 
Completing Iteration 58 (approx. per word bound = -41.703, relative change = 1.529e-06) 
......................................................................................................
Completed E-Step (11 seconds). 
Completed M-Step (0 seconds). 
calculate log likelihood 
convergence.check is 1.494025e-06 
Completing Iteration 59 (approx. per word bound = -41.702, relative change = 1.494e-06) 
......................................................................................................
Completed E-Step (13 seconds). 
Completed M-Step (0 seconds). 
calculate log likelihood 
convergence.check is 1.558268e-06 
Completing Iteration 60 (approx. per word bound = -41.702, relative change = 1.558e-06) 
Topic 1: Gene1310, Gene1009, Gene1428, Gene1049, Gene71 
 Topic 2: Gene463, Gene1365, Gene71, Gene1428, Gene999 
 Topic 3: Gene1439, Gene71, Gene183, Gene933, Gene263 
 Topic 4: Gene120, Gene1428, Gene1080, Gene928, Gene1156 
 Topic 5: Gene1009, Gene1365, Gene1375, Gene463, Gene1428 
 Topic 6: Gene1439, Gene1009, Gene263, Gene1365, Gene71 
 Topic 7: Gene71, Gene183, Gene48, Gene928, Gene1080 
 Topic 8: Gene211, Gene1428, Gene1403, Gene1310, Gene1080 
 Topic 9: Gene183, Gene978, Gene1009, Gene1237, Gene1365 
......................................................................................................
Completed E-Step (10 seconds). 
Completed M-Step (0 seconds). 
calculate log likelihood 
convergence.check is 1.47638e-06 
Completing Iteration 61 (approx. per word bound = -41.702, relative change = 1.476e-06) 
......................................................................................................
Completed E-Step (10 seconds). 
Completed M-Step (0 seconds). 
calculate log likelihood 
convergence.check is 1.430525e-06 
Completing Iteration 62 (approx. per word bound = -41.702, relative change = 1.431e-06) 
......................................................................................................
Completed E-Step (10 seconds). 
Completed M-Step (0 seconds). 
calculate log likelihood 
convergence.check is 1.555479e-06 
Completing Iteration 63 (approx. per word bound = -41.702, relative change = 1.555e-06) 
......................................................................................................
Completed E-Step (10 seconds). 
Completed M-Step (0 seconds). 
calculate log likelihood 
convergence.check is 1.38288e-06 
Completing Iteration 64 (approx. per word bound = -41.702, relative change = 1.383e-06) 
......................................................................................................
Completed E-Step (10 seconds). 
Completed M-Step (0 seconds). 
calculate log likelihood 
convergence.check is 1.394857e-06 
Completing Iteration 65 (approx. per word bound = -41.702, relative change = 1.395e-06) 
Topic 1: Gene1310, Gene1009, Gene1049, Gene71, Gene1428 
 Topic 2: Gene463, Gene1365, Gene71, Gene1428, Gene999 
 Topic 3: Gene1439, Gene71, Gene933, Gene183, Gene263 
 Topic 4: Gene120, Gene1428, Gene1080, Gene928, Gene1156 
 Topic 5: Gene1009, Gene1365, Gene1375, Gene463, Gene1185 
 Topic 6: Gene1439, Gene1009, Gene263, Gene1365, Gene71 
 Topic 7: Gene71, Gene183, Gene48, Gene928, Gene1080 
 Topic 8: Gene211, Gene1428, Gene1403, Gene1310, Gene1080 
 Topic 9: Gene183, Gene978, Gene1009, Gene1237, Gene1365 
......................................................................................................
Completed E-Step (10 seconds). 
Completed M-Step (0 seconds). 
calculate log likelihood 
convergence.check is 1.450007e-06 
Completing Iteration 66 (approx. per word bound = -41.702, relative change = 1.450e-06) 
......................................................................................................
Completed E-Step (10 seconds). 
Completed M-Step (0 seconds). 
calculate log likelihood 
convergence.check is 1.268659e-06 
Completing Iteration 67 (approx. per word bound = -41.702, relative change = 1.269e-06) 
......................................................................................................
Completed E-Step (10 seconds). 
Completed M-Step (0 seconds). 
calculate log likelihood 
convergence.check is 1.456369e-06 
Completing Iteration 68 (approx. per word bound = -41.702, relative change = 1.456e-06) 
......................................................................................................
Completed E-Step (10 seconds). 
Completed M-Step (0 seconds). 
calculate log likelihood 
convergence.check is 1.197548e-06 
Completing Iteration 69 (approx. per word bound = -41.702, relative change = 1.198e-06) 
......................................................................................................
Completed E-Step (10 seconds). 
Completed M-Step (0 seconds). 
calculate log likelihood 
convergence.check is 1.37025e-06 
Completing Iteration 70 (approx. per word bound = -41.702, relative change = 1.370e-06) 
Topic 1: Gene1310, Gene1009, Gene1049, Gene71, Gene1428 
 Topic 2: Gene463, Gene1365, Gene71, Gene1428, Gene999 
 Topic 3: Gene1439, Gene71, Gene933, Gene183, Gene263 
 Topic 4: Gene120, Gene1428, Gene1080, Gene928, Gene1156 
 Topic 5: Gene1009, Gene1365, Gene1375, Gene463, Gene1185 
 Topic 6: Gene1439, Gene1009, Gene263, Gene1365, Gene71 
 Topic 7: Gene71, Gene183, Gene48, Gene928, Gene1080 
 Topic 8: Gene211, Gene1428, Gene1403, Gene1310, Gene1080 
 Topic 9: Gene183, Gene978, Gene1009, Gene1237, Gene1365 
......................................................................................................
Completed E-Step (10 seconds). 
Completed M-Step (0 seconds). 
calculate log likelihood 
convergence.check is 1.419641e-06 
Completing Iteration 71 (approx. per word bound = -41.702, relative change = 1.420e-06) 
......................................................................................................
Completed E-Step (9 seconds). 
Completed M-Step (0 seconds). 
calculate log likelihood 
convergence.check is 1.129034e-06 
Completing Iteration 72 (approx. per word bound = -41.702, relative change = 1.129e-06) 
......................................................................................................
Completed E-Step (9 seconds). 
Completed M-Step (0 seconds). 
calculate log likelihood 
convergence.check is 1.521287e-06 
Completing Iteration 73 (approx. per word bound = -41.702, relative change = 1.521e-06) 
......................................................................................................
Completed E-Step (9 seconds). 
Completed M-Step (0 seconds). 
calculate log likelihood 
convergence.check is 1.037337e-06 
Completing Iteration 74 (approx. per word bound = -41.702, relative change = 1.037e-06) 
......................................................................................................
Completed E-Step (7 seconds). 
Completed M-Step (0 seconds). 
calculate log likelihood 
convergence.check is 1.266035e-06 
Completing Iteration 75 (approx. per word bound = -41.702, relative change = 1.266e-06) 
Topic 1: Gene1310, Gene1009, Gene1049, Gene71, Gene1428 
 Topic 2: Gene463, Gene1365, Gene71, Gene1428, Gene999 
 Topic 3: Gene1439, Gene71, Gene933, Gene263, Gene183 
 Topic 4: Gene120, Gene1428, Gene1080, Gene928, Gene1237 
 Topic 5: Gene1009, Gene1365, Gene1375, Gene463, Gene1185 
 Topic 6: Gene1439, Gene1009, Gene1365, Gene263, Gene71 
 Topic 7: Gene71, Gene183, Gene48, Gene928, Gene1080 
 Topic 8: Gene211, Gene1428, Gene1403, Gene1310, Gene1080 
 Topic 9: Gene183, Gene978, Gene1009, Gene1237, Gene1365 
......................................................................................................
Completed E-Step (5 seconds). 
Completed M-Step (0 seconds). 
calculate log likelihood 
convergence.check is 1.070381e-06 
Completing Iteration 76 (approx. per word bound = -41.701, relative change = 1.070e-06) 
......................................................................................................
Completed E-Step (5 seconds). 
Completed M-Step (0 seconds). 
calculate log likelihood 
convergence.check is 1.06484e-06 
Completing Iteration 77 (approx. per word bound = -41.701, relative change = 1.065e-06) 
......................................................................................................
Completed E-Step (5 seconds). 
Completed M-Step (0 seconds). 
calculate log likelihood 
convergence.check is 1.017209e-06 
Completing Iteration 78 (approx. per word bound = -41.701, relative change = 1.017e-06) 
......................................................................................................
Completed E-Step (5 seconds). 
Completed M-Step (0 seconds). 
calculate log likelihood 
convergence.check is 1.262951e-06 
Completing Iteration 79 (approx. per word bound = -41.701, relative change = 1.263e-06) 
......................................................................................................
Completed E-Step (5 seconds). 
Completed M-Step (0 seconds). 
calculate log likelihood 
convergence.check is 1.034565e-06 
Completing Iteration 80 (approx. per word bound = -41.701, relative change = 1.035e-06) 
Topic 1: Gene1310, Gene1009, Gene1049, Gene71, Gene1428 
 Topic 2: Gene463, Gene1365, Gene71, Gene1428, Gene999 
 Topic 3: Gene1439, Gene71, Gene933, Gene263, Gene183 
 Topic 4: Gene120, Gene1428, Gene1080, Gene928, Gene1237 
 Topic 5: Gene1009, Gene1365, Gene1375, Gene463, Gene1185 
 Topic 6: Gene1439, Gene1009, Gene1365, Gene263, Gene71 
 Topic 7: Gene71, Gene183, Gene48, Gene928, Gene1080 
 Topic 8: Gene211, Gene1428, Gene1403, Gene1310, Gene183 
 Topic 9: Gene183, Gene978, Gene1009, Gene1237, Gene1365 
......................................................................................................
Completed E-Step (5 seconds). 
Completed M-Step (0 seconds). 
calculate log likelihood 
convergence.check is 8.932187e-07 
Model Converged 
3 select model run 
Initialization with topicScore. 
Initializing factors using Topic SCORE algorithm.
Initializing loadings by running 10 SCD updates.
......................................................................................................
Completed E-Step (19 seconds). 
Completed M-Step (0 seconds). 
calculate log likelihood 
Completing Iteration 1 (approx. per word bound = -41.756) 
......................................................................................................
Completed E-Step (15 seconds). 
Completed M-Step (0 seconds). 
calculate log likelihood 
convergence.check is 0.0002610956 
Completing Iteration 2 (approx. per word bound = -41.745, relative change = 2.611e-04) 
......................................................................................................
Completed E-Step (14 seconds). 
Completed M-Step (0 seconds). 
calculate log likelihood 
convergence.check is 0.0001502352 
Completing Iteration 3 (approx. per word bound = -41.739, relative change = 1.502e-04) 
......................................................................................................
Completed E-Step (14 seconds). 
Completed M-Step (0 seconds). 
calculate log likelihood 
convergence.check is 9.631189e-05 
Completing Iteration 4 (approx. per word bound = -41.735, relative change = 9.631e-05) 
......................................................................................................
Completed E-Step (14 seconds). 
Completed M-Step (0 seconds). 
calculate log likelihood 
convergence.check is 6.701318e-05 
Completing Iteration 5 (approx. per word bound = -41.732, relative change = 6.701e-05) 
Topic 1: Gene1310, Gene120, Gene1049, Gene1403, Gene1428 
 Topic 2: Gene463, Gene1428, Gene1365, Gene1310, Gene1185 
 Topic 3: Gene1439, Gene71, Gene183, Gene1080, Gene1119 
 Topic 4: Gene120, Gene1009, Gene1156, Gene1428, Gene1080 
 Topic 5: Gene1439, Gene1009, Gene1365, Gene463, Gene263 
 Topic 6: Gene1375, Gene1009, Gene1428, Gene1310, Gene120 
 Topic 7: Gene211, Gene1428, Gene1310, Gene1403, Gene1095 
 Topic 8: Gene71, Gene1439, Gene183, Gene263, Gene1237 
 Topic 9: Gene1009, Gene1365, Gene183, Gene463, Gene978 
......................................................................................................
Completed E-Step (14 seconds). 
Completed M-Step (0 seconds). 
calculate log likelihood 
convergence.check is 5.01111e-05 
Completing Iteration 6 (approx. per word bound = -41.730, relative change = 5.011e-05) 
......................................................................................................
Completed E-Step (16 seconds). 
Completed M-Step (0 seconds). 
calculate log likelihood 
convergence.check is 3.928674e-05 
Completing Iteration 7 (approx. per word bound = -41.729, relative change = 3.929e-05) 
......................................................................................................
Completed E-Step (14 seconds). 
Completed M-Step (0 seconds). 
calculate log likelihood 
convergence.check is 3.273177e-05 
Completing Iteration 8 (approx. per word bound = -41.727, relative change = 3.273e-05) 
......................................................................................................
Completed E-Step (18 seconds). 
Completed M-Step (0 seconds). 
calculate log likelihood 
convergence.check is 2.79447e-05 
Completing Iteration 9 (approx. per word bound = -41.726, relative change = 2.794e-05) 
......................................................................................................
Completed E-Step (25 seconds). 
Completed M-Step (0 seconds). 
calculate log likelihood 
convergence.check is 2.437091e-05 
Completing Iteration 10 (approx. per word bound = -41.725, relative change = 2.437e-05) 
Topic 1: Gene1310, Gene1049, Gene120, Gene1403, Gene1428 
 Topic 2: Gene463, Gene1428, Gene1365, Gene1310, Gene1375 
 Topic 3: Gene1439, Gene71, Gene183, Gene1080, Gene1119 
 Topic 4: Gene120, Gene1009, Gene1156, Gene1428, Gene1080 
 Topic 5: Gene1439, Gene1009, Gene1365, Gene263, Gene463 
 Topic 6: Gene1009, Gene1375, Gene1428, Gene1310, Gene120 
 Topic 7: Gene211, Gene1428, Gene1310, Gene1403, Gene1095 
 Topic 8: Gene71, Gene183, Gene1439, Gene48, Gene1237 
 Topic 9: Gene1009, Gene1365, Gene183, Gene463, Gene978 
......................................................................................................
Completed E-Step (21 seconds). 
Completed M-Step (0 seconds). 
calculate log likelihood 
convergence.check is 2.211642e-05 
Completing Iteration 11 (approx. per word bound = -41.724, relative change = 2.212e-05) 
......................................................................................................
Completed E-Step (21 seconds). 
Completed M-Step (0 seconds). 
calculate log likelihood 
convergence.check is 2.041161e-05 
Completing Iteration 12 (approx. per word bound = -41.723, relative change = 2.041e-05) 
......................................................................................................
Completed E-Step (20 seconds). 
Completed M-Step (0 seconds). 
calculate log likelihood 
convergence.check is 1.898409e-05 
Completing Iteration 13 (approx. per word bound = -41.723, relative change = 1.898e-05) 
......................................................................................................
Completed E-Step (20 seconds). 
Completed M-Step (0 seconds). 
calculate log likelihood 
convergence.check is 1.822021e-05 
Completing Iteration 14 (approx. per word bound = -41.722, relative change = 1.822e-05) 
......................................................................................................
Completed E-Step (20 seconds). 
Completed M-Step (0 seconds). 
calculate log likelihood 
convergence.check is 1.74917e-05 
Completing Iteration 15 (approx. per word bound = -41.721, relative change = 1.749e-05) 
Topic 1: Gene1310, Gene1049, Gene120, Gene1403, Gene1428 
 Topic 2: Gene463, Gene1428, Gene1365, Gene1310, Gene1375 
 Topic 3: Gene1439, Gene71, Gene183, Gene1080, Gene1119 
 Topic 4: Gene120, Gene1428, Gene1009, Gene1156, Gene1080 
 Topic 5: Gene1439, Gene1009, Gene1365, Gene263, Gene71 
 Topic 6: Gene1009, Gene1375, Gene1310, Gene1428, Gene120 
 Topic 7: Gene211, Gene1428, Gene1310, Gene1403, Gene1095 
 Topic 8: Gene71, Gene183, Gene48, Gene1237, Gene1439 
 Topic 9: Gene1009, Gene1365, Gene183, Gene978, Gene463 
......................................................................................................
Completed E-Step (20 seconds). 
Completed M-Step (0 seconds). 
calculate log likelihood 
convergence.check is 1.685799e-05 
Completing Iteration 16 (approx. per word bound = -41.720, relative change = 1.686e-05) 
......................................................................................................
Completed E-Step (20 seconds). 
Completed M-Step (0 seconds). 
calculate log likelihood 
convergence.check is 1.621963e-05 
Completing Iteration 17 (approx. per word bound = -41.720, relative change = 1.622e-05) 
......................................................................................................
Completed E-Step (20 seconds). 
Completed M-Step (0 seconds). 
calculate log likelihood 
convergence.check is 1.612665e-05 
Completing Iteration 18 (approx. per word bound = -41.719, relative change = 1.613e-05) 
......................................................................................................
Completed E-Step (20 seconds). 
Completed M-Step (0 seconds). 
calculate log likelihood 
convergence.check is 1.611991e-05 
Completing Iteration 19 (approx. per word bound = -41.718, relative change = 1.612e-05) 
......................................................................................................
Completed E-Step (20 seconds). 
Completed M-Step (0 seconds). 
calculate log likelihood 
convergence.check is 1.602024e-05 
Completing Iteration 20 (approx. per word bound = -41.718, relative change = 1.602e-05) 
Topic 1: Gene1310, Gene1049, Gene120, Gene1403, Gene1428 
 Topic 2: Gene463, Gene1428, Gene1365, Gene1310, Gene1185 
 Topic 3: Gene1439, Gene71, Gene183, Gene1080, Gene1119 
 Topic 4: Gene120, Gene1428, Gene1080, Gene1009, Gene1156 
 Topic 5: Gene1439, Gene1009, Gene1365, Gene263, Gene71 
 Topic 6: Gene1009, Gene1375, Gene1310, Gene1428, Gene1365 
 Topic 7: Gene211, Gene1428, Gene1310, Gene1403, Gene1095 
 Topic 8: Gene71, Gene183, Gene48, Gene1237, Gene1080 
 Topic 9: Gene1009, Gene183, Gene1365, Gene978, Gene463 
......................................................................................................
Completed E-Step (20 seconds). 
Completed M-Step (0 seconds). 
calculate log likelihood 
convergence.check is 1.552809e-05 
Completing Iteration 21 (approx. per word bound = -41.717, relative change = 1.553e-05) 
......................................................................................................
Completed E-Step (19 seconds). 
Completed M-Step (0 seconds). 
calculate log likelihood 
convergence.check is 1.536192e-05 
Completing Iteration 22 (approx. per word bound = -41.716, relative change = 1.536e-05) 
......................................................................................................
Completed E-Step (19 seconds). 
Completed M-Step (0 seconds). 
calculate log likelihood 
convergence.check is 1.563953e-05 
Completing Iteration 23 (approx. per word bound = -41.716, relative change = 1.564e-05) 
......................................................................................................
Completed E-Step (19 seconds). 
Completed M-Step (0 seconds). 
calculate log likelihood 
convergence.check is 1.545632e-05 
Completing Iteration 24 (approx. per word bound = -41.715, relative change = 1.546e-05) 
......................................................................................................
Completed E-Step (18 seconds). 
Completed M-Step (0 seconds). 
calculate log likelihood 
convergence.check is 1.546213e-05 
Completing Iteration 25 (approx. per word bound = -41.714, relative change = 1.546e-05) 
Topic 1: Gene1310, Gene1049, Gene120, Gene1403, Gene1428 
 Topic 2: Gene463, Gene1428, Gene1365, Gene1310, Gene999 
 Topic 3: Gene1439, Gene71, Gene183, Gene1080, Gene1119 
 Topic 4: Gene120, Gene1428, Gene1080, Gene1156, Gene1310 
 Topic 5: Gene1439, Gene1009, Gene1365, Gene263, Gene71 
 Topic 6: Gene1009, Gene1375, Gene1310, Gene1428, Gene1365 
 Topic 7: Gene211, Gene1428, Gene1310, Gene1403, Gene1095 
 Topic 8: Gene71, Gene183, Gene48, Gene1237, Gene1080 
 Topic 9: Gene183, Gene1009, Gene1365, Gene978, Gene463 
......................................................................................................
Completed E-Step (18 seconds). 
Completed M-Step (0 seconds). 
calculate log likelihood 
convergence.check is 1.576872e-05 
Completing Iteration 26 (approx. per word bound = -41.714, relative change = 1.577e-05) 
......................................................................................................
Completed E-Step (18 seconds). 
Completed M-Step (0 seconds). 
calculate log likelihood 
convergence.check is 1.549594e-05 
Completing Iteration 27 (approx. per word bound = -41.713, relative change = 1.550e-05) 
......................................................................................................
Completed E-Step (18 seconds). 
Completed M-Step (0 seconds). 
calculate log likelihood 
convergence.check is 1.510684e-05 
Completing Iteration 28 (approx. per word bound = -41.713, relative change = 1.511e-05) 
......................................................................................................
Completed E-Step (17 seconds). 
Completed M-Step (0 seconds). 
calculate log likelihood 
convergence.check is 1.482478e-05 
Completing Iteration 29 (approx. per word bound = -41.712, relative change = 1.482e-05) 
......................................................................................................
Completed E-Step (17 seconds). 
Completed M-Step (0 seconds). 
calculate log likelihood 
convergence.check is 1.454234e-05 
Completing Iteration 30 (approx. per word bound = -41.711, relative change = 1.454e-05) 
Topic 1: Gene1310, Gene1049, Gene120, Gene1403, Gene1428 
 Topic 2: Gene463, Gene1428, Gene1365, Gene1310, Gene999 
 Topic 3: Gene1439, Gene71, Gene183, Gene1080, Gene263 
 Topic 4: Gene120, Gene1428, Gene1080, Gene1310, Gene1156 
 Topic 5: Gene1439, Gene1009, Gene1365, Gene263, Gene71 
 Topic 6: Gene1009, Gene1375, Gene1365, Gene1310, Gene1428 
 Topic 7: Gene211, Gene1428, Gene1310, Gene1403, Gene1095 
 Topic 8: Gene71, Gene183, Gene48, Gene1080, Gene1237 
 Topic 9: Gene183, Gene1009, Gene1365, Gene978, Gene463 
......................................................................................................
Completed E-Step (17 seconds). 
Completed M-Step (0 seconds). 
calculate log likelihood 
convergence.check is 1.408986e-05 
Completing Iteration 31 (approx. per word bound = -41.711, relative change = 1.409e-05) 
......................................................................................................
Completed E-Step (17 seconds). 
Completed M-Step (0 seconds). 
calculate log likelihood 
convergence.check is 1.341025e-05 
Completing Iteration 32 (approx. per word bound = -41.710, relative change = 1.341e-05) 
......................................................................................................
Completed E-Step (18 seconds). 
Completed M-Step (0 seconds). 
calculate log likelihood 
convergence.check is 1.255443e-05 
Completing Iteration 33 (approx. per word bound = -41.710, relative change = 1.255e-05) 
......................................................................................................
Completed E-Step (17 seconds). 
Completed M-Step (0 seconds). 
calculate log likelihood 
convergence.check is 1.190503e-05 
Completing Iteration 34 (approx. per word bound = -41.709, relative change = 1.191e-05) 
......................................................................................................
Completed E-Step (17 seconds). 
Completed M-Step (0 seconds). 
calculate log likelihood 
convergence.check is 1.137921e-05 
Completing Iteration 35 (approx. per word bound = -41.709, relative change = 1.138e-05) 
Topic 1: Gene1310, Gene1049, Gene120, Gene1403, Gene1428 
 Topic 2: Gene463, Gene1428, Gene1365, Gene1310, Gene999 
 Topic 3: Gene1439, Gene71, Gene183, Gene263, Gene1080 
 Topic 4: Gene120, Gene1428, Gene1080, Gene1310, Gene1156 
 Topic 5: Gene1009, Gene1439, Gene1365, Gene263, Gene71 
 Topic 6: Gene1009, Gene1375, Gene1365, Gene1310, Gene1428 
 Topic 7: Gene211, Gene1428, Gene1403, Gene1310, Gene1095 
 Topic 8: Gene71, Gene183, Gene1080, Gene48, Gene1237 
 Topic 9: Gene183, Gene1009, Gene978, Gene1365, Gene463 
......................................................................................................
Completed E-Step (16 seconds). 
Completed M-Step (0 seconds). 
calculate log likelihood 
convergence.check is 1.04623e-05 
Completing Iteration 36 (approx. per word bound = -41.708, relative change = 1.046e-05) 
......................................................................................................
Completed E-Step (16 seconds). 
Completed M-Step (0 seconds). 
calculate log likelihood 
convergence.check is 9.223761e-06 
Completing Iteration 37 (approx. per word bound = -41.708, relative change = 9.224e-06) 
......................................................................................................
Completed E-Step (16 seconds). 
Completed M-Step (0 seconds). 
calculate log likelihood 
convergence.check is 8.513222e-06 
Completing Iteration 38 (approx. per word bound = -41.707, relative change = 8.513e-06) 
......................................................................................................
Completed E-Step (15 seconds). 
Completed M-Step (0 seconds). 
calculate log likelihood 
convergence.check is 7.840334e-06 
Completing Iteration 39 (approx. per word bound = -41.707, relative change = 7.840e-06) 
......................................................................................................
Completed E-Step (15 seconds). 
Completed M-Step (0 seconds). 
calculate log likelihood 
convergence.check is 7.124876e-06 
Completing Iteration 40 (approx. per word bound = -41.707, relative change = 7.125e-06) 
Topic 1: Gene1310, Gene1049, Gene120, Gene1403, Gene1428 
 Topic 2: Gene463, Gene1428, Gene1365, Gene1310, Gene999 
 Topic 3: Gene1439, Gene71, Gene263, Gene183, Gene933 
 Topic 4: Gene120, Gene1428, Gene1080, Gene1310, Gene1156 
 Topic 5: Gene1009, Gene1439, Gene1365, Gene263, Gene71 
 Topic 6: Gene1009, Gene1375, Gene1365, Gene1310, Gene1428 
 Topic 7: Gene211, Gene1428, Gene1403, Gene1310, Gene183 
 Topic 8: Gene71, Gene183, Gene1080, Gene48, Gene928 
 Topic 9: Gene183, Gene1009, Gene978, Gene1365, Gene463 
......................................................................................................
Completed E-Step (15 seconds). 
Completed M-Step (0 seconds). 
calculate log likelihood 
convergence.check is 6.327508e-06 
Completing Iteration 41 (approx. per word bound = -41.707, relative change = 6.328e-06) 
......................................................................................................
Completed E-Step (15 seconds). 
Completed M-Step (0 seconds). 
calculate log likelihood 
convergence.check is 5.764665e-06 
Completing Iteration 42 (approx. per word bound = -41.706, relative change = 5.765e-06) 
......................................................................................................
Completed E-Step (14 seconds). 
Completed M-Step (0 seconds). 
calculate log likelihood 
convergence.check is 5.428587e-06 
Completing Iteration 43 (approx. per word bound = -41.706, relative change = 5.429e-06) 
......................................................................................................
Completed E-Step (14 seconds). 
Completed M-Step (0 seconds). 
calculate log likelihood 
convergence.check is 4.875986e-06 
Completing Iteration 44 (approx. per word bound = -41.706, relative change = 4.876e-06) 
......................................................................................................
Completed E-Step (13 seconds). 
Completed M-Step (0 seconds). 
calculate log likelihood 
convergence.check is 4.578804e-06 
Completing Iteration 45 (approx. per word bound = -41.706, relative change = 4.579e-06) 
Topic 1: Gene1310, Gene1049, Gene120, Gene1403, Gene1428 
 Topic 2: Gene463, Gene1428, Gene1365, Gene1310, Gene999 
 Topic 3: Gene1439, Gene71, Gene263, Gene183, Gene933 
 Topic 4: Gene120, Gene1428, Gene1080, Gene1310, Gene1156 
 Topic 5: Gene1009, Gene1439, Gene1365, Gene263, Gene71 
 Topic 6: Gene1009, Gene1375, Gene1365, Gene1310, Gene1119 
 Topic 7: Gene211, Gene1428, Gene1403, Gene1310, Gene183 
 Topic 8: Gene71, Gene183, Gene1080, Gene48, Gene928 
 Topic 9: Gene183, Gene1009, Gene978, Gene1365, Gene463 
......................................................................................................
Completed E-Step (15 seconds). 
Completed M-Step (0 seconds). 
calculate log likelihood 
convergence.check is 3.877253e-06 
Completing Iteration 46 (approx. per word bound = -41.706, relative change = 3.877e-06) 
......................................................................................................
Completed E-Step (13 seconds). 
Completed M-Step (0 seconds). 
calculate log likelihood 
convergence.check is 3.879142e-06 
Completing Iteration 47 (approx. per word bound = -41.705, relative change = 3.879e-06) 
......................................................................................................
Completed E-Step (12 seconds). 
Completed M-Step (0 seconds). 
calculate log likelihood 
convergence.check is 3.726104e-06 
Completing Iteration 48 (approx. per word bound = -41.705, relative change = 3.726e-06) 
......................................................................................................
Completed E-Step (12 seconds). 
Completed M-Step (0 seconds). 
calculate log likelihood 
convergence.check is 3.186711e-06 
Completing Iteration 49 (approx. per word bound = -41.705, relative change = 3.187e-06) 
......................................................................................................
Completed E-Step (12 seconds). 
Completed M-Step (0 seconds). 
calculate log likelihood 
convergence.check is 2.935344e-06 
Completing Iteration 50 (approx. per word bound = -41.705, relative change = 2.935e-06) 
Topic 1: Gene1310, Gene1049, Gene120, Gene1403, Gene1428 
 Topic 2: Gene463, Gene1428, Gene1365, Gene1310, Gene999 
 Topic 3: Gene1439, Gene71, Gene263, Gene933, Gene183 
 Topic 4: Gene120, Gene1428, Gene1080, Gene1310, Gene1156 
 Topic 5: Gene1009, Gene1439, Gene1365, Gene263, Gene71 
 Topic 6: Gene1009, Gene1375, Gene1365, Gene1310, Gene1119 
 Topic 7: Gene211, Gene1428, Gene1403, Gene1310, Gene183 
 Topic 8: Gene71, Gene183, Gene1080, Gene48, Gene928 
 Topic 9: Gene183, Gene1009, Gene978, Gene1365, Gene463 
......................................................................................................
Completed E-Step (11 seconds). 
Completed M-Step (0 seconds). 
calculate log likelihood 
convergence.check is 3.190712e-06 
Completing Iteration 51 (approx. per word bound = -41.705, relative change = 3.191e-06) 
......................................................................................................
Completed E-Step (12 seconds). 
Completed M-Step (0 seconds). 
calculate log likelihood 
convergence.check is 2.760845e-06 
Completing Iteration 52 (approx. per word bound = -41.705, relative change = 2.761e-06) 
......................................................................................................
Completed E-Step (12 seconds). 
Completed M-Step (0 seconds). 
calculate log likelihood 
convergence.check is 2.675399e-06 
Completing Iteration 53 (approx. per word bound = -41.705, relative change = 2.675e-06) 
......................................................................................................
Completed E-Step (12 seconds). 
Completed M-Step (0 seconds). 
calculate log likelihood 
convergence.check is 2.422252e-06 
Completing Iteration 54 (approx. per word bound = -41.705, relative change = 2.422e-06) 
......................................................................................................
Completed E-Step (11 seconds). 
Completed M-Step (0 seconds). 
calculate log likelihood 
convergence.check is 2.523892e-06 
Completing Iteration 55 (approx. per word bound = -41.704, relative change = 2.524e-06) 
Topic 1: Gene1310, Gene1049, Gene120, Gene1403, Gene1428 
 Topic 2: Gene463, Gene1428, Gene1365, Gene1310, Gene1185 
 Topic 3: Gene1439, Gene71, Gene263, Gene933, Gene183 
 Topic 4: Gene120, Gene1428, Gene1080, Gene1310, Gene1156 
 Topic 5: Gene1009, Gene1439, Gene1365, Gene263, Gene71 
 Topic 6: Gene1009, Gene1375, Gene1365, Gene1119, Gene1310 
 Topic 7: Gene211, Gene1428, Gene1403, Gene1310, Gene183 
 Topic 8: Gene71, Gene183, Gene1080, Gene928, Gene48 
 Topic 9: Gene183, Gene1009, Gene978, Gene463, Gene1365 
......................................................................................................
Completed E-Step (11 seconds). 
Completed M-Step (0 seconds). 
calculate log likelihood 
convergence.check is 2.212335e-06 
Completing Iteration 56 (approx. per word bound = -41.704, relative change = 2.212e-06) 
......................................................................................................
Completed E-Step (11 seconds). 
Completed M-Step (0 seconds). 
calculate log likelihood 
convergence.check is 2.015615e-06 
Completing Iteration 57 (approx. per word bound = -41.704, relative change = 2.016e-06) 
......................................................................................................
Completed E-Step (11 seconds). 
Completed M-Step (0 seconds). 
calculate log likelihood 
convergence.check is 2.24929e-06 
Completing Iteration 58 (approx. per word bound = -41.704, relative change = 2.249e-06) 
......................................................................................................
Completed E-Step (11 seconds). 
Completed M-Step (0 seconds). 
calculate log likelihood 
convergence.check is 1.778983e-06 
Completing Iteration 59 (approx. per word bound = -41.704, relative change = 1.779e-06) 
......................................................................................................
Completed E-Step (10 seconds). 
Completed M-Step (0 seconds). 
calculate log likelihood 
convergence.check is 1.874516e-06 
Completing Iteration 60 (approx. per word bound = -41.704, relative change = 1.875e-06) 
Topic 1: Gene1310, Gene120, Gene1049, Gene1403, Gene1428 
 Topic 2: Gene463, Gene1428, Gene1365, Gene1310, Gene1185 
 Topic 3: Gene1439, Gene71, Gene263, Gene933, Gene183 
 Topic 4: Gene120, Gene1428, Gene1080, Gene1310, Gene1156 
 Topic 5: Gene1009, Gene1439, Gene1365, Gene71, Gene263 
 Topic 6: Gene1009, Gene1375, Gene1365, Gene1119, Gene1310 
 Topic 7: Gene211, Gene1428, Gene1403, Gene1310, Gene183 
 Topic 8: Gene71, Gene183, Gene1080, Gene928, Gene48 
 Topic 9: Gene183, Gene1009, Gene978, Gene463, Gene1365 
......................................................................................................
Completed E-Step (10 seconds). 
Completed M-Step (0 seconds). 
calculate log likelihood 
convergence.check is 1.933994e-06 
Completing Iteration 61 (approx. per word bound = -41.704, relative change = 1.934e-06) 
......................................................................................................
Completed E-Step (10 seconds). 
Completed M-Step (0 seconds). 
calculate log likelihood 
convergence.check is 1.67846e-06 
Completing Iteration 62 (approx. per word bound = -41.704, relative change = 1.678e-06) 
......................................................................................................
Completed E-Step (10 seconds). 
Completed M-Step (0 seconds). 
calculate log likelihood 
convergence.check is 1.780639e-06 
Completing Iteration 63 (approx. per word bound = -41.704, relative change = 1.781e-06) 
......................................................................................................
Completed E-Step (10 seconds). 
Completed M-Step (0 seconds). 
calculate log likelihood 
convergence.check is 1.263891e-06 
Completing Iteration 64 (approx. per word bound = -41.704, relative change = 1.264e-06) 
......................................................................................................
Completed E-Step (10 seconds). 
Completed M-Step (0 seconds). 
calculate log likelihood 
convergence.check is 1.593957e-06 
Completing Iteration 65 (approx. per word bound = -41.704, relative change = 1.594e-06) 
Topic 1: Gene1310, Gene120, Gene1049, Gene1403, Gene1428 
 Topic 2: Gene463, Gene1428, Gene1365, Gene1310, Gene1185 
 Topic 3: Gene1439, Gene71, Gene263, Gene933, Gene183 
 Topic 4: Gene120, Gene1428, Gene1080, Gene1310, Gene1156 
 Topic 5: Gene1009, Gene1439, Gene1365, Gene71, Gene263 
 Topic 6: Gene1009, Gene1375, Gene1365, Gene1119, Gene1310 
 Topic 7: Gene211, Gene1428, Gene1403, Gene1310, Gene183 
 Topic 8: Gene71, Gene183, Gene1080, Gene928, Gene48 
 Topic 9: Gene183, Gene1009, Gene978, Gene463, Gene1365 
......................................................................................................
Completed E-Step (9 seconds). 
Completed M-Step (0 seconds). 
calculate log likelihood 
convergence.check is 1.335263e-06 
Completing Iteration 66 (approx. per word bound = -41.704, relative change = 1.335e-06) 
......................................................................................................
Completed E-Step (9 seconds). 
Completed M-Step (0 seconds). 
calculate log likelihood 
convergence.check is 1.359665e-06 
Completing Iteration 67 (approx. per word bound = -41.704, relative change = 1.360e-06) 
......................................................................................................
Completed E-Step (9 seconds). 
Completed M-Step (0 seconds). 
calculate log likelihood 
convergence.check is 1.456077e-06 
Completing Iteration 68 (approx. per word bound = -41.703, relative change = 1.456e-06) 
......................................................................................................
Completed E-Step (9 seconds). 
Completed M-Step (0 seconds). 
calculate log likelihood 
convergence.check is 1.265317e-06 
Completing Iteration 69 (approx. per word bound = -41.703, relative change = 1.265e-06) 
......................................................................................................
Completed E-Step (9 seconds). 
Completed M-Step (0 seconds). 
calculate log likelihood 
convergence.check is 1.227473e-06 
Completing Iteration 70 (approx. per word bound = -41.703, relative change = 1.227e-06) 
Topic 1: Gene1310, Gene120, Gene1049, Gene1403, Gene1428 
 Topic 2: Gene463, Gene1428, Gene1365, Gene1310, Gene1185 
 Topic 3: Gene1439, Gene263, Gene71, Gene933, Gene183 
 Topic 4: Gene120, Gene1428, Gene1080, Gene1310, Gene1156 
 Topic 5: Gene1009, Gene1439, Gene1365, Gene71, Gene263 
 Topic 6: Gene1009, Gene1375, Gene1365, Gene1119, Gene1310 
 Topic 7: Gene211, Gene1428, Gene1403, Gene183, Gene1310 
 Topic 8: Gene71, Gene183, Gene1080, Gene928, Gene48 
 Topic 9: Gene183, Gene1009, Gene978, Gene463, Gene1365 
......................................................................................................
Completed E-Step (9 seconds). 
Completed M-Step (0 seconds). 
calculate log likelihood 
convergence.check is 1.375699e-06 
Completing Iteration 71 (approx. per word bound = -41.703, relative change = 1.376e-06) 
......................................................................................................
Completed E-Step (9 seconds). 
Completed M-Step (0 seconds). 
calculate log likelihood 
convergence.check is 1.305533e-06 
Completing Iteration 72 (approx. per word bound = -41.703, relative change = 1.306e-06) 
......................................................................................................
Completed E-Step (9 seconds). 
Completed M-Step (0 seconds). 
calculate log likelihood 
convergence.check is 1.343014e-06 
Completing Iteration 73 (approx. per word bound = -41.703, relative change = 1.343e-06) 
......................................................................................................
Completed E-Step (9 seconds). 
Completed M-Step (0 seconds). 
calculate log likelihood 
convergence.check is 1.325093e-06 
Completing Iteration 74 (approx. per word bound = -41.703, relative change = 1.325e-06) 
......................................................................................................
Completed E-Step (9 seconds). 
Completed M-Step (0 seconds). 
calculate log likelihood 
convergence.check is 1.186257e-06 
Completing Iteration 75 (approx. per word bound = -41.703, relative change = 1.186e-06) 
Topic 1: Gene1310, Gene120, Gene1049, Gene1403, Gene71 
 Topic 2: Gene463, Gene1428, Gene1365, Gene1310, Gene1185 
 Topic 3: Gene1439, Gene263, Gene71, Gene933, Gene183 
 Topic 4: Gene120, Gene1428, Gene1080, Gene1310, Gene1156 
 Topic 5: Gene1009, Gene1439, Gene1365, Gene71, Gene263 
 Topic 6: Gene1009, Gene1375, Gene1365, Gene1119, Gene1310 
 Topic 7: Gene211, Gene1428, Gene1403, Gene183, Gene1310 
 Topic 8: Gene71, Gene183, Gene1080, Gene928, Gene48 
 Topic 9: Gene183, Gene1009, Gene978, Gene463, Gene1365 
......................................................................................................
Completed E-Step (9 seconds). 
Completed M-Step (0 seconds). 
calculate log likelihood 
convergence.check is 1.091171e-06 
Completing Iteration 76 (approx. per word bound = -41.703, relative change = 1.091e-06) 
......................................................................................................
Completed E-Step (9 seconds). 
Completed M-Step (0 seconds). 
calculate log likelihood 
convergence.check is 1.117488e-06 
Completing Iteration 77 (approx. per word bound = -41.703, relative change = 1.117e-06) 
......................................................................................................
Completed E-Step (9 seconds). 
Completed M-Step (0 seconds). 
calculate log likelihood 
convergence.check is 1.356201e-06 
Completing Iteration 78 (approx. per word bound = -41.703, relative change = 1.356e-06) 
......................................................................................................
Completed E-Step (9 seconds). 
Completed M-Step (0 seconds). 
calculate log likelihood 
convergence.check is 1.028155e-06 
Completing Iteration 79 (approx. per word bound = -41.703, relative change = 1.028e-06) 
......................................................................................................
Completed E-Step (9 seconds). 
Completed M-Step (0 seconds). 
calculate log likelihood 
convergence.check is 9.161018e-07 
Model Converged 
