sims_1715921140_pos_L1_c9.rds 
Found 6 batches
Using null model in ComBat-seq.
Adjusting for 0 covariate(s) or covariate level(s)
Estimating dispersions
Fitting the GLM model
Shrinkage off - using GLM estimates for parameters
Adjusting the data
Batch Effect Removed 
        R/alignCorpus.R R/asSTMCorpus.R R/checkBeta.R R/cloud.R
value   ?               ?               ?             ?        
visible FALSE           FALSE           FALSE         FALSE    
        R/CompositionChange.R R/convertCorpus.R R/estimateEffect.R
value   ?                     ?                 ?                 
visible FALSE                 FALSE             FALSE             
        R/estimateMixedEffect.R R/exclusivity.R R/findThoughts.R R/findTopic.R
value   ?                       ?               ?                ?            
visible FALSE                   FALSE           FALSE            FALSE        
        R/fitNewDocuments.R R/heldout.R R/jeffreyskappa.R R/labelTopics.R
value   ?                   ?           ?                 ?              
visible FALSE               FALSE       FALSE             FALSE          
        R/makeDesignMatrix.R R/manyTopics.R R/multiSTM.R R/optimalK.R
value   ?                    ?              ?            ?           
visible FALSE                FALSE          FALSE        FALSE       
        R/permute.R R/plot.estimateEffect.R R/plot.fixedEffect.R
value   ?           ?                       ?                   
visible FALSE       FALSE                   FALSE               
        R/plot.searchK.R R/plot.STM.R R/plotModels.R R/plotQuote.R
value   ?                ?            ?              ?            
visible FALSE            FALSE        FALSE          FALSE        
        R/plotRemoved.R R/plottingutilfns.R R/plotTopicLoess.R
value   ?               ?                   ?                 
visible FALSE           FALSE               FALSE             
        R/prepDocuments.R R/prepsce.R R/produce_cmatrix.R R/RcppExports.R
value   ?                 ?           ?                   ?              
visible FALSE             FALSE       FALSE               FALSE          
        R/readCorpus.R R/residuals.R R/s.R R/sageLabels.R R/scSTM.R
value   ?              ?             ?     ?              ?        
visible FALSE          FALSE         FALSE FALSE          FALSE    
        R/selectModel.R R/semanticCoherence.R R/simBetas.R R/spectral.R
value   ?               ?                     ?            ?           
visible FALSE           FALSE                 FALSE        FALSE       
        R/stm-package.R R/stm.control.R R/STMbound.R R/STMconvergence.R
value   NULL            ?               ?            ?                 
visible TRUE            FALSE           FALSE        FALSE             
        R/STMestep.R R/STMfunctions.R R/STMinit.R R/STMinitLikelihood.R
value   ?            ?                ?           ?                    
visible FALSE        FALSE            FALSE       FALSE                
        R/STMlncpp.R R/STMmnreg.R R/STMmu.R R/STMoptbeta.R R/STMreport.R
value   ?            ?            ?         ?              ?            
visible FALSE        FALSE        FALSE     FALSE          FALSE        
        R/STMsigma.R R/STMsigs.R R/STMsubset.R R/summary.STM.R R/tau.R
value   ?            ?           ?             ?               ?      
visible FALSE        FALSE       FALSE         FALSE           FALSE  
        R/textProcessor.R R/thetaPosterior.R R/toLDAvis.R R/topicCorr.R
value   ?                 ?                  ?            ?            
visible FALSE             FALSE              FALSE        FALSE        
        R/topicLasso.R R/topicQuality.R R/writeLdac.R R/zzz.R
value   ?              ?                ?             ?      
visible FALSE          FALSE            FALSE         FALSE  
Casting net 
1 models in net 
Initialization with topicScore. 
Initializing factors using Topic SCORE algorithm.
Initializing loadings by running 10 SCD updates.
......................................................................................................
Completed E-Step (26 seconds). 
Completed M-Step (0 seconds). 
calculate log likelihood 
Completing Iteration 1 (approx. per word bound = -40.236) 
......................................................................................................
Completed E-Step (19 seconds). 
Completed M-Step (0 seconds). 
calculate log likelihood 
convergence.check is 0.0002615715 
Completing Iteration 2 (approx. per word bound = -40.225, relative change = 2.616e-04) 
......................................................................................................
Completed E-Step (18 seconds). 
Completed M-Step (0 seconds). 
calculate log likelihood 
convergence.check is 0.0001079259 
Model Terminated Before Convergence Reached 
2 models in net 
Initialization with topicScore. 
Initializing factors using Topic SCORE algorithm.
Initializing loadings by running 10 SCD updates.
......................................................................................................
Completed E-Step (28 seconds). 
Completed M-Step (0 seconds). 
calculate log likelihood 
Completing Iteration 1 (approx. per word bound = -40.255) 
......................................................................................................
Completed E-Step (21 seconds). 
Completed M-Step (0 seconds). 
calculate log likelihood 
convergence.check is 0.0003525209 
Completing Iteration 2 (approx. per word bound = -40.240, relative change = 3.525e-04) 
......................................................................................................
Completed E-Step (19 seconds). 
Completed M-Step (0 seconds). 
calculate log likelihood 
convergence.check is 0.0001704334 
Model Terminated Before Convergence Reached 
3 models in net 
Initialization with topicScore. 
Initializing factors using Topic SCORE algorithm.
Initializing loadings by running 10 SCD updates.
......................................................................................................
Completed E-Step (29 seconds). 
Completed M-Step (0 seconds). 
calculate log likelihood 
Completing Iteration 1 (approx. per word bound = -40.267) 
......................................................................................................
Completed E-Step (20 seconds). 
Completed M-Step (0 seconds). 
calculate log likelihood 
convergence.check is 0.0004885174 
Completing Iteration 2 (approx. per word bound = -40.247, relative change = 4.885e-04) 
......................................................................................................
Completed E-Step (19 seconds). 
Completed M-Step (0 seconds). 
calculate log likelihood 
convergence.check is 0.000165275 
Model Terminated Before Convergence Reached 
4 models in net 
Initialization with topicScore. 
Initializing factors using Topic SCORE algorithm.
Initializing loadings by running 10 SCD updates.
......................................................................................................
Completed E-Step (25 seconds). 
Completed M-Step (0 seconds). 
calculate log likelihood 
Completing Iteration 1 (approx. per word bound = -40.235) 
......................................................................................................
Completed E-Step (20 seconds). 
Completed M-Step (0 seconds). 
calculate log likelihood 
convergence.check is 0.0002857865 
Completing Iteration 2 (approx. per word bound = -40.224, relative change = 2.858e-04) 
......................................................................................................
Completed E-Step (19 seconds). 
Completed M-Step (0 seconds). 
calculate log likelihood 
convergence.check is 0.0001140407 
Model Terminated Before Convergence Reached 
5 models in net 
Initialization with topicScore. 
Initializing factors using Topic SCORE algorithm.
Initializing loadings by running 10 SCD updates.
......................................................................................................
Completed E-Step (26 seconds). 
Completed M-Step (0 seconds). 
calculate log likelihood 
Completing Iteration 1 (approx. per word bound = -40.235) 
......................................................................................................
Completed E-Step (19 seconds). 
Completed M-Step (0 seconds). 
calculate log likelihood 
convergence.check is 0.0002768512 
Completing Iteration 2 (approx. per word bound = -40.224, relative change = 2.769e-04) 
......................................................................................................
Completed E-Step (18 seconds). 
Completed M-Step (0 seconds). 
calculate log likelihood 
convergence.check is 0.0001104658 
Model Terminated Before Convergence Reached 
6 models in net 
Initialization with topicScore. 
Initializing factors using Topic SCORE algorithm.
Initializing loadings by running 10 SCD updates.
......................................................................................................
Completed E-Step (30 seconds). 
Completed M-Step (0 seconds). 
calculate log likelihood 
Completing Iteration 1 (approx. per word bound = -40.289) 
......................................................................................................
Completed E-Step (19 seconds). 
Completed M-Step (0 seconds). 
calculate log likelihood 
convergence.check is 0.0006277232 
Completing Iteration 2 (approx. per word bound = -40.264, relative change = 6.277e-04) 
......................................................................................................
Completed E-Step (19 seconds). 
Completed M-Step (0 seconds). 
calculate log likelihood 
convergence.check is 0.0001843307 
Model Terminated Before Convergence Reached 
7 models in net 
Initialization with topicScore. 
Initializing factors using Topic SCORE algorithm.
Initializing loadings by running 10 SCD updates.
......................................................................................................
Completed E-Step (28 seconds). 
Completed M-Step (0 seconds). 
calculate log likelihood 
Completing Iteration 1 (approx. per word bound = -40.276) 
......................................................................................................
Completed E-Step (20 seconds). 
Completed M-Step (0 seconds). 
calculate log likelihood 
convergence.check is 0.000581513 
Completing Iteration 2 (approx. per word bound = -40.252, relative change = 5.815e-04) 
......................................................................................................
Completed E-Step (20 seconds). 
Completed M-Step (0 seconds). 
calculate log likelihood 
convergence.check is 0.0002285033 
Model Terminated Before Convergence Reached 
8 models in net 
Initialization with topicScore. 
Initializing factors using Topic SCORE algorithm.
Initializing loadings by running 10 SCD updates.
......................................................................................................
Completed E-Step (26 seconds). 
Completed M-Step (0 seconds). 
calculate log likelihood 
Completing Iteration 1 (approx. per word bound = -40.235) 
......................................................................................................
Completed E-Step (21 seconds). 
Completed M-Step (0 seconds). 
calculate log likelihood 
convergence.check is 0.0002866453 
Completing Iteration 2 (approx. per word bound = -40.223, relative change = 2.866e-04) 
......................................................................................................
Completed E-Step (19 seconds). 
Completed M-Step (0 seconds). 
calculate log likelihood 
convergence.check is 0.000112731 
Model Terminated Before Convergence Reached 
9 models in net 
Initialization with topicScore. 
Initializing factors using Topic SCORE algorithm.
Initializing loadings by running 10 SCD updates.
......................................................................................................
Completed E-Step (33 seconds). 
Completed M-Step (0 seconds). 
calculate log likelihood 
Completing Iteration 1 (approx. per word bound = -40.308) 
......................................................................................................
Completed E-Step (22 seconds). 
Completed M-Step (0 seconds). 
calculate log likelihood 
convergence.check is 0.0007032632 
Completing Iteration 2 (approx. per word bound = -40.279, relative change = 7.033e-04) 
......................................................................................................
Completed E-Step (21 seconds). 
Completed M-Step (0 seconds). 
calculate log likelihood 
convergence.check is 0.0003415534 
Model Terminated Before Convergence Reached 
10 models in net 
Initialization with topicScore. 
Initializing factors using Topic SCORE algorithm.
Initializing loadings by running 10 SCD updates.
......................................................................................................
Completed E-Step (26 seconds). 
Completed M-Step (0 seconds). 
calculate log likelihood 
Completing Iteration 1 (approx. per word bound = -40.231) 
......................................................................................................
Completed E-Step (20 seconds). 
Completed M-Step (0 seconds). 
calculate log likelihood 
convergence.check is 0.0001816135 
Completing Iteration 2 (approx. per word bound = -40.224, relative change = 1.816e-04) 
......................................................................................................
Completed E-Step (19 seconds). 
Completed M-Step (0 seconds). 
calculate log likelihood 
convergence.check is 8.865538e-05 
Model Terminated Before Convergence Reached 
11 models in net 
Beginning Spectral Initialization 
	 Calculating the gram matrix...
	 Finding anchor words...
 	.........
	 Recovering initialization...
 	.......
Initialization complete.
......................................................................................................
Completed E-Step (35 seconds). 
Completed M-Step (0 seconds). 
calculate log likelihood 
Completing Iteration 1 (approx. per word bound = -40.246) 
......................................................................................................
Completed E-Step (17 seconds). 
Completed M-Step (0 seconds). 
calculate log likelihood 
convergence.check is 0.0006266389 
Completing Iteration 2 (approx. per word bound = -40.221, relative change = 6.266e-04) 
......................................................................................................
Completed E-Step (16 seconds). 
Completed M-Step (0 seconds). 
calculate log likelihood 
convergence.check is 0.0002589227 
Model Terminated Before Convergence Reached 
12 models in net 
Beginning Random Initialization 
Initialization with Poisson NMF 
......................................................................................................
Completed E-Step (39 seconds). 
Completed M-Step (0 seconds). 
calculate log likelihood 
Completing Iteration 1 (approx. per word bound = -51.163) 
......................................................................................................
Completed E-Step (25 seconds). 
Completed M-Step (0 seconds). 
calculate log likelihood 
convergence.check is 0.2112203 
Completing Iteration 2 (approx. per word bound = -40.356, relative change = 2.112e-01) 
......................................................................................................
Completed E-Step (22 seconds). 
Completed M-Step (0 seconds). 
calculate log likelihood 
convergence.check is 0.0006995695 
Model Terminated Before Convergence Reached 
13 models in net 
Beginning Random Initialization 
Initialization with Poisson NMF 
......................................................................................................
Completed E-Step (38 seconds). 
Completed M-Step (0 seconds). 
calculate log likelihood 
Completing Iteration 1 (approx. per word bound = -51.497) 
......................................................................................................
Completed E-Step (24 seconds). 
Completed M-Step (0 seconds). 
calculate log likelihood 
convergence.check is 0.2162362 
Completing Iteration 2 (approx. per word bound = -40.361, relative change = 2.162e-01) 
......................................................................................................
Completed E-Step (21 seconds). 
Completed M-Step (0 seconds). 
calculate log likelihood 
convergence.check is 0.0007151714 
Model Terminated Before Convergence Reached 
14 models in net 
Beginning Random Initialization 
Initialization with Poisson NMF 
......................................................................................................
Completed E-Step (38 seconds). 
Completed M-Step (0 seconds). 
calculate log likelihood 
Completing Iteration 1 (approx. per word bound = -51.284) 
......................................................................................................
Completed E-Step (28 seconds). 
Completed M-Step (0 seconds). 
calculate log likelihood 
convergence.check is 0.2129566 
Completing Iteration 2 (approx. per word bound = -40.363, relative change = 2.130e-01) 
......................................................................................................
Completed E-Step (22 seconds). 
Completed M-Step (0 seconds). 
calculate log likelihood 
convergence.check is 0.0005315476 
Model Terminated Before Convergence Reached 
15 models in net 
Beginning Random Initialization 
Initialization with Poisson NMF 
......................................................................................................
Completed E-Step (36 seconds). 
Completed M-Step (0 seconds). 
calculate log likelihood 
Completing Iteration 1 (approx. per word bound = -51.579) 
......................................................................................................
Completed E-Step (27 seconds). 
Completed M-Step (0 seconds). 
calculate log likelihood 
convergence.check is 0.2176315 
Completing Iteration 2 (approx. per word bound = -40.354, relative change = 2.176e-01) 
......................................................................................................
Completed E-Step (22 seconds). 
Completed M-Step (0 seconds). 
calculate log likelihood 
convergence.check is 0.0006391067 
Model Terminated Before Convergence Reached 
16 models in net 
Beginning Random Initialization 
Initialization with Poisson NMF 
......................................................................................................
Completed E-Step (38 seconds). 
Completed M-Step (0 seconds). 
calculate log likelihood 
Completing Iteration 1 (approx. per word bound = -51.454) 
......................................................................................................
Completed E-Step (28 seconds). 
Completed M-Step (0 seconds). 
calculate log likelihood 
convergence.check is 0.2157672 
Completing Iteration 2 (approx. per word bound = -40.352, relative change = 2.158e-01) 
......................................................................................................
Completed E-Step (23 seconds). 
Completed M-Step (0 seconds). 
calculate log likelihood 
convergence.check is 0.0005929251 
Model Terminated Before Convergence Reached 
17 models in net 
Beginning Random Initialization 
Initialization with Poisson NMF 
......................................................................................................
Completed E-Step (34 seconds). 
Completed M-Step (0 seconds). 
calculate log likelihood 
Completing Iteration 1 (approx. per word bound = -51.564) 
......................................................................................................
Completed E-Step (25 seconds). 
Completed M-Step (0 seconds). 
calculate log likelihood 
convergence.check is 0.21704 
Completing Iteration 2 (approx. per word bound = -40.373, relative change = 2.170e-01) 
......................................................................................................
Completed E-Step (22 seconds). 
Completed M-Step (0 seconds). 
calculate log likelihood 
convergence.check is 0.0003559965 
Model Terminated Before Convergence Reached 
18 models in net 
Beginning Random Initialization 
Initialization with Poisson NMF 
......................................................................................................
Completed E-Step (37 seconds). 
Completed M-Step (0 seconds). 
calculate log likelihood 
Completing Iteration 1 (approx. per word bound = -51.367) 
......................................................................................................
Completed E-Step (22 seconds). 
Completed M-Step (0 seconds). 
calculate log likelihood 
convergence.check is 0.2142663 
Completing Iteration 2 (approx. per word bound = -40.361, relative change = 2.143e-01) 
......................................................................................................
Completed E-Step (22 seconds). 
Completed M-Step (0 seconds). 
calculate log likelihood 
convergence.check is 0.0004565284 
Model Terminated Before Convergence Reached 
19 models in net 
Beginning Random Initialization 
Initialization with Poisson NMF 
......................................................................................................
Completed E-Step (40 seconds). 
Completed M-Step (0 seconds). 
calculate log likelihood 
Completing Iteration 1 (approx. per word bound = -51.052) 
......................................................................................................
Completed E-Step (30 seconds). 
Completed M-Step (0 seconds). 
calculate log likelihood 
convergence.check is 0.2092126 
Completing Iteration 2 (approx. per word bound = -40.371, relative change = 2.092e-01) 
......................................................................................................
Completed E-Step (25 seconds). 
Completed M-Step (0 seconds). 
calculate log likelihood 
convergence.check is 0.0003285995 
Model Terminated Before Convergence Reached 
20 models in net 
Beginning Random Initialization 
Initialization with Poisson NMF 
......................................................................................................
Completed E-Step (37 seconds). 
Completed M-Step (0 seconds). 
calculate log likelihood 
Completing Iteration 1 (approx. per word bound = -51.504) 
......................................................................................................
Completed E-Step (27 seconds). 
Completed M-Step (0 seconds). 
calculate log likelihood 
convergence.check is 0.2161996 
Completing Iteration 2 (approx. per word bound = -40.369, relative change = 2.162e-01) 
......................................................................................................
Completed E-Step (25 seconds). 
Completed M-Step (0 seconds). 
calculate log likelihood 
convergence.check is 0.0004018259 
Model Terminated Before Convergence Reached 
21 models in net 
Beginning Random Initialization 
Initialization with Poisson NMF 
......................................................................................................
Completed E-Step (39 seconds). 
Completed M-Step (0 seconds). 
calculate log likelihood 
Completing Iteration 1 (approx. per word bound = -51.471) 
......................................................................................................
Completed E-Step (26 seconds). 
Completed M-Step (0 seconds). 
calculate log likelihood 
convergence.check is 0.2159263 
Completing Iteration 2 (approx. per word bound = -40.357, relative change = 2.159e-01) 
......................................................................................................
Completed E-Step (23 seconds). 
Completed M-Step (0 seconds). 
calculate log likelihood 
convergence.check is 0.0004874833 
Model Terminated Before Convergence Reached 
Running select models 
1 select model run 
Beginning Spectral Initialization 
	 Calculating the gram matrix...
	 Finding anchor words...
 	.........
	 Recovering initialization...
 	.......
Initialization complete.
......................................................................................................
Completed E-Step (37 seconds). 
Completed M-Step (0 seconds). 
calculate log likelihood 
Completing Iteration 1 (approx. per word bound = -40.246) 
......................................................................................................
Completed E-Step (18 seconds). 
Completed M-Step (0 seconds). 
calculate log likelihood 
convergence.check is 0.0006266389 
Completing Iteration 2 (approx. per word bound = -40.221, relative change = 6.266e-04) 
......................................................................................................
Completed E-Step (17 seconds). 
Completed M-Step (0 seconds). 
calculate log likelihood 
convergence.check is 0.0002589227 
Completing Iteration 3 (approx. per word bound = -40.210, relative change = 2.589e-04) 
......................................................................................................
Completed E-Step (15 seconds). 
Completed M-Step (0 seconds). 
calculate log likelihood 
convergence.check is 0.0001317454 
Completing Iteration 4 (approx. per word bound = -40.205, relative change = 1.317e-04) 
......................................................................................................
Completed E-Step (14 seconds). 
Completed M-Step (0 seconds). 
calculate log likelihood 
convergence.check is 6.707898e-05 
Completing Iteration 5 (approx. per word bound = -40.202, relative change = 6.708e-05) 
Topic 1: Gene342, Gene1058, Gene259, Gene386, Gene221 
 Topic 2: Gene53, Gene150, Gene259, Gene1137, Gene1058 
 Topic 3: Gene342, Gene1058, Gene42, Gene259, Gene360 
 Topic 4: Gene1137, Gene253, Gene692, Gene150, Gene35 
 Topic 5: Gene692, Gene127, Gene171, Gene934, Gene35 
 Topic 6: Gene259, Gene342, Gene1058, Gene150, Gene505 
 Topic 7: Gene660, Gene42, Gene692, Gene150, Gene360 
 Topic 8: Gene150, Gene692, Gene35, Gene259, Gene1216 
 Topic 9: Gene692, Gene1137, Gene150, Gene35, Gene171 
......................................................................................................
Completed E-Step (14 seconds). 
Completed M-Step (0 seconds). 
calculate log likelihood 
convergence.check is 4.186327e-05 
Completing Iteration 6 (approx. per word bound = -40.201, relative change = 4.186e-05) 
......................................................................................................
Completed E-Step (14 seconds). 
Completed M-Step (0 seconds). 
calculate log likelihood 
convergence.check is 2.966509e-05 
Completing Iteration 7 (approx. per word bound = -40.200, relative change = 2.967e-05) 
......................................................................................................
Completed E-Step (14 seconds). 
Completed M-Step (0 seconds). 
calculate log likelihood 
convergence.check is 2.287992e-05 
Completing Iteration 8 (approx. per word bound = -40.199, relative change = 2.288e-05) 
......................................................................................................
Completed E-Step (14 seconds). 
Completed M-Step (0 seconds). 
calculate log likelihood 
convergence.check is 1.716296e-05 
Completing Iteration 9 (approx. per word bound = -40.198, relative change = 1.716e-05) 
......................................................................................................
Completed E-Step (14 seconds). 
Completed M-Step (0 seconds). 
calculate log likelihood 
convergence.check is 1.38068e-05 
Completing Iteration 10 (approx. per word bound = -40.197, relative change = 1.381e-05) 
Topic 1: Gene342, Gene1058, Gene259, Gene386, Gene221 
 Topic 2: Gene53, Gene150, Gene259, Gene1058, Gene1137 
 Topic 3: Gene342, Gene1058, Gene42, Gene150, Gene360 
 Topic 4: Gene1137, Gene692, Gene253, Gene150, Gene35 
 Topic 5: Gene127, Gene692, Gene934, Gene171, Gene35 
 Topic 6: Gene259, Gene150, Gene1058, Gene342, Gene253 
 Topic 7: Gene660, Gene42, Gene692, Gene360, Gene150 
 Topic 8: Gene150, Gene692, Gene1216, Gene35, Gene171 
 Topic 9: Gene692, Gene1137, Gene150, Gene171, Gene35 
......................................................................................................
Completed E-Step (13 seconds). 
Completed M-Step (0 seconds). 
calculate log likelihood 
convergence.check is 1.100309e-05 
Completing Iteration 11 (approx. per word bound = -40.197, relative change = 1.100e-05) 
......................................................................................................
Completed E-Step (13 seconds). 
Completed M-Step (0 seconds). 
calculate log likelihood 
convergence.check is 8.741005e-06 
Completing Iteration 12 (approx. per word bound = -40.197, relative change = 8.741e-06) 
......................................................................................................
Completed E-Step (13 seconds). 
Completed M-Step (0 seconds). 
calculate log likelihood 
convergence.check is 6.737683e-06 
Completing Iteration 13 (approx. per word bound = -40.196, relative change = 6.738e-06) 
......................................................................................................
Completed E-Step (12 seconds). 
Completed M-Step (0 seconds). 
calculate log likelihood 
convergence.check is 5.479261e-06 
Completing Iteration 14 (approx. per word bound = -40.196, relative change = 5.479e-06) 
......................................................................................................
Completed E-Step (12 seconds). 
Completed M-Step (0 seconds). 
calculate log likelihood 
convergence.check is 4.461979e-06 
Completing Iteration 15 (approx. per word bound = -40.196, relative change = 4.462e-06) 
Topic 1: Gene342, Gene1058, Gene259, Gene386, Gene221 
 Topic 2: Gene53, Gene150, Gene259, Gene1058, Gene35 
 Topic 3: Gene342, Gene1058, Gene42, Gene150, Gene259 
 Topic 4: Gene1137, Gene253, Gene692, Gene150, Gene257 
 Topic 5: Gene127, Gene692, Gene934, Gene171, Gene35 
 Topic 6: Gene259, Gene150, Gene1058, Gene253, Gene342 
 Topic 7: Gene660, Gene42, Gene692, Gene360, Gene150 
 Topic 8: Gene150, Gene692, Gene1216, Gene35, Gene171 
 Topic 9: Gene692, Gene1137, Gene171, Gene150, Gene35 
......................................................................................................
Completed E-Step (12 seconds). 
Completed M-Step (0 seconds). 
calculate log likelihood 
convergence.check is 3.69755e-06 
Completing Iteration 16 (approx. per word bound = -40.196, relative change = 3.698e-06) 
......................................................................................................
Completed E-Step (11 seconds). 
Completed M-Step (0 seconds). 
calculate log likelihood 
convergence.check is 3.092162e-06 
Completing Iteration 17 (approx. per word bound = -40.196, relative change = 3.092e-06) 
......................................................................................................
Completed E-Step (11 seconds). 
Completed M-Step (0 seconds). 
calculate log likelihood 
convergence.check is 2.744949e-06 
Completing Iteration 18 (approx. per word bound = -40.195, relative change = 2.745e-06) 
......................................................................................................
Completed E-Step (11 seconds). 
Completed M-Step (0 seconds). 
calculate log likelihood 
convergence.check is 2.487125e-06 
Completing Iteration 19 (approx. per word bound = -40.195, relative change = 2.487e-06) 
......................................................................................................
Completed E-Step (11 seconds). 
Completed M-Step (0 seconds). 
calculate log likelihood 
convergence.check is 1.993573e-06 
Completing Iteration 20 (approx. per word bound = -40.195, relative change = 1.994e-06) 
Topic 1: Gene342, Gene1058, Gene259, Gene386, Gene221 
 Topic 2: Gene53, Gene150, Gene259, Gene1058, Gene35 
 Topic 3: Gene342, Gene1058, Gene42, Gene150, Gene259 
 Topic 4: Gene1137, Gene253, Gene692, Gene150, Gene257 
 Topic 5: Gene127, Gene692, Gene934, Gene171, Gene35 
 Topic 6: Gene259, Gene150, Gene1058, Gene253, Gene342 
 Topic 7: Gene660, Gene42, Gene360, Gene692, Gene150 
 Topic 8: Gene150, Gene692, Gene1216, Gene35, Gene171 
 Topic 9: Gene692, Gene1137, Gene171, Gene150, Gene35 
......................................................................................................
Completed E-Step (12 seconds). 
Completed M-Step (0 seconds). 
calculate log likelihood 
convergence.check is 2.004151e-06 
Completing Iteration 21 (approx. per word bound = -40.195, relative change = 2.004e-06) 
......................................................................................................
Completed E-Step (10 seconds). 
Completed M-Step (0 seconds). 
calculate log likelihood 
convergence.check is 1.355394e-06 
Completing Iteration 22 (approx. per word bound = -40.195, relative change = 1.355e-06) 
......................................................................................................
Completed E-Step (10 seconds). 
Completed M-Step (0 seconds). 
calculate log likelihood 
convergence.check is 1.294832e-06 
Completing Iteration 23 (approx. per word bound = -40.195, relative change = 1.295e-06) 
......................................................................................................
Completed E-Step (10 seconds). 
Completed M-Step (0 seconds). 
calculate log likelihood 
convergence.check is 9.175016e-07 
Model Converged 
2 select model run 
Initialization with topicScore. 
Initializing factors using Topic SCORE algorithm.
Initializing loadings by running 10 SCD updates.
......................................................................................................
Completed E-Step (28 seconds). 
Completed M-Step (0 seconds). 
calculate log likelihood 
Completing Iteration 1 (approx. per word bound = -40.235) 
......................................................................................................
Completed E-Step (22 seconds). 
Completed M-Step (0 seconds). 
calculate log likelihood 
convergence.check is 0.0002866453 
Completing Iteration 2 (approx. per word bound = -40.223, relative change = 2.866e-04) 
......................................................................................................
Completed E-Step (20 seconds). 
Completed M-Step (0 seconds). 
calculate log likelihood 
convergence.check is 0.000112731 
Completing Iteration 3 (approx. per word bound = -40.219, relative change = 1.127e-04) 
......................................................................................................
Completed E-Step (20 seconds). 
Completed M-Step (0 seconds). 
calculate log likelihood 
convergence.check is 5.805103e-05 
Completing Iteration 4 (approx. per word bound = -40.216, relative change = 5.805e-05) 
......................................................................................................
Completed E-Step (19 seconds). 
Completed M-Step (0 seconds). 
calculate log likelihood 
convergence.check is 3.426966e-05 
Completing Iteration 5 (approx. per word bound = -40.215, relative change = 3.427e-05) 
Topic 1: Gene259, Gene1058, Gene342, Gene386, Gene728 
 Topic 2: Gene150, Gene342, Gene1058, Gene221, Gene248 
 Topic 3: Gene1137, Gene253, Gene257, Gene248, Gene866 
 Topic 4: Gene53, Gene1137, Gene35, Gene171, Gene692 
 Topic 5: Gene1216, Gene1280, Gene1058, Gene35, Gene505 
 Topic 6: Gene42, Gene360, Gene660, Gene53, Gene719 
 Topic 7: Gene127, Gene660, Gene171, Gene934, Gene692 
 Topic 8: Gene692, Gene259, Gene150, Gene1137, Gene505 
 Topic 9: Gene150, Gene53, Gene1280, Gene671, Gene1131 
......................................................................................................
Completed E-Step (19 seconds). 
Completed M-Step (0 seconds). 
calculate log likelihood 
convergence.check is 2.367671e-05 
Completing Iteration 6 (approx. per word bound = -40.214, relative change = 2.368e-05) 
......................................................................................................
Completed E-Step (18 seconds). 
Completed M-Step (0 seconds). 
calculate log likelihood 
convergence.check is 1.766749e-05 
Completing Iteration 7 (approx. per word bound = -40.213, relative change = 1.767e-05) 
......................................................................................................
Completed E-Step (18 seconds). 
Completed M-Step (0 seconds). 
calculate log likelihood 
convergence.check is 1.353944e-05 
Completing Iteration 8 (approx. per word bound = -40.213, relative change = 1.354e-05) 
......................................................................................................
Completed E-Step (17 seconds). 
Completed M-Step (0 seconds). 
calculate log likelihood 
convergence.check is 1.135385e-05 
Completing Iteration 9 (approx. per word bound = -40.212, relative change = 1.135e-05) 
......................................................................................................
Completed E-Step (16 seconds). 
Completed M-Step (0 seconds). 
calculate log likelihood 
convergence.check is 9.625308e-06 
Completing Iteration 10 (approx. per word bound = -40.212, relative change = 9.625e-06) 
Topic 1: Gene259, Gene342, Gene1058, Gene386, Gene728 
 Topic 2: Gene150, Gene342, Gene1058, Gene221, Gene248 
 Topic 3: Gene1137, Gene253, Gene257, Gene248, Gene866 
 Topic 4: Gene53, Gene1137, Gene35, Gene171, Gene692 
 Topic 5: Gene1216, Gene1280, Gene1058, Gene35, Gene505 
 Topic 6: Gene42, Gene360, Gene660, Gene53, Gene719 
 Topic 7: Gene127, Gene171, Gene934, Gene660, Gene692 
 Topic 8: Gene692, Gene259, Gene1137, Gene150, Gene171 
 Topic 9: Gene150, Gene53, Gene1280, Gene671, Gene1131 
......................................................................................................
Completed E-Step (15 seconds). 
Completed M-Step (0 seconds). 
calculate log likelihood 
convergence.check is 8.2788e-06 
Completing Iteration 11 (approx. per word bound = -40.212, relative change = 8.279e-06) 
......................................................................................................
Completed E-Step (15 seconds). 
Completed M-Step (0 seconds). 
calculate log likelihood 
convergence.check is 7.201635e-06 
Completing Iteration 12 (approx. per word bound = -40.211, relative change = 7.202e-06) 
......................................................................................................
Completed E-Step (14 seconds). 
Completed M-Step (0 seconds). 
calculate log likelihood 
convergence.check is 6.687355e-06 
Completing Iteration 13 (approx. per word bound = -40.211, relative change = 6.687e-06) 
......................................................................................................
Completed E-Step (14 seconds). 
Completed M-Step (0 seconds). 
calculate log likelihood 
convergence.check is 5.652316e-06 
Completing Iteration 14 (approx. per word bound = -40.211, relative change = 5.652e-06) 
......................................................................................................
Completed E-Step (13 seconds). 
Completed M-Step (0 seconds). 
calculate log likelihood 
convergence.check is 5.644643e-06 
Completing Iteration 15 (approx. per word bound = -40.211, relative change = 5.645e-06) 
Topic 1: Gene259, Gene342, Gene1058, Gene386, Gene728 
 Topic 2: Gene150, Gene342, Gene1058, Gene221, Gene248 
 Topic 3: Gene1137, Gene253, Gene257, Gene248, Gene866 
 Topic 4: Gene53, Gene1137, Gene692, Gene35, Gene171 
 Topic 5: Gene1216, Gene1280, Gene1058, Gene35, Gene505 
 Topic 6: Gene42, Gene360, Gene660, Gene53, Gene719 
 Topic 7: Gene127, Gene934, Gene171, Gene660, Gene692 
 Topic 8: Gene692, Gene259, Gene1137, Gene150, Gene171 
 Topic 9: Gene150, Gene53, Gene1280, Gene671, Gene1131 
......................................................................................................
Completed E-Step (13 seconds). 
Completed M-Step (0 seconds). 
calculate log likelihood 
convergence.check is 4.559726e-06 
Completing Iteration 16 (approx. per word bound = -40.210, relative change = 4.560e-06) 
......................................................................................................
Completed E-Step (13 seconds). 
Completed M-Step (0 seconds). 
calculate log likelihood 
convergence.check is 4.287314e-06 
Completing Iteration 17 (approx. per word bound = -40.210, relative change = 4.287e-06) 
......................................................................................................
Completed E-Step (13 seconds). 
Completed M-Step (0 seconds). 
calculate log likelihood 
convergence.check is 3.727655e-06 
Completing Iteration 18 (approx. per word bound = -40.210, relative change = 3.728e-06) 
......................................................................................................
Completed E-Step (12 seconds). 
Completed M-Step (0 seconds). 
calculate log likelihood 
convergence.check is 3.815668e-06 
Completing Iteration 19 (approx. per word bound = -40.210, relative change = 3.816e-06) 
......................................................................................................
Completed E-Step (13 seconds). 
Completed M-Step (0 seconds). 
calculate log likelihood 
convergence.check is 3.378219e-06 
Completing Iteration 20 (approx. per word bound = -40.210, relative change = 3.378e-06) 
Topic 1: Gene259, Gene342, Gene1058, Gene386, Gene221 
 Topic 2: Gene150, Gene342, Gene1058, Gene221, Gene248 
 Topic 3: Gene1137, Gene253, Gene257, Gene248, Gene866 
 Topic 4: Gene53, Gene1137, Gene692, Gene35, Gene171 
 Topic 5: Gene1216, Gene1280, Gene1058, Gene35, Gene505 
 Topic 6: Gene42, Gene360, Gene660, Gene53, Gene719 
 Topic 7: Gene127, Gene934, Gene171, Gene660, Gene692 
 Topic 8: Gene692, Gene259, Gene1137, Gene150, Gene171 
 Topic 9: Gene150, Gene53, Gene1280, Gene671, Gene1131 
......................................................................................................
Completed E-Step (12 seconds). 
Completed M-Step (0 seconds). 
calculate log likelihood 
convergence.check is 3.401636e-06 
Completing Iteration 21 (approx. per word bound = -40.210, relative change = 3.402e-06) 
......................................................................................................
Completed E-Step (12 seconds). 
Completed M-Step (0 seconds). 
calculate log likelihood 
convergence.check is 3.018125e-06 
Completing Iteration 22 (approx. per word bound = -40.209, relative change = 3.018e-06) 
......................................................................................................
Completed E-Step (12 seconds). 
Completed M-Step (0 seconds). 
calculate log likelihood 
convergence.check is 2.685568e-06 
Completing Iteration 23 (approx. per word bound = -40.209, relative change = 2.686e-06) 
......................................................................................................
Completed E-Step (11 seconds). 
Completed M-Step (0 seconds). 
calculate log likelihood 
convergence.check is 2.71077e-06 
Completing Iteration 24 (approx. per word bound = -40.209, relative change = 2.711e-06) 
......................................................................................................
Completed E-Step (11 seconds). 
Completed M-Step (0 seconds). 
calculate log likelihood 
convergence.check is 2.596122e-06 
Completing Iteration 25 (approx. per word bound = -40.209, relative change = 2.596e-06) 
Topic 1: Gene342, Gene259, Gene1058, Gene386, Gene221 
 Topic 2: Gene150, Gene342, Gene1058, Gene221, Gene248 
 Topic 3: Gene1137, Gene253, Gene257, Gene248, Gene866 
 Topic 4: Gene53, Gene692, Gene1137, Gene35, Gene171 
 Topic 5: Gene1216, Gene1280, Gene1058, Gene35, Gene505 
 Topic 6: Gene42, Gene360, Gene660, Gene719, Gene53 
 Topic 7: Gene127, Gene934, Gene171, Gene660, Gene692 
 Topic 8: Gene692, Gene259, Gene1137, Gene150, Gene171 
 Topic 9: Gene150, Gene53, Gene1280, Gene671, Gene1131 
......................................................................................................
Completed E-Step (11 seconds). 
Completed M-Step (0 seconds). 
calculate log likelihood 
convergence.check is 2.4632e-06 
Completing Iteration 26 (approx. per word bound = -40.209, relative change = 2.463e-06) 
......................................................................................................
Completed E-Step (11 seconds). 
Completed M-Step (0 seconds). 
calculate log likelihood 
convergence.check is 2.246154e-06 
Completing Iteration 27 (approx. per word bound = -40.209, relative change = 2.246e-06) 
......................................................................................................
Completed E-Step (11 seconds). 
Completed M-Step (0 seconds). 
calculate log likelihood 
convergence.check is 2.18828e-06 
Completing Iteration 28 (approx. per word bound = -40.209, relative change = 2.188e-06) 
......................................................................................................
Completed E-Step (11 seconds). 
Completed M-Step (0 seconds). 
calculate log likelihood 
convergence.check is 2.215908e-06 
Completing Iteration 29 (approx. per word bound = -40.209, relative change = 2.216e-06) 
......................................................................................................
Completed E-Step (13 seconds). 
Completed M-Step (0 seconds). 
calculate log likelihood 
convergence.check is 2.083298e-06 
Completing Iteration 30 (approx. per word bound = -40.209, relative change = 2.083e-06) 
Topic 1: Gene342, Gene259, Gene1058, Gene386, Gene221 
 Topic 2: Gene150, Gene342, Gene1058, Gene221, Gene248 
 Topic 3: Gene1137, Gene253, Gene257, Gene248, Gene866 
 Topic 4: Gene53, Gene692, Gene1137, Gene35, Gene171 
 Topic 5: Gene1216, Gene1280, Gene1058, Gene35, Gene505 
 Topic 6: Gene42, Gene360, Gene660, Gene719, Gene977 
 Topic 7: Gene127, Gene934, Gene171, Gene660, Gene692 
 Topic 8: Gene692, Gene259, Gene1137, Gene150, Gene171 
 Topic 9: Gene150, Gene53, Gene1280, Gene671, Gene1131 
......................................................................................................
Completed E-Step (10 seconds). 
Completed M-Step (0 seconds). 
calculate log likelihood 
convergence.check is 1.922484e-06 
Completing Iteration 31 (approx. per word bound = -40.209, relative change = 1.922e-06) 
......................................................................................................
Completed E-Step (10 seconds). 
Completed M-Step (0 seconds). 
calculate log likelihood 
convergence.check is 1.704465e-06 
Completing Iteration 32 (approx. per word bound = -40.209, relative change = 1.704e-06) 
......................................................................................................
Completed E-Step (10 seconds). 
Completed M-Step (0 seconds). 
calculate log likelihood 
convergence.check is 1.707446e-06 
Completing Iteration 33 (approx. per word bound = -40.208, relative change = 1.707e-06) 
......................................................................................................
Completed E-Step (10 seconds). 
Completed M-Step (0 seconds). 
calculate log likelihood 
convergence.check is 1.687145e-06 
Completing Iteration 34 (approx. per word bound = -40.208, relative change = 1.687e-06) 
......................................................................................................
Completed E-Step (10 seconds). 
Completed M-Step (0 seconds). 
calculate log likelihood 
convergence.check is 1.636926e-06 
Completing Iteration 35 (approx. per word bound = -40.208, relative change = 1.637e-06) 
Topic 1: Gene342, Gene259, Gene1058, Gene386, Gene221 
 Topic 2: Gene150, Gene342, Gene1058, Gene221, Gene248 
 Topic 3: Gene1137, Gene253, Gene257, Gene248, Gene866 
 Topic 4: Gene53, Gene692, Gene1137, Gene35, Gene171 
 Topic 5: Gene1216, Gene1280, Gene1058, Gene35, Gene505 
 Topic 6: Gene42, Gene360, Gene660, Gene719, Gene977 
 Topic 7: Gene127, Gene934, Gene171, Gene660, Gene692 
 Topic 8: Gene692, Gene259, Gene1137, Gene150, Gene171 
 Topic 9: Gene150, Gene53, Gene1280, Gene671, Gene1131 
......................................................................................................
Completed E-Step (10 seconds). 
Completed M-Step (0 seconds). 
calculate log likelihood 
convergence.check is 1.378421e-06 
Completing Iteration 36 (approx. per word bound = -40.208, relative change = 1.378e-06) 
......................................................................................................
Completed E-Step (10 seconds). 
Completed M-Step (0 seconds). 
calculate log likelihood 
convergence.check is 1.495012e-06 
Completing Iteration 37 (approx. per word bound = -40.208, relative change = 1.495e-06) 
......................................................................................................
Completed E-Step (10 seconds). 
Completed M-Step (0 seconds). 
calculate log likelihood 
convergence.check is 1.425593e-06 
Completing Iteration 38 (approx. per word bound = -40.208, relative change = 1.426e-06) 
......................................................................................................
Completed E-Step (10 seconds). 
Completed M-Step (0 seconds). 
calculate log likelihood 
convergence.check is 1.421576e-06 
Completing Iteration 39 (approx. per word bound = -40.208, relative change = 1.422e-06) 
......................................................................................................
Completed E-Step (10 seconds). 
Completed M-Step (0 seconds). 
calculate log likelihood 
convergence.check is 1.210059e-06 
Completing Iteration 40 (approx. per word bound = -40.208, relative change = 1.210e-06) 
Topic 1: Gene342, Gene259, Gene1058, Gene386, Gene221 
 Topic 2: Gene150, Gene342, Gene1058, Gene221, Gene248 
 Topic 3: Gene1137, Gene253, Gene257, Gene248, Gene866 
 Topic 4: Gene53, Gene692, Gene1137, Gene35, Gene259 
 Topic 5: Gene1216, Gene1280, Gene1058, Gene35, Gene150 
 Topic 6: Gene42, Gene360, Gene660, Gene719, Gene977 
 Topic 7: Gene127, Gene934, Gene171, Gene660, Gene692 
 Topic 8: Gene692, Gene259, Gene1137, Gene150, Gene171 
 Topic 9: Gene150, Gene53, Gene1280, Gene671, Gene1131 
......................................................................................................
Completed E-Step (9 seconds). 
Completed M-Step (0 seconds). 
calculate log likelihood 
convergence.check is 1.335938e-06 
Completing Iteration 41 (approx. per word bound = -40.208, relative change = 1.336e-06) 
......................................................................................................
Completed E-Step (9 seconds). 
Completed M-Step (0 seconds). 
calculate log likelihood 
convergence.check is 1.165462e-06 
Completing Iteration 42 (approx. per word bound = -40.208, relative change = 1.165e-06) 
......................................................................................................
Completed E-Step (9 seconds). 
Completed M-Step (0 seconds). 
calculate log likelihood 
convergence.check is 1.183745e-06 
Completing Iteration 43 (approx. per word bound = -40.208, relative change = 1.184e-06) 
......................................................................................................
Completed E-Step (9 seconds). 
Completed M-Step (0 seconds). 
calculate log likelihood 
convergence.check is 1.14187e-06 
Completing Iteration 44 (approx. per word bound = -40.208, relative change = 1.142e-06) 
......................................................................................................
Completed E-Step (9 seconds). 
Completed M-Step (0 seconds). 
calculate log likelihood 
convergence.check is 1.315216e-06 
Completing Iteration 45 (approx. per word bound = -40.208, relative change = 1.315e-06) 
Topic 1: Gene342, Gene259, Gene1058, Gene386, Gene728 
 Topic 2: Gene150, Gene342, Gene1058, Gene221, Gene248 
 Topic 3: Gene1137, Gene253, Gene257, Gene248, Gene866 
 Topic 4: Gene53, Gene692, Gene1137, Gene35, Gene259 
 Topic 5: Gene1216, Gene1280, Gene1058, Gene35, Gene150 
 Topic 6: Gene42, Gene360, Gene660, Gene719, Gene171 
 Topic 7: Gene127, Gene934, Gene171, Gene660, Gene692 
 Topic 8: Gene692, Gene259, Gene1137, Gene150, Gene171 
 Topic 9: Gene150, Gene53, Gene1280, Gene671, Gene1131 
......................................................................................................
Completed E-Step (9 seconds). 
Completed M-Step (0 seconds). 
calculate log likelihood 
convergence.check is 8.780576e-07 
Model Converged 
3 select model run 
Initialization with topicScore. 
Initializing factors using Topic SCORE algorithm.
Initializing loadings by running 10 SCD updates.
......................................................................................................
Completed E-Step (27 seconds). 
Completed M-Step (0 seconds). 
calculate log likelihood 
Completing Iteration 1 (approx. per word bound = -40.235) 
......................................................................................................
Completed E-Step (22 seconds). 
Completed M-Step (0 seconds). 
calculate log likelihood 
convergence.check is 0.0002857865 
Completing Iteration 2 (approx. per word bound = -40.224, relative change = 2.858e-04) 
......................................................................................................
Completed E-Step (20 seconds). 
Completed M-Step (0 seconds). 
calculate log likelihood 
convergence.check is 0.0001140407 
Completing Iteration 3 (approx. per word bound = -40.219, relative change = 1.140e-04) 
......................................................................................................
Completed E-Step (20 seconds). 
Completed M-Step (0 seconds). 
calculate log likelihood 
convergence.check is 5.796096e-05 
Completing Iteration 4 (approx. per word bound = -40.217, relative change = 5.796e-05) 
......................................................................................................
Completed E-Step (20 seconds). 
Completed M-Step (0 seconds). 
calculate log likelihood 
convergence.check is 3.502273e-05 
Completing Iteration 5 (approx. per word bound = -40.215, relative change = 3.502e-05) 
Topic 1: Gene150, Gene342, Gene1058, Gene221, Gene248 
 Topic 2: Gene259, Gene342, Gene1058, Gene386, Gene728 
 Topic 3: Gene1137, Gene253, Gene257, Gene248, Gene866 
 Topic 4: Gene53, Gene1137, Gene171, Gene692, Gene35 
 Topic 5: Gene42, Gene360, Gene660, Gene53, Gene719 
 Topic 6: Gene1216, Gene1280, Gene1058, Gene35, Gene342 
 Topic 7: Gene127, Gene171, Gene660, Gene934, Gene692 
 Topic 8: Gene692, Gene259, Gene150, Gene1137, Gene171 
 Topic 9: Gene150, Gene53, Gene1280, Gene671, Gene1131 
......................................................................................................
Completed E-Step (19 seconds). 
Completed M-Step (0 seconds). 
calculate log likelihood 
convergence.check is 2.371696e-05 
Completing Iteration 6 (approx. per word bound = -40.214, relative change = 2.372e-05) 
......................................................................................................
Completed E-Step (18 seconds). 
Completed M-Step (0 seconds). 
calculate log likelihood 
convergence.check is 1.779109e-05 
Completing Iteration 7 (approx. per word bound = -40.214, relative change = 1.779e-05) 
......................................................................................................
Completed E-Step (18 seconds). 
Completed M-Step (0 seconds). 
calculate log likelihood 
convergence.check is 1.395573e-05 
Completing Iteration 8 (approx. per word bound = -40.213, relative change = 1.396e-05) 
......................................................................................................
Completed E-Step (17 seconds). 
Completed M-Step (0 seconds). 
calculate log likelihood 
convergence.check is 1.160026e-05 
Completing Iteration 9 (approx. per word bound = -40.213, relative change = 1.160e-05) 
......................................................................................................
Completed E-Step (17 seconds). 
Completed M-Step (0 seconds). 
calculate log likelihood 
convergence.check is 9.770301e-06 
Completing Iteration 10 (approx. per word bound = -40.212, relative change = 9.770e-06) 
Topic 1: Gene150, Gene342, Gene1058, Gene221, Gene248 
 Topic 2: Gene259, Gene342, Gene1058, Gene386, Gene728 
 Topic 3: Gene1137, Gene253, Gene257, Gene248, Gene866 
 Topic 4: Gene53, Gene1137, Gene692, Gene171, Gene35 
 Topic 5: Gene42, Gene360, Gene660, Gene53, Gene719 
 Topic 6: Gene1216, Gene1280, Gene1058, Gene35, Gene505 
 Topic 7: Gene127, Gene171, Gene934, Gene660, Gene692 
 Topic 8: Gene692, Gene259, Gene1137, Gene150, Gene171 
 Topic 9: Gene150, Gene53, Gene1280, Gene671, Gene1131 
......................................................................................................
Completed E-Step (16 seconds). 
Completed M-Step (0 seconds). 
calculate log likelihood 
convergence.check is 8.53456e-06 
Completing Iteration 11 (approx. per word bound = -40.212, relative change = 8.535e-06) 
......................................................................................................
Completed E-Step (15 seconds). 
Completed M-Step (0 seconds). 
calculate log likelihood 
convergence.check is 7.43631e-06 
Completing Iteration 12 (approx. per word bound = -40.212, relative change = 7.436e-06) 
......................................................................................................
Completed E-Step (14 seconds). 
Completed M-Step (0 seconds). 
calculate log likelihood 
convergence.check is 6.385022e-06 
Completing Iteration 13 (approx. per word bound = -40.211, relative change = 6.385e-06) 
......................................................................................................
Completed E-Step (14 seconds). 
Completed M-Step (0 seconds). 
calculate log likelihood 
convergence.check is 5.900707e-06 
Completing Iteration 14 (approx. per word bound = -40.211, relative change = 5.901e-06) 
......................................................................................................
Completed E-Step (13 seconds). 
Completed M-Step (0 seconds). 
calculate log likelihood 
convergence.check is 5.040033e-06 
Completing Iteration 15 (approx. per word bound = -40.211, relative change = 5.040e-06) 
Topic 1: Gene150, Gene342, Gene1058, Gene221, Gene248 
 Topic 2: Gene259, Gene342, Gene1058, Gene386, Gene728 
 Topic 3: Gene1137, Gene253, Gene257, Gene248, Gene866 
 Topic 4: Gene692, Gene53, Gene1137, Gene171, Gene35 
 Topic 5: Gene42, Gene360, Gene660, Gene53, Gene719 
 Topic 6: Gene1216, Gene1280, Gene1058, Gene35, Gene505 
 Topic 7: Gene127, Gene934, Gene171, Gene660, Gene692 
 Topic 8: Gene692, Gene259, Gene1137, Gene150, Gene171 
 Topic 9: Gene150, Gene53, Gene1280, Gene671, Gene1131 
......................................................................................................
Completed E-Step (14 seconds). 
Completed M-Step (0 seconds). 
calculate log likelihood 
convergence.check is 4.479039e-06 
Completing Iteration 16 (approx. per word bound = -40.211, relative change = 4.479e-06) 
......................................................................................................
Completed E-Step (12 seconds). 
Completed M-Step (0 seconds). 
calculate log likelihood 
convergence.check is 3.999794e-06 
Completing Iteration 17 (approx. per word bound = -40.211, relative change = 4.000e-06) 
......................................................................................................
Completed E-Step (12 seconds). 
Completed M-Step (0 seconds). 
calculate log likelihood 
convergence.check is 3.703772e-06 
Completing Iteration 18 (approx. per word bound = -40.211, relative change = 3.704e-06) 
......................................................................................................
Completed E-Step (11 seconds). 
Completed M-Step (0 seconds). 
calculate log likelihood 
convergence.check is 3.550072e-06 
Completing Iteration 19 (approx. per word bound = -40.210, relative change = 3.550e-06) 
......................................................................................................
Completed E-Step (11 seconds). 
Completed M-Step (0 seconds). 
calculate log likelihood 
convergence.check is 3.427033e-06 
Completing Iteration 20 (approx. per word bound = -40.210, relative change = 3.427e-06) 
Topic 1: Gene150, Gene342, Gene1058, Gene221, Gene248 
 Topic 2: Gene259, Gene342, Gene1058, Gene386, Gene728 
 Topic 3: Gene1137, Gene253, Gene257, Gene248, Gene866 
 Topic 4: Gene692, Gene53, Gene1137, Gene171, Gene259 
 Topic 5: Gene42, Gene360, Gene660, Gene53, Gene719 
 Topic 6: Gene1216, Gene1280, Gene1058, Gene35, Gene505 
 Topic 7: Gene127, Gene934, Gene171, Gene660, Gene692 
 Topic 8: Gene692, Gene259, Gene1137, Gene150, Gene171 
 Topic 9: Gene150, Gene53, Gene1280, Gene671, Gene1131 
......................................................................................................
Completed E-Step (11 seconds). 
Completed M-Step (0 seconds). 
calculate log likelihood 
convergence.check is 3.092019e-06 
Completing Iteration 21 (approx. per word bound = -40.210, relative change = 3.092e-06) 
......................................................................................................
Completed E-Step (11 seconds). 
Completed M-Step (0 seconds). 
calculate log likelihood 
convergence.check is 2.932646e-06 
Completing Iteration 22 (approx. per word bound = -40.210, relative change = 2.933e-06) 
......................................................................................................
Completed E-Step (11 seconds). 
Completed M-Step (0 seconds). 
calculate log likelihood 
convergence.check is 2.621049e-06 
Completing Iteration 23 (approx. per word bound = -40.210, relative change = 2.621e-06) 
......................................................................................................
Completed E-Step (11 seconds). 
Completed M-Step (0 seconds). 
calculate log likelihood 
convergence.check is 2.329999e-06 
Completing Iteration 24 (approx. per word bound = -40.210, relative change = 2.330e-06) 
......................................................................................................
Completed E-Step (10 seconds). 
Completed M-Step (0 seconds). 
calculate log likelihood 
convergence.check is 2.376646e-06 
Completing Iteration 25 (approx. per word bound = -40.210, relative change = 2.377e-06) 
Topic 1: Gene150, Gene342, Gene1058, Gene221, Gene248 
 Topic 2: Gene259, Gene342, Gene1058, Gene386, Gene728 
 Topic 3: Gene1137, Gene253, Gene257, Gene248, Gene866 
 Topic 4: Gene692, Gene53, Gene1137, Gene171, Gene259 
 Topic 5: Gene42, Gene360, Gene660, Gene719, Gene53 
 Topic 6: Gene1216, Gene1280, Gene1058, Gene35, Gene505 
 Topic 7: Gene127, Gene934, Gene171, Gene660, Gene692 
 Topic 8: Gene692, Gene259, Gene1137, Gene150, Gene171 
 Topic 9: Gene150, Gene53, Gene1280, Gene671, Gene1131 
......................................................................................................
Completed E-Step (10 seconds). 
Completed M-Step (0 seconds). 
calculate log likelihood 
convergence.check is 2.238637e-06 
Completing Iteration 26 (approx. per word bound = -40.210, relative change = 2.239e-06) 
......................................................................................................
Completed E-Step (10 seconds). 
Completed M-Step (0 seconds). 
calculate log likelihood 
convergence.check is 2.058248e-06 
Completing Iteration 27 (approx. per word bound = -40.210, relative change = 2.058e-06) 
......................................................................................................
Completed E-Step (10 seconds). 
Completed M-Step (0 seconds). 
calculate log likelihood 
convergence.check is 1.995566e-06 
Completing Iteration 28 (approx. per word bound = -40.209, relative change = 1.996e-06) 
......................................................................................................
Completed E-Step (10 seconds). 
Completed M-Step (0 seconds). 
calculate log likelihood 
convergence.check is 1.985741e-06 
Completing Iteration 29 (approx. per word bound = -40.209, relative change = 1.986e-06) 
......................................................................................................
Completed E-Step (10 seconds). 
Completed M-Step (0 seconds). 
calculate log likelihood 
convergence.check is 1.681757e-06 
Completing Iteration 30 (approx. per word bound = -40.209, relative change = 1.682e-06) 
Topic 1: Gene150, Gene342, Gene1058, Gene221, Gene248 
 Topic 2: Gene259, Gene342, Gene1058, Gene386, Gene728 
 Topic 3: Gene1137, Gene253, Gene257, Gene248, Gene866 
 Topic 4: Gene692, Gene53, Gene1137, Gene171, Gene259 
 Topic 5: Gene42, Gene360, Gene660, Gene719, Gene977 
 Topic 6: Gene1216, Gene1280, Gene1058, Gene35, Gene505 
 Topic 7: Gene127, Gene934, Gene171, Gene660, Gene692 
 Topic 8: Gene692, Gene259, Gene1137, Gene171, Gene150 
 Topic 9: Gene150, Gene53, Gene1280, Gene671, Gene1131 
......................................................................................................
Completed E-Step (10 seconds). 
Completed M-Step (0 seconds). 
calculate log likelihood 
convergence.check is 1.782669e-06 
Completing Iteration 31 (approx. per word bound = -40.209, relative change = 1.783e-06) 
......................................................................................................
Completed E-Step (10 seconds). 
Completed M-Step (0 seconds). 
calculate log likelihood 
convergence.check is 1.708094e-06 
Completing Iteration 32 (approx. per word bound = -40.209, relative change = 1.708e-06) 
......................................................................................................
Completed E-Step (10 seconds). 
Completed M-Step (0 seconds). 
calculate log likelihood 
convergence.check is 1.436534e-06 
Completing Iteration 33 (approx. per word bound = -40.209, relative change = 1.437e-06) 
......................................................................................................
Completed E-Step (10 seconds). 
Completed M-Step (0 seconds). 
calculate log likelihood 
convergence.check is 1.840212e-06 
Completing Iteration 34 (approx. per word bound = -40.209, relative change = 1.840e-06) 
......................................................................................................
Completed E-Step (10 seconds). 
Completed M-Step (0 seconds). 
calculate log likelihood 
convergence.check is 1.332786e-06 
Completing Iteration 35 (approx. per word bound = -40.209, relative change = 1.333e-06) 
Topic 1: Gene150, Gene342, Gene1058, Gene221, Gene248 
 Topic 2: Gene342, Gene259, Gene1058, Gene386, Gene728 
 Topic 3: Gene1137, Gene253, Gene257, Gene248, Gene866 
 Topic 4: Gene692, Gene53, Gene1137, Gene171, Gene259 
 Topic 5: Gene42, Gene360, Gene660, Gene719, Gene977 
 Topic 6: Gene1216, Gene1280, Gene1058, Gene35, Gene505 
 Topic 7: Gene127, Gene934, Gene171, Gene660, Gene692 
 Topic 8: Gene692, Gene259, Gene1137, Gene171, Gene150 
 Topic 9: Gene150, Gene53, Gene1280, Gene671, Gene1131 
......................................................................................................
Completed E-Step (10 seconds). 
Completed M-Step (0 seconds). 
calculate log likelihood 
convergence.check is 1.370938e-06 
Completing Iteration 36 (approx. per word bound = -40.209, relative change = 1.371e-06) 
......................................................................................................
Completed E-Step (10 seconds). 
Completed M-Step (0 seconds). 
calculate log likelihood 
convergence.check is 1.413391e-06 
Completing Iteration 37 (approx. per word bound = -40.209, relative change = 1.413e-06) 
......................................................................................................
Completed E-Step (10 seconds). 
Completed M-Step (0 seconds). 
calculate log likelihood 
convergence.check is 1.292189e-06 
Completing Iteration 38 (approx. per word bound = -40.209, relative change = 1.292e-06) 
......................................................................................................
Completed E-Step (9 seconds). 
Completed M-Step (0 seconds). 
calculate log likelihood 
convergence.check is 1.227176e-06 
Completing Iteration 39 (approx. per word bound = -40.209, relative change = 1.227e-06) 
......................................................................................................
Completed E-Step (10 seconds). 
Completed M-Step (0 seconds). 
calculate log likelihood 
convergence.check is 1.29413e-06 
Completing Iteration 40 (approx. per word bound = -40.209, relative change = 1.294e-06) 
Topic 1: Gene150, Gene342, Gene1058, Gene221, Gene248 
 Topic 2: Gene342, Gene259, Gene1058, Gene386, Gene728 
 Topic 3: Gene1137, Gene253, Gene257, Gene248, Gene866 
 Topic 4: Gene692, Gene53, Gene1137, Gene171, Gene259 
 Topic 5: Gene42, Gene360, Gene660, Gene719, Gene977 
 Topic 6: Gene1216, Gene1280, Gene1058, Gene35, Gene505 
 Topic 7: Gene127, Gene934, Gene171, Gene660, Gene692 
 Topic 8: Gene692, Gene259, Gene1137, Gene171, Gene150 
 Topic 9: Gene150, Gene53, Gene1280, Gene671, Gene1131 
......................................................................................................
Completed E-Step (9 seconds). 
Completed M-Step (0 seconds). 
calculate log likelihood 
convergence.check is 1.274414e-06 
Completing Iteration 41 (approx. per word bound = -40.209, relative change = 1.274e-06) 
......................................................................................................
Completed E-Step (9 seconds). 
Completed M-Step (0 seconds). 
calculate log likelihood 
convergence.check is 1.119984e-06 
Completing Iteration 42 (approx. per word bound = -40.209, relative change = 1.120e-06) 
......................................................................................................
Completed E-Step (9 seconds). 
Completed M-Step (0 seconds). 
calculate log likelihood 
convergence.check is 1.205671e-06 
Completing Iteration 43 (approx. per word bound = -40.209, relative change = 1.206e-06) 
......................................................................................................
Completed E-Step (9 seconds). 
Completed M-Step (0 seconds). 
calculate log likelihood 
convergence.check is 1.168172e-06 
Completing Iteration 44 (approx. per word bound = -40.209, relative change = 1.168e-06) 
......................................................................................................
Completed E-Step (9 seconds). 
Completed M-Step (0 seconds). 
calculate log likelihood 
convergence.check is 9.714805e-07 
Model Converged 
