sims_1715984929_neg_L1_c5.rds 
Found 6 batches
Using null model in ComBat-seq.
Adjusting for 0 covariate(s) or covariate level(s)
Estimating dispersions
Fitting the GLM model
Shrinkage off - using GLM estimates for parameters
Adjusting the data
Batch Effect Removed 
        R/alignCorpus.R R/asSTMCorpus.R R/checkBeta.R R/cloud.R
value   ?               ?               ?             ?        
visible FALSE           FALSE           FALSE         FALSE    
        R/CompositionChange.R R/convertCorpus.R R/estimateEffect.R
value   ?                     ?                 ?                 
visible FALSE                 FALSE             FALSE             
        R/estimateMixedEffect.R R/exclusivity.R R/findThoughts.R R/findTopic.R
value   ?                       ?               ?                ?            
visible FALSE                   FALSE           FALSE            FALSE        
        R/fitNewDocuments.R R/heldout.R R/jeffreyskappa.R R/labelTopics.R
value   ?                   ?           ?                 ?              
visible FALSE               FALSE       FALSE             FALSE          
        R/makeDesignMatrix.R R/manyTopics.R R/multiSTM.R R/optimalK.R
value   ?                    ?              ?            ?           
visible FALSE                FALSE          FALSE        FALSE       
        R/permute.R R/plot.estimateEffect.R R/plot.fixedEffect.R
value   ?           ?                       ?                   
visible FALSE       FALSE                   FALSE               
        R/plot.searchK.R R/plot.STM.R R/plotModels.R R/plotQuote.R
value   ?                ?            ?              ?            
visible FALSE            FALSE        FALSE          FALSE        
        R/plotRemoved.R R/plottingutilfns.R R/plotTopicLoess.R
value   ?               ?                   ?                 
visible FALSE           FALSE               FALSE             
        R/prepDocuments.R R/prepsce.R R/produce_cmatrix.R R/RcppExports.R
value   ?                 ?           ?                   ?              
visible FALSE             FALSE       FALSE               FALSE          
        R/readCorpus.R R/residuals.R R/s.R R/sageLabels.R R/scSTM.R
value   ?              ?             ?     ?              ?        
visible FALSE          FALSE         FALSE FALSE          FALSE    
        R/selectModel.R R/semanticCoherence.R R/simBetas.R R/spectral.R
value   ?               ?                     ?            ?           
visible FALSE           FALSE                 FALSE        FALSE       
        R/stm-package.R R/stm.control.R R/STMbound.R R/STMconvergence.R
value   NULL            ?               ?            ?                 
visible TRUE            FALSE           FALSE        FALSE             
        R/STMestep.R R/STMfunctions.R R/STMinit.R R/STMinitLikelihood.R
value   ?            ?                ?           ?                    
visible FALSE        FALSE            FALSE       FALSE                
        R/STMlncpp.R R/STMmnreg.R R/STMmu.R R/STMoptbeta.R R/STMreport.R
value   ?            ?            ?         ?              ?            
visible FALSE        FALSE        FALSE     FALSE          FALSE        
        R/STMsigma.R R/STMsigs.R R/STMsubset.R R/summary.STM.R R/tau.R
value   ?            ?           ?             ?               ?      
visible FALSE        FALSE       FALSE         FALSE           FALSE  
        R/textProcessor.R R/thetaPosterior.R R/toLDAvis.R R/topicCorr.R
value   ?                 ?                  ?            ?            
visible FALSE             FALSE              FALSE        FALSE        
        R/topicLasso.R R/topicQuality.R R/writeLdac.R R/zzz.R
value   ?              ?                ?             ?      
visible FALSE          FALSE            FALSE         FALSE  
Casting net 
1 models in net 
Initialization with topicScore. 
Initializing factors using Topic SCORE algorithm.
Initializing loadings by running 10 SCD updates.
......................................................................................................
Completed E-Step (18 seconds). 
Completed M-Step (0 seconds). 
calculate log likelihood 
Completing Iteration 1 (approx. per word bound = -56.842) 
......................................................................................................
Completed E-Step (17 seconds). 
Completed M-Step (0 seconds). 
calculate log likelihood 
convergence.check is 7.069809e-05 
Completing Iteration 2 (approx. per word bound = -56.838, relative change = 7.070e-05) 
......................................................................................................
Completed E-Step (16 seconds). 
Completed M-Step (0 seconds). 
calculate log likelihood 
convergence.check is 4.751829e-05 
Model Terminated Before Convergence Reached 
2 models in net 
Initialization with topicScore. 
Initializing factors using Topic SCORE algorithm.
Initializing loadings by running 10 SCD updates.
......................................................................................................
Completed E-Step (18 seconds). 
Completed M-Step (0 seconds). 
calculate log likelihood 
Completing Iteration 1 (approx. per word bound = -56.842) 
......................................................................................................
Completed E-Step (17 seconds). 
Completed M-Step (0 seconds). 
calculate log likelihood 
convergence.check is 6.919334e-05 
Completing Iteration 2 (approx. per word bound = -56.838, relative change = 6.919e-05) 
......................................................................................................
Completed E-Step (15 seconds). 
Completed M-Step (0 seconds). 
calculate log likelihood 
convergence.check is 4.633157e-05 
Model Terminated Before Convergence Reached 
3 models in net 
Initialization with topicScore. 
Initializing factors using Topic SCORE algorithm.
Initializing loadings by running 10 SCD updates.
......................................................................................................
Completed E-Step (15 seconds). 
Completed M-Step (0 seconds). 
calculate log likelihood 
Completing Iteration 1 (approx. per word bound = -56.800) 
......................................................................................................
Completed E-Step (16 seconds). 
Completed M-Step (0 seconds). 
calculate log likelihood 
convergence.check is 7.09093e-05 
Completing Iteration 2 (approx. per word bound = -56.796, relative change = 7.091e-05) 
......................................................................................................
Completed E-Step (15 seconds). 
Completed M-Step (0 seconds). 
calculate log likelihood 
convergence.check is 5.184867e-05 
Model Terminated Before Convergence Reached 
4 models in net 
Initialization with topicScore. 
Initializing factors using Topic SCORE algorithm.
Initializing loadings by running 10 SCD updates.
......................................................................................................
Completed E-Step (6 seconds). 
Completed M-Step (0 seconds). 
calculate log likelihood 
Completing Iteration 1 (approx. per word bound = -56.765) 
......................................................................................................
Completed E-Step (17 seconds). 
Completed M-Step (0 seconds). 
calculate log likelihood 
convergence.check is 2.237802e-05 
Completing Iteration 2 (approx. per word bound = -56.764, relative change = 2.238e-05) 
......................................................................................................
Completed E-Step (16 seconds). 
Completed M-Step (0 seconds). 
calculate log likelihood 
convergence.check is 1.672798e-05 
Model Terminated Before Convergence Reached 
5 models in net 
Initialization with topicScore. 
Initializing factors using Topic SCORE algorithm.
Initializing loadings by running 10 SCD updates.
......................................................................................................
Completed E-Step (18 seconds). 
Completed M-Step (0 seconds). 
calculate log likelihood 
Completing Iteration 1 (approx. per word bound = -56.844) 
......................................................................................................
Completed E-Step (16 seconds). 
Completed M-Step (0 seconds). 
calculate log likelihood 
convergence.check is 7.663378e-05 
Completing Iteration 2 (approx. per word bound = -56.840, relative change = 7.663e-05) 
......................................................................................................
Completed E-Step (15 seconds). 
Completed M-Step (0 seconds). 
calculate log likelihood 
convergence.check is 5.17541e-05 
Model Terminated Before Convergence Reached 
6 models in net 
Initialization with topicScore. 
Initializing factors using Topic SCORE algorithm.
Initializing loadings by running 10 SCD updates.
......................................................................................................
Completed E-Step (13 seconds). 
Completed M-Step (0 seconds). 
calculate log likelihood 
Completing Iteration 1 (approx. per word bound = -56.800) 
......................................................................................................
Completed E-Step (15 seconds). 
Completed M-Step (0 seconds). 
calculate log likelihood 
convergence.check is 7.09093e-05 
Completing Iteration 2 (approx. per word bound = -56.796, relative change = 7.091e-05) 
......................................................................................................
Completed E-Step (15 seconds). 
Completed M-Step (0 seconds). 
calculate log likelihood 
convergence.check is 5.18486e-05 
Model Terminated Before Convergence Reached 
7 models in net 
Initialization with topicScore. 
Initializing factors using Topic SCORE algorithm.
Initializing loadings by running 10 SCD updates.
......................................................................................................
Completed E-Step (18 seconds). 
Completed M-Step (0 seconds). 
calculate log likelihood 
Completing Iteration 1 (approx. per word bound = -56.842) 
......................................................................................................
Completed E-Step (15 seconds). 
Completed M-Step (0 seconds). 
calculate log likelihood 
convergence.check is 7.150996e-05 
Completing Iteration 2 (approx. per word bound = -56.838, relative change = 7.151e-05) 
......................................................................................................
Completed E-Step (15 seconds). 
Completed M-Step (0 seconds). 
calculate log likelihood 
convergence.check is 4.83652e-05 
Model Terminated Before Convergence Reached 
8 models in net 
Initialization with topicScore. 
Initializing factors using Topic SCORE algorithm.
Initializing loadings by running 10 SCD updates.
......................................................................................................
Completed E-Step (13 seconds). 
Completed M-Step (0 seconds). 
calculate log likelihood 
Completing Iteration 1 (approx. per word bound = -56.850) 
......................................................................................................
Completed E-Step (14 seconds). 
Completed M-Step (0 seconds). 
calculate log likelihood 
convergence.check is 0.0001768389 
Completing Iteration 2 (approx. per word bound = -56.839, relative change = 1.768e-04) 
......................................................................................................
Completed E-Step (15 seconds). 
Completed M-Step (0 seconds). 
calculate log likelihood 
convergence.check is 0.0001227169 
Model Terminated Before Convergence Reached 
9 models in net 
Initialization with topicScore. 
Initializing factors using Topic SCORE algorithm.
Initializing loadings by running 10 SCD updates.
......................................................................................................
Completed E-Step (17 seconds). 
Completed M-Step (0 seconds). 
calculate log likelihood 
Completing Iteration 1 (approx. per word bound = -56.844) 
......................................................................................................
Completed E-Step (16 seconds). 
Completed M-Step (0 seconds). 
calculate log likelihood 
convergence.check is 7.578561e-05 
Completing Iteration 2 (approx. per word bound = -56.840, relative change = 7.579e-05) 
......................................................................................................
Completed E-Step (16 seconds). 
Completed M-Step (0 seconds). 
calculate log likelihood 
convergence.check is 5.137632e-05 
Model Terminated Before Convergence Reached 
10 models in net 
Initialization with topicScore. 
Initializing factors using Topic SCORE algorithm.
Initializing loadings by running 10 SCD updates.
......................................................................................................
Completed E-Step (10 seconds). 
Completed M-Step (0 seconds). 
calculate log likelihood 
Completing Iteration 1 (approx. per word bound = -56.833) 
......................................................................................................
Completed E-Step (14 seconds). 
Completed M-Step (0 seconds). 
calculate log likelihood 
convergence.check is 4.317455e-05 
Completing Iteration 2 (approx. per word bound = -56.831, relative change = 4.317e-05) 
......................................................................................................
Completed E-Step (14 seconds). 
Completed M-Step (0 seconds). 
calculate log likelihood 
convergence.check is 2.806231e-05 
Model Terminated Before Convergence Reached 
11 models in net 
Beginning Spectral Initialization 
	 Calculating the gram matrix...
	 Finding anchor words...
 	.....
	 Recovering initialization...
 	....
Initialization complete.
......................................................................................................
Completed E-Step (22 seconds). 
Completed M-Step (0 seconds). 
calculate log likelihood 
Completing Iteration 1 (approx. per word bound = -56.814) 
......................................................................................................
Completed E-Step (13 seconds). 
Completed M-Step (0 seconds). 
calculate log likelihood 
convergence.check is 0.0005996918 
Completing Iteration 2 (approx. per word bound = -56.780, relative change = 5.997e-04) 
......................................................................................................
Completed E-Step (13 seconds). 
Completed M-Step (0 seconds). 
calculate log likelihood 
convergence.check is 0.0002940219 
Model Terminated Before Convergence Reached 
12 models in net 
Beginning Random Initialization 
Initialization with Poisson NMF 
......................................................................................................
Completed E-Step (24 seconds). 
Completed M-Step (0 seconds). 
calculate log likelihood 
Completing Iteration 1 (approx. per word bound = -74.307) 
......................................................................................................
Completed E-Step (17 seconds). 
Completed M-Step (0 seconds). 
calculate log likelihood 
convergence.check is 0.2328621 
Completing Iteration 2 (approx. per word bound = -57.003, relative change = 2.329e-01) 
......................................................................................................
Completed E-Step (15 seconds). 
Completed M-Step (0 seconds). 
calculate log likelihood 
convergence.check is 0.0005791179 
Model Terminated Before Convergence Reached 
13 models in net 
Beginning Random Initialization 
Initialization with Poisson NMF 
......................................................................................................
Completed E-Step (27 seconds). 
Completed M-Step (0 seconds). 
calculate log likelihood 
Completing Iteration 1 (approx. per word bound = -73.815) 
......................................................................................................
Completed E-Step (14 seconds). 
Completed M-Step (0 seconds). 
calculate log likelihood 
convergence.check is 0.227502 
Completing Iteration 2 (approx. per word bound = -57.022, relative change = 2.275e-01) 
......................................................................................................
Completed E-Step (14 seconds). 
Completed M-Step (0 seconds). 
calculate log likelihood 
convergence.check is 0.0002700457 
Model Terminated Before Convergence Reached 
14 models in net 
Beginning Random Initialization 
Initialization with Poisson NMF 
......................................................................................................
Completed E-Step (25 seconds). 
Completed M-Step (0 seconds). 
calculate log likelihood 
Completing Iteration 1 (approx. per word bound = -74.778) 
......................................................................................................
Completed E-Step (16 seconds). 
Completed M-Step (0 seconds). 
calculate log likelihood 
convergence.check is 0.2375405 
Completing Iteration 2 (approx. per word bound = -57.015, relative change = 2.375e-01) 
......................................................................................................
Completed E-Step (14 seconds). 
Completed M-Step (0 seconds). 
calculate log likelihood 
convergence.check is 0.0003695778 
Model Terminated Before Convergence Reached 
15 models in net 
Beginning Random Initialization 
Initialization with Poisson NMF 
......................................................................................................
Completed E-Step (26 seconds). 
Completed M-Step (0 seconds). 
calculate log likelihood 
Completing Iteration 1 (approx. per word bound = -74.683) 
......................................................................................................
Completed E-Step (15 seconds). 
Completed M-Step (0 seconds). 
calculate log likelihood 
convergence.check is 0.2363483 
Completing Iteration 2 (approx. per word bound = -57.032, relative change = 2.363e-01) 
......................................................................................................
Completed E-Step (14 seconds). 
Completed M-Step (0 seconds). 
calculate log likelihood 
convergence.check is 0.0002037957 
Model Terminated Before Convergence Reached 
16 models in net 
Beginning Random Initialization 
Initialization with Poisson NMF 
......................................................................................................
Completed E-Step (25 seconds). 
Completed M-Step (0 seconds). 
calculate log likelihood 
Completing Iteration 1 (approx. per word bound = -73.918) 
......................................................................................................
Completed E-Step (14 seconds). 
Completed M-Step (0 seconds). 
calculate log likelihood 
convergence.check is 0.2288516 
Completing Iteration 2 (approx. per word bound = -57.001, relative change = 2.289e-01) 
......................................................................................................
Completed E-Step (13 seconds). 
Completed M-Step (0 seconds). 
calculate log likelihood 
convergence.check is 0.0003844705 
Model Terminated Before Convergence Reached 
17 models in net 
Beginning Random Initialization 
Initialization with Poisson NMF 
......................................................................................................
Completed E-Step (27 seconds). 
Completed M-Step (0 seconds). 
calculate log likelihood 
Completing Iteration 1 (approx. per word bound = -73.397) 
......................................................................................................
Completed E-Step (17 seconds). 
Completed M-Step (0 seconds). 
calculate log likelihood 
convergence.check is 0.2230343 
Completing Iteration 2 (approx. per word bound = -57.027, relative change = 2.230e-01) 
......................................................................................................
Completed E-Step (15 seconds). 
Completed M-Step (0 seconds). 
calculate log likelihood 
convergence.check is 0.0002296984 
Model Terminated Before Convergence Reached 
18 models in net 
Beginning Random Initialization 
Initialization with Poisson NMF 
......................................................................................................
Completed E-Step (23 seconds). 
Completed M-Step (0 seconds). 
calculate log likelihood 
Completing Iteration 1 (approx. per word bound = -75.145) 
......................................................................................................
Completed E-Step (15 seconds). 
Completed M-Step (0 seconds). 
calculate log likelihood 
convergence.check is 0.2412689 
Completing Iteration 2 (approx. per word bound = -57.015, relative change = 2.413e-01) 
......................................................................................................
Completed E-Step (14 seconds). 
Completed M-Step (0 seconds). 
calculate log likelihood 
convergence.check is 0.0001293682 
Model Terminated Before Convergence Reached 
19 models in net 
Beginning Random Initialization 
Initialization with Poisson NMF 
......................................................................................................
Completed E-Step (26 seconds). 
Completed M-Step (0 seconds). 
calculate log likelihood 
Completing Iteration 1 (approx. per word bound = -74.722) 
......................................................................................................
Completed E-Step (16 seconds). 
Completed M-Step (0 seconds). 
calculate log likelihood 
convergence.check is 0.2368283 
Completing Iteration 2 (approx. per word bound = -57.025, relative change = 2.368e-01) 
......................................................................................................
Completed E-Step (15 seconds). 
Completed M-Step (0 seconds). 
calculate log likelihood 
convergence.check is 0.0002420517 
Model Terminated Before Convergence Reached 
20 models in net 
Beginning Random Initialization 
Initialization with Poisson NMF 
......................................................................................................
Completed E-Step (24 seconds). 
Completed M-Step (0 seconds). 
calculate log likelihood 
Completing Iteration 1 (approx. per word bound = -74.727) 
......................................................................................................
Completed E-Step (15 seconds). 
Completed M-Step (0 seconds). 
calculate log likelihood 
convergence.check is 0.2368489 
Completing Iteration 2 (approx. per word bound = -57.028, relative change = 2.368e-01) 
......................................................................................................
Completed E-Step (15 seconds). 
Completed M-Step (0 seconds). 
calculate log likelihood 
convergence.check is 0.0001538436 
Model Terminated Before Convergence Reached 
21 models in net 
Beginning Random Initialization 
Initialization with Poisson NMF 
......................................................................................................
Completed E-Step (24 seconds). 
Completed M-Step (0 seconds). 
calculate log likelihood 
Completing Iteration 1 (approx. per word bound = -74.113) 
......................................................................................................
Completed E-Step (14 seconds). 
Completed M-Step (0 seconds). 
calculate log likelihood 
convergence.check is 0.2307665 
Completing Iteration 2 (approx. per word bound = -57.010, relative change = 2.308e-01) 
......................................................................................................
Completed E-Step (14 seconds). 
Completed M-Step (0 seconds). 
calculate log likelihood 
convergence.check is 0.0004712014 
Model Terminated Before Convergence Reached 
Running select models 
1 select model run 
Initialization with topicScore. 
Initializing factors using Topic SCORE algorithm.
Initializing loadings by running 10 SCD updates.
......................................................................................................
Completed E-Step (6 seconds). 
Completed M-Step (0 seconds). 
calculate log likelihood 
Completing Iteration 1 (approx. per word bound = -56.765) 
......................................................................................................
Completed E-Step (16 seconds). 
Completed M-Step (0 seconds). 
calculate log likelihood 
convergence.check is 2.237802e-05 
Completing Iteration 2 (approx. per word bound = -56.764, relative change = 2.238e-05) 
......................................................................................................
Completed E-Step (16 seconds). 
Completed M-Step (0 seconds). 
calculate log likelihood 
convergence.check is 1.672798e-05 
Completing Iteration 3 (approx. per word bound = -56.763, relative change = 1.673e-05) 
......................................................................................................
Completed E-Step (16 seconds). 
Completed M-Step (0 seconds). 
calculate log likelihood 
convergence.check is 1.568307e-05 
Completing Iteration 4 (approx. per word bound = -56.762, relative change = 1.568e-05) 
......................................................................................................
Completed E-Step (16 seconds). 
Completed M-Step (0 seconds). 
calculate log likelihood 
convergence.check is 1.469671e-05 
Completing Iteration 5 (approx. per word bound = -56.761, relative change = 1.470e-05) 
Topic 1: Gene182, Gene855, Gene11, Gene627, Gene483 
 Topic 2: Gene182, Gene483, Gene627, Gene490, Gene11 
 Topic 3: Gene167, Gene976, Gene855, Gene63, Gene11 
 Topic 4: Gene684, Gene50, Gene11, Gene142, Gene706 
 Topic 5: Gene668, Gene317, Gene855, Gene627, Gene706 
......................................................................................................
Completed E-Step (16 seconds). 
Completed M-Step (0 seconds). 
calculate log likelihood 
convergence.check is 1.37982e-05 
Completing Iteration 6 (approx. per word bound = -56.760, relative change = 1.380e-05) 
......................................................................................................
Completed E-Step (16 seconds). 
Completed M-Step (0 seconds). 
calculate log likelihood 
convergence.check is 1.299554e-05 
Completing Iteration 7 (approx. per word bound = -56.760, relative change = 1.300e-05) 
......................................................................................................
Completed E-Step (16 seconds). 
Completed M-Step (0 seconds). 
calculate log likelihood 
convergence.check is 1.22206e-05 
Completing Iteration 8 (approx. per word bound = -56.759, relative change = 1.222e-05) 
......................................................................................................
Completed E-Step (15 seconds). 
Completed M-Step (0 seconds). 
calculate log likelihood 
convergence.check is 1.155489e-05 
Completing Iteration 9 (approx. per word bound = -56.758, relative change = 1.155e-05) 
......................................................................................................
Completed E-Step (15 seconds). 
Completed M-Step (0 seconds). 
calculate log likelihood 
convergence.check is 1.079914e-05 
Completing Iteration 10 (approx. per word bound = -56.758, relative change = 1.080e-05) 
Topic 1: Gene182, Gene855, Gene11, Gene627, Gene483 
 Topic 2: Gene182, Gene483, Gene627, Gene490, Gene11 
 Topic 3: Gene167, Gene976, Gene855, Gene63, Gene11 
 Topic 4: Gene684, Gene11, Gene50, Gene142, Gene706 
 Topic 5: Gene668, Gene317, Gene627, Gene855, Gene706 
......................................................................................................
Completed E-Step (15 seconds). 
Completed M-Step (0 seconds). 
calculate log likelihood 
convergence.check is 1.019538e-05 
Completing Iteration 11 (approx. per word bound = -56.757, relative change = 1.020e-05) 
......................................................................................................
Completed E-Step (15 seconds). 
Completed M-Step (0 seconds). 
calculate log likelihood 
convergence.check is 9.665673e-06 
Completing Iteration 12 (approx. per word bound = -56.757, relative change = 9.666e-06) 
......................................................................................................
Completed E-Step (15 seconds). 
Completed M-Step (0 seconds). 
calculate log likelihood 
convergence.check is 9.144506e-06 
Completing Iteration 13 (approx. per word bound = -56.756, relative change = 9.145e-06) 
......................................................................................................
Completed E-Step (14 seconds). 
Completed M-Step (0 seconds). 
calculate log likelihood 
convergence.check is 8.6539e-06 
Completing Iteration 14 (approx. per word bound = -56.756, relative change = 8.654e-06) 
......................................................................................................
Completed E-Step (14 seconds). 
Completed M-Step (0 seconds). 
calculate log likelihood 
convergence.check is 8.189366e-06 
Completing Iteration 15 (approx. per word bound = -56.755, relative change = 8.189e-06) 
Topic 1: Gene182, Gene855, Gene11, Gene627, Gene483 
 Topic 2: Gene182, Gene483, Gene627, Gene490, Gene11 
 Topic 3: Gene167, Gene976, Gene855, Gene63, Gene11 
 Topic 4: Gene684, Gene11, Gene50, Gene142, Gene706 
 Topic 5: Gene668, Gene317, Gene627, Gene855, Gene706 
......................................................................................................
Completed E-Step (14 seconds). 
Completed M-Step (0 seconds). 
calculate log likelihood 
convergence.check is 7.768789e-06 
Completing Iteration 16 (approx. per word bound = -56.755, relative change = 7.769e-06) 
......................................................................................................
Completed E-Step (14 seconds). 
Completed M-Step (0 seconds). 
calculate log likelihood 
convergence.check is 7.365418e-06 
Completing Iteration 17 (approx. per word bound = -56.754, relative change = 7.365e-06) 
......................................................................................................
Completed E-Step (13 seconds). 
Completed M-Step (0 seconds). 
calculate log likelihood 
convergence.check is 7.000528e-06 
Completing Iteration 18 (approx. per word bound = -56.754, relative change = 7.001e-06) 
......................................................................................................
Completed E-Step (15 seconds). 
Completed M-Step (0 seconds). 
calculate log likelihood 
convergence.check is 6.693784e-06 
Completing Iteration 19 (approx. per word bound = -56.753, relative change = 6.694e-06) 
......................................................................................................
Completed E-Step (14 seconds). 
Completed M-Step (0 seconds). 
calculate log likelihood 
convergence.check is 6.365784e-06 
Completing Iteration 20 (approx. per word bound = -56.753, relative change = 6.366e-06) 
Topic 1: Gene182, Gene855, Gene627, Gene11, Gene483 
 Topic 2: Gene182, Gene483, Gene627, Gene490, Gene11 
 Topic 3: Gene167, Gene976, Gene855, Gene63, Gene11 
 Topic 4: Gene684, Gene11, Gene50, Gene142, Gene483 
 Topic 5: Gene668, Gene317, Gene627, Gene706, Gene855 
......................................................................................................
Completed E-Step (13 seconds). 
Completed M-Step (0 seconds). 
calculate log likelihood 
convergence.check is 5.942179e-06 
Completing Iteration 21 (approx. per word bound = -56.753, relative change = 5.942e-06) 
......................................................................................................
Completed E-Step (13 seconds). 
Completed M-Step (0 seconds). 
calculate log likelihood 
convergence.check is 5.710662e-06 
Completing Iteration 22 (approx. per word bound = -56.752, relative change = 5.711e-06) 
......................................................................................................
Completed E-Step (13 seconds). 
Completed M-Step (0 seconds). 
calculate log likelihood 
convergence.check is 5.56076e-06 
Completing Iteration 23 (approx. per word bound = -56.752, relative change = 5.561e-06) 
......................................................................................................
Completed E-Step (13 seconds). 
Completed M-Step (0 seconds). 
calculate log likelihood 
convergence.check is 5.154256e-06 
Completing Iteration 24 (approx. per word bound = -56.752, relative change = 5.154e-06) 
......................................................................................................
Completed E-Step (13 seconds). 
Completed M-Step (0 seconds). 
calculate log likelihood 
convergence.check is 4.998604e-06 
Completing Iteration 25 (approx. per word bound = -56.752, relative change = 4.999e-06) 
Topic 1: Gene182, Gene855, Gene627, Gene11, Gene483 
 Topic 2: Gene182, Gene483, Gene490, Gene627, Gene11 
 Topic 3: Gene167, Gene976, Gene11, Gene63, Gene855 
 Topic 4: Gene684, Gene11, Gene50, Gene142, Gene855 
 Topic 5: Gene668, Gene317, Gene627, Gene706, Gene855 
......................................................................................................
Completed E-Step (13 seconds). 
Completed M-Step (0 seconds). 
calculate log likelihood 
convergence.check is 4.815297e-06 
Completing Iteration 26 (approx. per word bound = -56.751, relative change = 4.815e-06) 
......................................................................................................
Completed E-Step (12 seconds). 
Completed M-Step (0 seconds). 
calculate log likelihood 
convergence.check is 4.614406e-06 
Completing Iteration 27 (approx. per word bound = -56.751, relative change = 4.614e-06) 
......................................................................................................
Completed E-Step (12 seconds). 
Completed M-Step (0 seconds). 
calculate log likelihood 
convergence.check is 4.384081e-06 
Completing Iteration 28 (approx. per word bound = -56.751, relative change = 4.384e-06) 
......................................................................................................
Completed E-Step (12 seconds). 
Completed M-Step (0 seconds). 
calculate log likelihood 
convergence.check is 4.256101e-06 
Completing Iteration 29 (approx. per word bound = -56.751, relative change = 4.256e-06) 
......................................................................................................
Completed E-Step (12 seconds). 
Completed M-Step (0 seconds). 
calculate log likelihood 
convergence.check is 4.08559e-06 
Completing Iteration 30 (approx. per word bound = -56.750, relative change = 4.086e-06) 
Topic 1: Gene182, Gene855, Gene627, Gene11, Gene483 
 Topic 2: Gene182, Gene483, Gene11, Gene490, Gene627 
 Topic 3: Gene167, Gene976, Gene11, Gene63, Gene855 
 Topic 4: Gene684, Gene11, Gene50, Gene142, Gene855 
 Topic 5: Gene668, Gene627, Gene317, Gene706, Gene855 
......................................................................................................
Completed E-Step (12 seconds). 
Completed M-Step (0 seconds). 
calculate log likelihood 
convergence.check is 3.924427e-06 
Completing Iteration 31 (approx. per word bound = -56.750, relative change = 3.924e-06) 
......................................................................................................
Completed E-Step (12 seconds). 
Completed M-Step (0 seconds). 
calculate log likelihood 
convergence.check is 3.837375e-06 
Completing Iteration 32 (approx. per word bound = -56.750, relative change = 3.837e-06) 
......................................................................................................
Completed E-Step (12 seconds). 
Completed M-Step (0 seconds). 
calculate log likelihood 
convergence.check is 3.63733e-06 
Completing Iteration 33 (approx. per word bound = -56.750, relative change = 3.637e-06) 
......................................................................................................
Completed E-Step (11 seconds). 
Completed M-Step (0 seconds). 
calculate log likelihood 
convergence.check is 3.516995e-06 
Completing Iteration 34 (approx. per word bound = -56.749, relative change = 3.517e-06) 
......................................................................................................
Completed E-Step (11 seconds). 
Completed M-Step (0 seconds). 
calculate log likelihood 
convergence.check is 3.420501e-06 
Completing Iteration 35 (approx. per word bound = -56.749, relative change = 3.421e-06) 
Topic 1: Gene182, Gene855, Gene627, Gene11, Gene483 
 Topic 2: Gene182, Gene483, Gene11, Gene490, Gene627 
 Topic 3: Gene167, Gene976, Gene11, Gene63, Gene855 
 Topic 4: Gene684, Gene11, Gene50, Gene855, Gene142 
 Topic 5: Gene668, Gene627, Gene317, Gene706, Gene855 
......................................................................................................
Completed E-Step (11 seconds). 
Completed M-Step (0 seconds). 
calculate log likelihood 
convergence.check is 3.22035e-06 
Completing Iteration 36 (approx. per word bound = -56.749, relative change = 3.220e-06) 
......................................................................................................
Completed E-Step (11 seconds). 
Completed M-Step (0 seconds). 
calculate log likelihood 
convergence.check is 3.128258e-06 
Completing Iteration 37 (approx. per word bound = -56.749, relative change = 3.128e-06) 
......................................................................................................
Completed E-Step (11 seconds). 
Completed M-Step (0 seconds). 
calculate log likelihood 
convergence.check is 3.100473e-06 
Completing Iteration 38 (approx. per word bound = -56.749, relative change = 3.100e-06) 
......................................................................................................
Completed E-Step (11 seconds). 
Completed M-Step (0 seconds). 
calculate log likelihood 
convergence.check is 2.991582e-06 
Completing Iteration 39 (approx. per word bound = -56.749, relative change = 2.992e-06) 
......................................................................................................
Completed E-Step (11 seconds). 
Completed M-Step (0 seconds). 
calculate log likelihood 
convergence.check is 2.892815e-06 
Completing Iteration 40 (approx. per word bound = -56.748, relative change = 2.893e-06) 
Topic 1: Gene182, Gene855, Gene627, Gene11, Gene483 
 Topic 2: Gene182, Gene483, Gene11, Gene490, Gene627 
 Topic 3: Gene167, Gene976, Gene11, Gene63, Gene483 
 Topic 4: Gene684, Gene11, Gene50, Gene855, Gene142 
 Topic 5: Gene668, Gene627, Gene317, Gene706, Gene855 
......................................................................................................
Completed E-Step (11 seconds). 
Completed M-Step (0 seconds). 
calculate log likelihood 
convergence.check is 2.881558e-06 
Completing Iteration 41 (approx. per word bound = -56.748, relative change = 2.882e-06) 
......................................................................................................
Completed E-Step (11 seconds). 
Completed M-Step (0 seconds). 
calculate log likelihood 
convergence.check is 2.611877e-06 
Completing Iteration 42 (approx. per word bound = -56.748, relative change = 2.612e-06) 
......................................................................................................
Completed E-Step (10 seconds). 
Completed M-Step (0 seconds). 
calculate log likelihood 
convergence.check is 2.674907e-06 
Completing Iteration 43 (approx. per word bound = -56.748, relative change = 2.675e-06) 
......................................................................................................
Completed E-Step (10 seconds). 
Completed M-Step (0 seconds). 
calculate log likelihood 
convergence.check is 2.419878e-06 
Completing Iteration 44 (approx. per word bound = -56.748, relative change = 2.420e-06) 
......................................................................................................
Completed E-Step (10 seconds). 
Completed M-Step (0 seconds). 
calculate log likelihood 
convergence.check is 2.533585e-06 
Completing Iteration 45 (approx. per word bound = -56.748, relative change = 2.534e-06) 
Topic 1: Gene182, Gene855, Gene11, Gene627, Gene483 
 Topic 2: Gene182, Gene483, Gene11, Gene490, Gene627 
 Topic 3: Gene167, Gene976, Gene11, Gene63, Gene483 
 Topic 4: Gene684, Gene11, Gene50, Gene855, Gene142 
 Topic 5: Gene668, Gene627, Gene317, Gene706, Gene855 
......................................................................................................
Completed E-Step (10 seconds). 
Completed M-Step (0 seconds). 
calculate log likelihood 
convergence.check is 2.286984e-06 
Completing Iteration 46 (approx. per word bound = -56.747, relative change = 2.287e-06) 
......................................................................................................
Completed E-Step (10 seconds). 
Completed M-Step (0 seconds). 
calculate log likelihood 
convergence.check is 2.263365e-06 
Completing Iteration 47 (approx. per word bound = -56.747, relative change = 2.263e-06) 
......................................................................................................
Completed E-Step (10 seconds). 
Completed M-Step (0 seconds). 
calculate log likelihood 
convergence.check is 2.199856e-06 
Completing Iteration 48 (approx. per word bound = -56.747, relative change = 2.200e-06) 
......................................................................................................
Completed E-Step (10 seconds). 
Completed M-Step (0 seconds). 
calculate log likelihood 
convergence.check is 2.138446e-06 
Completing Iteration 49 (approx. per word bound = -56.747, relative change = 2.138e-06) 
......................................................................................................
Completed E-Step (9 seconds). 
Completed M-Step (0 seconds). 
calculate log likelihood 
convergence.check is 2.10448e-06 
Completing Iteration 50 (approx. per word bound = -56.747, relative change = 2.104e-06) 
Topic 1: Gene182, Gene855, Gene11, Gene627, Gene483 
 Topic 2: Gene182, Gene483, Gene11, Gene490, Gene627 
 Topic 3: Gene167, Gene976, Gene11, Gene63, Gene483 
 Topic 4: Gene684, Gene11, Gene50, Gene855, Gene483 
 Topic 5: Gene668, Gene627, Gene706, Gene317, Gene855 
......................................................................................................
Completed E-Step (9 seconds). 
Completed M-Step (0 seconds). 
calculate log likelihood 
convergence.check is 1.988253e-06 
Completing Iteration 51 (approx. per word bound = -56.747, relative change = 1.988e-06) 
......................................................................................................
Completed E-Step (9 seconds). 
Completed M-Step (0 seconds). 
calculate log likelihood 
convergence.check is 1.902107e-06 
Completing Iteration 52 (approx. per word bound = -56.747, relative change = 1.902e-06) 
......................................................................................................
Completed E-Step (9 seconds). 
Completed M-Step (0 seconds). 
calculate log likelihood 
convergence.check is 1.913674e-06 
Completing Iteration 53 (approx. per word bound = -56.747, relative change = 1.914e-06) 
......................................................................................................
Completed E-Step (9 seconds). 
Completed M-Step (0 seconds). 
calculate log likelihood 
convergence.check is 1.825353e-06 
Completing Iteration 54 (approx. per word bound = -56.747, relative change = 1.825e-06) 
......................................................................................................
Completed E-Step (9 seconds). 
Completed M-Step (0 seconds). 
calculate log likelihood 
convergence.check is 1.771762e-06 
Completing Iteration 55 (approx. per word bound = -56.746, relative change = 1.772e-06) 
Topic 1: Gene182, Gene855, Gene11, Gene627, Gene483 
 Topic 2: Gene182, Gene483, Gene11, Gene490, Gene627 
 Topic 3: Gene167, Gene976, Gene11, Gene63, Gene483 
 Topic 4: Gene684, Gene11, Gene50, Gene855, Gene483 
 Topic 5: Gene668, Gene706, Gene627, Gene317, Gene855 
......................................................................................................
Completed E-Step (9 seconds). 
Completed M-Step (0 seconds). 
calculate log likelihood 
convergence.check is 1.656294e-06 
Completing Iteration 56 (approx. per word bound = -56.746, relative change = 1.656e-06) 
......................................................................................................
Completed E-Step (9 seconds). 
Completed M-Step (0 seconds). 
calculate log likelihood 
convergence.check is 1.486538e-06 
Completing Iteration 57 (approx. per word bound = -56.746, relative change = 1.487e-06) 
......................................................................................................
Completed E-Step (9 seconds). 
Completed M-Step (0 seconds). 
calculate log likelihood 
convergence.check is 1.525463e-06 
Completing Iteration 58 (approx. per word bound = -56.746, relative change = 1.525e-06) 
......................................................................................................
Completed E-Step (8 seconds). 
Completed M-Step (0 seconds). 
calculate log likelihood 
convergence.check is 1.6329e-06 
Completing Iteration 59 (approx. per word bound = -56.746, relative change = 1.633e-06) 
......................................................................................................
Completed E-Step (8 seconds). 
Completed M-Step (0 seconds). 
calculate log likelihood 
convergence.check is 1.274903e-06 
Completing Iteration 60 (approx. per word bound = -56.746, relative change = 1.275e-06) 
Topic 1: Gene182, Gene855, Gene11, Gene627, Gene483 
 Topic 2: Gene182, Gene483, Gene11, Gene490, Gene627 
 Topic 3: Gene167, Gene976, Gene11, Gene483, Gene63 
 Topic 4: Gene684, Gene11, Gene50, Gene855, Gene483 
 Topic 5: Gene668, Gene706, Gene317, Gene627, Gene855 
......................................................................................................
Completed E-Step (8 seconds). 
Completed M-Step (0 seconds). 
calculate log likelihood 
convergence.check is 1.208511e-06 
Completing Iteration 61 (approx. per word bound = -56.746, relative change = 1.209e-06) 
......................................................................................................
Completed E-Step (8 seconds). 
Completed M-Step (0 seconds). 
calculate log likelihood 
convergence.check is 1.288105e-06 
Completing Iteration 62 (approx. per word bound = -56.746, relative change = 1.288e-06) 
......................................................................................................
Completed E-Step (8 seconds). 
Completed M-Step (0 seconds). 
calculate log likelihood 
convergence.check is 1.120008e-06 
Completing Iteration 63 (approx. per word bound = -56.746, relative change = 1.120e-06) 
......................................................................................................
Completed E-Step (8 seconds). 
Completed M-Step (0 seconds). 
calculate log likelihood 
convergence.check is 1.267272e-06 
Completing Iteration 64 (approx. per word bound = -56.746, relative change = 1.267e-06) 
......................................................................................................
Completed E-Step (8 seconds). 
Completed M-Step (0 seconds). 
calculate log likelihood 
convergence.check is 9.056275e-07 
Model Converged 
2 select model run 
Beginning Spectral Initialization 
	 Calculating the gram matrix...
	 Finding anchor words...
 	.....
	 Recovering initialization...
 	....
Initialization complete.
......................................................................................................
Completed E-Step (24 seconds). 
Completed M-Step (0 seconds). 
calculate log likelihood 
Completing Iteration 1 (approx. per word bound = -56.814) 
......................................................................................................
Completed E-Step (14 seconds). 
Completed M-Step (0 seconds). 
calculate log likelihood 
convergence.check is 0.0005996918 
Completing Iteration 2 (approx. per word bound = -56.780, relative change = 5.997e-04) 
......................................................................................................
Completed E-Step (14 seconds). 
Completed M-Step (0 seconds). 
calculate log likelihood 
convergence.check is 0.0002940219 
Completing Iteration 3 (approx. per word bound = -56.763, relative change = 2.940e-04) 
......................................................................................................
Completed E-Step (16 seconds). 
Completed M-Step (0 seconds). 
calculate log likelihood 
convergence.check is 0.0001803428 
Completing Iteration 4 (approx. per word bound = -56.753, relative change = 1.803e-04) 
......................................................................................................
Completed E-Step (13 seconds). 
Completed M-Step (0 seconds). 
calculate log likelihood 
convergence.check is 0.0001236588 
Completing Iteration 5 (approx. per word bound = -56.746, relative change = 1.237e-04) 
Topic 1: Gene182, Gene11, Gene855, Gene627, Gene483 
 Topic 2: Gene668, Gene855, Gene706, Gene627, Gene317 
 Topic 3: Gene11, Gene182, Gene483, Gene490, Gene627 
 Topic 4: Gene11, Gene855, Gene483, Gene167, Gene684 
 Topic 5: Gene684, Gene11, Gene483, Gene855, Gene50 
......................................................................................................
Completed E-Step (12 seconds). 
Completed M-Step (0 seconds). 
calculate log likelihood 
convergence.check is 8.218408e-05 
Completing Iteration 6 (approx. per word bound = -56.741, relative change = 8.218e-05) 
......................................................................................................
Completed E-Step (12 seconds). 
Completed M-Step (0 seconds). 
calculate log likelihood 
convergence.check is 5.178599e-05 
Completing Iteration 7 (approx. per word bound = -56.738, relative change = 5.179e-05) 
......................................................................................................
Completed E-Step (12 seconds). 
Completed M-Step (0 seconds). 
calculate log likelihood 
convergence.check is 3.219257e-05 
Completing Iteration 8 (approx. per word bound = -56.737, relative change = 3.219e-05) 
......................................................................................................
Completed E-Step (12 seconds). 
Completed M-Step (0 seconds). 
calculate log likelihood 
convergence.check is 2.019003e-05 
Completing Iteration 9 (approx. per word bound = -56.735, relative change = 2.019e-05) 
......................................................................................................
Completed E-Step (12 seconds). 
Completed M-Step (0 seconds). 
calculate log likelihood 
convergence.check is 1.316779e-05 
Completing Iteration 10 (approx. per word bound = -56.735, relative change = 1.317e-05) 
Topic 1: Gene182, Gene11, Gene855, Gene627, Gene483 
 Topic 2: Gene668, Gene855, Gene627, Gene706, Gene684 
 Topic 3: Gene11, Gene483, Gene182, Gene490, Gene627 
 Topic 4: Gene11, Gene855, Gene483, Gene167, Gene976 
 Topic 5: Gene684, Gene11, Gene483, Gene855, Gene50 
......................................................................................................
Completed E-Step (12 seconds). 
Completed M-Step (0 seconds). 
calculate log likelihood 
convergence.check is 9.214617e-06 
Completing Iteration 11 (approx. per word bound = -56.734, relative change = 9.215e-06) 
......................................................................................................
Completed E-Step (12 seconds). 
Completed M-Step (0 seconds). 
calculate log likelihood 
convergence.check is 6.591213e-06 
Completing Iteration 12 (approx. per word bound = -56.734, relative change = 6.591e-06) 
......................................................................................................
Completed E-Step (12 seconds). 
Completed M-Step (0 seconds). 
calculate log likelihood 
convergence.check is 4.952161e-06 
Completing Iteration 13 (approx. per word bound = -56.733, relative change = 4.952e-06) 
......................................................................................................
Completed E-Step (12 seconds). 
Completed M-Step (0 seconds). 
calculate log likelihood 
convergence.check is 3.947888e-06 
Completing Iteration 14 (approx. per word bound = -56.733, relative change = 3.948e-06) 
......................................................................................................
Completed E-Step (12 seconds). 
Completed M-Step (0 seconds). 
calculate log likelihood 
convergence.check is 3.223159e-06 
Completing Iteration 15 (approx. per word bound = -56.733, relative change = 3.223e-06) 
Topic 1: Gene182, Gene11, Gene855, Gene627, Gene483 
 Topic 2: Gene668, Gene855, Gene627, Gene684, Gene706 
 Topic 3: Gene483, Gene11, Gene182, Gene490, Gene627 
 Topic 4: Gene11, Gene855, Gene483, Gene167, Gene490 
 Topic 5: Gene684, Gene11, Gene483, Gene855, Gene50 
......................................................................................................
Completed E-Step (11 seconds). 
Completed M-Step (0 seconds). 
calculate log likelihood 
convergence.check is 2.528772e-06 
Completing Iteration 16 (approx. per word bound = -56.733, relative change = 2.529e-06) 
......................................................................................................
Completed E-Step (11 seconds). 
Completed M-Step (0 seconds). 
calculate log likelihood 
convergence.check is 2.100731e-06 
Completing Iteration 17 (approx. per word bound = -56.733, relative change = 2.101e-06) 
......................................................................................................
Completed E-Step (11 seconds). 
Completed M-Step (0 seconds). 
calculate log likelihood 
convergence.check is 1.708697e-06 
Completing Iteration 18 (approx. per word bound = -56.733, relative change = 1.709e-06) 
......................................................................................................
Completed E-Step (11 seconds). 
Completed M-Step (0 seconds). 
calculate log likelihood 
convergence.check is 1.473841e-06 
Completing Iteration 19 (approx. per word bound = -56.733, relative change = 1.474e-06) 
......................................................................................................
Completed E-Step (10 seconds). 
Completed M-Step (0 seconds). 
calculate log likelihood 
convergence.check is 1.312955e-06 
Completing Iteration 20 (approx. per word bound = -56.733, relative change = 1.313e-06) 
Topic 1: Gene182, Gene11, Gene855, Gene627, Gene483 
 Topic 2: Gene668, Gene855, Gene627, Gene684, Gene706 
 Topic 3: Gene483, Gene11, Gene182, Gene490, Gene684 
 Topic 4: Gene11, Gene855, Gene483, Gene167, Gene490 
 Topic 5: Gene684, Gene11, Gene483, Gene855, Gene50 
......................................................................................................
Completed E-Step (10 seconds). 
Completed M-Step (0 seconds). 
calculate log likelihood 
convergence.check is 1.006279e-06 
Completing Iteration 21 (approx. per word bound = -56.732, relative change = 1.006e-06) 
......................................................................................................
Completed E-Step (10 seconds). 
Completed M-Step (0 seconds). 
calculate log likelihood 
convergence.check is 9.721397e-07 
Model Converged 
3 select model run 
Initialization with topicScore. 
Initializing factors using Topic SCORE algorithm.
Initializing loadings by running 10 SCD updates.
......................................................................................................
Completed E-Step (14 seconds). 
Completed M-Step (0 seconds). 
calculate log likelihood 
Completing Iteration 1 (approx. per word bound = -56.800) 
......................................................................................................
Completed E-Step (16 seconds). 
Completed M-Step (0 seconds). 
calculate log likelihood 
convergence.check is 7.09093e-05 
Completing Iteration 2 (approx. per word bound = -56.796, relative change = 7.091e-05) 
......................................................................................................
Completed E-Step (16 seconds). 
Completed M-Step (0 seconds). 
calculate log likelihood 
convergence.check is 5.184867e-05 
Completing Iteration 3 (approx. per word bound = -56.793, relative change = 5.185e-05) 
......................................................................................................
Completed E-Step (16 seconds). 
Completed M-Step (0 seconds). 
calculate log likelihood 
convergence.check is 4.184108e-05 
Completing Iteration 4 (approx. per word bound = -56.791, relative change = 4.184e-05) 
......................................................................................................
Completed E-Step (16 seconds). 
Completed M-Step (0 seconds). 
calculate log likelihood 
convergence.check is 3.443148e-05 
Completing Iteration 5 (approx. per word bound = -56.789, relative change = 3.443e-05) 
Topic 1: Gene11, Gene182, Gene490, Gene483, Gene627 
 Topic 2: Gene182, Gene11, Gene855, Gene483, Gene490 
 Topic 3: Gene167, Gene706, Gene855, Gene976, Gene668 
 Topic 4: Gene684, Gene11, Gene50, Gene142, Gene490 
 Topic 5: Gene668, Gene706, Gene684, Gene317, Gene627 
......................................................................................................
Completed E-Step (15 seconds). 
Completed M-Step (0 seconds). 
calculate log likelihood 
convergence.check is 2.8908e-05 
Completing Iteration 6 (approx. per word bound = -56.787, relative change = 2.891e-05) 
......................................................................................................
Completed E-Step (15 seconds). 
Completed M-Step (0 seconds). 
calculate log likelihood 
convergence.check is 2.474952e-05 
Completing Iteration 7 (approx. per word bound = -56.786, relative change = 2.475e-05) 
......................................................................................................
Completed E-Step (15 seconds). 
Completed M-Step (0 seconds). 
calculate log likelihood 
convergence.check is 2.152332e-05 
Completing Iteration 8 (approx. per word bound = -56.784, relative change = 2.152e-05) 
......................................................................................................
Completed E-Step (15 seconds). 
Completed M-Step (0 seconds). 
calculate log likelihood 
convergence.check is 1.89965e-05 
Completing Iteration 9 (approx. per word bound = -56.783, relative change = 1.900e-05) 
......................................................................................................
Completed E-Step (14 seconds). 
Completed M-Step (0 seconds). 
calculate log likelihood 
convergence.check is 1.696709e-05 
Completing Iteration 10 (approx. per word bound = -56.782, relative change = 1.697e-05) 
Topic 1: Gene11, Gene182, Gene490, Gene483, Gene627 
 Topic 2: Gene182, Gene855, Gene11, Gene483, Gene490 
 Topic 3: Gene167, Gene706, Gene855, Gene976, Gene668 
 Topic 4: Gene684, Gene11, Gene50, Gene142, Gene490 
 Topic 5: Gene668, Gene706, Gene684, Gene317, Gene627 
......................................................................................................
Completed E-Step (14 seconds). 
Completed M-Step (0 seconds). 
calculate log likelihood 
convergence.check is 1.531957e-05 
Completing Iteration 11 (approx. per word bound = -56.782, relative change = 1.532e-05) 
......................................................................................................
Completed E-Step (14 seconds). 
Completed M-Step (0 seconds). 
calculate log likelihood 
convergence.check is 1.395125e-05 
Completing Iteration 12 (approx. per word bound = -56.781, relative change = 1.395e-05) 
......................................................................................................
Completed E-Step (14 seconds). 
Completed M-Step (0 seconds). 
calculate log likelihood 
convergence.check is 1.278681e-05 
Completing Iteration 13 (approx. per word bound = -56.780, relative change = 1.279e-05) 
......................................................................................................
Completed E-Step (13 seconds). 
Completed M-Step (0 seconds). 
calculate log likelihood 
convergence.check is 1.180448e-05 
Completing Iteration 14 (approx. per word bound = -56.779, relative change = 1.180e-05) 
......................................................................................................
Completed E-Step (13 seconds). 
Completed M-Step (0 seconds). 
calculate log likelihood 
convergence.check is 1.094831e-05 
Completing Iteration 15 (approx. per word bound = -56.779, relative change = 1.095e-05) 
Topic 1: Gene11, Gene182, Gene490, Gene483, Gene627 
 Topic 2: Gene182, Gene855, Gene11, Gene483, Gene627 
 Topic 3: Gene706, Gene167, Gene855, Gene976, Gene668 
 Topic 4: Gene684, Gene11, Gene50, Gene142, Gene490 
 Topic 5: Gene668, Gene706, Gene684, Gene317, Gene627 
......................................................................................................
Completed E-Step (13 seconds). 
Completed M-Step (0 seconds). 
calculate log likelihood 
convergence.check is 1.020536e-05 
Completing Iteration 16 (approx. per word bound = -56.778, relative change = 1.021e-05) 
......................................................................................................
Completed E-Step (13 seconds). 
Completed M-Step (0 seconds). 
calculate log likelihood 
convergence.check is 9.547791e-06 
Completing Iteration 17 (approx. per word bound = -56.778, relative change = 9.548e-06) 
......................................................................................................
Completed E-Step (13 seconds). 
Completed M-Step (0 seconds). 
calculate log likelihood 
convergence.check is 8.957723e-06 
Completing Iteration 18 (approx. per word bound = -56.777, relative change = 8.958e-06) 
......................................................................................................
Completed E-Step (13 seconds). 
Completed M-Step (0 seconds). 
calculate log likelihood 
convergence.check is 8.468214e-06 
Completing Iteration 19 (approx. per word bound = -56.777, relative change = 8.468e-06) 
......................................................................................................
Completed E-Step (13 seconds). 
Completed M-Step (0 seconds). 
calculate log likelihood 
convergence.check is 7.983119e-06 
Completing Iteration 20 (approx. per word bound = -56.776, relative change = 7.983e-06) 
Topic 1: Gene11, Gene182, Gene490, Gene483, Gene627 
 Topic 2: Gene182, Gene855, Gene11, Gene483, Gene627 
 Topic 3: Gene706, Gene855, Gene167, Gene976, Gene668 
 Topic 4: Gene684, Gene11, Gene50, Gene142, Gene490 
 Topic 5: Gene668, Gene706, Gene684, Gene317, Gene627 
......................................................................................................
Completed E-Step (14 seconds). 
Completed M-Step (0 seconds). 
calculate log likelihood 
convergence.check is 7.529238e-06 
Completing Iteration 21 (approx. per word bound = -56.776, relative change = 7.529e-06) 
......................................................................................................
Completed E-Step (12 seconds). 
Completed M-Step (0 seconds). 
calculate log likelihood 
convergence.check is 7.164438e-06 
Completing Iteration 22 (approx. per word bound = -56.775, relative change = 7.164e-06) 
......................................................................................................
Completed E-Step (12 seconds). 
Completed M-Step (0 seconds). 
calculate log likelihood 
convergence.check is 6.786571e-06 
Completing Iteration 23 (approx. per word bound = -56.775, relative change = 6.787e-06) 
......................................................................................................
Completed E-Step (12 seconds). 
Completed M-Step (0 seconds). 
calculate log likelihood 
convergence.check is 6.480025e-06 
Completing Iteration 24 (approx. per word bound = -56.775, relative change = 6.480e-06) 
......................................................................................................
Completed E-Step (12 seconds). 
Completed M-Step (0 seconds). 
calculate log likelihood 
convergence.check is 6.172655e-06 
Completing Iteration 25 (approx. per word bound = -56.774, relative change = 6.173e-06) 
Topic 1: Gene11, Gene182, Gene490, Gene483, Gene627 
 Topic 2: Gene182, Gene855, Gene11, Gene483, Gene627 
 Topic 3: Gene855, Gene706, Gene167, Gene976, Gene668 
 Topic 4: Gene684, Gene11, Gene50, Gene490, Gene142 
 Topic 5: Gene668, Gene706, Gene684, Gene317, Gene627 
......................................................................................................
Completed E-Step (12 seconds). 
Completed M-Step (0 seconds). 
calculate log likelihood 
convergence.check is 5.902814e-06 
Completing Iteration 26 (approx. per word bound = -56.774, relative change = 5.903e-06) 
......................................................................................................
Completed E-Step (12 seconds). 
Completed M-Step (0 seconds). 
calculate log likelihood 
convergence.check is 5.636667e-06 
Completing Iteration 27 (approx. per word bound = -56.774, relative change = 5.637e-06) 
......................................................................................................
Completed E-Step (12 seconds). 
Completed M-Step (0 seconds). 
calculate log likelihood 
convergence.check is 5.412428e-06 
Completing Iteration 28 (approx. per word bound = -56.773, relative change = 5.412e-06) 
......................................................................................................
Completed E-Step (13 seconds). 
Completed M-Step (0 seconds). 
calculate log likelihood 
convergence.check is 5.190395e-06 
Completing Iteration 29 (approx. per word bound = -56.773, relative change = 5.190e-06) 
......................................................................................................
Completed E-Step (13 seconds). 
Completed M-Step (0 seconds). 
calculate log likelihood 
convergence.check is 4.994124e-06 
Completing Iteration 30 (approx. per word bound = -56.773, relative change = 4.994e-06) 
Topic 1: Gene11, Gene182, Gene490, Gene483, Gene627 
 Topic 2: Gene182, Gene855, Gene11, Gene483, Gene627 
 Topic 3: Gene855, Gene706, Gene167, Gene976, Gene668 
 Topic 4: Gene684, Gene11, Gene50, Gene490, Gene142 
 Topic 5: Gene668, Gene706, Gene684, Gene317, Gene627 
......................................................................................................
Completed E-Step (12 seconds). 
Completed M-Step (0 seconds). 
calculate log likelihood 
convergence.check is 4.793497e-06 
Completing Iteration 31 (approx. per word bound = -56.772, relative change = 4.793e-06) 
......................................................................................................
Completed E-Step (12 seconds). 
Completed M-Step (0 seconds). 
calculate log likelihood 
convergence.check is 4.612015e-06 
Completing Iteration 32 (approx. per word bound = -56.772, relative change = 4.612e-06) 
......................................................................................................
Completed E-Step (12 seconds). 
Completed M-Step (0 seconds). 
calculate log likelihood 
convergence.check is 4.449396e-06 
Completing Iteration 33 (approx. per word bound = -56.772, relative change = 4.449e-06) 
......................................................................................................
Completed E-Step (9 seconds). 
Completed M-Step (0 seconds). 
calculate log likelihood 
convergence.check is 4.293535e-06 
Completing Iteration 34 (approx. per word bound = -56.772, relative change = 4.294e-06) 
......................................................................................................
Completed E-Step (7 seconds). 
Completed M-Step (0 seconds). 
calculate log likelihood 
convergence.check is 4.12818e-06 
Completing Iteration 35 (approx. per word bound = -56.771, relative change = 4.128e-06) 
Topic 1: Gene11, Gene182, Gene490, Gene483, Gene627 
 Topic 2: Gene182, Gene855, Gene11, Gene483, Gene627 
 Topic 3: Gene855, Gene706, Gene167, Gene976, Gene668 
 Topic 4: Gene684, Gene11, Gene50, Gene490, Gene142 
 Topic 5: Gene668, Gene706, Gene684, Gene317, Gene627 
......................................................................................................
Completed E-Step (7 seconds). 
Completed M-Step (0 seconds). 
calculate log likelihood 
convergence.check is 3.979209e-06 
Completing Iteration 36 (approx. per word bound = -56.771, relative change = 3.979e-06) 
......................................................................................................
Completed E-Step (7 seconds). 
Completed M-Step (0 seconds). 
calculate log likelihood 
convergence.check is 3.846444e-06 
Completing Iteration 37 (approx. per word bound = -56.771, relative change = 3.846e-06) 
......................................................................................................
Completed E-Step (7 seconds). 
Completed M-Step (0 seconds). 
calculate log likelihood 
convergence.check is 3.708706e-06 
Completing Iteration 38 (approx. per word bound = -56.771, relative change = 3.709e-06) 
......................................................................................................
Completed E-Step (8 seconds). 
Completed M-Step (0 seconds). 
calculate log likelihood 
convergence.check is 3.581954e-06 
Completing Iteration 39 (approx. per word bound = -56.771, relative change = 3.582e-06) 
......................................................................................................
Completed E-Step (8 seconds). 
Completed M-Step (0 seconds). 
calculate log likelihood 
convergence.check is 3.461086e-06 
Completing Iteration 40 (approx. per word bound = -56.770, relative change = 3.461e-06) 
Topic 1: Gene11, Gene182, Gene490, Gene483, Gene627 
 Topic 2: Gene182, Gene855, Gene11, Gene627, Gene483 
 Topic 3: Gene855, Gene706, Gene167, Gene668, Gene976 
 Topic 4: Gene684, Gene11, Gene50, Gene490, Gene142 
 Topic 5: Gene668, Gene706, Gene684, Gene317, Gene627 
......................................................................................................
Completed E-Step (8 seconds). 
Completed M-Step (0 seconds). 
calculate log likelihood 
convergence.check is 3.339028e-06 
Completing Iteration 41 (approx. per word bound = -56.770, relative change = 3.339e-06) 
......................................................................................................
Completed E-Step (9 seconds). 
Completed M-Step (0 seconds). 
calculate log likelihood 
convergence.check is 3.246368e-06 
Completing Iteration 42 (approx. per word bound = -56.770, relative change = 3.246e-06) 
......................................................................................................
Completed E-Step (8 seconds). 
Completed M-Step (0 seconds). 
calculate log likelihood 
convergence.check is 3.135466e-06 
Completing Iteration 43 (approx. per word bound = -56.770, relative change = 3.135e-06) 
......................................................................................................
Completed E-Step (12 seconds). 
Completed M-Step (0 seconds). 
calculate log likelihood 
convergence.check is 3.059353e-06 
Completing Iteration 44 (approx. per word bound = -56.770, relative change = 3.059e-06) 
......................................................................................................
Completed E-Step (12 seconds). 
Completed M-Step (0 seconds). 
calculate log likelihood 
convergence.check is 2.99485e-06 
Completing Iteration 45 (approx. per word bound = -56.769, relative change = 2.995e-06) 
Topic 1: Gene11, Gene182, Gene490, Gene483, Gene627 
 Topic 2: Gene182, Gene855, Gene11, Gene627, Gene483 
 Topic 3: Gene855, Gene706, Gene167, Gene668, Gene976 
 Topic 4: Gene684, Gene11, Gene50, Gene490, Gene142 
 Topic 5: Gene668, Gene706, Gene684, Gene317, Gene314 
......................................................................................................
Completed E-Step (12 seconds). 
Completed M-Step (0 seconds). 
calculate log likelihood 
convergence.check is 2.911113e-06 
Completing Iteration 46 (approx. per word bound = -56.769, relative change = 2.911e-06) 
......................................................................................................
Completed E-Step (12 seconds). 
Completed M-Step (0 seconds). 
calculate log likelihood 
convergence.check is 2.882034e-06 
Completing Iteration 47 (approx. per word bound = -56.769, relative change = 2.882e-06) 
......................................................................................................
Completed E-Step (12 seconds). 
Completed M-Step (0 seconds). 
calculate log likelihood 
convergence.check is 2.87003e-06 
Completing Iteration 48 (approx. per word bound = -56.769, relative change = 2.870e-06) 
......................................................................................................
Completed E-Step (12 seconds). 
Completed M-Step (0 seconds). 
calculate log likelihood 
convergence.check is 2.773688e-06 
Completing Iteration 49 (approx. per word bound = -56.769, relative change = 2.774e-06) 
......................................................................................................
Completed E-Step (12 seconds). 
Completed M-Step (0 seconds). 
calculate log likelihood 
convergence.check is 2.751437e-06 
Completing Iteration 50 (approx. per word bound = -56.769, relative change = 2.751e-06) 
Topic 1: Gene182, Gene11, Gene490, Gene483, Gene627 
 Topic 2: Gene182, Gene855, Gene11, Gene627, Gene490 
 Topic 3: Gene855, Gene706, Gene167, Gene668, Gene976 
 Topic 4: Gene684, Gene11, Gene50, Gene490, Gene142 
 Topic 5: Gene668, Gene706, Gene684, Gene317, Gene314 
......................................................................................................
Completed E-Step (12 seconds). 
Completed M-Step (0 seconds). 
calculate log likelihood 
convergence.check is 2.702442e-06 
Completing Iteration 51 (approx. per word bound = -56.769, relative change = 2.702e-06) 
......................................................................................................
Completed E-Step (12 seconds). 
Completed M-Step (0 seconds). 
calculate log likelihood 
convergence.check is 2.659653e-06 
Completing Iteration 52 (approx. per word bound = -56.768, relative change = 2.660e-06) 
......................................................................................................
Completed E-Step (12 seconds). 
Completed M-Step (0 seconds). 
calculate log likelihood 
convergence.check is 2.593889e-06 
Completing Iteration 53 (approx. per word bound = -56.768, relative change = 2.594e-06) 
......................................................................................................
Completed E-Step (11 seconds). 
Completed M-Step (0 seconds). 
calculate log likelihood 
convergence.check is 2.540259e-06 
Completing Iteration 54 (approx. per word bound = -56.768, relative change = 2.540e-06) 
......................................................................................................
Completed E-Step (12 seconds). 
Completed M-Step (0 seconds). 
calculate log likelihood 
convergence.check is 2.46384e-06 
Completing Iteration 55 (approx. per word bound = -56.768, relative change = 2.464e-06) 
Topic 1: Gene182, Gene11, Gene490, Gene483, Gene627 
 Topic 2: Gene182, Gene855, Gene11, Gene627, Gene490 
 Topic 3: Gene855, Gene706, Gene167, Gene668, Gene976 
 Topic 4: Gene684, Gene11, Gene50, Gene490, Gene142 
 Topic 5: Gene668, Gene706, Gene684, Gene317, Gene314 
......................................................................................................
Completed E-Step (11 seconds). 
Completed M-Step (0 seconds). 
calculate log likelihood 
convergence.check is 2.372962e-06 
Completing Iteration 56 (approx. per word bound = -56.768, relative change = 2.373e-06) 
......................................................................................................
Completed E-Step (12 seconds). 
Completed M-Step (0 seconds). 
calculate log likelihood 
convergence.check is 2.289101e-06 
Completing Iteration 57 (approx. per word bound = -56.768, relative change = 2.289e-06) 
......................................................................................................
Completed E-Step (11 seconds). 
Completed M-Step (0 seconds). 
calculate log likelihood 
convergence.check is 2.222687e-06 
Completing Iteration 58 (approx. per word bound = -56.768, relative change = 2.223e-06) 
......................................................................................................
Completed E-Step (12 seconds). 
Completed M-Step (0 seconds). 
calculate log likelihood 
convergence.check is 2.13868e-06 
Completing Iteration 59 (approx. per word bound = -56.767, relative change = 2.139e-06) 
......................................................................................................
Completed E-Step (11 seconds). 
Completed M-Step (0 seconds). 
calculate log likelihood 
convergence.check is 2.059182e-06 
Completing Iteration 60 (approx. per word bound = -56.767, relative change = 2.059e-06) 
Topic 1: Gene182, Gene11, Gene490, Gene483, Gene627 
 Topic 2: Gene182, Gene855, Gene11, Gene627, Gene490 
 Topic 3: Gene855, Gene706, Gene167, Gene668, Gene976 
 Topic 4: Gene684, Gene11, Gene50, Gene490, Gene142 
 Topic 5: Gene668, Gene706, Gene684, Gene317, Gene314 
......................................................................................................
Completed E-Step (11 seconds). 
Completed M-Step (0 seconds). 
calculate log likelihood 
convergence.check is 1.997689e-06 
Completing Iteration 61 (approx. per word bound = -56.767, relative change = 1.998e-06) 
......................................................................................................
Completed E-Step (11 seconds). 
Completed M-Step (0 seconds). 
calculate log likelihood 
convergence.check is 1.945945e-06 
Completing Iteration 62 (approx. per word bound = -56.767, relative change = 1.946e-06) 
......................................................................................................
Completed E-Step (11 seconds). 
Completed M-Step (0 seconds). 
calculate log likelihood 
convergence.check is 1.874161e-06 
Completing Iteration 63 (approx. per word bound = -56.767, relative change = 1.874e-06) 
......................................................................................................
Completed E-Step (11 seconds). 
Completed M-Step (0 seconds). 
calculate log likelihood 
convergence.check is 1.8108e-06 
Completing Iteration 64 (approx. per word bound = -56.767, relative change = 1.811e-06) 
......................................................................................................
Completed E-Step (11 seconds). 
Completed M-Step (0 seconds). 
calculate log likelihood 
convergence.check is 1.757325e-06 
Completing Iteration 65 (approx. per word bound = -56.767, relative change = 1.757e-06) 
Topic 1: Gene182, Gene11, Gene490, Gene483, Gene627 
 Topic 2: Gene182, Gene855, Gene11, Gene627, Gene490 
 Topic 3: Gene855, Gene706, Gene167, Gene668, Gene976 
 Topic 4: Gene684, Gene11, Gene50, Gene490, Gene142 
 Topic 5: Gene668, Gene706, Gene684, Gene317, Gene314 
......................................................................................................
Completed E-Step (11 seconds). 
Completed M-Step (0 seconds). 
calculate log likelihood 
convergence.check is 1.71429e-06 
Completing Iteration 66 (approx. per word bound = -56.767, relative change = 1.714e-06) 
......................................................................................................
Completed E-Step (11 seconds). 
Completed M-Step (0 seconds). 
calculate log likelihood 
convergence.check is 1.659706e-06 
Completing Iteration 67 (approx. per word bound = -56.767, relative change = 1.660e-06) 
......................................................................................................
Completed E-Step (11 seconds). 
Completed M-Step (0 seconds). 
calculate log likelihood 
convergence.check is 1.614859e-06 
Completing Iteration 68 (approx. per word bound = -56.766, relative change = 1.615e-06) 
......................................................................................................
Completed E-Step (11 seconds). 
Completed M-Step (0 seconds). 
calculate log likelihood 
convergence.check is 1.563434e-06 
Completing Iteration 69 (approx. per word bound = -56.766, relative change = 1.563e-06) 
......................................................................................................
Completed E-Step (11 seconds). 
Completed M-Step (0 seconds). 
calculate log likelihood 
convergence.check is 1.511215e-06 
Completing Iteration 70 (approx. per word bound = -56.766, relative change = 1.511e-06) 
Topic 1: Gene182, Gene11, Gene490, Gene483, Gene627 
 Topic 2: Gene182, Gene855, Gene11, Gene627, Gene490 
 Topic 3: Gene855, Gene706, Gene167, Gene668, Gene976 
 Topic 4: Gene684, Gene11, Gene50, Gene490, Gene142 
 Topic 5: Gene668, Gene706, Gene684, Gene317, Gene314 
......................................................................................................
Completed E-Step (11 seconds). 
Completed M-Step (0 seconds). 
calculate log likelihood 
convergence.check is 1.458795e-06 
Completing Iteration 71 (approx. per word bound = -56.766, relative change = 1.459e-06) 
......................................................................................................
Completed E-Step (11 seconds). 
Completed M-Step (0 seconds). 
calculate log likelihood 
convergence.check is 1.421869e-06 
Completing Iteration 72 (approx. per word bound = -56.766, relative change = 1.422e-06) 
......................................................................................................
Completed E-Step (11 seconds). 
Completed M-Step (0 seconds). 
calculate log likelihood 
convergence.check is 1.376156e-06 
Completing Iteration 73 (approx. per word bound = -56.766, relative change = 1.376e-06) 
......................................................................................................
Completed E-Step (11 seconds). 
Completed M-Step (0 seconds). 
calculate log likelihood 
convergence.check is 1.327711e-06 
Completing Iteration 74 (approx. per word bound = -56.766, relative change = 1.328e-06) 
......................................................................................................
Completed E-Step (11 seconds). 
Completed M-Step (0 seconds). 
calculate log likelihood 
convergence.check is 1.286765e-06 
Completing Iteration 75 (approx. per word bound = -56.766, relative change = 1.287e-06) 
Topic 1: Gene182, Gene11, Gene490, Gene483, Gene627 
 Topic 2: Gene182, Gene855, Gene11, Gene627, Gene490 
 Topic 3: Gene855, Gene706, Gene167, Gene668, Gene976 
 Topic 4: Gene684, Gene11, Gene50, Gene490, Gene142 
 Topic 5: Gene668, Gene706, Gene684, Gene317, Gene314 
......................................................................................................
Completed E-Step (11 seconds). 
Completed M-Step (0 seconds). 
calculate log likelihood 
convergence.check is 1.246208e-06 
Completing Iteration 76 (approx. per word bound = -56.766, relative change = 1.246e-06) 
......................................................................................................
Completed E-Step (11 seconds). 
Completed M-Step (0 seconds). 
calculate log likelihood 
convergence.check is 1.210151e-06 
Completing Iteration 77 (approx. per word bound = -56.766, relative change = 1.210e-06) 
......................................................................................................
Completed E-Step (11 seconds). 
Completed M-Step (0 seconds). 
calculate log likelihood 
convergence.check is 1.165539e-06 
Completing Iteration 78 (approx. per word bound = -56.766, relative change = 1.166e-06) 
......................................................................................................
Completed E-Step (11 seconds). 
Completed M-Step (0 seconds). 
calculate log likelihood 
convergence.check is 1.123133e-06 
Completing Iteration 79 (approx. per word bound = -56.766, relative change = 1.123e-06) 
......................................................................................................
Completed E-Step (11 seconds). 
Completed M-Step (0 seconds). 
calculate log likelihood 
convergence.check is 1.088224e-06 
Completing Iteration 80 (approx. per word bound = -56.766, relative change = 1.088e-06) 
Topic 1: Gene182, Gene11, Gene490, Gene483, Gene627 
 Topic 2: Gene182, Gene855, Gene11, Gene627, Gene490 
 Topic 3: Gene855, Gene706, Gene167, Gene668, Gene976 
 Topic 4: Gene684, Gene11, Gene50, Gene490, Gene142 
 Topic 5: Gene668, Gene706, Gene684, Gene317, Gene627 
......................................................................................................
Completed E-Step (11 seconds). 
Completed M-Step (0 seconds). 
calculate log likelihood 
convergence.check is 1.062273e-06 
Completing Iteration 81 (approx. per word bound = -56.766, relative change = 1.062e-06) 
......................................................................................................
Completed E-Step (11 seconds). 
Completed M-Step (0 seconds). 
calculate log likelihood 
convergence.check is 1.024329e-06 
Completing Iteration 82 (approx. per word bound = -56.765, relative change = 1.024e-06) 
......................................................................................................
Completed E-Step (11 seconds). 
Completed M-Step (0 seconds). 
calculate log likelihood 
convergence.check is 9.881377e-07 
Model Converged 
