sims_1715968539_pos_L4_c5.rds 
Found 6 batches
Using null model in ComBat-seq.
Adjusting for 0 covariate(s) or covariate level(s)
Estimating dispersions
Fitting the GLM model
Shrinkage off - using GLM estimates for parameters
Adjusting the data
Batch Effect Removed 
        R/alignCorpus.R R/asSTMCorpus.R R/checkBeta.R R/cloud.R
value   ?               ?               ?             ?        
visible FALSE           FALSE           FALSE         FALSE    
        R/CompositionChange.R R/convertCorpus.R R/estimateEffect.R
value   ?                     ?                 ?                 
visible FALSE                 FALSE             FALSE             
        R/estimateMixedEffect.R R/exclusivity.R R/findThoughts.R R/findTopic.R
value   ?                       ?               ?                ?            
visible FALSE                   FALSE           FALSE            FALSE        
        R/fitNewDocuments.R R/heldout.R R/jeffreyskappa.R R/labelTopics.R
value   ?                   ?           ?                 ?              
visible FALSE               FALSE       FALSE             FALSE          
        R/makeDesignMatrix.R R/manyTopics.R R/multiSTM.R R/optimalK.R
value   ?                    ?              ?            ?           
visible FALSE                FALSE          FALSE        FALSE       
        R/permute.R R/plot.estimateEffect.R R/plot.fixedEffect.R
value   ?           ?                       ?                   
visible FALSE       FALSE                   FALSE               
        R/plot.searchK.R R/plot.STM.R R/plotModels.R R/plotQuote.R
value   ?                ?            ?              ?            
visible FALSE            FALSE        FALSE          FALSE        
        R/plotRemoved.R R/plottingutilfns.R R/plotTopicLoess.R
value   ?               ?                   ?                 
visible FALSE           FALSE               FALSE             
        R/prepDocuments.R R/prepsce.R R/produce_cmatrix.R R/RcppExports.R
value   ?                 ?           ?                   ?              
visible FALSE             FALSE       FALSE               FALSE          
        R/readCorpus.R R/residuals.R R/s.R R/sageLabels.R R/scSTM.R
value   ?              ?             ?     ?              ?        
visible FALSE          FALSE         FALSE FALSE          FALSE    
        R/selectModel.R R/semanticCoherence.R R/simBetas.R R/spectral.R
value   ?               ?                     ?            ?           
visible FALSE           FALSE                 FALSE        FALSE       
        R/stm-package.R R/stm.control.R R/STMbound.R R/STMconvergence.R
value   NULL            ?               ?            ?                 
visible TRUE            FALSE           FALSE        FALSE             
        R/STMestep.R R/STMfunctions.R R/STMinit.R R/STMinitLikelihood.R
value   ?            ?                ?           ?                    
visible FALSE        FALSE            FALSE       FALSE                
        R/STMlncpp.R R/STMmnreg.R R/STMmu.R R/STMoptbeta.R R/STMreport.R
value   ?            ?            ?         ?              ?            
visible FALSE        FALSE        FALSE     FALSE          FALSE        
        R/STMsigma.R R/STMsigs.R R/STMsubset.R R/summary.STM.R R/tau.R
value   ?            ?           ?             ?               ?      
visible FALSE        FALSE       FALSE         FALSE           FALSE  
        R/textProcessor.R R/thetaPosterior.R R/toLDAvis.R R/topicCorr.R
value   ?                 ?                  ?            ?            
visible FALSE             FALSE              FALSE        FALSE        
        R/topicLasso.R R/topicQuality.R R/writeLdac.R R/zzz.R
value   ?              ?                ?             ?      
visible FALSE          FALSE            FALSE         FALSE  
Casting net 
1 models in net 
Initialization with topicScore. 
Initializing factors using Topic SCORE algorithm.
Initializing loadings by running 10 SCD updates.
......................................................................................................
Completed E-Step (14 seconds). 
Completed M-Step (0 seconds). 
calculate log likelihood 
Completing Iteration 1 (approx. per word bound = -35.990) 
......................................................................................................
Completed E-Step (10 seconds). 
Completed M-Step (0 seconds). 
calculate log likelihood 
convergence.check is 0.0001523693 
Completing Iteration 2 (approx. per word bound = -35.984, relative change = 1.524e-04) 
......................................................................................................
Completed E-Step (10 seconds). 
Completed M-Step (0 seconds). 
calculate log likelihood 
convergence.check is 0.0001626497 
Model Terminated Before Convergence Reached 
2 models in net 
Initialization with topicScore. 
Initializing factors using Topic SCORE algorithm.
Initializing loadings by running 10 SCD updates.
......................................................................................................
Completed E-Step (12 seconds). 
Completed M-Step (0 seconds). 
calculate log likelihood 
Completing Iteration 1 (approx. per word bound = -35.960) 
......................................................................................................
Completed E-Step (10 seconds). 
Completed M-Step (0 seconds). 
calculate log likelihood 
convergence.check is 0.000147976 
Completing Iteration 2 (approx. per word bound = -35.955, relative change = 1.480e-04) 
......................................................................................................
Completed E-Step (9 seconds). 
Completed M-Step (0 seconds). 
calculate log likelihood 
convergence.check is 6.920973e-05 
Model Terminated Before Convergence Reached 
3 models in net 
Initialization with topicScore. 
Initializing factors using Topic SCORE algorithm.
Initializing loadings by running 10 SCD updates.
......................................................................................................
Completed E-Step (14 seconds). 
Completed M-Step (0 seconds). 
calculate log likelihood 
Completing Iteration 1 (approx. per word bound = -35.987) 
......................................................................................................
Completed E-Step (9 seconds). 
Completed M-Step (0 seconds). 
calculate log likelihood 
convergence.check is 0.0002186323 
Completing Iteration 2 (approx. per word bound = -35.979, relative change = 2.186e-04) 
......................................................................................................
Completed E-Step (9 seconds). 
Completed M-Step (0 seconds). 
calculate log likelihood 
convergence.check is 0.0001366631 
Model Terminated Before Convergence Reached 
4 models in net 
Initialization with topicScore. 
Initializing factors using Topic SCORE algorithm.
Initializing loadings by running 10 SCD updates.
......................................................................................................
Completed E-Step (5 seconds). 
Completed M-Step (0 seconds). 
calculate log likelihood 
Completing Iteration 1 (approx. per word bound = -35.916) 
......................................................................................................
Completed E-Step (9 seconds). 
Completed M-Step (0 seconds). 
calculate log likelihood 
convergence.check is 2.640913e-05 
Completing Iteration 2 (approx. per word bound = -35.915, relative change = 2.641e-05) 
......................................................................................................
Completed E-Step (9 seconds). 
Completed M-Step (0 seconds). 
calculate log likelihood 
convergence.check is 1.168343e-05 
Model Terminated Before Convergence Reached 
5 models in net 
Initialization with topicScore. 
Initializing factors using Topic SCORE algorithm.
Initializing loadings by running 10 SCD updates.
......................................................................................................
Completed E-Step (16 seconds). 
Completed M-Step (0 seconds). 
calculate log likelihood 
Completing Iteration 1 (approx. per word bound = -35.972) 
......................................................................................................
Completed E-Step (15 seconds). 
Completed M-Step (0 seconds). 
calculate log likelihood 
convergence.check is 0.0001591878 
Completing Iteration 2 (approx. per word bound = -35.966, relative change = 1.592e-04) 
......................................................................................................
Completed E-Step (15 seconds). 
Completed M-Step (0 seconds). 
calculate log likelihood 
convergence.check is 8.448553e-05 
Model Terminated Before Convergence Reached 
6 models in net 
Initialization with topicScore. 
Initializing factors using Topic SCORE algorithm.
Initializing loadings by running 10 SCD updates.
......................................................................................................
Completed E-Step (22 seconds). 
Completed M-Step (0 seconds). 
calculate log likelihood 
Completing Iteration 1 (approx. per word bound = -35.970) 
......................................................................................................
Completed E-Step (16 seconds). 
Completed M-Step (0 seconds). 
calculate log likelihood 
convergence.check is 0.0001164369 
Completing Iteration 2 (approx. per word bound = -35.966, relative change = 1.164e-04) 
......................................................................................................
Completed E-Step (16 seconds). 
Completed M-Step (0 seconds). 
calculate log likelihood 
convergence.check is 7.243626e-05 
Model Terminated Before Convergence Reached 
7 models in net 
Initialization with topicScore. 
Initializing factors using Topic SCORE algorithm.
Initializing loadings by running 10 SCD updates.
......................................................................................................
Completed E-Step (10 seconds). 
Completed M-Step (0 seconds). 
calculate log likelihood 
Completing Iteration 1 (approx. per word bound = -35.918) 
......................................................................................................
Completed E-Step (15 seconds). 
Completed M-Step (0 seconds). 
calculate log likelihood 
convergence.check is 2.817824e-05 
Completing Iteration 2 (approx. per word bound = -35.917, relative change = 2.818e-05) 
......................................................................................................
Completed E-Step (15 seconds). 
Completed M-Step (0 seconds). 
calculate log likelihood 
convergence.check is 1.307555e-05 
Model Terminated Before Convergence Reached 
8 models in net 
Initialization with topicScore. 
Initializing factors using Topic SCORE algorithm.
Initializing loadings by running 10 SCD updates.
......................................................................................................
Completed E-Step (8 seconds). 
Completed M-Step (0 seconds). 
calculate log likelihood 
Completing Iteration 1 (approx. per word bound = -35.916) 
......................................................................................................
Completed E-Step (15 seconds). 
Completed M-Step (0 seconds). 
calculate log likelihood 
convergence.check is 2.468341e-05 
Completing Iteration 2 (approx. per word bound = -35.915, relative change = 2.468e-05) 
......................................................................................................
Completed E-Step (15 seconds). 
Completed M-Step (0 seconds). 
calculate log likelihood 
convergence.check is 1.281162e-05 
Model Terminated Before Convergence Reached 
9 models in net 
Initialization with topicScore. 
Initializing factors using Topic SCORE algorithm.
Initializing loadings by running 10 SCD updates.
......................................................................................................
Completed E-Step (12 seconds). 
Completed M-Step (0 seconds). 
calculate log likelihood 
Completing Iteration 1 (approx. per word bound = -35.916) 
......................................................................................................
Completed E-Step (15 seconds). 
Completed M-Step (0 seconds). 
calculate log likelihood 
convergence.check is 2.367041e-05 
Completing Iteration 2 (approx. per word bound = -35.915, relative change = 2.367e-05) 
......................................................................................................
Completed E-Step (15 seconds). 
Completed M-Step (0 seconds). 
calculate log likelihood 
convergence.check is 1.277847e-05 
Model Terminated Before Convergence Reached 
10 models in net 
Initialization with topicScore. 
Initializing factors using Topic SCORE algorithm.
Initializing loadings by running 10 SCD updates.
......................................................................................................
Completed E-Step (18 seconds). 
Completed M-Step (0 seconds). 
calculate log likelihood 
Completing Iteration 1 (approx. per word bound = -35.958) 
......................................................................................................
Completed E-Step (16 seconds). 
Completed M-Step (0 seconds). 
calculate log likelihood 
convergence.check is 8.545641e-05 
Completing Iteration 2 (approx. per word bound = -35.955, relative change = 8.546e-05) 
......................................................................................................
Completed E-Step (16 seconds). 
Completed M-Step (0 seconds). 
calculate log likelihood 
convergence.check is 4.06641e-05 
Model Terminated Before Convergence Reached 
11 models in net 
Beginning Spectral Initialization 
	 Calculating the gram matrix...
	 Finding anchor words...
 	.....
	 Recovering initialization...
 	.......
Initialization complete.
......................................................................................................
Completed E-Step (24 seconds). 
Completed M-Step (0 seconds). 
calculate log likelihood 
Completing Iteration 1 (approx. per word bound = -35.942) 
......................................................................................................
Completed E-Step (15 seconds). 
Completed M-Step (0 seconds). 
calculate log likelihood 
convergence.check is 0.0004121592 
Completing Iteration 2 (approx. per word bound = -35.928, relative change = 4.122e-04) 
......................................................................................................
Completed E-Step (14 seconds). 
Completed M-Step (0 seconds). 
calculate log likelihood 
convergence.check is 0.0002119923 
Model Terminated Before Convergence Reached 
12 models in net 
Beginning Random Initialization 
Initialization with Poisson NMF 
......................................................................................................
Completed E-Step (26 seconds). 
Completed M-Step (0 seconds). 
calculate log likelihood 
Completing Iteration 1 (approx. per word bound = -47.353) 
......................................................................................................
Completed E-Step (15 seconds). 
Completed M-Step (0 seconds). 
calculate log likelihood 
convergence.check is 0.2385383 
Completing Iteration 2 (approx. per word bound = -36.058, relative change = 2.385e-01) 
......................................................................................................
Completed E-Step (15 seconds). 
Completed M-Step (0 seconds). 
calculate log likelihood 
convergence.check is 0.0001130409 
Model Terminated Before Convergence Reached 
13 models in net 
Beginning Random Initialization 
Initialization with Poisson NMF 
......................................................................................................
Completed E-Step (29 seconds). 
Completed M-Step (0 seconds). 
calculate log likelihood 
Completing Iteration 1 (approx. per word bound = -47.245) 
......................................................................................................
Completed E-Step (19 seconds). 
Completed M-Step (0 seconds). 
calculate log likelihood 
convergence.check is 0.2369161 
Completing Iteration 2 (approx. per word bound = -36.052, relative change = 2.369e-01) 
......................................................................................................
Completed E-Step (16 seconds). 
Completed M-Step (0 seconds). 
calculate log likelihood 
convergence.check is 0.0002140401 
Model Terminated Before Convergence Reached 
14 models in net 
Beginning Random Initialization 
Initialization with Poisson NMF 
......................................................................................................
Completed E-Step (27 seconds). 
Completed M-Step (0 seconds). 
calculate log likelihood 
Completing Iteration 1 (approx. per word bound = -47.106) 
......................................................................................................
Completed E-Step (16 seconds). 
Completed M-Step (0 seconds). 
calculate log likelihood 
convergence.check is 0.2346494 
Completing Iteration 2 (approx. per word bound = -36.052, relative change = 2.346e-01) 
......................................................................................................
Completed E-Step (15 seconds). 
Completed M-Step (0 seconds). 
calculate log likelihood 
convergence.check is 0.000289019 
Model Terminated Before Convergence Reached 
15 models in net 
Beginning Random Initialization 
Initialization with Poisson NMF 
......................................................................................................
Completed E-Step (23 seconds). 
Completed M-Step (0 seconds). 
calculate log likelihood 
Completing Iteration 1 (approx. per word bound = -47.407) 
......................................................................................................
Completed E-Step (16 seconds). 
Completed M-Step (0 seconds). 
calculate log likelihood 
convergence.check is 0.2394754 
Completing Iteration 2 (approx. per word bound = -36.054, relative change = 2.395e-01) 
......................................................................................................
Completed E-Step (16 seconds). 
Completed M-Step (0 seconds). 
calculate log likelihood 
convergence.check is 0.000124838 
Model Terminated Before Convergence Reached 
16 models in net 
Beginning Random Initialization 
Initialization with Poisson NMF 
......................................................................................................
Completed E-Step (28 seconds). 
Completed M-Step (0 seconds). 
calculate log likelihood 
Completing Iteration 1 (approx. per word bound = -47.034) 
......................................................................................................
Completed E-Step (15 seconds). 
Completed M-Step (0 seconds). 
calculate log likelihood 
convergence.check is 0.2333967 
Completing Iteration 2 (approx. per word bound = -36.056, relative change = 2.334e-01) 
......................................................................................................
Completed E-Step (14 seconds). 
Completed M-Step (0 seconds). 
calculate log likelihood 
convergence.check is 0.0001374069 
Model Terminated Before Convergence Reached 
17 models in net 
Beginning Random Initialization 
Initialization with Poisson NMF 
......................................................................................................
Completed E-Step (14 seconds). 
Completed M-Step (0 seconds). 
calculate log likelihood 
Completing Iteration 1 (approx. per word bound = -47.482) 
......................................................................................................
Completed E-Step (9 seconds). 
Completed M-Step (0 seconds). 
calculate log likelihood 
convergence.check is 0.2407144 
Completing Iteration 2 (approx. per word bound = -36.053, relative change = 2.407e-01) 
......................................................................................................
Completed E-Step (9 seconds). 
Completed M-Step (0 seconds). 
calculate log likelihood 
convergence.check is 0.0002170407 
Model Terminated Before Convergence Reached 
18 models in net 
Beginning Random Initialization 
Initialization with Poisson NMF 
......................................................................................................
Completed E-Step (17 seconds). 
Completed M-Step (0 seconds). 
calculate log likelihood 
Completing Iteration 1 (approx. per word bound = -47.311) 
......................................................................................................
Completed E-Step (10 seconds). 
Completed M-Step (0 seconds). 
calculate log likelihood 
convergence.check is 0.2378183 
Completing Iteration 2 (approx. per word bound = -36.060, relative change = 2.378e-01) 
......................................................................................................
Completed E-Step (10 seconds). 
Completed M-Step (0 seconds). 
calculate log likelihood 
convergence.check is 0.0003069286 
Model Terminated Before Convergence Reached 
19 models in net 
Beginning Random Initialization 
Initialization with Poisson NMF 
......................................................................................................
Completed E-Step (15 seconds). 
Completed M-Step (0 seconds). 
calculate log likelihood 
Completing Iteration 1 (approx. per word bound = -46.826) 
......................................................................................................
Completed E-Step (10 seconds). 
Completed M-Step (0 seconds). 
calculate log likelihood 
convergence.check is 0.2298952 
Completing Iteration 2 (approx. per word bound = -36.061, relative change = 2.299e-01) 
......................................................................................................
Completed E-Step (9 seconds). 
Completed M-Step (0 seconds). 
calculate log likelihood 
convergence.check is 8.232012e-05 
Model Terminated Before Convergence Reached 
20 models in net 
Beginning Random Initialization 
Initialization with Poisson NMF 
......................................................................................................
Completed E-Step (21 seconds). 
Completed M-Step (0 seconds). 
calculate log likelihood 
Completing Iteration 1 (approx. per word bound = -47.139) 
......................................................................................................
Completed E-Step (15 seconds). 
Completed M-Step (0 seconds). 
calculate log likelihood 
convergence.check is 0.2350186 
Completing Iteration 2 (approx. per word bound = -36.061, relative change = 2.350e-01) 
......................................................................................................
Completed E-Step (16 seconds). 
Completed M-Step (0 seconds). 
calculate log likelihood 
convergence.check is 0.0001067357 
Model Terminated Before Convergence Reached 
21 models in net 
Beginning Random Initialization 
Initialization with Poisson NMF 
......................................................................................................
Completed E-Step (27 seconds). 
Completed M-Step (0 seconds). 
calculate log likelihood 
Completing Iteration 1 (approx. per word bound = -46.763) 
......................................................................................................
Completed E-Step (16 seconds). 
Completed M-Step (0 seconds). 
calculate log likelihood 
convergence.check is 0.228905 
Completing Iteration 2 (approx. per word bound = -36.059, relative change = 2.289e-01) 
......................................................................................................
Completed E-Step (17 seconds). 
Completed M-Step (0 seconds). 
calculate log likelihood 
convergence.check is 9.126598e-05 
Model Terminated Before Convergence Reached 
Running select models 
1 select model run 
Initialization with topicScore. 
Initializing factors using Topic SCORE algorithm.
Initializing loadings by running 10 SCD updates.
......................................................................................................
Completed E-Step (11 seconds). 
Completed M-Step (0 seconds). 
calculate log likelihood 
Completing Iteration 1 (approx. per word bound = -35.916) 
......................................................................................................
Completed E-Step (16 seconds). 
Completed M-Step (0 seconds). 
calculate log likelihood 
convergence.check is 2.640913e-05 
Completing Iteration 2 (approx. per word bound = -35.915, relative change = 2.641e-05) 
......................................................................................................
Completed E-Step (15 seconds). 
Completed M-Step (0 seconds). 
calculate log likelihood 
convergence.check is 1.168343e-05 
Completing Iteration 3 (approx. per word bound = -35.915, relative change = 1.168e-05) 
......................................................................................................
Completed E-Step (15 seconds). 
Completed M-Step (0 seconds). 
calculate log likelihood 
convergence.check is 1.037754e-05 
Completing Iteration 4 (approx. per word bound = -35.914, relative change = 1.038e-05) 
......................................................................................................
Completed E-Step (15 seconds). 
Completed M-Step (0 seconds). 
calculate log likelihood 
convergence.check is 9.463174e-06 
Completing Iteration 5 (approx. per word bound = -35.914, relative change = 9.463e-06) 
Topic 1: Gene226, Gene1288, Gene1133, Gene915, Gene1371 
 Topic 2: Gene332, Gene1288, Gene1133, Gene177, Gene834 
 Topic 3: Gene1288, Gene608, Gene200, Gene760, Gene1133 
 Topic 4: Gene1339, Gene949, Gene915, Gene537, Gene1133 
 Topic 5: Gene95, Gene1082, Gene199, Gene1133, Gene226 
......................................................................................................
Completed E-Step (15 seconds). 
Completed M-Step (0 seconds). 
calculate log likelihood 
convergence.check is 8.721108e-06 
Completing Iteration 6 (approx. per word bound = -35.914, relative change = 8.721e-06) 
......................................................................................................
Completed E-Step (15 seconds). 
Completed M-Step (0 seconds). 
calculate log likelihood 
convergence.check is 8.004895e-06 
Completing Iteration 7 (approx. per word bound = -35.913, relative change = 8.005e-06) 
......................................................................................................
Completed E-Step (15 seconds). 
Completed M-Step (0 seconds). 
calculate log likelihood 
convergence.check is 7.47583e-06 
Completing Iteration 8 (approx. per word bound = -35.913, relative change = 7.476e-06) 
......................................................................................................
Completed E-Step (14 seconds). 
Completed M-Step (0 seconds). 
calculate log likelihood 
convergence.check is 6.970034e-06 
Completing Iteration 9 (approx. per word bound = -35.913, relative change = 6.970e-06) 
......................................................................................................
Completed E-Step (14 seconds). 
Completed M-Step (0 seconds). 
calculate log likelihood 
convergence.check is 6.503403e-06 
Completing Iteration 10 (approx. per word bound = -35.913, relative change = 6.503e-06) 
Topic 1: Gene226, Gene1288, Gene1133, Gene915, Gene1371 
 Topic 2: Gene332, Gene1288, Gene1133, Gene177, Gene226 
 Topic 3: Gene1288, Gene608, Gene200, Gene760, Gene1133 
 Topic 4: Gene1339, Gene949, Gene915, Gene537, Gene1133 
 Topic 5: Gene95, Gene1082, Gene199, Gene1133, Gene226 
......................................................................................................
Completed E-Step (14 seconds). 
Completed M-Step (0 seconds). 
calculate log likelihood 
convergence.check is 6.139417e-06 
Completing Iteration 11 (approx. per word bound = -35.912, relative change = 6.139e-06) 
......................................................................................................
Completed E-Step (14 seconds). 
Completed M-Step (0 seconds). 
calculate log likelihood 
convergence.check is 5.721913e-06 
Completing Iteration 12 (approx. per word bound = -35.912, relative change = 5.722e-06) 
......................................................................................................
Completed E-Step (14 seconds). 
Completed M-Step (0 seconds). 
calculate log likelihood 
convergence.check is 5.420292e-06 
Completing Iteration 13 (approx. per word bound = -35.912, relative change = 5.420e-06) 
......................................................................................................
Completed E-Step (13 seconds). 
Completed M-Step (0 seconds). 
calculate log likelihood 
convergence.check is 5.089597e-06 
Completing Iteration 14 (approx. per word bound = -35.912, relative change = 5.090e-06) 
......................................................................................................
Completed E-Step (13 seconds). 
Completed M-Step (0 seconds). 
calculate log likelihood 
convergence.check is 4.806684e-06 
Completing Iteration 15 (approx. per word bound = -35.912, relative change = 4.807e-06) 
Topic 1: Gene226, Gene1288, Gene1133, Gene915, Gene1371 
 Topic 2: Gene332, Gene1288, Gene1133, Gene226, Gene177 
 Topic 3: Gene1288, Gene608, Gene200, Gene760, Gene1133 
 Topic 4: Gene1339, Gene949, Gene915, Gene537, Gene1133 
 Topic 5: Gene95, Gene1082, Gene199, Gene1133, Gene226 
......................................................................................................
Completed E-Step (13 seconds). 
Completed M-Step (0 seconds). 
calculate log likelihood 
convergence.check is 4.512721e-06 
Completing Iteration 16 (approx. per word bound = -35.911, relative change = 4.513e-06) 
......................................................................................................
Completed E-Step (13 seconds). 
Completed M-Step (0 seconds). 
calculate log likelihood 
convergence.check is 4.304573e-06 
Completing Iteration 17 (approx. per word bound = -35.911, relative change = 4.305e-06) 
......................................................................................................
Completed E-Step (13 seconds). 
Completed M-Step (0 seconds). 
calculate log likelihood 
convergence.check is 4.035727e-06 
Completing Iteration 18 (approx. per word bound = -35.911, relative change = 4.036e-06) 
......................................................................................................
Completed E-Step (13 seconds). 
Completed M-Step (0 seconds). 
calculate log likelihood 
convergence.check is 3.886069e-06 
Completing Iteration 19 (approx. per word bound = -35.911, relative change = 3.886e-06) 
......................................................................................................
Completed E-Step (12 seconds). 
Completed M-Step (0 seconds). 
calculate log likelihood 
convergence.check is 3.670466e-06 
Completing Iteration 20 (approx. per word bound = -35.911, relative change = 3.670e-06) 
Topic 1: Gene226, Gene1288, Gene1133, Gene915, Gene1371 
 Topic 2: Gene1288, Gene332, Gene1133, Gene226, Gene177 
 Topic 3: Gene1288, Gene608, Gene200, Gene760, Gene1133 
 Topic 4: Gene1339, Gene949, Gene915, Gene537, Gene1133 
 Topic 5: Gene95, Gene1082, Gene199, Gene1133, Gene226 
......................................................................................................
Completed E-Step (13 seconds). 
Completed M-Step (0 seconds). 
calculate log likelihood 
convergence.check is 3.479995e-06 
Completing Iteration 21 (approx. per word bound = -35.911, relative change = 3.480e-06) 
......................................................................................................
Completed E-Step (12 seconds). 
Completed M-Step (0 seconds). 
calculate log likelihood 
convergence.check is 3.287518e-06 
Completing Iteration 22 (approx. per word bound = -35.911, relative change = 3.288e-06) 
......................................................................................................
Completed E-Step (12 seconds). 
Completed M-Step (0 seconds). 
calculate log likelihood 
convergence.check is 3.126589e-06 
Completing Iteration 23 (approx. per word bound = -35.910, relative change = 3.127e-06) 
......................................................................................................
Completed E-Step (12 seconds). 
Completed M-Step (0 seconds). 
calculate log likelihood 
convergence.check is 2.985698e-06 
Completing Iteration 24 (approx. per word bound = -35.910, relative change = 2.986e-06) 
......................................................................................................
Completed E-Step (12 seconds). 
Completed M-Step (0 seconds). 
calculate log likelihood 
convergence.check is 2.802821e-06 
Completing Iteration 25 (approx. per word bound = -35.910, relative change = 2.803e-06) 
Topic 1: Gene1288, Gene226, Gene1133, Gene1371, Gene915 
 Topic 2: Gene1288, Gene332, Gene1133, Gene226, Gene177 
 Topic 3: Gene1288, Gene608, Gene200, Gene760, Gene1133 
 Topic 4: Gene1339, Gene915, Gene949, Gene537, Gene1133 
 Topic 5: Gene95, Gene1082, Gene199, Gene1133, Gene226 
......................................................................................................
Completed E-Step (12 seconds). 
Completed M-Step (0 seconds). 
calculate log likelihood 
convergence.check is 2.704454e-06 
Completing Iteration 26 (approx. per word bound = -35.910, relative change = 2.704e-06) 
......................................................................................................
Completed E-Step (12 seconds). 
Completed M-Step (0 seconds). 
calculate log likelihood 
convergence.check is 2.522965e-06 
Completing Iteration 27 (approx. per word bound = -35.910, relative change = 2.523e-06) 
......................................................................................................
Completed E-Step (14 seconds). 
Completed M-Step (0 seconds). 
calculate log likelihood 
convergence.check is 2.416176e-06 
Completing Iteration 28 (approx. per word bound = -35.910, relative change = 2.416e-06) 
......................................................................................................
Completed E-Step (11 seconds). 
Completed M-Step (0 seconds). 
calculate log likelihood 
convergence.check is 2.282591e-06 
Completing Iteration 29 (approx. per word bound = -35.910, relative change = 2.283e-06) 
......................................................................................................
Completed E-Step (11 seconds). 
Completed M-Step (0 seconds). 
calculate log likelihood 
convergence.check is 2.1635e-06 
Completing Iteration 30 (approx. per word bound = -35.910, relative change = 2.163e-06) 
Topic 1: Gene1288, Gene226, Gene1133, Gene1371, Gene915 
 Topic 2: Gene1288, Gene332, Gene1133, Gene226, Gene177 
 Topic 3: Gene1288, Gene608, Gene1133, Gene200, Gene760 
 Topic 4: Gene1339, Gene915, Gene949, Gene537, Gene1133 
 Topic 5: Gene95, Gene1082, Gene199, Gene1133, Gene226 
......................................................................................................
Completed E-Step (11 seconds). 
Completed M-Step (0 seconds). 
calculate log likelihood 
convergence.check is 2.061029e-06 
Completing Iteration 31 (approx. per word bound = -35.910, relative change = 2.061e-06) 
......................................................................................................
Completed E-Step (11 seconds). 
Completed M-Step (0 seconds). 
calculate log likelihood 
convergence.check is 1.933915e-06 
Completing Iteration 32 (approx. per word bound = -35.910, relative change = 1.934e-06) 
......................................................................................................
Completed E-Step (11 seconds). 
Completed M-Step (0 seconds). 
calculate log likelihood 
convergence.check is 1.88232e-06 
Completing Iteration 33 (approx. per word bound = -35.910, relative change = 1.882e-06) 
......................................................................................................
Completed E-Step (11 seconds). 
Completed M-Step (0 seconds). 
calculate log likelihood 
convergence.check is 1.737114e-06 
Completing Iteration 34 (approx. per word bound = -35.910, relative change = 1.737e-06) 
......................................................................................................
Completed E-Step (11 seconds). 
Completed M-Step (0 seconds). 
calculate log likelihood 
convergence.check is 1.626564e-06 
Completing Iteration 35 (approx. per word bound = -35.910, relative change = 1.627e-06) 
Topic 1: Gene1288, Gene226, Gene1133, Gene1371, Gene915 
 Topic 2: Gene1288, Gene332, Gene1133, Gene226, Gene177 
 Topic 3: Gene1288, Gene608, Gene1133, Gene760, Gene200 
 Topic 4: Gene1339, Gene915, Gene949, Gene537, Gene1133 
 Topic 5: Gene95, Gene1082, Gene199, Gene1133, Gene226 
......................................................................................................
Completed E-Step (11 seconds). 
Completed M-Step (0 seconds). 
calculate log likelihood 
convergence.check is 1.595695e-06 
Completing Iteration 36 (approx. per word bound = -35.909, relative change = 1.596e-06) 
......................................................................................................
Completed E-Step (11 seconds). 
Completed M-Step (0 seconds). 
calculate log likelihood 
convergence.check is 1.470798e-06 
Completing Iteration 37 (approx. per word bound = -35.909, relative change = 1.471e-06) 
......................................................................................................
Completed E-Step (11 seconds). 
Completed M-Step (0 seconds). 
calculate log likelihood 
convergence.check is 1.418994e-06 
Completing Iteration 38 (approx. per word bound = -35.909, relative change = 1.419e-06) 
......................................................................................................
Completed E-Step (10 seconds). 
Completed M-Step (0 seconds). 
calculate log likelihood 
convergence.check is 1.339004e-06 
Completing Iteration 39 (approx. per word bound = -35.909, relative change = 1.339e-06) 
......................................................................................................
Completed E-Step (10 seconds). 
Completed M-Step (0 seconds). 
calculate log likelihood 
convergence.check is 1.285183e-06 
Completing Iteration 40 (approx. per word bound = -35.909, relative change = 1.285e-06) 
Topic 1: Gene1288, Gene226, Gene1133, Gene1371, Gene915 
 Topic 2: Gene1288, Gene332, Gene1133, Gene226, Gene177 
 Topic 3: Gene1288, Gene608, Gene1133, Gene760, Gene200 
 Topic 4: Gene1339, Gene915, Gene949, Gene537, Gene1133 
 Topic 5: Gene95, Gene1082, Gene199, Gene1133, Gene226 
......................................................................................................
Completed E-Step (10 seconds). 
Completed M-Step (0 seconds). 
calculate log likelihood 
convergence.check is 1.181347e-06 
Completing Iteration 41 (approx. per word bound = -35.909, relative change = 1.181e-06) 
......................................................................................................
Completed E-Step (10 seconds). 
Completed M-Step (0 seconds). 
calculate log likelihood 
convergence.check is 1.114853e-06 
Completing Iteration 42 (approx. per word bound = -35.909, relative change = 1.115e-06) 
......................................................................................................
Completed E-Step (10 seconds). 
Completed M-Step (0 seconds). 
calculate log likelihood 
convergence.check is 1.120336e-06 
Completing Iteration 43 (approx. per word bound = -35.909, relative change = 1.120e-06) 
......................................................................................................
Completed E-Step (10 seconds). 
Completed M-Step (0 seconds). 
calculate log likelihood 
convergence.check is 1.001117e-06 
Completing Iteration 44 (approx. per word bound = -35.909, relative change = 1.001e-06) 
......................................................................................................
Completed E-Step (10 seconds). 
Completed M-Step (0 seconds). 
calculate log likelihood 
convergence.check is 9.845378e-07 
Model Converged 
2 select model run 
Initialization with topicScore. 
Initializing factors using Topic SCORE algorithm.
Initializing loadings by running 10 SCD updates.
......................................................................................................
Completed E-Step (10 seconds). 
Completed M-Step (0 seconds). 
calculate log likelihood 
Completing Iteration 1 (approx. per word bound = -35.916) 
......................................................................................................
Completed E-Step (16 seconds). 
Completed M-Step (0 seconds). 
calculate log likelihood 
convergence.check is 2.367041e-05 
Completing Iteration 2 (approx. per word bound = -35.915, relative change = 2.367e-05) 
......................................................................................................
Completed E-Step (16 seconds). 
Completed M-Step (0 seconds). 
calculate log likelihood 
convergence.check is 1.277847e-05 
Completing Iteration 3 (approx. per word bound = -35.915, relative change = 1.278e-05) 
......................................................................................................
Completed E-Step (15 seconds). 
Completed M-Step (0 seconds). 
calculate log likelihood 
convergence.check is 1.142321e-05 
Completing Iteration 4 (approx. per word bound = -35.914, relative change = 1.142e-05) 
......................................................................................................
Completed E-Step (15 seconds). 
Completed M-Step (0 seconds). 
calculate log likelihood 
convergence.check is 1.031561e-05 
Completing Iteration 5 (approx. per word bound = -35.914, relative change = 1.032e-05) 
Topic 1: Gene332, Gene1288, Gene1133, Gene177, Gene834 
 Topic 2: Gene226, Gene1133, Gene1288, Gene915, Gene1005 
 Topic 3: Gene1288, Gene608, Gene200, Gene760, Gene1133 
 Topic 4: Gene1339, Gene949, Gene915, Gene537, Gene1133 
 Topic 5: Gene95, Gene1082, Gene199, Gene1133, Gene226 
......................................................................................................
Completed E-Step (14 seconds). 
Completed M-Step (0 seconds). 
calculate log likelihood 
convergence.check is 9.501467e-06 
Completing Iteration 6 (approx. per word bound = -35.914, relative change = 9.501e-06) 
......................................................................................................
Completed E-Step (8 seconds). 
Completed M-Step (0 seconds). 
calculate log likelihood 
convergence.check is 8.771543e-06 
Completing Iteration 7 (approx. per word bound = -35.913, relative change = 8.772e-06) 
......................................................................................................
Completed E-Step (8 seconds). 
Completed M-Step (0 seconds). 
calculate log likelihood 
convergence.check is 8.11506e-06 
Completing Iteration 8 (approx. per word bound = -35.913, relative change = 8.115e-06) 
......................................................................................................
Completed E-Step (8 seconds). 
Completed M-Step (0 seconds). 
calculate log likelihood 
convergence.check is 7.551773e-06 
Completing Iteration 9 (approx. per word bound = -35.913, relative change = 7.552e-06) 
......................................................................................................
Completed E-Step (8 seconds). 
Completed M-Step (0 seconds). 
calculate log likelihood 
convergence.check is 7.013795e-06 
Completing Iteration 10 (approx. per word bound = -35.913, relative change = 7.014e-06) 
Topic 1: Gene332, Gene1288, Gene1133, Gene177, Gene226 
 Topic 2: Gene226, Gene1133, Gene1288, Gene915, Gene1005 
 Topic 3: Gene1288, Gene608, Gene200, Gene760, Gene1133 
 Topic 4: Gene1339, Gene949, Gene915, Gene537, Gene1133 
 Topic 5: Gene95, Gene1082, Gene199, Gene1133, Gene226 
......................................................................................................
Completed E-Step (8 seconds). 
Completed M-Step (0 seconds). 
calculate log likelihood 
convergence.check is 6.586191e-06 
Completing Iteration 11 (approx. per word bound = -35.912, relative change = 6.586e-06) 
......................................................................................................
Completed E-Step (8 seconds). 
Completed M-Step (0 seconds). 
calculate log likelihood 
convergence.check is 6.106346e-06 
Completing Iteration 12 (approx. per word bound = -35.912, relative change = 6.106e-06) 
......................................................................................................
Completed E-Step (8 seconds). 
Completed M-Step (0 seconds). 
calculate log likelihood 
convergence.check is 5.707641e-06 
Completing Iteration 13 (approx. per word bound = -35.912, relative change = 5.708e-06) 
......................................................................................................
Completed E-Step (8 seconds). 
Completed M-Step (0 seconds). 
calculate log likelihood 
convergence.check is 5.35899e-06 
Completing Iteration 14 (approx. per word bound = -35.912, relative change = 5.359e-06) 
......................................................................................................
Completed E-Step (11 seconds). 
Completed M-Step (0 seconds). 
calculate log likelihood 
convergence.check is 5.029356e-06 
Completing Iteration 15 (approx. per word bound = -35.912, relative change = 5.029e-06) 
Topic 1: Gene332, Gene1288, Gene1133, Gene226, Gene177 
 Topic 2: Gene226, Gene1133, Gene1288, Gene915, Gene1371 
 Topic 3: Gene1288, Gene608, Gene200, Gene760, Gene1133 
 Topic 4: Gene1339, Gene949, Gene915, Gene537, Gene1133 
 Topic 5: Gene95, Gene1082, Gene199, Gene1133, Gene226 
......................................................................................................
Completed E-Step (12 seconds). 
Completed M-Step (0 seconds). 
calculate log likelihood 
convergence.check is 4.700755e-06 
Completing Iteration 16 (approx. per word bound = -35.911, relative change = 4.701e-06) 
......................................................................................................
Completed E-Step (12 seconds). 
Completed M-Step (0 seconds). 
calculate log likelihood 
convergence.check is 4.432669e-06 
Completing Iteration 17 (approx. per word bound = -35.911, relative change = 4.433e-06) 
......................................................................................................
Completed E-Step (12 seconds). 
Completed M-Step (0 seconds). 
calculate log likelihood 
convergence.check is 4.159554e-06 
Completing Iteration 18 (approx. per word bound = -35.911, relative change = 4.160e-06) 
......................................................................................................
Completed E-Step (12 seconds). 
Completed M-Step (0 seconds). 
calculate log likelihood 
convergence.check is 3.833564e-06 
Completing Iteration 19 (approx. per word bound = -35.911, relative change = 3.834e-06) 
......................................................................................................
Completed E-Step (12 seconds). 
Completed M-Step (0 seconds). 
calculate log likelihood 
convergence.check is 3.664568e-06 
Completing Iteration 20 (approx. per word bound = -35.911, relative change = 3.665e-06) 
Topic 1: Gene332, Gene1288, Gene1133, Gene226, Gene177 
 Topic 2: Gene226, Gene1288, Gene1133, Gene915, Gene1371 
 Topic 3: Gene1288, Gene608, Gene200, Gene760, Gene1133 
 Topic 4: Gene1339, Gene949, Gene915, Gene537, Gene1133 
 Topic 5: Gene95, Gene1082, Gene199, Gene1133, Gene226 
......................................................................................................
Completed E-Step (11 seconds). 
Completed M-Step (0 seconds). 
calculate log likelihood 
convergence.check is 3.390233e-06 
Completing Iteration 21 (approx. per word bound = -35.911, relative change = 3.390e-06) 
......................................................................................................
Completed E-Step (14 seconds). 
Completed M-Step (0 seconds). 
calculate log likelihood 
convergence.check is 3.240183e-06 
Completing Iteration 22 (approx. per word bound = -35.911, relative change = 3.240e-06) 
......................................................................................................
Completed E-Step (11 seconds). 
Completed M-Step (0 seconds). 
calculate log likelihood 
convergence.check is 3.03909e-06 
Completing Iteration 23 (approx. per word bound = -35.910, relative change = 3.039e-06) 
......................................................................................................
Completed E-Step (11 seconds). 
Completed M-Step (0 seconds). 
calculate log likelihood 
convergence.check is 2.850618e-06 
Completing Iteration 24 (approx. per word bound = -35.910, relative change = 2.851e-06) 
......................................................................................................
Completed E-Step (11 seconds). 
Completed M-Step (0 seconds). 
calculate log likelihood 
convergence.check is 2.660004e-06 
Completing Iteration 25 (approx. per word bound = -35.910, relative change = 2.660e-06) 
Topic 1: Gene332, Gene1288, Gene1133, Gene226, Gene177 
 Topic 2: Gene226, Gene1288, Gene1133, Gene915, Gene1371 
 Topic 3: Gene1288, Gene608, Gene200, Gene760, Gene1133 
 Topic 4: Gene1339, Gene949, Gene915, Gene537, Gene1133 
 Topic 5: Gene95, Gene1082, Gene199, Gene1133, Gene226 
......................................................................................................
Completed E-Step (11 seconds). 
Completed M-Step (0 seconds). 
calculate log likelihood 
convergence.check is 2.50705e-06 
Completing Iteration 26 (approx. per word bound = -35.910, relative change = 2.507e-06) 
......................................................................................................
Completed E-Step (10 seconds). 
Completed M-Step (0 seconds). 
calculate log likelihood 
convergence.check is 2.35261e-06 
Completing Iteration 27 (approx. per word bound = -35.910, relative change = 2.353e-06) 
......................................................................................................
Completed E-Step (10 seconds). 
Completed M-Step (0 seconds). 
calculate log likelihood 
convergence.check is 2.228301e-06 
Completing Iteration 28 (approx. per word bound = -35.910, relative change = 2.228e-06) 
......................................................................................................
Completed E-Step (10 seconds). 
Completed M-Step (0 seconds). 
calculate log likelihood 
convergence.check is 2.092601e-06 
Completing Iteration 29 (approx. per word bound = -35.910, relative change = 2.093e-06) 
......................................................................................................
Completed E-Step (10 seconds). 
Completed M-Step (0 seconds). 
calculate log likelihood 
convergence.check is 1.981875e-06 
Completing Iteration 30 (approx. per word bound = -35.910, relative change = 1.982e-06) 
Topic 1: Gene1288, Gene332, Gene1133, Gene226, Gene177 
 Topic 2: Gene226, Gene1288, Gene1133, Gene915, Gene1371 
 Topic 3: Gene1288, Gene608, Gene200, Gene760, Gene1133 
 Topic 4: Gene1339, Gene949, Gene915, Gene537, Gene1133 
 Topic 5: Gene95, Gene1082, Gene199, Gene1133, Gene915 
......................................................................................................
Completed E-Step (10 seconds). 
Completed M-Step (0 seconds). 
calculate log likelihood 
convergence.check is 1.856637e-06 
Completing Iteration 31 (approx. per word bound = -35.910, relative change = 1.857e-06) 
......................................................................................................
Completed E-Step (10 seconds). 
Completed M-Step (0 seconds). 
calculate log likelihood 
convergence.check is 1.740892e-06 
Completing Iteration 32 (approx. per word bound = -35.910, relative change = 1.741e-06) 
......................................................................................................
Completed E-Step (10 seconds). 
Completed M-Step (0 seconds). 
calculate log likelihood 
convergence.check is 1.65355e-06 
Completing Iteration 33 (approx. per word bound = -35.910, relative change = 1.654e-06) 
......................................................................................................
Completed E-Step (10 seconds). 
Completed M-Step (0 seconds). 
calculate log likelihood 
convergence.check is 1.560606e-06 
Completing Iteration 34 (approx. per word bound = -35.910, relative change = 1.561e-06) 
......................................................................................................
Completed E-Step (10 seconds). 
Completed M-Step (0 seconds). 
calculate log likelihood 
convergence.check is 1.441997e-06 
Completing Iteration 35 (approx. per word bound = -35.910, relative change = 1.442e-06) 
Topic 1: Gene1288, Gene332, Gene1133, Gene226, Gene177 
 Topic 2: Gene226, Gene1288, Gene1133, Gene915, Gene1371 
 Topic 3: Gene1288, Gene608, Gene200, Gene760, Gene1133 
 Topic 4: Gene1339, Gene915, Gene949, Gene537, Gene1133 
 Topic 5: Gene95, Gene1082, Gene199, Gene1133, Gene915 
......................................................................................................
Completed E-Step (10 seconds). 
Completed M-Step (0 seconds). 
calculate log likelihood 
convergence.check is 1.409943e-06 
Completing Iteration 36 (approx. per word bound = -35.910, relative change = 1.410e-06) 
......................................................................................................
Completed E-Step (9 seconds). 
Completed M-Step (0 seconds). 
calculate log likelihood 
convergence.check is 1.338796e-06 
Completing Iteration 37 (approx. per word bound = -35.909, relative change = 1.339e-06) 
......................................................................................................
Completed E-Step (9 seconds). 
Completed M-Step (0 seconds). 
calculate log likelihood 
convergence.check is 1.253005e-06 
Completing Iteration 38 (approx. per word bound = -35.909, relative change = 1.253e-06) 
......................................................................................................
Completed E-Step (9 seconds). 
Completed M-Step (0 seconds). 
calculate log likelihood 
convergence.check is 1.17412e-06 
Completing Iteration 39 (approx. per word bound = -35.909, relative change = 1.174e-06) 
......................................................................................................
Completed E-Step (9 seconds). 
Completed M-Step (0 seconds). 
calculate log likelihood 
convergence.check is 1.135377e-06 
Completing Iteration 40 (approx. per word bound = -35.909, relative change = 1.135e-06) 
Topic 1: Gene1288, Gene332, Gene1133, Gene226, Gene177 
 Topic 2: Gene226, Gene1288, Gene1133, Gene915, Gene1371 
 Topic 3: Gene1288, Gene608, Gene200, Gene760, Gene1133 
 Topic 4: Gene1339, Gene915, Gene949, Gene537, Gene1133 
 Topic 5: Gene95, Gene1082, Gene199, Gene915, Gene1133 
......................................................................................................
Completed E-Step (9 seconds). 
Completed M-Step (0 seconds). 
calculate log likelihood 
convergence.check is 1.098925e-06 
Completing Iteration 41 (approx. per word bound = -35.909, relative change = 1.099e-06) 
......................................................................................................
Completed E-Step (9 seconds). 
Completed M-Step (0 seconds). 
calculate log likelihood 
convergence.check is 1.027275e-06 
Completing Iteration 42 (approx. per word bound = -35.909, relative change = 1.027e-06) 
......................................................................................................
Completed E-Step (9 seconds). 
Completed M-Step (0 seconds). 
calculate log likelihood 
convergence.check is 9.894666e-07 
Model Converged 
3 select model run 
Initialization with topicScore. 
Initializing factors using Topic SCORE algorithm.
Initializing loadings by running 10 SCD updates.
......................................................................................................
Completed E-Step (10 seconds). 
Completed M-Step (0 seconds). 
calculate log likelihood 
Completing Iteration 1 (approx. per word bound = -35.916) 
......................................................................................................
Completed E-Step (16 seconds). 
Completed M-Step (0 seconds). 
calculate log likelihood 
convergence.check is 2.468341e-05 
Completing Iteration 2 (approx. per word bound = -35.915, relative change = 2.468e-05) 
......................................................................................................
Completed E-Step (16 seconds). 
Completed M-Step (0 seconds). 
calculate log likelihood 
convergence.check is 1.281162e-05 
Completing Iteration 3 (approx. per word bound = -35.915, relative change = 1.281e-05) 
......................................................................................................
Completed E-Step (16 seconds). 
Completed M-Step (0 seconds). 
calculate log likelihood 
convergence.check is 1.139139e-05 
Completing Iteration 4 (approx. per word bound = -35.914, relative change = 1.139e-05) 
......................................................................................................
Completed E-Step (15 seconds). 
Completed M-Step (0 seconds). 
calculate log likelihood 
convergence.check is 1.037544e-05 
Completing Iteration 5 (approx. per word bound = -35.914, relative change = 1.038e-05) 
Topic 1: Gene332, Gene1288, Gene1133, Gene177, Gene834 
 Topic 2: Gene226, Gene1133, Gene1288, Gene915, Gene1005 
 Topic 3: Gene1288, Gene608, Gene200, Gene760, Gene1133 
 Topic 4: Gene1339, Gene949, Gene915, Gene537, Gene1133 
 Topic 5: Gene95, Gene1082, Gene199, Gene1133, Gene226 
......................................................................................................
Completed E-Step (15 seconds). 
Completed M-Step (0 seconds). 
calculate log likelihood 
convergence.check is 9.453913e-06 
Completing Iteration 6 (approx. per word bound = -35.914, relative change = 9.454e-06) 
......................................................................................................
Completed E-Step (15 seconds). 
Completed M-Step (0 seconds). 
calculate log likelihood 
convergence.check is 8.77307e-06 
Completing Iteration 7 (approx. per word bound = -35.913, relative change = 8.773e-06) 
......................................................................................................
Completed E-Step (15 seconds). 
Completed M-Step (0 seconds). 
calculate log likelihood 
convergence.check is 8.057376e-06 
Completing Iteration 8 (approx. per word bound = -35.913, relative change = 8.057e-06) 
......................................................................................................
Completed E-Step (15 seconds). 
Completed M-Step (0 seconds). 
calculate log likelihood 
convergence.check is 7.504716e-06 
Completing Iteration 9 (approx. per word bound = -35.913, relative change = 7.505e-06) 
......................................................................................................
Completed E-Step (14 seconds). 
Completed M-Step (0 seconds). 
calculate log likelihood 
convergence.check is 7.0634e-06 
Completing Iteration 10 (approx. per word bound = -35.913, relative change = 7.063e-06) 
Topic 1: Gene332, Gene1288, Gene1133, Gene177, Gene226 
 Topic 2: Gene226, Gene1133, Gene1288, Gene915, Gene1371 
 Topic 3: Gene1288, Gene608, Gene200, Gene760, Gene1133 
 Topic 4: Gene1339, Gene949, Gene915, Gene537, Gene1133 
 Topic 5: Gene95, Gene1082, Gene199, Gene1133, Gene226 
......................................................................................................
Completed E-Step (14 seconds). 
Completed M-Step (0 seconds). 
calculate log likelihood 
convergence.check is 6.500397e-06 
Completing Iteration 11 (approx. per word bound = -35.912, relative change = 6.500e-06) 
......................................................................................................
Completed E-Step (14 seconds). 
Completed M-Step (0 seconds). 
calculate log likelihood 
convergence.check is 6.165299e-06 
Completing Iteration 12 (approx. per word bound = -35.912, relative change = 6.165e-06) 
......................................................................................................
Completed E-Step (13 seconds). 
Completed M-Step (0 seconds). 
calculate log likelihood 
convergence.check is 5.747813e-06 
Completing Iteration 13 (approx. per word bound = -35.912, relative change = 5.748e-06) 
......................................................................................................
Completed E-Step (13 seconds). 
Completed M-Step (0 seconds). 
calculate log likelihood 
convergence.check is 5.374846e-06 
Completing Iteration 14 (approx. per word bound = -35.912, relative change = 5.375e-06) 
......................................................................................................
Completed E-Step (13 seconds). 
Completed M-Step (0 seconds). 
calculate log likelihood 
convergence.check is 5.044365e-06 
Completing Iteration 15 (approx. per word bound = -35.912, relative change = 5.044e-06) 
Topic 1: Gene332, Gene1288, Gene1133, Gene226, Gene177 
 Topic 2: Gene226, Gene1288, Gene1133, Gene915, Gene1371 
 Topic 3: Gene1288, Gene608, Gene200, Gene760, Gene1133 
 Topic 4: Gene1339, Gene949, Gene915, Gene537, Gene1133 
 Topic 5: Gene95, Gene1082, Gene199, Gene1133, Gene226 
......................................................................................................
Completed E-Step (13 seconds). 
Completed M-Step (0 seconds). 
calculate log likelihood 
convergence.check is 4.742677e-06 
Completing Iteration 16 (approx. per word bound = -35.911, relative change = 4.743e-06) 
......................................................................................................
Completed E-Step (13 seconds). 
Completed M-Step (0 seconds). 
calculate log likelihood 
convergence.check is 4.497492e-06 
Completing Iteration 17 (approx. per word bound = -35.911, relative change = 4.497e-06) 
......................................................................................................
Completed E-Step (13 seconds). 
Completed M-Step (0 seconds). 
calculate log likelihood 
convergence.check is 4.202011e-06 
Completing Iteration 18 (approx. per word bound = -35.911, relative change = 4.202e-06) 
......................................................................................................
Completed E-Step (13 seconds). 
Completed M-Step (0 seconds). 
calculate log likelihood 
convergence.check is 3.999526e-06 
Completing Iteration 19 (approx. per word bound = -35.911, relative change = 4.000e-06) 
......................................................................................................
Completed E-Step (12 seconds). 
Completed M-Step (0 seconds). 
calculate log likelihood 
convergence.check is 3.753844e-06 
Completing Iteration 20 (approx. per word bound = -35.911, relative change = 3.754e-06) 
Topic 1: Gene332, Gene1288, Gene1133, Gene226, Gene177 
 Topic 2: Gene226, Gene1288, Gene1133, Gene915, Gene1371 
 Topic 3: Gene1288, Gene608, Gene200, Gene760, Gene1133 
 Topic 4: Gene1339, Gene949, Gene915, Gene537, Gene1133 
 Topic 5: Gene95, Gene1082, Gene199, Gene1133, Gene915 
......................................................................................................
Completed E-Step (12 seconds). 
Completed M-Step (0 seconds). 
calculate log likelihood 
convergence.check is 3.587099e-06 
Completing Iteration 21 (approx. per word bound = -35.911, relative change = 3.587e-06) 
......................................................................................................
Completed E-Step (12 seconds). 
Completed M-Step (0 seconds). 
calculate log likelihood 
convergence.check is 3.373559e-06 
Completing Iteration 22 (approx. per word bound = -35.911, relative change = 3.374e-06) 
......................................................................................................
Completed E-Step (12 seconds). 
Completed M-Step (0 seconds). 
calculate log likelihood 
convergence.check is 3.196883e-06 
Completing Iteration 23 (approx. per word bound = -35.910, relative change = 3.197e-06) 
......................................................................................................
Completed E-Step (12 seconds). 
Completed M-Step (0 seconds). 
calculate log likelihood 
convergence.check is 3.020133e-06 
Completing Iteration 24 (approx. per word bound = -35.910, relative change = 3.020e-06) 
......................................................................................................
Completed E-Step (12 seconds). 
Completed M-Step (0 seconds). 
calculate log likelihood 
convergence.check is 2.851072e-06 
Completing Iteration 25 (approx. per word bound = -35.910, relative change = 2.851e-06) 
Topic 1: Gene332, Gene1288, Gene1133, Gene226, Gene177 
 Topic 2: Gene226, Gene1288, Gene1133, Gene915, Gene1371 
 Topic 3: Gene1288, Gene608, Gene200, Gene760, Gene1133 
 Topic 4: Gene1339, Gene949, Gene915, Gene537, Gene1133 
 Topic 5: Gene95, Gene1082, Gene199, Gene1133, Gene915 
......................................................................................................
Completed E-Step (12 seconds). 
Completed M-Step (0 seconds). 
calculate log likelihood 
convergence.check is 2.709405e-06 
Completing Iteration 26 (approx. per word bound = -35.910, relative change = 2.709e-06) 
......................................................................................................
Completed E-Step (14 seconds). 
Completed M-Step (0 seconds). 
calculate log likelihood 
convergence.check is 2.577561e-06 
Completing Iteration 27 (approx. per word bound = -35.910, relative change = 2.578e-06) 
......................................................................................................
Completed E-Step (11 seconds). 
Completed M-Step (0 seconds). 
calculate log likelihood 
convergence.check is 2.440819e-06 
Completing Iteration 28 (approx. per word bound = -35.910, relative change = 2.441e-06) 
......................................................................................................
Completed E-Step (11 seconds). 
Completed M-Step (0 seconds). 
calculate log likelihood 
convergence.check is 2.309551e-06 
Completing Iteration 29 (approx. per word bound = -35.910, relative change = 2.310e-06) 
......................................................................................................
Completed E-Step (11 seconds). 
Completed M-Step (0 seconds). 
calculate log likelihood 
convergence.check is 2.211614e-06 
Completing Iteration 30 (approx. per word bound = -35.910, relative change = 2.212e-06) 
Topic 1: Gene332, Gene1288, Gene1133, Gene226, Gene177 
 Topic 2: Gene226, Gene1288, Gene1133, Gene915, Gene1371 
 Topic 3: Gene1288, Gene608, Gene200, Gene1133, Gene760 
 Topic 4: Gene1339, Gene949, Gene915, Gene537, Gene1133 
 Topic 5: Gene95, Gene1082, Gene199, Gene915, Gene1133 
......................................................................................................
Completed E-Step (6 seconds). 
Completed M-Step (0 seconds). 
calculate log likelihood 
convergence.check is 2.090451e-06 
Completing Iteration 31 (approx. per word bound = -35.910, relative change = 2.090e-06) 
......................................................................................................
Completed E-Step (6 seconds). 
Completed M-Step (0 seconds). 
calculate log likelihood 
convergence.check is 1.979466e-06 
Completing Iteration 32 (approx. per word bound = -35.910, relative change = 1.979e-06) 
......................................................................................................
Completed E-Step (6 seconds). 
Completed M-Step (0 seconds). 
calculate log likelihood 
convergence.check is 1.894282e-06 
Completing Iteration 33 (approx. per word bound = -35.910, relative change = 1.894e-06) 
......................................................................................................
Completed E-Step (6 seconds). 
Completed M-Step (0 seconds). 
calculate log likelihood 
convergence.check is 1.748424e-06 
Completing Iteration 34 (approx. per word bound = -35.910, relative change = 1.748e-06) 
......................................................................................................
Completed E-Step (6 seconds). 
Completed M-Step (0 seconds). 
calculate log likelihood 
convergence.check is 1.736067e-06 
Completing Iteration 35 (approx. per word bound = -35.909, relative change = 1.736e-06) 
Topic 1: Gene1288, Gene332, Gene1133, Gene226, Gene177 
 Topic 2: Gene226, Gene1288, Gene1133, Gene915, Gene1371 
 Topic 3: Gene1288, Gene608, Gene1133, Gene200, Gene760 
 Topic 4: Gene1339, Gene915, Gene949, Gene537, Gene1133 
 Topic 5: Gene95, Gene1082, Gene199, Gene915, Gene1133 
......................................................................................................
Completed E-Step (6 seconds). 
Completed M-Step (0 seconds). 
calculate log likelihood 
convergence.check is 1.635575e-06 
Completing Iteration 36 (approx. per word bound = -35.909, relative change = 1.636e-06) 
......................................................................................................
Completed E-Step (6 seconds). 
Completed M-Step (0 seconds). 
calculate log likelihood 
convergence.check is 1.543329e-06 
Completing Iteration 37 (approx. per word bound = -35.909, relative change = 1.543e-06) 
......................................................................................................
Completed E-Step (6 seconds). 
Completed M-Step (0 seconds). 
calculate log likelihood 
convergence.check is 1.451625e-06 
Completing Iteration 38 (approx. per word bound = -35.909, relative change = 1.452e-06) 
......................................................................................................
Completed E-Step (6 seconds). 
Completed M-Step (0 seconds). 
calculate log likelihood 
convergence.check is 1.392328e-06 
Completing Iteration 39 (approx. per word bound = -35.909, relative change = 1.392e-06) 
......................................................................................................
Completed E-Step (5 seconds). 
Completed M-Step (0 seconds). 
calculate log likelihood 
convergence.check is 1.323395e-06 
Completing Iteration 40 (approx. per word bound = -35.909, relative change = 1.323e-06) 
Topic 1: Gene1288, Gene332, Gene1133, Gene226, Gene915 
 Topic 2: Gene1288, Gene226, Gene1133, Gene1371, Gene915 
 Topic 3: Gene1288, Gene608, Gene1133, Gene760, Gene200 
 Topic 4: Gene1339, Gene915, Gene949, Gene537, Gene1133 
 Topic 5: Gene95, Gene1082, Gene199, Gene915, Gene1133 
......................................................................................................
Completed E-Step (5 seconds). 
Completed M-Step (0 seconds). 
calculate log likelihood 
convergence.check is 1.252974e-06 
Completing Iteration 41 (approx. per word bound = -35.909, relative change = 1.253e-06) 
......................................................................................................
Completed E-Step (5 seconds). 
Completed M-Step (0 seconds). 
calculate log likelihood 
convergence.check is 1.17746e-06 
Completing Iteration 42 (approx. per word bound = -35.909, relative change = 1.177e-06) 
......................................................................................................
Completed E-Step (5 seconds). 
Completed M-Step (0 seconds). 
calculate log likelihood 
convergence.check is 1.139932e-06 
Completing Iteration 43 (approx. per word bound = -35.909, relative change = 1.140e-06) 
......................................................................................................
Completed E-Step (5 seconds). 
Completed M-Step (0 seconds). 
calculate log likelihood 
convergence.check is 1.069633e-06 
Completing Iteration 44 (approx. per word bound = -35.909, relative change = 1.070e-06) 
......................................................................................................
Completed E-Step (5 seconds). 
Completed M-Step (0 seconds). 
calculate log likelihood 
convergence.check is 1.005291e-06 
Completing Iteration 45 (approx. per word bound = -35.909, relative change = 1.005e-06) 
Topic 1: Gene1288, Gene332, Gene1133, Gene226, Gene915 
 Topic 2: Gene1288, Gene226, Gene1133, Gene1371, Gene915 
 Topic 3: Gene1288, Gene608, Gene1133, Gene760, Gene200 
 Topic 4: Gene1339, Gene915, Gene949, Gene537, Gene1133 
 Topic 5: Gene95, Gene1082, Gene199, Gene915, Gene1133 
......................................................................................................
Completed E-Step (5 seconds). 
Completed M-Step (0 seconds). 
calculate log likelihood 
convergence.check is 9.600807e-07 
Model Converged 
