sims_1715924502_pos_L4_c9.rds 
Found 6 batches
Using null model in ComBat-seq.
Adjusting for 0 covariate(s) or covariate level(s)
Estimating dispersions
Fitting the GLM model
Shrinkage off - using GLM estimates for parameters
Adjusting the data
Batch Effect Removed 
        R/alignCorpus.R R/asSTMCorpus.R R/checkBeta.R R/cloud.R
value   ?               ?               ?             ?        
visible FALSE           FALSE           FALSE         FALSE    
        R/CompositionChange.R R/convertCorpus.R R/estimateEffect.R
value   ?                     ?                 ?                 
visible FALSE                 FALSE             FALSE             
        R/estimateMixedEffect.R R/exclusivity.R R/findThoughts.R R/findTopic.R
value   ?                       ?               ?                ?            
visible FALSE                   FALSE           FALSE            FALSE        
        R/fitNewDocuments.R R/heldout.R R/jeffreyskappa.R R/labelTopics.R
value   ?                   ?           ?                 ?              
visible FALSE               FALSE       FALSE             FALSE          
        R/makeDesignMatrix.R R/manyTopics.R R/multiSTM.R R/optimalK.R
value   ?                    ?              ?            ?           
visible FALSE                FALSE          FALSE        FALSE       
        R/permute.R R/plot.estimateEffect.R R/plot.fixedEffect.R
value   ?           ?                       ?                   
visible FALSE       FALSE                   FALSE               
        R/plot.searchK.R R/plot.STM.R R/plotModels.R R/plotQuote.R
value   ?                ?            ?              ?            
visible FALSE            FALSE        FALSE          FALSE        
        R/plotRemoved.R R/plottingutilfns.R R/plotTopicLoess.R
value   ?               ?                   ?                 
visible FALSE           FALSE               FALSE             
        R/prepDocuments.R R/prepsce.R R/produce_cmatrix.R R/RcppExports.R
value   ?                 ?           ?                   ?              
visible FALSE             FALSE       FALSE               FALSE          
        R/readCorpus.R R/residuals.R R/s.R R/sageLabels.R R/scSTM.R
value   ?              ?             ?     ?              ?        
visible FALSE          FALSE         FALSE FALSE          FALSE    
        R/selectModel.R R/semanticCoherence.R R/simBetas.R R/spectral.R
value   ?               ?                     ?            ?           
visible FALSE           FALSE                 FALSE        FALSE       
        R/stm-package.R R/stm.control.R R/STMbound.R R/STMconvergence.R
value   NULL            ?               ?            ?                 
visible TRUE            FALSE           FALSE        FALSE             
        R/STMestep.R R/STMfunctions.R R/STMinit.R R/STMinitLikelihood.R
value   ?            ?                ?           ?                    
visible FALSE        FALSE            FALSE       FALSE                
        R/STMlncpp.R R/STMmnreg.R R/STMmu.R R/STMoptbeta.R R/STMreport.R
value   ?            ?            ?         ?              ?            
visible FALSE        FALSE        FALSE     FALSE          FALSE        
        R/STMsigma.R R/STMsigs.R R/STMsubset.R R/summary.STM.R R/tau.R
value   ?            ?           ?             ?               ?      
visible FALSE        FALSE       FALSE         FALSE           FALSE  
        R/textProcessor.R R/thetaPosterior.R R/toLDAvis.R R/topicCorr.R
value   ?                 ?                  ?            ?            
visible FALSE             FALSE              FALSE        FALSE        
        R/topicLasso.R R/topicQuality.R R/writeLdac.R R/zzz.R
value   ?              ?                ?             ?      
visible FALSE          FALSE            FALSE         FALSE  
Removing 1 of 721 genes (1 of 1838475 tokens) due to frequency 
Your Dataset now has 3582 cells, 720 genes and 1838474 tokens. 
Casting net 
1 models in net 
Initialization with topicScore. 
Initializing factors using Topic SCORE algorithm.
Initializing loadings by running 10 SCD updates.
......................................................................................................
Completed E-Step (28 seconds). 
Completed M-Step (0 seconds). 
calculate log likelihood 
Completing Iteration 1 (approx. per word bound = -39.716) 
......................................................................................................
Completed E-Step (22 seconds). 
Completed M-Step (0 seconds). 
calculate log likelihood 
convergence.check is 0.0003013286 
Completing Iteration 2 (approx. per word bound = -39.704, relative change = 3.013e-04) 
......................................................................................................
Completed E-Step (21 seconds). 
Completed M-Step (0 seconds). 
calculate log likelihood 
convergence.check is 0.000150074 
Model Terminated Before Convergence Reached 
2 models in net 
Initialization with topicScore. 
Initializing factors using Topic SCORE algorithm.
Initializing loadings by running 10 SCD updates.
......................................................................................................
Completed E-Step (31 seconds). 
Completed M-Step (0 seconds). 
calculate log likelihood 
Completing Iteration 1 (approx. per word bound = -39.739) 
......................................................................................................
Completed E-Step (23 seconds). 
Completed M-Step (0 seconds). 
calculate log likelihood 
convergence.check is 0.0003341964 
Completing Iteration 2 (approx. per word bound = -39.726, relative change = 3.342e-04) 
......................................................................................................
Completed E-Step (23 seconds). 
Completed M-Step (0 seconds). 
calculate log likelihood 
convergence.check is 0.0001858423 
Model Terminated Before Convergence Reached 
3 models in net 
Initialization with topicScore. 
Initializing factors using Topic SCORE algorithm.
Initializing loadings by running 10 SCD updates.
......................................................................................................
Completed E-Step (25 seconds). 
Completed M-Step (0 seconds). 
calculate log likelihood 
Completing Iteration 1 (approx. per word bound = -39.715) 
......................................................................................................
Completed E-Step (22 seconds). 
Completed M-Step (0 seconds). 
calculate log likelihood 
convergence.check is 0.0001727658 
Completing Iteration 2 (approx. per word bound = -39.708, relative change = 1.728e-04) 
......................................................................................................
Completed E-Step (22 seconds). 
Completed M-Step (0 seconds). 
calculate log likelihood 
convergence.check is 0.0001054084 
Model Terminated Before Convergence Reached 
4 models in net 
Initialization with topicScore. 
Initializing factors using Topic SCORE algorithm.
Initializing loadings by running 10 SCD updates.
......................................................................................................
Completed E-Step (31 seconds). 
Completed M-Step (0 seconds). 
calculate log likelihood 
Completing Iteration 1 (approx. per word bound = -39.777) 
......................................................................................................
Completed E-Step (25 seconds). 
Completed M-Step (0 seconds). 
calculate log likelihood 
convergence.check is 0.0004450541 
Completing Iteration 2 (approx. per word bound = -39.760, relative change = 4.451e-04) 
......................................................................................................
Completed E-Step (22 seconds). 
Completed M-Step (0 seconds). 
calculate log likelihood 
convergence.check is 0.0002300606 
Model Terminated Before Convergence Reached 
5 models in net 
Initialization with topicScore. 
Initializing factors using Topic SCORE algorithm.
Initializing loadings by running 10 SCD updates.
......................................................................................................
Completed E-Step (26 seconds). 
Completed M-Step (0 seconds). 
calculate log likelihood 
Completing Iteration 1 (approx. per word bound = -39.743) 
......................................................................................................
Completed E-Step (24 seconds). 
Completed M-Step (0 seconds). 
calculate log likelihood 
convergence.check is 0.0003934217 
Completing Iteration 2 (approx. per word bound = -39.727, relative change = 3.934e-04) 
......................................................................................................
Completed E-Step (23 seconds). 
Completed M-Step (0 seconds). 
calculate log likelihood 
convergence.check is 0.0001998291 
Model Terminated Before Convergence Reached 
6 models in net 
Initialization with topicScore. 
Initializing factors using Topic SCORE algorithm.
Initializing loadings by running 10 SCD updates.
......................................................................................................
Completed E-Step (30 seconds). 
Completed M-Step (0 seconds). 
calculate log likelihood 
Completing Iteration 1 (approx. per word bound = -39.732) 
......................................................................................................
Completed E-Step (23 seconds). 
Completed M-Step (0 seconds). 
calculate log likelihood 
convergence.check is 0.0002929354 
Completing Iteration 2 (approx. per word bound = -39.721, relative change = 2.929e-04) 
......................................................................................................
Completed E-Step (22 seconds). 
Completed M-Step (0 seconds). 
calculate log likelihood 
convergence.check is 0.0001882409 
Model Terminated Before Convergence Reached 
7 models in net 
Initialization with topicScore. 
Initializing factors using Topic SCORE algorithm.
Initializing loadings by running 10 SCD updates.
......................................................................................................
Completed E-Step (28 seconds). 
Completed M-Step (0 seconds). 
calculate log likelihood 
Completing Iteration 1 (approx. per word bound = -39.761) 
......................................................................................................
Completed E-Step (24 seconds). 
Completed M-Step (0 seconds). 
calculate log likelihood 
convergence.check is 0.0003253216 
Completing Iteration 2 (approx. per word bound = -39.748, relative change = 3.253e-04) 
......................................................................................................
Completed E-Step (23 seconds). 
Completed M-Step (0 seconds). 
calculate log likelihood 
convergence.check is 0.0002157906 
Model Terminated Before Convergence Reached 
8 models in net 
Initialization with topicScore. 
Initializing factors using Topic SCORE algorithm.
Initializing loadings by running 10 SCD updates.
......................................................................................................
Completed E-Step (30 seconds). 
Completed M-Step (0 seconds). 
calculate log likelihood 
Completing Iteration 1 (approx. per word bound = -39.846) 
......................................................................................................
Completed E-Step (15 seconds). 
Completed M-Step (0 seconds). 
calculate log likelihood 
convergence.check is 0.001705243 
Completing Iteration 2 (approx. per word bound = -39.778, relative change = 1.705e-03) 
......................................................................................................
Completed E-Step (13 seconds). 
Completed M-Step (0 seconds). 
calculate log likelihood 
convergence.check is 0.0003272399 
Model Terminated Before Convergence Reached 
9 models in net 
Initialization with topicScore. 
Initializing factors using Topic SCORE algorithm.
Initializing loadings by running 10 SCD updates.
......................................................................................................
Completed E-Step (28 seconds). 
Completed M-Step (0 seconds). 
calculate log likelihood 
Completing Iteration 1 (approx. per word bound = -39.722) 
......................................................................................................
Completed E-Step (25 seconds). 
Completed M-Step (0 seconds). 
calculate log likelihood 
convergence.check is 0.0002818232 
Completing Iteration 2 (approx. per word bound = -39.711, relative change = 2.818e-04) 
......................................................................................................
Completed E-Step (23 seconds). 
Completed M-Step (0 seconds). 
calculate log likelihood 
convergence.check is 0.0001478881 
Model Terminated Before Convergence Reached 
10 models in net 
Initialization with topicScore. 
Initializing factors using Topic SCORE algorithm.
Initializing loadings by running 10 SCD updates.
......................................................................................................
Completed E-Step (26 seconds). 
Completed M-Step (0 seconds). 
calculate log likelihood 
Completing Iteration 1 (approx. per word bound = -39.708) 
......................................................................................................
Completed E-Step (25 seconds). 
Completed M-Step (0 seconds). 
calculate log likelihood 
convergence.check is 0.0002241144 
Completing Iteration 2 (approx. per word bound = -39.699, relative change = 2.241e-04) 
......................................................................................................
Completed E-Step (24 seconds). 
Completed M-Step (0 seconds). 
calculate log likelihood 
convergence.check is 0.0001207004 
Model Terminated Before Convergence Reached 
11 models in net 
Beginning Spectral Initialization 
	 Calculating the gram matrix...
	 Finding anchor words...
 	.........
	 Recovering initialization...
 	.......
Initialization complete.
......................................................................................................
Completed E-Step (34 seconds). 
Completed M-Step (0 seconds). 
calculate log likelihood 
Completing Iteration 1 (approx. per word bound = -39.737) 
......................................................................................................
Completed E-Step (20 seconds). 
Completed M-Step (0 seconds). 
calculate log likelihood 
convergence.check is 0.001288089 
Completing Iteration 2 (approx. per word bound = -39.685, relative change = 1.288e-03) 
......................................................................................................
Completed E-Step (18 seconds). 
Completed M-Step (0 seconds). 
calculate log likelihood 
convergence.check is 0.0002872697 
Model Terminated Before Convergence Reached 
12 models in net 
Beginning Random Initialization 
Initialization with Poisson NMF 
......................................................................................................
Completed E-Step (38 seconds). 
Completed M-Step (0 seconds). 
calculate log likelihood 
Completing Iteration 1 (approx. per word bound = -51.864) 
......................................................................................................
Completed E-Step (30 seconds). 
Completed M-Step (0 seconds). 
calculate log likelihood 
convergence.check is 0.2313625 
Completing Iteration 2 (approx. per word bound = -39.864, relative change = 2.314e-01) 
......................................................................................................
Completed E-Step (25 seconds). 
Completed M-Step (0 seconds). 
calculate log likelihood 
convergence.check is 0.0006874168 
Model Terminated Before Convergence Reached 
13 models in net 
Beginning Random Initialization 
Initialization with Poisson NMF 
......................................................................................................
Completed E-Step (42 seconds). 
Completed M-Step (0 seconds). 
calculate log likelihood 
Completing Iteration 1 (approx. per word bound = -51.337) 
......................................................................................................
Completed E-Step (29 seconds). 
Completed M-Step (0 seconds). 
calculate log likelihood 
convergence.check is 0.2231275 
Completing Iteration 2 (approx. per word bound = -39.882, relative change = 2.231e-01) 
......................................................................................................
Completed E-Step (25 seconds). 
Completed M-Step (0 seconds). 
calculate log likelihood 
convergence.check is 0.0006457545 
Model Terminated Before Convergence Reached 
14 models in net 
Beginning Random Initialization 
Initialization with Poisson NMF 
......................................................................................................
Completed E-Step (38 seconds). 
Completed M-Step (0 seconds). 
calculate log likelihood 
Completing Iteration 1 (approx. per word bound = -51.756) 
......................................................................................................
Completed E-Step (25 seconds). 
Completed M-Step (0 seconds). 
calculate log likelihood 
convergence.check is 0.2298547 
Completing Iteration 2 (approx. per word bound = -39.859, relative change = 2.299e-01) 
......................................................................................................
Completed E-Step (23 seconds). 
Completed M-Step (0 seconds). 
calculate log likelihood 
convergence.check is 0.0006864601 
Model Terminated Before Convergence Reached 
15 models in net 
Beginning Random Initialization 
Initialization with Poisson NMF 
......................................................................................................
Completed E-Step (43 seconds). 
Completed M-Step (0 seconds). 
calculate log likelihood 
Completing Iteration 1 (approx. per word bound = -51.283) 
......................................................................................................
Completed E-Step (30 seconds). 
Completed M-Step (0 seconds). 
calculate log likelihood 
convergence.check is 0.2223911 
Completing Iteration 2 (approx. per word bound = -39.878, relative change = 2.224e-01) 
......................................................................................................
Completed E-Step (26 seconds). 
Completed M-Step (0 seconds). 
calculate log likelihood 
convergence.check is 0.0006130412 
Model Terminated Before Convergence Reached 
16 models in net 
Beginning Random Initialization 
Initialization with Poisson NMF 
......................................................................................................
Completed E-Step (42 seconds). 
Completed M-Step (0 seconds). 
calculate log likelihood 
Completing Iteration 1 (approx. per word bound = -51.579) 
......................................................................................................
Completed E-Step (24 seconds). 
Completed M-Step (0 seconds). 
calculate log likelihood 
convergence.check is 0.2269684 
Completing Iteration 2 (approx. per word bound = -39.872, relative change = 2.270e-01) 
......................................................................................................
Completed E-Step (15 seconds). 
Completed M-Step (0 seconds). 
calculate log likelihood 
convergence.check is 0.0005518674 
Model Terminated Before Convergence Reached 
17 models in net 
Beginning Random Initialization 
Initialization with Poisson NMF 
......................................................................................................
Completed E-Step (41 seconds). 
Completed M-Step (0 seconds). 
calculate log likelihood 
Completing Iteration 1 (approx. per word bound = -51.824) 
......................................................................................................
Completed E-Step (28 seconds). 
Completed M-Step (0 seconds). 
calculate log likelihood 
convergence.check is 0.2308863 
Completing Iteration 2 (approx. per word bound = -39.859, relative change = 2.309e-01) 
......................................................................................................
Completed E-Step (25 seconds). 
Completed M-Step (0 seconds). 
calculate log likelihood 
convergence.check is 0.0006833305 
Model Terminated Before Convergence Reached 
18 models in net 
Beginning Random Initialization 
Initialization with Poisson NMF 
......................................................................................................
Completed E-Step (40 seconds). 
Completed M-Step (0 seconds). 
calculate log likelihood 
Completing Iteration 1 (approx. per word bound = -51.501) 
......................................................................................................
Completed E-Step (28 seconds). 
Completed M-Step (0 seconds). 
calculate log likelihood 
convergence.check is 0.2258845 
Completing Iteration 2 (approx. per word bound = -39.867, relative change = 2.259e-01) 
......................................................................................................
Completed E-Step (25 seconds). 
Completed M-Step (0 seconds). 
calculate log likelihood 
convergence.check is 0.0005728957 
Model Terminated Before Convergence Reached 
19 models in net 
Beginning Random Initialization 
Initialization with Poisson NMF 
......................................................................................................
Completed E-Step (41 seconds). 
Completed M-Step (0 seconds). 
calculate log likelihood 
Completing Iteration 1 (approx. per word bound = -51.690) 
......................................................................................................
Completed E-Step (29 seconds). 
Completed M-Step (0 seconds). 
calculate log likelihood 
convergence.check is 0.2286155 
Completing Iteration 2 (approx. per word bound = -39.873, relative change = 2.286e-01) 
......................................................................................................
Completed E-Step (24 seconds). 
Completed M-Step (0 seconds). 
calculate log likelihood 
convergence.check is 0.0007023289 
Model Terminated Before Convergence Reached 
20 models in net 
Beginning Random Initialization 
Initialization with Poisson NMF 
......................................................................................................
Completed E-Step (39 seconds). 
Completed M-Step (0 seconds). 
calculate log likelihood 
Completing Iteration 1 (approx. per word bound = -51.869) 
......................................................................................................
Completed E-Step (27 seconds). 
Completed M-Step (0 seconds). 
calculate log likelihood 
convergence.check is 0.2312092 
Completing Iteration 2 (approx. per word bound = -39.876, relative change = 2.312e-01) 
......................................................................................................
Completed E-Step (25 seconds). 
Completed M-Step (0 seconds). 
calculate log likelihood 
convergence.check is 0.0005719742 
Model Terminated Before Convergence Reached 
21 models in net 
Beginning Random Initialization 
Initialization with Poisson NMF 
......................................................................................................
Completed E-Step (39 seconds). 
Completed M-Step (0 seconds). 
calculate log likelihood 
Completing Iteration 1 (approx. per word bound = -51.492) 
......................................................................................................
Completed E-Step (29 seconds). 
Completed M-Step (0 seconds). 
calculate log likelihood 
convergence.check is 0.2256095 
Completing Iteration 2 (approx. per word bound = -39.875, relative change = 2.256e-01) 
......................................................................................................
Completed E-Step (25 seconds). 
Completed M-Step (0 seconds). 
calculate log likelihood 
convergence.check is 0.0007314013 
Model Terminated Before Convergence Reached 
Running select models 
1 select model run 
Beginning Spectral Initialization 
	 Calculating the gram matrix...
	 Finding anchor words...
 	.........
	 Recovering initialization...
 	.......
Initialization complete.
......................................................................................................
Completed E-Step (35 seconds). 
Completed M-Step (0 seconds). 
calculate log likelihood 
Completing Iteration 1 (approx. per word bound = -39.737) 
......................................................................................................
Completed E-Step (21 seconds). 
Completed M-Step (0 seconds). 
calculate log likelihood 
convergence.check is 0.001288089 
Completing Iteration 2 (approx. per word bound = -39.685, relative change = 1.288e-03) 
......................................................................................................
Completed E-Step (19 seconds). 
Completed M-Step (0 seconds). 
calculate log likelihood 
convergence.check is 0.0002872697 
Completing Iteration 3 (approx. per word bound = -39.674, relative change = 2.873e-04) 
......................................................................................................
Completed E-Step (17 seconds). 
Completed M-Step (0 seconds). 
calculate log likelihood 
convergence.check is 9.855086e-05 
Completing Iteration 4 (approx. per word bound = -39.670, relative change = 9.855e-05) 
......................................................................................................
Completed E-Step (17 seconds). 
Completed M-Step (0 seconds). 
calculate log likelihood 
convergence.check is 5.916209e-05 
Completing Iteration 5 (approx. per word bound = -39.668, relative change = 5.916e-05) 
Topic 1: Gene1091, Gene611, Gene753, Gene1062, Gene1346 
 Topic 2: Gene1401, Gene1099, Gene1091, Gene611, Gene448 
 Topic 3: Gene1091, Gene740, Gene20, Gene1401, Gene611 
 Topic 4: Gene952, Gene1091, Gene739, Gene1099, Gene754 
 Topic 5: Gene1280, Gene611, Gene1091, Gene1099, Gene1346 
 Topic 6: Gene1091, Gene114, Gene952, Gene213, Gene1346 
 Topic 7: Gene20, Gene611, Gene740, Gene1346, Gene754 
 Topic 8: Gene1099, Gene754, Gene952, Gene1091, Gene611 
 Topic 9: Gene739, Gene611, Gene1091, Gene1346, Gene952 
......................................................................................................
Completed E-Step (19 seconds). 
Completed M-Step (0 seconds). 
calculate log likelihood 
convergence.check is 4.628058e-05 
Completing Iteration 6 (approx. per word bound = -39.666, relative change = 4.628e-05) 
......................................................................................................
Completed E-Step (16 seconds). 
Completed M-Step (0 seconds). 
calculate log likelihood 
convergence.check is 3.664597e-05 
Completing Iteration 7 (approx. per word bound = -39.664, relative change = 3.665e-05) 
......................................................................................................
Completed E-Step (16 seconds). 
Completed M-Step (0 seconds). 
calculate log likelihood 
convergence.check is 2.718719e-05 
Completing Iteration 8 (approx. per word bound = -39.663, relative change = 2.719e-05) 
......................................................................................................
Completed E-Step (15 seconds). 
Completed M-Step (0 seconds). 
calculate log likelihood 
convergence.check is 1.957764e-05 
Completing Iteration 9 (approx. per word bound = -39.663, relative change = 1.958e-05) 
......................................................................................................
Completed E-Step (15 seconds). 
Completed M-Step (0 seconds). 
calculate log likelihood 
convergence.check is 1.379377e-05 
Completing Iteration 10 (approx. per word bound = -39.662, relative change = 1.379e-05) 
Topic 1: Gene1091, Gene611, Gene753, Gene1062, Gene1346 
 Topic 2: Gene1401, Gene1099, Gene1091, Gene611, Gene448 
 Topic 3: Gene1091, Gene740, Gene20, Gene1401, Gene611 
 Topic 4: Gene952, Gene739, Gene1091, Gene1099, Gene754 
 Topic 5: Gene1280, Gene1091, Gene611, Gene1099, Gene1346 
 Topic 6: Gene1091, Gene114, Gene952, Gene213, Gene1346 
 Topic 7: Gene20, Gene611, Gene740, Gene1346, Gene754 
 Topic 8: Gene1099, Gene754, Gene952, Gene1091, Gene611 
 Topic 9: Gene611, Gene1091, Gene1346, Gene739, Gene753 
......................................................................................................
Completed E-Step (14 seconds). 
Completed M-Step (0 seconds). 
calculate log likelihood 
convergence.check is 1.055635e-05 
Completing Iteration 11 (approx. per word bound = -39.662, relative change = 1.056e-05) 
......................................................................................................
Completed E-Step (8 seconds). 
Completed M-Step (0 seconds). 
calculate log likelihood 
convergence.check is 6.545901e-06 
Completing Iteration 12 (approx. per word bound = -39.661, relative change = 6.546e-06) 
......................................................................................................
Completed E-Step (8 seconds). 
Completed M-Step (0 seconds). 
calculate log likelihood 
convergence.check is 4.705606e-06 
Completing Iteration 13 (approx. per word bound = -39.661, relative change = 4.706e-06) 
......................................................................................................
Completed E-Step (7 seconds). 
Completed M-Step (0 seconds). 
calculate log likelihood 
convergence.check is 3.825015e-06 
Completing Iteration 14 (approx. per word bound = -39.661, relative change = 3.825e-06) 
......................................................................................................
Completed E-Step (7 seconds). 
Completed M-Step (0 seconds). 
calculate log likelihood 
convergence.check is 3.220838e-06 
Completing Iteration 15 (approx. per word bound = -39.661, relative change = 3.221e-06) 
Topic 1: Gene1091, Gene611, Gene753, Gene1062, Gene1346 
 Topic 2: Gene1401, Gene1099, Gene1091, Gene611, Gene448 
 Topic 3: Gene740, Gene1091, Gene20, Gene1401, Gene611 
 Topic 4: Gene952, Gene739, Gene1091, Gene1099, Gene754 
 Topic 5: Gene1091, Gene1280, Gene611, Gene1099, Gene1346 
 Topic 6: Gene1091, Gene114, Gene952, Gene213, Gene1346 
 Topic 7: Gene20, Gene611, Gene740, Gene1346, Gene754 
 Topic 8: Gene1099, Gene754, Gene952, Gene1091, Gene611 
 Topic 9: Gene611, Gene1346, Gene1091, Gene739, Gene753 
......................................................................................................
Completed E-Step (7 seconds). 
Completed M-Step (0 seconds). 
calculate log likelihood 
convergence.check is 2.468111e-06 
Completing Iteration 16 (approx. per word bound = -39.661, relative change = 2.468e-06) 
......................................................................................................
Completed E-Step (7 seconds). 
Completed M-Step (0 seconds). 
calculate log likelihood 
convergence.check is 2.186497e-06 
Completing Iteration 17 (approx. per word bound = -39.661, relative change = 2.186e-06) 
......................................................................................................
Completed E-Step (7 seconds). 
Completed M-Step (0 seconds). 
calculate log likelihood 
convergence.check is 1.607264e-06 
Completing Iteration 18 (approx. per word bound = -39.661, relative change = 1.607e-06) 
......................................................................................................
Completed E-Step (8 seconds). 
Completed M-Step (0 seconds). 
calculate log likelihood 
convergence.check is 1.628516e-06 
Completing Iteration 19 (approx. per word bound = -39.661, relative change = 1.629e-06) 
......................................................................................................
Completed E-Step (10 seconds). 
Completed M-Step (0 seconds). 
calculate log likelihood 
convergence.check is 1.049143e-06 
Completing Iteration 20 (approx. per word bound = -39.661, relative change = 1.049e-06) 
Topic 1: Gene1091, Gene611, Gene753, Gene1062, Gene1346 
 Topic 2: Gene1401, Gene1099, Gene1091, Gene611, Gene448 
 Topic 3: Gene740, Gene1091, Gene20, Gene1401, Gene611 
 Topic 4: Gene952, Gene739, Gene1091, Gene1099, Gene754 
 Topic 5: Gene1091, Gene1280, Gene611, Gene1099, Gene1346 
 Topic 6: Gene1091, Gene114, Gene952, Gene213, Gene1346 
 Topic 7: Gene20, Gene611, Gene1346, Gene740, Gene754 
 Topic 8: Gene1099, Gene754, Gene952, Gene1091, Gene611 
 Topic 9: Gene611, Gene1346, Gene1091, Gene739, Gene753 
......................................................................................................
Completed E-Step (11 seconds). 
Completed M-Step (0 seconds). 
calculate log likelihood 
convergence.check is 1.478805e-06 
Completing Iteration 21 (approx. per word bound = -39.660, relative change = 1.479e-06) 
......................................................................................................
Completed E-Step (10 seconds). 
Completed M-Step (0 seconds). 
calculate log likelihood 
convergence.check is 6.957935e-07 
Model Converged 
2 select model run 
Initialization with topicScore. 
Initializing factors using Topic SCORE algorithm.
Initializing loadings by running 10 SCD updates.
......................................................................................................
Completed E-Step (27 seconds). 
Completed M-Step (0 seconds). 
calculate log likelihood 
Completing Iteration 1 (approx. per word bound = -39.708) 
......................................................................................................
Completed E-Step (26 seconds). 
Completed M-Step (0 seconds). 
calculate log likelihood 
convergence.check is 0.0002241144 
Completing Iteration 2 (approx. per word bound = -39.699, relative change = 2.241e-04) 
......................................................................................................
Completed E-Step (25 seconds). 
Completed M-Step (0 seconds). 
calculate log likelihood 
convergence.check is 0.0001207004 
Completing Iteration 3 (approx. per word bound = -39.694, relative change = 1.207e-04) 
......................................................................................................
Completed E-Step (25 seconds). 
Completed M-Step (0 seconds). 
calculate log likelihood 
convergence.check is 7.845934e-05 
Completing Iteration 4 (approx. per word bound = -39.691, relative change = 7.846e-05) 
......................................................................................................
Completed E-Step (25 seconds). 
Completed M-Step (0 seconds). 
calculate log likelihood 
convergence.check is 5.515458e-05 
Completing Iteration 5 (approx. per word bound = -39.689, relative change = 5.515e-05) 
Topic 1: Gene1280, Gene20, Gene882, Gene1346, Gene213 
 Topic 2: Gene740, Gene20, Gene611, Gene1346, Gene753 
 Topic 3: Gene1091, Gene114, Gene213, Gene952, Gene1466 
 Topic 4: Gene1091, Gene611, Gene1062, Gene753, Gene1035 
 Topic 5: Gene739, Gene952, Gene20, Gene154, Gene740 
 Topic 6: Gene1091, Gene753, Gene739, Gene611, Gene1346 
 Topic 7: Gene611, Gene754, Gene1470, Gene154, Gene242 
 Topic 8: Gene1401, Gene448, Gene1091, Gene1232, Gene1099 
 Topic 9: Gene1099, Gene754, Gene952, Gene1203, Gene581 
......................................................................................................
Completed E-Step (25 seconds). 
Completed M-Step (0 seconds). 
calculate log likelihood 
convergence.check is 4.147859e-05 
Completing Iteration 6 (approx. per word bound = -39.687, relative change = 4.148e-05) 
......................................................................................................
Completed E-Step (25 seconds). 
Completed M-Step (0 seconds). 
calculate log likelihood 
convergence.check is 3.258288e-05 
Completing Iteration 7 (approx. per word bound = -39.686, relative change = 3.258e-05) 
......................................................................................................
Completed E-Step (24 seconds). 
Completed M-Step (0 seconds). 
calculate log likelihood 
convergence.check is 2.684954e-05 
Completing Iteration 8 (approx. per word bound = -39.685, relative change = 2.685e-05) 
......................................................................................................
Completed E-Step (23 seconds). 
Completed M-Step (0 seconds). 
calculate log likelihood 
convergence.check is 2.222818e-05 
Completing Iteration 9 (approx. per word bound = -39.684, relative change = 2.223e-05) 
......................................................................................................
Completed E-Step (23 seconds). 
Completed M-Step (0 seconds). 
calculate log likelihood 
convergence.check is 1.922784e-05 
Completing Iteration 10 (approx. per word bound = -39.683, relative change = 1.923e-05) 
Topic 1: Gene1280, Gene20, Gene882, Gene1346, Gene213 
 Topic 2: Gene740, Gene20, Gene611, Gene1346, Gene753 
 Topic 3: Gene1091, Gene114, Gene213, Gene952, Gene1466 
 Topic 4: Gene1091, Gene611, Gene1062, Gene753, Gene1035 
 Topic 5: Gene739, Gene952, Gene20, Gene154, Gene740 
 Topic 6: Gene1091, Gene739, Gene753, Gene611, Gene1346 
 Topic 7: Gene611, Gene754, Gene1470, Gene154, Gene242 
 Topic 8: Gene1401, Gene448, Gene1091, Gene1232, Gene1099 
 Topic 9: Gene1099, Gene754, Gene952, Gene1203, Gene581 
......................................................................................................
Completed E-Step (22 seconds). 
Completed M-Step (0 seconds). 
calculate log likelihood 
convergence.check is 1.684255e-05 
Completing Iteration 11 (approx. per word bound = -39.682, relative change = 1.684e-05) 
......................................................................................................
Completed E-Step (21 seconds). 
Completed M-Step (0 seconds). 
calculate log likelihood 
convergence.check is 1.486697e-05 
Completing Iteration 12 (approx. per word bound = -39.682, relative change = 1.487e-05) 
......................................................................................................
Completed E-Step (21 seconds). 
Completed M-Step (0 seconds). 
calculate log likelihood 
convergence.check is 1.331656e-05 
Completing Iteration 13 (approx. per word bound = -39.681, relative change = 1.332e-05) 
......................................................................................................
Completed E-Step (22 seconds). 
Completed M-Step (0 seconds). 
calculate log likelihood 
convergence.check is 1.197306e-05 
Completing Iteration 14 (approx. per word bound = -39.681, relative change = 1.197e-05) 
......................................................................................................
Completed E-Step (19 seconds). 
Completed M-Step (0 seconds). 
calculate log likelihood 
convergence.check is 1.080133e-05 
Completing Iteration 15 (approx. per word bound = -39.680, relative change = 1.080e-05) 
Topic 1: Gene1280, Gene882, Gene20, Gene1346, Gene213 
 Topic 2: Gene740, Gene20, Gene1346, Gene753, Gene611 
 Topic 3: Gene1091, Gene114, Gene213, Gene952, Gene1466 
 Topic 4: Gene1091, Gene611, Gene1062, Gene753, Gene1035 
 Topic 5: Gene739, Gene952, Gene20, Gene154, Gene740 
 Topic 6: Gene1091, Gene739, Gene753, Gene611, Gene1346 
 Topic 7: Gene611, Gene754, Gene154, Gene1470, Gene242 
 Topic 8: Gene1401, Gene448, Gene1091, Gene1232, Gene1099 
 Topic 9: Gene1099, Gene754, Gene952, Gene1203, Gene581 
......................................................................................................
Completed E-Step (18 seconds). 
Completed M-Step (0 seconds). 
calculate log likelihood 
convergence.check is 9.919706e-06 
Completing Iteration 16 (approx. per word bound = -39.680, relative change = 9.920e-06) 
......................................................................................................
Completed E-Step (18 seconds). 
Completed M-Step (0 seconds). 
calculate log likelihood 
convergence.check is 9.15807e-06 
Completing Iteration 17 (approx. per word bound = -39.680, relative change = 9.158e-06) 
......................................................................................................
Completed E-Step (18 seconds). 
Completed M-Step (0 seconds). 
calculate log likelihood 
convergence.check is 8.370213e-06 
Completing Iteration 18 (approx. per word bound = -39.679, relative change = 8.370e-06) 
......................................................................................................
Completed E-Step (17 seconds). 
Completed M-Step (0 seconds). 
calculate log likelihood 
convergence.check is 7.784094e-06 
Completing Iteration 19 (approx. per word bound = -39.679, relative change = 7.784e-06) 
......................................................................................................
Completed E-Step (17 seconds). 
Completed M-Step (0 seconds). 
calculate log likelihood 
convergence.check is 7.063634e-06 
Completing Iteration 20 (approx. per word bound = -39.679, relative change = 7.064e-06) 
Topic 1: Gene1280, Gene882, Gene1346, Gene20, Gene611 
 Topic 2: Gene740, Gene20, Gene1346, Gene753, Gene611 
 Topic 3: Gene1091, Gene114, Gene213, Gene952, Gene1466 
 Topic 4: Gene1091, Gene611, Gene1062, Gene753, Gene1035 
 Topic 5: Gene739, Gene952, Gene20, Gene154, Gene740 
 Topic 6: Gene1091, Gene739, Gene753, Gene611, Gene1346 
 Topic 7: Gene611, Gene754, Gene154, Gene1470, Gene242 
 Topic 8: Gene1401, Gene448, Gene1091, Gene1232, Gene1099 
 Topic 9: Gene1099, Gene754, Gene952, Gene1203, Gene581 
......................................................................................................
Completed E-Step (17 seconds). 
Completed M-Step (0 seconds). 
calculate log likelihood 
convergence.check is 6.72361e-06 
Completing Iteration 21 (approx. per word bound = -39.678, relative change = 6.724e-06) 
......................................................................................................
Completed E-Step (16 seconds). 
Completed M-Step (0 seconds). 
calculate log likelihood 
convergence.check is 6.290958e-06 
Completing Iteration 22 (approx. per word bound = -39.678, relative change = 6.291e-06) 
......................................................................................................
Completed E-Step (16 seconds). 
Completed M-Step (0 seconds). 
calculate log likelihood 
convergence.check is 5.826667e-06 
Completing Iteration 23 (approx. per word bound = -39.678, relative change = 5.827e-06) 
......................................................................................................
Completed E-Step (16 seconds). 
Completed M-Step (0 seconds). 
calculate log likelihood 
convergence.check is 5.518487e-06 
Completing Iteration 24 (approx. per word bound = -39.678, relative change = 5.518e-06) 
......................................................................................................
Completed E-Step (16 seconds). 
Completed M-Step (0 seconds). 
calculate log likelihood 
convergence.check is 5.257784e-06 
Completing Iteration 25 (approx. per word bound = -39.678, relative change = 5.258e-06) 
Topic 1: Gene1280, Gene882, Gene1346, Gene20, Gene611 
 Topic 2: Gene740, Gene20, Gene1346, Gene753, Gene611 
 Topic 3: Gene1091, Gene114, Gene213, Gene952, Gene1466 
 Topic 4: Gene1091, Gene611, Gene1062, Gene753, Gene1035 
 Topic 5: Gene739, Gene952, Gene20, Gene154, Gene1346 
 Topic 6: Gene1091, Gene739, Gene753, Gene611, Gene1346 
 Topic 7: Gene611, Gene754, Gene154, Gene1470, Gene242 
 Topic 8: Gene1401, Gene448, Gene1091, Gene1232, Gene1099 
 Topic 9: Gene1099, Gene754, Gene952, Gene1203, Gene581 
......................................................................................................
Completed E-Step (16 seconds). 
Completed M-Step (0 seconds). 
calculate log likelihood 
convergence.check is 5.043222e-06 
Completing Iteration 26 (approx. per word bound = -39.677, relative change = 5.043e-06) 
......................................................................................................
Completed E-Step (15 seconds). 
Completed M-Step (0 seconds). 
calculate log likelihood 
convergence.check is 4.582356e-06 
Completing Iteration 27 (approx. per word bound = -39.677, relative change = 4.582e-06) 
......................................................................................................
Completed E-Step (15 seconds). 
Completed M-Step (0 seconds). 
calculate log likelihood 
convergence.check is 4.453088e-06 
Completing Iteration 28 (approx. per word bound = -39.677, relative change = 4.453e-06) 
......................................................................................................
Completed E-Step (15 seconds). 
Completed M-Step (0 seconds). 
calculate log likelihood 
convergence.check is 4.28576e-06 
Completing Iteration 29 (approx. per word bound = -39.677, relative change = 4.286e-06) 
......................................................................................................
Completed E-Step (15 seconds). 
Completed M-Step (0 seconds). 
calculate log likelihood 
convergence.check is 3.975886e-06 
Completing Iteration 30 (approx. per word bound = -39.677, relative change = 3.976e-06) 
Topic 1: Gene1280, Gene882, Gene611, Gene1346, Gene20 
 Topic 2: Gene740, Gene20, Gene1346, Gene753, Gene611 
 Topic 3: Gene1091, Gene114, Gene213, Gene952, Gene1466 
 Topic 4: Gene1091, Gene611, Gene1062, Gene753, Gene1035 
 Topic 5: Gene739, Gene952, Gene20, Gene154, Gene1346 
 Topic 6: Gene1091, Gene739, Gene753, Gene611, Gene1346 
 Topic 7: Gene611, Gene754, Gene154, Gene1470, Gene242 
 Topic 8: Gene1401, Gene448, Gene1091, Gene1232, Gene1099 
 Topic 9: Gene1099, Gene754, Gene952, Gene1203, Gene581 
......................................................................................................
Completed E-Step (15 seconds). 
Completed M-Step (0 seconds). 
calculate log likelihood 
convergence.check is 3.806092e-06 
Completing Iteration 31 (approx. per word bound = -39.676, relative change = 3.806e-06) 
......................................................................................................
Completed E-Step (15 seconds). 
Completed M-Step (0 seconds). 
calculate log likelihood 
convergence.check is 3.573973e-06 
Completing Iteration 32 (approx. per word bound = -39.676, relative change = 3.574e-06) 
......................................................................................................
Completed E-Step (15 seconds). 
Completed M-Step (0 seconds). 
calculate log likelihood 
convergence.check is 3.415129e-06 
Completing Iteration 33 (approx. per word bound = -39.676, relative change = 3.415e-06) 
......................................................................................................
Completed E-Step (15 seconds). 
Completed M-Step (0 seconds). 
calculate log likelihood 
convergence.check is 3.341224e-06 
Completing Iteration 34 (approx. per word bound = -39.676, relative change = 3.341e-06) 
......................................................................................................
Completed E-Step (15 seconds). 
Completed M-Step (0 seconds). 
calculate log likelihood 
convergence.check is 3.096218e-06 
Completing Iteration 35 (approx. per word bound = -39.676, relative change = 3.096e-06) 
Topic 1: Gene1280, Gene882, Gene611, Gene1346, Gene20 
 Topic 2: Gene740, Gene20, Gene1346, Gene753, Gene611 
 Topic 3: Gene1091, Gene114, Gene213, Gene952, Gene1466 
 Topic 4: Gene1091, Gene611, Gene1062, Gene753, Gene1035 
 Topic 5: Gene739, Gene952, Gene20, Gene154, Gene1346 
 Topic 6: Gene1091, Gene739, Gene753, Gene611, Gene1346 
 Topic 7: Gene611, Gene754, Gene154, Gene1470, Gene242 
 Topic 8: Gene1401, Gene448, Gene1091, Gene1232, Gene1099 
 Topic 9: Gene1099, Gene754, Gene952, Gene1203, Gene581 
......................................................................................................
Completed E-Step (14 seconds). 
Completed M-Step (0 seconds). 
calculate log likelihood 
convergence.check is 3.039687e-06 
Completing Iteration 36 (approx. per word bound = -39.676, relative change = 3.040e-06) 
......................................................................................................
Completed E-Step (12 seconds). 
Completed M-Step (0 seconds). 
calculate log likelihood 
convergence.check is 2.815395e-06 
Completing Iteration 37 (approx. per word bound = -39.676, relative change = 2.815e-06) 
......................................................................................................
Completed E-Step (8 seconds). 
Completed M-Step (0 seconds). 
calculate log likelihood 
convergence.check is 2.805058e-06 
Completing Iteration 38 (approx. per word bound = -39.676, relative change = 2.805e-06) 
......................................................................................................
Completed E-Step (8 seconds). 
Completed M-Step (0 seconds). 
calculate log likelihood 
convergence.check is 2.685257e-06 
Completing Iteration 39 (approx. per word bound = -39.675, relative change = 2.685e-06) 
......................................................................................................
Completed E-Step (8 seconds). 
Completed M-Step (0 seconds). 
calculate log likelihood 
convergence.check is 2.535546e-06 
Completing Iteration 40 (approx. per word bound = -39.675, relative change = 2.536e-06) 
Topic 1: Gene1280, Gene882, Gene611, Gene1346, Gene20 
 Topic 2: Gene740, Gene20, Gene1346, Gene753, Gene611 
 Topic 3: Gene1091, Gene114, Gene213, Gene952, Gene1466 
 Topic 4: Gene1091, Gene611, Gene1062, Gene753, Gene1035 
 Topic 5: Gene739, Gene952, Gene20, Gene154, Gene1346 
 Topic 6: Gene1091, Gene739, Gene753, Gene611, Gene1346 
 Topic 7: Gene611, Gene754, Gene154, Gene1470, Gene242 
 Topic 8: Gene1401, Gene448, Gene1091, Gene1232, Gene1099 
 Topic 9: Gene1099, Gene754, Gene952, Gene1203, Gene581 
......................................................................................................
Completed E-Step (8 seconds). 
Completed M-Step (0 seconds). 
calculate log likelihood 
convergence.check is 2.466904e-06 
Completing Iteration 41 (approx. per word bound = -39.675, relative change = 2.467e-06) 
......................................................................................................
Completed E-Step (8 seconds). 
Completed M-Step (0 seconds). 
calculate log likelihood 
convergence.check is 2.291807e-06 
Completing Iteration 42 (approx. per word bound = -39.675, relative change = 2.292e-06) 
......................................................................................................
Completed E-Step (8 seconds). 
Completed M-Step (0 seconds). 
calculate log likelihood 
convergence.check is 2.215103e-06 
Completing Iteration 43 (approx. per word bound = -39.675, relative change = 2.215e-06) 
......................................................................................................
Completed E-Step (8 seconds). 
Completed M-Step (0 seconds). 
calculate log likelihood 
convergence.check is 2.118942e-06 
Completing Iteration 44 (approx. per word bound = -39.675, relative change = 2.119e-06) 
......................................................................................................
Completed E-Step (13 seconds). 
Completed M-Step (0 seconds). 
calculate log likelihood 
convergence.check is 2.149865e-06 
Completing Iteration 45 (approx. per word bound = -39.675, relative change = 2.150e-06) 
Topic 1: Gene1280, Gene882, Gene611, Gene1346, Gene20 
 Topic 2: Gene740, Gene20, Gene1346, Gene753, Gene611 
 Topic 3: Gene1091, Gene114, Gene213, Gene952, Gene1346 
 Topic 4: Gene1091, Gene611, Gene1062, Gene753, Gene1035 
 Topic 5: Gene739, Gene952, Gene20, Gene154, Gene213 
 Topic 6: Gene1091, Gene739, Gene753, Gene611, Gene1346 
 Topic 7: Gene611, Gene754, Gene154, Gene1470, Gene242 
 Topic 8: Gene1401, Gene448, Gene1091, Gene1232, Gene1099 
 Topic 9: Gene1099, Gene754, Gene952, Gene1203, Gene581 
......................................................................................................
Completed E-Step (13 seconds). 
Completed M-Step (0 seconds). 
calculate log likelihood 
convergence.check is 1.944275e-06 
Completing Iteration 46 (approx. per word bound = -39.675, relative change = 1.944e-06) 
......................................................................................................
Completed E-Step (13 seconds). 
Completed M-Step (0 seconds). 
calculate log likelihood 
convergence.check is 1.831086e-06 
Completing Iteration 47 (approx. per word bound = -39.675, relative change = 1.831e-06) 
......................................................................................................
Completed E-Step (13 seconds). 
Completed M-Step (0 seconds). 
calculate log likelihood 
convergence.check is 1.864751e-06 
Completing Iteration 48 (approx. per word bound = -39.675, relative change = 1.865e-06) 
......................................................................................................
Completed E-Step (13 seconds). 
Completed M-Step (0 seconds). 
calculate log likelihood 
convergence.check is 1.712167e-06 
Completing Iteration 49 (approx. per word bound = -39.675, relative change = 1.712e-06) 
......................................................................................................
Completed E-Step (13 seconds). 
Completed M-Step (0 seconds). 
calculate log likelihood 
convergence.check is 1.639813e-06 
Completing Iteration 50 (approx. per word bound = -39.675, relative change = 1.640e-06) 
Topic 1: Gene1280, Gene611, Gene882, Gene1346, Gene20 
 Topic 2: Gene740, Gene20, Gene1346, Gene753, Gene611 
 Topic 3: Gene1091, Gene114, Gene213, Gene952, Gene1346 
 Topic 4: Gene1091, Gene611, Gene1062, Gene753, Gene1035 
 Topic 5: Gene739, Gene952, Gene20, Gene154, Gene213 
 Topic 6: Gene1091, Gene739, Gene753, Gene611, Gene1346 
 Topic 7: Gene611, Gene754, Gene154, Gene1470, Gene1401 
 Topic 8: Gene1401, Gene448, Gene1091, Gene1232, Gene1099 
 Topic 9: Gene1099, Gene754, Gene952, Gene1203, Gene581 
......................................................................................................
Completed E-Step (13 seconds). 
Completed M-Step (0 seconds). 
calculate log likelihood 
convergence.check is 1.637168e-06 
Completing Iteration 51 (approx. per word bound = -39.675, relative change = 1.637e-06) 
......................................................................................................
Completed E-Step (13 seconds). 
Completed M-Step (0 seconds). 
calculate log likelihood 
convergence.check is 1.575543e-06 
Completing Iteration 52 (approx. per word bound = -39.674, relative change = 1.576e-06) 
......................................................................................................
Completed E-Step (12 seconds). 
Completed M-Step (0 seconds). 
calculate log likelihood 
convergence.check is 1.367707e-06 
Completing Iteration 53 (approx. per word bound = -39.674, relative change = 1.368e-06) 
......................................................................................................
Completed E-Step (12 seconds). 
Completed M-Step (0 seconds). 
calculate log likelihood 
convergence.check is 1.438829e-06 
Completing Iteration 54 (approx. per word bound = -39.674, relative change = 1.439e-06) 
......................................................................................................
Completed E-Step (12 seconds). 
Completed M-Step (0 seconds). 
calculate log likelihood 
convergence.check is 1.349532e-06 
Completing Iteration 55 (approx. per word bound = -39.674, relative change = 1.350e-06) 
Topic 1: Gene1280, Gene611, Gene882, Gene1346, Gene20 
 Topic 2: Gene740, Gene20, Gene1346, Gene753, Gene611 
 Topic 3: Gene1091, Gene114, Gene213, Gene952, Gene1346 
 Topic 4: Gene1091, Gene611, Gene1062, Gene753, Gene1035 
 Topic 5: Gene739, Gene952, Gene20, Gene154, Gene213 
 Topic 6: Gene1091, Gene739, Gene753, Gene611, Gene1099 
 Topic 7: Gene611, Gene754, Gene154, Gene1470, Gene1401 
 Topic 8: Gene1401, Gene448, Gene1091, Gene1232, Gene1099 
 Topic 9: Gene1099, Gene754, Gene952, Gene1203, Gene581 
......................................................................................................
Completed E-Step (12 seconds). 
Completed M-Step (0 seconds). 
calculate log likelihood 
convergence.check is 1.373692e-06 
Completing Iteration 56 (approx. per word bound = -39.674, relative change = 1.374e-06) 
......................................................................................................
Completed E-Step (12 seconds). 
Completed M-Step (0 seconds). 
calculate log likelihood 
convergence.check is 1.297525e-06 
Completing Iteration 57 (approx. per word bound = -39.674, relative change = 1.298e-06) 
......................................................................................................
Completed E-Step (12 seconds). 
Completed M-Step (0 seconds). 
calculate log likelihood 
convergence.check is 1.161842e-06 
Completing Iteration 58 (approx. per word bound = -39.674, relative change = 1.162e-06) 
......................................................................................................
Completed E-Step (12 seconds). 
Completed M-Step (0 seconds). 
calculate log likelihood 
convergence.check is 1.183402e-06 
Completing Iteration 59 (approx. per word bound = -39.674, relative change = 1.183e-06) 
......................................................................................................
Completed E-Step (12 seconds). 
Completed M-Step (0 seconds). 
calculate log likelihood 
convergence.check is 1.094988e-06 
Completing Iteration 60 (approx. per word bound = -39.674, relative change = 1.095e-06) 
Topic 1: Gene1280, Gene611, Gene882, Gene1346, Gene20 
 Topic 2: Gene740, Gene20, Gene1346, Gene753, Gene611 
 Topic 3: Gene1091, Gene114, Gene213, Gene952, Gene1346 
 Topic 4: Gene1091, Gene611, Gene1062, Gene753, Gene1035 
 Topic 5: Gene952, Gene739, Gene20, Gene154, Gene213 
 Topic 6: Gene1091, Gene739, Gene753, Gene611, Gene1099 
 Topic 7: Gene611, Gene754, Gene154, Gene1470, Gene1401 
 Topic 8: Gene1401, Gene448, Gene1091, Gene1232, Gene1099 
 Topic 9: Gene1099, Gene754, Gene952, Gene1203, Gene581 
......................................................................................................
Completed E-Step (12 seconds). 
Completed M-Step (0 seconds). 
calculate log likelihood 
convergence.check is 1.141399e-06 
Completing Iteration 61 (approx. per word bound = -39.674, relative change = 1.141e-06) 
......................................................................................................
Completed E-Step (12 seconds). 
Completed M-Step (0 seconds). 
calculate log likelihood 
convergence.check is 1.075497e-06 
Completing Iteration 62 (approx. per word bound = -39.674, relative change = 1.075e-06) 
......................................................................................................
Completed E-Step (11 seconds). 
Completed M-Step (0 seconds). 
calculate log likelihood 
convergence.check is 1.066943e-06 
Completing Iteration 63 (approx. per word bound = -39.674, relative change = 1.067e-06) 
......................................................................................................
Completed E-Step (12 seconds). 
Completed M-Step (0 seconds). 
calculate log likelihood 
convergence.check is 9.483125e-07 
Model Converged 
3 select model run 
Initialization with topicScore. 
Initializing factors using Topic SCORE algorithm.
Initializing loadings by running 10 SCD updates.
......................................................................................................
Completed E-Step (28 seconds). 
Completed M-Step (0 seconds). 
calculate log likelihood 
Completing Iteration 1 (approx. per word bound = -39.716) 
......................................................................................................
Completed E-Step (23 seconds). 
Completed M-Step (0 seconds). 
calculate log likelihood 
convergence.check is 0.0003013286 
Completing Iteration 2 (approx. per word bound = -39.704, relative change = 3.013e-04) 
......................................................................................................
Completed E-Step (22 seconds). 
Completed M-Step (0 seconds). 
calculate log likelihood 
convergence.check is 0.000150074 
Completing Iteration 3 (approx. per word bound = -39.698, relative change = 1.501e-04) 
......................................................................................................
Completed E-Step (22 seconds). 
Completed M-Step (0 seconds). 
calculate log likelihood 
convergence.check is 9.239724e-05 
Completing Iteration 4 (approx. per word bound = -39.694, relative change = 9.240e-05) 
......................................................................................................
Completed E-Step (22 seconds). 
Completed M-Step (0 seconds). 
calculate log likelihood 
convergence.check is 6.408003e-05 
Completing Iteration 5 (approx. per word bound = -39.692, relative change = 6.408e-05) 
Topic 1: Gene611, Gene740, Gene754, Gene20, Gene192 
 Topic 2: Gene1280, Gene1346, Gene213, Gene882, Gene1232 
 Topic 3: Gene1091, Gene753, Gene1346, Gene1232, Gene213 
 Topic 4: Gene1401, Gene448, Gene1232, Gene1091, Gene1099 
 Topic 5: Gene1091, Gene114, Gene213, Gene1346, Gene753 
 Topic 6: Gene1091, Gene611, Gene754, Gene192, Gene799 
 Topic 7: Gene611, Gene753, Gene1470, Gene192, Gene739 
 Topic 8: Gene739, Gene952, Gene20, Gene154, Gene1346 
 Topic 9: Gene1099, Gene754, Gene952, Gene1091, Gene1346 
......................................................................................................
Completed E-Step (22 seconds). 
Completed M-Step (0 seconds). 
calculate log likelihood 
convergence.check is 4.7481e-05 
Completing Iteration 6 (approx. per word bound = -39.690, relative change = 4.748e-05) 
......................................................................................................
Completed E-Step (22 seconds). 
Completed M-Step (0 seconds). 
calculate log likelihood 
convergence.check is 3.777709e-05 
Completing Iteration 7 (approx. per word bound = -39.689, relative change = 3.778e-05) 
......................................................................................................
Completed E-Step (22 seconds). 
Completed M-Step (0 seconds). 
calculate log likelihood 
convergence.check is 3.412861e-05 
Completing Iteration 8 (approx. per word bound = -39.687, relative change = 3.413e-05) 
......................................................................................................
Completed E-Step (22 seconds). 
Completed M-Step (0 seconds). 
calculate log likelihood 
convergence.check is 2.600304e-05 
Completing Iteration 9 (approx. per word bound = -39.686, relative change = 2.600e-05) 
......................................................................................................
Completed E-Step (22 seconds). 
Completed M-Step (0 seconds). 
calculate log likelihood 
convergence.check is 2.281694e-05 
Completing Iteration 10 (approx. per word bound = -39.685, relative change = 2.282e-05) 
Topic 1: Gene611, Gene740, Gene20, Gene754, Gene192 
 Topic 2: Gene1280, Gene1346, Gene882, Gene213, Gene1232 
 Topic 3: Gene1091, Gene753, Gene1346, Gene1232, Gene213 
 Topic 4: Gene1401, Gene448, Gene1232, Gene1091, Gene1099 
 Topic 5: Gene1091, Gene114, Gene213, Gene1346, Gene753 
 Topic 6: Gene1091, Gene611, Gene754, Gene192, Gene799 
 Topic 7: Gene611, Gene753, Gene1470, Gene739, Gene192 
 Topic 8: Gene739, Gene952, Gene154, Gene20, Gene1346 
 Topic 9: Gene1099, Gene754, Gene952, Gene1091, Gene1346 
......................................................................................................
Completed E-Step (22 seconds). 
Completed M-Step (0 seconds). 
calculate log likelihood 
convergence.check is 1.9652e-05 
Completing Iteration 11 (approx. per word bound = -39.684, relative change = 1.965e-05) 
......................................................................................................
Completed E-Step (21 seconds). 
Completed M-Step (0 seconds). 
calculate log likelihood 
convergence.check is 1.71819e-05 
Completing Iteration 12 (approx. per word bound = -39.684, relative change = 1.718e-05) 
......................................................................................................
Completed E-Step (20 seconds). 
Completed M-Step (0 seconds). 
calculate log likelihood 
convergence.check is 1.549642e-05 
Completing Iteration 13 (approx. per word bound = -39.683, relative change = 1.550e-05) 
......................................................................................................
Completed E-Step (20 seconds). 
Completed M-Step (0 seconds). 
calculate log likelihood 
convergence.check is 1.372141e-05 
Completing Iteration 14 (approx. per word bound = -39.683, relative change = 1.372e-05) 
......................................................................................................
Completed E-Step (20 seconds). 
Completed M-Step (0 seconds). 
calculate log likelihood 
convergence.check is 1.247226e-05 
Completing Iteration 15 (approx. per word bound = -39.682, relative change = 1.247e-05) 
Topic 1: Gene611, Gene740, Gene20, Gene754, Gene192 
 Topic 2: Gene1280, Gene1346, Gene882, Gene1232, Gene213 
 Topic 3: Gene1091, Gene753, Gene1346, Gene1232, Gene213 
 Topic 4: Gene1401, Gene448, Gene1091, Gene1232, Gene1099 
 Topic 5: Gene1091, Gene114, Gene213, Gene1346, Gene753 
 Topic 6: Gene1091, Gene611, Gene192, Gene754, Gene753 
 Topic 7: Gene611, Gene739, Gene753, Gene1470, Gene192 
 Topic 8: Gene739, Gene952, Gene154, Gene20, Gene1346 
 Topic 9: Gene1099, Gene754, Gene952, Gene1091, Gene1346 
......................................................................................................
Completed E-Step (19 seconds). 
Completed M-Step (0 seconds). 
calculate log likelihood 
convergence.check is 1.180597e-05 
Completing Iteration 16 (approx. per word bound = -39.682, relative change = 1.181e-05) 
......................................................................................................
Completed E-Step (19 seconds). 
Completed M-Step (0 seconds). 
calculate log likelihood 
convergence.check is 1.034192e-05 
Completing Iteration 17 (approx. per word bound = -39.681, relative change = 1.034e-05) 
......................................................................................................
Completed E-Step (19 seconds). 
Completed M-Step (0 seconds). 
calculate log likelihood 
convergence.check is 9.76202e-06 
Completing Iteration 18 (approx. per word bound = -39.681, relative change = 9.762e-06) 
......................................................................................................
Completed E-Step (14 seconds). 
Completed M-Step (0 seconds). 
calculate log likelihood 
convergence.check is 8.780537e-06 
Completing Iteration 19 (approx. per word bound = -39.680, relative change = 8.781e-06) 
......................................................................................................
Completed E-Step (10 seconds). 
Completed M-Step (0 seconds). 
calculate log likelihood 
convergence.check is 8.242224e-06 
Completing Iteration 20 (approx. per word bound = -39.680, relative change = 8.242e-06) 
Topic 1: Gene611, Gene20, Gene740, Gene754, Gene192 
 Topic 2: Gene1280, Gene1346, Gene882, Gene1232, Gene213 
 Topic 3: Gene1091, Gene753, Gene1346, Gene1232, Gene213 
 Topic 4: Gene1401, Gene448, Gene1091, Gene1099, Gene1232 
 Topic 5: Gene1091, Gene114, Gene213, Gene1346, Gene753 
 Topic 6: Gene1091, Gene611, Gene753, Gene192, Gene1062 
 Topic 7: Gene611, Gene739, Gene753, Gene192, Gene1470 
 Topic 8: Gene739, Gene952, Gene154, Gene20, Gene1346 
 Topic 9: Gene1099, Gene754, Gene952, Gene1091, Gene1346 
......................................................................................................
Completed E-Step (10 seconds). 
Completed M-Step (0 seconds). 
calculate log likelihood 
convergence.check is 7.558189e-06 
Completing Iteration 21 (approx. per word bound = -39.680, relative change = 7.558e-06) 
......................................................................................................
Completed E-Step (10 seconds). 
Completed M-Step (0 seconds). 
calculate log likelihood 
convergence.check is 7.277691e-06 
Completing Iteration 22 (approx. per word bound = -39.680, relative change = 7.278e-06) 
......................................................................................................
Completed E-Step (10 seconds). 
Completed M-Step (0 seconds). 
calculate log likelihood 
convergence.check is 6.65242e-06 
Completing Iteration 23 (approx. per word bound = -39.679, relative change = 6.652e-06) 
......................................................................................................
Completed E-Step (10 seconds). 
Completed M-Step (0 seconds). 
calculate log likelihood 
convergence.check is 6.332151e-06 
Completing Iteration 24 (approx. per word bound = -39.679, relative change = 6.332e-06) 
......................................................................................................
Completed E-Step (9 seconds). 
Completed M-Step (0 seconds). 
calculate log likelihood 
convergence.check is 5.929533e-06 
Completing Iteration 25 (approx. per word bound = -39.679, relative change = 5.930e-06) 
Topic 1: Gene611, Gene20, Gene740, Gene754, Gene192 
 Topic 2: Gene1280, Gene1346, Gene882, Gene1232, Gene213 
 Topic 3: Gene1091, Gene753, Gene1346, Gene1232, Gene213 
 Topic 4: Gene1401, Gene448, Gene1091, Gene1099, Gene1232 
 Topic 5: Gene1091, Gene114, Gene213, Gene1346, Gene753 
 Topic 6: Gene1091, Gene611, Gene753, Gene192, Gene1062 
 Topic 7: Gene611, Gene739, Gene753, Gene192, Gene1470 
 Topic 8: Gene739, Gene952, Gene154, Gene20, Gene1346 
 Topic 9: Gene1099, Gene754, Gene952, Gene1091, Gene1346 
......................................................................................................
Completed E-Step (9 seconds). 
Completed M-Step (0 seconds). 
calculate log likelihood 
convergence.check is 5.617112e-06 
Completing Iteration 26 (approx. per word bound = -39.679, relative change = 5.617e-06) 
......................................................................................................
Completed E-Step (9 seconds). 
Completed M-Step (0 seconds). 
calculate log likelihood 
convergence.check is 5.056076e-06 
Completing Iteration 27 (approx. per word bound = -39.678, relative change = 5.056e-06) 
......................................................................................................
Completed E-Step (9 seconds). 
Completed M-Step (0 seconds). 
calculate log likelihood 
convergence.check is 5.055771e-06 
Completing Iteration 28 (approx. per word bound = -39.678, relative change = 5.056e-06) 
......................................................................................................
Completed E-Step (9 seconds). 
Completed M-Step (0 seconds). 
calculate log likelihood 
convergence.check is 4.737446e-06 
Completing Iteration 29 (approx. per word bound = -39.678, relative change = 4.737e-06) 
......................................................................................................
Completed E-Step (9 seconds). 
Completed M-Step (0 seconds). 
calculate log likelihood 
convergence.check is 4.372227e-06 
Completing Iteration 30 (approx. per word bound = -39.678, relative change = 4.372e-06) 
Topic 1: Gene611, Gene20, Gene740, Gene754, Gene192 
 Topic 2: Gene1280, Gene1346, Gene882, Gene1232, Gene213 
 Topic 3: Gene1091, Gene753, Gene1346, Gene1232, Gene213 
 Topic 4: Gene1401, Gene448, Gene1091, Gene1099, Gene1232 
 Topic 5: Gene1091, Gene114, Gene213, Gene1346, Gene753 
 Topic 6: Gene1091, Gene611, Gene753, Gene1062, Gene192 
 Topic 7: Gene611, Gene739, Gene753, Gene192, Gene1470 
 Topic 8: Gene739, Gene952, Gene20, Gene154, Gene1346 
 Topic 9: Gene1099, Gene754, Gene952, Gene1091, Gene1346 
......................................................................................................
Completed E-Step (8 seconds). 
Completed M-Step (0 seconds). 
calculate log likelihood 
convergence.check is 4.469161e-06 
Completing Iteration 31 (approx. per word bound = -39.678, relative change = 4.469e-06) 
......................................................................................................
Completed E-Step (8 seconds). 
Completed M-Step (0 seconds). 
calculate log likelihood 
convergence.check is 3.861338e-06 
Completing Iteration 32 (approx. per word bound = -39.678, relative change = 3.861e-06) 
......................................................................................................
Completed E-Step (8 seconds). 
Completed M-Step (0 seconds). 
calculate log likelihood 
convergence.check is 3.855929e-06 
Completing Iteration 33 (approx. per word bound = -39.677, relative change = 3.856e-06) 
......................................................................................................
Completed E-Step (8 seconds). 
Completed M-Step (0 seconds). 
calculate log likelihood 
convergence.check is 3.909055e-06 
Completing Iteration 34 (approx. per word bound = -39.677, relative change = 3.909e-06) 
......................................................................................................
Completed E-Step (8 seconds). 
Completed M-Step (0 seconds). 
calculate log likelihood 
convergence.check is 3.256049e-06 
Completing Iteration 35 (approx. per word bound = -39.677, relative change = 3.256e-06) 
Topic 1: Gene611, Gene20, Gene740, Gene754, Gene192 
 Topic 2: Gene1280, Gene1346, Gene882, Gene1232, Gene213 
 Topic 3: Gene1091, Gene753, Gene1346, Gene1232, Gene213 
 Topic 4: Gene1401, Gene448, Gene1091, Gene1099, Gene1232 
 Topic 5: Gene1091, Gene114, Gene213, Gene1346, Gene753 
 Topic 6: Gene1091, Gene611, Gene753, Gene1062, Gene192 
 Topic 7: Gene611, Gene739, Gene753, Gene192, Gene1470 
 Topic 8: Gene739, Gene952, Gene20, Gene154, Gene1346 
 Topic 9: Gene1099, Gene754, Gene952, Gene1091, Gene1346 
......................................................................................................
Completed E-Step (8 seconds). 
Completed M-Step (0 seconds). 
calculate log likelihood 
convergence.check is 3.056127e-06 
Completing Iteration 36 (approx. per word bound = -39.677, relative change = 3.056e-06) 
......................................................................................................
Completed E-Step (8 seconds). 
Completed M-Step (0 seconds). 
calculate log likelihood 
convergence.check is 3.075886e-06 
Completing Iteration 37 (approx. per word bound = -39.677, relative change = 3.076e-06) 
......................................................................................................
Completed E-Step (7 seconds). 
Completed M-Step (0 seconds). 
calculate log likelihood 
convergence.check is 2.900206e-06 
Completing Iteration 38 (approx. per word bound = -39.677, relative change = 2.900e-06) 
......................................................................................................
Completed E-Step (8 seconds). 
Completed M-Step (0 seconds). 
calculate log likelihood 
convergence.check is 2.692012e-06 
Completing Iteration 39 (approx. per word bound = -39.677, relative change = 2.692e-06) 
......................................................................................................
Completed E-Step (7 seconds). 
Completed M-Step (0 seconds). 
calculate log likelihood 
convergence.check is 2.473894e-06 
Completing Iteration 40 (approx. per word bound = -39.677, relative change = 2.474e-06) 
Topic 1: Gene611, Gene20, Gene740, Gene754, Gene192 
 Topic 2: Gene1280, Gene1346, Gene882, Gene1232, Gene213 
 Topic 3: Gene1091, Gene753, Gene1346, Gene1232, Gene213 
 Topic 4: Gene1401, Gene448, Gene1091, Gene1099, Gene1232 
 Topic 5: Gene1091, Gene114, Gene213, Gene1346, Gene753 
 Topic 6: Gene1091, Gene611, Gene753, Gene1062, Gene192 
 Topic 7: Gene611, Gene739, Gene753, Gene192, Gene1470 
 Topic 8: Gene739, Gene952, Gene20, Gene154, Gene1346 
 Topic 9: Gene1099, Gene754, Gene952, Gene1091, Gene1346 
......................................................................................................
Completed E-Step (7 seconds). 
Completed M-Step (0 seconds). 
calculate log likelihood 
convergence.check is 2.55109e-06 
Completing Iteration 41 (approx. per word bound = -39.676, relative change = 2.551e-06) 
......................................................................................................
Completed E-Step (7 seconds). 
Completed M-Step (0 seconds). 
calculate log likelihood 
convergence.check is 2.900226e-06 
Completing Iteration 42 (approx. per word bound = -39.676, relative change = 2.900e-06) 
......................................................................................................
Completed E-Step (7 seconds). 
Completed M-Step (0 seconds). 
calculate log likelihood 
convergence.check is 2.113536e-06 
Completing Iteration 43 (approx. per word bound = -39.676, relative change = 2.114e-06) 
......................................................................................................
Completed E-Step (7 seconds). 
Completed M-Step (0 seconds). 
calculate log likelihood 
convergence.check is 2.075024e-06 
Completing Iteration 44 (approx. per word bound = -39.676, relative change = 2.075e-06) 
......................................................................................................
Completed E-Step (7 seconds). 
Completed M-Step (0 seconds). 
calculate log likelihood 
convergence.check is 2.071177e-06 
Completing Iteration 45 (approx. per word bound = -39.676, relative change = 2.071e-06) 
Topic 1: Gene611, Gene20, Gene740, Gene754, Gene192 
 Topic 2: Gene1280, Gene1346, Gene882, Gene1232, Gene213 
 Topic 3: Gene1091, Gene753, Gene1346, Gene1232, Gene213 
 Topic 4: Gene1401, Gene448, Gene1091, Gene1099, Gene1232 
 Topic 5: Gene1091, Gene114, Gene213, Gene1346, Gene753 
 Topic 6: Gene1091, Gene611, Gene753, Gene1062, Gene192 
 Topic 7: Gene611, Gene739, Gene753, Gene192, Gene1470 
 Topic 8: Gene739, Gene952, Gene20, Gene154, Gene1346 
 Topic 9: Gene1099, Gene754, Gene952, Gene1091, Gene1346 
......................................................................................................
Completed E-Step (7 seconds). 
Completed M-Step (0 seconds). 
calculate log likelihood 
convergence.check is 1.888751e-06 
Completing Iteration 46 (approx. per word bound = -39.676, relative change = 1.889e-06) 
......................................................................................................
Completed E-Step (7 seconds). 
Completed M-Step (0 seconds). 
calculate log likelihood 
convergence.check is 1.581364e-06 
Completing Iteration 47 (approx. per word bound = -39.676, relative change = 1.581e-06) 
......................................................................................................
Completed E-Step (7 seconds). 
Completed M-Step (0 seconds). 
calculate log likelihood 
convergence.check is 1.896282e-06 
Completing Iteration 48 (approx. per word bound = -39.676, relative change = 1.896e-06) 
......................................................................................................
Completed E-Step (6 seconds). 
Completed M-Step (0 seconds). 
calculate log likelihood 
convergence.check is 1.827756e-06 
Completing Iteration 49 (approx. per word bound = -39.676, relative change = 1.828e-06) 
......................................................................................................
Completed E-Step (6 seconds). 
Completed M-Step (0 seconds). 
calculate log likelihood 
convergence.check is 1.776788e-06 
Completing Iteration 50 (approx. per word bound = -39.676, relative change = 1.777e-06) 
Topic 1: Gene611, Gene20, Gene740, Gene754, Gene192 
 Topic 2: Gene1280, Gene1346, Gene882, Gene1232, Gene213 
 Topic 3: Gene1091, Gene753, Gene1346, Gene1232, Gene213 
 Topic 4: Gene1401, Gene1091, Gene448, Gene1099, Gene20 
 Topic 5: Gene1091, Gene114, Gene213, Gene1346, Gene753 
 Topic 6: Gene1091, Gene611, Gene753, Gene1062, Gene192 
 Topic 7: Gene611, Gene739, Gene753, Gene192, Gene1470 
 Topic 8: Gene739, Gene952, Gene20, Gene1346, Gene154 
 Topic 9: Gene1099, Gene754, Gene952, Gene1091, Gene1346 
......................................................................................................
Completed E-Step (7 seconds). 
Completed M-Step (0 seconds). 
calculate log likelihood 
convergence.check is 1.542997e-06 
Completing Iteration 51 (approx. per word bound = -39.676, relative change = 1.543e-06) 
......................................................................................................
Completed E-Step (6 seconds). 
Completed M-Step (0 seconds). 
calculate log likelihood 
convergence.check is 1.450938e-06 
Completing Iteration 52 (approx. per word bound = -39.676, relative change = 1.451e-06) 
......................................................................................................
Completed E-Step (6 seconds). 
Completed M-Step (0 seconds). 
calculate log likelihood 
convergence.check is 1.257376e-06 
Completing Iteration 53 (approx. per word bound = -39.676, relative change = 1.257e-06) 
......................................................................................................
Completed E-Step (6 seconds). 
Completed M-Step (0 seconds). 
calculate log likelihood 
convergence.check is 1.171031e-06 
Completing Iteration 54 (approx. per word bound = -39.675, relative change = 1.171e-06) 
......................................................................................................
Completed E-Step (6 seconds). 
Completed M-Step (0 seconds). 
calculate log likelihood 
convergence.check is 2.310971e-06 
Completing Iteration 55 (approx. per word bound = -39.675, relative change = 2.311e-06) 
Topic 1: Gene611, Gene20, Gene740, Gene754, Gene192 
 Topic 2: Gene1280, Gene1346, Gene882, Gene1232, Gene213 
 Topic 3: Gene1091, Gene753, Gene1346, Gene1232, Gene213 
 Topic 4: Gene1401, Gene1091, Gene448, Gene1099, Gene20 
 Topic 5: Gene1091, Gene114, Gene213, Gene1346, Gene753 
 Topic 6: Gene1091, Gene611, Gene1062, Gene753, Gene192 
 Topic 7: Gene611, Gene739, Gene753, Gene192, Gene1470 
 Topic 8: Gene739, Gene952, Gene20, Gene1346, Gene154 
 Topic 9: Gene1099, Gene754, Gene952, Gene1346, Gene1091 
......................................................................................................
Completed E-Step (6 seconds). 
Completed M-Step (0 seconds). 
calculate log likelihood 
convergence.check is 8.975388e-07 
Model Converged 
