sims_1716060931_neg_L1_c9.rds 
Found 6 batches
Using null model in ComBat-seq.
Adjusting for 0 covariate(s) or covariate level(s)
Estimating dispersions
Fitting the GLM model
Shrinkage off - using GLM estimates for parameters
Adjusting the data
Batch Effect Removed 
        R/alignCorpus.R R/asSTMCorpus.R R/checkBeta.R R/cloud.R
value   ?               ?               ?             ?        
visible FALSE           FALSE           FALSE         FALSE    
        R/CompositionChange.R R/convertCorpus.R R/estimateEffect.R
value   ?                     ?                 ?                 
visible FALSE                 FALSE             FALSE             
        R/estimateMixedEffect.R R/exclusivity.R R/findThoughts.R R/findTopic.R
value   ?                       ?               ?                ?            
visible FALSE                   FALSE           FALSE            FALSE        
        R/fitNewDocuments.R R/heldout.R R/jeffreyskappa.R R/labelTopics.R
value   ?                   ?           ?                 ?              
visible FALSE               FALSE       FALSE             FALSE          
        R/makeDesignMatrix.R R/manyTopics.R R/multiSTM.R R/optimalK.R
value   ?                    ?              ?            ?           
visible FALSE                FALSE          FALSE        FALSE       
        R/permute.R R/plot.estimateEffect.R R/plot.fixedEffect.R
value   ?           ?                       ?                   
visible FALSE       FALSE                   FALSE               
        R/plot.searchK.R R/plot.STM.R R/plotModels.R R/plotQuote.R
value   ?                ?            ?              ?            
visible FALSE            FALSE        FALSE          FALSE        
        R/plotRemoved.R R/plottingutilfns.R R/plotTopicLoess.R
value   ?               ?                   ?                 
visible FALSE           FALSE               FALSE             
        R/prepDocuments.R R/prepsce.R R/produce_cmatrix.R R/RcppExports.R
value   ?                 ?           ?                   ?              
visible FALSE             FALSE       FALSE               FALSE          
        R/readCorpus.R R/residuals.R R/s.R R/sageLabels.R R/scSTM.R
value   ?              ?             ?     ?              ?        
visible FALSE          FALSE         FALSE FALSE          FALSE    
        R/selectModel.R R/semanticCoherence.R R/simBetas.R R/spectral.R
value   ?               ?                     ?            ?           
visible FALSE           FALSE                 FALSE        FALSE       
        R/stm-package.R R/stm.control.R R/STMbound.R R/STMconvergence.R
value   NULL            ?               ?            ?                 
visible TRUE            FALSE           FALSE        FALSE             
        R/STMestep.R R/STMfunctions.R R/STMinit.R R/STMinitLikelihood.R
value   ?            ?                ?           ?                    
visible FALSE        FALSE            FALSE       FALSE                
        R/STMlncpp.R R/STMmnreg.R R/STMmu.R R/STMoptbeta.R R/STMreport.R
value   ?            ?            ?         ?              ?            
visible FALSE        FALSE        FALSE     FALSE          FALSE        
        R/STMsigma.R R/STMsigs.R R/STMsubset.R R/summary.STM.R R/tau.R
value   ?            ?           ?             ?               ?      
visible FALSE        FALSE       FALSE         FALSE           FALSE  
        R/textProcessor.R R/thetaPosterior.R R/toLDAvis.R R/topicCorr.R
value   ?                 ?                  ?            ?            
visible FALSE             FALSE              FALSE        FALSE        
        R/topicLasso.R R/topicQuality.R R/writeLdac.R R/zzz.R
value   ?              ?                ?             ?      
visible FALSE          FALSE            FALSE         FALSE  
Casting net 
1 models in net 
Initialization with topicScore. 
Initializing factors using Topic SCORE algorithm.
Initializing loadings by running 10 SCD updates.
......................................................................................................
Completed E-Step (32 seconds). 
Completed M-Step (0 seconds). 
calculate log likelihood 
Completing Iteration 1 (approx. per word bound = -66.971) 
......................................................................................................
Completed E-Step (23 seconds). 
Completed M-Step (0 seconds). 
calculate log likelihood 
convergence.check is 0.0009501889 
Completing Iteration 2 (approx. per word bound = -66.907, relative change = 9.502e-04) 
......................................................................................................
Completed E-Step (18 seconds). 
Completed M-Step (0 seconds). 
calculate log likelihood 
convergence.check is 0.0004805841 
Model Terminated Before Convergence Reached 
2 models in net 
Initialization with topicScore. 
Initializing factors using Topic SCORE algorithm.
Initializing loadings by running 10 SCD updates.
......................................................................................................
Completed E-Step (31 seconds). 
Completed M-Step (0 seconds). 
calculate log likelihood 
Completing Iteration 1 (approx. per word bound = -66.922) 
......................................................................................................
Completed E-Step (19 seconds). 
Completed M-Step (0 seconds). 
calculate log likelihood 
convergence.check is 0.0005631804 
Completing Iteration 2 (approx. per word bound = -66.884, relative change = 5.632e-04) 
......................................................................................................
Completed E-Step (18 seconds). 
Completed M-Step (0 seconds). 
calculate log likelihood 
convergence.check is 0.0002678877 
Model Terminated Before Convergence Reached 
3 models in net 
Initialization with topicScore. 
Initializing factors using Topic SCORE algorithm.
Initializing loadings by running 10 SCD updates.
......................................................................................................
Completed E-Step (28 seconds). 
Completed M-Step (0 seconds). 
calculate log likelihood 
Completing Iteration 1 (approx. per word bound = -66.920) 
......................................................................................................
Completed E-Step (23 seconds). 
Completed M-Step (0 seconds). 
calculate log likelihood 
convergence.check is 0.0009130863 
Completing Iteration 2 (approx. per word bound = -66.859, relative change = 9.131e-04) 
......................................................................................................
Completed E-Step (19 seconds). 
Completed M-Step (0 seconds). 
calculate log likelihood 
convergence.check is 0.0005895922 
Model Terminated Before Convergence Reached 
4 models in net 
Initialization with topicScore. 
Initializing factors using Topic SCORE algorithm.
Initializing loadings by running 10 SCD updates.
......................................................................................................
Completed E-Step (25 seconds). 
Completed M-Step (0 seconds). 
calculate log likelihood 
Completing Iteration 1 (approx. per word bound = -66.872) 
......................................................................................................
Completed E-Step (18 seconds). 
Completed M-Step (0 seconds). 
calculate log likelihood 
convergence.check is 0.0002837955 
Completing Iteration 2 (approx. per word bound = -66.853, relative change = 2.838e-04) 
......................................................................................................
Completed E-Step (17 seconds). 
Completed M-Step (0 seconds). 
calculate log likelihood 
convergence.check is 0.0001749489 
Model Terminated Before Convergence Reached 
5 models in net 
Initialization with topicScore. 
Initializing factors using Topic SCORE algorithm.
Initializing loadings by running 10 SCD updates.
......................................................................................................
Completed E-Step (28 seconds). 
Completed M-Step (0 seconds). 
calculate log likelihood 
Completing Iteration 1 (approx. per word bound = -66.938) 
......................................................................................................
Completed E-Step (19 seconds). 
Completed M-Step (0 seconds). 
calculate log likelihood 
convergence.check is 0.0009651668 
Completing Iteration 2 (approx. per word bound = -66.873, relative change = 9.652e-04) 
......................................................................................................
Completed E-Step (18 seconds). 
Completed M-Step (0 seconds). 
calculate log likelihood 
convergence.check is 0.000586796 
Model Terminated Before Convergence Reached 
6 models in net 
Initialization with topicScore. 
Initializing factors using Topic SCORE algorithm.
Initializing loadings by running 10 SCD updates.
......................................................................................................
Completed E-Step (31 seconds). 
Completed M-Step (0 seconds). 
calculate log likelihood 
Completing Iteration 1 (approx. per word bound = -66.920) 
......................................................................................................
Completed E-Step (19 seconds). 
Completed M-Step (0 seconds). 
calculate log likelihood 
convergence.check is 0.0005655166 
Completing Iteration 2 (approx. per word bound = -66.882, relative change = 5.655e-04) 
......................................................................................................
Completed E-Step (18 seconds). 
Completed M-Step (0 seconds). 
calculate log likelihood 
convergence.check is 0.000269427 
Model Terminated Before Convergence Reached 
7 models in net 
Initialization with topicScore. 
Initializing factors using Topic SCORE algorithm.
Initializing loadings by running 10 SCD updates.
......................................................................................................
Completed E-Step (26 seconds). 
Completed M-Step (0 seconds). 
calculate log likelihood 
Completing Iteration 1 (approx. per word bound = -66.852) 
......................................................................................................
Completed E-Step (19 seconds). 
Completed M-Step (0 seconds). 
calculate log likelihood 
convergence.check is 0.0003639553 
Completing Iteration 2 (approx. per word bound = -66.827, relative change = 3.640e-04) 
......................................................................................................
Completed E-Step (18 seconds). 
Completed M-Step (0 seconds). 
calculate log likelihood 
convergence.check is 0.0001858067 
Model Terminated Before Convergence Reached 
8 models in net 
Initialization with topicScore. 
Initializing factors using Topic SCORE algorithm.
Initializing loadings by running 10 SCD updates.
......................................................................................................
Completed E-Step (21 seconds). 
Completed M-Step (0 seconds). 
calculate log likelihood 
Completing Iteration 1 (approx. per word bound = -66.760) 
......................................................................................................
Completed E-Step (20 seconds). 
Completed M-Step (0 seconds). 
calculate log likelihood 
convergence.check is 7.137159e-05 
Completing Iteration 2 (approx. per word bound = -66.755, relative change = 7.137e-05) 
......................................................................................................
Completed E-Step (17 seconds). 
Completed M-Step (0 seconds). 
calculate log likelihood 
convergence.check is 4.531808e-05 
Model Terminated Before Convergence Reached 
9 models in net 
Initialization with topicScore. 
Initializing factors using Topic SCORE algorithm.
Initializing loadings by running 10 SCD updates.
......................................................................................................
Completed E-Step (19 seconds). 
Completed M-Step (0 seconds). 
calculate log likelihood 
Completing Iteration 1 (approx. per word bound = -66.749) 
......................................................................................................
Completed E-Step (19 seconds). 
Completed M-Step (0 seconds). 
calculate log likelihood 
convergence.check is 6.094746e-05 
Completing Iteration 2 (approx. per word bound = -66.745, relative change = 6.095e-05) 
......................................................................................................
Completed E-Step (18 seconds). 
Completed M-Step (0 seconds). 
calculate log likelihood 
convergence.check is 3.088863e-05 
Model Terminated Before Convergence Reached 
10 models in net 
Initialization with topicScore. 
Initializing factors using Topic SCORE algorithm.
Initializing loadings by running 10 SCD updates.
......................................................................................................
Completed E-Step (27 seconds). 
Completed M-Step (0 seconds). 
calculate log likelihood 
Completing Iteration 1 (approx. per word bound = -66.901) 
......................................................................................................
Completed E-Step (18 seconds). 
Completed M-Step (0 seconds). 
calculate log likelihood 
convergence.check is 0.0003548271 
Completing Iteration 2 (approx. per word bound = -66.878, relative change = 3.548e-04) 
......................................................................................................
Completed E-Step (17 seconds). 
Completed M-Step (0 seconds). 
calculate log likelihood 
convergence.check is 0.0002012305 
Model Terminated Before Convergence Reached 
11 models in net 
Beginning Spectral Initialization 
	 Calculating the gram matrix...
	 Finding anchor words...
 	.........
	 Recovering initialization...
 	....
Initialization complete.
......................................................................................................
Completed E-Step (25 seconds). 
Completed M-Step (0 seconds). 
calculate log likelihood 
Completing Iteration 1 (approx. per word bound = -66.852) 
......................................................................................................
Completed E-Step (17 seconds). 
Completed M-Step (0 seconds). 
calculate log likelihood 
convergence.check is 0.001292713 
Completing Iteration 2 (approx. per word bound = -66.766, relative change = 1.293e-03) 
......................................................................................................
Completed E-Step (16 seconds). 
Completed M-Step (0 seconds). 
calculate log likelihood 
convergence.check is 0.0005514169 
Model Terminated Before Convergence Reached 
12 models in net 
Beginning Random Initialization 
Initialization with Poisson NMF 
......................................................................................................
Completed E-Step (30 seconds). 
Completed M-Step (0 seconds). 
calculate log likelihood 
Completing Iteration 1 (approx. per word bound = -85.426) 
......................................................................................................
Completed E-Step (23 seconds). 
Completed M-Step (0 seconds). 
calculate log likelihood 
convergence.check is 0.2155418 
Completing Iteration 2 (approx. per word bound = -67.013, relative change = 2.155e-01) 
......................................................................................................
Completed E-Step (18 seconds). 
Completed M-Step (0 seconds). 
calculate log likelihood 
convergence.check is 0.0008064772 
Model Terminated Before Convergence Reached 
13 models in net 
Beginning Random Initialization 
Initialization with Poisson NMF 
......................................................................................................
Completed E-Step (31 seconds). 
Completed M-Step (0 seconds). 
calculate log likelihood 
Completing Iteration 1 (approx. per word bound = -85.926) 
......................................................................................................
Completed E-Step (22 seconds). 
Completed M-Step (0 seconds). 
calculate log likelihood 
convergence.check is 0.2199854 
Completing Iteration 2 (approx. per word bound = -67.023, relative change = 2.200e-01) 
......................................................................................................
Completed E-Step (19 seconds). 
Completed M-Step (0 seconds). 
calculate log likelihood 
convergence.check is 0.0004842378 
Model Terminated Before Convergence Reached 
14 models in net 
Beginning Random Initialization 
Initialization with Poisson NMF 
......................................................................................................
Completed E-Step (31 seconds). 
Completed M-Step (0 seconds). 
calculate log likelihood 
Completing Iteration 1 (approx. per word bound = -85.657) 
......................................................................................................
Completed E-Step (24 seconds). 
Completed M-Step (0 seconds). 
calculate log likelihood 
convergence.check is 0.2175645 
Completing Iteration 2 (approx. per word bound = -67.021, relative change = 2.176e-01) 
......................................................................................................
Completed E-Step (18 seconds). 
Completed M-Step (0 seconds). 
calculate log likelihood 
convergence.check is 0.000534825 
Model Terminated Before Convergence Reached 
15 models in net 
Beginning Random Initialization 
Initialization with Poisson NMF 
......................................................................................................
Completed E-Step (29 seconds). 
Completed M-Step (0 seconds). 
calculate log likelihood 
Completing Iteration 1 (approx. per word bound = -85.585) 
......................................................................................................
Completed E-Step (22 seconds). 
Completed M-Step (0 seconds). 
calculate log likelihood 
convergence.check is 0.2165973 
Completing Iteration 2 (approx. per word bound = -67.048, relative change = 2.166e-01) 
......................................................................................................
Completed E-Step (20 seconds). 
Completed M-Step (0 seconds). 
calculate log likelihood 
convergence.check is 0.0003711201 
Model Terminated Before Convergence Reached 
16 models in net 
Beginning Random Initialization 
Initialization with Poisson NMF 
......................................................................................................
Completed E-Step (30 seconds). 
Completed M-Step (0 seconds). 
calculate log likelihood 
Completing Iteration 1 (approx. per word bound = -86.219) 
......................................................................................................
Completed E-Step (25 seconds). 
Completed M-Step (0 seconds). 
calculate log likelihood 
convergence.check is 0.2224847 
Completing Iteration 2 (approx. per word bound = -67.037, relative change = 2.225e-01) 
......................................................................................................
Completed E-Step (21 seconds). 
Completed M-Step (0 seconds). 
calculate log likelihood 
convergence.check is 0.0004636955 
Model Terminated Before Convergence Reached 
17 models in net 
Beginning Random Initialization 
Initialization with Poisson NMF 
......................................................................................................
Completed E-Step (33 seconds). 
Completed M-Step (0 seconds). 
calculate log likelihood 
Completing Iteration 1 (approx. per word bound = -85.181) 
......................................................................................................
Completed E-Step (22 seconds). 
Completed M-Step (0 seconds). 
calculate log likelihood 
convergence.check is 0.2130212 
Completing Iteration 2 (approx. per word bound = -67.036, relative change = 2.130e-01) 
......................................................................................................
Completed E-Step (20 seconds). 
Completed M-Step (0 seconds). 
calculate log likelihood 
convergence.check is 0.0003907257 
Model Terminated Before Convergence Reached 
18 models in net 
Beginning Random Initialization 
Initialization with Poisson NMF 
......................................................................................................
Completed E-Step (32 seconds). 
Completed M-Step (0 seconds). 
calculate log likelihood 
Completing Iteration 1 (approx. per word bound = -85.830) 
......................................................................................................
Completed E-Step (22 seconds). 
Completed M-Step (0 seconds). 
calculate log likelihood 
convergence.check is 0.2191953 
Completing Iteration 2 (approx. per word bound = -67.017, relative change = 2.192e-01) 
......................................................................................................
Completed E-Step (19 seconds). 
Completed M-Step (0 seconds). 
calculate log likelihood 
convergence.check is 0.000629646 
Model Terminated Before Convergence Reached 
19 models in net 
Beginning Random Initialization 
Initialization with Poisson NMF 
......................................................................................................
Completed E-Step (32 seconds). 
Completed M-Step (0 seconds). 
calculate log likelihood 
Completing Iteration 1 (approx. per word bound = -85.266) 
......................................................................................................
Completed E-Step (24 seconds). 
Completed M-Step (0 seconds). 
calculate log likelihood 
convergence.check is 0.2136711 
Completing Iteration 2 (approx. per word bound = -67.047, relative change = 2.137e-01) 
......................................................................................................
Completed E-Step (21 seconds). 
Completed M-Step (0 seconds). 
calculate log likelihood 
convergence.check is 0.0005453292 
Model Terminated Before Convergence Reached 
20 models in net 
Beginning Random Initialization 
Initialization with Poisson NMF 
......................................................................................................
Completed E-Step (32 seconds). 
Completed M-Step (0 seconds). 
calculate log likelihood 
Completing Iteration 1 (approx. per word bound = -86.493) 
......................................................................................................
Completed E-Step (20 seconds). 
Completed M-Step (0 seconds). 
calculate log likelihood 
convergence.check is 0.2253119 
Completing Iteration 2 (approx. per word bound = -67.005, relative change = 2.253e-01) 
......................................................................................................
Completed E-Step (18 seconds). 
Completed M-Step (0 seconds). 
calculate log likelihood 
convergence.check is 0.0007519071 
Model Terminated Before Convergence Reached 
21 models in net 
Beginning Random Initialization 
Initialization with Poisson NMF 
......................................................................................................
Completed E-Step (31 seconds). 
Completed M-Step (0 seconds). 
calculate log likelihood 
Completing Iteration 1 (approx. per word bound = -85.320) 
......................................................................................................
Completed E-Step (21 seconds). 
Completed M-Step (0 seconds). 
calculate log likelihood 
convergence.check is 0.2141893 
Completing Iteration 2 (approx. per word bound = -67.045, relative change = 2.142e-01) 
......................................................................................................
Completed E-Step (18 seconds). 
Completed M-Step (0 seconds). 
calculate log likelihood 
convergence.check is 0.000758911 
Model Terminated Before Convergence Reached 
Running select models 
1 select model run 
Beginning Spectral Initialization 
	 Calculating the gram matrix...
	 Finding anchor words...
 	.........
	 Recovering initialization...
 	....
Initialization complete.
......................................................................................................
Completed E-Step (24 seconds). 
Completed M-Step (0 seconds). 
calculate log likelihood 
Completing Iteration 1 (approx. per word bound = -66.852) 
......................................................................................................
Completed E-Step (16 seconds). 
Completed M-Step (0 seconds). 
calculate log likelihood 
convergence.check is 0.001292713 
Completing Iteration 2 (approx. per word bound = -66.766, relative change = 1.293e-03) 
......................................................................................................
Completed E-Step (15 seconds). 
Completed M-Step (0 seconds). 
calculate log likelihood 
convergence.check is 0.0005514169 
Completing Iteration 3 (approx. per word bound = -66.729, relative change = 5.514e-04) 
......................................................................................................
Completed E-Step (14 seconds). 
Completed M-Step (0 seconds). 
calculate log likelihood 
convergence.check is 0.0001455706 
Completing Iteration 4 (approx. per word bound = -66.719, relative change = 1.456e-04) 
......................................................................................................
Completed E-Step (13 seconds). 
Completed M-Step (0 seconds). 
calculate log likelihood 
convergence.check is 5.791918e-05 
Completing Iteration 5 (approx. per word bound = -66.715, relative change = 5.792e-05) 
Topic 1: Gene131, Gene164, Gene727, Gene600, Gene545 
 Topic 2: Gene776, Gene938, Gene559, Gene131, Gene545 
 Topic 3: Gene776, Gene938, Gene131, Gene699, Gene193 
 Topic 4: Gene642, Gene131, Gene102, Gene343, Gene600 
 Topic 5: Gene131, Gene102, Gene559, Gene545, Gene164 
 Topic 6: Gene131, Gene780, Gene600, Gene776, Gene343 
 Topic 7: Gene102, Gene131, Gene164, Gene727, Gene776 
 Topic 8: Gene545, Gene776, Gene131, Gene343, Gene600 
 Topic 9: Gene131, Gene164, Gene600, Gene545, Gene117 
......................................................................................................
Completed E-Step (13 seconds). 
Completed M-Step (0 seconds). 
calculate log likelihood 
convergence.check is 3.047225e-05 
Completing Iteration 6 (approx. per word bound = -66.713, relative change = 3.047e-05) 
......................................................................................................
Completed E-Step (13 seconds). 
Completed M-Step (0 seconds). 
calculate log likelihood 
convergence.check is 1.917978e-05 
Completing Iteration 7 (approx. per word bound = -66.712, relative change = 1.918e-05) 
......................................................................................................
Completed E-Step (12 seconds). 
Completed M-Step (0 seconds). 
calculate log likelihood 
convergence.check is 1.319765e-05 
Completing Iteration 8 (approx. per word bound = -66.711, relative change = 1.320e-05) 
......................................................................................................
Completed E-Step (12 seconds). 
Completed M-Step (0 seconds). 
calculate log likelihood 
convergence.check is 1.004945e-05 
Completing Iteration 9 (approx. per word bound = -66.710, relative change = 1.005e-05) 
......................................................................................................
Completed E-Step (11 seconds). 
Completed M-Step (0 seconds). 
calculate log likelihood 
convergence.check is 8.407731e-06 
Completing Iteration 10 (approx. per word bound = -66.710, relative change = 8.408e-06) 
Topic 1: Gene131, Gene164, Gene727, Gene600, Gene545 
 Topic 2: Gene776, Gene938, Gene559, Gene131, Gene545 
 Topic 3: Gene776, Gene938, Gene131, Gene699, Gene193 
 Topic 4: Gene642, Gene131, Gene102, Gene343, Gene600 
 Topic 5: Gene131, Gene102, Gene559, Gene545, Gene343 
 Topic 6: Gene131, Gene780, Gene600, Gene776, Gene343 
 Topic 7: Gene102, Gene164, Gene131, Gene727, Gene776 
 Topic 8: Gene545, Gene776, Gene131, Gene343, Gene600 
 Topic 9: Gene131, Gene164, Gene600, Gene545, Gene117 
......................................................................................................
Completed E-Step (11 seconds). 
Completed M-Step (0 seconds). 
calculate log likelihood 
convergence.check is 6.626079e-06 
Completing Iteration 11 (approx. per word bound = -66.709, relative change = 6.626e-06) 
......................................................................................................
Completed E-Step (11 seconds). 
Completed M-Step (0 seconds). 
calculate log likelihood 
convergence.check is 5.927905e-06 
Completing Iteration 12 (approx. per word bound = -66.709, relative change = 5.928e-06) 
......................................................................................................
Completed E-Step (11 seconds). 
Completed M-Step (0 seconds). 
calculate log likelihood 
convergence.check is 4.502406e-06 
Completing Iteration 13 (approx. per word bound = -66.709, relative change = 4.502e-06) 
......................................................................................................
Completed E-Step (11 seconds). 
Completed M-Step (0 seconds). 
calculate log likelihood 
convergence.check is 4.477398e-06 
Completing Iteration 14 (approx. per word bound = -66.708, relative change = 4.477e-06) 
......................................................................................................
Completed E-Step (10 seconds). 
Completed M-Step (0 seconds). 
calculate log likelihood 
convergence.check is 3.849371e-06 
Completing Iteration 15 (approx. per word bound = -66.708, relative change = 3.849e-06) 
Topic 1: Gene131, Gene164, Gene727, Gene600, Gene545 
 Topic 2: Gene938, Gene776, Gene559, Gene131, Gene545 
 Topic 3: Gene776, Gene938, Gene131, Gene699, Gene193 
 Topic 4: Gene642, Gene131, Gene102, Gene343, Gene600 
 Topic 5: Gene131, Gene102, Gene559, Gene343, Gene545 
 Topic 6: Gene131, Gene780, Gene600, Gene343, Gene776 
 Topic 7: Gene102, Gene164, Gene131, Gene727, Gene776 
 Topic 8: Gene545, Gene776, Gene131, Gene343, Gene600 
 Topic 9: Gene164, Gene131, Gene600, Gene117, Gene519 
......................................................................................................
Completed E-Step (10 seconds). 
Completed M-Step (0 seconds). 
calculate log likelihood 
convergence.check is 3.365278e-06 
Completing Iteration 16 (approx. per word bound = -66.708, relative change = 3.365e-06) 
......................................................................................................
Completed E-Step (10 seconds). 
Completed M-Step (0 seconds). 
calculate log likelihood 
convergence.check is 3.104514e-06 
Completing Iteration 17 (approx. per word bound = -66.708, relative change = 3.105e-06) 
......................................................................................................
Completed E-Step (10 seconds). 
Completed M-Step (0 seconds). 
calculate log likelihood 
convergence.check is 2.776279e-06 
Completing Iteration 18 (approx. per word bound = -66.708, relative change = 2.776e-06) 
......................................................................................................
Completed E-Step (12 seconds). 
Completed M-Step (0 seconds). 
calculate log likelihood 
convergence.check is 2.321999e-06 
Completing Iteration 19 (approx. per word bound = -66.707, relative change = 2.322e-06) 
......................................................................................................
Completed E-Step (10 seconds). 
Completed M-Step (0 seconds). 
calculate log likelihood 
convergence.check is 2.502495e-06 
Completing Iteration 20 (approx. per word bound = -66.707, relative change = 2.502e-06) 
Topic 1: Gene131, Gene164, Gene727, Gene600, Gene545 
 Topic 2: Gene938, Gene776, Gene559, Gene131, Gene545 
 Topic 3: Gene776, Gene938, Gene131, Gene699, Gene193 
 Topic 4: Gene642, Gene131, Gene102, Gene343, Gene600 
 Topic 5: Gene131, Gene102, Gene559, Gene343, Gene545 
 Topic 6: Gene131, Gene780, Gene600, Gene343, Gene776 
 Topic 7: Gene102, Gene164, Gene131, Gene727, Gene776 
 Topic 8: Gene545, Gene776, Gene131, Gene343, Gene600 
 Topic 9: Gene164, Gene131, Gene600, Gene519, Gene117 
......................................................................................................
Completed E-Step (10 seconds). 
Completed M-Step (0 seconds). 
calculate log likelihood 
convergence.check is 2.350434e-06 
Completing Iteration 21 (approx. per word bound = -66.707, relative change = 2.350e-06) 
......................................................................................................
Completed E-Step (10 seconds). 
Completed M-Step (0 seconds). 
calculate log likelihood 
convergence.check is 1.805848e-06 
Completing Iteration 22 (approx. per word bound = -66.707, relative change = 1.806e-06) 
......................................................................................................
Completed E-Step (10 seconds). 
Completed M-Step (0 seconds). 
calculate log likelihood 
convergence.check is 2.031986e-06 
Completing Iteration 23 (approx. per word bound = -66.707, relative change = 2.032e-06) 
......................................................................................................
Completed E-Step (10 seconds). 
Completed M-Step (0 seconds). 
calculate log likelihood 
convergence.check is 1.719558e-06 
Completing Iteration 24 (approx. per word bound = -66.707, relative change = 1.720e-06) 
......................................................................................................
Completed E-Step (10 seconds). 
Completed M-Step (0 seconds). 
calculate log likelihood 
convergence.check is 1.67587e-06 
Completing Iteration 25 (approx. per word bound = -66.707, relative change = 1.676e-06) 
Topic 1: Gene131, Gene164, Gene727, Gene600, Gene545 
 Topic 2: Gene938, Gene776, Gene559, Gene131, Gene545 
 Topic 3: Gene776, Gene131, Gene938, Gene699, Gene193 
 Topic 4: Gene642, Gene131, Gene102, Gene343, Gene600 
 Topic 5: Gene131, Gene102, Gene559, Gene343, Gene545 
 Topic 6: Gene131, Gene780, Gene600, Gene343, Gene776 
 Topic 7: Gene102, Gene164, Gene131, Gene727, Gene776 
 Topic 8: Gene545, Gene776, Gene131, Gene600, Gene343 
 Topic 9: Gene164, Gene131, Gene600, Gene519, Gene117 
......................................................................................................
Completed E-Step (9 seconds). 
Completed M-Step (0 seconds). 
calculate log likelihood 
convergence.check is 1.817908e-06 
Completing Iteration 26 (approx. per word bound = -66.706, relative change = 1.818e-06) 
......................................................................................................
Completed E-Step (9 seconds). 
Completed M-Step (0 seconds). 
calculate log likelihood 
convergence.check is 9.977816e-07 
Model Converged 
2 select model run 
Initialization with topicScore. 
Initializing factors using Topic SCORE algorithm.
Initializing loadings by running 10 SCD updates.
......................................................................................................
Completed E-Step (19 seconds). 
Completed M-Step (0 seconds). 
calculate log likelihood 
Completing Iteration 1 (approx. per word bound = -66.749) 
......................................................................................................
Completed E-Step (20 seconds). 
Completed M-Step (0 seconds). 
calculate log likelihood 
convergence.check is 6.094746e-05 
Completing Iteration 2 (approx. per word bound = -66.745, relative change = 6.095e-05) 
......................................................................................................
Completed E-Step (19 seconds). 
Completed M-Step (0 seconds). 
calculate log likelihood 
convergence.check is 3.088863e-05 
Completing Iteration 3 (approx. per word bound = -66.743, relative change = 3.089e-05) 
......................................................................................................
Completed E-Step (19 seconds). 
Completed M-Step (0 seconds). 
calculate log likelihood 
convergence.check is 2.527812e-05 
Completing Iteration 4 (approx. per word bound = -66.741, relative change = 2.528e-05) 
......................................................................................................
Completed E-Step (19 seconds). 
Completed M-Step (0 seconds). 
calculate log likelihood 
convergence.check is 2.235376e-05 
Completing Iteration 5 (approx. per word bound = -66.740, relative change = 2.235e-05) 
Topic 1: Gene776, Gene545, Gene727, Gene343, Gene519 
 Topic 2: Gene131, Gene776, Gene102, Gene642, Gene343 
 Topic 3: Gene545, Gene131, Gene776, Gene642, Gene600 
 Topic 4: Gene642, Gene600, Gene343, Gene117, Gene225 
 Topic 5: Gene559, Gene117, Gene343, Gene519, Gene727 
 Topic 6: Gene131, Gene164, Gene600, Gene727, Gene542 
 Topic 7: Gene780, Gene558, Gene600, Gene117, Gene519 
 Topic 8: Gene102, Gene164, Gene545, Gene727, Gene748 
 Topic 9: Gene938, Gene559, Gene776, Gene699, Gene193 
......................................................................................................
Completed E-Step (19 seconds). 
Completed M-Step (0 seconds). 
calculate log likelihood 
convergence.check is 1.988525e-05 
Completing Iteration 6 (approx. per word bound = -66.738, relative change = 1.989e-05) 
......................................................................................................
Completed E-Step (19 seconds). 
Completed M-Step (0 seconds). 
calculate log likelihood 
convergence.check is 1.805068e-05 
Completing Iteration 7 (approx. per word bound = -66.737, relative change = 1.805e-05) 
......................................................................................................
Completed E-Step (19 seconds). 
Completed M-Step (0 seconds). 
calculate log likelihood 
convergence.check is 1.594778e-05 
Completing Iteration 8 (approx. per word bound = -66.736, relative change = 1.595e-05) 
......................................................................................................
Completed E-Step (18 seconds). 
Completed M-Step (0 seconds). 
calculate log likelihood 
convergence.check is 1.455092e-05 
Completing Iteration 9 (approx. per word bound = -66.735, relative change = 1.455e-05) 
......................................................................................................
Completed E-Step (20 seconds). 
Completed M-Step (0 seconds). 
calculate log likelihood 
convergence.check is 1.339994e-05 
Completing Iteration 10 (approx. per word bound = -66.734, relative change = 1.340e-05) 
Topic 1: Gene776, Gene545, Gene727, Gene343, Gene519 
 Topic 2: Gene131, Gene776, Gene642, Gene102, Gene343 
 Topic 3: Gene545, Gene131, Gene776, Gene642, Gene343 
 Topic 4: Gene642, Gene343, Gene600, Gene117, Gene225 
 Topic 5: Gene559, Gene117, Gene343, Gene519, Gene131 
 Topic 6: Gene131, Gene164, Gene600, Gene727, Gene542 
 Topic 7: Gene780, Gene558, Gene600, Gene117, Gene519 
 Topic 8: Gene102, Gene164, Gene545, Gene727, Gene748 
 Topic 9: Gene938, Gene559, Gene776, Gene699, Gene193 
......................................................................................................
Completed E-Step (17 seconds). 
Completed M-Step (0 seconds). 
calculate log likelihood 
convergence.check is 1.217769e-05 
Completing Iteration 11 (approx. per word bound = -66.733, relative change = 1.218e-05) 
......................................................................................................
Completed E-Step (16 seconds). 
Completed M-Step (0 seconds). 
calculate log likelihood 
convergence.check is 1.12264e-05 
Completing Iteration 12 (approx. per word bound = -66.733, relative change = 1.123e-05) 
......................................................................................................
Completed E-Step (16 seconds). 
Completed M-Step (0 seconds). 
calculate log likelihood 
convergence.check is 1.095522e-05 
Completing Iteration 13 (approx. per word bound = -66.732, relative change = 1.096e-05) 
......................................................................................................
Completed E-Step (16 seconds). 
Completed M-Step (0 seconds). 
calculate log likelihood 
convergence.check is 9.691345e-06 
Completing Iteration 14 (approx. per word bound = -66.731, relative change = 9.691e-06) 
......................................................................................................
Completed E-Step (16 seconds). 
Completed M-Step (0 seconds). 
calculate log likelihood 
convergence.check is 9.216558e-06 
Completing Iteration 15 (approx. per word bound = -66.731, relative change = 9.217e-06) 
Topic 1: Gene776, Gene545, Gene727, Gene343, Gene519 
 Topic 2: Gene131, Gene776, Gene642, Gene102, Gene343 
 Topic 3: Gene545, Gene131, Gene776, Gene642, Gene343 
 Topic 4: Gene642, Gene343, Gene600, Gene117, Gene519 
 Topic 5: Gene559, Gene117, Gene343, Gene131, Gene519 
 Topic 6: Gene131, Gene164, Gene600, Gene727, Gene542 
 Topic 7: Gene780, Gene558, Gene600, Gene117, Gene343 
 Topic 8: Gene102, Gene164, Gene545, Gene727, Gene748 
 Topic 9: Gene938, Gene559, Gene776, Gene699, Gene193 
......................................................................................................
Completed E-Step (15 seconds). 
Completed M-Step (0 seconds). 
calculate log likelihood 
convergence.check is 8.399832e-06 
Completing Iteration 16 (approx. per word bound = -66.730, relative change = 8.400e-06) 
......................................................................................................
Completed E-Step (15 seconds). 
Completed M-Step (0 seconds). 
calculate log likelihood 
convergence.check is 8.198645e-06 
Completing Iteration 17 (approx. per word bound = -66.730, relative change = 8.199e-06) 
......................................................................................................
Completed E-Step (15 seconds). 
Completed M-Step (0 seconds). 
calculate log likelihood 
convergence.check is 7.849821e-06 
Completing Iteration 18 (approx. per word bound = -66.729, relative change = 7.850e-06) 
......................................................................................................
Completed E-Step (15 seconds). 
Completed M-Step (0 seconds). 
calculate log likelihood 
convergence.check is 7.366038e-06 
Completing Iteration 19 (approx. per word bound = -66.728, relative change = 7.366e-06) 
......................................................................................................
Completed E-Step (14 seconds). 
Completed M-Step (0 seconds). 
calculate log likelihood 
convergence.check is 6.83339e-06 
Completing Iteration 20 (approx. per word bound = -66.728, relative change = 6.833e-06) 
Topic 1: Gene776, Gene545, Gene727, Gene343, Gene519 
 Topic 2: Gene131, Gene776, Gene642, Gene343, Gene102 
 Topic 3: Gene545, Gene131, Gene776, Gene642, Gene343 
 Topic 4: Gene642, Gene343, Gene600, Gene117, Gene519 
 Topic 5: Gene559, Gene117, Gene343, Gene131, Gene519 
 Topic 6: Gene131, Gene164, Gene600, Gene727, Gene769 
 Topic 7: Gene780, Gene558, Gene600, Gene117, Gene343 
 Topic 8: Gene102, Gene164, Gene545, Gene727, Gene748 
 Topic 9: Gene938, Gene559, Gene776, Gene699, Gene193 
......................................................................................................
Completed E-Step (14 seconds). 
Completed M-Step (0 seconds). 
calculate log likelihood 
convergence.check is 6.441267e-06 
Completing Iteration 21 (approx. per word bound = -66.728, relative change = 6.441e-06) 
......................................................................................................
Completed E-Step (14 seconds). 
Completed M-Step (0 seconds). 
calculate log likelihood 
convergence.check is 6.006294e-06 
Completing Iteration 22 (approx. per word bound = -66.727, relative change = 6.006e-06) 
......................................................................................................
Completed E-Step (14 seconds). 
Completed M-Step (0 seconds). 
calculate log likelihood 
convergence.check is 5.802048e-06 
Completing Iteration 23 (approx. per word bound = -66.727, relative change = 5.802e-06) 
......................................................................................................
Completed E-Step (13 seconds). 
Completed M-Step (0 seconds). 
calculate log likelihood 
convergence.check is 5.542486e-06 
Completing Iteration 24 (approx. per word bound = -66.726, relative change = 5.542e-06) 
......................................................................................................
Completed E-Step (13 seconds). 
Completed M-Step (0 seconds). 
calculate log likelihood 
convergence.check is 5.147938e-06 
Completing Iteration 25 (approx. per word bound = -66.726, relative change = 5.148e-06) 
Topic 1: Gene776, Gene545, Gene727, Gene519, Gene343 
 Topic 2: Gene131, Gene776, Gene642, Gene343, Gene102 
 Topic 3: Gene545, Gene131, Gene776, Gene642, Gene343 
 Topic 4: Gene642, Gene343, Gene600, Gene117, Gene519 
 Topic 5: Gene559, Gene131, Gene343, Gene117, Gene780 
 Topic 6: Gene131, Gene164, Gene600, Gene727, Gene769 
 Topic 7: Gene780, Gene600, Gene558, Gene117, Gene343 
 Topic 8: Gene102, Gene164, Gene545, Gene727, Gene748 
 Topic 9: Gene938, Gene559, Gene776, Gene699, Gene193 
......................................................................................................
Completed E-Step (12 seconds). 
Completed M-Step (0 seconds). 
calculate log likelihood 
convergence.check is 4.650687e-06 
Completing Iteration 26 (approx. per word bound = -66.726, relative change = 4.651e-06) 
......................................................................................................
Completed E-Step (12 seconds). 
Completed M-Step (0 seconds). 
calculate log likelihood 
convergence.check is 4.457448e-06 
Completing Iteration 27 (approx. per word bound = -66.725, relative change = 4.457e-06) 
......................................................................................................
Completed E-Step (12 seconds). 
Completed M-Step (0 seconds). 
calculate log likelihood 
convergence.check is 4.225793e-06 
Completing Iteration 28 (approx. per word bound = -66.725, relative change = 4.226e-06) 
......................................................................................................
Completed E-Step (11 seconds). 
Completed M-Step (0 seconds). 
calculate log likelihood 
convergence.check is 3.86936e-06 
Completing Iteration 29 (approx. per word bound = -66.725, relative change = 3.869e-06) 
......................................................................................................
Completed E-Step (11 seconds). 
Completed M-Step (0 seconds). 
calculate log likelihood 
convergence.check is 3.810091e-06 
Completing Iteration 30 (approx. per word bound = -66.725, relative change = 3.810e-06) 
Topic 1: Gene776, Gene545, Gene727, Gene519, Gene343 
 Topic 2: Gene131, Gene776, Gene642, Gene343, Gene102 
 Topic 3: Gene545, Gene131, Gene776, Gene642, Gene343 
 Topic 4: Gene642, Gene343, Gene600, Gene117, Gene519 
 Topic 5: Gene559, Gene131, Gene343, Gene117, Gene780 
 Topic 6: Gene131, Gene164, Gene600, Gene727, Gene769 
 Topic 7: Gene780, Gene600, Gene558, Gene117, Gene343 
 Topic 8: Gene102, Gene164, Gene545, Gene727, Gene748 
 Topic 9: Gene938, Gene559, Gene776, Gene699, Gene193 
......................................................................................................
Completed E-Step (11 seconds). 
Completed M-Step (0 seconds). 
calculate log likelihood 
convergence.check is 3.504686e-06 
Completing Iteration 31 (approx. per word bound = -66.724, relative change = 3.505e-06) 
......................................................................................................
Completed E-Step (11 seconds). 
Completed M-Step (0 seconds). 
calculate log likelihood 
convergence.check is 3.423942e-06 
Completing Iteration 32 (approx. per word bound = -66.724, relative change = 3.424e-06) 
......................................................................................................
Completed E-Step (11 seconds). 
Completed M-Step (0 seconds). 
calculate log likelihood 
convergence.check is 3.254393e-06 
Completing Iteration 33 (approx. per word bound = -66.724, relative change = 3.254e-06) 
......................................................................................................
Completed E-Step (11 seconds). 
Completed M-Step (0 seconds). 
calculate log likelihood 
convergence.check is 3.029661e-06 
Completing Iteration 34 (approx. per word bound = -66.724, relative change = 3.030e-06) 
......................................................................................................
Completed E-Step (11 seconds). 
Completed M-Step (0 seconds). 
calculate log likelihood 
convergence.check is 2.994707e-06 
Completing Iteration 35 (approx. per word bound = -66.724, relative change = 2.995e-06) 
Topic 1: Gene776, Gene545, Gene727, Gene519, Gene343 
 Topic 2: Gene131, Gene776, Gene642, Gene343, Gene102 
 Topic 3: Gene545, Gene131, Gene776, Gene642, Gene343 
 Topic 4: Gene642, Gene343, Gene600, Gene117, Gene519 
 Topic 5: Gene559, Gene131, Gene343, Gene117, Gene780 
 Topic 6: Gene131, Gene164, Gene600, Gene727, Gene769 
 Topic 7: Gene780, Gene600, Gene558, Gene343, Gene117 
 Topic 8: Gene102, Gene164, Gene545, Gene727, Gene748 
 Topic 9: Gene938, Gene559, Gene776, Gene699, Gene193 
......................................................................................................
Completed E-Step (10 seconds). 
Completed M-Step (0 seconds). 
calculate log likelihood 
convergence.check is 2.847271e-06 
Completing Iteration 36 (approx. per word bound = -66.723, relative change = 2.847e-06) 
......................................................................................................
Completed E-Step (10 seconds). 
Completed M-Step (0 seconds). 
calculate log likelihood 
convergence.check is 2.691469e-06 
Completing Iteration 37 (approx. per word bound = -66.723, relative change = 2.691e-06) 
......................................................................................................
Completed E-Step (10 seconds). 
Completed M-Step (0 seconds). 
calculate log likelihood 
convergence.check is 2.647689e-06 
Completing Iteration 38 (approx. per word bound = -66.723, relative change = 2.648e-06) 
......................................................................................................
Completed E-Step (10 seconds). 
Completed M-Step (0 seconds). 
calculate log likelihood 
convergence.check is 2.543298e-06 
Completing Iteration 39 (approx. per word bound = -66.723, relative change = 2.543e-06) 
......................................................................................................
Completed E-Step (10 seconds). 
Completed M-Step (0 seconds). 
calculate log likelihood 
convergence.check is 2.58887e-06 
Completing Iteration 40 (approx. per word bound = -66.723, relative change = 2.589e-06) 
Topic 1: Gene776, Gene545, Gene727, Gene519, Gene343 
 Topic 2: Gene131, Gene776, Gene642, Gene343, Gene102 
 Topic 3: Gene545, Gene131, Gene776, Gene343, Gene642 
 Topic 4: Gene642, Gene343, Gene600, Gene117, Gene519 
 Topic 5: Gene559, Gene131, Gene343, Gene117, Gene780 
 Topic 6: Gene131, Gene164, Gene600, Gene727, Gene769 
 Topic 7: Gene780, Gene600, Gene558, Gene343, Gene117 
 Topic 8: Gene102, Gene164, Gene545, Gene727, Gene748 
 Topic 9: Gene938, Gene559, Gene776, Gene699, Gene193 
......................................................................................................
Completed E-Step (10 seconds). 
Completed M-Step (0 seconds). 
calculate log likelihood 
convergence.check is 2.20072e-06 
Completing Iteration 41 (approx. per word bound = -66.723, relative change = 2.201e-06) 
......................................................................................................
Completed E-Step (10 seconds). 
Completed M-Step (0 seconds). 
calculate log likelihood 
convergence.check is 2.345687e-06 
Completing Iteration 42 (approx. per word bound = -66.722, relative change = 2.346e-06) 
......................................................................................................
Completed E-Step (10 seconds). 
Completed M-Step (0 seconds). 
calculate log likelihood 
convergence.check is 2.175281e-06 
Completing Iteration 43 (approx. per word bound = -66.722, relative change = 2.175e-06) 
......................................................................................................
Completed E-Step (10 seconds). 
Completed M-Step (0 seconds). 
calculate log likelihood 
convergence.check is 2.130291e-06 
Completing Iteration 44 (approx. per word bound = -66.722, relative change = 2.130e-06) 
......................................................................................................
Completed E-Step (10 seconds). 
Completed M-Step (0 seconds). 
calculate log likelihood 
convergence.check is 2.158084e-06 
Completing Iteration 45 (approx. per word bound = -66.722, relative change = 2.158e-06) 
Topic 1: Gene776, Gene545, Gene727, Gene519, Gene343 
 Topic 2: Gene131, Gene776, Gene642, Gene343, Gene102 
 Topic 3: Gene545, Gene131, Gene776, Gene343, Gene642 
 Topic 4: Gene642, Gene343, Gene600, Gene117, Gene519 
 Topic 5: Gene559, Gene131, Gene343, Gene117, Gene727 
 Topic 6: Gene131, Gene164, Gene600, Gene727, Gene769 
 Topic 7: Gene600, Gene780, Gene558, Gene343, Gene117 
 Topic 8: Gene102, Gene164, Gene545, Gene727, Gene748 
 Topic 9: Gene938, Gene559, Gene776, Gene699, Gene193 
......................................................................................................
Completed E-Step (10 seconds). 
Completed M-Step (0 seconds). 
calculate log likelihood 
convergence.check is 1.821181e-06 
Completing Iteration 46 (approx. per word bound = -66.722, relative change = 1.821e-06) 
......................................................................................................
Completed E-Step (10 seconds). 
Completed M-Step (0 seconds). 
calculate log likelihood 
convergence.check is 2.080832e-06 
Completing Iteration 47 (approx. per word bound = -66.722, relative change = 2.081e-06) 
......................................................................................................
Completed E-Step (9 seconds). 
Completed M-Step (0 seconds). 
calculate log likelihood 
convergence.check is 1.903265e-06 
Completing Iteration 48 (approx. per word bound = -66.722, relative change = 1.903e-06) 
......................................................................................................
Completed E-Step (10 seconds). 
Completed M-Step (0 seconds). 
calculate log likelihood 
convergence.check is 1.753217e-06 
Completing Iteration 49 (approx. per word bound = -66.721, relative change = 1.753e-06) 
......................................................................................................
Completed E-Step (9 seconds). 
Completed M-Step (0 seconds). 
calculate log likelihood 
convergence.check is 1.789749e-06 
Completing Iteration 50 (approx. per word bound = -66.721, relative change = 1.790e-06) 
Topic 1: Gene776, Gene545, Gene727, Gene519, Gene343 
 Topic 2: Gene131, Gene776, Gene642, Gene343, Gene102 
 Topic 3: Gene545, Gene131, Gene776, Gene343, Gene642 
 Topic 4: Gene642, Gene343, Gene600, Gene117, Gene519 
 Topic 5: Gene559, Gene131, Gene343, Gene727, Gene117 
 Topic 6: Gene131, Gene164, Gene600, Gene727, Gene769 
 Topic 7: Gene600, Gene780, Gene558, Gene343, Gene117 
 Topic 8: Gene102, Gene164, Gene545, Gene727, Gene748 
 Topic 9: Gene938, Gene559, Gene776, Gene699, Gene193 
......................................................................................................
Completed E-Step (9 seconds). 
Completed M-Step (0 seconds). 
calculate log likelihood 
convergence.check is 1.687081e-06 
Completing Iteration 51 (approx. per word bound = -66.721, relative change = 1.687e-06) 
......................................................................................................
Completed E-Step (9 seconds). 
Completed M-Step (0 seconds). 
calculate log likelihood 
convergence.check is 1.590085e-06 
Completing Iteration 52 (approx. per word bound = -66.721, relative change = 1.590e-06) 
......................................................................................................
Completed E-Step (11 seconds). 
Completed M-Step (0 seconds). 
calculate log likelihood 
convergence.check is 1.584872e-06 
Completing Iteration 53 (approx. per word bound = -66.721, relative change = 1.585e-06) 
......................................................................................................
Completed E-Step (9 seconds). 
Completed M-Step (0 seconds). 
calculate log likelihood 
convergence.check is 1.569494e-06 
Completing Iteration 54 (approx. per word bound = -66.721, relative change = 1.569e-06) 
......................................................................................................
Completed E-Step (9 seconds). 
Completed M-Step (0 seconds). 
calculate log likelihood 
convergence.check is 1.517951e-06 
Completing Iteration 55 (approx. per word bound = -66.721, relative change = 1.518e-06) 
Topic 1: Gene776, Gene545, Gene727, Gene519, Gene343 
 Topic 2: Gene131, Gene776, Gene642, Gene343, Gene102 
 Topic 3: Gene545, Gene131, Gene776, Gene343, Gene642 
 Topic 4: Gene642, Gene343, Gene600, Gene117, Gene519 
 Topic 5: Gene559, Gene131, Gene727, Gene343, Gene117 
 Topic 6: Gene131, Gene164, Gene600, Gene727, Gene769 
 Topic 7: Gene600, Gene780, Gene558, Gene343, Gene117 
 Topic 8: Gene102, Gene164, Gene545, Gene727, Gene748 
 Topic 9: Gene938, Gene559, Gene776, Gene699, Gene193 
......................................................................................................
Completed E-Step (9 seconds). 
Completed M-Step (0 seconds). 
calculate log likelihood 
convergence.check is 1.451415e-06 
Completing Iteration 56 (approx. per word bound = -66.721, relative change = 1.451e-06) 
......................................................................................................
Completed E-Step (9 seconds). 
Completed M-Step (0 seconds). 
calculate log likelihood 
convergence.check is 1.478631e-06 
Completing Iteration 57 (approx. per word bound = -66.721, relative change = 1.479e-06) 
......................................................................................................
Completed E-Step (9 seconds). 
Completed M-Step (0 seconds). 
calculate log likelihood 
convergence.check is 1.391683e-06 
Completing Iteration 58 (approx. per word bound = -66.721, relative change = 1.392e-06) 
......................................................................................................
Completed E-Step (9 seconds). 
Completed M-Step (0 seconds). 
calculate log likelihood 
convergence.check is 1.457142e-06 
Completing Iteration 59 (approx. per word bound = -66.720, relative change = 1.457e-06) 
......................................................................................................
Completed E-Step (9 seconds). 
Completed M-Step (0 seconds). 
calculate log likelihood 
convergence.check is 1.315561e-06 
Completing Iteration 60 (approx. per word bound = -66.720, relative change = 1.316e-06) 
Topic 1: Gene776, Gene545, Gene727, Gene519, Gene343 
 Topic 2: Gene131, Gene776, Gene642, Gene343, Gene102 
 Topic 3: Gene545, Gene131, Gene776, Gene343, Gene642 
 Topic 4: Gene642, Gene343, Gene117, Gene600, Gene519 
 Topic 5: Gene559, Gene131, Gene727, Gene343, Gene117 
 Topic 6: Gene131, Gene164, Gene600, Gene727, Gene769 
 Topic 7: Gene600, Gene780, Gene558, Gene343, Gene117 
 Topic 8: Gene102, Gene164, Gene545, Gene727, Gene748 
 Topic 9: Gene938, Gene559, Gene776, Gene699, Gene193 
......................................................................................................
Completed E-Step (9 seconds). 
Completed M-Step (0 seconds). 
calculate log likelihood 
convergence.check is 1.293207e-06 
Completing Iteration 61 (approx. per word bound = -66.720, relative change = 1.293e-06) 
......................................................................................................
Completed E-Step (9 seconds). 
Completed M-Step (0 seconds). 
calculate log likelihood 
convergence.check is 1.350383e-06 
Completing Iteration 62 (approx. per word bound = -66.720, relative change = 1.350e-06) 
......................................................................................................
Completed E-Step (9 seconds). 
Completed M-Step (0 seconds). 
calculate log likelihood 
convergence.check is 1.098871e-06 
Completing Iteration 63 (approx. per word bound = -66.720, relative change = 1.099e-06) 
......................................................................................................
Completed E-Step (9 seconds). 
Completed M-Step (0 seconds). 
calculate log likelihood 
convergence.check is 1.278939e-06 
Completing Iteration 64 (approx. per word bound = -66.720, relative change = 1.279e-06) 
......................................................................................................
Completed E-Step (9 seconds). 
Completed M-Step (0 seconds). 
calculate log likelihood 
convergence.check is 1.168541e-06 
Completing Iteration 65 (approx. per word bound = -66.720, relative change = 1.169e-06) 
Topic 1: Gene776, Gene545, Gene727, Gene519, Gene225 
 Topic 2: Gene131, Gene776, Gene642, Gene343, Gene102 
 Topic 3: Gene545, Gene131, Gene776, Gene343, Gene642 
 Topic 4: Gene642, Gene343, Gene117, Gene600, Gene102 
 Topic 5: Gene559, Gene131, Gene727, Gene343, Gene117 
 Topic 6: Gene131, Gene164, Gene600, Gene727, Gene769 
 Topic 7: Gene600, Gene780, Gene558, Gene117, Gene343 
 Topic 8: Gene102, Gene164, Gene545, Gene727, Gene748 
 Topic 9: Gene938, Gene559, Gene776, Gene699, Gene193 
......................................................................................................
Completed E-Step (9 seconds). 
Completed M-Step (0 seconds). 
calculate log likelihood 
convergence.check is 1.10153e-06 
Completing Iteration 66 (approx. per word bound = -66.720, relative change = 1.102e-06) 
......................................................................................................
Completed E-Step (9 seconds). 
Completed M-Step (0 seconds). 
calculate log likelihood 
convergence.check is 1.130895e-06 
Completing Iteration 67 (approx. per word bound = -66.720, relative change = 1.131e-06) 
......................................................................................................
Completed E-Step (9 seconds). 
Completed M-Step (0 seconds). 
calculate log likelihood 
convergence.check is 1.111824e-06 
Completing Iteration 68 (approx. per word bound = -66.720, relative change = 1.112e-06) 
......................................................................................................
Completed E-Step (9 seconds). 
Completed M-Step (0 seconds). 
calculate log likelihood 
convergence.check is 1.114067e-06 
Completing Iteration 69 (approx. per word bound = -66.720, relative change = 1.114e-06) 
......................................................................................................
Completed E-Step (9 seconds). 
Completed M-Step (0 seconds). 
calculate log likelihood 
convergence.check is 1.0427e-06 
Completing Iteration 70 (approx. per word bound = -66.720, relative change = 1.043e-06) 
Topic 1: Gene776, Gene545, Gene727, Gene519, Gene225 
 Topic 2: Gene131, Gene776, Gene343, Gene642, Gene102 
 Topic 3: Gene545, Gene131, Gene776, Gene343, Gene642 
 Topic 4: Gene642, Gene343, Gene102, Gene117, Gene519 
 Topic 5: Gene559, Gene131, Gene727, Gene343, Gene117 
 Topic 6: Gene131, Gene164, Gene600, Gene727, Gene769 
 Topic 7: Gene600, Gene780, Gene558, Gene117, Gene343 
 Topic 8: Gene102, Gene164, Gene727, Gene545, Gene748 
 Topic 9: Gene938, Gene559, Gene776, Gene699, Gene193 
......................................................................................................
Completed E-Step (9 seconds). 
Completed M-Step (0 seconds). 
calculate log likelihood 
convergence.check is 1.006487e-06 
Completing Iteration 71 (approx. per word bound = -66.720, relative change = 1.006e-06) 
......................................................................................................
Completed E-Step (9 seconds). 
Completed M-Step (0 seconds). 
calculate log likelihood 
convergence.check is 1.011167e-06 
Completing Iteration 72 (approx. per word bound = -66.719, relative change = 1.011e-06) 
......................................................................................................
Completed E-Step (9 seconds). 
Completed M-Step (0 seconds). 
calculate log likelihood 
convergence.check is 1.010208e-06 
Completing Iteration 73 (approx. per word bound = -66.719, relative change = 1.010e-06) 
......................................................................................................
Completed E-Step (8 seconds). 
Completed M-Step (0 seconds). 
calculate log likelihood 
convergence.check is 9.307694e-07 
Model Converged 
3 select model run 
Initialization with topicScore. 
Initializing factors using Topic SCORE algorithm.
Initializing loadings by running 10 SCD updates.
......................................................................................................
Completed E-Step (22 seconds). 
Completed M-Step (0 seconds). 
calculate log likelihood 
Completing Iteration 1 (approx. per word bound = -66.760) 
......................................................................................................
Completed E-Step (19 seconds). 
Completed M-Step (0 seconds). 
calculate log likelihood 
convergence.check is 7.137159e-05 
Completing Iteration 2 (approx. per word bound = -66.755, relative change = 7.137e-05) 
......................................................................................................
Completed E-Step (19 seconds). 
Completed M-Step (0 seconds). 
calculate log likelihood 
convergence.check is 4.531808e-05 
Completing Iteration 3 (approx. per word bound = -66.752, relative change = 4.532e-05) 
......................................................................................................
Completed E-Step (19 seconds). 
Completed M-Step (0 seconds). 
calculate log likelihood 
convergence.check is 3.532021e-05 
Completing Iteration 4 (approx. per word bound = -66.750, relative change = 3.532e-05) 
......................................................................................................
Completed E-Step (19 seconds). 
Completed M-Step (0 seconds). 
calculate log likelihood 
convergence.check is 2.943464e-05 
Completing Iteration 5 (approx. per word bound = -66.748, relative change = 2.943e-05) 
Topic 1: Gene131, Gene776, Gene102, Gene642, Gene343 
 Topic 2: Gene776, Gene559, Gene699, Gene673, Gene193 
 Topic 3: Gene545, Gene131, Gene600, Gene343, Gene776 
 Topic 4: Gene642, Gene600, Gene117, Gene343, Gene164 
 Topic 5: Gene102, Gene559, Gene164, Gene727, Gene699 
 Topic 6: Gene102, Gene164, Gene545, Gene727, Gene776 
 Topic 7: Gene600, Gene780, Gene545, Gene164, Gene117 
 Topic 8: Gene131, Gene164, Gene542, Gene727, Gene193 
 Topic 9: Gene938, Gene559, Gene776, Gene699, Gene193 
......................................................................................................
Completed E-Step (19 seconds). 
Completed M-Step (0 seconds). 
calculate log likelihood 
convergence.check is 2.516159e-05 
Completing Iteration 6 (approx. per word bound = -66.746, relative change = 2.516e-05) 
......................................................................................................
Completed E-Step (19 seconds). 
Completed M-Step (0 seconds). 
calculate log likelihood 
convergence.check is 2.206437e-05 
Completing Iteration 7 (approx. per word bound = -66.745, relative change = 2.206e-05) 
......................................................................................................
Completed E-Step (19 seconds). 
Completed M-Step (0 seconds). 
calculate log likelihood 
convergence.check is 1.934938e-05 
Completing Iteration 8 (approx. per word bound = -66.743, relative change = 1.935e-05) 
......................................................................................................
Completed E-Step (17 seconds). 
Completed M-Step (0 seconds). 
calculate log likelihood 
convergence.check is 1.739008e-05 
Completing Iteration 9 (approx. per word bound = -66.742, relative change = 1.739e-05) 
......................................................................................................
Completed E-Step (17 seconds). 
Completed M-Step (0 seconds). 
calculate log likelihood 
convergence.check is 1.57792e-05 
Completing Iteration 10 (approx. per word bound = -66.741, relative change = 1.578e-05) 
Topic 1: Gene131, Gene776, Gene102, Gene642, Gene343 
 Topic 2: Gene776, Gene559, Gene699, Gene193, Gene673 
 Topic 3: Gene545, Gene131, Gene600, Gene343, Gene776 
 Topic 4: Gene642, Gene600, Gene117, Gene343, Gene780 
 Topic 5: Gene102, Gene559, Gene164, Gene727, Gene699 
 Topic 6: Gene102, Gene164, Gene545, Gene727, Gene776 
 Topic 7: Gene600, Gene780, Gene545, Gene164, Gene117 
 Topic 8: Gene131, Gene164, Gene542, Gene727, Gene769 
 Topic 9: Gene938, Gene559, Gene776, Gene699, Gene193 
......................................................................................................
Completed E-Step (17 seconds). 
Completed M-Step (0 seconds). 
calculate log likelihood 
convergence.check is 1.436799e-05 
Completing Iteration 11 (approx. per word bound = -66.740, relative change = 1.437e-05) 
......................................................................................................
Completed E-Step (16 seconds). 
Completed M-Step (0 seconds). 
calculate log likelihood 
convergence.check is 1.288346e-05 
Completing Iteration 12 (approx. per word bound = -66.739, relative change = 1.288e-05) 
......................................................................................................
Completed E-Step (16 seconds). 
Completed M-Step (0 seconds). 
calculate log likelihood 
convergence.check is 1.199868e-05 
Completing Iteration 13 (approx. per word bound = -66.739, relative change = 1.200e-05) 
......................................................................................................
Completed E-Step (16 seconds). 
Completed M-Step (0 seconds). 
calculate log likelihood 
convergence.check is 1.093536e-05 
Completing Iteration 14 (approx. per word bound = -66.738, relative change = 1.094e-05) 
......................................................................................................
Completed E-Step (16 seconds). 
Completed M-Step (0 seconds). 
calculate log likelihood 
convergence.check is 1.026667e-05 
Completing Iteration 15 (approx. per word bound = -66.737, relative change = 1.027e-05) 
Topic 1: Gene131, Gene776, Gene102, Gene343, Gene642 
 Topic 2: Gene776, Gene559, Gene699, Gene193, Gene673 
 Topic 3: Gene545, Gene131, Gene343, Gene600, Gene642 
 Topic 4: Gene642, Gene600, Gene117, Gene343, Gene780 
 Topic 5: Gene102, Gene559, Gene164, Gene727, Gene699 
 Topic 6: Gene102, Gene164, Gene545, Gene727, Gene776 
 Topic 7: Gene600, Gene780, Gene545, Gene164, Gene117 
 Topic 8: Gene131, Gene164, Gene727, Gene600, Gene542 
 Topic 9: Gene938, Gene559, Gene776, Gene699, Gene193 
......................................................................................................
Completed E-Step (16 seconds). 
Completed M-Step (0 seconds). 
calculate log likelihood 
convergence.check is 9.478436e-06 
Completing Iteration 16 (approx. per word bound = -66.737, relative change = 9.478e-06) 
......................................................................................................
Completed E-Step (15 seconds). 
Completed M-Step (0 seconds). 
calculate log likelihood 
convergence.check is 8.758706e-06 
Completing Iteration 17 (approx. per word bound = -66.736, relative change = 8.759e-06) 
......................................................................................................
Completed E-Step (15 seconds). 
Completed M-Step (0 seconds). 
calculate log likelihood 
convergence.check is 8.101549e-06 
Completing Iteration 18 (approx. per word bound = -66.735, relative change = 8.102e-06) 
......................................................................................................
Completed E-Step (15 seconds). 
Completed M-Step (0 seconds). 
calculate log likelihood 
convergence.check is 7.635005e-06 
Completing Iteration 19 (approx. per word bound = -66.735, relative change = 7.635e-06) 
......................................................................................................
Completed E-Step (15 seconds). 
Completed M-Step (0 seconds). 
calculate log likelihood 
convergence.check is 7.104903e-06 
Completing Iteration 20 (approx. per word bound = -66.734, relative change = 7.105e-06) 
Topic 1: Gene131, Gene776, Gene102, Gene343, Gene642 
 Topic 2: Gene776, Gene559, Gene699, Gene193, Gene673 
 Topic 3: Gene545, Gene131, Gene343, Gene600, Gene642 
 Topic 4: Gene642, Gene600, Gene117, Gene343, Gene780 
 Topic 5: Gene102, Gene559, Gene164, Gene727, Gene699 
 Topic 6: Gene102, Gene164, Gene545, Gene727, Gene748 
 Topic 7: Gene600, Gene780, Gene545, Gene558, Gene164 
 Topic 8: Gene131, Gene164, Gene600, Gene727, Gene542 
 Topic 9: Gene938, Gene559, Gene776, Gene699, Gene193 
......................................................................................................
Completed E-Step (14 seconds). 
Completed M-Step (0 seconds). 
calculate log likelihood 
convergence.check is 6.678789e-06 
Completing Iteration 21 (approx. per word bound = -66.734, relative change = 6.679e-06) 
......................................................................................................
Completed E-Step (14 seconds). 
Completed M-Step (0 seconds). 
calculate log likelihood 
convergence.check is 6.219426e-06 
Completing Iteration 22 (approx. per word bound = -66.734, relative change = 6.219e-06) 
......................................................................................................
Completed E-Step (14 seconds). 
Completed M-Step (0 seconds). 
calculate log likelihood 
convergence.check is 6.017916e-06 
Completing Iteration 23 (approx. per word bound = -66.733, relative change = 6.018e-06) 
......................................................................................................
Completed E-Step (14 seconds). 
Completed M-Step (0 seconds). 
calculate log likelihood 
convergence.check is 5.269722e-06 
Completing Iteration 24 (approx. per word bound = -66.733, relative change = 5.270e-06) 
......................................................................................................
Completed E-Step (14 seconds). 
Completed M-Step (0 seconds). 
calculate log likelihood 
convergence.check is 5.255757e-06 
Completing Iteration 25 (approx. per word bound = -66.732, relative change = 5.256e-06) 
Topic 1: Gene131, Gene776, Gene102, Gene343, Gene642 
 Topic 2: Gene776, Gene559, Gene699, Gene193, Gene673 
 Topic 3: Gene545, Gene131, Gene343, Gene600, Gene642 
 Topic 4: Gene642, Gene600, Gene117, Gene343, Gene780 
 Topic 5: Gene102, Gene559, Gene164, Gene727, Gene699 
 Topic 6: Gene102, Gene164, Gene545, Gene727, Gene748 
 Topic 7: Gene780, Gene600, Gene545, Gene558, Gene164 
 Topic 8: Gene131, Gene164, Gene600, Gene727, Gene542 
 Topic 9: Gene938, Gene559, Gene776, Gene699, Gene193 
......................................................................................................
Completed E-Step (13 seconds). 
Completed M-Step (0 seconds). 
calculate log likelihood 
convergence.check is 4.839019e-06 
Completing Iteration 26 (approx. per word bound = -66.732, relative change = 4.839e-06) 
......................................................................................................
Completed E-Step (13 seconds). 
Completed M-Step (0 seconds). 
calculate log likelihood 
convergence.check is 4.632909e-06 
Completing Iteration 27 (approx. per word bound = -66.732, relative change = 4.633e-06) 
......................................................................................................
Completed E-Step (13 seconds). 
Completed M-Step (0 seconds). 
calculate log likelihood 
convergence.check is 4.278221e-06 
Completing Iteration 28 (approx. per word bound = -66.732, relative change = 4.278e-06) 
......................................................................................................
Completed E-Step (13 seconds). 
Completed M-Step (0 seconds). 
calculate log likelihood 
convergence.check is 4.05885e-06 
Completing Iteration 29 (approx. per word bound = -66.731, relative change = 4.059e-06) 
......................................................................................................
Completed E-Step (13 seconds). 
Completed M-Step (0 seconds). 
calculate log likelihood 
convergence.check is 3.962179e-06 
Completing Iteration 30 (approx. per word bound = -66.731, relative change = 3.962e-06) 
Topic 1: Gene131, Gene776, Gene102, Gene343, Gene642 
 Topic 2: Gene776, Gene559, Gene699, Gene193, Gene673 
 Topic 3: Gene545, Gene131, Gene343, Gene600, Gene642 
 Topic 4: Gene642, Gene600, Gene117, Gene343, Gene780 
 Topic 5: Gene102, Gene559, Gene164, Gene727, Gene699 
 Topic 6: Gene102, Gene164, Gene545, Gene727, Gene748 
 Topic 7: Gene780, Gene600, Gene545, Gene558, Gene164 
 Topic 8: Gene131, Gene164, Gene600, Gene727, Gene545 
 Topic 9: Gene938, Gene559, Gene776, Gene699, Gene193 
......................................................................................................
Completed E-Step (13 seconds). 
Completed M-Step (0 seconds). 
calculate log likelihood 
convergence.check is 3.556518e-06 
Completing Iteration 31 (approx. per word bound = -66.731, relative change = 3.557e-06) 
......................................................................................................
Completed E-Step (12 seconds). 
Completed M-Step (0 seconds). 
calculate log likelihood 
convergence.check is 3.661866e-06 
Completing Iteration 32 (approx. per word bound = -66.731, relative change = 3.662e-06) 
......................................................................................................
Completed E-Step (12 seconds). 
Completed M-Step (0 seconds). 
calculate log likelihood 
convergence.check is 3.19316e-06 
Completing Iteration 33 (approx. per word bound = -66.730, relative change = 3.193e-06) 
......................................................................................................
Completed E-Step (12 seconds). 
Completed M-Step (0 seconds). 
calculate log likelihood 
convergence.check is 3.102555e-06 
Completing Iteration 34 (approx. per word bound = -66.730, relative change = 3.103e-06) 
......................................................................................................
Completed E-Step (12 seconds). 
Completed M-Step (0 seconds). 
calculate log likelihood 
convergence.check is 3.062499e-06 
Completing Iteration 35 (approx. per word bound = -66.730, relative change = 3.062e-06) 
Topic 1: Gene131, Gene776, Gene102, Gene343, Gene642 
 Topic 2: Gene776, Gene559, Gene699, Gene193, Gene673 
 Topic 3: Gene545, Gene131, Gene343, Gene600, Gene642 
 Topic 4: Gene642, Gene600, Gene117, Gene343, Gene780 
 Topic 5: Gene102, Gene559, Gene164, Gene727, Gene699 
 Topic 6: Gene102, Gene164, Gene545, Gene727, Gene748 
 Topic 7: Gene780, Gene600, Gene545, Gene558, Gene164 
 Topic 8: Gene131, Gene164, Gene600, Gene727, Gene545 
 Topic 9: Gene938, Gene559, Gene776, Gene699, Gene193 
......................................................................................................
Completed E-Step (12 seconds). 
Completed M-Step (0 seconds). 
calculate log likelihood 
convergence.check is 2.927264e-06 
Completing Iteration 36 (approx. per word bound = -66.730, relative change = 2.927e-06) 
......................................................................................................
Completed E-Step (12 seconds). 
Completed M-Step (0 seconds). 
calculate log likelihood 
convergence.check is 2.755325e-06 
Completing Iteration 37 (approx. per word bound = -66.730, relative change = 2.755e-06) 
......................................................................................................
Completed E-Step (12 seconds). 
Completed M-Step (0 seconds). 
calculate log likelihood 
convergence.check is 2.489599e-06 
Completing Iteration 38 (approx. per word bound = -66.729, relative change = 2.490e-06) 
......................................................................................................
Completed E-Step (12 seconds). 
Completed M-Step (0 seconds). 
calculate log likelihood 
convergence.check is 2.421364e-06 
Completing Iteration 39 (approx. per word bound = -66.729, relative change = 2.421e-06) 
......................................................................................................
Completed E-Step (11 seconds). 
Completed M-Step (0 seconds). 
calculate log likelihood 
convergence.check is 2.4426e-06 
Completing Iteration 40 (approx. per word bound = -66.729, relative change = 2.443e-06) 
Topic 1: Gene131, Gene776, Gene102, Gene343, Gene642 
 Topic 2: Gene776, Gene559, Gene699, Gene193, Gene673 
 Topic 3: Gene545, Gene131, Gene343, Gene600, Gene642 
 Topic 4: Gene642, Gene600, Gene117, Gene343, Gene780 
 Topic 5: Gene102, Gene559, Gene164, Gene727, Gene699 
 Topic 6: Gene102, Gene164, Gene545, Gene727, Gene748 
 Topic 7: Gene780, Gene600, Gene545, Gene558, Gene164 
 Topic 8: Gene131, Gene164, Gene600, Gene727, Gene545 
 Topic 9: Gene938, Gene559, Gene776, Gene699, Gene193 
......................................................................................................
Completed E-Step (11 seconds). 
Completed M-Step (0 seconds). 
calculate log likelihood 
convergence.check is 2.287087e-06 
Completing Iteration 41 (approx. per word bound = -66.729, relative change = 2.287e-06) 
......................................................................................................
Completed E-Step (11 seconds). 
Completed M-Step (0 seconds). 
calculate log likelihood 
convergence.check is 2.313321e-06 
Completing Iteration 42 (approx. per word bound = -66.729, relative change = 2.313e-06) 
......................................................................................................
Completed E-Step (11 seconds). 
Completed M-Step (0 seconds). 
calculate log likelihood 
convergence.check is 2.167429e-06 
Completing Iteration 43 (approx. per word bound = -66.729, relative change = 2.167e-06) 
......................................................................................................
Completed E-Step (11 seconds). 
Completed M-Step (0 seconds). 
calculate log likelihood 
convergence.check is 1.995663e-06 
Completing Iteration 44 (approx. per word bound = -66.728, relative change = 1.996e-06) 
......................................................................................................
Completed E-Step (11 seconds). 
Completed M-Step (0 seconds). 
calculate log likelihood 
convergence.check is 2.091644e-06 
Completing Iteration 45 (approx. per word bound = -66.728, relative change = 2.092e-06) 
Topic 1: Gene131, Gene776, Gene102, Gene343, Gene642 
 Topic 2: Gene776, Gene559, Gene699, Gene193, Gene673 
 Topic 3: Gene545, Gene131, Gene343, Gene600, Gene642 
 Topic 4: Gene642, Gene600, Gene117, Gene343, Gene780 
 Topic 5: Gene102, Gene559, Gene164, Gene727, Gene699 
 Topic 6: Gene102, Gene164, Gene545, Gene727, Gene748 
 Topic 7: Gene780, Gene600, Gene545, Gene558, Gene164 
 Topic 8: Gene131, Gene164, Gene600, Gene727, Gene545 
 Topic 9: Gene938, Gene559, Gene776, Gene699, Gene193 
......................................................................................................
Completed E-Step (11 seconds). 
Completed M-Step (0 seconds). 
calculate log likelihood 
convergence.check is 1.849744e-06 
Completing Iteration 46 (approx. per word bound = -66.728, relative change = 1.850e-06) 
......................................................................................................
Completed E-Step (11 seconds). 
Completed M-Step (0 seconds). 
calculate log likelihood 
convergence.check is 1.8927e-06 
Completing Iteration 47 (approx. per word bound = -66.728, relative change = 1.893e-06) 
......................................................................................................
Completed E-Step (11 seconds). 
Completed M-Step (0 seconds). 
calculate log likelihood 
convergence.check is 1.80315e-06 
Completing Iteration 48 (approx. per word bound = -66.728, relative change = 1.803e-06) 
......................................................................................................
Completed E-Step (11 seconds). 
Completed M-Step (0 seconds). 
calculate log likelihood 
convergence.check is 1.888658e-06 
Completing Iteration 49 (approx. per word bound = -66.728, relative change = 1.889e-06) 
......................................................................................................
Completed E-Step (11 seconds). 
Completed M-Step (0 seconds). 
calculate log likelihood 
convergence.check is 1.675024e-06 
Completing Iteration 50 (approx. per word bound = -66.728, relative change = 1.675e-06) 
Topic 1: Gene131, Gene776, Gene102, Gene343, Gene642 
 Topic 2: Gene776, Gene559, Gene699, Gene193, Gene673 
 Topic 3: Gene545, Gene131, Gene343, Gene600, Gene642 
 Topic 4: Gene642, Gene600, Gene117, Gene343, Gene780 
 Topic 5: Gene102, Gene559, Gene164, Gene727, Gene699 
 Topic 6: Gene102, Gene164, Gene545, Gene727, Gene748 
 Topic 7: Gene780, Gene600, Gene545, Gene558, Gene164 
 Topic 8: Gene131, Gene164, Gene600, Gene545, Gene727 
 Topic 9: Gene938, Gene559, Gene776, Gene699, Gene193 
......................................................................................................
Completed E-Step (10 seconds). 
Completed M-Step (0 seconds). 
calculate log likelihood 
convergence.check is 1.469268e-06 
Completing Iteration 51 (approx. per word bound = -66.728, relative change = 1.469e-06) 
......................................................................................................
Completed E-Step (10 seconds). 
Completed M-Step (0 seconds). 
calculate log likelihood 
convergence.check is 1.528937e-06 
Completing Iteration 52 (approx. per word bound = -66.728, relative change = 1.529e-06) 
......................................................................................................
Completed E-Step (10 seconds). 
Completed M-Step (0 seconds). 
calculate log likelihood 
convergence.check is 1.592438e-06 
Completing Iteration 53 (approx. per word bound = -66.727, relative change = 1.592e-06) 
......................................................................................................
Completed E-Step (10 seconds). 
Completed M-Step (0 seconds). 
calculate log likelihood 
convergence.check is 1.600262e-06 
Completing Iteration 54 (approx. per word bound = -66.727, relative change = 1.600e-06) 
......................................................................................................
Completed E-Step (10 seconds). 
Completed M-Step (0 seconds). 
calculate log likelihood 
convergence.check is 1.314959e-06 
Completing Iteration 55 (approx. per word bound = -66.727, relative change = 1.315e-06) 
Topic 1: Gene131, Gene776, Gene102, Gene343, Gene642 
 Topic 2: Gene776, Gene559, Gene699, Gene193, Gene673 
 Topic 3: Gene545, Gene131, Gene343, Gene600, Gene225 
 Topic 4: Gene642, Gene600, Gene117, Gene343, Gene780 
 Topic 5: Gene102, Gene559, Gene164, Gene727, Gene699 
 Topic 6: Gene102, Gene164, Gene545, Gene727, Gene748 
 Topic 7: Gene780, Gene545, Gene600, Gene558, Gene164 
 Topic 8: Gene131, Gene164, Gene600, Gene545, Gene727 
 Topic 9: Gene938, Gene559, Gene776, Gene699, Gene193 
......................................................................................................
Completed E-Step (10 seconds). 
Completed M-Step (0 seconds). 
calculate log likelihood 
convergence.check is 1.341427e-06 
Completing Iteration 56 (approx. per word bound = -66.727, relative change = 1.341e-06) 
......................................................................................................
Completed E-Step (11 seconds). 
Completed M-Step (0 seconds). 
calculate log likelihood 
convergence.check is 1.336453e-06 
Completing Iteration 57 (approx. per word bound = -66.727, relative change = 1.336e-06) 
......................................................................................................
Completed E-Step (9 seconds). 
Completed M-Step (0 seconds). 
calculate log likelihood 
convergence.check is 1.1889e-06 
Completing Iteration 58 (approx. per word bound = -66.727, relative change = 1.189e-06) 
......................................................................................................
Completed E-Step (9 seconds). 
Completed M-Step (0 seconds). 
calculate log likelihood 
convergence.check is 1.188213e-06 
Completing Iteration 59 (approx. per word bound = -66.727, relative change = 1.188e-06) 
......................................................................................................
Completed E-Step (9 seconds). 
Completed M-Step (0 seconds). 
calculate log likelihood 
convergence.check is 1.140485e-06 
Completing Iteration 60 (approx. per word bound = -66.727, relative change = 1.140e-06) 
Topic 1: Gene131, Gene776, Gene102, Gene343, Gene642 
 Topic 2: Gene776, Gene559, Gene699, Gene193, Gene673 
 Topic 3: Gene545, Gene131, Gene343, Gene600, Gene225 
 Topic 4: Gene642, Gene600, Gene117, Gene343, Gene780 
 Topic 5: Gene102, Gene559, Gene164, Gene727, Gene699 
 Topic 6: Gene102, Gene164, Gene545, Gene727, Gene748 
 Topic 7: Gene780, Gene545, Gene600, Gene558, Gene164 
 Topic 8: Gene131, Gene164, Gene600, Gene545, Gene727 
 Topic 9: Gene938, Gene559, Gene776, Gene699, Gene193 
......................................................................................................
Completed E-Step (10 seconds). 
Completed M-Step (0 seconds). 
calculate log likelihood 
convergence.check is 1.191612e-06 
Completing Iteration 61 (approx. per word bound = -66.727, relative change = 1.192e-06) 
......................................................................................................
Completed E-Step (10 seconds). 
Completed M-Step (0 seconds). 
calculate log likelihood 
convergence.check is 1.011277e-06 
Completing Iteration 62 (approx. per word bound = -66.727, relative change = 1.011e-06) 
......................................................................................................
Completed E-Step (10 seconds). 
Completed M-Step (0 seconds). 
calculate log likelihood 
convergence.check is 1.10085e-06 
Completing Iteration 63 (approx. per word bound = -66.727, relative change = 1.101e-06) 
......................................................................................................
Completed E-Step (9 seconds). 
Completed M-Step (0 seconds). 
calculate log likelihood 
convergence.check is 1.134697e-06 
Completing Iteration 64 (approx. per word bound = -66.726, relative change = 1.135e-06) 
......................................................................................................
Completed E-Step (9 seconds). 
Completed M-Step (0 seconds). 
calculate log likelihood 
convergence.check is 1.019867e-06 
Completing Iteration 65 (approx. per word bound = -66.726, relative change = 1.020e-06) 
Topic 1: Gene131, Gene776, Gene102, Gene343, Gene642 
 Topic 2: Gene776, Gene559, Gene699, Gene193, Gene673 
 Topic 3: Gene545, Gene131, Gene343, Gene600, Gene225 
 Topic 4: Gene642, Gene600, Gene117, Gene780, Gene343 
 Topic 5: Gene102, Gene559, Gene164, Gene727, Gene699 
 Topic 6: Gene102, Gene164, Gene545, Gene727, Gene748 
 Topic 7: Gene780, Gene545, Gene600, Gene558, Gene164 
 Topic 8: Gene131, Gene164, Gene600, Gene545, Gene727 
 Topic 9: Gene938, Gene559, Gene776, Gene699, Gene193 
......................................................................................................
Completed E-Step (9 seconds). 
Completed M-Step (0 seconds). 
calculate log likelihood 
convergence.check is 1.08102e-06 
Completing Iteration 66 (approx. per word bound = -66.726, relative change = 1.081e-06) 
......................................................................................................
Completed E-Step (9 seconds). 
Completed M-Step (0 seconds). 
calculate log likelihood 
convergence.check is 7.005305e-07 
Model Converged 
