sims_1715956623_pos_L2_c5.rds 
Found 6 batches
Using null model in ComBat-seq.
Adjusting for 0 covariate(s) or covariate level(s)
Estimating dispersions
Fitting the GLM model
Shrinkage off - using GLM estimates for parameters
Adjusting the data
Batch Effect Removed 
        R/alignCorpus.R R/asSTMCorpus.R R/checkBeta.R R/cloud.R
value   ?               ?               ?             ?        
visible FALSE           FALSE           FALSE         FALSE    
        R/CompositionChange.R R/convertCorpus.R R/estimateEffect.R
value   ?                     ?                 ?                 
visible FALSE                 FALSE             FALSE             
        R/estimateMixedEffect.R R/exclusivity.R R/findThoughts.R R/findTopic.R
value   ?                       ?               ?                ?            
visible FALSE                   FALSE           FALSE            FALSE        
        R/fitNewDocuments.R R/heldout.R R/jeffreyskappa.R R/labelTopics.R
value   ?                   ?           ?                 ?              
visible FALSE               FALSE       FALSE             FALSE          
        R/makeDesignMatrix.R R/manyTopics.R R/multiSTM.R R/optimalK.R
value   ?                    ?              ?            ?           
visible FALSE                FALSE          FALSE        FALSE       
        R/permute.R R/plot.estimateEffect.R R/plot.fixedEffect.R
value   ?           ?                       ?                   
visible FALSE       FALSE                   FALSE               
        R/plot.searchK.R R/plot.STM.R R/plotModels.R R/plotQuote.R
value   ?                ?            ?              ?            
visible FALSE            FALSE        FALSE          FALSE        
        R/plotRemoved.R R/plottingutilfns.R R/plotTopicLoess.R
value   ?               ?                   ?                 
visible FALSE           FALSE               FALSE             
        R/prepDocuments.R R/prepsce.R R/produce_cmatrix.R R/RcppExports.R
value   ?                 ?           ?                   ?              
visible FALSE             FALSE       FALSE               FALSE          
        R/readCorpus.R R/residuals.R R/s.R R/sageLabels.R R/scSTM.R
value   ?              ?             ?     ?              ?        
visible FALSE          FALSE         FALSE FALSE          FALSE    
        R/selectModel.R R/semanticCoherence.R R/simBetas.R R/spectral.R
value   ?               ?                     ?            ?           
visible FALSE           FALSE                 FALSE        FALSE       
        R/stm-package.R R/stm.control.R R/STMbound.R R/STMconvergence.R
value   NULL            ?               ?            ?                 
visible TRUE            FALSE           FALSE        FALSE             
        R/STMestep.R R/STMfunctions.R R/STMinit.R R/STMinitLikelihood.R
value   ?            ?                ?           ?                    
visible FALSE        FALSE            FALSE       FALSE                
        R/STMlncpp.R R/STMmnreg.R R/STMmu.R R/STMoptbeta.R R/STMreport.R
value   ?            ?            ?         ?              ?            
visible FALSE        FALSE        FALSE     FALSE          FALSE        
        R/STMsigma.R R/STMsigs.R R/STMsubset.R R/summary.STM.R R/tau.R
value   ?            ?           ?             ?               ?      
visible FALSE        FALSE       FALSE         FALSE           FALSE  
        R/textProcessor.R R/thetaPosterior.R R/toLDAvis.R R/topicCorr.R
value   ?                 ?                  ?            ?            
visible FALSE             FALSE              FALSE        FALSE        
        R/topicLasso.R R/topicQuality.R R/writeLdac.R R/zzz.R
value   ?              ?                ?             ?      
visible FALSE          FALSE            FALSE         FALSE  
Removing 1 of 737 genes (1 of 1888264 tokens) due to frequency 
Your Dataset now has 3581 cells, 736 genes and 1888263 tokens. 
Casting net 
1 models in net 
Initialization with topicScore. 
Initializing factors using Topic SCORE algorithm.
Initializing loadings by running 10 SCD updates.
......................................................................................................
Completed E-Step (17 seconds). 
Completed M-Step (0 seconds). 
calculate log likelihood 
Completing Iteration 1 (approx. per word bound = -36.960) 
......................................................................................................
Completed E-Step (14 seconds). 
Completed M-Step (0 seconds). 
calculate log likelihood 
convergence.check is 8.872678e-05 
Completing Iteration 2 (approx. per word bound = -36.957, relative change = 8.873e-05) 
......................................................................................................
Completed E-Step (14 seconds). 
Completed M-Step (0 seconds). 
calculate log likelihood 
convergence.check is 4.862061e-05 
Model Terminated Before Convergence Reached 
2 models in net 
Initialization with topicScore. 
Initializing factors using Topic SCORE algorithm.
Initializing loadings by running 10 SCD updates.
......................................................................................................
Completed E-Step (31 seconds). 
Completed M-Step (0 seconds). 
calculate log likelihood 
Completing Iteration 1 (approx. per word bound = -37.008) 
......................................................................................................
Completed E-Step (17 seconds). 
Completed M-Step (0 seconds). 
calculate log likelihood 
convergence.check is 0.0005529633 
Completing Iteration 2 (approx. per word bound = -36.987, relative change = 5.530e-04) 
......................................................................................................
Completed E-Step (14 seconds). 
Completed M-Step (0 seconds). 
calculate log likelihood 
convergence.check is 0.0001857253 
Model Terminated Before Convergence Reached 
3 models in net 
Initialization with topicScore. 
Initializing factors using Topic SCORE algorithm.
Initializing loadings by running 10 SCD updates.
......................................................................................................
Completed E-Step (19 seconds). 
Completed M-Step (0 seconds). 
calculate log likelihood 
Completing Iteration 1 (approx. per word bound = -36.959) 
......................................................................................................
Completed E-Step (16 seconds). 
Completed M-Step (0 seconds). 
calculate log likelihood 
convergence.check is 8.352614e-05 
Completing Iteration 2 (approx. per word bound = -36.956, relative change = 8.353e-05) 
......................................................................................................
Completed E-Step (15 seconds). 
Completed M-Step (0 seconds). 
calculate log likelihood 
convergence.check is 4.819528e-05 
Model Terminated Before Convergence Reached 
4 models in net 
Initialization with topicScore. 
Initializing factors using Topic SCORE algorithm.
Initializing loadings by running 10 SCD updates.
......................................................................................................
Completed E-Step (18 seconds). 
Completed M-Step (0 seconds). 
calculate log likelihood 
Completing Iteration 1 (approx. per word bound = -36.962) 
......................................................................................................
Completed E-Step (16 seconds). 
Completed M-Step (0 seconds). 
calculate log likelihood 
convergence.check is 9.030844e-05 
Completing Iteration 2 (approx. per word bound = -36.959, relative change = 9.031e-05) 
......................................................................................................
Completed E-Step (15 seconds). 
Completed M-Step (0 seconds). 
calculate log likelihood 
convergence.check is 5.352497e-05 
Model Terminated Before Convergence Reached 
5 models in net 
Initialization with topicScore. 
Initializing factors using Topic SCORE algorithm.
Initializing loadings by running 10 SCD updates.
......................................................................................................
Completed E-Step (19 seconds). 
Completed M-Step (0 seconds). 
calculate log likelihood 
Completing Iteration 1 (approx. per word bound = -36.960) 
......................................................................................................
Completed E-Step (14 seconds). 
Completed M-Step (0 seconds). 
calculate log likelihood 
convergence.check is 8.252205e-05 
Completing Iteration 2 (approx. per word bound = -36.957, relative change = 8.252e-05) 
......................................................................................................
Completed E-Step (14 seconds). 
Completed M-Step (0 seconds). 
calculate log likelihood 
convergence.check is 4.81373e-05 
Model Terminated Before Convergence Reached 
6 models in net 
Initialization with topicScore. 
Initializing factors using Topic SCORE algorithm.
Initializing loadings by running 10 SCD updates.
......................................................................................................
Completed E-Step (17 seconds). 
Completed M-Step (0 seconds). 
calculate log likelihood 
Completing Iteration 1 (approx. per word bound = -36.974) 
......................................................................................................
Completed E-Step (16 seconds). 
Completed M-Step (0 seconds). 
calculate log likelihood 
convergence.check is 0.0001254454 
Completing Iteration 2 (approx. per word bound = -36.970, relative change = 1.254e-04) 
......................................................................................................
Completed E-Step (15 seconds). 
Completed M-Step (0 seconds). 
calculate log likelihood 
convergence.check is 7.618659e-05 
Model Terminated Before Convergence Reached 
7 models in net 
Initialization with topicScore. 
Initializing factors using Topic SCORE algorithm.
Initializing loadings by running 10 SCD updates.
......................................................................................................
Completed E-Step (19 seconds). 
Completed M-Step (0 seconds). 
calculate log likelihood 
Completing Iteration 1 (approx. per word bound = -36.974) 
......................................................................................................
Completed E-Step (15 seconds). 
Completed M-Step (0 seconds). 
calculate log likelihood 
convergence.check is 0.0001254493 
Completing Iteration 2 (approx. per word bound = -36.970, relative change = 1.254e-04) 
......................................................................................................
Completed E-Step (15 seconds). 
Completed M-Step (0 seconds). 
calculate log likelihood 
convergence.check is 7.619182e-05 
Model Terminated Before Convergence Reached 
8 models in net 
Initialization with topicScore. 
Initializing factors using Topic SCORE algorithm.
Initializing loadings by running 10 SCD updates.
......................................................................................................
Completed E-Step (17 seconds). 
Completed M-Step (0 seconds). 
calculate log likelihood 
Completing Iteration 1 (approx. per word bound = -36.976) 
......................................................................................................
Completed E-Step (16 seconds). 
Completed M-Step (0 seconds). 
calculate log likelihood 
convergence.check is 0.0001363302 
Completing Iteration 2 (approx. per word bound = -36.971, relative change = 1.363e-04) 
......................................................................................................
Completed E-Step (15 seconds). 
Completed M-Step (0 seconds). 
calculate log likelihood 
convergence.check is 8.581007e-05 
Model Terminated Before Convergence Reached 
9 models in net 
Initialization with topicScore. 
Initializing factors using Topic SCORE algorithm.
Initializing loadings by running 10 SCD updates.
......................................................................................................
Completed E-Step (20 seconds). 
Completed M-Step (0 seconds). 
calculate log likelihood 
Completing Iteration 1 (approx. per word bound = -36.974) 
......................................................................................................
Completed E-Step (15 seconds). 
Completed M-Step (0 seconds). 
calculate log likelihood 
convergence.check is 0.0001241289 
Completing Iteration 2 (approx. per word bound = -36.969, relative change = 1.241e-04) 
......................................................................................................
Completed E-Step (15 seconds). 
Completed M-Step (0 seconds). 
calculate log likelihood 
convergence.check is 7.550757e-05 
Model Terminated Before Convergence Reached 
10 models in net 
Initialization with topicScore. 
Initializing factors using Topic SCORE algorithm.
Initializing loadings by running 10 SCD updates.
......................................................................................................
Completed E-Step (20 seconds). 
Completed M-Step (0 seconds). 
calculate log likelihood 
Completing Iteration 1 (approx. per word bound = -36.980) 
......................................................................................................
Completed E-Step (16 seconds). 
Completed M-Step (0 seconds). 
calculate log likelihood 
convergence.check is 0.0002001826 
Completing Iteration 2 (approx. per word bound = -36.973, relative change = 2.002e-04) 
......................................................................................................
Completed E-Step (15 seconds). 
Completed M-Step (0 seconds). 
calculate log likelihood 
convergence.check is 0.0001002338 
Model Terminated Before Convergence Reached 
11 models in net 
Beginning Spectral Initialization 
	 Calculating the gram matrix...
	 Finding anchor words...
 	.....
	 Recovering initialization...
 	.......
Initialization complete.
......................................................................................................
Completed E-Step (22 seconds). 
Completed M-Step (0 seconds). 
calculate log likelihood 
Completing Iteration 1 (approx. per word bound = -36.939) 
......................................................................................................
Completed E-Step (14 seconds). 
Completed M-Step (0 seconds). 
calculate log likelihood 
convergence.check is 0.0002856963 
Completing Iteration 2 (approx. per word bound = -36.928, relative change = 2.857e-04) 
......................................................................................................
Completed E-Step (12 seconds). 
Completed M-Step (0 seconds). 
calculate log likelihood 
convergence.check is 0.0001234824 
Model Terminated Before Convergence Reached 
12 models in net 
Beginning Random Initialization 
Initialization with Poisson NMF 
......................................................................................................
Completed E-Step (27 seconds). 
Completed M-Step (0 seconds). 
calculate log likelihood 
Completing Iteration 1 (approx. per word bound = -47.488) 
......................................................................................................
Completed E-Step (14 seconds). 
Completed M-Step (0 seconds). 
calculate log likelihood 
convergence.check is 0.2197149 
Completing Iteration 2 (approx. per word bound = -37.055, relative change = 2.197e-01) 
......................................................................................................
Completed E-Step (14 seconds). 
Completed M-Step (0 seconds). 
calculate log likelihood 
convergence.check is 6.861388e-05 
Model Terminated Before Convergence Reached 
13 models in net 
Beginning Random Initialization 
Initialization with Poisson NMF 
......................................................................................................
Completed E-Step (26 seconds). 
Completed M-Step (0 seconds). 
calculate log likelihood 
Completing Iteration 1 (approx. per word bound = -47.392) 
......................................................................................................
Completed E-Step (16 seconds). 
Completed M-Step (0 seconds). 
calculate log likelihood 
convergence.check is 0.2181249 
Completing Iteration 2 (approx. per word bound = -37.055, relative change = 2.181e-01) 
......................................................................................................
Completed E-Step (15 seconds). 
Completed M-Step (0 seconds). 
calculate log likelihood 
convergence.check is 0.0001870135 
Model Terminated Before Convergence Reached 
14 models in net 
Beginning Random Initialization 
Initialization with Poisson NMF 
......................................................................................................
Completed E-Step (24 seconds). 
Completed M-Step (0 seconds). 
calculate log likelihood 
Completing Iteration 1 (approx. per word bound = -47.343) 
......................................................................................................
Completed E-Step (14 seconds). 
Completed M-Step (0 seconds). 
calculate log likelihood 
convergence.check is 0.2173685 
Completing Iteration 2 (approx. per word bound = -37.052, relative change = 2.174e-01) 
......................................................................................................
Completed E-Step (15 seconds). 
Completed M-Step (0 seconds). 
calculate log likelihood 
convergence.check is 6.366817e-05 
Model Terminated Before Convergence Reached 
15 models in net 
Beginning Random Initialization 
Initialization with Poisson NMF 
......................................................................................................
Completed E-Step (27 seconds). 
Completed M-Step (0 seconds). 
calculate log likelihood 
Completing Iteration 1 (approx. per word bound = -47.500) 
......................................................................................................
Completed E-Step (15 seconds). 
Completed M-Step (0 seconds). 
calculate log likelihood 
convergence.check is 0.220186 
Completing Iteration 2 (approx. per word bound = -37.041, relative change = 2.202e-01) 
......................................................................................................
Completed E-Step (15 seconds). 
Completed M-Step (0 seconds). 
calculate log likelihood 
convergence.check is 0.0001579828 
Model Terminated Before Convergence Reached 
16 models in net 
Beginning Random Initialization 
Initialization with Poisson NMF 
......................................................................................................
Completed E-Step (26 seconds). 
Completed M-Step (0 seconds). 
calculate log likelihood 
Completing Iteration 1 (approx. per word bound = -47.795) 
......................................................................................................
Completed E-Step (15 seconds). 
Completed M-Step (0 seconds). 
calculate log likelihood 
convergence.check is 0.2248395 
Completing Iteration 2 (approx. per word bound = -37.049, relative change = 2.248e-01) 
......................................................................................................
Completed E-Step (15 seconds). 
Completed M-Step (0 seconds). 
calculate log likelihood 
convergence.check is 7.312172e-05 
Model Terminated Before Convergence Reached 
17 models in net 
Beginning Random Initialization 
Initialization with Poisson NMF 
......................................................................................................
Completed E-Step (29 seconds). 
Completed M-Step (0 seconds). 
calculate log likelihood 
Completing Iteration 1 (approx. per word bound = -46.788) 
......................................................................................................
Completed E-Step (16 seconds). 
Completed M-Step (0 seconds). 
calculate log likelihood 
convergence.check is 0.2081591 
Completing Iteration 2 (approx. per word bound = -37.049, relative change = 2.082e-01) 
......................................................................................................
Completed E-Step (14 seconds). 
Completed M-Step (0 seconds). 
calculate log likelihood 
convergence.check is 0.0005273215 
Model Terminated Before Convergence Reached 
18 models in net 
Beginning Random Initialization 
Initialization with Poisson NMF 
......................................................................................................
Completed E-Step (25 seconds). 
Completed M-Step (0 seconds). 
calculate log likelihood 
Completing Iteration 1 (approx. per word bound = -47.439) 
......................................................................................................
Completed E-Step (15 seconds). 
Completed M-Step (0 seconds). 
calculate log likelihood 
convergence.check is 0.2190724 
Completing Iteration 2 (approx. per word bound = -37.046, relative change = 2.191e-01) 
......................................................................................................
Completed E-Step (15 seconds). 
Completed M-Step (0 seconds). 
calculate log likelihood 
convergence.check is 0.0002452338 
Model Terminated Before Convergence Reached 
19 models in net 
Beginning Random Initialization 
Initialization with Poisson NMF 
......................................................................................................
Completed E-Step (25 seconds). 
Completed M-Step (0 seconds). 
calculate log likelihood 
Completing Iteration 1 (approx. per word bound = -47.358) 
......................................................................................................
Completed E-Step (15 seconds). 
Completed M-Step (0 seconds). 
calculate log likelihood 
convergence.check is 0.2176719 
Completing Iteration 2 (approx. per word bound = -37.049, relative change = 2.177e-01) 
......................................................................................................
Completed E-Step (14 seconds). 
Completed M-Step (0 seconds). 
calculate log likelihood 
convergence.check is 0.0001328108 
Model Terminated Before Convergence Reached 
20 models in net 
Beginning Random Initialization 
Initialization with Poisson NMF 
......................................................................................................
Completed E-Step (25 seconds). 
Completed M-Step (0 seconds). 
calculate log likelihood 
Completing Iteration 1 (approx. per word bound = -47.967) 
......................................................................................................
Completed E-Step (16 seconds). 
Completed M-Step (0 seconds). 
calculate log likelihood 
convergence.check is 0.2277258 
Completing Iteration 2 (approx. per word bound = -37.044, relative change = 2.277e-01) 
......................................................................................................
Completed E-Step (14 seconds). 
Completed M-Step (0 seconds). 
calculate log likelihood 
convergence.check is 0.0003748954 
Model Terminated Before Convergence Reached 
21 models in net 
Beginning Random Initialization 
Initialization with Poisson NMF 
......................................................................................................
Completed E-Step (24 seconds). 
Completed M-Step (0 seconds). 
calculate log likelihood 
Completing Iteration 1 (approx. per word bound = -47.170) 
......................................................................................................
Completed E-Step (15 seconds). 
Completed M-Step (0 seconds). 
calculate log likelihood 
convergence.check is 0.2146642 
Completing Iteration 2 (approx. per word bound = -37.044, relative change = 2.147e-01) 
......................................................................................................
Completed E-Step (15 seconds). 
Completed M-Step (0 seconds). 
calculate log likelihood 
convergence.check is 0.0001791156 
Model Terminated Before Convergence Reached 
Running select models 
1 select model run 
Beginning Spectral Initialization 
	 Calculating the gram matrix...
	 Finding anchor words...
 	.....
	 Recovering initialization...
 	.......
Initialization complete.
......................................................................................................
Completed E-Step (22 seconds). 
Completed M-Step (0 seconds). 
calculate log likelihood 
Completing Iteration 1 (approx. per word bound = -36.939) 
......................................................................................................
Completed E-Step (14 seconds). 
Completed M-Step (0 seconds). 
calculate log likelihood 
convergence.check is 0.0002856963 
Completing Iteration 2 (approx. per word bound = -36.928, relative change = 2.857e-04) 
......................................................................................................
Completed E-Step (13 seconds). 
Completed M-Step (0 seconds). 
calculate log likelihood 
convergence.check is 0.0001234824 
Completing Iteration 3 (approx. per word bound = -36.924, relative change = 1.235e-04) 
......................................................................................................
Completed E-Step (11 seconds). 
Completed M-Step (0 seconds). 
calculate log likelihood 
convergence.check is 6.571357e-05 
Completing Iteration 4 (approx. per word bound = -36.921, relative change = 6.571e-05) 
......................................................................................................
Completed E-Step (11 seconds). 
Completed M-Step (0 seconds). 
calculate log likelihood 
convergence.check is 2.652137e-05 
Completing Iteration 5 (approx. per word bound = -36.920, relative change = 2.652e-05) 
Topic 1: Gene1261, Gene1103, Gene729, Gene384, Gene24 
 Topic 2: Gene1103, Gene24, Gene1163, Gene663, Gene1487 
 Topic 3: Gene24, Gene729, Gene154, Gene375, Gene1157 
 Topic 4: Gene1103, Gene729, Gene384, Gene24, Gene566 
 Topic 5: Gene1103, Gene729, Gene24, Gene384, Gene1163 
......................................................................................................
Completed E-Step (10 seconds). 
Completed M-Step (0 seconds). 
calculate log likelihood 
convergence.check is 1.089156e-05 
Completing Iteration 6 (approx. per word bound = -36.920, relative change = 1.089e-05) 
......................................................................................................
Completed E-Step (10 seconds). 
Completed M-Step (0 seconds). 
calculate log likelihood 
convergence.check is 4.771421e-06 
Completing Iteration 7 (approx. per word bound = -36.920, relative change = 4.771e-06) 
......................................................................................................
Completed E-Step (9 seconds). 
Completed M-Step (0 seconds). 
calculate log likelihood 
convergence.check is 2.515951e-06 
Completing Iteration 8 (approx. per word bound = -36.919, relative change = 2.516e-06) 
......................................................................................................
Completed E-Step (9 seconds). 
Completed M-Step (0 seconds). 
calculate log likelihood 
convergence.check is 1.567186e-06 
Completing Iteration 9 (approx. per word bound = -36.919, relative change = 1.567e-06) 
......................................................................................................
Completed E-Step (8 seconds). 
Completed M-Step (0 seconds). 
calculate log likelihood 
convergence.check is 9.090809e-07 
Model Converged 
2 select model run 
Initialization with topicScore. 
Initializing factors using Topic SCORE algorithm.
Initializing loadings by running 10 SCD updates.
......................................................................................................
Completed E-Step (17 seconds). 
Completed M-Step (0 seconds). 
calculate log likelihood 
Completing Iteration 1 (approx. per word bound = -36.959) 
......................................................................................................
Completed E-Step (16 seconds). 
Completed M-Step (0 seconds). 
calculate log likelihood 
convergence.check is 8.352614e-05 
Completing Iteration 2 (approx. per word bound = -36.956, relative change = 8.353e-05) 
......................................................................................................
Completed E-Step (15 seconds). 
Completed M-Step (0 seconds). 
calculate log likelihood 
convergence.check is 4.819528e-05 
Completing Iteration 3 (approx. per word bound = -36.954, relative change = 4.820e-05) 
......................................................................................................
Completed E-Step (14 seconds). 
Completed M-Step (0 seconds). 
calculate log likelihood 
convergence.check is 3.643394e-05 
Completing Iteration 4 (approx. per word bound = -36.953, relative change = 3.643e-05) 
......................................................................................................
Completed E-Step (14 seconds). 
Completed M-Step (0 seconds). 
calculate log likelihood 
convergence.check is 2.852491e-05 
Completing Iteration 5 (approx. per word bound = -36.952, relative change = 2.852e-05) 
Topic 1: Gene1103, Gene110, Gene537, Gene776, Gene241 
 Topic 2: Gene1103, Gene537, Gene241, Gene776, Gene15 
 Topic 3: Gene24, Gene729, Gene1487, Gene154, Gene375 
 Topic 4: Gene1261, Gene1103, Gene523, Gene235, Gene537 
 Topic 5: Gene729, Gene384, Gene1157, Gene154, Gene24 
......................................................................................................
Completed E-Step (14 seconds). 
Completed M-Step (0 seconds). 
calculate log likelihood 
convergence.check is 2.23406e-05 
Completing Iteration 6 (approx. per word bound = -36.951, relative change = 2.234e-05) 
......................................................................................................
Completed E-Step (14 seconds). 
Completed M-Step (0 seconds). 
calculate log likelihood 
convergence.check is 1.787572e-05 
Completing Iteration 7 (approx. per word bound = -36.951, relative change = 1.788e-05) 
......................................................................................................
Completed E-Step (14 seconds). 
Completed M-Step (0 seconds). 
calculate log likelihood 
convergence.check is 1.440607e-05 
Completing Iteration 8 (approx. per word bound = -36.950, relative change = 1.441e-05) 
......................................................................................................
Completed E-Step (13 seconds). 
Completed M-Step (0 seconds). 
calculate log likelihood 
convergence.check is 1.159115e-05 
Completing Iteration 9 (approx. per word bound = -36.950, relative change = 1.159e-05) 
......................................................................................................
Completed E-Step (9 seconds). 
Completed M-Step (0 seconds). 
calculate log likelihood 
convergence.check is 1.097169e-05 
Completing Iteration 10 (approx. per word bound = -36.949, relative change = 1.097e-05) 
Topic 1: Gene1103, Gene110, Gene537, Gene776, Gene241 
 Topic 2: Gene1103, Gene537, Gene241, Gene776, Gene15 
 Topic 3: Gene24, Gene729, Gene1487, Gene154, Gene375 
 Topic 4: Gene1261, Gene1103, Gene523, Gene235, Gene537 
 Topic 5: Gene729, Gene1157, Gene384, Gene154, Gene24 
......................................................................................................
Completed E-Step (9 seconds). 
Completed M-Step (0 seconds). 
calculate log likelihood 
convergence.check is 8.405127e-06 
Completing Iteration 11 (approx. per word bound = -36.949, relative change = 8.405e-06) 
......................................................................................................
Completed E-Step (9 seconds). 
Completed M-Step (0 seconds). 
calculate log likelihood 
convergence.check is 7.503965e-06 
Completing Iteration 12 (approx. per word bound = -36.949, relative change = 7.504e-06) 
......................................................................................................
Completed E-Step (9 seconds). 
Completed M-Step (0 seconds). 
calculate log likelihood 
convergence.check is 6.266971e-06 
Completing Iteration 13 (approx. per word bound = -36.948, relative change = 6.267e-06) 
......................................................................................................
Completed E-Step (9 seconds). 
Completed M-Step (0 seconds). 
calculate log likelihood 
convergence.check is 6.044506e-06 
Completing Iteration 14 (approx. per word bound = -36.948, relative change = 6.045e-06) 
......................................................................................................
Completed E-Step (8 seconds). 
Completed M-Step (0 seconds). 
calculate log likelihood 
convergence.check is 5.443346e-06 
Completing Iteration 15 (approx. per word bound = -36.948, relative change = 5.443e-06) 
Topic 1: Gene1103, Gene537, Gene110, Gene776, Gene241 
 Topic 2: Gene1103, Gene537, Gene241, Gene776, Gene15 
 Topic 3: Gene24, Gene729, Gene1487, Gene154, Gene375 
 Topic 4: Gene1261, Gene1103, Gene523, Gene235, Gene537 
 Topic 5: Gene729, Gene1157, Gene384, Gene24, Gene154 
......................................................................................................
Completed E-Step (8 seconds). 
Completed M-Step (0 seconds). 
calculate log likelihood 
convergence.check is 5.224514e-06 
Completing Iteration 16 (approx. per word bound = -36.948, relative change = 5.225e-06) 
......................................................................................................
Completed E-Step (9 seconds). 
Completed M-Step (0 seconds). 
calculate log likelihood 
convergence.check is 4.730448e-06 
Completing Iteration 17 (approx. per word bound = -36.948, relative change = 4.730e-06) 
......................................................................................................
Completed E-Step (13 seconds). 
Completed M-Step (0 seconds). 
calculate log likelihood 
convergence.check is 4.576881e-06 
Completing Iteration 18 (approx. per word bound = -36.947, relative change = 4.577e-06) 
......................................................................................................
Completed E-Step (14 seconds). 
Completed M-Step (0 seconds). 
calculate log likelihood 
convergence.check is 4.308539e-06 
Completing Iteration 19 (approx. per word bound = -36.947, relative change = 4.309e-06) 
......................................................................................................
Completed E-Step (14 seconds). 
Completed M-Step (0 seconds). 
calculate log likelihood 
convergence.check is 4.021243e-06 
Completing Iteration 20 (approx. per word bound = -36.947, relative change = 4.021e-06) 
Topic 1: Gene1103, Gene537, Gene110, Gene776, Gene241 
 Topic 2: Gene1103, Gene537, Gene241, Gene776, Gene15 
 Topic 3: Gene24, Gene1487, Gene729, Gene154, Gene375 
 Topic 4: Gene1261, Gene523, Gene1103, Gene235, Gene537 
 Topic 5: Gene729, Gene1157, Gene384, Gene24, Gene154 
......................................................................................................
Completed E-Step (14 seconds). 
Completed M-Step (0 seconds). 
calculate log likelihood 
convergence.check is 4.057016e-06 
Completing Iteration 21 (approx. per word bound = -36.947, relative change = 4.057e-06) 
......................................................................................................
Completed E-Step (14 seconds). 
Completed M-Step (0 seconds). 
calculate log likelihood 
convergence.check is 3.770814e-06 
Completing Iteration 22 (approx. per word bound = -36.947, relative change = 3.771e-06) 
......................................................................................................
Completed E-Step (14 seconds). 
Completed M-Step (0 seconds). 
calculate log likelihood 
convergence.check is 3.610101e-06 
Completing Iteration 23 (approx. per word bound = -36.947, relative change = 3.610e-06) 
......................................................................................................
Completed E-Step (14 seconds). 
Completed M-Step (0 seconds). 
calculate log likelihood 
convergence.check is 3.554851e-06 
Completing Iteration 24 (approx. per word bound = -36.947, relative change = 3.555e-06) 
......................................................................................................
Completed E-Step (14 seconds). 
Completed M-Step (0 seconds). 
calculate log likelihood 
convergence.check is 3.649668e-06 
Completing Iteration 25 (approx. per word bound = -36.946, relative change = 3.650e-06) 
Topic 1: Gene1103, Gene537, Gene110, Gene384, Gene776 
 Topic 2: Gene1103, Gene537, Gene241, Gene776, Gene15 
 Topic 3: Gene24, Gene729, Gene1487, Gene154, Gene375 
 Topic 4: Gene1261, Gene523, Gene1103, Gene235, Gene537 
 Topic 5: Gene729, Gene1157, Gene384, Gene24, Gene154 
......................................................................................................
Completed E-Step (14 seconds). 
Completed M-Step (0 seconds). 
calculate log likelihood 
convergence.check is 3.299812e-06 
Completing Iteration 26 (approx. per word bound = -36.946, relative change = 3.300e-06) 
......................................................................................................
Completed E-Step (14 seconds). 
Completed M-Step (0 seconds). 
calculate log likelihood 
convergence.check is 2.929262e-06 
Completing Iteration 27 (approx. per word bound = -36.946, relative change = 2.929e-06) 
......................................................................................................
Completed E-Step (13 seconds). 
Completed M-Step (0 seconds). 
calculate log likelihood 
convergence.check is 3.115712e-06 
Completing Iteration 28 (approx. per word bound = -36.946, relative change = 3.116e-06) 
......................................................................................................
Completed E-Step (13 seconds). 
Completed M-Step (0 seconds). 
calculate log likelihood 
convergence.check is 2.906056e-06 
Completing Iteration 29 (approx. per word bound = -36.946, relative change = 2.906e-06) 
......................................................................................................
Completed E-Step (14 seconds). 
Completed M-Step (0 seconds). 
calculate log likelihood 
convergence.check is 2.774618e-06 
Completing Iteration 30 (approx. per word bound = -36.946, relative change = 2.775e-06) 
Topic 1: Gene1103, Gene537, Gene110, Gene384, Gene776 
 Topic 2: Gene1103, Gene537, Gene241, Gene776, Gene15 
 Topic 3: Gene24, Gene729, Gene1487, Gene154, Gene375 
 Topic 4: Gene1261, Gene523, Gene1103, Gene235, Gene537 
 Topic 5: Gene729, Gene1157, Gene384, Gene24, Gene154 
......................................................................................................
Completed E-Step (14 seconds). 
Completed M-Step (0 seconds). 
calculate log likelihood 
convergence.check is 2.823816e-06 
Completing Iteration 31 (approx. per word bound = -36.946, relative change = 2.824e-06) 
......................................................................................................
Completed E-Step (13 seconds). 
Completed M-Step (0 seconds). 
calculate log likelihood 
convergence.check is 2.867061e-06 
Completing Iteration 32 (approx. per word bound = -36.946, relative change = 2.867e-06) 
......................................................................................................
Completed E-Step (13 seconds). 
Completed M-Step (0 seconds). 
calculate log likelihood 
convergence.check is 2.906649e-06 
Completing Iteration 33 (approx. per word bound = -36.946, relative change = 2.907e-06) 
......................................................................................................
Completed E-Step (13 seconds). 
Completed M-Step (0 seconds). 
calculate log likelihood 
convergence.check is 2.506516e-06 
Completing Iteration 34 (approx. per word bound = -36.945, relative change = 2.507e-06) 
......................................................................................................
Completed E-Step (13 seconds). 
Completed M-Step (0 seconds). 
calculate log likelihood 
convergence.check is 2.53029e-06 
Completing Iteration 35 (approx. per word bound = -36.945, relative change = 2.530e-06) 
Topic 1: Gene1103, Gene537, Gene384, Gene110, Gene776 
 Topic 2: Gene1103, Gene537, Gene241, Gene776, Gene15 
 Topic 3: Gene24, Gene729, Gene1487, Gene154, Gene375 
 Topic 4: Gene1261, Gene523, Gene1103, Gene235, Gene537 
 Topic 5: Gene729, Gene1157, Gene384, Gene24, Gene154 
......................................................................................................
Completed E-Step (13 seconds). 
Completed M-Step (0 seconds). 
calculate log likelihood 
convergence.check is 2.374184e-06 
Completing Iteration 36 (approx. per word bound = -36.945, relative change = 2.374e-06) 
......................................................................................................
Completed E-Step (13 seconds). 
Completed M-Step (0 seconds). 
calculate log likelihood 
convergence.check is 2.636374e-06 
Completing Iteration 37 (approx. per word bound = -36.945, relative change = 2.636e-06) 
......................................................................................................
Completed E-Step (13 seconds). 
Completed M-Step (0 seconds). 
calculate log likelihood 
convergence.check is 2.454197e-06 
Completing Iteration 38 (approx. per word bound = -36.945, relative change = 2.454e-06) 
......................................................................................................
Completed E-Step (13 seconds). 
Completed M-Step (0 seconds). 
calculate log likelihood 
convergence.check is 2.590361e-06 
Completing Iteration 39 (approx. per word bound = -36.945, relative change = 2.590e-06) 
......................................................................................................
Completed E-Step (13 seconds). 
Completed M-Step (0 seconds). 
calculate log likelihood 
convergence.check is 2.000474e-06 
Completing Iteration 40 (approx. per word bound = -36.945, relative change = 2.000e-06) 
Topic 1: Gene1103, Gene537, Gene384, Gene110, Gene776 
 Topic 2: Gene1103, Gene537, Gene241, Gene776, Gene15 
 Topic 3: Gene24, Gene729, Gene1487, Gene154, Gene375 
 Topic 4: Gene1261, Gene523, Gene1103, Gene235, Gene537 
 Topic 5: Gene729, Gene1157, Gene384, Gene24, Gene154 
......................................................................................................
Completed E-Step (13 seconds). 
Completed M-Step (0 seconds). 
calculate log likelihood 
convergence.check is 2.229041e-06 
Completing Iteration 41 (approx. per word bound = -36.945, relative change = 2.229e-06) 
......................................................................................................
Completed E-Step (12 seconds). 
Completed M-Step (0 seconds). 
calculate log likelihood 
convergence.check is 2.094711e-06 
Completing Iteration 42 (approx. per word bound = -36.945, relative change = 2.095e-06) 
......................................................................................................
Completed E-Step (13 seconds). 
Completed M-Step (0 seconds). 
calculate log likelihood 
convergence.check is 2.070753e-06 
Completing Iteration 43 (approx. per word bound = -36.945, relative change = 2.071e-06) 
......................................................................................................
Completed E-Step (13 seconds). 
Completed M-Step (0 seconds). 
calculate log likelihood 
convergence.check is 1.842797e-06 
Completing Iteration 44 (approx. per word bound = -36.945, relative change = 1.843e-06) 
......................................................................................................
Completed E-Step (12 seconds). 
Completed M-Step (0 seconds). 
calculate log likelihood 
convergence.check is 2.200391e-06 
Completing Iteration 45 (approx. per word bound = -36.945, relative change = 2.200e-06) 
Topic 1: Gene1103, Gene537, Gene384, Gene110, Gene776 
 Topic 2: Gene1103, Gene537, Gene241, Gene776, Gene15 
 Topic 3: Gene24, Gene729, Gene1487, Gene154, Gene375 
 Topic 4: Gene1261, Gene523, Gene1103, Gene235, Gene537 
 Topic 5: Gene729, Gene1157, Gene384, Gene24, Gene154 
......................................................................................................
Completed E-Step (12 seconds). 
Completed M-Step (0 seconds). 
calculate log likelihood 
convergence.check is 1.972481e-06 
Completing Iteration 46 (approx. per word bound = -36.944, relative change = 1.972e-06) 
......................................................................................................
Completed E-Step (12 seconds). 
Completed M-Step (0 seconds). 
calculate log likelihood 
convergence.check is 1.85133e-06 
Completing Iteration 47 (approx. per word bound = -36.944, relative change = 1.851e-06) 
......................................................................................................
Completed E-Step (12 seconds). 
Completed M-Step (0 seconds). 
calculate log likelihood 
convergence.check is 1.864267e-06 
Completing Iteration 48 (approx. per word bound = -36.944, relative change = 1.864e-06) 
......................................................................................................
Completed E-Step (12 seconds). 
Completed M-Step (0 seconds). 
calculate log likelihood 
convergence.check is 1.784528e-06 
Completing Iteration 49 (approx. per word bound = -36.944, relative change = 1.785e-06) 
......................................................................................................
Completed E-Step (12 seconds). 
Completed M-Step (0 seconds). 
calculate log likelihood 
convergence.check is 1.837911e-06 
Completing Iteration 50 (approx. per word bound = -36.944, relative change = 1.838e-06) 
Topic 1: Gene1103, Gene384, Gene537, Gene110, Gene776 
 Topic 2: Gene1103, Gene537, Gene241, Gene776, Gene15 
 Topic 3: Gene24, Gene729, Gene154, Gene1487, Gene375 
 Topic 4: Gene1261, Gene523, Gene1103, Gene235, Gene537 
 Topic 5: Gene729, Gene1157, Gene24, Gene384, Gene154 
......................................................................................................
Completed E-Step (12 seconds). 
Completed M-Step (0 seconds). 
calculate log likelihood 
convergence.check is 1.915388e-06 
Completing Iteration 51 (approx. per word bound = -36.944, relative change = 1.915e-06) 
......................................................................................................
Completed E-Step (12 seconds). 
Completed M-Step (0 seconds). 
calculate log likelihood 
convergence.check is 1.642032e-06 
Completing Iteration 52 (approx. per word bound = -36.944, relative change = 1.642e-06) 
......................................................................................................
Completed E-Step (12 seconds). 
Completed M-Step (0 seconds). 
calculate log likelihood 
convergence.check is 1.734525e-06 
Completing Iteration 53 (approx. per word bound = -36.944, relative change = 1.735e-06) 
......................................................................................................
Completed E-Step (12 seconds). 
Completed M-Step (0 seconds). 
calculate log likelihood 
convergence.check is 1.625731e-06 
Completing Iteration 54 (approx. per word bound = -36.944, relative change = 1.626e-06) 
......................................................................................................
Completed E-Step (12 seconds). 
Completed M-Step (0 seconds). 
calculate log likelihood 
convergence.check is 1.703561e-06 
Completing Iteration 55 (approx. per word bound = -36.944, relative change = 1.704e-06) 
Topic 1: Gene1103, Gene384, Gene537, Gene110, Gene776 
 Topic 2: Gene1103, Gene537, Gene241, Gene776, Gene15 
 Topic 3: Gene24, Gene729, Gene154, Gene375, Gene1487 
 Topic 4: Gene1261, Gene523, Gene1103, Gene235, Gene537 
 Topic 5: Gene729, Gene1157, Gene24, Gene384, Gene154 
......................................................................................................
Completed E-Step (12 seconds). 
Completed M-Step (0 seconds). 
calculate log likelihood 
convergence.check is 1.672175e-06 
Completing Iteration 56 (approx. per word bound = -36.944, relative change = 1.672e-06) 
......................................................................................................
Completed E-Step (12 seconds). 
Completed M-Step (0 seconds). 
calculate log likelihood 
convergence.check is 1.451082e-06 
Completing Iteration 57 (approx. per word bound = -36.944, relative change = 1.451e-06) 
......................................................................................................
Completed E-Step (12 seconds). 
Completed M-Step (0 seconds). 
calculate log likelihood 
convergence.check is 1.613864e-06 
Completing Iteration 58 (approx. per word bound = -36.944, relative change = 1.614e-06) 
......................................................................................................
Completed E-Step (12 seconds). 
Completed M-Step (0 seconds). 
calculate log likelihood 
convergence.check is 1.553022e-06 
Completing Iteration 59 (approx. per word bound = -36.944, relative change = 1.553e-06) 
......................................................................................................
Completed E-Step (12 seconds). 
Completed M-Step (0 seconds). 
calculate log likelihood 
convergence.check is 1.502419e-06 
Completing Iteration 60 (approx. per word bound = -36.944, relative change = 1.502e-06) 
Topic 1: Gene1103, Gene384, Gene537, Gene776, Gene110 
 Topic 2: Gene1103, Gene537, Gene241, Gene776, Gene15 
 Topic 3: Gene24, Gene729, Gene154, Gene375, Gene1487 
 Topic 4: Gene1261, Gene523, Gene1103, Gene235, Gene537 
 Topic 5: Gene729, Gene1157, Gene24, Gene384, Gene154 
......................................................................................................
Completed E-Step (12 seconds). 
Completed M-Step (0 seconds). 
calculate log likelihood 
convergence.check is 1.607053e-06 
Completing Iteration 61 (approx. per word bound = -36.944, relative change = 1.607e-06) 
......................................................................................................
Completed E-Step (12 seconds). 
Completed M-Step (0 seconds). 
calculate log likelihood 
convergence.check is 1.475601e-06 
Completing Iteration 62 (approx. per word bound = -36.943, relative change = 1.476e-06) 
......................................................................................................
Completed E-Step (11 seconds). 
Completed M-Step (0 seconds). 
calculate log likelihood 
convergence.check is 1.454906e-06 
Completing Iteration 63 (approx. per word bound = -36.943, relative change = 1.455e-06) 
......................................................................................................
Completed E-Step (11 seconds). 
Completed M-Step (0 seconds). 
calculate log likelihood 
convergence.check is 1.437107e-06 
Completing Iteration 64 (approx. per word bound = -36.943, relative change = 1.437e-06) 
......................................................................................................
Completed E-Step (11 seconds). 
Completed M-Step (0 seconds). 
calculate log likelihood 
convergence.check is 1.691418e-06 
Completing Iteration 65 (approx. per word bound = -36.943, relative change = 1.691e-06) 
Topic 1: Gene1103, Gene384, Gene537, Gene776, Gene241 
 Topic 2: Gene1103, Gene537, Gene241, Gene776, Gene15 
 Topic 3: Gene24, Gene729, Gene154, Gene375, Gene1487 
 Topic 4: Gene1261, Gene523, Gene1103, Gene235, Gene537 
 Topic 5: Gene729, Gene1157, Gene24, Gene384, Gene154 
......................................................................................................
Completed E-Step (11 seconds). 
Completed M-Step (0 seconds). 
calculate log likelihood 
convergence.check is 1.299386e-06 
Completing Iteration 66 (approx. per word bound = -36.943, relative change = 1.299e-06) 
......................................................................................................
Completed E-Step (11 seconds). 
Completed M-Step (0 seconds). 
calculate log likelihood 
convergence.check is 1.46217e-06 
Completing Iteration 67 (approx. per word bound = -36.943, relative change = 1.462e-06) 
......................................................................................................
Completed E-Step (11 seconds). 
Completed M-Step (0 seconds). 
calculate log likelihood 
convergence.check is 1.402325e-06 
Completing Iteration 68 (approx. per word bound = -36.943, relative change = 1.402e-06) 
......................................................................................................
Completed E-Step (11 seconds). 
Completed M-Step (0 seconds). 
calculate log likelihood 
convergence.check is 1.417254e-06 
Completing Iteration 69 (approx. per word bound = -36.943, relative change = 1.417e-06) 
......................................................................................................
Completed E-Step (13 seconds). 
Completed M-Step (0 seconds). 
calculate log likelihood 
convergence.check is 1.508507e-06 
Completing Iteration 70 (approx. per word bound = -36.943, relative change = 1.509e-06) 
Topic 1: Gene1103, Gene384, Gene537, Gene776, Gene241 
 Topic 2: Gene1103, Gene537, Gene241, Gene1163, Gene776 
 Topic 3: Gene24, Gene729, Gene154, Gene375, Gene1487 
 Topic 4: Gene1261, Gene523, Gene1103, Gene235, Gene537 
 Topic 5: Gene729, Gene1157, Gene24, Gene384, Gene154 
......................................................................................................
Completed E-Step (11 seconds). 
Completed M-Step (0 seconds). 
calculate log likelihood 
convergence.check is 1.435584e-06 
Completing Iteration 71 (approx. per word bound = -36.943, relative change = 1.436e-06) 
......................................................................................................
Completed E-Step (11 seconds). 
Completed M-Step (0 seconds). 
calculate log likelihood 
convergence.check is 1.230874e-06 
Completing Iteration 72 (approx. per word bound = -36.943, relative change = 1.231e-06) 
......................................................................................................
Completed E-Step (11 seconds). 
Completed M-Step (0 seconds). 
calculate log likelihood 
convergence.check is 1.579834e-06 
Completing Iteration 73 (approx. per word bound = -36.943, relative change = 1.580e-06) 
......................................................................................................
Completed E-Step (11 seconds). 
Completed M-Step (0 seconds). 
calculate log likelihood 
convergence.check is 1.47809e-06 
Completing Iteration 74 (approx. per word bound = -36.943, relative change = 1.478e-06) 
......................................................................................................
Completed E-Step (11 seconds). 
Completed M-Step (0 seconds). 
calculate log likelihood 
convergence.check is 1.510281e-06 
Completing Iteration 75 (approx. per word bound = -36.943, relative change = 1.510e-06) 
Topic 1: Gene1103, Gene384, Gene537, Gene776, Gene566 
 Topic 2: Gene1103, Gene537, Gene1163, Gene241, Gene776 
 Topic 3: Gene24, Gene729, Gene154, Gene375, Gene1487 
 Topic 4: Gene1261, Gene523, Gene1103, Gene235, Gene537 
 Topic 5: Gene729, Gene1157, Gene24, Gene384, Gene154 
......................................................................................................
Completed E-Step (11 seconds). 
Completed M-Step (0 seconds). 
calculate log likelihood 
convergence.check is 1.381665e-06 
Completing Iteration 76 (approx. per word bound = -36.943, relative change = 1.382e-06) 
......................................................................................................
Completed E-Step (11 seconds). 
Completed M-Step (0 seconds). 
calculate log likelihood 
convergence.check is 1.487239e-06 
Completing Iteration 77 (approx. per word bound = -36.943, relative change = 1.487e-06) 
......................................................................................................
Completed E-Step (11 seconds). 
Completed M-Step (0 seconds). 
calculate log likelihood 
convergence.check is 1.532228e-06 
Completing Iteration 78 (approx. per word bound = -36.943, relative change = 1.532e-06) 
......................................................................................................
Completed E-Step (11 seconds). 
Completed M-Step (0 seconds). 
calculate log likelihood 
convergence.check is 1.546078e-06 
Completing Iteration 79 (approx. per word bound = -36.943, relative change = 1.546e-06) 
......................................................................................................
Completed E-Step (11 seconds). 
Completed M-Step (0 seconds). 
calculate log likelihood 
convergence.check is 1.612819e-06 
Completing Iteration 80 (approx. per word bound = -36.942, relative change = 1.613e-06) 
Topic 1: Gene1103, Gene384, Gene537, Gene776, Gene566 
 Topic 2: Gene1103, Gene537, Gene1163, Gene241, Gene776 
 Topic 3: Gene24, Gene729, Gene154, Gene375, Gene1487 
 Topic 4: Gene1261, Gene523, Gene1103, Gene235, Gene537 
 Topic 5: Gene729, Gene1157, Gene24, Gene384, Gene154 
......................................................................................................
Completed E-Step (11 seconds). 
Completed M-Step (0 seconds). 
calculate log likelihood 
convergence.check is 1.430027e-06 
Completing Iteration 81 (approx. per word bound = -36.942, relative change = 1.430e-06) 
......................................................................................................
Completed E-Step (11 seconds). 
Completed M-Step (0 seconds). 
calculate log likelihood 
convergence.check is 1.724449e-06 
Completing Iteration 82 (approx. per word bound = -36.942, relative change = 1.724e-06) 
......................................................................................................
Completed E-Step (11 seconds). 
Completed M-Step (0 seconds). 
calculate log likelihood 
convergence.check is 1.642918e-06 
Completing Iteration 83 (approx. per word bound = -36.942, relative change = 1.643e-06) 
......................................................................................................
Completed E-Step (12 seconds). 
Completed M-Step (0 seconds). 
calculate log likelihood 
convergence.check is 1.480944e-06 
Completing Iteration 84 (approx. per word bound = -36.942, relative change = 1.481e-06) 
......................................................................................................
Completed E-Step (11 seconds). 
Completed M-Step (0 seconds). 
calculate log likelihood 
convergence.check is 1.649026e-06 
Completing Iteration 85 (approx. per word bound = -36.942, relative change = 1.649e-06) 
Topic 1: Gene1103, Gene384, Gene537, Gene566, Gene776 
 Topic 2: Gene1103, Gene1163, Gene537, Gene241, Gene776 
 Topic 3: Gene24, Gene729, Gene154, Gene375, Gene1487 
 Topic 4: Gene1261, Gene523, Gene1103, Gene235, Gene537 
 Topic 5: Gene729, Gene1157, Gene24, Gene384, Gene154 
......................................................................................................
Completed E-Step (12 seconds). 
Completed M-Step (0 seconds). 
calculate log likelihood 
convergence.check is 1.618061e-06 
Completing Iteration 86 (approx. per word bound = -36.942, relative change = 1.618e-06) 
......................................................................................................
Completed E-Step (12 seconds). 
Completed M-Step (0 seconds). 
calculate log likelihood 
convergence.check is 1.634045e-06 
Completing Iteration 87 (approx. per word bound = -36.942, relative change = 1.634e-06) 
......................................................................................................
Completed E-Step (12 seconds). 
Completed M-Step (0 seconds). 
calculate log likelihood 
convergence.check is 1.608102e-06 
Completing Iteration 88 (approx. per word bound = -36.942, relative change = 1.608e-06) 
......................................................................................................
Completed E-Step (11 seconds). 
Completed M-Step (0 seconds). 
calculate log likelihood 
convergence.check is 1.583362e-06 
Completing Iteration 89 (approx. per word bound = -36.942, relative change = 1.583e-06) 
......................................................................................................
Completed E-Step (12 seconds). 
Completed M-Step (0 seconds). 
calculate log likelihood 
convergence.check is 1.706081e-06 
Completing Iteration 90 (approx. per word bound = -36.942, relative change = 1.706e-06) 
Topic 1: Gene1103, Gene384, Gene537, Gene566, Gene663 
 Topic 2: Gene1103, Gene1163, Gene537, Gene241, Gene776 
 Topic 3: Gene24, Gene729, Gene154, Gene375, Gene1487 
 Topic 4: Gene1261, Gene523, Gene1103, Gene235, Gene537 
 Topic 5: Gene729, Gene1157, Gene24, Gene384, Gene154 
......................................................................................................
Completed E-Step (12 seconds). 
Completed M-Step (0 seconds). 
calculate log likelihood 
convergence.check is 1.647504e-06 
Completing Iteration 91 (approx. per word bound = -36.942, relative change = 1.648e-06) 
......................................................................................................
Completed E-Step (11 seconds). 
Completed M-Step (0 seconds). 
calculate log likelihood 
convergence.check is 1.581916e-06 
Completing Iteration 92 (approx. per word bound = -36.942, relative change = 1.582e-06) 
......................................................................................................
Completed E-Step (12 seconds). 
Completed M-Step (0 seconds). 
calculate log likelihood 
convergence.check is 1.898984e-06 
Completing Iteration 93 (approx. per word bound = -36.942, relative change = 1.899e-06) 
......................................................................................................
Completed E-Step (11 seconds). 
Completed M-Step (0 seconds). 
calculate log likelihood 
convergence.check is 1.557472e-06 
Completing Iteration 94 (approx. per word bound = -36.942, relative change = 1.557e-06) 
......................................................................................................
Completed E-Step (11 seconds). 
Completed M-Step (0 seconds). 
calculate log likelihood 
convergence.check is 1.697828e-06 
Completing Iteration 95 (approx. per word bound = -36.942, relative change = 1.698e-06) 
Topic 1: Gene1103, Gene384, Gene537, Gene566, Gene663 
 Topic 2: Gene1103, Gene1163, Gene537, Gene241, Gene776 
 Topic 3: Gene24, Gene729, Gene154, Gene375, Gene1487 
 Topic 4: Gene1261, Gene1103, Gene523, Gene235, Gene241 
 Topic 5: Gene729, Gene1157, Gene24, Gene384, Gene154 
......................................................................................................
Completed E-Step (11 seconds). 
Completed M-Step (0 seconds). 
calculate log likelihood 
convergence.check is 1.628924e-06 
Completing Iteration 96 (approx. per word bound = -36.942, relative change = 1.629e-06) 
......................................................................................................
Completed E-Step (10 seconds). 
Completed M-Step (0 seconds). 
calculate log likelihood 
convergence.check is 1.875097e-06 
Completing Iteration 97 (approx. per word bound = -36.941, relative change = 1.875e-06) 
......................................................................................................
Completed E-Step (7 seconds). 
Completed M-Step (0 seconds). 
calculate log likelihood 
convergence.check is 1.667602e-06 
Completing Iteration 98 (approx. per word bound = -36.941, relative change = 1.668e-06) 
......................................................................................................
Completed E-Step (7 seconds). 
Completed M-Step (0 seconds). 
calculate log likelihood 
convergence.check is 1.858822e-06 
Completing Iteration 99 (approx. per word bound = -36.941, relative change = 1.859e-06) 
......................................................................................................
Completed E-Step (7 seconds). 
Completed M-Step (0 seconds). 
calculate log likelihood 
convergence.check is 1.702333e-06 
Model Terminated Before Convergence Reached 
3 select model run 
Initialization with topicScore. 
Initializing factors using Topic SCORE algorithm.
Initializing loadings by running 10 SCD updates.
......................................................................................................
Completed E-Step (16 seconds). 
Completed M-Step (0 seconds). 
calculate log likelihood 
Completing Iteration 1 (approx. per word bound = -36.960) 
......................................................................................................
Completed E-Step (17 seconds). 
Completed M-Step (0 seconds). 
calculate log likelihood 
convergence.check is 8.872678e-05 
Completing Iteration 2 (approx. per word bound = -36.957, relative change = 8.873e-05) 
......................................................................................................
Completed E-Step (17 seconds). 
Completed M-Step (0 seconds). 
calculate log likelihood 
convergence.check is 4.862061e-05 
Completing Iteration 3 (approx. per word bound = -36.955, relative change = 4.862e-05) 
......................................................................................................
Completed E-Step (16 seconds). 
Completed M-Step (0 seconds). 
calculate log likelihood 
convergence.check is 3.960485e-05 
Completing Iteration 4 (approx. per word bound = -36.953, relative change = 3.960e-05) 
......................................................................................................
Completed E-Step (16 seconds). 
Completed M-Step (0 seconds). 
calculate log likelihood 
convergence.check is 3.336874e-05 
Completing Iteration 5 (approx. per word bound = -36.952, relative change = 3.337e-05) 
Topic 1: Gene1103, Gene537, Gene241, Gene15, Gene776 
 Topic 2: Gene24, Gene729, Gene1487, Gene663, Gene1163 
 Topic 3: Gene1103, Gene1261, Gene235, Gene523, Gene537 
 Topic 4: Gene729, Gene1157, Gene154, Gene24, Gene384 
 Topic 5: Gene1103, Gene537, Gene241, Gene110, Gene776 
......................................................................................................
Completed E-Step (16 seconds). 
Completed M-Step (0 seconds). 
calculate log likelihood 
convergence.check is 2.819408e-05 
Completing Iteration 6 (approx. per word bound = -36.951, relative change = 2.819e-05) 
......................................................................................................
Completed E-Step (15 seconds). 
Completed M-Step (0 seconds). 
calculate log likelihood 
convergence.check is 2.510323e-05 
Completing Iteration 7 (approx. per word bound = -36.950, relative change = 2.510e-05) 
......................................................................................................
Completed E-Step (15 seconds). 
Completed M-Step (0 seconds). 
calculate log likelihood 
convergence.check is 2.108255e-05 
Completing Iteration 8 (approx. per word bound = -36.949, relative change = 2.108e-05) 
......................................................................................................
Completed E-Step (15 seconds). 
Completed M-Step (0 seconds). 
calculate log likelihood 
convergence.check is 1.855874e-05 
Completing Iteration 9 (approx. per word bound = -36.949, relative change = 1.856e-05) 
......................................................................................................
Completed E-Step (15 seconds). 
Completed M-Step (0 seconds). 
calculate log likelihood 
convergence.check is 1.625731e-05 
Completing Iteration 10 (approx. per word bound = -36.948, relative change = 1.626e-05) 
Topic 1: Gene1103, Gene537, Gene241, Gene15, Gene776 
 Topic 2: Gene24, Gene729, Gene1487, Gene663, Gene154 
 Topic 3: Gene1103, Gene1261, Gene235, Gene523, Gene537 
 Topic 4: Gene729, Gene1157, Gene154, Gene24, Gene384 
 Topic 5: Gene1103, Gene537, Gene241, Gene384, Gene776 
......................................................................................................
Completed E-Step (15 seconds). 
Completed M-Step (0 seconds). 
calculate log likelihood 
convergence.check is 1.425927e-05 
Completing Iteration 11 (approx. per word bound = -36.948, relative change = 1.426e-05) 
......................................................................................................
Completed E-Step (15 seconds). 
Completed M-Step (0 seconds). 
calculate log likelihood 
convergence.check is 1.246139e-05 
Completing Iteration 12 (approx. per word bound = -36.947, relative change = 1.246e-05) 
......................................................................................................
Completed E-Step (14 seconds). 
Completed M-Step (0 seconds). 
calculate log likelihood 
convergence.check is 1.115604e-05 
Completing Iteration 13 (approx. per word bound = -36.947, relative change = 1.116e-05) 
......................................................................................................
Completed E-Step (15 seconds). 
Completed M-Step (0 seconds). 
calculate log likelihood 
convergence.check is 9.6255e-06 
Completing Iteration 14 (approx. per word bound = -36.946, relative change = 9.625e-06) 
......................................................................................................
Completed E-Step (14 seconds). 
Completed M-Step (0 seconds). 
calculate log likelihood 
convergence.check is 8.894475e-06 
Completing Iteration 15 (approx. per word bound = -36.946, relative change = 8.894e-06) 
Topic 1: Gene1103, Gene537, Gene241, Gene15, Gene776 
 Topic 2: Gene24, Gene729, Gene1487, Gene663, Gene154 
 Topic 3: Gene1103, Gene1261, Gene235, Gene523, Gene537 
 Topic 4: Gene729, Gene1157, Gene154, Gene24, Gene384 
 Topic 5: Gene1103, Gene537, Gene384, Gene241, Gene776 
......................................................................................................
Completed E-Step (14 seconds). 
Completed M-Step (0 seconds). 
calculate log likelihood 
convergence.check is 8.13512e-06 
Completing Iteration 16 (approx. per word bound = -36.946, relative change = 8.135e-06) 
......................................................................................................
Completed E-Step (15 seconds). 
Completed M-Step (0 seconds). 
calculate log likelihood 
convergence.check is 7.417221e-06 
Completing Iteration 17 (approx. per word bound = -36.945, relative change = 7.417e-06) 
......................................................................................................
Completed E-Step (15 seconds). 
Completed M-Step (0 seconds). 
calculate log likelihood 
convergence.check is 6.99554e-06 
Completing Iteration 18 (approx. per word bound = -36.945, relative change = 6.996e-06) 
......................................................................................................
Completed E-Step (15 seconds). 
Completed M-Step (0 seconds). 
calculate log likelihood 
convergence.check is 6.272804e-06 
Completing Iteration 19 (approx. per word bound = -36.945, relative change = 6.273e-06) 
......................................................................................................
Completed E-Step (14 seconds). 
Completed M-Step (0 seconds). 
calculate log likelihood 
convergence.check is 6.12255e-06 
Completing Iteration 20 (approx. per word bound = -36.945, relative change = 6.123e-06) 
Topic 1: Gene1103, Gene537, Gene241, Gene15, Gene776 
 Topic 2: Gene24, Gene1487, Gene729, Gene663, Gene154 
 Topic 3: Gene1103, Gene1261, Gene235, Gene523, Gene537 
 Topic 4: Gene729, Gene1157, Gene154, Gene24, Gene384 
 Topic 5: Gene1103, Gene537, Gene384, Gene241, Gene776 
......................................................................................................
Completed E-Step (14 seconds). 
Completed M-Step (0 seconds). 
calculate log likelihood 
convergence.check is 5.567874e-06 
Completing Iteration 21 (approx. per word bound = -36.945, relative change = 5.568e-06) 
......................................................................................................
Completed E-Step (14 seconds). 
Completed M-Step (0 seconds). 
calculate log likelihood 
convergence.check is 5.252523e-06 
Completing Iteration 22 (approx. per word bound = -36.944, relative change = 5.253e-06) 
......................................................................................................
Completed E-Step (14 seconds). 
Completed M-Step (0 seconds). 
calculate log likelihood 
convergence.check is 5.037747e-06 
Completing Iteration 23 (approx. per word bound = -36.944, relative change = 5.038e-06) 
......................................................................................................
Completed E-Step (14 seconds). 
Completed M-Step (0 seconds). 
calculate log likelihood 
convergence.check is 4.641704e-06 
Completing Iteration 24 (approx. per word bound = -36.944, relative change = 4.642e-06) 
......................................................................................................
Completed E-Step (14 seconds). 
Completed M-Step (0 seconds). 
calculate log likelihood 
convergence.check is 4.727483e-06 
Completing Iteration 25 (approx. per word bound = -36.944, relative change = 4.727e-06) 
Topic 1: Gene1103, Gene537, Gene241, Gene776, Gene15 
 Topic 2: Gene24, Gene1487, Gene729, Gene663, Gene154 
 Topic 3: Gene1103, Gene1261, Gene235, Gene523, Gene537 
 Topic 4: Gene729, Gene1157, Gene154, Gene24, Gene384 
 Topic 5: Gene1103, Gene537, Gene384, Gene241, Gene776 
......................................................................................................
Completed E-Step (14 seconds). 
Completed M-Step (0 seconds). 
calculate log likelihood 
convergence.check is 4.400394e-06 
Completing Iteration 26 (approx. per word bound = -36.944, relative change = 4.400e-06) 
......................................................................................................
Completed E-Step (14 seconds). 
Completed M-Step (0 seconds). 
calculate log likelihood 
convergence.check is 4.045919e-06 
Completing Iteration 27 (approx. per word bound = -36.944, relative change = 4.046e-06) 
......................................................................................................
Completed E-Step (13 seconds). 
Completed M-Step (0 seconds). 
calculate log likelihood 
convergence.check is 4.008793e-06 
Completing Iteration 28 (approx. per word bound = -36.943, relative change = 4.009e-06) 
......................................................................................................
Completed E-Step (15 seconds). 
Completed M-Step (0 seconds). 
calculate log likelihood 
convergence.check is 3.712339e-06 
Completing Iteration 29 (approx. per word bound = -36.943, relative change = 3.712e-06) 
......................................................................................................
Completed E-Step (12 seconds). 
Completed M-Step (0 seconds). 
calculate log likelihood 
convergence.check is 3.601695e-06 
Completing Iteration 30 (approx. per word bound = -36.943, relative change = 3.602e-06) 
Topic 1: Gene1103, Gene537, Gene241, Gene776, Gene15 
 Topic 2: Gene24, Gene1487, Gene729, Gene663, Gene154 
 Topic 3: Gene1103, Gene1261, Gene235, Gene523, Gene537 
 Topic 4: Gene729, Gene1157, Gene154, Gene24, Gene384 
 Topic 5: Gene1103, Gene537, Gene384, Gene241, Gene776 
......................................................................................................
Completed E-Step (12 seconds). 
Completed M-Step (0 seconds). 
calculate log likelihood 
convergence.check is 3.524376e-06 
Completing Iteration 31 (approx. per word bound = -36.943, relative change = 3.524e-06) 
......................................................................................................
Completed E-Step (12 seconds). 
Completed M-Step (0 seconds). 
calculate log likelihood 
convergence.check is 3.269212e-06 
Completing Iteration 32 (approx. per word bound = -36.943, relative change = 3.269e-06) 
......................................................................................................
Completed E-Step (11 seconds). 
Completed M-Step (0 seconds). 
calculate log likelihood 
convergence.check is 3.175549e-06 
Completing Iteration 33 (approx. per word bound = -36.943, relative change = 3.176e-06) 
......................................................................................................
Completed E-Step (11 seconds). 
Completed M-Step (0 seconds). 
calculate log likelihood 
convergence.check is 2.935212e-06 
Completing Iteration 34 (approx. per word bound = -36.943, relative change = 2.935e-06) 
......................................................................................................
Completed E-Step (11 seconds). 
Completed M-Step (0 seconds). 
calculate log likelihood 
convergence.check is 2.880433e-06 
Completing Iteration 35 (approx. per word bound = -36.943, relative change = 2.880e-06) 
Topic 1: Gene1103, Gene537, Gene241, Gene776, Gene15 
 Topic 2: Gene24, Gene1487, Gene729, Gene663, Gene154 
 Topic 3: Gene1103, Gene1261, Gene235, Gene523, Gene537 
 Topic 4: Gene729, Gene1157, Gene154, Gene24, Gene375 
 Topic 5: Gene1103, Gene384, Gene537, Gene241, Gene776 
......................................................................................................
Completed E-Step (10 seconds). 
Completed M-Step (0 seconds). 
calculate log likelihood 
convergence.check is 2.873276e-06 
Completing Iteration 36 (approx. per word bound = -36.942, relative change = 2.873e-06) 
......................................................................................................
Completed E-Step (10 seconds). 
Completed M-Step (0 seconds). 
calculate log likelihood 
convergence.check is 2.505623e-06 
Completing Iteration 37 (approx. per word bound = -36.942, relative change = 2.506e-06) 
......................................................................................................
Completed E-Step (10 seconds). 
Completed M-Step (0 seconds). 
calculate log likelihood 
convergence.check is 2.624185e-06 
Completing Iteration 38 (approx. per word bound = -36.942, relative change = 2.624e-06) 
......................................................................................................
Completed E-Step (10 seconds). 
Completed M-Step (0 seconds). 
calculate log likelihood 
convergence.check is 2.612169e-06 
Completing Iteration 39 (approx. per word bound = -36.942, relative change = 2.612e-06) 
......................................................................................................
Completed E-Step (10 seconds). 
Completed M-Step (0 seconds). 
calculate log likelihood 
convergence.check is 2.216079e-06 
Completing Iteration 40 (approx. per word bound = -36.942, relative change = 2.216e-06) 
Topic 1: Gene1103, Gene537, Gene241, Gene1163, Gene776 
 Topic 2: Gene24, Gene1487, Gene729, Gene663, Gene154 
 Topic 3: Gene1103, Gene1261, Gene235, Gene523, Gene537 
 Topic 4: Gene729, Gene1157, Gene154, Gene24, Gene375 
 Topic 5: Gene1103, Gene384, Gene537, Gene241, Gene1163 
......................................................................................................
Completed E-Step (9 seconds). 
Completed M-Step (0 seconds). 
calculate log likelihood 
convergence.check is 2.415552e-06 
Completing Iteration 41 (approx. per word bound = -36.942, relative change = 2.416e-06) 
......................................................................................................
Completed E-Step (9 seconds). 
Completed M-Step (0 seconds). 
calculate log likelihood 
convergence.check is 2.231586e-06 
Completing Iteration 42 (approx. per word bound = -36.942, relative change = 2.232e-06) 
......................................................................................................
Completed E-Step (9 seconds). 
Completed M-Step (0 seconds). 
calculate log likelihood 
convergence.check is 2.093027e-06 
Completing Iteration 43 (approx. per word bound = -36.942, relative change = 2.093e-06) 
......................................................................................................
Completed E-Step (9 seconds). 
Completed M-Step (0 seconds). 
calculate log likelihood 
convergence.check is 2.089423e-06 
Completing Iteration 44 (approx. per word bound = -36.942, relative change = 2.089e-06) 
......................................................................................................
Completed E-Step (9 seconds). 
Completed M-Step (0 seconds). 
calculate log likelihood 
convergence.check is 2.231719e-06 
Completing Iteration 45 (approx. per word bound = -36.942, relative change = 2.232e-06) 
Topic 1: Gene1103, Gene537, Gene241, Gene1163, Gene776 
 Topic 2: Gene24, Gene1487, Gene729, Gene663, Gene154 
 Topic 3: Gene1103, Gene1261, Gene235, Gene523, Gene537 
 Topic 4: Gene729, Gene1157, Gene154, Gene24, Gene375 
 Topic 5: Gene1103, Gene384, Gene537, Gene241, Gene1163 
......................................................................................................
Completed E-Step (9 seconds). 
Completed M-Step (0 seconds). 
calculate log likelihood 
convergence.check is 1.967708e-06 
Completing Iteration 46 (approx. per word bound = -36.942, relative change = 1.968e-06) 
......................................................................................................
Completed E-Step (9 seconds). 
Completed M-Step (0 seconds). 
calculate log likelihood 
convergence.check is 1.881447e-06 
Completing Iteration 47 (approx. per word bound = -36.942, relative change = 1.881e-06) 
......................................................................................................
Completed E-Step (9 seconds). 
Completed M-Step (0 seconds). 
calculate log likelihood 
convergence.check is 1.965267e-06 
Completing Iteration 48 (approx. per word bound = -36.941, relative change = 1.965e-06) 
......................................................................................................
Completed E-Step (9 seconds). 
Completed M-Step (0 seconds). 
calculate log likelihood 
convergence.check is 1.849053e-06 
Completing Iteration 49 (approx. per word bound = -36.941, relative change = 1.849e-06) 
......................................................................................................
Completed E-Step (9 seconds). 
Completed M-Step (0 seconds). 
calculate log likelihood 
convergence.check is 1.836362e-06 
Completing Iteration 50 (approx. per word bound = -36.941, relative change = 1.836e-06) 
Topic 1: Gene1103, Gene537, Gene241, Gene1163, Gene776 
 Topic 2: Gene24, Gene1487, Gene729, Gene663, Gene154 
 Topic 3: Gene1103, Gene1261, Gene235, Gene523, Gene537 
 Topic 4: Gene1157, Gene729, Gene154, Gene24, Gene375 
 Topic 5: Gene1103, Gene384, Gene537, Gene241, Gene1163 
......................................................................................................
Completed E-Step (9 seconds). 
Completed M-Step (0 seconds). 
calculate log likelihood 
convergence.check is 1.872172e-06 
Completing Iteration 51 (approx. per word bound = -36.941, relative change = 1.872e-06) 
......................................................................................................
Completed E-Step (9 seconds). 
Completed M-Step (0 seconds). 
calculate log likelihood 
convergence.check is 1.812833e-06 
Completing Iteration 52 (approx. per word bound = -36.941, relative change = 1.813e-06) 
......................................................................................................
Completed E-Step (6 seconds). 
Completed M-Step (0 seconds). 
calculate log likelihood 
convergence.check is 1.746173e-06 
Completing Iteration 53 (approx. per word bound = -36.941, relative change = 1.746e-06) 
......................................................................................................
Completed E-Step (5 seconds). 
Completed M-Step (0 seconds). 
calculate log likelihood 
convergence.check is 1.632176e-06 
Completing Iteration 54 (approx. per word bound = -36.941, relative change = 1.632e-06) 
......................................................................................................
Completed E-Step (5 seconds). 
Completed M-Step (0 seconds). 
calculate log likelihood 
convergence.check is 1.890642e-06 
Completing Iteration 55 (approx. per word bound = -36.941, relative change = 1.891e-06) 
Topic 1: Gene1103, Gene537, Gene1163, Gene241, Gene776 
 Topic 2: Gene24, Gene1487, Gene729, Gene663, Gene154 
 Topic 3: Gene1103, Gene1261, Gene235, Gene523, Gene537 
 Topic 4: Gene1157, Gene729, Gene154, Gene24, Gene375 
 Topic 5: Gene1103, Gene384, Gene537, Gene241, Gene1163 
......................................................................................................
Completed E-Step (5 seconds). 
Completed M-Step (0 seconds). 
calculate log likelihood 
convergence.check is 1.453448e-06 
Completing Iteration 56 (approx. per word bound = -36.941, relative change = 1.453e-06) 
......................................................................................................
Completed E-Step (5 seconds). 
Completed M-Step (0 seconds). 
calculate log likelihood 
convergence.check is 1.552894e-06 
Completing Iteration 57 (approx. per word bound = -36.941, relative change = 1.553e-06) 
......................................................................................................
Completed E-Step (5 seconds). 
Completed M-Step (0 seconds). 
calculate log likelihood 
convergence.check is 1.462448e-06 
Completing Iteration 58 (approx. per word bound = -36.941, relative change = 1.462e-06) 
......................................................................................................
Completed E-Step (5 seconds). 
Completed M-Step (0 seconds). 
calculate log likelihood 
convergence.check is 1.429308e-06 
Completing Iteration 59 (approx. per word bound = -36.941, relative change = 1.429e-06) 
......................................................................................................
Completed E-Step (8 seconds). 
Completed M-Step (0 seconds). 
calculate log likelihood 
convergence.check is 1.304474e-06 
Completing Iteration 60 (approx. per word bound = -36.941, relative change = 1.304e-06) 
Topic 1: Gene1103, Gene537, Gene1163, Gene241, Gene776 
 Topic 2: Gene24, Gene1487, Gene729, Gene663, Gene154 
 Topic 3: Gene1103, Gene1261, Gene235, Gene523, Gene537 
 Topic 4: Gene1157, Gene729, Gene154, Gene24, Gene375 
 Topic 5: Gene1103, Gene384, Gene537, Gene1163, Gene241 
......................................................................................................
Completed E-Step (8 seconds). 
Completed M-Step (0 seconds). 
calculate log likelihood 
convergence.check is 1.591031e-06 
Completing Iteration 61 (approx. per word bound = -36.941, relative change = 1.591e-06) 
......................................................................................................
Completed E-Step (8 seconds). 
Completed M-Step (0 seconds). 
calculate log likelihood 
convergence.check is 1.103811e-06 
Completing Iteration 62 (approx. per word bound = -36.941, relative change = 1.104e-06) 
......................................................................................................
Completed E-Step (8 seconds). 
Completed M-Step (0 seconds). 
calculate log likelihood 
convergence.check is 1.448274e-06 
Completing Iteration 63 (approx. per word bound = -36.941, relative change = 1.448e-06) 
......................................................................................................
Completed E-Step (8 seconds). 
Completed M-Step (0 seconds). 
calculate log likelihood 
convergence.check is 1.212376e-06 
Completing Iteration 64 (approx. per word bound = -36.941, relative change = 1.212e-06) 
......................................................................................................
Completed E-Step (8 seconds). 
Completed M-Step (0 seconds). 
calculate log likelihood 
convergence.check is 1.343142e-06 
Completing Iteration 65 (approx. per word bound = -36.940, relative change = 1.343e-06) 
Topic 1: Gene1103, Gene537, Gene1163, Gene241, Gene776 
 Topic 2: Gene24, Gene1487, Gene729, Gene663, Gene154 
 Topic 3: Gene1103, Gene1261, Gene235, Gene523, Gene537 
 Topic 4: Gene1157, Gene729, Gene154, Gene24, Gene375 
 Topic 5: Gene1103, Gene384, Gene537, Gene1163, Gene241 
......................................................................................................
Completed E-Step (8 seconds). 
Completed M-Step (0 seconds). 
calculate log likelihood 
convergence.check is 1.201036e-06 
Completing Iteration 66 (approx. per word bound = -36.940, relative change = 1.201e-06) 
......................................................................................................
Completed E-Step (8 seconds). 
Completed M-Step (0 seconds). 
calculate log likelihood 
convergence.check is 1.236055e-06 
Completing Iteration 67 (approx. per word bound = -36.940, relative change = 1.236e-06) 
......................................................................................................
Completed E-Step (8 seconds). 
Completed M-Step (0 seconds). 
calculate log likelihood 
convergence.check is 1.408719e-06 
Completing Iteration 68 (approx. per word bound = -36.940, relative change = 1.409e-06) 
......................................................................................................
Completed E-Step (8 seconds). 
Completed M-Step (0 seconds). 
calculate log likelihood 
convergence.check is 1.064669e-06 
Completing Iteration 69 (approx. per word bound = -36.940, relative change = 1.065e-06) 
......................................................................................................
Completed E-Step (8 seconds). 
Completed M-Step (0 seconds). 
calculate log likelihood 
convergence.check is 1.119952e-06 
Completing Iteration 70 (approx. per word bound = -36.940, relative change = 1.120e-06) 
Topic 1: Gene1103, Gene1163, Gene537, Gene241, Gene776 
 Topic 2: Gene24, Gene1487, Gene729, Gene663, Gene154 
 Topic 3: Gene1103, Gene1261, Gene235, Gene523, Gene537 
 Topic 4: Gene1157, Gene729, Gene154, Gene24, Gene375 
 Topic 5: Gene1103, Gene384, Gene537, Gene1163, Gene241 
......................................................................................................
Completed E-Step (8 seconds). 
Completed M-Step (0 seconds). 
calculate log likelihood 
convergence.check is 1.19288e-06 
Completing Iteration 71 (approx. per word bound = -36.940, relative change = 1.193e-06) 
......................................................................................................
Completed E-Step (7 seconds). 
Completed M-Step (0 seconds). 
calculate log likelihood 
convergence.check is 1.195347e-06 
Completing Iteration 72 (approx. per word bound = -36.940, relative change = 1.195e-06) 
......................................................................................................
Completed E-Step (7 seconds). 
Completed M-Step (0 seconds). 
calculate log likelihood 
convergence.check is 9.905137e-07 
Model Converged 
