sims_1716065931_neg_L1_c3.rds 
Found 10 batches
Using null model in ComBat-seq.
Adjusting for 0 covariate(s) or covariate level(s)
Estimating dispersions
Fitting the GLM model
Shrinkage off - using GLM estimates for parameters
Adjusting the data
Batch Effect Removed 
        R/alignCorpus.R R/asSTMCorpus.R R/checkBeta.R R/cloud.R
value   ?               ?               ?             ?        
visible FALSE           FALSE           FALSE         FALSE    
        R/CompositionChange.R R/convertCorpus.R R/estimateEffect.R
value   ?                     ?                 ?                 
visible FALSE                 FALSE             FALSE             
        R/estimateMixedEffect.R R/exclusivity.R R/findThoughts.R R/findTopic.R
value   ?                       ?               ?                ?            
visible FALSE                   FALSE           FALSE            FALSE        
        R/fitNewDocuments.R R/heldout.R R/jeffreyskappa.R R/labelTopics.R
value   ?                   ?           ?                 ?              
visible FALSE               FALSE       FALSE             FALSE          
        R/makeDesignMatrix.R R/manyTopics.R R/multiSTM.R R/optimalK.R
value   ?                    ?              ?            ?           
visible FALSE                FALSE          FALSE        FALSE       
        R/permute.R R/plot.estimateEffect.R R/plot.fixedEffect.R
value   ?           ?                       ?                   
visible FALSE       FALSE                   FALSE               
        R/plot.searchK.R R/plot.STM.R R/plotModels.R R/plotQuote.R
value   ?                ?            ?              ?            
visible FALSE            FALSE        FALSE          FALSE        
        R/plotRemoved.R R/plottingutilfns.R R/plotTopicLoess.R
value   ?               ?                   ?                 
visible FALSE           FALSE               FALSE             
        R/prepDocuments.R R/prepsce.R R/produce_cmatrix.R R/RcppExports.R
value   ?                 ?           ?                   ?              
visible FALSE             FALSE       FALSE               FALSE          
        R/readCorpus.R R/residuals.R R/s.R R/sageLabels.R R/scSTM.R
value   ?              ?             ?     ?              ?        
visible FALSE          FALSE         FALSE FALSE          FALSE    
        R/selectModel.R R/semanticCoherence.R R/simBetas.R R/spectral.R
value   ?               ?                     ?            ?           
visible FALSE           FALSE                 FALSE        FALSE       
        R/stm-package.R R/stm.control.R R/STMbound.R R/STMconvergence.R
value   NULL            ?               ?            ?                 
visible TRUE            FALSE           FALSE        FALSE             
        R/STMestep.R R/STMfunctions.R R/STMinit.R R/STMinitLikelihood.R
value   ?            ?                ?           ?                    
visible FALSE        FALSE            FALSE       FALSE                
        R/STMlncpp.R R/STMmnreg.R R/STMmu.R R/STMoptbeta.R R/STMreport.R
value   ?            ?            ?         ?              ?            
visible FALSE        FALSE        FALSE     FALSE          FALSE        
        R/STMsigma.R R/STMsigs.R R/STMsubset.R R/summary.STM.R R/tau.R
value   ?            ?           ?             ?               ?      
visible FALSE        FALSE       FALSE         FALSE           FALSE  
        R/textProcessor.R R/thetaPosterior.R R/toLDAvis.R R/topicCorr.R
value   ?                 ?                  ?            ?            
visible FALSE             FALSE              FALSE        FALSE        
        R/topicLasso.R R/topicQuality.R R/writeLdac.R R/zzz.R
value   ?              ?                ?             ?      
visible FALSE          FALSE            FALSE         FALSE  
Casting net 
1 models in net 
Initialization with topicScore. 
Initializing factors using Topic SCORE algorithm.
Initializing loadings by running 10 SCD updates.
........................................................................................................
Completed E-Step (3 seconds). 
Completed M-Step (0 seconds). 
calculate log likelihood 
Completing Iteration 1 (approx. per word bound = -48.825) 
........................................................................................................
Completed E-Step (6 seconds). 
Completed M-Step (0 seconds). 
calculate log likelihood 
convergence.check is 0.2059625 
Completing Iteration 2 (approx. per word bound = -38.769, relative change = 2.060e-01) 
........................................................................................................
Completed E-Step (6 seconds). 
Completed M-Step (0 seconds). 
calculate log likelihood 
convergence.check is 2.872543e-06 
Model Terminated Before Convergence Reached 
2 models in net 
Initialization with topicScore. 
Initializing factors using Topic SCORE algorithm.
Initializing loadings by running 10 SCD updates.
........................................................................................................
Completed E-Step (3 seconds). 
Completed M-Step (0 seconds). 
calculate log likelihood 
Completing Iteration 1 (approx. per word bound = -49.334) 
........................................................................................................
Completed E-Step (5 seconds). 
Completed M-Step (0 seconds). 
calculate log likelihood 
convergence.check is 0.2141572 
Completing Iteration 2 (approx. per word bound = -38.769, relative change = 2.142e-01) 
........................................................................................................
Completed E-Step (5 seconds). 
Completed M-Step (0 seconds). 
calculate log likelihood 
convergence.check is 2.832854e-06 
Model Terminated Before Convergence Reached 
3 models in net 
Initialization with topicScore. 
Initializing factors using Topic SCORE algorithm.
Initializing loadings by running 10 SCD updates.
........................................................................................................
Completed E-Step (3 seconds). 
Completed M-Step (0 seconds). 
calculate log likelihood 
Completing Iteration 1 (approx. per word bound = -49.325) 
........................................................................................................
Completed E-Step (4 seconds). 
Completed M-Step (0 seconds). 
calculate log likelihood 
convergence.check is 0.2140128 
Completing Iteration 2 (approx. per word bound = -38.769, relative change = 2.140e-01) 
........................................................................................................
Completed E-Step (5 seconds). 
Completed M-Step (0 seconds). 
calculate log likelihood 
convergence.check is 3.001374e-06 
Model Terminated Before Convergence Reached 
4 models in net 
Initialization with topicScore. 
Initializing factors using Topic SCORE algorithm.
Initializing loadings by running 10 SCD updates.
........................................................................................................
Completed E-Step (5 seconds). 
Completed M-Step (0 seconds). 
calculate log likelihood 
Completing Iteration 1 (approx. per word bound = -49.368) 
........................................................................................................
Completed E-Step (4 seconds). 
Completed M-Step (0 seconds). 
calculate log likelihood 
convergence.check is 0.2147073 
Completing Iteration 2 (approx. per word bound = -38.769, relative change = 2.147e-01) 
........................................................................................................
Completed E-Step (4 seconds). 
Completed M-Step (0 seconds). 
calculate log likelihood 
convergence.check is 3.131397e-06 
Model Terminated Before Convergence Reached 
5 models in net 
Initialization with topicScore. 
Initializing factors using Topic SCORE algorithm.
Initializing loadings by running 10 SCD updates.
........................................................................................................
Completed E-Step (3 seconds). 
Completed M-Step (0 seconds). 
calculate log likelihood 
Completing Iteration 1 (approx. per word bound = -49.325) 
........................................................................................................
Completed E-Step (4 seconds). 
Completed M-Step (0 seconds). 
calculate log likelihood 
convergence.check is 0.2140128 
Completing Iteration 2 (approx. per word bound = -38.769, relative change = 2.140e-01) 
........................................................................................................
Completed E-Step (5 seconds). 
Completed M-Step (0 seconds). 
calculate log likelihood 
convergence.check is 3.001374e-06 
Model Terminated Before Convergence Reached 
6 models in net 
Initialization with topicScore. 
Initializing factors using Topic SCORE algorithm.
Initializing loadings by running 10 SCD updates.
........................................................................................................
Completed E-Step (5 seconds). 
Completed M-Step (0 seconds). 
calculate log likelihood 
Completing Iteration 1 (approx. per word bound = -49.318) 
........................................................................................................
Completed E-Step (4 seconds). 
Completed M-Step (0 seconds). 
calculate log likelihood 
convergence.check is 0.2139011 
Completing Iteration 2 (approx. per word bound = -38.769, relative change = 2.139e-01) 
........................................................................................................
Completed E-Step (5 seconds). 
Completed M-Step (0 seconds). 
calculate log likelihood 
convergence.check is 3.028421e-06 
Model Terminated Before Convergence Reached 
7 models in net 
Initialization with topicScore. 
Initializing factors using Topic SCORE algorithm.
Initializing loadings by running 10 SCD updates.
........................................................................................................
Completed E-Step (3 seconds). 
Completed M-Step (0 seconds). 
calculate log likelihood 
Completing Iteration 1 (approx. per word bound = -49.368) 
........................................................................................................
Completed E-Step (4 seconds). 
Completed M-Step (0 seconds). 
calculate log likelihood 
convergence.check is 0.2147073 
Completing Iteration 2 (approx. per word bound = -38.769, relative change = 2.147e-01) 
........................................................................................................
Completed E-Step (5 seconds). 
Completed M-Step (0 seconds). 
calculate log likelihood 
convergence.check is 3.131397e-06 
Model Terminated Before Convergence Reached 
8 models in net 
Initialization with topicScore. 
Initializing factors using Topic SCORE algorithm.
Initializing loadings by running 10 SCD updates.
........................................................................................................
Completed E-Step (3 seconds). 
Completed M-Step (0 seconds). 
calculate log likelihood 
Completing Iteration 1 (approx. per word bound = -49.375) 
........................................................................................................
Completed E-Step (6 seconds). 
Completed M-Step (0 seconds). 
calculate log likelihood 
convergence.check is 0.2148088 
Completing Iteration 2 (approx. per word bound = -38.769, relative change = 2.148e-01) 
........................................................................................................
Completed E-Step (4 seconds). 
Completed M-Step (0 seconds). 
calculate log likelihood 
convergence.check is 3.18239e-06 
Model Terminated Before Convergence Reached 
9 models in net 
Initialization with topicScore. 
Initializing factors using Topic SCORE algorithm.
Initializing loadings by running 10 SCD updates.
........................................................................................................
Completed E-Step (3 seconds). 
Completed M-Step (0 seconds). 
calculate log likelihood 
Completing Iteration 1 (approx. per word bound = -48.823) 
........................................................................................................
Completed E-Step (8 seconds). 
Completed M-Step (0 seconds). 
calculate log likelihood 
convergence.check is 0.20594 
Completing Iteration 2 (approx. per word bound = -38.769, relative change = 2.059e-01) 
........................................................................................................
Completed E-Step (6 seconds). 
Completed M-Step (0 seconds). 
calculate log likelihood 
convergence.check is 2.579411e-06 
Model Terminated Before Convergence Reached 
10 models in net 
Initialization with topicScore. 
Initializing factors using Topic SCORE algorithm.
Initializing loadings by running 10 SCD updates.
........................................................................................................
Completed E-Step (3 seconds). 
Completed M-Step (0 seconds). 
calculate log likelihood 
Completing Iteration 1 (approx. per word bound = -49.334) 
........................................................................................................
Completed E-Step (5 seconds). 
Completed M-Step (0 seconds). 
calculate log likelihood 
convergence.check is 0.2141572 
Completing Iteration 2 (approx. per word bound = -38.769, relative change = 2.142e-01) 
........................................................................................................
Completed E-Step (5 seconds). 
Completed M-Step (0 seconds). 
calculate log likelihood 
convergence.check is 2.832856e-06 
Model Terminated Before Convergence Reached 
11 models in net 
Initialization with topicScore. 
Initializing factors using Topic SCORE algorithm.
Initializing loadings by running 10 SCD updates.
........................................................................................................
Completed E-Step (5 seconds). 
Completed M-Step (0 seconds). 
calculate log likelihood 
Completing Iteration 1 (approx. per word bound = -49.321) 
........................................................................................................
Completed E-Step (4 seconds). 
Completed M-Step (0 seconds). 
calculate log likelihood 
convergence.check is 0.2139469 
Completing Iteration 2 (approx. per word bound = -38.769, relative change = 2.139e-01) 
........................................................................................................
Completed E-Step (5 seconds). 
Completed M-Step (0 seconds). 
calculate log likelihood 
convergence.check is 3.112313e-06 
Model Terminated Before Convergence Reached 
12 models in net 
Initialization with topicScore. 
Initializing factors using Topic SCORE algorithm.
Initializing loadings by running 10 SCD updates.
........................................................................................................
Completed E-Step (3 seconds). 
Completed M-Step (0 seconds). 
calculate log likelihood 
Completing Iteration 1 (approx. per word bound = -48.861) 
........................................................................................................
Completed E-Step (6 seconds). 
Completed M-Step (0 seconds). 
calculate log likelihood 
convergence.check is 0.2065738 
Completing Iteration 2 (approx. per word bound = -38.768, relative change = 2.066e-01) 
........................................................................................................
Completed E-Step (6 seconds). 
Completed M-Step (0 seconds). 
calculate log likelihood 
convergence.check is 3.20013e-06 
Model Terminated Before Convergence Reached 
13 models in net 
Initialization with topicScore. 
Initializing factors using Topic SCORE algorithm.
Initializing loadings by running 10 SCD updates.
........................................................................................................
Completed E-Step (3 seconds). 
Completed M-Step (0 seconds). 
calculate log likelihood 
Completing Iteration 1 (approx. per word bound = -49.325) 
........................................................................................................
Completed E-Step (6 seconds). 
Completed M-Step (0 seconds). 
calculate log likelihood 
convergence.check is 0.2140122 
Completing Iteration 2 (approx. per word bound = -38.769, relative change = 2.140e-01) 
........................................................................................................
Completed E-Step (5 seconds). 
Completed M-Step (0 seconds). 
calculate log likelihood 
convergence.check is 3.018166e-06 
Model Terminated Before Convergence Reached 
14 models in net 
Initialization with topicScore. 
Initializing factors using Topic SCORE algorithm.
Initializing loadings by running 10 SCD updates.
........................................................................................................
Completed E-Step (3 seconds). 
Completed M-Step (0 seconds). 
calculate log likelihood 
Completing Iteration 1 (approx. per word bound = -49.334) 
........................................................................................................
Completed E-Step (5 seconds). 
Completed M-Step (0 seconds). 
calculate log likelihood 
convergence.check is 0.2141572 
Completing Iteration 2 (approx. per word bound = -38.769, relative change = 2.142e-01) 
........................................................................................................
Completed E-Step (5 seconds). 
Completed M-Step (0 seconds). 
calculate log likelihood 
convergence.check is 2.832857e-06 
Model Terminated Before Convergence Reached 
15 models in net 
Initialization with topicScore. 
Initializing factors using Topic SCORE algorithm.
Initializing loadings by running 10 SCD updates.
........................................................................................................
Completed E-Step (3 seconds). 
Completed M-Step (0 seconds). 
calculate log likelihood 
Completing Iteration 1 (approx. per word bound = -49.331) 
........................................................................................................
Completed E-Step (6 seconds). 
Completed M-Step (0 seconds). 
calculate log likelihood 
convergence.check is 0.2141073 
Completing Iteration 2 (approx. per word bound = -38.769, relative change = 2.141e-01) 
........................................................................................................
Completed E-Step (4 seconds). 
Completed M-Step (0 seconds). 
calculate log likelihood 
convergence.check is 3.062219e-06 
Model Terminated Before Convergence Reached 
16 models in net 
Initialization with topicScore. 
Initializing factors using Topic SCORE algorithm.
Initializing loadings by running 10 SCD updates.
........................................................................................................
Completed E-Step (3 seconds). 
Completed M-Step (0 seconds). 
calculate log likelihood 
Completing Iteration 1 (approx. per word bound = -49.032) 
........................................................................................................
Completed E-Step (5 seconds). 
Completed M-Step (0 seconds). 
calculate log likelihood 
convergence.check is 0.2092994 
Completing Iteration 2 (approx. per word bound = -38.770, relative change = 2.093e-01) 
........................................................................................................
Completed E-Step (5 seconds). 
Completed M-Step (0 seconds). 
calculate log likelihood 
convergence.check is 2.12674e-06 
Model Terminated Before Convergence Reached 
17 models in net 
Initialization with topicScore. 
Initializing factors using Topic SCORE algorithm.
Initializing loadings by running 10 SCD updates.
........................................................................................................
Completed E-Step (5 seconds). 
Completed M-Step (0 seconds). 
calculate log likelihood 
Completing Iteration 1 (approx. per word bound = -49.321) 
........................................................................................................
Completed E-Step (4 seconds). 
Completed M-Step (0 seconds). 
calculate log likelihood 
convergence.check is 0.2139463 
Completing Iteration 2 (approx. per word bound = -38.769, relative change = 2.139e-01) 
........................................................................................................
Completed E-Step (4 seconds). 
Completed M-Step (0 seconds). 
calculate log likelihood 
convergence.check is 3.110909e-06 
Model Terminated Before Convergence Reached 
18 models in net 
Initialization with topicScore. 
Initializing factors using Topic SCORE algorithm.
Initializing loadings by running 10 SCD updates.
........................................................................................................
Completed E-Step (3 seconds). 
Completed M-Step (0 seconds). 
calculate log likelihood 
Completing Iteration 1 (approx. per word bound = -49.321) 
........................................................................................................
Completed E-Step (4 seconds). 
Completed M-Step (0 seconds). 
calculate log likelihood 
convergence.check is 0.2139469 
Completing Iteration 2 (approx. per word bound = -38.769, relative change = 2.139e-01) 
........................................................................................................
Completed E-Step (5 seconds). 
Completed M-Step (0 seconds). 
calculate log likelihood 
convergence.check is 3.112313e-06 
Model Terminated Before Convergence Reached 
19 models in net 
Initialization with topicScore. 
Initializing factors using Topic SCORE algorithm.
Initializing loadings by running 10 SCD updates.
........................................................................................................
Completed E-Step (5 seconds). 
Completed M-Step (0 seconds). 
calculate log likelihood 
Completing Iteration 1 (approx. per word bound = -49.321) 
........................................................................................................
Completed E-Step (4 seconds). 
Completed M-Step (0 seconds). 
calculate log likelihood 
convergence.check is 0.2139469 
Completing Iteration 2 (approx. per word bound = -38.769, relative change = 2.139e-01) 
........................................................................................................
Completed E-Step (5 seconds). 
Completed M-Step (0 seconds). 
calculate log likelihood 
convergence.check is 3.112313e-06 
Model Terminated Before Convergence Reached 
20 models in net 
Initialization with topicScore. 
Initializing factors using Topic SCORE algorithm.
Initializing loadings by running 10 SCD updates.
........................................................................................................
Completed E-Step (3 seconds). 
Completed M-Step (0 seconds). 
calculate log likelihood 
Completing Iteration 1 (approx. per word bound = -49.321) 
........................................................................................................
Completed E-Step (5 seconds). 
Completed M-Step (0 seconds). 
calculate log likelihood 
convergence.check is 0.2139463 
Completing Iteration 2 (approx. per word bound = -38.769, relative change = 2.139e-01) 
........................................................................................................
Completed E-Step (5 seconds). 
Completed M-Step (0 seconds). 
calculate log likelihood 
convergence.check is 3.110909e-06 
Model Terminated Before Convergence Reached 
21 models in net 
Beginning Spectral Initialization 
	 Calculating the gram matrix...
	 Finding anchor words...
 	...
	 Recovering initialization...
 	.........
Initialization complete.
........................................................................................................
Completed E-Step (13 seconds). 
Completed M-Step (0 seconds). 
calculate log likelihood 
Completing Iteration 1 (approx. per word bound = -49.030) 
........................................................................................................
Completed E-Step (5 seconds). 
Completed M-Step (0 seconds). 
calculate log likelihood 
convergence.check is 0.06298941 
Completing Iteration 2 (approx. per word bound = -45.941, relative change = 6.299e-02) 
........................................................................................................
Completed E-Step (5 seconds). 
Completed M-Step (0 seconds). 
calculate log likelihood 
convergence.check is 0.007564942 
Model Terminated Before Convergence Reached 
22 models in net 
Beginning Random Initialization 
Initialization with Poisson NMF 
........................................................................................................
Completed E-Step (10 seconds). 
Completed M-Step (0 seconds). 
calculate log likelihood 
Completing Iteration 1 (approx. per word bound = -62.753) 
........................................................................................................
Completed E-Step (6 seconds). 
Completed M-Step (0 seconds). 
calculate log likelihood 
convergence.check is 0.370568 
Completing Iteration 2 (approx. per word bound = -39.498, relative change = 3.706e-01) 
........................................................................................................
Completed E-Step (6 seconds). 
Completed M-Step (0 seconds). 
calculate log likelihood 
convergence.check is 0.01536635 
Model Terminated Before Convergence Reached 
23 models in net 
Beginning Random Initialization 
Initialization with Poisson NMF 
........................................................................................................
Completed E-Step (10 seconds). 
Completed M-Step (0 seconds). 
calculate log likelihood 
Completing Iteration 1 (approx. per word bound = -59.966) 
........................................................................................................
Completed E-Step (7 seconds). 
Completed M-Step (0 seconds). 
calculate log likelihood 
convergence.check is 0.3514565 
Completing Iteration 2 (approx. per word bound = -38.890, relative change = 3.515e-01) 
........................................................................................................
Completed E-Step (7 seconds). 
Completed M-Step (0 seconds). 
calculate log likelihood 
convergence.check is 3.495545e-05 
Model Terminated Before Convergence Reached 
24 models in net 
Beginning Random Initialization 
Initialization with Poisson NMF 
........................................................................................................
Completed E-Step (9 seconds). 
Completed M-Step (0 seconds). 
calculate log likelihood 
Completing Iteration 1 (approx. per word bound = -61.120) 
........................................................................................................
Completed E-Step (7 seconds). 
Completed M-Step (0 seconds). 
calculate log likelihood 
convergence.check is 0.3636929 
Completing Iteration 2 (approx. per word bound = -38.891, relative change = 3.637e-01) 
........................................................................................................
Completed E-Step (6 seconds). 
Completed M-Step (0 seconds). 
calculate log likelihood 
convergence.check is 2.822313e-05 
Model Terminated Before Convergence Reached 
25 models in net 
Beginning Random Initialization 
Initialization with Poisson NMF 
........................................................................................................
Completed E-Step (10 seconds). 
Completed M-Step (0 seconds). 
calculate log likelihood 
Completing Iteration 1 (approx. per word bound = -59.365) 
........................................................................................................
Completed E-Step (6 seconds). 
Completed M-Step (0 seconds). 
calculate log likelihood 
convergence.check is 0.3448882 
Completing Iteration 2 (approx. per word bound = -38.891, relative change = 3.449e-01) 
........................................................................................................
Completed E-Step (6 seconds). 
Completed M-Step (0 seconds). 
calculate log likelihood 
convergence.check is 5.730957e-05 
Model Terminated Before Convergence Reached 
26 models in net 
Beginning Random Initialization 
Initialization with Poisson NMF 
........................................................................................................
Completed E-Step (10 seconds). 
Completed M-Step (0 seconds). 
calculate log likelihood 
Completing Iteration 1 (approx. per word bound = -69.301) 
........................................................................................................
Completed E-Step (6 seconds). 
Completed M-Step (0 seconds). 
calculate log likelihood 
convergence.check is 0.4384411 
Completing Iteration 2 (approx. per word bound = -38.917, relative change = 4.384e-01) 
........................................................................................................
Completed E-Step (6 seconds). 
Completed M-Step (0 seconds). 
calculate log likelihood 
convergence.check is 0.0007990208 
Model Terminated Before Convergence Reached 
27 models in net 
Beginning Random Initialization 
Initialization with Poisson NMF 
........................................................................................................
Completed E-Step (11 seconds). 
Completed M-Step (0 seconds). 
calculate log likelihood 
Completing Iteration 1 (approx. per word bound = -70.802) 
........................................................................................................
Completed E-Step (6 seconds). 
Completed M-Step (0 seconds). 
calculate log likelihood 
convergence.check is 0.3853432 
Completing Iteration 2 (approx. per word bound = -43.519, relative change = 3.853e-01) 
........................................................................................................
Completed E-Step (6 seconds). 
Completed M-Step (0 seconds). 
calculate log likelihood 
convergence.check is 0.1063171 
Model Terminated Before Convergence Reached 
28 models in net 
Beginning Random Initialization 
Initialization with Poisson NMF 
........................................................................................................
Completed E-Step (10 seconds). 
Completed M-Step (0 seconds). 
calculate log likelihood 
Completing Iteration 1 (approx. per word bound = -59.492) 
........................................................................................................
Completed E-Step (6 seconds). 
Completed M-Step (0 seconds). 
calculate log likelihood 
convergence.check is 0.3463005 
Completing Iteration 2 (approx. per word bound = -38.890, relative change = 3.463e-01) 
........................................................................................................
Completed E-Step (6 seconds). 
Completed M-Step (0 seconds). 
calculate log likelihood 
convergence.check is 2.289828e-05 
Model Terminated Before Convergence Reached 
29 models in net 
Beginning Random Initialization 
Initialization with Poisson NMF 
........................................................................................................
Completed E-Step (11 seconds). 
Completed M-Step (0 seconds). 
calculate log likelihood 
Completing Iteration 1 (approx. per word bound = -59.453) 
........................................................................................................
Completed E-Step (7 seconds). 
Completed M-Step (0 seconds). 
calculate log likelihood 
convergence.check is 0.3458663 
Completing Iteration 2 (approx. per word bound = -38.890, relative change = 3.459e-01) 
........................................................................................................
Completed E-Step (7 seconds). 
Completed M-Step (0 seconds). 
calculate log likelihood 
convergence.check is 1.893003e-05 
Model Terminated Before Convergence Reached 
30 models in net 
Beginning Random Initialization 
Initialization with Poisson NMF 
........................................................................................................
Completed E-Step (10 seconds). 
Completed M-Step (0 seconds). 
calculate log likelihood 
Completing Iteration 1 (approx. per word bound = -66.701) 
........................................................................................................
Completed E-Step (6 seconds). 
Completed M-Step (0 seconds). 
calculate log likelihood 
convergence.check is 0.3271262 
Completing Iteration 2 (approx. per word bound = -44.881, relative change = 3.271e-01) 
........................................................................................................
Completed E-Step (6 seconds). 
Completed M-Step (0 seconds). 
calculate log likelihood 
convergence.check is 0.1334447 
Model Terminated Before Convergence Reached 
31 models in net 
Beginning Random Initialization 
Initialization with Poisson NMF 
........................................................................................................
Completed E-Step (11 seconds). 
Completed M-Step (0 seconds). 
calculate log likelihood 
Completing Iteration 1 (approx. per word bound = -65.569) 
........................................................................................................
Completed E-Step (6 seconds). 
Completed M-Step (0 seconds). 
calculate log likelihood 
convergence.check is 0.4069253 
Completing Iteration 2 (approx. per word bound = -38.887, relative change = 4.069e-01) 
........................................................................................................
Completed E-Step (6 seconds). 
Completed M-Step (0 seconds). 
calculate log likelihood 
convergence.check is 2.01762e-05 
Model Terminated Before Convergence Reached 
32 models in net 
Beginning Random Initialization 
Initialization with Poisson NMF 
........................................................................................................
Completed E-Step (9 seconds). 
Completed M-Step (0 seconds). 
calculate log likelihood 
Completing Iteration 1 (approx. per word bound = -59.444) 
........................................................................................................
Completed E-Step (6 seconds). 
Completed M-Step (0 seconds). 
calculate log likelihood 
convergence.check is 0.3457576 
Completing Iteration 2 (approx. per word bound = -38.891, relative change = 3.458e-01) 
........................................................................................................
Completed E-Step (6 seconds). 
Completed M-Step (0 seconds). 
calculate log likelihood 
convergence.check is 9.435983e-05 
Model Terminated Before Convergence Reached 
33 models in net 
Beginning Random Initialization 
Initialization with Poisson NMF 
........................................................................................................
Completed E-Step (12 seconds). 
Completed M-Step (0 seconds). 
calculate log likelihood 
Completing Iteration 1 (approx. per word bound = -59.314) 
........................................................................................................
Completed E-Step (7 seconds). 
Completed M-Step (0 seconds). 
calculate log likelihood 
convergence.check is 0.3443987 
Completing Iteration 2 (approx. per word bound = -38.886, relative change = 3.444e-01) 
........................................................................................................
Completed E-Step (6 seconds). 
Completed M-Step (0 seconds). 
calculate log likelihood 
convergence.check is 5.138387e-05 
Model Terminated Before Convergence Reached 
34 models in net 
Beginning Random Initialization 
Initialization with Poisson NMF 
........................................................................................................
Completed E-Step (9 seconds). 
Completed M-Step (0 seconds). 
calculate log likelihood 
Completing Iteration 1 (approx. per word bound = -59.489) 
........................................................................................................
Completed E-Step (8 seconds). 
Completed M-Step (0 seconds). 
calculate log likelihood 
convergence.check is 0.3462979 
Completing Iteration 2 (approx. per word bound = -38.888, relative change = 3.463e-01) 
........................................................................................................
Completed E-Step (6 seconds). 
Completed M-Step (0 seconds). 
calculate log likelihood 
convergence.check is 4.919128e-05 
Model Terminated Before Convergence Reached 
35 models in net 
Beginning Random Initialization 
Initialization with Poisson NMF 
........................................................................................................
Completed E-Step (10 seconds). 
Completed M-Step (0 seconds). 
calculate log likelihood 
Completing Iteration 1 (approx. per word bound = -59.606) 
........................................................................................................
Completed E-Step (6 seconds). 
Completed M-Step (0 seconds). 
calculate log likelihood 
convergence.check is 0.3475454 
Completing Iteration 2 (approx. per word bound = -38.890, relative change = 3.475e-01) 
........................................................................................................
Completed E-Step (7 seconds). 
Completed M-Step (0 seconds). 
calculate log likelihood 
convergence.check is 1.865588e-05 
Model Terminated Before Convergence Reached 
36 models in net 
Beginning Random Initialization 
Initialization with Poisson NMF 
........................................................................................................
Completed E-Step (11 seconds). 
Completed M-Step (0 seconds). 
calculate log likelihood 
Completing Iteration 1 (approx. per word bound = -68.485) 
........................................................................................................
Completed E-Step (6 seconds). 
Completed M-Step (0 seconds). 
calculate log likelihood 
convergence.check is 0.4321624 
Completing Iteration 2 (approx. per word bound = -38.888, relative change = 4.322e-01) 
........................................................................................................
Completed E-Step (6 seconds). 
Completed M-Step (0 seconds). 
calculate log likelihood 
convergence.check is 2.83174e-05 
Model Terminated Before Convergence Reached 
37 models in net 
Beginning Random Initialization 
Initialization with Poisson NMF 
........................................................................................................
Completed E-Step (9 seconds). 
Completed M-Step (0 seconds). 
calculate log likelihood 
Completing Iteration 1 (approx. per word bound = -59.265) 
........................................................................................................
Completed E-Step (6 seconds). 
Completed M-Step (0 seconds). 
calculate log likelihood 
convergence.check is 0.3438135 
Completing Iteration 2 (approx. per word bound = -38.889, relative change = 3.438e-01) 
........................................................................................................
Completed E-Step (7 seconds). 
Completed M-Step (0 seconds). 
calculate log likelihood 
convergence.check is 2.499721e-05 
Model Terminated Before Convergence Reached 
38 models in net 
Beginning Random Initialization 
Initialization with Poisson NMF 
........................................................................................................
Completed E-Step (11 seconds). 
Completed M-Step (0 seconds). 
calculate log likelihood 
Completing Iteration 1 (approx. per word bound = -61.518) 
........................................................................................................
Completed E-Step (6 seconds). 
Completed M-Step (0 seconds). 
calculate log likelihood 
convergence.check is 0.3677266 
Completing Iteration 2 (approx. per word bound = -38.896, relative change = 3.677e-01) 
........................................................................................................
Completed E-Step (6 seconds). 
Completed M-Step (0 seconds). 
calculate log likelihood 
convergence.check is 9.295131e-05 
Model Terminated Before Convergence Reached 
39 models in net 
Beginning Random Initialization 
Initialization with Poisson NMF 
........................................................................................................
Completed E-Step (9 seconds). 
Completed M-Step (0 seconds). 
calculate log likelihood 
Completing Iteration 1 (approx. per word bound = -59.895) 
........................................................................................................
Completed E-Step (6 seconds). 
Completed M-Step (0 seconds). 
calculate log likelihood 
convergence.check is 0.3502787 
Completing Iteration 2 (approx. per word bound = -38.915, relative change = 3.503e-01) 
........................................................................................................
Completed E-Step (6 seconds). 
Completed M-Step (0 seconds). 
calculate log likelihood 
convergence.check is 0.0007196777 
Model Terminated Before Convergence Reached 
40 models in net 
Beginning Random Initialization 
Initialization with Poisson NMF 
........................................................................................................
Completed E-Step (11 seconds). 
Completed M-Step (0 seconds). 
calculate log likelihood 
Completing Iteration 1 (approx. per word bound = -59.434) 
........................................................................................................
Completed E-Step (6 seconds). 
Completed M-Step (0 seconds). 
calculate log likelihood 
convergence.check is 0.3456397 
Completing Iteration 2 (approx. per word bound = -38.892, relative change = 3.456e-01) 
........................................................................................................
Completed E-Step (6 seconds). 
Completed M-Step (0 seconds). 
calculate log likelihood 
convergence.check is 9.937809e-06 
Model Terminated Before Convergence Reached 
41 models in net 
Beginning Random Initialization 
Initialization with Poisson NMF 
........................................................................................................
Completed E-Step (9 seconds). 
Completed M-Step (0 seconds). 
calculate log likelihood 
Completing Iteration 1 (approx. per word bound = -61.905) 
........................................................................................................
Completed E-Step (6 seconds). 
Completed M-Step (0 seconds). 
calculate log likelihood 
convergence.check is 0.3714241 
Completing Iteration 2 (approx. per word bound = -38.912, relative change = 3.714e-01) 
........................................................................................................
Completed E-Step (6 seconds). 
Completed M-Step (0 seconds). 
calculate log likelihood 
convergence.check is 0.0005537134 
Model Terminated Before Convergence Reached 
Running select models 
1 select model run 
Initialization with topicScore. 
Initializing factors using Topic SCORE algorithm.
Initializing loadings by running 10 SCD updates.
........................................................................................................
Completed E-Step (5 seconds). 
Completed M-Step (0 seconds). 
calculate log likelihood 
Completing Iteration 1 (approx. per word bound = -48.861) 
........................................................................................................
Completed E-Step (6 seconds). 
Completed M-Step (0 seconds). 
calculate log likelihood 
convergence.check is 0.2065738 
Completing Iteration 2 (approx. per word bound = -38.768, relative change = 2.066e-01) 
........................................................................................................
Completed E-Step (6 seconds). 
Completed M-Step (0 seconds). 
calculate log likelihood 
convergence.check is 3.20013e-06 
Completing Iteration 3 (approx. per word bound = -38.767, relative change = 3.200e-06) 
........................................................................................................
Completed E-Step (6 seconds). 
Completed M-Step (0 seconds). 
calculate log likelihood 
convergence.check is 2.839999e-06 
Completing Iteration 4 (approx. per word bound = -38.767, relative change = 2.840e-06) 
........................................................................................................
Completed E-Step (6 seconds). 
Completed M-Step (0 seconds). 
calculate log likelihood 
convergence.check is 2.621978e-06 
Completing Iteration 5 (approx. per word bound = -38.767, relative change = 2.622e-06) 
Topic 1: Gene688, Gene586, Gene1991, Gene1385, Gene899 
 Topic 2: Gene1371, Gene900, Gene899, Gene318, Gene1385 
 Topic 3: Gene189, Gene1680, Gene922, Gene881, Gene900 
........................................................................................................
Completed E-Step (6 seconds). 
Completed M-Step (0 seconds). 
calculate log likelihood 
convergence.check is 2.439853e-06 
Completing Iteration 6 (approx. per word bound = -38.767, relative change = 2.440e-06) 
........................................................................................................
Completed E-Step (5 seconds). 
Completed M-Step (0 seconds). 
calculate log likelihood 
convergence.check is 2.255695e-06 
Completing Iteration 7 (approx. per word bound = -38.767, relative change = 2.256e-06) 
........................................................................................................
Completed E-Step (5 seconds). 
Completed M-Step (0 seconds). 
calculate log likelihood 
convergence.check is 2.128051e-06 
Completing Iteration 8 (approx. per word bound = -38.767, relative change = 2.128e-06) 
........................................................................................................
Completed E-Step (5 seconds). 
Completed M-Step (0 seconds). 
calculate log likelihood 
convergence.check is 2.00121e-06 
Completing Iteration 9 (approx. per word bound = -38.767, relative change = 2.001e-06) 
........................................................................................................
Completed E-Step (5 seconds). 
Completed M-Step (0 seconds). 
calculate log likelihood 
convergence.check is 1.888053e-06 
Completing Iteration 10 (approx. per word bound = -38.767, relative change = 1.888e-06) 
Topic 1: Gene688, Gene586, Gene1991, Gene1385, Gene899 
 Topic 2: Gene1371, Gene900, Gene899, Gene318, Gene1385 
 Topic 3: Gene189, Gene1680, Gene922, Gene881, Gene900 
........................................................................................................
Completed E-Step (5 seconds). 
Completed M-Step (0 seconds). 
calculate log likelihood 
convergence.check is 1.788213e-06 
Completing Iteration 11 (approx. per word bound = -38.767, relative change = 1.788e-06) 
........................................................................................................
Completed E-Step (5 seconds). 
Completed M-Step (0 seconds). 
calculate log likelihood 
convergence.check is 1.696237e-06 
Completing Iteration 12 (approx. per word bound = -38.767, relative change = 1.696e-06) 
........................................................................................................
Completed E-Step (5 seconds). 
Completed M-Step (0 seconds). 
calculate log likelihood 
convergence.check is 1.615396e-06 
Completing Iteration 13 (approx. per word bound = -38.767, relative change = 1.615e-06) 
........................................................................................................
Completed E-Step (5 seconds). 
Completed M-Step (0 seconds). 
calculate log likelihood 
convergence.check is 1.540489e-06 
Completing Iteration 14 (approx. per word bound = -38.767, relative change = 1.540e-06) 
........................................................................................................
Completed E-Step (5 seconds). 
Completed M-Step (0 seconds). 
calculate log likelihood 
convergence.check is 1.471431e-06 
Completing Iteration 15 (approx. per word bound = -38.766, relative change = 1.471e-06) 
Topic 1: Gene688, Gene586, Gene1991, Gene1385, Gene899 
 Topic 2: Gene1371, Gene900, Gene899, Gene318, Gene1385 
 Topic 3: Gene189, Gene1680, Gene922, Gene881, Gene900 
........................................................................................................
Completed E-Step (5 seconds). 
Completed M-Step (0 seconds). 
calculate log likelihood 
convergence.check is 1.408917e-06 
Completing Iteration 16 (approx. per word bound = -38.766, relative change = 1.409e-06) 
........................................................................................................
Completed E-Step (5 seconds). 
Completed M-Step (0 seconds). 
calculate log likelihood 
convergence.check is 1.299265e-06 
Completing Iteration 17 (approx. per word bound = -38.766, relative change = 1.299e-06) 
........................................................................................................
Completed E-Step (5 seconds). 
Completed M-Step (0 seconds). 
calculate log likelihood 
convergence.check is 1.321818e-06 
Completing Iteration 18 (approx. per word bound = -38.766, relative change = 1.322e-06) 
........................................................................................................
Completed E-Step (5 seconds). 
Completed M-Step (0 seconds). 
calculate log likelihood 
convergence.check is 1.270876e-06 
Completing Iteration 19 (approx. per word bound = -38.766, relative change = 1.271e-06) 
........................................................................................................
Completed E-Step (5 seconds). 
Completed M-Step (0 seconds). 
calculate log likelihood 
convergence.check is 1.147823e-06 
Completing Iteration 20 (approx. per word bound = -38.766, relative change = 1.148e-06) 
Topic 1: Gene688, Gene586, Gene1991, Gene1385, Gene899 
 Topic 2: Gene1371, Gene900, Gene899, Gene318, Gene1385 
 Topic 3: Gene189, Gene922, Gene1680, Gene881, Gene900 
........................................................................................................
Completed E-Step (5 seconds). 
Completed M-Step (0 seconds). 
calculate log likelihood 
convergence.check is 1.182832e-06 
Completing Iteration 21 (approx. per word bound = -38.766, relative change = 1.183e-06) 
........................................................................................................
Completed E-Step (5 seconds). 
Completed M-Step (0 seconds). 
calculate log likelihood 
convergence.check is 1.135929e-06 
Completing Iteration 22 (approx. per word bound = -38.766, relative change = 1.136e-06) 
........................................................................................................
Completed E-Step (5 seconds). 
Completed M-Step (0 seconds). 
calculate log likelihood 
convergence.check is 1.02442e-06 
Completing Iteration 23 (approx. per word bound = -38.766, relative change = 1.024e-06) 
........................................................................................................
Completed E-Step (5 seconds). 
Completed M-Step (0 seconds). 
calculate log likelihood 
convergence.check is 1.060594e-06 
Completing Iteration 24 (approx. per word bound = -38.766, relative change = 1.061e-06) 
........................................................................................................
Completed E-Step (5 seconds). 
Completed M-Step (0 seconds). 
calculate log likelihood 
convergence.check is 1.023616e-06 
Completing Iteration 25 (approx. per word bound = -38.766, relative change = 1.024e-06) 
Topic 1: Gene688, Gene586, Gene1991, Gene1385, Gene899 
 Topic 2: Gene1371, Gene900, Gene899, Gene318, Gene1385 
 Topic 3: Gene189, Gene922, Gene1680, Gene881, Gene900 
........................................................................................................
Completed E-Step (5 seconds). 
Completed M-Step (0 seconds). 
calculate log likelihood 
convergence.check is 9.206185e-07 
Model Converged 
2 select model run 
Initialization with topicScore. 
Initializing factors using Topic SCORE algorithm.
Initializing loadings by running 10 SCD updates.
........................................................................................................
Completed E-Step (3 seconds). 
Completed M-Step (0 seconds). 
calculate log likelihood 
Completing Iteration 1 (approx. per word bound = -49.334) 
........................................................................................................
Completed E-Step (5 seconds). 
Completed M-Step (0 seconds). 
calculate log likelihood 
convergence.check is 0.2141572 
Completing Iteration 2 (approx. per word bound = -38.769, relative change = 2.142e-01) 
........................................................................................................
Completed E-Step (5 seconds). 
Completed M-Step (0 seconds). 
calculate log likelihood 
convergence.check is 2.832857e-06 
Completing Iteration 3 (approx. per word bound = -38.768, relative change = 2.833e-06) 
........................................................................................................
Completed E-Step (5 seconds). 
Completed M-Step (0 seconds). 
calculate log likelihood 
convergence.check is 2.528588e-06 
Completing Iteration 4 (approx. per word bound = -38.768, relative change = 2.529e-06) 
........................................................................................................
Completed E-Step (5 seconds). 
Completed M-Step (0 seconds). 
calculate log likelihood 
convergence.check is 2.380532e-06 
Completing Iteration 5 (approx. per word bound = -38.768, relative change = 2.381e-06) 
Topic 1: Gene688, Gene586, Gene1991, Gene1385, Gene899 
 Topic 2: Gene1371, Gene900, Gene899, Gene318, Gene1385 
 Topic 3: Gene189, Gene1680, Gene922, Gene881, Gene900 
........................................................................................................
Completed E-Step (4 seconds). 
Completed M-Step (0 seconds). 
calculate log likelihood 
convergence.check is 2.243872e-06 
Completing Iteration 6 (approx. per word bound = -38.768, relative change = 2.244e-06) 
........................................................................................................
Completed E-Step (5 seconds). 
Completed M-Step (0 seconds). 
calculate log likelihood 
convergence.check is 2.12907e-06 
Completing Iteration 7 (approx. per word bound = -38.768, relative change = 2.129e-06) 
........................................................................................................
Completed E-Step (5 seconds). 
Completed M-Step (0 seconds). 
calculate log likelihood 
convergence.check is 2.026016e-06 
Completing Iteration 8 (approx. per word bound = -38.768, relative change = 2.026e-06) 
........................................................................................................
Completed E-Step (5 seconds). 
Completed M-Step (0 seconds). 
calculate log likelihood 
convergence.check is 1.936451e-06 
Completing Iteration 9 (approx. per word bound = -38.768, relative change = 1.936e-06) 
........................................................................................................
Completed E-Step (5 seconds). 
Completed M-Step (0 seconds). 
calculate log likelihood 
convergence.check is 1.853616e-06 
Completing Iteration 10 (approx. per word bound = -38.768, relative change = 1.854e-06) 
Topic 1: Gene688, Gene586, Gene1991, Gene1385, Gene899 
 Topic 2: Gene1371, Gene900, Gene899, Gene318, Gene1385 
 Topic 3: Gene189, Gene1680, Gene922, Gene881, Gene900 
........................................................................................................
Completed E-Step (5 seconds). 
Completed M-Step (0 seconds). 
calculate log likelihood 
convergence.check is 1.783474e-06 
Completing Iteration 11 (approx. per word bound = -38.768, relative change = 1.783e-06) 
........................................................................................................
Completed E-Step (5 seconds). 
Completed M-Step (0 seconds). 
calculate log likelihood 
convergence.check is 1.716389e-06 
Completing Iteration 12 (approx. per word bound = -38.768, relative change = 1.716e-06) 
........................................................................................................
Completed E-Step (5 seconds). 
Completed M-Step (0 seconds). 
calculate log likelihood 
convergence.check is 1.657098e-06 
Completing Iteration 13 (approx. per word bound = -38.768, relative change = 1.657e-06) 
........................................................................................................
Completed E-Step (5 seconds). 
Completed M-Step (0 seconds). 
calculate log likelihood 
convergence.check is 1.601684e-06 
Completing Iteration 14 (approx. per word bound = -38.768, relative change = 1.602e-06) 
........................................................................................................
Completed E-Step (5 seconds). 
Completed M-Step (0 seconds). 
calculate log likelihood 
convergence.check is 1.551073e-06 
Completing Iteration 15 (approx. per word bound = -38.768, relative change = 1.551e-06) 
Topic 1: Gene688, Gene586, Gene1991, Gene899, Gene1385 
 Topic 2: Gene1371, Gene900, Gene899, Gene318, Gene1385 
 Topic 3: Gene189, Gene1680, Gene922, Gene881, Gene900 
........................................................................................................
Completed E-Step (5 seconds). 
Completed M-Step (0 seconds). 
calculate log likelihood 
convergence.check is 1.505692e-06 
Completing Iteration 16 (approx. per word bound = -38.767, relative change = 1.506e-06) 
........................................................................................................
Completed E-Step (5 seconds). 
Completed M-Step (0 seconds). 
calculate log likelihood 
convergence.check is 1.462639e-06 
Completing Iteration 17 (approx. per word bound = -38.767, relative change = 1.463e-06) 
........................................................................................................
Completed E-Step (5 seconds). 
Completed M-Step (0 seconds). 
calculate log likelihood 
convergence.check is 1.372063e-06 
Completing Iteration 18 (approx. per word bound = -38.767, relative change = 1.372e-06) 
........................................................................................................
Completed E-Step (5 seconds). 
Completed M-Step (0 seconds). 
calculate log likelihood 
convergence.check is 1.435542e-06 
Completing Iteration 19 (approx. per word bound = -38.767, relative change = 1.436e-06) 
........................................................................................................
Completed E-Step (5 seconds). 
Completed M-Step (0 seconds). 
calculate log likelihood 
convergence.check is 1.30371e-06 
Completing Iteration 20 (approx. per word bound = -38.767, relative change = 1.304e-06) 
Topic 1: Gene688, Gene586, Gene1991, Gene899, Gene1385 
 Topic 2: Gene1371, Gene900, Gene899, Gene318, Gene1385 
 Topic 3: Gene189, Gene1680, Gene922, Gene881, Gene900 
........................................................................................................
Completed E-Step (5 seconds). 
Completed M-Step (0 seconds). 
calculate log likelihood 
convergence.check is 1.364177e-06 
Completing Iteration 21 (approx. per word bound = -38.767, relative change = 1.364e-06) 
........................................................................................................
Completed E-Step (5 seconds). 
Completed M-Step (0 seconds). 
calculate log likelihood 
convergence.check is 1.241688e-06 
Completing Iteration 22 (approx. per word bound = -38.767, relative change = 1.242e-06) 
........................................................................................................
Completed E-Step (5 seconds). 
Completed M-Step (0 seconds). 
calculate log likelihood 
convergence.check is 1.300128e-06 
Completing Iteration 23 (approx. per word bound = -38.767, relative change = 1.300e-06) 
........................................................................................................
Completed E-Step (5 seconds). 
Completed M-Step (0 seconds). 
calculate log likelihood 
convergence.check is 1.186149e-06 
Completing Iteration 24 (approx. per word bound = -38.767, relative change = 1.186e-06) 
........................................................................................................
Completed E-Step (5 seconds). 
Completed M-Step (0 seconds). 
calculate log likelihood 
convergence.check is 1.240665e-06 
Completing Iteration 25 (approx. per word bound = -38.767, relative change = 1.241e-06) 
Topic 1: Gene688, Gene586, Gene1991, Gene899, Gene1385 
 Topic 2: Gene1371, Gene900, Gene899, Gene318, Gene1385 
 Topic 3: Gene189, Gene1680, Gene922, Gene881, Gene900 
........................................................................................................
Completed E-Step (5 seconds). 
Completed M-Step (0 seconds). 
calculate log likelihood 
convergence.check is 1.174988e-06 
Completing Iteration 26 (approx. per word bound = -38.767, relative change = 1.175e-06) 
........................................................................................................
Completed E-Step (5 seconds). 
Completed M-Step (0 seconds). 
calculate log likelihood 
convergence.check is 1.147212e-06 
Completing Iteration 27 (approx. per word bound = -38.767, relative change = 1.147e-06) 
........................................................................................................
Completed E-Step (5 seconds). 
Completed M-Step (0 seconds). 
calculate log likelihood 
convergence.check is 1.125491e-06 
Completing Iteration 28 (approx. per word bound = -38.767, relative change = 1.125e-06) 
........................................................................................................
Completed E-Step (5 seconds). 
Completed M-Step (0 seconds). 
calculate log likelihood 
convergence.check is 1.099353e-06 
Completing Iteration 29 (approx. per word bound = -38.767, relative change = 1.099e-06) 
........................................................................................................
Completed E-Step (5 seconds). 
Completed M-Step (0 seconds). 
calculate log likelihood 
convergence.check is 1.079852e-06 
Completing Iteration 30 (approx. per word bound = -38.767, relative change = 1.080e-06) 
Topic 1: Gene688, Gene586, Gene1991, Gene899, Gene1385 
 Topic 2: Gene1371, Gene900, Gene899, Gene318, Gene1385 
 Topic 3: Gene189, Gene1680, Gene922, Gene881, Gene900 
........................................................................................................
Completed E-Step (5 seconds). 
Completed M-Step (0 seconds). 
calculate log likelihood 
convergence.check is 1.05509e-06 
Completing Iteration 31 (approx. per word bound = -38.767, relative change = 1.055e-06) 
........................................................................................................
Completed E-Step (5 seconds). 
Completed M-Step (0 seconds). 
calculate log likelihood 
convergence.check is 1.036166e-06 
Completing Iteration 32 (approx. per word bound = -38.767, relative change = 1.036e-06) 
........................................................................................................
Completed E-Step (5 seconds). 
Completed M-Step (0 seconds). 
calculate log likelihood 
convergence.check is 1.01424e-06 
Completing Iteration 33 (approx. per word bound = -38.767, relative change = 1.014e-06) 
........................................................................................................
Completed E-Step (5 seconds). 
Completed M-Step (0 seconds). 
calculate log likelihood 
convergence.check is 9.952884e-07 
Model Converged 
3 select model run 
Initialization with topicScore. 
Initializing factors using Topic SCORE algorithm.
Initializing loadings by running 10 SCD updates.
........................................................................................................
Completed E-Step (5 seconds). 
Completed M-Step (0 seconds). 
calculate log likelihood 
Completing Iteration 1 (approx. per word bound = -49.334) 
........................................................................................................
Completed E-Step (5 seconds). 
Completed M-Step (0 seconds). 
calculate log likelihood 
convergence.check is 0.2141572 
Completing Iteration 2 (approx. per word bound = -38.769, relative change = 2.142e-01) 
........................................................................................................
Completed E-Step (5 seconds). 
Completed M-Step (0 seconds). 
calculate log likelihood 
convergence.check is 2.832856e-06 
Completing Iteration 3 (approx. per word bound = -38.768, relative change = 2.833e-06) 
........................................................................................................
Completed E-Step (5 seconds). 
Completed M-Step (0 seconds). 
calculate log likelihood 
convergence.check is 2.528586e-06 
Completing Iteration 4 (approx. per word bound = -38.768, relative change = 2.529e-06) 
........................................................................................................
Completed E-Step (4 seconds). 
Completed M-Step (0 seconds). 
calculate log likelihood 
convergence.check is 2.380533e-06 
Completing Iteration 5 (approx. per word bound = -38.768, relative change = 2.381e-06) 
Topic 1: Gene688, Gene586, Gene1991, Gene1385, Gene899 
 Topic 2: Gene1371, Gene900, Gene899, Gene318, Gene1385 
 Topic 3: Gene189, Gene1680, Gene922, Gene881, Gene900 
........................................................................................................
Completed E-Step (4 seconds). 
Completed M-Step (0 seconds). 
calculate log likelihood 
convergence.check is 2.243872e-06 
Completing Iteration 6 (approx. per word bound = -38.768, relative change = 2.244e-06) 
........................................................................................................
Completed E-Step (4 seconds). 
Completed M-Step (0 seconds). 
calculate log likelihood 
convergence.check is 2.129071e-06 
Completing Iteration 7 (approx. per word bound = -38.768, relative change = 2.129e-06) 
........................................................................................................
Completed E-Step (4 seconds). 
Completed M-Step (0 seconds). 
calculate log likelihood 
convergence.check is 2.026019e-06 
Completing Iteration 8 (approx. per word bound = -38.768, relative change = 2.026e-06) 
........................................................................................................
Completed E-Step (4 seconds). 
Completed M-Step (0 seconds). 
calculate log likelihood 
convergence.check is 1.936446e-06 
Completing Iteration 9 (approx. per word bound = -38.768, relative change = 1.936e-06) 
........................................................................................................
Completed E-Step (4 seconds). 
Completed M-Step (0 seconds). 
calculate log likelihood 
convergence.check is 1.853617e-06 
Completing Iteration 10 (approx. per word bound = -38.768, relative change = 1.854e-06) 
Topic 1: Gene688, Gene586, Gene1991, Gene1385, Gene899 
 Topic 2: Gene1371, Gene900, Gene899, Gene318, Gene1385 
 Topic 3: Gene189, Gene1680, Gene922, Gene881, Gene900 
........................................................................................................
Completed E-Step (5 seconds). 
Completed M-Step (0 seconds). 
calculate log likelihood 
convergence.check is 1.783473e-06 
Completing Iteration 11 (approx. per word bound = -38.768, relative change = 1.783e-06) 
........................................................................................................
Completed E-Step (4 seconds). 
Completed M-Step (0 seconds). 
calculate log likelihood 
convergence.check is 1.71639e-06 
Completing Iteration 12 (approx. per word bound = -38.768, relative change = 1.716e-06) 
........................................................................................................
Completed E-Step (5 seconds). 
Completed M-Step (0 seconds). 
calculate log likelihood 
convergence.check is 1.657098e-06 
Completing Iteration 13 (approx. per word bound = -38.768, relative change = 1.657e-06) 
........................................................................................................
Completed E-Step (5 seconds). 
Completed M-Step (0 seconds). 
calculate log likelihood 
convergence.check is 1.601734e-06 
Completing Iteration 14 (approx. per word bound = -38.768, relative change = 1.602e-06) 
........................................................................................................
Completed E-Step (5 seconds). 
Completed M-Step (0 seconds). 
calculate log likelihood 
convergence.check is 1.550953e-06 
Completing Iteration 15 (approx. per word bound = -38.768, relative change = 1.551e-06) 
Topic 1: Gene688, Gene586, Gene1991, Gene899, Gene1385 
 Topic 2: Gene1371, Gene900, Gene899, Gene318, Gene1385 
 Topic 3: Gene189, Gene1680, Gene922, Gene881, Gene900 
........................................................................................................
Completed E-Step (4 seconds). 
Completed M-Step (0 seconds). 
calculate log likelihood 
convergence.check is 1.505687e-06 
Completing Iteration 16 (approx. per word bound = -38.767, relative change = 1.506e-06) 
........................................................................................................
Completed E-Step (5 seconds). 
Completed M-Step (0 seconds). 
calculate log likelihood 
convergence.check is 1.462567e-06 
Completing Iteration 17 (approx. per word bound = -38.767, relative change = 1.463e-06) 
........................................................................................................
Completed E-Step (5 seconds). 
Completed M-Step (0 seconds). 
calculate log likelihood 
convergence.check is 1.372107e-06 
Completing Iteration 18 (approx. per word bound = -38.767, relative change = 1.372e-06) 
........................................................................................................
Completed E-Step (5 seconds). 
Completed M-Step (0 seconds). 
calculate log likelihood 
convergence.check is 1.435562e-06 
Completing Iteration 19 (approx. per word bound = -38.767, relative change = 1.436e-06) 
........................................................................................................
Completed E-Step (5 seconds). 
Completed M-Step (0 seconds). 
calculate log likelihood 
convergence.check is 1.3037e-06 
Completing Iteration 20 (approx. per word bound = -38.767, relative change = 1.304e-06) 
Topic 1: Gene688, Gene586, Gene1991, Gene899, Gene1385 
 Topic 2: Gene1371, Gene900, Gene899, Gene318, Gene1385 
 Topic 3: Gene189, Gene1680, Gene922, Gene881, Gene900 
........................................................................................................
Completed E-Step (5 seconds). 
Completed M-Step (0 seconds). 
calculate log likelihood 
convergence.check is 1.3641e-06 
Completing Iteration 21 (approx. per word bound = -38.767, relative change = 1.364e-06) 
........................................................................................................
Completed E-Step (5 seconds). 
Completed M-Step (0 seconds). 
calculate log likelihood 
convergence.check is 1.241918e-06 
Completing Iteration 22 (approx. per word bound = -38.767, relative change = 1.242e-06) 
........................................................................................................
Completed E-Step (5 seconds). 
Completed M-Step (0 seconds). 
calculate log likelihood 
convergence.check is 1.300153e-06 
Completing Iteration 23 (approx. per word bound = -38.767, relative change = 1.300e-06) 
........................................................................................................
Completed E-Step (5 seconds). 
Completed M-Step (0 seconds). 
calculate log likelihood 
convergence.check is 1.186199e-06 
Completing Iteration 24 (approx. per word bound = -38.767, relative change = 1.186e-06) 
........................................................................................................
Completed E-Step (5 seconds). 
Completed M-Step (0 seconds). 
calculate log likelihood 
convergence.check is 1.24077e-06 
Completing Iteration 25 (approx. per word bound = -38.767, relative change = 1.241e-06) 
Topic 1: Gene688, Gene586, Gene1991, Gene899, Gene1385 
 Topic 2: Gene1371, Gene900, Gene899, Gene318, Gene1385 
 Topic 3: Gene189, Gene1680, Gene922, Gene881, Gene900 
........................................................................................................
Completed E-Step (5 seconds). 
Completed M-Step (0 seconds). 
calculate log likelihood 
convergence.check is 1.174884e-06 
Completing Iteration 26 (approx. per word bound = -38.767, relative change = 1.175e-06) 
........................................................................................................
Completed E-Step (5 seconds). 
Completed M-Step (0 seconds). 
calculate log likelihood 
convergence.check is 1.147337e-06 
Completing Iteration 27 (approx. per word bound = -38.767, relative change = 1.147e-06) 
........................................................................................................
Completed E-Step (5 seconds). 
Completed M-Step (0 seconds). 
calculate log likelihood 
convergence.check is 1.125279e-06 
Completing Iteration 28 (approx. per word bound = -38.767, relative change = 1.125e-06) 
........................................................................................................
Completed E-Step (5 seconds). 
Completed M-Step (0 seconds). 
calculate log likelihood 
convergence.check is 1.099405e-06 
Completing Iteration 29 (approx. per word bound = -38.767, relative change = 1.099e-06) 
........................................................................................................
Completed E-Step (5 seconds). 
Completed M-Step (0 seconds). 
calculate log likelihood 
convergence.check is 1.07944e-06 
Completing Iteration 30 (approx. per word bound = -38.767, relative change = 1.079e-06) 
Topic 1: Gene688, Gene586, Gene1991, Gene899, Gene1385 
 Topic 2: Gene1371, Gene900, Gene899, Gene318, Gene1385 
 Topic 3: Gene189, Gene1680, Gene922, Gene881, Gene900 
........................................................................................................
Completed E-Step (5 seconds). 
Completed M-Step (0 seconds). 
calculate log likelihood 
convergence.check is 1.055086e-06 
Completing Iteration 31 (approx. per word bound = -38.767, relative change = 1.055e-06) 
........................................................................................................
Completed E-Step (5 seconds). 
Completed M-Step (0 seconds). 
calculate log likelihood 
convergence.check is 1.036387e-06 
Completing Iteration 32 (approx. per word bound = -38.767, relative change = 1.036e-06) 
........................................................................................................
Completed E-Step (5 seconds). 
Completed M-Step (0 seconds). 
calculate log likelihood 
convergence.check is 1.013827e-06 
Completing Iteration 33 (approx. per word bound = -38.767, relative change = 1.014e-06) 
........................................................................................................
Completed E-Step (5 seconds). 
Completed M-Step (0 seconds). 
calculate log likelihood 
convergence.check is 9.952867e-07 
Model Converged 
4 select model run 
Initialization with topicScore. 
Initializing factors using Topic SCORE algorithm.
Initializing loadings by running 10 SCD updates.
........................................................................................................
Completed E-Step (3 seconds). 
Completed M-Step (0 seconds). 
calculate log likelihood 
Completing Iteration 1 (approx. per word bound = -49.334) 
........................................................................................................
Completed E-Step (5 seconds). 
Completed M-Step (0 seconds). 
calculate log likelihood 
convergence.check is 0.2141572 
Completing Iteration 2 (approx. per word bound = -38.769, relative change = 2.142e-01) 
........................................................................................................
Completed E-Step (5 seconds). 
Completed M-Step (0 seconds). 
calculate log likelihood 
convergence.check is 2.832854e-06 
Completing Iteration 3 (approx. per word bound = -38.768, relative change = 2.833e-06) 
........................................................................................................
Completed E-Step (5 seconds). 
Completed M-Step (0 seconds). 
calculate log likelihood 
convergence.check is 2.52859e-06 
Completing Iteration 4 (approx. per word bound = -38.768, relative change = 2.529e-06) 
........................................................................................................
Completed E-Step (5 seconds). 
Completed M-Step (0 seconds). 
calculate log likelihood 
convergence.check is 2.380528e-06 
Completing Iteration 5 (approx. per word bound = -38.768, relative change = 2.381e-06) 
Topic 1: Gene688, Gene586, Gene1991, Gene1385, Gene899 
 Topic 2: Gene1371, Gene900, Gene899, Gene318, Gene1385 
 Topic 3: Gene189, Gene1680, Gene922, Gene881, Gene900 
........................................................................................................
Completed E-Step (5 seconds). 
Completed M-Step (0 seconds). 
calculate log likelihood 
convergence.check is 2.243872e-06 
Completing Iteration 6 (approx. per word bound = -38.768, relative change = 2.244e-06) 
........................................................................................................
Completed E-Step (5 seconds). 
Completed M-Step (0 seconds). 
calculate log likelihood 
convergence.check is 2.129073e-06 
Completing Iteration 7 (approx. per word bound = -38.768, relative change = 2.129e-06) 
........................................................................................................
Completed E-Step (5 seconds). 
Completed M-Step (0 seconds). 
calculate log likelihood 
convergence.check is 2.02602e-06 
Completing Iteration 8 (approx. per word bound = -38.768, relative change = 2.026e-06) 
........................................................................................................
Completed E-Step (5 seconds). 
Completed M-Step (0 seconds). 
calculate log likelihood 
convergence.check is 1.936447e-06 
Completing Iteration 9 (approx. per word bound = -38.768, relative change = 1.936e-06) 
........................................................................................................
Completed E-Step (5 seconds). 
Completed M-Step (0 seconds). 
calculate log likelihood 
convergence.check is 1.853615e-06 
Completing Iteration 10 (approx. per word bound = -38.768, relative change = 1.854e-06) 
Topic 1: Gene688, Gene586, Gene1991, Gene1385, Gene899 
 Topic 2: Gene1371, Gene900, Gene899, Gene318, Gene1385 
 Topic 3: Gene189, Gene1680, Gene922, Gene881, Gene900 
........................................................................................................
Completed E-Step (5 seconds). 
Completed M-Step (0 seconds). 
calculate log likelihood 
convergence.check is 1.783475e-06 
Completing Iteration 11 (approx. per word bound = -38.768, relative change = 1.783e-06) 
........................................................................................................
Completed E-Step (5 seconds). 
Completed M-Step (0 seconds). 
calculate log likelihood 
convergence.check is 1.71639e-06 
Completing Iteration 12 (approx. per word bound = -38.768, relative change = 1.716e-06) 
........................................................................................................
Completed E-Step (5 seconds). 
Completed M-Step (0 seconds). 
calculate log likelihood 
convergence.check is 1.657097e-06 
Completing Iteration 13 (approx. per word bound = -38.768, relative change = 1.657e-06) 
........................................................................................................
Completed E-Step (5 seconds). 
Completed M-Step (0 seconds). 
calculate log likelihood 
convergence.check is 1.601732e-06 
Completing Iteration 14 (approx. per word bound = -38.768, relative change = 1.602e-06) 
........................................................................................................
Completed E-Step (5 seconds). 
Completed M-Step (0 seconds). 
calculate log likelihood 
convergence.check is 1.550954e-06 
Completing Iteration 15 (approx. per word bound = -38.768, relative change = 1.551e-06) 
Topic 1: Gene688, Gene586, Gene1991, Gene899, Gene1385 
 Topic 2: Gene1371, Gene900, Gene899, Gene318, Gene1385 
 Topic 3: Gene189, Gene1680, Gene922, Gene881, Gene900 
........................................................................................................
Completed E-Step (5 seconds). 
Completed M-Step (0 seconds). 
calculate log likelihood 
convergence.check is 1.505688e-06 
Completing Iteration 16 (approx. per word bound = -38.767, relative change = 1.506e-06) 
........................................................................................................
Completed E-Step (5 seconds). 
Completed M-Step (0 seconds). 
calculate log likelihood 
convergence.check is 1.462548e-06 
Completing Iteration 17 (approx. per word bound = -38.767, relative change = 1.463e-06) 
........................................................................................................
Completed E-Step (5 seconds). 
Completed M-Step (0 seconds). 
calculate log likelihood 
convergence.check is 1.372094e-06 
Completing Iteration 18 (approx. per word bound = -38.767, relative change = 1.372e-06) 
........................................................................................................
Completed E-Step (5 seconds). 
Completed M-Step (0 seconds). 
calculate log likelihood 
convergence.check is 1.435487e-06 
Completing Iteration 19 (approx. per word bound = -38.767, relative change = 1.435e-06) 
........................................................................................................
Completed E-Step (5 seconds). 
Completed M-Step (0 seconds). 
calculate log likelihood 
convergence.check is 1.303755e-06 
Completing Iteration 20 (approx. per word bound = -38.767, relative change = 1.304e-06) 
Topic 1: Gene688, Gene586, Gene1991, Gene899, Gene1385 
 Topic 2: Gene1371, Gene900, Gene899, Gene318, Gene1385 
 Topic 3: Gene189, Gene1680, Gene922, Gene881, Gene900 
........................................................................................................
Completed E-Step (5 seconds). 
Completed M-Step (0 seconds). 
calculate log likelihood 
convergence.check is 1.364106e-06 
Completing Iteration 21 (approx. per word bound = -38.767, relative change = 1.364e-06) 
........................................................................................................
Completed E-Step (5 seconds). 
Completed M-Step (0 seconds). 
calculate log likelihood 
convergence.check is 1.241884e-06 
Completing Iteration 22 (approx. per word bound = -38.767, relative change = 1.242e-06) 
........................................................................................................
Completed E-Step (5 seconds). 
Completed M-Step (0 seconds). 
calculate log likelihood 
convergence.check is 1.300182e-06 
Completing Iteration 23 (approx. per word bound = -38.767, relative change = 1.300e-06) 
........................................................................................................
Completed E-Step (5 seconds). 
Completed M-Step (0 seconds). 
calculate log likelihood 
convergence.check is 1.186117e-06 
Completing Iteration 24 (approx. per word bound = -38.767, relative change = 1.186e-06) 
........................................................................................................
Completed E-Step (5 seconds). 
Completed M-Step (0 seconds). 
calculate log likelihood 
convergence.check is 1.24066e-06 
Completing Iteration 25 (approx. per word bound = -38.767, relative change = 1.241e-06) 
Topic 1: Gene688, Gene586, Gene1991, Gene899, Gene1385 
 Topic 2: Gene1371, Gene900, Gene899, Gene318, Gene1385 
 Topic 3: Gene189, Gene1680, Gene922, Gene881, Gene900 
........................................................................................................
Completed E-Step (5 seconds). 
Completed M-Step (0 seconds). 
calculate log likelihood 
convergence.check is 1.17485e-06 
Completing Iteration 26 (approx. per word bound = -38.767, relative change = 1.175e-06) 
........................................................................................................
Completed E-Step (5 seconds). 
Completed M-Step (0 seconds). 
calculate log likelihood 
convergence.check is 1.147245e-06 
Completing Iteration 27 (approx. per word bound = -38.767, relative change = 1.147e-06) 
........................................................................................................
Completed E-Step (5 seconds). 
Completed M-Step (0 seconds). 
calculate log likelihood 
convergence.check is 1.125346e-06 
Completing Iteration 28 (approx. per word bound = -38.767, relative change = 1.125e-06) 
........................................................................................................
Completed E-Step (5 seconds). 
Completed M-Step (0 seconds). 
calculate log likelihood 
convergence.check is 1.099217e-06 
Completing Iteration 29 (approx. per word bound = -38.767, relative change = 1.099e-06) 
........................................................................................................
Completed E-Step (5 seconds). 
Completed M-Step (0 seconds). 
calculate log likelihood 
convergence.check is 1.08001e-06 
Completing Iteration 30 (approx. per word bound = -38.767, relative change = 1.080e-06) 
Topic 1: Gene688, Gene586, Gene1991, Gene899, Gene1385 
 Topic 2: Gene1371, Gene900, Gene899, Gene318, Gene1385 
 Topic 3: Gene189, Gene1680, Gene922, Gene881, Gene900 
........................................................................................................
Completed E-Step (5 seconds). 
Completed M-Step (0 seconds). 
calculate log likelihood 
convergence.check is 1.055025e-06 
Completing Iteration 31 (approx. per word bound = -38.767, relative change = 1.055e-06) 
........................................................................................................
Completed E-Step (5 seconds). 
Completed M-Step (0 seconds). 
calculate log likelihood 
convergence.check is 1.036315e-06 
Completing Iteration 32 (approx. per word bound = -38.767, relative change = 1.036e-06) 
........................................................................................................
Completed E-Step (5 seconds). 
Completed M-Step (0 seconds). 
calculate log likelihood 
convergence.check is 1.013544e-06 
Completing Iteration 33 (approx. per word bound = -38.767, relative change = 1.014e-06) 
........................................................................................................
Completed E-Step (5 seconds). 
Completed M-Step (0 seconds). 
calculate log likelihood 
convergence.check is 9.956953e-07 
Model Converged 
5 select model run 
Initialization with topicScore. 
Initializing factors using Topic SCORE algorithm.
Initializing loadings by running 10 SCD updates.
........................................................................................................
Completed E-Step (4 seconds). 
Completed M-Step (0 seconds). 
calculate log likelihood 
Completing Iteration 1 (approx. per word bound = -48.823) 
........................................................................................................
Completed E-Step (7 seconds). 
Completed M-Step (0 seconds). 
calculate log likelihood 
convergence.check is 0.20594 
Completing Iteration 2 (approx. per word bound = -38.769, relative change = 2.059e-01) 
........................................................................................................
Completed E-Step (7 seconds). 
Completed M-Step (0 seconds). 
calculate log likelihood 
convergence.check is 2.579411e-06 
Completing Iteration 3 (approx. per word bound = -38.768, relative change = 2.579e-06) 
........................................................................................................
Completed E-Step (7 seconds). 
Completed M-Step (0 seconds). 
calculate log likelihood 
convergence.check is 2.359238e-06 
Completing Iteration 4 (approx. per word bound = -38.768, relative change = 2.359e-06) 
........................................................................................................
Completed E-Step (7 seconds). 
Completed M-Step (0 seconds). 
calculate log likelihood 
convergence.check is 2.18424e-06 
Completing Iteration 5 (approx. per word bound = -38.768, relative change = 2.184e-06) 
Topic 1: Gene688, Gene586, Gene1991, Gene1385, Gene899 
 Topic 2: Gene1371, Gene900, Gene899, Gene318, Gene1385 
 Topic 3: Gene189, Gene1680, Gene922, Gene881, Gene1991 
........................................................................................................
Completed E-Step (6 seconds). 
Completed M-Step (0 seconds). 
calculate log likelihood 
convergence.check is 2.037426e-06 
Completing Iteration 6 (approx. per word bound = -38.768, relative change = 2.037e-06) 
........................................................................................................
Completed E-Step (6 seconds). 
Completed M-Step (0 seconds). 
calculate log likelihood 
convergence.check is 1.907138e-06 
Completing Iteration 7 (approx. per word bound = -38.768, relative change = 1.907e-06) 
........................................................................................................
Completed E-Step (6 seconds). 
Completed M-Step (0 seconds). 
calculate log likelihood 
convergence.check is 1.794096e-06 
Completing Iteration 8 (approx. per word bound = -38.768, relative change = 1.794e-06) 
........................................................................................................
Completed E-Step (6 seconds). 
Completed M-Step (0 seconds). 
calculate log likelihood 
convergence.check is 1.694675e-06 
Completing Iteration 9 (approx. per word bound = -38.768, relative change = 1.695e-06) 
........................................................................................................
Completed E-Step (6 seconds). 
Completed M-Step (0 seconds). 
calculate log likelihood 
convergence.check is 1.608062e-06 
Completing Iteration 10 (approx. per word bound = -38.768, relative change = 1.608e-06) 
Topic 1: Gene688, Gene586, Gene1991, Gene1385, Gene899 
 Topic 2: Gene1371, Gene900, Gene899, Gene318, Gene1385 
 Topic 3: Gene189, Gene1680, Gene922, Gene881, Gene1991 
........................................................................................................
Completed E-Step (6 seconds). 
Completed M-Step (0 seconds). 
calculate log likelihood 
convergence.check is 1.529243e-06 
Completing Iteration 11 (approx. per word bound = -38.768, relative change = 1.529e-06) 
........................................................................................................
Completed E-Step (6 seconds). 
Completed M-Step (0 seconds). 
calculate log likelihood 
convergence.check is 1.46181e-06 
Completing Iteration 12 (approx. per word bound = -38.768, relative change = 1.462e-06) 
........................................................................................................
Completed E-Step (6 seconds). 
Completed M-Step (0 seconds). 
calculate log likelihood 
convergence.check is 1.40163e-06 
Completing Iteration 13 (approx. per word bound = -38.768, relative change = 1.402e-06) 
........................................................................................................
Completed E-Step (6 seconds). 
Completed M-Step (0 seconds). 
calculate log likelihood 
convergence.check is 1.348988e-06 
Completing Iteration 14 (approx. per word bound = -38.768, relative change = 1.349e-06) 
........................................................................................................
Completed E-Step (5 seconds). 
Completed M-Step (0 seconds). 
calculate log likelihood 
convergence.check is 1.301247e-06 
Completing Iteration 15 (approx. per word bound = -38.768, relative change = 1.301e-06) 
Topic 1: Gene688, Gene586, Gene1991, Gene1385, Gene899 
 Topic 2: Gene1371, Gene900, Gene899, Gene318, Gene1385 
 Topic 3: Gene189, Gene1680, Gene922, Gene881, Gene1991 
........................................................................................................
Completed E-Step (5 seconds). 
Completed M-Step (0 seconds). 
calculate log likelihood 
convergence.check is 1.258729e-06 
Completing Iteration 16 (approx. per word bound = -38.768, relative change = 1.259e-06) 
........................................................................................................
Completed E-Step (5 seconds). 
Completed M-Step (1 seconds). 
calculate log likelihood 
convergence.check is 1.221992e-06 
Completing Iteration 17 (approx. per word bound = -38.768, relative change = 1.222e-06) 
........................................................................................................
Completed E-Step (5 seconds). 
Completed M-Step (0 seconds). 
calculate log likelihood 
convergence.check is 1.186541e-06 
Completing Iteration 18 (approx. per word bound = -38.768, relative change = 1.187e-06) 
........................................................................................................
Completed E-Step (5 seconds). 
Completed M-Step (0 seconds). 
calculate log likelihood 
convergence.check is 1.156558e-06 
Completing Iteration 19 (approx. per word bound = -38.767, relative change = 1.157e-06) 
........................................................................................................
Completed E-Step (5 seconds). 
Completed M-Step (0 seconds). 
calculate log likelihood 
convergence.check is 1.13025e-06 
Completing Iteration 20 (approx. per word bound = -38.767, relative change = 1.130e-06) 
Topic 1: Gene688, Gene586, Gene1991, Gene1385, Gene899 
 Topic 2: Gene1371, Gene900, Gene899, Gene318, Gene1385 
 Topic 3: Gene189, Gene1680, Gene922, Gene881, Gene900 
........................................................................................................
Completed E-Step (5 seconds). 
Completed M-Step (0 seconds). 
calculate log likelihood 
convergence.check is 1.104563e-06 
Completing Iteration 21 (approx. per word bound = -38.767, relative change = 1.105e-06) 
........................................................................................................
Completed E-Step (5 seconds). 
Completed M-Step (0 seconds). 
calculate log likelihood 
convergence.check is 1.082064e-06 
Completing Iteration 22 (approx. per word bound = -38.767, relative change = 1.082e-06) 
........................................................................................................
Completed E-Step (5 seconds). 
Completed M-Step (0 seconds). 
calculate log likelihood 
convergence.check is 1.054265e-06 
Completing Iteration 23 (approx. per word bound = -38.767, relative change = 1.054e-06) 
........................................................................................................
Completed E-Step (5 seconds). 
Completed M-Step (0 seconds). 
calculate log likelihood 
convergence.check is 1.050875e-06 
Completing Iteration 24 (approx. per word bound = -38.767, relative change = 1.051e-06) 
........................................................................................................
Completed E-Step (5 seconds). 
Completed M-Step (0 seconds). 
calculate log likelihood 
convergence.check is 1.018526e-06 
Completing Iteration 25 (approx. per word bound = -38.767, relative change = 1.019e-06) 
Topic 1: Gene688, Gene586, Gene1991, Gene1385, Gene189 
 Topic 2: Gene1371, Gene900, Gene899, Gene318, Gene1385 
 Topic 3: Gene189, Gene1680, Gene922, Gene881, Gene900 
........................................................................................................
Completed E-Step (5 seconds). 
Completed M-Step (0 seconds). 
calculate log likelihood 
convergence.check is 1.008428e-06 
Completing Iteration 26 (approx. per word bound = -38.767, relative change = 1.008e-06) 
........................................................................................................
Completed E-Step (5 seconds). 
Completed M-Step (0 seconds). 
calculate log likelihood 
convergence.check is 1.005886e-06 
Completing Iteration 27 (approx. per word bound = -38.767, relative change = 1.006e-06) 
........................................................................................................
Completed E-Step (5 seconds). 
Completed M-Step (0 seconds). 
calculate log likelihood 
convergence.check is 9.765133e-07 
Model Converged 
