sims_1715984154_pos_L3_c5.rds 
Found 6 batches
Using null model in ComBat-seq.
Adjusting for 0 covariate(s) or covariate level(s)
Estimating dispersions
Fitting the GLM model
Shrinkage off - using GLM estimates for parameters
Adjusting the data
Batch Effect Removed 
        R/alignCorpus.R R/asSTMCorpus.R R/checkBeta.R R/cloud.R
value   ?               ?               ?             ?        
visible FALSE           FALSE           FALSE         FALSE    
        R/CompositionChange.R R/convertCorpus.R R/estimateEffect.R
value   ?                     ?                 ?                 
visible FALSE                 FALSE             FALSE             
        R/estimateMixedEffect.R R/exclusivity.R R/findThoughts.R R/findTopic.R
value   ?                       ?               ?                ?            
visible FALSE                   FALSE           FALSE            FALSE        
        R/fitNewDocuments.R R/heldout.R R/jeffreyskappa.R R/labelTopics.R
value   ?                   ?           ?                 ?              
visible FALSE               FALSE       FALSE             FALSE          
        R/makeDesignMatrix.R R/manyTopics.R R/multiSTM.R R/optimalK.R
value   ?                    ?              ?            ?           
visible FALSE                FALSE          FALSE        FALSE       
        R/permute.R R/plot.estimateEffect.R R/plot.fixedEffect.R
value   ?           ?                       ?                   
visible FALSE       FALSE                   FALSE               
        R/plot.searchK.R R/plot.STM.R R/plotModels.R R/plotQuote.R
value   ?                ?            ?              ?            
visible FALSE            FALSE        FALSE          FALSE        
        R/plotRemoved.R R/plottingutilfns.R R/plotTopicLoess.R
value   ?               ?                   ?                 
visible FALSE           FALSE               FALSE             
        R/prepDocuments.R R/prepsce.R R/produce_cmatrix.R R/RcppExports.R
value   ?                 ?           ?                   ?              
visible FALSE             FALSE       FALSE               FALSE          
        R/readCorpus.R R/residuals.R R/s.R R/sageLabels.R R/scSTM.R
value   ?              ?             ?     ?              ?        
visible FALSE          FALSE         FALSE FALSE          FALSE    
        R/selectModel.R R/semanticCoherence.R R/simBetas.R R/spectral.R
value   ?               ?                     ?            ?           
visible FALSE           FALSE                 FALSE        FALSE       
        R/stm-package.R R/stm.control.R R/STMbound.R R/STMconvergence.R
value   NULL            ?               ?            ?                 
visible TRUE            FALSE           FALSE        FALSE             
        R/STMestep.R R/STMfunctions.R R/STMinit.R R/STMinitLikelihood.R
value   ?            ?                ?           ?                    
visible FALSE        FALSE            FALSE       FALSE                
        R/STMlncpp.R R/STMmnreg.R R/STMmu.R R/STMoptbeta.R R/STMreport.R
value   ?            ?            ?         ?              ?            
visible FALSE        FALSE        FALSE     FALSE          FALSE        
        R/STMsigma.R R/STMsigs.R R/STMsubset.R R/summary.STM.R R/tau.R
value   ?            ?           ?             ?               ?      
visible FALSE        FALSE       FALSE         FALSE           FALSE  
        R/textProcessor.R R/thetaPosterior.R R/toLDAvis.R R/topicCorr.R
value   ?                 ?                  ?            ?            
visible FALSE             FALSE              FALSE        FALSE        
        R/topicLasso.R R/topicQuality.R R/writeLdac.R R/zzz.R
value   ?              ?                ?             ?      
visible FALSE          FALSE            FALSE         FALSE  
Casting net 
1 models in net 
Initialization with topicScore. 
Initializing factors using Topic SCORE algorithm.
Initializing loadings by running 10 SCD updates.
......................................................................................................
Completed E-Step (11 seconds). 
Completed M-Step (0 seconds). 
calculate log likelihood 
Completing Iteration 1 (approx. per word bound = -41.407) 
......................................................................................................
Completed E-Step (16 seconds). 
Completed M-Step (0 seconds). 
calculate log likelihood 
convergence.check is 7.544266e-05 
Completing Iteration 2 (approx. per word bound = -41.404, relative change = 7.544e-05) 
......................................................................................................
Completed E-Step (16 seconds). 
Completed M-Step (0 seconds). 
calculate log likelihood 
convergence.check is 3.222578e-05 
Model Terminated Before Convergence Reached 
2 models in net 
Initialization with topicScore. 
Initializing factors using Topic SCORE algorithm.
Initializing loadings by running 10 SCD updates.
......................................................................................................
Completed E-Step (7 seconds). 
Completed M-Step (0 seconds). 
calculate log likelihood 
Completing Iteration 1 (approx. per word bound = -41.406) 
......................................................................................................
Completed E-Step (17 seconds). 
Completed M-Step (0 seconds). 
calculate log likelihood 
convergence.check is 2.12288e-05 
Completing Iteration 2 (approx. per word bound = -41.405, relative change = 2.123e-05) 
......................................................................................................
Completed E-Step (17 seconds). 
Completed M-Step (0 seconds). 
calculate log likelihood 
convergence.check is 1.695442e-05 
Model Terminated Before Convergence Reached 
3 models in net 
Initialization with topicScore. 
Initializing factors using Topic SCORE algorithm.
Initializing loadings by running 10 SCD updates.
......................................................................................................
Completed E-Step (15 seconds). 
Completed M-Step (0 seconds). 
calculate log likelihood 
Completing Iteration 1 (approx. per word bound = -41.406) 
......................................................................................................
Completed E-Step (17 seconds). 
Completed M-Step (0 seconds). 
calculate log likelihood 
convergence.check is 4.157555e-05 
Completing Iteration 2 (approx. per word bound = -41.404, relative change = 4.158e-05) 
......................................................................................................
Completed E-Step (17 seconds). 
Completed M-Step (0 seconds). 
calculate log likelihood 
convergence.check is 1.847292e-05 
Model Terminated Before Convergence Reached 
4 models in net 
Initialization with topicScore. 
Initializing factors using Topic SCORE algorithm.
Initializing loadings by running 10 SCD updates.
......................................................................................................
Completed E-Step (13 seconds). 
Completed M-Step (0 seconds). 
calculate log likelihood 
Completing Iteration 1 (approx. per word bound = -41.437) 
......................................................................................................
Completed E-Step (17 seconds). 
Completed M-Step (0 seconds). 
calculate log likelihood 
convergence.check is 0.0002332369 
Completing Iteration 2 (approx. per word bound = -41.427, relative change = 2.332e-04) 
......................................................................................................
Completed E-Step (17 seconds). 
Completed M-Step (0 seconds). 
calculate log likelihood 
convergence.check is 0.00011425 
Model Terminated Before Convergence Reached 
5 models in net 
Initialization with topicScore. 
Initializing factors using Topic SCORE algorithm.
Initializing loadings by running 10 SCD updates.
......................................................................................................
Completed E-Step (17 seconds). 
Completed M-Step (0 seconds). 
calculate log likelihood 
Completing Iteration 1 (approx. per word bound = -41.409) 
......................................................................................................
Completed E-Step (18 seconds). 
Completed M-Step (0 seconds). 
calculate log likelihood 
convergence.check is 8.041716e-05 
Completing Iteration 2 (approx. per word bound = -41.406, relative change = 8.042e-05) 
......................................................................................................
Completed E-Step (18 seconds). 
Completed M-Step (0 seconds). 
calculate log likelihood 
convergence.check is 3.703227e-05 
Model Terminated Before Convergence Reached 
6 models in net 
Initialization with topicScore. 
Initializing factors using Topic SCORE algorithm.
Initializing loadings by running 10 SCD updates.
......................................................................................................
Completed E-Step (4 seconds). 
Completed M-Step (0 seconds). 
calculate log likelihood 
Completing Iteration 1 (approx. per word bound = -41.410) 
......................................................................................................
Completed E-Step (11 seconds). 
Completed M-Step (0 seconds). 
calculate log likelihood 
convergence.check is 2.166832e-05 
Completing Iteration 2 (approx. per word bound = -41.410, relative change = 2.167e-05) 
......................................................................................................
Completed E-Step (15 seconds). 
Completed M-Step (0 seconds). 
calculate log likelihood 
convergence.check is 1.716717e-05 
Model Terminated Before Convergence Reached 
7 models in net 
Initialization with topicScore. 
Initializing factors using Topic SCORE algorithm.
Initializing loadings by running 10 SCD updates.
......................................................................................................
Completed E-Step (9 seconds). 
Completed M-Step (0 seconds). 
calculate log likelihood 
Completing Iteration 1 (approx. per word bound = -41.410) 
......................................................................................................
Completed E-Step (16 seconds). 
Completed M-Step (0 seconds). 
calculate log likelihood 
convergence.check is 6.020734e-05 
Completing Iteration 2 (approx. per word bound = -41.407, relative change = 6.021e-05) 
......................................................................................................
Completed E-Step (16 seconds). 
Completed M-Step (0 seconds). 
calculate log likelihood 
convergence.check is 2.064689e-05 
Model Terminated Before Convergence Reached 
8 models in net 
Initialization with topicScore. 
Initializing factors using Topic SCORE algorithm.
Initializing loadings by running 10 SCD updates.
......................................................................................................
Completed E-Step (6 seconds). 
Completed M-Step (0 seconds). 
calculate log likelihood 
Completing Iteration 1 (approx. per word bound = -41.407) 
......................................................................................................
Completed E-Step (17 seconds). 
Completed M-Step (0 seconds). 
calculate log likelihood 
convergence.check is 2.251373e-05 
Completing Iteration 2 (approx. per word bound = -41.406, relative change = 2.251e-05) 
......................................................................................................
Completed E-Step (16 seconds). 
Completed M-Step (0 seconds). 
calculate log likelihood 
convergence.check is 1.789963e-05 
Model Terminated Before Convergence Reached 
9 models in net 
Initialization with topicScore. 
Initializing factors using Topic SCORE algorithm.
Initializing loadings by running 10 SCD updates.
......................................................................................................
Completed E-Step (8 seconds). 
Completed M-Step (0 seconds). 
calculate log likelihood 
Completing Iteration 1 (approx. per word bound = -41.407) 
......................................................................................................
Completed E-Step (16 seconds). 
Completed M-Step (0 seconds). 
calculate log likelihood 
convergence.check is 2.066184e-05 
Completing Iteration 2 (approx. per word bound = -41.406, relative change = 2.066e-05) 
......................................................................................................
Completed E-Step (16 seconds). 
Completed M-Step (0 seconds). 
calculate log likelihood 
convergence.check is 1.639738e-05 
Model Terminated Before Convergence Reached 
10 models in net 
Initialization with topicScore. 
Initializing factors using Topic SCORE algorithm.
Initializing loadings by running 10 SCD updates.
......................................................................................................
Completed E-Step (9 seconds). 
Completed M-Step (0 seconds). 
calculate log likelihood 
Completing Iteration 1 (approx. per word bound = -41.409) 
......................................................................................................
Completed E-Step (14 seconds). 
Completed M-Step (0 seconds). 
calculate log likelihood 
convergence.check is 6.135641e-05 
Completing Iteration 2 (approx. per word bound = -41.407, relative change = 6.136e-05) 
......................................................................................................
Completed E-Step (15 seconds). 
Completed M-Step (0 seconds). 
calculate log likelihood 
convergence.check is 3.149455e-05 
Model Terminated Before Convergence Reached 
11 models in net 
Beginning Spectral Initialization 
	 Calculating the gram matrix...
	 Finding anchor words...
 	.....
	 Recovering initialization...
 	......
Initialization complete.
......................................................................................................
Completed E-Step (25 seconds). 
Completed M-Step (0 seconds). 
calculate log likelihood 
Completing Iteration 1 (approx. per word bound = -41.476) 
......................................................................................................
Completed E-Step (14 seconds). 
Completed M-Step (0 seconds). 
calculate log likelihood 
convergence.check is 0.001337708 
Completing Iteration 2 (approx. per word bound = -41.421, relative change = 1.338e-03) 
......................................................................................................
Completed E-Step (13 seconds). 
Completed M-Step (0 seconds). 
calculate log likelihood 
convergence.check is 0.0005585029 
Model Terminated Before Convergence Reached 
12 models in net 
Beginning Random Initialization 
Initialization with Poisson NMF 
......................................................................................................
Completed E-Step (26 seconds). 
Completed M-Step (0 seconds). 
calculate log likelihood 
Completing Iteration 1 (approx. per word bound = -53.351) 
......................................................................................................
Completed E-Step (16 seconds). 
Completed M-Step (0 seconds). 
calculate log likelihood 
convergence.check is 0.2200164 
Completing Iteration 2 (approx. per word bound = -41.613, relative change = 2.200e-01) 
......................................................................................................
Completed E-Step (16 seconds). 
Completed M-Step (0 seconds). 
calculate log likelihood 
convergence.check is 0.0002901117 
Model Terminated Before Convergence Reached 
13 models in net 
Beginning Random Initialization 
Initialization with Poisson NMF 
......................................................................................................
Completed E-Step (28 seconds). 
Completed M-Step (0 seconds). 
calculate log likelihood 
Completing Iteration 1 (approx. per word bound = -53.818) 
......................................................................................................
Completed E-Step (18 seconds). 
Completed M-Step (0 seconds). 
calculate log likelihood 
convergence.check is 0.2267401 
Completing Iteration 2 (approx. per word bound = -41.615, relative change = 2.267e-01) 
......................................................................................................
Completed E-Step (14 seconds). 
Completed M-Step (0 seconds). 
calculate log likelihood 
convergence.check is 0.0003261114 
Model Terminated Before Convergence Reached 
14 models in net 
Beginning Random Initialization 
Initialization with Poisson NMF 
......................................................................................................
Completed E-Step (26 seconds). 
Completed M-Step (0 seconds). 
calculate log likelihood 
Completing Iteration 1 (approx. per word bound = -53.469) 
......................................................................................................
Completed E-Step (16 seconds). 
Completed M-Step (0 seconds). 
calculate log likelihood 
convergence.check is 0.2216559 
Completing Iteration 2 (approx. per word bound = -41.617, relative change = 2.217e-01) 
......................................................................................................
Completed E-Step (16 seconds). 
Completed M-Step (0 seconds). 
calculate log likelihood 
convergence.check is 0.0002824726 
Model Terminated Before Convergence Reached 
15 models in net 
Beginning Random Initialization 
Initialization with Poisson NMF 
......................................................................................................
Completed E-Step (26 seconds). 
Completed M-Step (0 seconds). 
calculate log likelihood 
Completing Iteration 1 (approx. per word bound = -54.087) 
......................................................................................................
Completed E-Step (16 seconds). 
Completed M-Step (0 seconds). 
calculate log likelihood 
convergence.check is 0.2306122 
Completing Iteration 2 (approx. per word bound = -41.614, relative change = 2.306e-01) 
......................................................................................................
Completed E-Step (16 seconds). 
Completed M-Step (0 seconds). 
calculate log likelihood 
convergence.check is 0.0001462255 
Model Terminated Before Convergence Reached 
16 models in net 
Beginning Random Initialization 
Initialization with Poisson NMF 
......................................................................................................
Completed E-Step (27 seconds). 
Completed M-Step (0 seconds). 
calculate log likelihood 
Completing Iteration 1 (approx. per word bound = -53.930) 
......................................................................................................
Completed E-Step (18 seconds). 
Completed M-Step (0 seconds). 
calculate log likelihood 
convergence.check is 0.228371 
Completing Iteration 2 (approx. per word bound = -41.614, relative change = 2.284e-01) 
......................................................................................................
Completed E-Step (17 seconds). 
Completed M-Step (0 seconds). 
calculate log likelihood 
convergence.check is 0.0002317394 
Model Terminated Before Convergence Reached 
17 models in net 
Beginning Random Initialization 
Initialization with Poisson NMF 
......................................................................................................
Completed E-Step (26 seconds). 
Completed M-Step (0 seconds). 
calculate log likelihood 
Completing Iteration 1 (approx. per word bound = -53.902) 
......................................................................................................
Completed E-Step (16 seconds). 
Completed M-Step (0 seconds). 
calculate log likelihood 
convergence.check is 0.2279805 
Completing Iteration 2 (approx. per word bound = -41.614, relative change = 2.280e-01) 
......................................................................................................
Completed E-Step (15 seconds). 
Completed M-Step (0 seconds). 
calculate log likelihood 
convergence.check is 0.0002242225 
Model Terminated Before Convergence Reached 
18 models in net 
Beginning Random Initialization 
Initialization with Poisson NMF 
......................................................................................................
Completed E-Step (28 seconds). 
Completed M-Step (0 seconds). 
calculate log likelihood 
Completing Iteration 1 (approx. per word bound = -53.306) 
......................................................................................................
Completed E-Step (16 seconds). 
Completed M-Step (0 seconds). 
calculate log likelihood 
convergence.check is 0.219354 
Completing Iteration 2 (approx. per word bound = -41.613, relative change = 2.194e-01) 
......................................................................................................
Completed E-Step (15 seconds). 
Completed M-Step (0 seconds). 
calculate log likelihood 
convergence.check is 0.0003576844 
Model Terminated Before Convergence Reached 
19 models in net 
Beginning Random Initialization 
Initialization with Poisson NMF 
......................................................................................................
Completed E-Step (29 seconds). 
Completed M-Step (0 seconds). 
calculate log likelihood 
Completing Iteration 1 (approx. per word bound = -53.803) 
......................................................................................................
Completed E-Step (16 seconds). 
Completed M-Step (0 seconds). 
calculate log likelihood 
convergence.check is 0.2266572 
Completing Iteration 2 (approx. per word bound = -41.608, relative change = 2.267e-01) 
......................................................................................................
Completed E-Step (15 seconds). 
Completed M-Step (0 seconds). 
calculate log likelihood 
convergence.check is 0.0002974485 
Model Terminated Before Convergence Reached 
20 models in net 
Beginning Random Initialization 
Initialization with Poisson NMF 
......................................................................................................
Completed E-Step (25 seconds). 
Completed M-Step (0 seconds). 
calculate log likelihood 
Completing Iteration 1 (approx. per word bound = -53.759) 
......................................................................................................
Completed E-Step (16 seconds). 
Completed M-Step (0 seconds). 
calculate log likelihood 
convergence.check is 0.2258734 
Completing Iteration 2 (approx. per word bound = -41.616, relative change = 2.259e-01) 
......................................................................................................
Completed E-Step (16 seconds). 
Completed M-Step (0 seconds). 
calculate log likelihood 
convergence.check is 0.0001591744 
Model Terminated Before Convergence Reached 
21 models in net 
Beginning Random Initialization 
Initialization with Poisson NMF 
......................................................................................................
Completed E-Step (28 seconds). 
Completed M-Step (0 seconds). 
calculate log likelihood 
Completing Iteration 1 (approx. per word bound = -53.665) 
......................................................................................................
Completed E-Step (15 seconds). 
Completed M-Step (0 seconds). 
calculate log likelihood 
convergence.check is 0.2245231 
Completing Iteration 2 (approx. per word bound = -41.616, relative change = 2.245e-01) 
......................................................................................................
Completed E-Step (15 seconds). 
Completed M-Step (0 seconds). 
calculate log likelihood 
convergence.check is 0.0002675796 
Model Terminated Before Convergence Reached 
Running select models 
1 select model run 
Beginning Spectral Initialization 
	 Calculating the gram matrix...
	 Finding anchor words...
 	.....
	 Recovering initialization...
 	......
Initialization complete.
......................................................................................................
Completed E-Step (26 seconds). 
Completed M-Step (0 seconds). 
calculate log likelihood 
Completing Iteration 1 (approx. per word bound = -41.476) 
......................................................................................................
Completed E-Step (15 seconds). 
Completed M-Step (0 seconds). 
calculate log likelihood 
convergence.check is 0.001337708 
Completing Iteration 2 (approx. per word bound = -41.421, relative change = 1.338e-03) 
......................................................................................................
Completed E-Step (12 seconds). 
Completed M-Step (0 seconds). 
calculate log likelihood 
convergence.check is 0.0005585029 
Completing Iteration 3 (approx. per word bound = -41.397, relative change = 5.585e-04) 
......................................................................................................
Completed E-Step (12 seconds). 
Completed M-Step (0 seconds). 
calculate log likelihood 
convergence.check is 0.0001965094 
Completing Iteration 4 (approx. per word bound = -41.389, relative change = 1.965e-04) 
......................................................................................................
Completed E-Step (12 seconds). 
Completed M-Step (0 seconds). 
calculate log likelihood 
convergence.check is 8.951217e-05 
Completing Iteration 5 (approx. per word bound = -41.386, relative change = 8.951e-05) 
Topic 1: Gene464, Gene1310, Gene1102, Gene1050, Gene1105 
 Topic 2: Gene1310, Gene1255, Gene1162, Gene464, Gene389 
 Topic 3: Gene96, Gene1162, Gene1310, Gene389, Gene464 
 Topic 4: Gene464, Gene1105, Gene1162, Gene1102, Gene300 
 Topic 5: Gene464, Gene1378, Gene1255, Gene1050, Gene1105 
......................................................................................................
Completed E-Step (11 seconds). 
Completed M-Step (0 seconds). 
calculate log likelihood 
convergence.check is 4.737003e-05 
Completing Iteration 6 (approx. per word bound = -41.384, relative change = 4.737e-05) 
......................................................................................................
Completed E-Step (11 seconds). 
Completed M-Step (0 seconds). 
calculate log likelihood 
convergence.check is 2.53695e-05 
Completing Iteration 7 (approx. per word bound = -41.383, relative change = 2.537e-05) 
......................................................................................................
Completed E-Step (11 seconds). 
Completed M-Step (0 seconds). 
calculate log likelihood 
convergence.check is 1.422856e-05 
Completing Iteration 8 (approx. per word bound = -41.382, relative change = 1.423e-05) 
......................................................................................................
Completed E-Step (11 seconds). 
Completed M-Step (0 seconds). 
calculate log likelihood 
convergence.check is 8.120848e-06 
Completing Iteration 9 (approx. per word bound = -41.382, relative change = 8.121e-06) 
......................................................................................................
Completed E-Step (11 seconds). 
Completed M-Step (0 seconds). 
calculate log likelihood 
convergence.check is 4.565021e-06 
Completing Iteration 10 (approx. per word bound = -41.382, relative change = 4.565e-06) 
Topic 1: Gene464, Gene1310, Gene1102, Gene1050, Gene1105 
 Topic 2: Gene1310, Gene1255, Gene464, Gene1162, Gene389 
 Topic 3: Gene1162, Gene96, Gene1310, Gene389, Gene464 
 Topic 4: Gene464, Gene1105, Gene1102, Gene1162, Gene300 
 Topic 5: Gene464, Gene1378, Gene1255, Gene1050, Gene1105 
......................................................................................................
Completed E-Step (11 seconds). 
Completed M-Step (0 seconds). 
calculate log likelihood 
convergence.check is 2.831601e-06 
Completing Iteration 11 (approx. per word bound = -41.381, relative change = 2.832e-06) 
......................................................................................................
Completed E-Step (10 seconds). 
Completed M-Step (0 seconds). 
calculate log likelihood 
convergence.check is 1.957052e-06 
Completing Iteration 12 (approx. per word bound = -41.381, relative change = 1.957e-06) 
......................................................................................................
Completed E-Step (10 seconds). 
Completed M-Step (0 seconds). 
calculate log likelihood 
convergence.check is 1.654769e-06 
Completing Iteration 13 (approx. per word bound = -41.381, relative change = 1.655e-06) 
......................................................................................................
Completed E-Step (10 seconds). 
Completed M-Step (0 seconds). 
calculate log likelihood 
convergence.check is 1.281501e-06 
Completing Iteration 14 (approx. per word bound = -41.381, relative change = 1.282e-06) 
......................................................................................................
Completed E-Step (9 seconds). 
Completed M-Step (0 seconds). 
calculate log likelihood 
convergence.check is 8.84317e-07 
Model Converged 
2 select model run 
Initialization with topicScore. 
Initializing factors using Topic SCORE algorithm.
Initializing loadings by running 10 SCD updates.
......................................................................................................
Completed E-Step (10 seconds). 
Completed M-Step (0 seconds). 
calculate log likelihood 
Completing Iteration 1 (approx. per word bound = -41.407) 
......................................................................................................
Completed E-Step (15 seconds). 
Completed M-Step (0 seconds). 
calculate log likelihood 
convergence.check is 7.544266e-05 
Completing Iteration 2 (approx. per word bound = -41.404, relative change = 7.544e-05) 
......................................................................................................
Completed E-Step (15 seconds). 
Completed M-Step (0 seconds). 
calculate log likelihood 
convergence.check is 3.222578e-05 
Completing Iteration 3 (approx. per word bound = -41.402, relative change = 3.223e-05) 
......................................................................................................
Completed E-Step (15 seconds). 
Completed M-Step (0 seconds). 
calculate log likelihood 
convergence.check is 2.323728e-05 
Completing Iteration 4 (approx. per word bound = -41.401, relative change = 2.324e-05) 
......................................................................................................
Completed E-Step (15 seconds). 
Completed M-Step (0 seconds). 
calculate log likelihood 
convergence.check is 1.804594e-05 
Completing Iteration 5 (approx. per word bound = -41.401, relative change = 1.805e-05) 
Topic 1: Gene1255, Gene1162, Gene1310, Gene389, Gene300 
 Topic 2: Gene1102, Gene1162, Gene1105, Gene311, Gene389 
 Topic 3: Gene96, Gene1162, Gene1310, Gene389, Gene419 
 Topic 4: Gene464, Gene1378, Gene1255, Gene1050, Gene891 
 Topic 5: Gene1310, Gene1102, Gene442, Gene1050, Gene1105 
......................................................................................................
Completed E-Step (15 seconds). 
Completed M-Step (0 seconds). 
calculate log likelihood 
convergence.check is 1.478635e-05 
Completing Iteration 6 (approx. per word bound = -41.400, relative change = 1.479e-05) 
......................................................................................................
Completed E-Step (15 seconds). 
Completed M-Step (0 seconds). 
calculate log likelihood 
convergence.check is 1.244311e-05 
Completing Iteration 7 (approx. per word bound = -41.399, relative change = 1.244e-05) 
......................................................................................................
Completed E-Step (15 seconds). 
Completed M-Step (0 seconds). 
calculate log likelihood 
convergence.check is 1.078482e-05 
Completing Iteration 8 (approx. per word bound = -41.399, relative change = 1.078e-05) 
......................................................................................................
Completed E-Step (15 seconds). 
Completed M-Step (0 seconds). 
calculate log likelihood 
convergence.check is 9.661961e-06 
Completing Iteration 9 (approx. per word bound = -41.399, relative change = 9.662e-06) 
......................................................................................................
Completed E-Step (15 seconds). 
Completed M-Step (0 seconds). 
calculate log likelihood 
convergence.check is 8.527538e-06 
Completing Iteration 10 (approx. per word bound = -41.398, relative change = 8.528e-06) 
Topic 1: Gene1255, Gene1162, Gene1310, Gene389, Gene300 
 Topic 2: Gene1102, Gene1162, Gene1105, Gene311, Gene389 
 Topic 3: Gene96, Gene1162, Gene1310, Gene389, Gene419 
 Topic 4: Gene464, Gene1378, Gene1255, Gene1050, Gene891 
 Topic 5: Gene1310, Gene1102, Gene442, Gene1050, Gene1105 
......................................................................................................
Completed E-Step (14 seconds). 
Completed M-Step (0 seconds). 
calculate log likelihood 
convergence.check is 7.76309e-06 
Completing Iteration 11 (approx. per word bound = -41.398, relative change = 7.763e-06) 
......................................................................................................
Completed E-Step (14 seconds). 
Completed M-Step (0 seconds). 
calculate log likelihood 
convergence.check is 7.092003e-06 
Completing Iteration 12 (approx. per word bound = -41.398, relative change = 7.092e-06) 
......................................................................................................
Completed E-Step (14 seconds). 
Completed M-Step (0 seconds). 
calculate log likelihood 
convergence.check is 6.513734e-06 
Completing Iteration 13 (approx. per word bound = -41.397, relative change = 6.514e-06) 
......................................................................................................
Completed E-Step (14 seconds). 
Completed M-Step (0 seconds). 
calculate log likelihood 
convergence.check is 6.075602e-06 
Completing Iteration 14 (approx. per word bound = -41.397, relative change = 6.076e-06) 
......................................................................................................
Completed E-Step (14 seconds). 
Completed M-Step (0 seconds). 
calculate log likelihood 
convergence.check is 5.69519e-06 
Completing Iteration 15 (approx. per word bound = -41.397, relative change = 5.695e-06) 
Topic 1: Gene1255, Gene1162, Gene1310, Gene389, Gene464 
 Topic 2: Gene1102, Gene1162, Gene1105, Gene311, Gene389 
 Topic 3: Gene96, Gene1162, Gene1310, Gene389, Gene419 
 Topic 4: Gene464, Gene1378, Gene1255, Gene1050, Gene891 
 Topic 5: Gene1310, Gene1102, Gene442, Gene1050, Gene1105 
......................................................................................................
Completed E-Step (13 seconds). 
Completed M-Step (0 seconds). 
calculate log likelihood 
convergence.check is 5.330245e-06 
Completing Iteration 16 (approx. per word bound = -41.397, relative change = 5.330e-06) 
......................................................................................................
Completed E-Step (13 seconds). 
Completed M-Step (0 seconds). 
calculate log likelihood 
convergence.check is 5.032329e-06 
Completing Iteration 17 (approx. per word bound = -41.396, relative change = 5.032e-06) 
......................................................................................................
Completed E-Step (13 seconds). 
Completed M-Step (0 seconds). 
calculate log likelihood 
convergence.check is 4.683557e-06 
Completing Iteration 18 (approx. per word bound = -41.396, relative change = 4.684e-06) 
......................................................................................................
Completed E-Step (13 seconds). 
Completed M-Step (0 seconds). 
calculate log likelihood 
convergence.check is 4.525369e-06 
Completing Iteration 19 (approx. per word bound = -41.396, relative change = 4.525e-06) 
......................................................................................................
Completed E-Step (13 seconds). 
Completed M-Step (0 seconds). 
calculate log likelihood 
convergence.check is 4.178756e-06 
Completing Iteration 20 (approx. per word bound = -41.396, relative change = 4.179e-06) 
Topic 1: Gene1255, Gene1162, Gene1310, Gene389, Gene464 
 Topic 2: Gene1102, Gene1162, Gene1105, Gene311, Gene389 
 Topic 3: Gene1162, Gene96, Gene1310, Gene389, Gene419 
 Topic 4: Gene464, Gene1378, Gene1255, Gene1050, Gene891 
 Topic 5: Gene1310, Gene1102, Gene442, Gene1050, Gene1105 
......................................................................................................
Completed E-Step (12 seconds). 
Completed M-Step (0 seconds). 
calculate log likelihood 
convergence.check is 2.5926e-06 
Completing Iteration 21 (approx. per word bound = -41.396, relative change = 2.593e-06) 
......................................................................................................
Completed E-Step (12 seconds). 
Completed M-Step (0 seconds). 
calculate log likelihood 
convergence.check is 3.132696e-06 
Completing Iteration 22 (approx. per word bound = -41.396, relative change = 3.133e-06) 
......................................................................................................
Completed E-Step (12 seconds). 
Completed M-Step (0 seconds). 
calculate log likelihood 
convergence.check is 3.689509e-06 
Completing Iteration 23 (approx. per word bound = -41.396, relative change = 3.690e-06) 
......................................................................................................
Completed E-Step (12 seconds). 
Completed M-Step (0 seconds). 
calculate log likelihood 
convergence.check is 2.872329e-06 
Completing Iteration 24 (approx. per word bound = -41.395, relative change = 2.872e-06) 
......................................................................................................
Completed E-Step (12 seconds). 
Completed M-Step (0 seconds). 
calculate log likelihood 
convergence.check is 3.485651e-06 
Completing Iteration 25 (approx. per word bound = -41.395, relative change = 3.486e-06) 
Topic 1: Gene1255, Gene1162, Gene1310, Gene389, Gene464 
 Topic 2: Gene1162, Gene1102, Gene1105, Gene311, Gene389 
 Topic 3: Gene1162, Gene96, Gene1310, Gene389, Gene419 
 Topic 4: Gene464, Gene1378, Gene1255, Gene1050, Gene891 
 Topic 5: Gene1310, Gene1102, Gene442, Gene1050, Gene1105 
......................................................................................................
Completed E-Step (12 seconds). 
Completed M-Step (0 seconds). 
calculate log likelihood 
convergence.check is 2.785118e-06 
Completing Iteration 26 (approx. per word bound = -41.395, relative change = 2.785e-06) 
......................................................................................................
Completed E-Step (12 seconds). 
Completed M-Step (0 seconds). 
calculate log likelihood 
convergence.check is 3.056645e-06 
Completing Iteration 27 (approx. per word bound = -41.395, relative change = 3.057e-06) 
......................................................................................................
Completed E-Step (12 seconds). 
Completed M-Step (0 seconds). 
calculate log likelihood 
convergence.check is 2.765906e-06 
Completing Iteration 28 (approx. per word bound = -41.395, relative change = 2.766e-06) 
......................................................................................................
Completed E-Step (11 seconds). 
Completed M-Step (0 seconds). 
calculate log likelihood 
convergence.check is 2.438443e-06 
Completing Iteration 29 (approx. per word bound = -41.395, relative change = 2.438e-06) 
......................................................................................................
Completed E-Step (11 seconds). 
Completed M-Step (0 seconds). 
calculate log likelihood 
convergence.check is 2.554026e-06 
Completing Iteration 30 (approx. per word bound = -41.395, relative change = 2.554e-06) 
Topic 1: Gene1255, Gene1162, Gene1310, Gene389, Gene464 
 Topic 2: Gene1162, Gene1102, Gene1105, Gene311, Gene389 
 Topic 3: Gene1162, Gene96, Gene1310, Gene389, Gene419 
 Topic 4: Gene464, Gene1378, Gene1255, Gene1050, Gene891 
 Topic 5: Gene1310, Gene1102, Gene442, Gene1050, Gene1105 
......................................................................................................
Completed E-Step (11 seconds). 
Completed M-Step (0 seconds). 
calculate log likelihood 
convergence.check is 2.387192e-06 
Completing Iteration 31 (approx. per word bound = -41.395, relative change = 2.387e-06) 
......................................................................................................
Completed E-Step (11 seconds). 
Completed M-Step (0 seconds). 
calculate log likelihood 
convergence.check is 2.025463e-06 
Completing Iteration 32 (approx. per word bound = -41.394, relative change = 2.025e-06) 
......................................................................................................
Completed E-Step (11 seconds). 
Completed M-Step (0 seconds). 
calculate log likelihood 
convergence.check is 2.434126e-06 
Completing Iteration 33 (approx. per word bound = -41.394, relative change = 2.434e-06) 
......................................................................................................
Completed E-Step (11 seconds). 
Completed M-Step (0 seconds). 
calculate log likelihood 
convergence.check is 2.086413e-06 
Completing Iteration 34 (approx. per word bound = -41.394, relative change = 2.086e-06) 
......................................................................................................
Completed E-Step (11 seconds). 
Completed M-Step (0 seconds). 
calculate log likelihood 
convergence.check is 2.097707e-06 
Completing Iteration 35 (approx. per word bound = -41.394, relative change = 2.098e-06) 
Topic 1: Gene1255, Gene1162, Gene1310, Gene464, Gene389 
 Topic 2: Gene1162, Gene1102, Gene1105, Gene311, Gene389 
 Topic 3: Gene1162, Gene96, Gene1310, Gene389, Gene419 
 Topic 4: Gene464, Gene1378, Gene1255, Gene1050, Gene891 
 Topic 5: Gene1310, Gene1102, Gene442, Gene1050, Gene1105 
......................................................................................................
Completed E-Step (11 seconds). 
Completed M-Step (0 seconds). 
calculate log likelihood 
convergence.check is 1.840323e-06 
Completing Iteration 36 (approx. per word bound = -41.394, relative change = 1.840e-06) 
......................................................................................................
Completed E-Step (11 seconds). 
Completed M-Step (0 seconds). 
calculate log likelihood 
convergence.check is 1.785762e-06 
Completing Iteration 37 (approx. per word bound = -41.394, relative change = 1.786e-06) 
......................................................................................................
Completed E-Step (10 seconds). 
Completed M-Step (0 seconds). 
calculate log likelihood 
convergence.check is 1.998572e-06 
Completing Iteration 38 (approx. per word bound = -41.394, relative change = 1.999e-06) 
......................................................................................................
Completed E-Step (10 seconds). 
Completed M-Step (0 seconds). 
calculate log likelihood 
convergence.check is 1.510823e-06 
Completing Iteration 39 (approx. per word bound = -41.394, relative change = 1.511e-06) 
......................................................................................................
Completed E-Step (10 seconds). 
Completed M-Step (0 seconds). 
calculate log likelihood 
convergence.check is 1.788084e-06 
Completing Iteration 40 (approx. per word bound = -41.394, relative change = 1.788e-06) 
Topic 1: Gene1255, Gene1162, Gene1310, Gene464, Gene389 
 Topic 2: Gene1162, Gene1102, Gene1105, Gene311, Gene389 
 Topic 3: Gene1162, Gene96, Gene1310, Gene389, Gene419 
 Topic 4: Gene464, Gene1378, Gene1255, Gene1050, Gene891 
 Topic 5: Gene1310, Gene1102, Gene442, Gene1050, Gene1105 
......................................................................................................
Completed E-Step (10 seconds). 
Completed M-Step (0 seconds). 
calculate log likelihood 
convergence.check is 1.729488e-06 
Completing Iteration 41 (approx. per word bound = -41.394, relative change = 1.729e-06) 
......................................................................................................
Completed E-Step (9 seconds). 
Completed M-Step (0 seconds). 
calculate log likelihood 
convergence.check is 1.65156e-06 
Completing Iteration 42 (approx. per word bound = -41.394, relative change = 1.652e-06) 
......................................................................................................
Completed E-Step (10 seconds). 
Completed M-Step (0 seconds). 
calculate log likelihood 
convergence.check is 1.426199e-06 
Completing Iteration 43 (approx. per word bound = -41.394, relative change = 1.426e-06) 
......................................................................................................
Completed E-Step (9 seconds). 
Completed M-Step (0 seconds). 
calculate log likelihood 
convergence.check is 1.576785e-06 
Completing Iteration 44 (approx. per word bound = -41.394, relative change = 1.577e-06) 
......................................................................................................
Completed E-Step (9 seconds). 
Completed M-Step (0 seconds). 
calculate log likelihood 
convergence.check is 1.532726e-06 
Completing Iteration 45 (approx. per word bound = -41.394, relative change = 1.533e-06) 
Topic 1: Gene1255, Gene1162, Gene1310, Gene464, Gene389 
 Topic 2: Gene1162, Gene1102, Gene1105, Gene311, Gene389 
 Topic 3: Gene1162, Gene96, Gene1310, Gene389, Gene419 
 Topic 4: Gene464, Gene1378, Gene1255, Gene1050, Gene891 
 Topic 5: Gene1310, Gene1102, Gene442, Gene1050, Gene464 
......................................................................................................
Completed E-Step (9 seconds). 
Completed M-Step (0 seconds). 
calculate log likelihood 
convergence.check is 2.121757e-06 
Completing Iteration 46 (approx. per word bound = -41.393, relative change = 2.122e-06) 
......................................................................................................
Completed E-Step (9 seconds). 
Completed M-Step (0 seconds). 
calculate log likelihood 
convergence.check is 1.223537e-06 
Completing Iteration 47 (approx. per word bound = -41.393, relative change = 1.224e-06) 
......................................................................................................
Completed E-Step (9 seconds). 
Completed M-Step (0 seconds). 
calculate log likelihood 
convergence.check is 1.661766e-06 
Completing Iteration 48 (approx. per word bound = -41.393, relative change = 1.662e-06) 
......................................................................................................
Completed E-Step (9 seconds). 
Completed M-Step (0 seconds). 
calculate log likelihood 
convergence.check is 2.175551e-06 
Completing Iteration 49 (approx. per word bound = -41.393, relative change = 2.176e-06) 
......................................................................................................
Completed E-Step (9 seconds). 
Completed M-Step (0 seconds). 
calculate log likelihood 
convergence.check is 1.309971e-06 
Completing Iteration 50 (approx. per word bound = -41.393, relative change = 1.310e-06) 
Topic 1: Gene1255, Gene1162, Gene1310, Gene464, Gene389 
 Topic 2: Gene1162, Gene1102, Gene1105, Gene311, Gene389 
 Topic 3: Gene1162, Gene96, Gene1310, Gene389, Gene419 
 Topic 4: Gene464, Gene1378, Gene1255, Gene1050, Gene891 
 Topic 5: Gene1310, Gene1102, Gene442, Gene1050, Gene464 
......................................................................................................
Completed E-Step (9 seconds). 
Completed M-Step (0 seconds). 
calculate log likelihood 
convergence.check is 2.077064e-06 
Completing Iteration 51 (approx. per word bound = -41.393, relative change = 2.077e-06) 
......................................................................................................
Completed E-Step (11 seconds). 
Completed M-Step (0 seconds). 
calculate log likelihood 
convergence.check is 1.667048e-06 
Completing Iteration 52 (approx. per word bound = -41.393, relative change = 1.667e-06) 
......................................................................................................
Completed E-Step (9 seconds). 
Completed M-Step (0 seconds). 
calculate log likelihood 
convergence.check is 1.607104e-06 
Completing Iteration 53 (approx. per word bound = -41.393, relative change = 1.607e-06) 
......................................................................................................
Completed E-Step (9 seconds). 
Completed M-Step (0 seconds). 
calculate log likelihood 
convergence.check is 1.822698e-06 
Completing Iteration 54 (approx. per word bound = -41.393, relative change = 1.823e-06) 
......................................................................................................
Completed E-Step (9 seconds). 
Completed M-Step (0 seconds). 
calculate log likelihood 
convergence.check is 1.894438e-06 
Completing Iteration 55 (approx. per word bound = -41.393, relative change = 1.894e-06) 
Topic 1: Gene1255, Gene1162, Gene1310, Gene464, Gene389 
 Topic 2: Gene1162, Gene1102, Gene311, Gene1105, Gene389 
 Topic 3: Gene1162, Gene96, Gene1310, Gene389, Gene419 
 Topic 4: Gene464, Gene1378, Gene1255, Gene1050, Gene891 
 Topic 5: Gene1310, Gene1102, Gene442, Gene1050, Gene464 
......................................................................................................
Completed E-Step (9 seconds). 
Completed M-Step (0 seconds). 
calculate log likelihood 
convergence.check is 1.234488e-06 
Completing Iteration 56 (approx. per word bound = -41.393, relative change = 1.234e-06) 
......................................................................................................
Completed E-Step (9 seconds). 
Completed M-Step (0 seconds). 
calculate log likelihood 
convergence.check is 1.701914e-06 
Completing Iteration 57 (approx. per word bound = -41.393, relative change = 1.702e-06) 
......................................................................................................
Completed E-Step (8 seconds). 
Completed M-Step (0 seconds). 
calculate log likelihood 
convergence.check is 1.302014e-06 
Completing Iteration 58 (approx. per word bound = -41.393, relative change = 1.302e-06) 
......................................................................................................
Completed E-Step (8 seconds). 
Completed M-Step (0 seconds). 
calculate log likelihood 
convergence.check is 1.171182e-06 
Completing Iteration 59 (approx. per word bound = -41.393, relative change = 1.171e-06) 
......................................................................................................
Completed E-Step (9 seconds). 
Completed M-Step (0 seconds). 
calculate log likelihood 
convergence.check is 1.366375e-06 
Completing Iteration 60 (approx. per word bound = -41.393, relative change = 1.366e-06) 
Topic 1: Gene1255, Gene1162, Gene1310, Gene464, Gene389 
 Topic 2: Gene1162, Gene1102, Gene311, Gene1105, Gene389 
 Topic 3: Gene1162, Gene96, Gene1310, Gene389, Gene419 
 Topic 4: Gene464, Gene1378, Gene1255, Gene1050, Gene891 
 Topic 5: Gene1310, Gene1102, Gene442, Gene1050, Gene464 
......................................................................................................
Completed E-Step (9 seconds). 
Completed M-Step (0 seconds). 
calculate log likelihood 
convergence.check is 1.025673e-06 
Completing Iteration 61 (approx. per word bound = -41.392, relative change = 1.026e-06) 
......................................................................................................
Completed E-Step (9 seconds). 
Completed M-Step (0 seconds). 
calculate log likelihood 
convergence.check is 1.217545e-06 
Completing Iteration 62 (approx. per word bound = -41.392, relative change = 1.218e-06) 
......................................................................................................
Completed E-Step (9 seconds). 
Completed M-Step (0 seconds). 
calculate log likelihood 
convergence.check is 9.149539e-07 
Model Converged 
3 select model run 
Initialization with topicScore. 
Initializing factors using Topic SCORE algorithm.
Initializing loadings by running 10 SCD updates.
......................................................................................................
Completed E-Step (14 seconds). 
Completed M-Step (0 seconds). 
calculate log likelihood 
Completing Iteration 1 (approx. per word bound = -41.406) 
......................................................................................................
Completed E-Step (18 seconds). 
Completed M-Step (0 seconds). 
calculate log likelihood 
convergence.check is 4.157555e-05 
Completing Iteration 2 (approx. per word bound = -41.404, relative change = 4.158e-05) 
......................................................................................................
Completed E-Step (17 seconds). 
Completed M-Step (0 seconds). 
calculate log likelihood 
convergence.check is 1.847292e-05 
Completing Iteration 3 (approx. per word bound = -41.403, relative change = 1.847e-05) 
......................................................................................................
Completed E-Step (17 seconds). 
Completed M-Step (0 seconds). 
calculate log likelihood 
convergence.check is 1.5297e-05 
Completing Iteration 4 (approx. per word bound = -41.403, relative change = 1.530e-05) 
......................................................................................................
Completed E-Step (16 seconds). 
Completed M-Step (0 seconds). 
calculate log likelihood 
convergence.check is 1.334772e-05 
Completing Iteration 5 (approx. per word bound = -41.402, relative change = 1.335e-05) 
Topic 1: Gene1102, Gene1162, Gene1105, Gene311, Gene300 
 Topic 2: Gene1310, Gene1102, Gene442, Gene1105, Gene1050 
 Topic 3: Gene1255, Gene1162, Gene1310, Gene300, Gene389 
 Topic 4: Gene1162, Gene96, Gene1310, Gene389, Gene311 
 Topic 5: Gene464, Gene1378, Gene1255, Gene1050, Gene891 
......................................................................................................
Completed E-Step (16 seconds). 
Completed M-Step (0 seconds). 
calculate log likelihood 
convergence.check is 1.201368e-05 
Completing Iteration 6 (approx. per word bound = -41.401, relative change = 1.201e-05) 
......................................................................................................
Completed E-Step (15 seconds). 
Completed M-Step (0 seconds). 
calculate log likelihood 
convergence.check is 1.082394e-05 
Completing Iteration 7 (approx. per word bound = -41.401, relative change = 1.082e-05) 
......................................................................................................
Completed E-Step (15 seconds). 
Completed M-Step (0 seconds). 
calculate log likelihood 
convergence.check is 9.906106e-06 
Completing Iteration 8 (approx. per word bound = -41.401, relative change = 9.906e-06) 
......................................................................................................
Completed E-Step (15 seconds). 
Completed M-Step (0 seconds). 
calculate log likelihood 
convergence.check is 9.027468e-06 
Completing Iteration 9 (approx. per word bound = -41.400, relative change = 9.027e-06) 
......................................................................................................
Completed E-Step (15 seconds). 
Completed M-Step (0 seconds). 
calculate log likelihood 
convergence.check is 8.363568e-06 
Completing Iteration 10 (approx. per word bound = -41.400, relative change = 8.364e-06) 
Topic 1: Gene1162, Gene1102, Gene1105, Gene311, Gene300 
 Topic 2: Gene1310, Gene1102, Gene442, Gene1105, Gene1050 
 Topic 3: Gene1255, Gene1162, Gene1310, Gene389, Gene300 
 Topic 4: Gene1162, Gene96, Gene1310, Gene389, Gene1102 
 Topic 5: Gene464, Gene1378, Gene1255, Gene1050, Gene891 
......................................................................................................
Completed E-Step (14 seconds). 
Completed M-Step (0 seconds). 
calculate log likelihood 
convergence.check is 7.791014e-06 
Completing Iteration 11 (approx. per word bound = -41.400, relative change = 7.791e-06) 
......................................................................................................
Completed E-Step (14 seconds). 
Completed M-Step (0 seconds). 
calculate log likelihood 
convergence.check is 7.296963e-06 
Completing Iteration 12 (approx. per word bound = -41.399, relative change = 7.297e-06) 
......................................................................................................
Completed E-Step (14 seconds). 
Completed M-Step (0 seconds). 
calculate log likelihood 
convergence.check is 6.816581e-06 
Completing Iteration 13 (approx. per word bound = -41.399, relative change = 6.817e-06) 
......................................................................................................
Completed E-Step (14 seconds). 
Completed M-Step (0 seconds). 
calculate log likelihood 
convergence.check is 6.395539e-06 
Completing Iteration 14 (approx. per word bound = -41.399, relative change = 6.396e-06) 
......................................................................................................
Completed E-Step (14 seconds). 
Completed M-Step (0 seconds). 
calculate log likelihood 
convergence.check is 6.085205e-06 
Completing Iteration 15 (approx. per word bound = -41.398, relative change = 6.085e-06) 
Topic 1: Gene1162, Gene1102, Gene1105, Gene311, Gene300 
 Topic 2: Gene1310, Gene1102, Gene442, Gene1105, Gene1050 
 Topic 3: Gene1255, Gene1162, Gene1310, Gene389, Gene464 
 Topic 4: Gene1162, Gene96, Gene1310, Gene389, Gene1102 
 Topic 5: Gene464, Gene1378, Gene1255, Gene1050, Gene891 
......................................................................................................
Completed E-Step (13 seconds). 
Completed M-Step (0 seconds). 
calculate log likelihood 
convergence.check is 5.772654e-06 
Completing Iteration 16 (approx. per word bound = -41.398, relative change = 5.773e-06) 
......................................................................................................
Completed E-Step (14 seconds). 
Completed M-Step (0 seconds). 
calculate log likelihood 
convergence.check is 5.502054e-06 
Completing Iteration 17 (approx. per word bound = -41.398, relative change = 5.502e-06) 
......................................................................................................
Completed E-Step (13 seconds). 
Completed M-Step (0 seconds). 
calculate log likelihood 
convergence.check is 5.266174e-06 
Completing Iteration 18 (approx. per word bound = -41.398, relative change = 5.266e-06) 
......................................................................................................
Completed E-Step (13 seconds). 
Completed M-Step (0 seconds). 
calculate log likelihood 
convergence.check is 5.066574e-06 
Completing Iteration 19 (approx. per word bound = -41.398, relative change = 5.067e-06) 
......................................................................................................
Completed E-Step (13 seconds). 
Completed M-Step (0 seconds). 
calculate log likelihood 
convergence.check is 4.834963e-06 
Completing Iteration 20 (approx. per word bound = -41.397, relative change = 4.835e-06) 
Topic 1: Gene1162, Gene1102, Gene1105, Gene311, Gene300 
 Topic 2: Gene1310, Gene1102, Gene442, Gene1105, Gene1050 
 Topic 3: Gene1255, Gene1162, Gene1310, Gene389, Gene464 
 Topic 4: Gene1162, Gene96, Gene1310, Gene389, Gene1102 
 Topic 5: Gene464, Gene1378, Gene1255, Gene1050, Gene891 
......................................................................................................
Completed E-Step (13 seconds). 
Completed M-Step (0 seconds). 
calculate log likelihood 
convergence.check is 4.651861e-06 
Completing Iteration 21 (approx. per word bound = -41.397, relative change = 4.652e-06) 
......................................................................................................
Completed E-Step (15 seconds). 
Completed M-Step (0 seconds). 
calculate log likelihood 
convergence.check is 4.439718e-06 
Completing Iteration 22 (approx. per word bound = -41.397, relative change = 4.440e-06) 
......................................................................................................
Completed E-Step (12 seconds). 
Completed M-Step (0 seconds). 
calculate log likelihood 
convergence.check is 4.348859e-06 
Completing Iteration 23 (approx. per word bound = -41.397, relative change = 4.349e-06) 
......................................................................................................
Completed E-Step (12 seconds). 
Completed M-Step (0 seconds). 
calculate log likelihood 
convergence.check is 4.115838e-06 
Completing Iteration 24 (approx. per word bound = -41.397, relative change = 4.116e-06) 
......................................................................................................
Completed E-Step (12 seconds). 
Completed M-Step (0 seconds). 
calculate log likelihood 
convergence.check is 3.971219e-06 
Completing Iteration 25 (approx. per word bound = -41.396, relative change = 3.971e-06) 
Topic 1: Gene1162, Gene1102, Gene1105, Gene311, Gene300 
 Topic 2: Gene1310, Gene1102, Gene442, Gene1105, Gene1050 
 Topic 3: Gene1255, Gene1162, Gene1310, Gene389, Gene464 
 Topic 4: Gene1162, Gene96, Gene1310, Gene389, Gene1102 
 Topic 5: Gene464, Gene1378, Gene1255, Gene1050, Gene891 
......................................................................................................
Completed E-Step (12 seconds). 
Completed M-Step (0 seconds). 
calculate log likelihood 
convergence.check is 3.779166e-06 
Completing Iteration 26 (approx. per word bound = -41.396, relative change = 3.779e-06) 
......................................................................................................
Completed E-Step (11 seconds). 
Completed M-Step (0 seconds). 
calculate log likelihood 
convergence.check is 3.667007e-06 
Completing Iteration 27 (approx. per word bound = -41.396, relative change = 3.667e-06) 
......................................................................................................
Completed E-Step (11 seconds). 
Completed M-Step (0 seconds). 
calculate log likelihood 
convergence.check is 3.500682e-06 
Completing Iteration 28 (approx. per word bound = -41.396, relative change = 3.501e-06) 
......................................................................................................
Completed E-Step (12 seconds). 
Completed M-Step (0 seconds). 
calculate log likelihood 
convergence.check is 3.372045e-06 
Completing Iteration 29 (approx. per word bound = -41.396, relative change = 3.372e-06) 
......................................................................................................
Completed E-Step (12 seconds). 
Completed M-Step (0 seconds). 
calculate log likelihood 
convergence.check is 3.228256e-06 
Completing Iteration 30 (approx. per word bound = -41.396, relative change = 3.228e-06) 
Topic 1: Gene1162, Gene1102, Gene1105, Gene311, Gene300 
 Topic 2: Gene1310, Gene1102, Gene442, Gene1105, Gene1050 
 Topic 3: Gene1255, Gene1162, Gene1310, Gene389, Gene464 
 Topic 4: Gene1162, Gene96, Gene1310, Gene389, Gene1102 
 Topic 5: Gene464, Gene1378, Gene1255, Gene1050, Gene891 
......................................................................................................
Completed E-Step (12 seconds). 
Completed M-Step (0 seconds). 
calculate log likelihood 
convergence.check is 3.116694e-06 
Completing Iteration 31 (approx. per word bound = -41.396, relative change = 3.117e-06) 
......................................................................................................
Completed E-Step (11 seconds). 
Completed M-Step (0 seconds). 
calculate log likelihood 
convergence.check is 3.186036e-06 
Completing Iteration 32 (approx. per word bound = -41.396, relative change = 3.186e-06) 
......................................................................................................
Completed E-Step (11 seconds). 
Completed M-Step (0 seconds). 
calculate log likelihood 
convergence.check is 5.427604e-06 
Completing Iteration 33 (approx. per word bound = -41.395, relative change = 5.428e-06) 
......................................................................................................
Completed E-Step (11 seconds). 
Completed M-Step (0 seconds). 
calculate log likelihood 
convergence.check is 2.811118e-06 
Completing Iteration 34 (approx. per word bound = -41.395, relative change = 2.811e-06) 
......................................................................................................
Completed E-Step (10 seconds). 
Completed M-Step (0 seconds). 
calculate log likelihood 
convergence.check is 2.620716e-06 
Completing Iteration 35 (approx. per word bound = -41.395, relative change = 2.621e-06) 
Topic 1: Gene1162, Gene1102, Gene1105, Gene311, Gene300 
 Topic 2: Gene1310, Gene1102, Gene442, Gene1105, Gene1050 
 Topic 3: Gene1162, Gene1255, Gene1310, Gene389, Gene464 
 Topic 4: Gene1162, Gene96, Gene1310, Gene389, Gene1102 
 Topic 5: Gene464, Gene1378, Gene1255, Gene1050, Gene891 
......................................................................................................
Completed E-Step (10 seconds). 
Completed M-Step (0 seconds). 
calculate log likelihood 
convergence.check is 2.550981e-06 
Completing Iteration 36 (approx. per word bound = -41.395, relative change = 2.551e-06) 
......................................................................................................
Completed E-Step (10 seconds). 
Completed M-Step (0 seconds). 
calculate log likelihood 
convergence.check is 2.637921e-06 
Completing Iteration 37 (approx. per word bound = -41.395, relative change = 2.638e-06) 
......................................................................................................
Completed E-Step (11 seconds). 
Completed M-Step (0 seconds). 
calculate log likelihood 
convergence.check is 2.350972e-06 
Completing Iteration 38 (approx. per word bound = -41.395, relative change = 2.351e-06) 
......................................................................................................
Completed E-Step (10 seconds). 
Completed M-Step (0 seconds). 
calculate log likelihood 
convergence.check is 2.190508e-06 
Completing Iteration 39 (approx. per word bound = -41.395, relative change = 2.191e-06) 
......................................................................................................
Completed E-Step (10 seconds). 
Completed M-Step (0 seconds). 
calculate log likelihood 
convergence.check is 2.165006e-06 
Completing Iteration 40 (approx. per word bound = -41.395, relative change = 2.165e-06) 
Topic 1: Gene1162, Gene1102, Gene1105, Gene311, Gene389 
 Topic 2: Gene1310, Gene1102, Gene442, Gene1105, Gene1050 
 Topic 3: Gene1162, Gene1255, Gene1310, Gene389, Gene464 
 Topic 4: Gene1162, Gene96, Gene1310, Gene389, Gene1102 
 Topic 5: Gene464, Gene1378, Gene1255, Gene1050, Gene891 
......................................................................................................
Completed E-Step (10 seconds). 
Completed M-Step (0 seconds). 
calculate log likelihood 
convergence.check is 2.010566e-06 
Completing Iteration 41 (approx. per word bound = -41.394, relative change = 2.011e-06) 
......................................................................................................
Completed E-Step (10 seconds). 
Completed M-Step (0 seconds). 
calculate log likelihood 
convergence.check is 2.249205e-06 
Completing Iteration 42 (approx. per word bound = -41.394, relative change = 2.249e-06) 
......................................................................................................
Completed E-Step (10 seconds). 
Completed M-Step (0 seconds). 
calculate log likelihood 
convergence.check is 1.786664e-06 
Completing Iteration 43 (approx. per word bound = -41.394, relative change = 1.787e-06) 
......................................................................................................
Completed E-Step (10 seconds). 
Completed M-Step (0 seconds). 
calculate log likelihood 
convergence.check is 1.858098e-06 
Completing Iteration 44 (approx. per word bound = -41.394, relative change = 1.858e-06) 
......................................................................................................
Completed E-Step (10 seconds). 
Completed M-Step (0 seconds). 
calculate log likelihood 
convergence.check is 1.730493e-06 
Completing Iteration 45 (approx. per word bound = -41.394, relative change = 1.730e-06) 
Topic 1: Gene1162, Gene1102, Gene1105, Gene311, Gene389 
 Topic 2: Gene1310, Gene1102, Gene442, Gene1105, Gene1050 
 Topic 3: Gene1162, Gene1255, Gene1310, Gene389, Gene464 
 Topic 4: Gene1162, Gene96, Gene1310, Gene389, Gene1102 
 Topic 5: Gene464, Gene1378, Gene1255, Gene1050, Gene891 
......................................................................................................
Completed E-Step (10 seconds). 
Completed M-Step (0 seconds). 
calculate log likelihood 
convergence.check is 1.806524e-06 
Completing Iteration 46 (approx. per word bound = -41.394, relative change = 1.807e-06) 
......................................................................................................
Completed E-Step (10 seconds). 
Completed M-Step (0 seconds). 
calculate log likelihood 
convergence.check is 1.615835e-06 
Completing Iteration 47 (approx. per word bound = -41.394, relative change = 1.616e-06) 
......................................................................................................
Completed E-Step (9 seconds). 
Completed M-Step (0 seconds). 
calculate log likelihood 
convergence.check is 1.59561e-06 
Completing Iteration 48 (approx. per word bound = -41.394, relative change = 1.596e-06) 
......................................................................................................
Completed E-Step (10 seconds). 
Completed M-Step (0 seconds). 
calculate log likelihood 
convergence.check is 1.636099e-06 
Completing Iteration 49 (approx. per word bound = -41.394, relative change = 1.636e-06) 
......................................................................................................
Completed E-Step (9 seconds). 
Completed M-Step (0 seconds). 
calculate log likelihood 
convergence.check is 1.508125e-06 
Completing Iteration 50 (approx. per word bound = -41.394, relative change = 1.508e-06) 
Topic 1: Gene1162, Gene1102, Gene1105, Gene311, Gene389 
 Topic 2: Gene1310, Gene1102, Gene442, Gene1105, Gene1050 
 Topic 3: Gene1162, Gene1255, Gene1310, Gene389, Gene464 
 Topic 4: Gene1162, Gene96, Gene1310, Gene389, Gene1102 
 Topic 5: Gene464, Gene1378, Gene1255, Gene1050, Gene891 
......................................................................................................
Completed E-Step (9 seconds). 
Completed M-Step (0 seconds). 
calculate log likelihood 
convergence.check is 1.523871e-06 
Completing Iteration 51 (approx. per word bound = -41.394, relative change = 1.524e-06) 
......................................................................................................
Completed E-Step (9 seconds). 
Completed M-Step (0 seconds). 
calculate log likelihood 
convergence.check is 1.43517e-06 
Completing Iteration 52 (approx. per word bound = -41.394, relative change = 1.435e-06) 
......................................................................................................
Completed E-Step (9 seconds). 
Completed M-Step (0 seconds). 
calculate log likelihood 
convergence.check is 1.58631e-06 
Completing Iteration 53 (approx. per word bound = -41.394, relative change = 1.586e-06) 
......................................................................................................
Completed E-Step (9 seconds). 
Completed M-Step (0 seconds). 
calculate log likelihood 
convergence.check is 1.512685e-06 
Completing Iteration 54 (approx. per word bound = -41.394, relative change = 1.513e-06) 
......................................................................................................
Completed E-Step (9 seconds). 
Completed M-Step (0 seconds). 
calculate log likelihood 
convergence.check is 1.565951e-06 
Completing Iteration 55 (approx. per word bound = -41.394, relative change = 1.566e-06) 
Topic 1: Gene1162, Gene1102, Gene1105, Gene311, Gene389 
 Topic 2: Gene1310, Gene1102, Gene442, Gene1105, Gene1050 
 Topic 3: Gene1255, Gene1162, Gene1310, Gene389, Gene464 
 Topic 4: Gene1162, Gene96, Gene1310, Gene389, Gene1102 
 Topic 5: Gene464, Gene1378, Gene1255, Gene1050, Gene891 
......................................................................................................
Completed E-Step (9 seconds). 
Completed M-Step (0 seconds). 
calculate log likelihood 
convergence.check is 1.46326e-06 
Completing Iteration 56 (approx. per word bound = -41.393, relative change = 1.463e-06) 
......................................................................................................
Completed E-Step (9 seconds). 
Completed M-Step (0 seconds). 
calculate log likelihood 
convergence.check is 1.480257e-06 
Completing Iteration 57 (approx. per word bound = -41.393, relative change = 1.480e-06) 
......................................................................................................
Completed E-Step (9 seconds). 
Completed M-Step (0 seconds). 
calculate log likelihood 
convergence.check is 1.317842e-06 
Completing Iteration 58 (approx. per word bound = -41.393, relative change = 1.318e-06) 
......................................................................................................
Completed E-Step (9 seconds). 
Completed M-Step (0 seconds). 
calculate log likelihood 
convergence.check is 1.308017e-06 
Completing Iteration 59 (approx. per word bound = -41.393, relative change = 1.308e-06) 
......................................................................................................
Completed E-Step (9 seconds). 
Completed M-Step (0 seconds). 
calculate log likelihood 
convergence.check is 1.240615e-06 
Completing Iteration 60 (approx. per word bound = -41.393, relative change = 1.241e-06) 
Topic 1: Gene1162, Gene1102, Gene1105, Gene311, Gene389 
 Topic 2: Gene1310, Gene1102, Gene442, Gene1105, Gene1050 
 Topic 3: Gene1255, Gene1162, Gene1310, Gene389, Gene464 
 Topic 4: Gene1162, Gene96, Gene1310, Gene389, Gene1102 
 Topic 5: Gene464, Gene1378, Gene1255, Gene1050, Gene891 
......................................................................................................
Completed E-Step (9 seconds). 
Completed M-Step (0 seconds). 
calculate log likelihood 
convergence.check is 1.180743e-06 
Completing Iteration 61 (approx. per word bound = -41.393, relative change = 1.181e-06) 
......................................................................................................
Completed E-Step (9 seconds). 
Completed M-Step (0 seconds). 
calculate log likelihood 
convergence.check is 1.100858e-06 
Completing Iteration 62 (approx. per word bound = -41.393, relative change = 1.101e-06) 
......................................................................................................
Completed E-Step (9 seconds). 
Completed M-Step (0 seconds). 
calculate log likelihood 
convergence.check is 1.077965e-06 
Completing Iteration 63 (approx. per word bound = -41.393, relative change = 1.078e-06) 
......................................................................................................
Completed E-Step (9 seconds). 
Completed M-Step (0 seconds). 
calculate log likelihood 
convergence.check is 1.039737e-06 
Completing Iteration 64 (approx. per word bound = -41.393, relative change = 1.040e-06) 
......................................................................................................
Completed E-Step (8 seconds). 
Completed M-Step (0 seconds). 
calculate log likelihood 
convergence.check is 1.007021e-06 
Completing Iteration 65 (approx. per word bound = -41.393, relative change = 1.007e-06) 
Topic 1: Gene1162, Gene1102, Gene1105, Gene311, Gene389 
 Topic 2: Gene1310, Gene1102, Gene442, Gene1105, Gene1050 
 Topic 3: Gene1255, Gene1162, Gene1310, Gene389, Gene464 
 Topic 4: Gene1162, Gene96, Gene1310, Gene389, Gene1102 
 Topic 5: Gene464, Gene1378, Gene1255, Gene1050, Gene891 
......................................................................................................
Completed E-Step (8 seconds). 
Completed M-Step (0 seconds). 
calculate log likelihood 
convergence.check is 8.937211e-07 
Model Converged 
